[2025-06-25T09:04:12.491+0000] {processor.py:161} INFO - Started process (PID=94) to work on /home/airflow/.local/lib/python3.8/site-packages/airflow/example_dags/example_datasets.py
[2025-06-25T09:04:12.493+0000] {processor.py:830} INFO - Processing file /home/airflow/.local/lib/python3.8/site-packages/airflow/example_dags/example_datasets.py for tasks to queue
[2025-06-25T09:04:12.496+0000] {logging_mixin.py:188} INFO - [2025-06-25T09:04:12.496+0000] {dagbag.py:538} INFO - Filling up the DagBag from /home/airflow/.local/lib/python3.8/site-packages/airflow/example_dags/example_datasets.py
[2025-06-25T09:04:12.522+0000] {processor.py:840} INFO - DAG(s) 'dataset_produces_2', 'dataset_consumes_1', 'dataset_consumes_1_never_scheduled', 'dataset_consumes_1_and_2', 'dataset_consumes_unknown_never_scheduled', 'dataset_produces_1' retrieved from /home/airflow/.local/lib/python3.8/site-packages/airflow/example_dags/example_datasets.py
[2025-06-25T09:04:12.611+0000] {logging_mixin.py:188} INFO - [2025-06-25T09:04:12.611+0000] {dag.py:3036} INFO - Sync 6 DAGs
[2025-06-25T09:04:12.657+0000] {logging_mixin.py:188} INFO - [2025-06-25T09:04:12.657+0000] {dag.py:3823} INFO - Setting next_dagrun for dataset_consumes_1 to None, run_after=None
[2025-06-25T09:04:12.668+0000] {logging_mixin.py:188} INFO - [2025-06-25T09:04:12.667+0000] {dag.py:3823} INFO - Setting next_dagrun for dataset_consumes_1_and_2 to None, run_after=None
[2025-06-25T09:04:12.672+0000] {logging_mixin.py:188} INFO - [2025-06-25T09:04:12.671+0000] {dag.py:3823} INFO - Setting next_dagrun for dataset_consumes_1_never_scheduled to None, run_after=None
[2025-06-25T09:04:12.677+0000] {logging_mixin.py:188} INFO - [2025-06-25T09:04:12.677+0000] {dag.py:3823} INFO - Setting next_dagrun for dataset_consumes_unknown_never_scheduled to None, run_after=None
[2025-06-25T09:04:12.685+0000] {logging_mixin.py:188} INFO - [2025-06-25T09:04:12.685+0000] {dag.py:3823} INFO - Setting next_dagrun for dataset_produces_1 to 2025-06-24 00:00:00+00:00, run_after=2025-06-25 00:00:00+00:00
[2025-06-25T09:04:12.699+0000] {logging_mixin.py:188} INFO - [2025-06-25T09:04:12.699+0000] {dag.py:3823} INFO - Setting next_dagrun for dataset_produces_2 to None, run_after=None
[2025-06-25T09:04:12.805+0000] {processor.py:183} INFO - Processing /home/airflow/.local/lib/python3.8/site-packages/airflow/example_dags/example_datasets.py took 0.338 seconds
[2025-06-25T09:04:43.207+0000] {processor.py:161} INFO - Started process (PID=158) to work on /home/airflow/.local/lib/python3.8/site-packages/airflow/example_dags/example_datasets.py
[2025-06-25T09:04:43.209+0000] {processor.py:830} INFO - Processing file /home/airflow/.local/lib/python3.8/site-packages/airflow/example_dags/example_datasets.py for tasks to queue
[2025-06-25T09:04:43.211+0000] {logging_mixin.py:188} INFO - [2025-06-25T09:04:43.211+0000] {dagbag.py:538} INFO - Filling up the DagBag from /home/airflow/.local/lib/python3.8/site-packages/airflow/example_dags/example_datasets.py
[2025-06-25T09:04:43.227+0000] {processor.py:840} INFO - DAG(s) 'dataset_produces_1', 'dataset_consumes_1', 'dataset_consumes_1_never_scheduled', 'dataset_produces_2', 'dataset_consumes_1_and_2', 'dataset_consumes_unknown_never_scheduled' retrieved from /home/airflow/.local/lib/python3.8/site-packages/airflow/example_dags/example_datasets.py
[2025-06-25T09:04:43.293+0000] {logging_mixin.py:188} INFO - [2025-06-25T09:04:43.293+0000] {dag.py:3036} INFO - Sync 6 DAGs
[2025-06-25T09:04:43.337+0000] {logging_mixin.py:188} INFO - [2025-06-25T09:04:43.337+0000] {dag.py:3823} INFO - Setting next_dagrun for dataset_consumes_1 to None, run_after=None
[2025-06-25T09:04:43.344+0000] {logging_mixin.py:188} INFO - [2025-06-25T09:04:43.344+0000] {dag.py:3823} INFO - Setting next_dagrun for dataset_consumes_1_and_2 to None, run_after=None
[2025-06-25T09:04:43.346+0000] {logging_mixin.py:188} INFO - [2025-06-25T09:04:43.346+0000] {dag.py:3823} INFO - Setting next_dagrun for dataset_consumes_1_never_scheduled to None, run_after=None
[2025-06-25T09:04:43.348+0000] {logging_mixin.py:188} INFO - [2025-06-25T09:04:43.348+0000] {dag.py:3823} INFO - Setting next_dagrun for dataset_consumes_unknown_never_scheduled to None, run_after=None
[2025-06-25T09:04:43.354+0000] {logging_mixin.py:188} INFO - [2025-06-25T09:04:43.354+0000] {dag.py:3823} INFO - Setting next_dagrun for dataset_produces_1 to 2025-06-24 00:00:00+00:00, run_after=2025-06-25 00:00:00+00:00
[2025-06-25T09:04:43.357+0000] {logging_mixin.py:188} INFO - [2025-06-25T09:04:43.357+0000] {dag.py:3823} INFO - Setting next_dagrun for dataset_produces_2 to None, run_after=None
[2025-06-25T09:04:43.412+0000] {processor.py:183} INFO - Processing /home/airflow/.local/lib/python3.8/site-packages/airflow/example_dags/example_datasets.py took 0.209 seconds
[2025-06-25T09:05:13.651+0000] {processor.py:161} INFO - Started process (PID=224) to work on /home/airflow/.local/lib/python3.8/site-packages/airflow/example_dags/example_datasets.py
[2025-06-25T09:05:13.653+0000] {processor.py:830} INFO - Processing file /home/airflow/.local/lib/python3.8/site-packages/airflow/example_dags/example_datasets.py for tasks to queue
[2025-06-25T09:05:13.656+0000] {logging_mixin.py:188} INFO - [2025-06-25T09:05:13.656+0000] {dagbag.py:538} INFO - Filling up the DagBag from /home/airflow/.local/lib/python3.8/site-packages/airflow/example_dags/example_datasets.py
[2025-06-25T09:05:13.673+0000] {processor.py:840} INFO - DAG(s) 'dataset_produces_1', 'dataset_consumes_1', 'dataset_consumes_1_never_scheduled', 'dataset_consumes_unknown_never_scheduled', 'dataset_produces_2', 'dataset_consumes_1_and_2' retrieved from /home/airflow/.local/lib/python3.8/site-packages/airflow/example_dags/example_datasets.py
[2025-06-25T09:05:13.742+0000] {logging_mixin.py:188} INFO - [2025-06-25T09:05:13.742+0000] {dag.py:3036} INFO - Sync 6 DAGs
[2025-06-25T09:05:13.788+0000] {logging_mixin.py:188} INFO - [2025-06-25T09:05:13.788+0000] {dag.py:3823} INFO - Setting next_dagrun for dataset_consumes_1 to None, run_after=None
[2025-06-25T09:05:13.795+0000] {logging_mixin.py:188} INFO - [2025-06-25T09:05:13.794+0000] {dag.py:3823} INFO - Setting next_dagrun for dataset_consumes_1_and_2 to None, run_after=None
[2025-06-25T09:05:13.797+0000] {logging_mixin.py:188} INFO - [2025-06-25T09:05:13.797+0000] {dag.py:3823} INFO - Setting next_dagrun for dataset_consumes_1_never_scheduled to None, run_after=None
[2025-06-25T09:05:13.799+0000] {logging_mixin.py:188} INFO - [2025-06-25T09:05:13.799+0000] {dag.py:3823} INFO - Setting next_dagrun for dataset_consumes_unknown_never_scheduled to None, run_after=None
[2025-06-25T09:05:13.820+0000] {logging_mixin.py:188} INFO - [2025-06-25T09:05:13.818+0000] {dag.py:3823} INFO - Setting next_dagrun for dataset_produces_1 to 2025-06-24 00:00:00+00:00, run_after=2025-06-25 00:00:00+00:00
[2025-06-25T09:05:13.825+0000] {logging_mixin.py:188} INFO - [2025-06-25T09:05:13.825+0000] {dag.py:3823} INFO - Setting next_dagrun for dataset_produces_2 to None, run_after=None
[2025-06-25T09:05:13.917+0000] {processor.py:183} INFO - Processing /home/airflow/.local/lib/python3.8/site-packages/airflow/example_dags/example_datasets.py took 0.272 seconds
[2025-06-25T09:05:44.670+0000] {processor.py:161} INFO - Started process (PID=290) to work on /home/airflow/.local/lib/python3.8/site-packages/airflow/example_dags/example_datasets.py
[2025-06-25T09:05:44.671+0000] {processor.py:830} INFO - Processing file /home/airflow/.local/lib/python3.8/site-packages/airflow/example_dags/example_datasets.py for tasks to queue
[2025-06-25T09:05:44.674+0000] {logging_mixin.py:188} INFO - [2025-06-25T09:05:44.673+0000] {dagbag.py:538} INFO - Filling up the DagBag from /home/airflow/.local/lib/python3.8/site-packages/airflow/example_dags/example_datasets.py
[2025-06-25T09:05:44.694+0000] {processor.py:840} INFO - DAG(s) 'dataset_produces_1', 'dataset_consumes_1_never_scheduled', 'dataset_consumes_unknown_never_scheduled', 'dataset_consumes_1_and_2', 'dataset_produces_2', 'dataset_consumes_1' retrieved from /home/airflow/.local/lib/python3.8/site-packages/airflow/example_dags/example_datasets.py
[2025-06-25T09:05:44.764+0000] {logging_mixin.py:188} INFO - [2025-06-25T09:05:44.763+0000] {dag.py:3036} INFO - Sync 6 DAGs
[2025-06-25T09:05:44.802+0000] {logging_mixin.py:188} INFO - [2025-06-25T09:05:44.801+0000] {dag.py:3823} INFO - Setting next_dagrun for dataset_consumes_1 to None, run_after=None
[2025-06-25T09:05:44.807+0000] {logging_mixin.py:188} INFO - [2025-06-25T09:05:44.807+0000] {dag.py:3823} INFO - Setting next_dagrun for dataset_consumes_1_and_2 to None, run_after=None
[2025-06-25T09:05:44.809+0000] {logging_mixin.py:188} INFO - [2025-06-25T09:05:44.809+0000] {dag.py:3823} INFO - Setting next_dagrun for dataset_consumes_1_never_scheduled to None, run_after=None
[2025-06-25T09:05:44.810+0000] {logging_mixin.py:188} INFO - [2025-06-25T09:05:44.810+0000] {dag.py:3823} INFO - Setting next_dagrun for dataset_consumes_unknown_never_scheduled to None, run_after=None
[2025-06-25T09:05:44.815+0000] {logging_mixin.py:188} INFO - [2025-06-25T09:05:44.814+0000] {dag.py:3823} INFO - Setting next_dagrun for dataset_produces_1 to 2025-06-24 00:00:00+00:00, run_after=2025-06-25 00:00:00+00:00
[2025-06-25T09:05:44.817+0000] {logging_mixin.py:188} INFO - [2025-06-25T09:05:44.816+0000] {dag.py:3823} INFO - Setting next_dagrun for dataset_produces_2 to None, run_after=None
[2025-06-25T09:05:44.882+0000] {processor.py:183} INFO - Processing /home/airflow/.local/lib/python3.8/site-packages/airflow/example_dags/example_datasets.py took 0.218 seconds
[2025-06-25T09:06:15.488+0000] {processor.py:161} INFO - Started process (PID=356) to work on /home/airflow/.local/lib/python3.8/site-packages/airflow/example_dags/example_datasets.py
[2025-06-25T09:06:15.490+0000] {processor.py:830} INFO - Processing file /home/airflow/.local/lib/python3.8/site-packages/airflow/example_dags/example_datasets.py for tasks to queue
[2025-06-25T09:06:15.493+0000] {logging_mixin.py:188} INFO - [2025-06-25T09:06:15.492+0000] {dagbag.py:538} INFO - Filling up the DagBag from /home/airflow/.local/lib/python3.8/site-packages/airflow/example_dags/example_datasets.py
[2025-06-25T09:06:15.510+0000] {processor.py:840} INFO - DAG(s) 'dataset_consumes_1', 'dataset_consumes_1_and_2', 'dataset_produces_1', 'dataset_produces_2', 'dataset_consumes_unknown_never_scheduled', 'dataset_consumes_1_never_scheduled' retrieved from /home/airflow/.local/lib/python3.8/site-packages/airflow/example_dags/example_datasets.py
[2025-06-25T09:06:15.573+0000] {logging_mixin.py:188} INFO - [2025-06-25T09:06:15.572+0000] {dag.py:3036} INFO - Sync 6 DAGs
[2025-06-25T09:06:15.611+0000] {logging_mixin.py:188} INFO - [2025-06-25T09:06:15.611+0000] {dag.py:3823} INFO - Setting next_dagrun for dataset_consumes_1 to None, run_after=None
[2025-06-25T09:06:15.618+0000] {logging_mixin.py:188} INFO - [2025-06-25T09:06:15.617+0000] {dag.py:3823} INFO - Setting next_dagrun for dataset_consumes_1_and_2 to None, run_after=None
[2025-06-25T09:06:15.620+0000] {logging_mixin.py:188} INFO - [2025-06-25T09:06:15.620+0000] {dag.py:3823} INFO - Setting next_dagrun for dataset_consumes_1_never_scheduled to None, run_after=None
[2025-06-25T09:06:15.622+0000] {logging_mixin.py:188} INFO - [2025-06-25T09:06:15.622+0000] {dag.py:3823} INFO - Setting next_dagrun for dataset_consumes_unknown_never_scheduled to None, run_after=None
[2025-06-25T09:06:15.627+0000] {logging_mixin.py:188} INFO - [2025-06-25T09:06:15.627+0000] {dag.py:3823} INFO - Setting next_dagrun for dataset_produces_1 to 2025-06-24 00:00:00+00:00, run_after=2025-06-25 00:00:00+00:00
[2025-06-25T09:06:15.629+0000] {logging_mixin.py:188} INFO - [2025-06-25T09:06:15.629+0000] {dag.py:3823} INFO - Setting next_dagrun for dataset_produces_2 to None, run_after=None
[2025-06-25T09:06:15.674+0000] {processor.py:183} INFO - Processing /home/airflow/.local/lib/python3.8/site-packages/airflow/example_dags/example_datasets.py took 0.191 seconds
[2025-06-25T09:06:46.483+0000] {processor.py:161} INFO - Started process (PID=421) to work on /home/airflow/.local/lib/python3.8/site-packages/airflow/example_dags/example_datasets.py
[2025-06-25T09:06:46.485+0000] {processor.py:830} INFO - Processing file /home/airflow/.local/lib/python3.8/site-packages/airflow/example_dags/example_datasets.py for tasks to queue
[2025-06-25T09:06:46.487+0000] {logging_mixin.py:188} INFO - [2025-06-25T09:06:46.486+0000] {dagbag.py:538} INFO - Filling up the DagBag from /home/airflow/.local/lib/python3.8/site-packages/airflow/example_dags/example_datasets.py
[2025-06-25T09:06:46.506+0000] {processor.py:840} INFO - DAG(s) 'dataset_consumes_1_and_2', 'dataset_consumes_unknown_never_scheduled', 'dataset_consumes_1', 'dataset_produces_2', 'dataset_produces_1', 'dataset_consumes_1_never_scheduled' retrieved from /home/airflow/.local/lib/python3.8/site-packages/airflow/example_dags/example_datasets.py
[2025-06-25T09:06:46.591+0000] {logging_mixin.py:188} INFO - [2025-06-25T09:06:46.590+0000] {dag.py:3036} INFO - Sync 6 DAGs
[2025-06-25T09:06:46.646+0000] {logging_mixin.py:188} INFO - [2025-06-25T09:06:46.645+0000] {dag.py:3823} INFO - Setting next_dagrun for dataset_consumes_1 to None, run_after=None
[2025-06-25T09:06:46.654+0000] {logging_mixin.py:188} INFO - [2025-06-25T09:06:46.654+0000] {dag.py:3823} INFO - Setting next_dagrun for dataset_consumes_1_and_2 to None, run_after=None
[2025-06-25T09:06:46.657+0000] {logging_mixin.py:188} INFO - [2025-06-25T09:06:46.657+0000] {dag.py:3823} INFO - Setting next_dagrun for dataset_consumes_1_never_scheduled to None, run_after=None
[2025-06-25T09:06:46.660+0000] {logging_mixin.py:188} INFO - [2025-06-25T09:06:46.659+0000] {dag.py:3823} INFO - Setting next_dagrun for dataset_consumes_unknown_never_scheduled to None, run_after=None
[2025-06-25T09:06:46.667+0000] {logging_mixin.py:188} INFO - [2025-06-25T09:06:46.666+0000] {dag.py:3823} INFO - Setting next_dagrun for dataset_produces_1 to 2025-06-24 00:00:00+00:00, run_after=2025-06-25 00:00:00+00:00
[2025-06-25T09:06:46.670+0000] {logging_mixin.py:188} INFO - [2025-06-25T09:06:46.669+0000] {dag.py:3823} INFO - Setting next_dagrun for dataset_produces_2 to None, run_after=None
[2025-06-25T09:06:46.738+0000] {processor.py:183} INFO - Processing /home/airflow/.local/lib/python3.8/site-packages/airflow/example_dags/example_datasets.py took 0.262 seconds
[2025-06-25T09:07:16.791+0000] {processor.py:161} INFO - Started process (PID=493) to work on /home/airflow/.local/lib/python3.8/site-packages/airflow/example_dags/example_datasets.py
[2025-06-25T09:07:16.793+0000] {processor.py:830} INFO - Processing file /home/airflow/.local/lib/python3.8/site-packages/airflow/example_dags/example_datasets.py for tasks to queue
[2025-06-25T09:07:16.796+0000] {logging_mixin.py:188} INFO - [2025-06-25T09:07:16.795+0000] {dagbag.py:538} INFO - Filling up the DagBag from /home/airflow/.local/lib/python3.8/site-packages/airflow/example_dags/example_datasets.py
[2025-06-25T09:07:16.813+0000] {processor.py:840} INFO - DAG(s) 'dataset_consumes_1', 'dataset_consumes_unknown_never_scheduled', 'dataset_produces_2', 'dataset_consumes_1_never_scheduled', 'dataset_produces_1', 'dataset_consumes_1_and_2' retrieved from /home/airflow/.local/lib/python3.8/site-packages/airflow/example_dags/example_datasets.py
[2025-06-25T09:07:16.881+0000] {logging_mixin.py:188} INFO - [2025-06-25T09:07:16.881+0000] {dag.py:3036} INFO - Sync 6 DAGs
[2025-06-25T09:07:16.925+0000] {logging_mixin.py:188} INFO - [2025-06-25T09:07:16.925+0000] {dag.py:3823} INFO - Setting next_dagrun for dataset_consumes_1 to None, run_after=None
[2025-06-25T09:07:16.932+0000] {logging_mixin.py:188} INFO - [2025-06-25T09:07:16.931+0000] {dag.py:3823} INFO - Setting next_dagrun for dataset_consumes_1_and_2 to None, run_after=None
[2025-06-25T09:07:16.934+0000] {logging_mixin.py:188} INFO - [2025-06-25T09:07:16.933+0000] {dag.py:3823} INFO - Setting next_dagrun for dataset_consumes_1_never_scheduled to None, run_after=None
[2025-06-25T09:07:16.936+0000] {logging_mixin.py:188} INFO - [2025-06-25T09:07:16.935+0000] {dag.py:3823} INFO - Setting next_dagrun for dataset_consumes_unknown_never_scheduled to None, run_after=None
[2025-06-25T09:07:16.941+0000] {logging_mixin.py:188} INFO - [2025-06-25T09:07:16.941+0000] {dag.py:3823} INFO - Setting next_dagrun for dataset_produces_1 to 2025-06-24 00:00:00+00:00, run_after=2025-06-25 00:00:00+00:00
[2025-06-25T09:07:16.944+0000] {logging_mixin.py:188} INFO - [2025-06-25T09:07:16.943+0000] {dag.py:3823} INFO - Setting next_dagrun for dataset_produces_2 to None, run_after=None
[2025-06-25T09:07:16.994+0000] {processor.py:183} INFO - Processing /home/airflow/.local/lib/python3.8/site-packages/airflow/example_dags/example_datasets.py took 0.209 seconds
[2025-06-25T09:07:47.489+0000] {processor.py:161} INFO - Started process (PID=560) to work on /home/airflow/.local/lib/python3.8/site-packages/airflow/example_dags/example_datasets.py
[2025-06-25T09:07:47.491+0000] {processor.py:830} INFO - Processing file /home/airflow/.local/lib/python3.8/site-packages/airflow/example_dags/example_datasets.py for tasks to queue
[2025-06-25T09:07:47.494+0000] {logging_mixin.py:188} INFO - [2025-06-25T09:07:47.494+0000] {dagbag.py:538} INFO - Filling up the DagBag from /home/airflow/.local/lib/python3.8/site-packages/airflow/example_dags/example_datasets.py
[2025-06-25T09:07:47.531+0000] {processor.py:840} INFO - DAG(s) 'dataset_consumes_1_never_scheduled', 'dataset_consumes_1_and_2', 'dataset_consumes_unknown_never_scheduled', 'dataset_consumes_1', 'dataset_produces_1', 'dataset_produces_2' retrieved from /home/airflow/.local/lib/python3.8/site-packages/airflow/example_dags/example_datasets.py
[2025-06-25T09:07:47.623+0000] {logging_mixin.py:188} INFO - [2025-06-25T09:07:47.623+0000] {dag.py:3036} INFO - Sync 6 DAGs
[2025-06-25T09:07:47.672+0000] {logging_mixin.py:188} INFO - [2025-06-25T09:07:47.672+0000] {dag.py:3823} INFO - Setting next_dagrun for dataset_consumes_1 to None, run_after=None
[2025-06-25T09:07:47.679+0000] {logging_mixin.py:188} INFO - [2025-06-25T09:07:47.679+0000] {dag.py:3823} INFO - Setting next_dagrun for dataset_consumes_1_and_2 to None, run_after=None
[2025-06-25T09:07:47.681+0000] {logging_mixin.py:188} INFO - [2025-06-25T09:07:47.681+0000] {dag.py:3823} INFO - Setting next_dagrun for dataset_consumes_1_never_scheduled to None, run_after=None
[2025-06-25T09:07:47.684+0000] {logging_mixin.py:188} INFO - [2025-06-25T09:07:47.683+0000] {dag.py:3823} INFO - Setting next_dagrun for dataset_consumes_unknown_never_scheduled to None, run_after=None
[2025-06-25T09:07:47.690+0000] {logging_mixin.py:188} INFO - [2025-06-25T09:07:47.689+0000] {dag.py:3823} INFO - Setting next_dagrun for dataset_produces_1 to 2025-06-24 00:00:00+00:00, run_after=2025-06-25 00:00:00+00:00
[2025-06-25T09:07:47.692+0000] {logging_mixin.py:188} INFO - [2025-06-25T09:07:47.692+0000] {dag.py:3823} INFO - Setting next_dagrun for dataset_produces_2 to None, run_after=None
[2025-06-25T09:07:47.769+0000] {processor.py:183} INFO - Processing /home/airflow/.local/lib/python3.8/site-packages/airflow/example_dags/example_datasets.py took 0.286 seconds
[2025-06-25T09:08:18.351+0000] {processor.py:161} INFO - Started process (PID=626) to work on /home/airflow/.local/lib/python3.8/site-packages/airflow/example_dags/example_datasets.py
[2025-06-25T09:08:18.353+0000] {processor.py:830} INFO - Processing file /home/airflow/.local/lib/python3.8/site-packages/airflow/example_dags/example_datasets.py for tasks to queue
[2025-06-25T09:08:18.357+0000] {logging_mixin.py:188} INFO - [2025-06-25T09:08:18.356+0000] {dagbag.py:538} INFO - Filling up the DagBag from /home/airflow/.local/lib/python3.8/site-packages/airflow/example_dags/example_datasets.py
[2025-06-25T09:08:18.377+0000] {processor.py:840} INFO - DAG(s) 'dataset_produces_2', 'dataset_consumes_1_never_scheduled', 'dataset_consumes_1', 'dataset_produces_1', 'dataset_consumes_1_and_2', 'dataset_consumes_unknown_never_scheduled' retrieved from /home/airflow/.local/lib/python3.8/site-packages/airflow/example_dags/example_datasets.py
[2025-06-25T09:08:18.459+0000] {logging_mixin.py:188} INFO - [2025-06-25T09:08:18.458+0000] {dag.py:3036} INFO - Sync 6 DAGs
[2025-06-25T09:08:18.500+0000] {logging_mixin.py:188} INFO - [2025-06-25T09:08:18.500+0000] {dag.py:3823} INFO - Setting next_dagrun for dataset_consumes_1 to None, run_after=None
[2025-06-25T09:08:18.506+0000] {logging_mixin.py:188} INFO - [2025-06-25T09:08:18.505+0000] {dag.py:3823} INFO - Setting next_dagrun for dataset_consumes_1_and_2 to None, run_after=None
[2025-06-25T09:08:18.508+0000] {logging_mixin.py:188} INFO - [2025-06-25T09:08:18.508+0000] {dag.py:3823} INFO - Setting next_dagrun for dataset_consumes_1_never_scheduled to None, run_after=None
[2025-06-25T09:08:18.510+0000] {logging_mixin.py:188} INFO - [2025-06-25T09:08:18.510+0000] {dag.py:3823} INFO - Setting next_dagrun for dataset_consumes_unknown_never_scheduled to None, run_after=None
[2025-06-25T09:08:18.518+0000] {logging_mixin.py:188} INFO - [2025-06-25T09:08:18.517+0000] {dag.py:3823} INFO - Setting next_dagrun for dataset_produces_1 to 2025-06-24 00:00:00+00:00, run_after=2025-06-25 00:00:00+00:00
[2025-06-25T09:08:18.520+0000] {logging_mixin.py:188} INFO - [2025-06-25T09:08:18.520+0000] {dag.py:3823} INFO - Setting next_dagrun for dataset_produces_2 to None, run_after=None
[2025-06-25T09:08:18.589+0000] {processor.py:183} INFO - Processing /home/airflow/.local/lib/python3.8/site-packages/airflow/example_dags/example_datasets.py took 0.244 seconds
[2025-06-25T09:08:48.898+0000] {processor.py:161} INFO - Started process (PID=690) to work on /home/airflow/.local/lib/python3.8/site-packages/airflow/example_dags/example_datasets.py
[2025-06-25T09:08:48.901+0000] {processor.py:830} INFO - Processing file /home/airflow/.local/lib/python3.8/site-packages/airflow/example_dags/example_datasets.py for tasks to queue
[2025-06-25T09:08:48.904+0000] {logging_mixin.py:188} INFO - [2025-06-25T09:08:48.903+0000] {dagbag.py:538} INFO - Filling up the DagBag from /home/airflow/.local/lib/python3.8/site-packages/airflow/example_dags/example_datasets.py
[2025-06-25T09:08:48.924+0000] {processor.py:840} INFO - DAG(s) 'dataset_consumes_1_and_2', 'dataset_consumes_unknown_never_scheduled', 'dataset_consumes_1_never_scheduled', 'dataset_consumes_1', 'dataset_produces_1', 'dataset_produces_2' retrieved from /home/airflow/.local/lib/python3.8/site-packages/airflow/example_dags/example_datasets.py
[2025-06-25T09:08:49.039+0000] {logging_mixin.py:188} INFO - [2025-06-25T09:08:49.038+0000] {dag.py:3036} INFO - Sync 6 DAGs
[2025-06-25T09:08:49.128+0000] {logging_mixin.py:188} INFO - [2025-06-25T09:08:49.127+0000] {dag.py:3823} INFO - Setting next_dagrun for dataset_consumes_1 to None, run_after=None
[2025-06-25T09:08:49.137+0000] {logging_mixin.py:188} INFO - [2025-06-25T09:08:49.137+0000] {dag.py:3823} INFO - Setting next_dagrun for dataset_consumes_1_and_2 to None, run_after=None
[2025-06-25T09:08:49.140+0000] {logging_mixin.py:188} INFO - [2025-06-25T09:08:49.140+0000] {dag.py:3823} INFO - Setting next_dagrun for dataset_consumes_1_never_scheduled to None, run_after=None
[2025-06-25T09:08:49.143+0000] {logging_mixin.py:188} INFO - [2025-06-25T09:08:49.143+0000] {dag.py:3823} INFO - Setting next_dagrun for dataset_consumes_unknown_never_scheduled to None, run_after=None
[2025-06-25T09:08:49.150+0000] {logging_mixin.py:188} INFO - [2025-06-25T09:08:49.149+0000] {dag.py:3823} INFO - Setting next_dagrun for dataset_produces_1 to 2025-06-24 00:00:00+00:00, run_after=2025-06-25 00:00:00+00:00
[2025-06-25T09:08:49.153+0000] {logging_mixin.py:188} INFO - [2025-06-25T09:08:49.153+0000] {dag.py:3823} INFO - Setting next_dagrun for dataset_produces_2 to None, run_after=None
[2025-06-25T09:08:49.268+0000] {processor.py:183} INFO - Processing /home/airflow/.local/lib/python3.8/site-packages/airflow/example_dags/example_datasets.py took 0.376 seconds
[2025-06-25T09:09:19.728+0000] {processor.py:161} INFO - Started process (PID=756) to work on /home/airflow/.local/lib/python3.8/site-packages/airflow/example_dags/example_datasets.py
[2025-06-25T09:09:19.730+0000] {processor.py:830} INFO - Processing file /home/airflow/.local/lib/python3.8/site-packages/airflow/example_dags/example_datasets.py for tasks to queue
[2025-06-25T09:09:19.733+0000] {logging_mixin.py:188} INFO - [2025-06-25T09:09:19.733+0000] {dagbag.py:538} INFO - Filling up the DagBag from /home/airflow/.local/lib/python3.8/site-packages/airflow/example_dags/example_datasets.py
[2025-06-25T09:09:19.751+0000] {processor.py:840} INFO - DAG(s) 'dataset_consumes_1_and_2', 'dataset_produces_2', 'dataset_produces_1', 'dataset_consumes_unknown_never_scheduled', 'dataset_consumes_1', 'dataset_consumes_1_never_scheduled' retrieved from /home/airflow/.local/lib/python3.8/site-packages/airflow/example_dags/example_datasets.py
[2025-06-25T09:09:19.824+0000] {logging_mixin.py:188} INFO - [2025-06-25T09:09:19.823+0000] {dag.py:3036} INFO - Sync 6 DAGs
[2025-06-25T09:09:19.868+0000] {logging_mixin.py:188} INFO - [2025-06-25T09:09:19.868+0000] {dag.py:3823} INFO - Setting next_dagrun for dataset_consumes_1 to None, run_after=None
[2025-06-25T09:09:19.876+0000] {logging_mixin.py:188} INFO - [2025-06-25T09:09:19.875+0000] {dag.py:3823} INFO - Setting next_dagrun for dataset_consumes_1_and_2 to None, run_after=None
[2025-06-25T09:09:19.878+0000] {logging_mixin.py:188} INFO - [2025-06-25T09:09:19.878+0000] {dag.py:3823} INFO - Setting next_dagrun for dataset_consumes_1_never_scheduled to None, run_after=None
[2025-06-25T09:09:19.881+0000] {logging_mixin.py:188} INFO - [2025-06-25T09:09:19.881+0000] {dag.py:3823} INFO - Setting next_dagrun for dataset_consumes_unknown_never_scheduled to None, run_after=None
[2025-06-25T09:09:19.895+0000] {logging_mixin.py:188} INFO - [2025-06-25T09:09:19.895+0000] {dag.py:3823} INFO - Setting next_dagrun for dataset_produces_1 to 2025-06-24 00:00:00+00:00, run_after=2025-06-25 00:00:00+00:00
[2025-06-25T09:09:19.898+0000] {logging_mixin.py:188} INFO - [2025-06-25T09:09:19.898+0000] {dag.py:3823} INFO - Setting next_dagrun for dataset_produces_2 to None, run_after=None
[2025-06-25T09:09:19.960+0000] {processor.py:183} INFO - Processing /home/airflow/.local/lib/python3.8/site-packages/airflow/example_dags/example_datasets.py took 0.238 seconds
[2025-06-25T09:09:50.581+0000] {processor.py:161} INFO - Started process (PID=819) to work on /home/airflow/.local/lib/python3.8/site-packages/airflow/example_dags/example_datasets.py
[2025-06-25T09:09:50.583+0000] {processor.py:830} INFO - Processing file /home/airflow/.local/lib/python3.8/site-packages/airflow/example_dags/example_datasets.py for tasks to queue
[2025-06-25T09:09:50.586+0000] {logging_mixin.py:188} INFO - [2025-06-25T09:09:50.585+0000] {dagbag.py:538} INFO - Filling up the DagBag from /home/airflow/.local/lib/python3.8/site-packages/airflow/example_dags/example_datasets.py
[2025-06-25T09:09:50.601+0000] {processor.py:840} INFO - DAG(s) 'dataset_consumes_1_never_scheduled', 'dataset_produces_1', 'dataset_consumes_1', 'dataset_consumes_1_and_2', 'dataset_consumes_unknown_never_scheduled', 'dataset_produces_2' retrieved from /home/airflow/.local/lib/python3.8/site-packages/airflow/example_dags/example_datasets.py
[2025-06-25T09:09:50.684+0000] {logging_mixin.py:188} INFO - [2025-06-25T09:09:50.684+0000] {dag.py:3036} INFO - Sync 6 DAGs
[2025-06-25T09:09:50.771+0000] {logging_mixin.py:188} INFO - [2025-06-25T09:09:50.771+0000] {dag.py:3823} INFO - Setting next_dagrun for dataset_consumes_1 to None, run_after=None
[2025-06-25T09:09:50.780+0000] {logging_mixin.py:188} INFO - [2025-06-25T09:09:50.780+0000] {dag.py:3823} INFO - Setting next_dagrun for dataset_consumes_1_and_2 to None, run_after=None
[2025-06-25T09:09:50.784+0000] {logging_mixin.py:188} INFO - [2025-06-25T09:09:50.783+0000] {dag.py:3823} INFO - Setting next_dagrun for dataset_consumes_1_never_scheduled to None, run_after=None
[2025-06-25T09:09:50.787+0000] {logging_mixin.py:188} INFO - [2025-06-25T09:09:50.787+0000] {dag.py:3823} INFO - Setting next_dagrun for dataset_consumes_unknown_never_scheduled to None, run_after=None
[2025-06-25T09:09:50.794+0000] {logging_mixin.py:188} INFO - [2025-06-25T09:09:50.793+0000] {dag.py:3823} INFO - Setting next_dagrun for dataset_produces_1 to 2025-06-24 00:00:00+00:00, run_after=2025-06-25 00:00:00+00:00
[2025-06-25T09:09:50.798+0000] {logging_mixin.py:188} INFO - [2025-06-25T09:09:50.797+0000] {dag.py:3823} INFO - Setting next_dagrun for dataset_produces_2 to None, run_after=None
[2025-06-25T09:09:50.891+0000] {processor.py:183} INFO - Processing /home/airflow/.local/lib/python3.8/site-packages/airflow/example_dags/example_datasets.py took 0.315 seconds
[2025-06-25T09:10:21.862+0000] {processor.py:161} INFO - Started process (PID=884) to work on /home/airflow/.local/lib/python3.8/site-packages/airflow/example_dags/example_datasets.py
[2025-06-25T09:10:21.866+0000] {processor.py:830} INFO - Processing file /home/airflow/.local/lib/python3.8/site-packages/airflow/example_dags/example_datasets.py for tasks to queue
[2025-06-25T09:10:21.870+0000] {logging_mixin.py:188} INFO - [2025-06-25T09:10:21.869+0000] {dagbag.py:538} INFO - Filling up the DagBag from /home/airflow/.local/lib/python3.8/site-packages/airflow/example_dags/example_datasets.py
[2025-06-25T09:10:21.890+0000] {processor.py:840} INFO - DAG(s) 'dataset_consumes_1_never_scheduled', 'dataset_produces_2', 'dataset_consumes_1_and_2', 'dataset_produces_1', 'dataset_consumes_1', 'dataset_consumes_unknown_never_scheduled' retrieved from /home/airflow/.local/lib/python3.8/site-packages/airflow/example_dags/example_datasets.py
[2025-06-25T09:10:21.989+0000] {logging_mixin.py:188} INFO - [2025-06-25T09:10:21.989+0000] {dag.py:3036} INFO - Sync 6 DAGs
[2025-06-25T09:10:22.045+0000] {logging_mixin.py:188} INFO - [2025-06-25T09:10:22.045+0000] {dag.py:3823} INFO - Setting next_dagrun for dataset_consumes_1 to None, run_after=None
[2025-06-25T09:10:22.053+0000] {logging_mixin.py:188} INFO - [2025-06-25T09:10:22.052+0000] {dag.py:3823} INFO - Setting next_dagrun for dataset_consumes_1_and_2 to None, run_after=None
[2025-06-25T09:10:22.056+0000] {logging_mixin.py:188} INFO - [2025-06-25T09:10:22.056+0000] {dag.py:3823} INFO - Setting next_dagrun for dataset_consumes_1_never_scheduled to None, run_after=None
[2025-06-25T09:10:22.061+0000] {logging_mixin.py:188} INFO - [2025-06-25T09:10:22.058+0000] {dag.py:3823} INFO - Setting next_dagrun for dataset_consumes_unknown_never_scheduled to None, run_after=None
[2025-06-25T09:10:22.069+0000] {logging_mixin.py:188} INFO - [2025-06-25T09:10:22.068+0000] {dag.py:3823} INFO - Setting next_dagrun for dataset_produces_1 to 2025-06-24 00:00:00+00:00, run_after=2025-06-25 00:00:00+00:00
[2025-06-25T09:10:22.072+0000] {logging_mixin.py:188} INFO - [2025-06-25T09:10:22.072+0000] {dag.py:3823} INFO - Setting next_dagrun for dataset_produces_2 to None, run_after=None
[2025-06-25T09:10:22.133+0000] {processor.py:183} INFO - Processing /home/airflow/.local/lib/python3.8/site-packages/airflow/example_dags/example_datasets.py took 0.277 seconds
[2025-06-25T09:10:52.651+0000] {processor.py:161} INFO - Started process (PID=949) to work on /home/airflow/.local/lib/python3.8/site-packages/airflow/example_dags/example_datasets.py
[2025-06-25T09:10:52.653+0000] {processor.py:830} INFO - Processing file /home/airflow/.local/lib/python3.8/site-packages/airflow/example_dags/example_datasets.py for tasks to queue
[2025-06-25T09:10:52.656+0000] {logging_mixin.py:188} INFO - [2025-06-25T09:10:52.655+0000] {dagbag.py:538} INFO - Filling up the DagBag from /home/airflow/.local/lib/python3.8/site-packages/airflow/example_dags/example_datasets.py
[2025-06-25T09:10:52.674+0000] {processor.py:840} INFO - DAG(s) 'dataset_consumes_1_never_scheduled', 'dataset_produces_1', 'dataset_produces_2', 'dataset_consumes_1_and_2', 'dataset_consumes_1', 'dataset_consumes_unknown_never_scheduled' retrieved from /home/airflow/.local/lib/python3.8/site-packages/airflow/example_dags/example_datasets.py
[2025-06-25T09:10:52.751+0000] {logging_mixin.py:188} INFO - [2025-06-25T09:10:52.750+0000] {dag.py:3036} INFO - Sync 6 DAGs
[2025-06-25T09:10:52.799+0000] {logging_mixin.py:188} INFO - [2025-06-25T09:10:52.798+0000] {dag.py:3823} INFO - Setting next_dagrun for dataset_consumes_1 to None, run_after=None
[2025-06-25T09:10:52.807+0000] {logging_mixin.py:188} INFO - [2025-06-25T09:10:52.807+0000] {dag.py:3823} INFO - Setting next_dagrun for dataset_consumes_1_and_2 to None, run_after=None
[2025-06-25T09:10:52.810+0000] {logging_mixin.py:188} INFO - [2025-06-25T09:10:52.810+0000] {dag.py:3823} INFO - Setting next_dagrun for dataset_consumes_1_never_scheduled to None, run_after=None
[2025-06-25T09:10:52.813+0000] {logging_mixin.py:188} INFO - [2025-06-25T09:10:52.812+0000] {dag.py:3823} INFO - Setting next_dagrun for dataset_consumes_unknown_never_scheduled to None, run_after=None
[2025-06-25T09:10:52.819+0000] {logging_mixin.py:188} INFO - [2025-06-25T09:10:52.818+0000] {dag.py:3823} INFO - Setting next_dagrun for dataset_produces_1 to 2025-06-24 00:00:00+00:00, run_after=2025-06-25 00:00:00+00:00
[2025-06-25T09:10:52.821+0000] {logging_mixin.py:188} INFO - [2025-06-25T09:10:52.821+0000] {dag.py:3823} INFO - Setting next_dagrun for dataset_produces_2 to None, run_after=None
[2025-06-25T09:10:52.871+0000] {processor.py:183} INFO - Processing /home/airflow/.local/lib/python3.8/site-packages/airflow/example_dags/example_datasets.py took 0.226 seconds
[2025-06-25T09:11:23.473+0000] {processor.py:161} INFO - Started process (PID=1014) to work on /home/airflow/.local/lib/python3.8/site-packages/airflow/example_dags/example_datasets.py
[2025-06-25T09:11:23.475+0000] {processor.py:830} INFO - Processing file /home/airflow/.local/lib/python3.8/site-packages/airflow/example_dags/example_datasets.py for tasks to queue
[2025-06-25T09:11:23.478+0000] {logging_mixin.py:188} INFO - [2025-06-25T09:11:23.477+0000] {dagbag.py:538} INFO - Filling up the DagBag from /home/airflow/.local/lib/python3.8/site-packages/airflow/example_dags/example_datasets.py
[2025-06-25T09:11:23.496+0000] {processor.py:840} INFO - DAG(s) 'dataset_consumes_1_and_2', 'dataset_produces_1', 'dataset_consumes_unknown_never_scheduled', 'dataset_consumes_1_never_scheduled', 'dataset_produces_2', 'dataset_consumes_1' retrieved from /home/airflow/.local/lib/python3.8/site-packages/airflow/example_dags/example_datasets.py
[2025-06-25T09:11:23.568+0000] {logging_mixin.py:188} INFO - [2025-06-25T09:11:23.568+0000] {dag.py:3036} INFO - Sync 6 DAGs
[2025-06-25T09:11:23.617+0000] {logging_mixin.py:188} INFO - [2025-06-25T09:11:23.616+0000] {dag.py:3823} INFO - Setting next_dagrun for dataset_consumes_1 to None, run_after=None
[2025-06-25T09:11:23.624+0000] {logging_mixin.py:188} INFO - [2025-06-25T09:11:23.624+0000] {dag.py:3823} INFO - Setting next_dagrun for dataset_consumes_1_and_2 to None, run_after=None
[2025-06-25T09:11:23.627+0000] {logging_mixin.py:188} INFO - [2025-06-25T09:11:23.627+0000] {dag.py:3823} INFO - Setting next_dagrun for dataset_consumes_1_never_scheduled to None, run_after=None
[2025-06-25T09:11:23.630+0000] {logging_mixin.py:188} INFO - [2025-06-25T09:11:23.629+0000] {dag.py:3823} INFO - Setting next_dagrun for dataset_consumes_unknown_never_scheduled to None, run_after=None
[2025-06-25T09:11:23.636+0000] {logging_mixin.py:188} INFO - [2025-06-25T09:11:23.636+0000] {dag.py:3823} INFO - Setting next_dagrun for dataset_produces_1 to 2025-06-24 00:00:00+00:00, run_after=2025-06-25 00:00:00+00:00
[2025-06-25T09:11:23.639+0000] {logging_mixin.py:188} INFO - [2025-06-25T09:11:23.638+0000] {dag.py:3823} INFO - Setting next_dagrun for dataset_produces_2 to None, run_after=None
[2025-06-25T09:11:23.704+0000] {processor.py:183} INFO - Processing /home/airflow/.local/lib/python3.8/site-packages/airflow/example_dags/example_datasets.py took 0.238 seconds
[2025-06-25T09:11:54.072+0000] {processor.py:161} INFO - Started process (PID=1079) to work on /home/airflow/.local/lib/python3.8/site-packages/airflow/example_dags/example_datasets.py
[2025-06-25T09:11:54.073+0000] {processor.py:830} INFO - Processing file /home/airflow/.local/lib/python3.8/site-packages/airflow/example_dags/example_datasets.py for tasks to queue
[2025-06-25T09:11:54.076+0000] {logging_mixin.py:188} INFO - [2025-06-25T09:11:54.076+0000] {dagbag.py:538} INFO - Filling up the DagBag from /home/airflow/.local/lib/python3.8/site-packages/airflow/example_dags/example_datasets.py
[2025-06-25T09:11:54.096+0000] {processor.py:840} INFO - DAG(s) 'dataset_produces_1', 'dataset_consumes_1', 'dataset_produces_2', 'dataset_consumes_unknown_never_scheduled', 'dataset_consumes_1_never_scheduled', 'dataset_consumes_1_and_2' retrieved from /home/airflow/.local/lib/python3.8/site-packages/airflow/example_dags/example_datasets.py
[2025-06-25T09:11:54.180+0000] {logging_mixin.py:188} INFO - [2025-06-25T09:11:54.179+0000] {dag.py:3036} INFO - Sync 6 DAGs
[2025-06-25T09:11:54.241+0000] {logging_mixin.py:188} INFO - [2025-06-25T09:11:54.240+0000] {dag.py:3823} INFO - Setting next_dagrun for dataset_consumes_1 to None, run_after=None
[2025-06-25T09:11:54.250+0000] {logging_mixin.py:188} INFO - [2025-06-25T09:11:54.249+0000] {dag.py:3823} INFO - Setting next_dagrun for dataset_consumes_1_and_2 to None, run_after=None
[2025-06-25T09:11:54.253+0000] {logging_mixin.py:188} INFO - [2025-06-25T09:11:54.252+0000] {dag.py:3823} INFO - Setting next_dagrun for dataset_consumes_1_never_scheduled to None, run_after=None
[2025-06-25T09:11:54.256+0000] {logging_mixin.py:188} INFO - [2025-06-25T09:11:54.256+0000] {dag.py:3823} INFO - Setting next_dagrun for dataset_consumes_unknown_never_scheduled to None, run_after=None
[2025-06-25T09:11:54.264+0000] {logging_mixin.py:188} INFO - [2025-06-25T09:11:54.264+0000] {dag.py:3823} INFO - Setting next_dagrun for dataset_produces_1 to 2025-06-24 00:00:00+00:00, run_after=2025-06-25 00:00:00+00:00
[2025-06-25T09:11:54.268+0000] {logging_mixin.py:188} INFO - [2025-06-25T09:11:54.267+0000] {dag.py:3823} INFO - Setting next_dagrun for dataset_produces_2 to None, run_after=None
[2025-06-25T09:11:54.346+0000] {processor.py:183} INFO - Processing /home/airflow/.local/lib/python3.8/site-packages/airflow/example_dags/example_datasets.py took 0.281 seconds
[2025-06-25T09:12:24.500+0000] {processor.py:161} INFO - Started process (PID=1142) to work on /home/airflow/.local/lib/python3.8/site-packages/airflow/example_dags/example_datasets.py
[2025-06-25T09:12:24.503+0000] {processor.py:830} INFO - Processing file /home/airflow/.local/lib/python3.8/site-packages/airflow/example_dags/example_datasets.py for tasks to queue
[2025-06-25T09:12:24.507+0000] {logging_mixin.py:188} INFO - [2025-06-25T09:12:24.506+0000] {dagbag.py:538} INFO - Filling up the DagBag from /home/airflow/.local/lib/python3.8/site-packages/airflow/example_dags/example_datasets.py
[2025-06-25T09:12:24.530+0000] {processor.py:840} INFO - DAG(s) 'dataset_consumes_1', 'dataset_produces_2', 'dataset_consumes_1_and_2', 'dataset_consumes_1_never_scheduled', 'dataset_consumes_unknown_never_scheduled', 'dataset_produces_1' retrieved from /home/airflow/.local/lib/python3.8/site-packages/airflow/example_dags/example_datasets.py
[2025-06-25T09:12:24.625+0000] {logging_mixin.py:188} INFO - [2025-06-25T09:12:24.625+0000] {dag.py:3036} INFO - Sync 6 DAGs
[2025-06-25T09:12:24.676+0000] {logging_mixin.py:188} INFO - [2025-06-25T09:12:24.675+0000] {dag.py:3823} INFO - Setting next_dagrun for dataset_consumes_1 to None, run_after=None
[2025-06-25T09:12:24.684+0000] {logging_mixin.py:188} INFO - [2025-06-25T09:12:24.683+0000] {dag.py:3823} INFO - Setting next_dagrun for dataset_consumes_1_and_2 to None, run_after=None
[2025-06-25T09:12:24.689+0000] {logging_mixin.py:188} INFO - [2025-06-25T09:12:24.689+0000] {dag.py:3823} INFO - Setting next_dagrun for dataset_consumes_1_never_scheduled to None, run_after=None
[2025-06-25T09:12:24.693+0000] {logging_mixin.py:188} INFO - [2025-06-25T09:12:24.693+0000] {dag.py:3823} INFO - Setting next_dagrun for dataset_consumes_unknown_never_scheduled to None, run_after=None
[2025-06-25T09:12:24.702+0000] {logging_mixin.py:188} INFO - [2025-06-25T09:12:24.701+0000] {dag.py:3823} INFO - Setting next_dagrun for dataset_produces_1 to 2025-06-24 00:00:00+00:00, run_after=2025-06-25 00:00:00+00:00
[2025-06-25T09:12:24.705+0000] {logging_mixin.py:188} INFO - [2025-06-25T09:12:24.704+0000] {dag.py:3823} INFO - Setting next_dagrun for dataset_produces_2 to None, run_after=None
[2025-06-25T09:12:24.822+0000] {processor.py:183} INFO - Processing /home/airflow/.local/lib/python3.8/site-packages/airflow/example_dags/example_datasets.py took 0.329 seconds
[2025-06-25T09:12:55.345+0000] {processor.py:161} INFO - Started process (PID=1208) to work on /home/airflow/.local/lib/python3.8/site-packages/airflow/example_dags/example_datasets.py
[2025-06-25T09:12:55.346+0000] {processor.py:830} INFO - Processing file /home/airflow/.local/lib/python3.8/site-packages/airflow/example_dags/example_datasets.py for tasks to queue
[2025-06-25T09:12:55.350+0000] {logging_mixin.py:188} INFO - [2025-06-25T09:12:55.349+0000] {dagbag.py:538} INFO - Filling up the DagBag from /home/airflow/.local/lib/python3.8/site-packages/airflow/example_dags/example_datasets.py
[2025-06-25T09:12:55.369+0000] {processor.py:840} INFO - DAG(s) 'dataset_consumes_1', 'dataset_produces_1', 'dataset_consumes_1_and_2', 'dataset_consumes_unknown_never_scheduled', 'dataset_produces_2', 'dataset_consumes_1_never_scheduled' retrieved from /home/airflow/.local/lib/python3.8/site-packages/airflow/example_dags/example_datasets.py
[2025-06-25T09:12:55.455+0000] {logging_mixin.py:188} INFO - [2025-06-25T09:12:55.454+0000] {dag.py:3036} INFO - Sync 6 DAGs
[2025-06-25T09:12:55.507+0000] {logging_mixin.py:188} INFO - [2025-06-25T09:12:55.507+0000] {dag.py:3823} INFO - Setting next_dagrun for dataset_consumes_1 to None, run_after=None
[2025-06-25T09:12:55.515+0000] {logging_mixin.py:188} INFO - [2025-06-25T09:12:55.514+0000] {dag.py:3823} INFO - Setting next_dagrun for dataset_consumes_1_and_2 to None, run_after=None
[2025-06-25T09:12:55.519+0000] {logging_mixin.py:188} INFO - [2025-06-25T09:12:55.518+0000] {dag.py:3823} INFO - Setting next_dagrun for dataset_consumes_1_never_scheduled to None, run_after=None
[2025-06-25T09:12:55.522+0000] {logging_mixin.py:188} INFO - [2025-06-25T09:12:55.521+0000] {dag.py:3823} INFO - Setting next_dagrun for dataset_consumes_unknown_never_scheduled to None, run_after=None
[2025-06-25T09:12:55.529+0000] {logging_mixin.py:188} INFO - [2025-06-25T09:12:55.529+0000] {dag.py:3823} INFO - Setting next_dagrun for dataset_produces_1 to 2025-06-24 00:00:00+00:00, run_after=2025-06-25 00:00:00+00:00
[2025-06-25T09:12:55.532+0000] {logging_mixin.py:188} INFO - [2025-06-25T09:12:55.532+0000] {dag.py:3823} INFO - Setting next_dagrun for dataset_produces_2 to None, run_after=None
[2025-06-25T09:12:55.600+0000] {processor.py:183} INFO - Processing /home/airflow/.local/lib/python3.8/site-packages/airflow/example_dags/example_datasets.py took 0.263 seconds
[2025-06-25T09:13:26.241+0000] {processor.py:161} INFO - Started process (PID=1274) to work on /home/airflow/.local/lib/python3.8/site-packages/airflow/example_dags/example_datasets.py
[2025-06-25T09:13:26.244+0000] {processor.py:830} INFO - Processing file /home/airflow/.local/lib/python3.8/site-packages/airflow/example_dags/example_datasets.py for tasks to queue
[2025-06-25T09:13:26.248+0000] {logging_mixin.py:188} INFO - [2025-06-25T09:13:26.247+0000] {dagbag.py:538} INFO - Filling up the DagBag from /home/airflow/.local/lib/python3.8/site-packages/airflow/example_dags/example_datasets.py
[2025-06-25T09:13:26.278+0000] {processor.py:840} INFO - DAG(s) 'dataset_consumes_unknown_never_scheduled', 'dataset_consumes_1_and_2', 'dataset_produces_2', 'dataset_consumes_1_never_scheduled', 'dataset_consumes_1', 'dataset_produces_1' retrieved from /home/airflow/.local/lib/python3.8/site-packages/airflow/example_dags/example_datasets.py
[2025-06-25T09:13:26.361+0000] {logging_mixin.py:188} INFO - [2025-06-25T09:13:26.360+0000] {dag.py:3036} INFO - Sync 6 DAGs
[2025-06-25T09:13:26.406+0000] {logging_mixin.py:188} INFO - [2025-06-25T09:13:26.406+0000] {dag.py:3823} INFO - Setting next_dagrun for dataset_consumes_1 to None, run_after=None
[2025-06-25T09:13:26.414+0000] {logging_mixin.py:188} INFO - [2025-06-25T09:13:26.414+0000] {dag.py:3823} INFO - Setting next_dagrun for dataset_consumes_1_and_2 to None, run_after=None
[2025-06-25T09:13:26.417+0000] {logging_mixin.py:188} INFO - [2025-06-25T09:13:26.417+0000] {dag.py:3823} INFO - Setting next_dagrun for dataset_consumes_1_never_scheduled to None, run_after=None
[2025-06-25T09:13:26.420+0000] {logging_mixin.py:188} INFO - [2025-06-25T09:13:26.420+0000] {dag.py:3823} INFO - Setting next_dagrun for dataset_consumes_unknown_never_scheduled to None, run_after=None
[2025-06-25T09:13:26.426+0000] {logging_mixin.py:188} INFO - [2025-06-25T09:13:26.425+0000] {dag.py:3823} INFO - Setting next_dagrun for dataset_produces_1 to 2025-06-24 00:00:00+00:00, run_after=2025-06-25 00:00:00+00:00
[2025-06-25T09:13:26.429+0000] {logging_mixin.py:188} INFO - [2025-06-25T09:13:26.429+0000] {dag.py:3823} INFO - Setting next_dagrun for dataset_produces_2 to None, run_after=None
[2025-06-25T09:13:26.494+0000] {processor.py:183} INFO - Processing /home/airflow/.local/lib/python3.8/site-packages/airflow/example_dags/example_datasets.py took 0.261 seconds
[2025-06-25T09:13:56.924+0000] {processor.py:161} INFO - Started process (PID=1340) to work on /home/airflow/.local/lib/python3.8/site-packages/airflow/example_dags/example_datasets.py
[2025-06-25T09:13:56.938+0000] {processor.py:830} INFO - Processing file /home/airflow/.local/lib/python3.8/site-packages/airflow/example_dags/example_datasets.py for tasks to queue
[2025-06-25T09:13:56.958+0000] {logging_mixin.py:188} INFO - [2025-06-25T09:13:56.957+0000] {dagbag.py:538} INFO - Filling up the DagBag from /home/airflow/.local/lib/python3.8/site-packages/airflow/example_dags/example_datasets.py
[2025-06-25T09:13:57.041+0000] {processor.py:840} INFO - DAG(s) 'dataset_consumes_unknown_never_scheduled', 'dataset_consumes_1_and_2', 'dataset_produces_2', 'dataset_consumes_1_never_scheduled', 'dataset_consumes_1', 'dataset_produces_1' retrieved from /home/airflow/.local/lib/python3.8/site-packages/airflow/example_dags/example_datasets.py
[2025-06-25T09:13:57.172+0000] {logging_mixin.py:188} INFO - [2025-06-25T09:13:57.172+0000] {dag.py:3036} INFO - Sync 6 DAGs
[2025-06-25T09:13:57.243+0000] {logging_mixin.py:188} INFO - [2025-06-25T09:13:57.243+0000] {dag.py:3823} INFO - Setting next_dagrun for dataset_consumes_1 to None, run_after=None
[2025-06-25T09:13:57.252+0000] {logging_mixin.py:188} INFO - [2025-06-25T09:13:57.252+0000] {dag.py:3823} INFO - Setting next_dagrun for dataset_consumes_1_and_2 to None, run_after=None
[2025-06-25T09:13:57.256+0000] {logging_mixin.py:188} INFO - [2025-06-25T09:13:57.256+0000] {dag.py:3823} INFO - Setting next_dagrun for dataset_consumes_1_never_scheduled to None, run_after=None
[2025-06-25T09:13:57.262+0000] {logging_mixin.py:188} INFO - [2025-06-25T09:13:57.262+0000] {dag.py:3823} INFO - Setting next_dagrun for dataset_consumes_unknown_never_scheduled to None, run_after=None
[2025-06-25T09:13:57.272+0000] {logging_mixin.py:188} INFO - [2025-06-25T09:13:57.271+0000] {dag.py:3823} INFO - Setting next_dagrun for dataset_produces_1 to 2025-06-24 00:00:00+00:00, run_after=2025-06-25 00:00:00+00:00
[2025-06-25T09:13:57.277+0000] {logging_mixin.py:188} INFO - [2025-06-25T09:13:57.275+0000] {dag.py:3823} INFO - Setting next_dagrun for dataset_produces_2 to None, run_after=None
[2025-06-25T09:13:57.358+0000] {processor.py:183} INFO - Processing /home/airflow/.local/lib/python3.8/site-packages/airflow/example_dags/example_datasets.py took 0.463 seconds
[2025-06-25T09:14:27.716+0000] {processor.py:161} INFO - Started process (PID=1405) to work on /home/airflow/.local/lib/python3.8/site-packages/airflow/example_dags/example_datasets.py
[2025-06-25T09:14:27.720+0000] {processor.py:830} INFO - Processing file /home/airflow/.local/lib/python3.8/site-packages/airflow/example_dags/example_datasets.py for tasks to queue
[2025-06-25T09:14:27.725+0000] {logging_mixin.py:188} INFO - [2025-06-25T09:14:27.724+0000] {dagbag.py:538} INFO - Filling up the DagBag from /home/airflow/.local/lib/python3.8/site-packages/airflow/example_dags/example_datasets.py
[2025-06-25T09:14:27.753+0000] {processor.py:840} INFO - DAG(s) 'dataset_consumes_unknown_never_scheduled', 'dataset_consumes_1_never_scheduled', 'dataset_produces_2', 'dataset_produces_1', 'dataset_consumes_1', 'dataset_consumes_1_and_2' retrieved from /home/airflow/.local/lib/python3.8/site-packages/airflow/example_dags/example_datasets.py
[2025-06-25T09:14:27.968+0000] {logging_mixin.py:188} INFO - [2025-06-25T09:14:27.968+0000] {dag.py:3036} INFO - Sync 6 DAGs
[2025-06-25T09:14:28.113+0000] {logging_mixin.py:188} INFO - [2025-06-25T09:14:28.113+0000] {dag.py:3823} INFO - Setting next_dagrun for dataset_consumes_1 to None, run_after=None
[2025-06-25T09:14:28.122+0000] {logging_mixin.py:188} INFO - [2025-06-25T09:14:28.122+0000] {dag.py:3823} INFO - Setting next_dagrun for dataset_consumes_1_and_2 to None, run_after=None
[2025-06-25T09:14:28.132+0000] {logging_mixin.py:188} INFO - [2025-06-25T09:14:28.131+0000] {dag.py:3823} INFO - Setting next_dagrun for dataset_consumes_1_never_scheduled to None, run_after=None
[2025-06-25T09:14:28.135+0000] {logging_mixin.py:188} INFO - [2025-06-25T09:14:28.135+0000] {dag.py:3823} INFO - Setting next_dagrun for dataset_consumes_unknown_never_scheduled to None, run_after=None
[2025-06-25T09:14:28.174+0000] {logging_mixin.py:188} INFO - [2025-06-25T09:14:28.174+0000] {dag.py:3823} INFO - Setting next_dagrun for dataset_produces_1 to 2025-06-24 00:00:00+00:00, run_after=2025-06-25 00:00:00+00:00
[2025-06-25T09:14:28.178+0000] {logging_mixin.py:188} INFO - [2025-06-25T09:14:28.177+0000] {dag.py:3823} INFO - Setting next_dagrun for dataset_produces_2 to None, run_after=None
[2025-06-25T09:14:28.280+0000] {processor.py:183} INFO - Processing /home/airflow/.local/lib/python3.8/site-packages/airflow/example_dags/example_datasets.py took 0.575 seconds
[2025-06-25T09:14:58.411+0000] {processor.py:161} INFO - Started process (PID=1470) to work on /home/airflow/.local/lib/python3.8/site-packages/airflow/example_dags/example_datasets.py
[2025-06-25T09:14:58.414+0000] {processor.py:830} INFO - Processing file /home/airflow/.local/lib/python3.8/site-packages/airflow/example_dags/example_datasets.py for tasks to queue
[2025-06-25T09:14:58.417+0000] {logging_mixin.py:188} INFO - [2025-06-25T09:14:58.417+0000] {dagbag.py:538} INFO - Filling up the DagBag from /home/airflow/.local/lib/python3.8/site-packages/airflow/example_dags/example_datasets.py
[2025-06-25T09:14:58.445+0000] {processor.py:840} INFO - DAG(s) 'dataset_consumes_1_and_2', 'dataset_consumes_1', 'dataset_produces_1', 'dataset_consumes_unknown_never_scheduled', 'dataset_produces_2', 'dataset_consumes_1_never_scheduled' retrieved from /home/airflow/.local/lib/python3.8/site-packages/airflow/example_dags/example_datasets.py
[2025-06-25T09:14:58.534+0000] {logging_mixin.py:188} INFO - [2025-06-25T09:14:58.533+0000] {dag.py:3036} INFO - Sync 6 DAGs
[2025-06-25T09:14:58.638+0000] {logging_mixin.py:188} INFO - [2025-06-25T09:14:58.638+0000] {dag.py:3823} INFO - Setting next_dagrun for dataset_consumes_1 to None, run_after=None
[2025-06-25T09:14:58.649+0000] {logging_mixin.py:188} INFO - [2025-06-25T09:14:58.648+0000] {dag.py:3823} INFO - Setting next_dagrun for dataset_consumes_1_and_2 to None, run_after=None
[2025-06-25T09:14:58.652+0000] {logging_mixin.py:188} INFO - [2025-06-25T09:14:58.652+0000] {dag.py:3823} INFO - Setting next_dagrun for dataset_consumes_1_never_scheduled to None, run_after=None
[2025-06-25T09:14:58.657+0000] {logging_mixin.py:188} INFO - [2025-06-25T09:14:58.656+0000] {dag.py:3823} INFO - Setting next_dagrun for dataset_consumes_unknown_never_scheduled to None, run_after=None
[2025-06-25T09:14:58.667+0000] {logging_mixin.py:188} INFO - [2025-06-25T09:14:58.667+0000] {dag.py:3823} INFO - Setting next_dagrun for dataset_produces_1 to 2025-06-24 00:00:00+00:00, run_after=2025-06-25 00:00:00+00:00
[2025-06-25T09:14:58.671+0000] {logging_mixin.py:188} INFO - [2025-06-25T09:14:58.670+0000] {dag.py:3823} INFO - Setting next_dagrun for dataset_produces_2 to None, run_after=None
[2025-06-25T09:14:58.819+0000] {processor.py:183} INFO - Processing /home/airflow/.local/lib/python3.8/site-packages/airflow/example_dags/example_datasets.py took 0.417 seconds
[2025-06-25T09:15:29.136+0000] {processor.py:161} INFO - Started process (PID=1527) to work on /home/airflow/.local/lib/python3.8/site-packages/airflow/example_dags/example_datasets.py
[2025-06-25T09:15:29.138+0000] {processor.py:830} INFO - Processing file /home/airflow/.local/lib/python3.8/site-packages/airflow/example_dags/example_datasets.py for tasks to queue
[2025-06-25T09:15:29.142+0000] {logging_mixin.py:188} INFO - [2025-06-25T09:15:29.141+0000] {dagbag.py:538} INFO - Filling up the DagBag from /home/airflow/.local/lib/python3.8/site-packages/airflow/example_dags/example_datasets.py
[2025-06-25T09:15:29.169+0000] {processor.py:840} INFO - DAG(s) 'dataset_produces_1', 'dataset_consumes_1_never_scheduled', 'dataset_produces_2', 'dataset_consumes_1', 'dataset_consumes_unknown_never_scheduled', 'dataset_consumes_1_and_2' retrieved from /home/airflow/.local/lib/python3.8/site-packages/airflow/example_dags/example_datasets.py
[2025-06-25T09:15:29.268+0000] {logging_mixin.py:188} INFO - [2025-06-25T09:15:29.267+0000] {dag.py:3036} INFO - Sync 6 DAGs
[2025-06-25T09:15:29.370+0000] {logging_mixin.py:188} INFO - [2025-06-25T09:15:29.369+0000] {dag.py:3823} INFO - Setting next_dagrun for dataset_consumes_1 to None, run_after=None
[2025-06-25T09:15:29.397+0000] {logging_mixin.py:188} INFO - [2025-06-25T09:15:29.396+0000] {dag.py:3823} INFO - Setting next_dagrun for dataset_consumes_1_and_2 to None, run_after=None
[2025-06-25T09:15:29.401+0000] {logging_mixin.py:188} INFO - [2025-06-25T09:15:29.401+0000] {dag.py:3823} INFO - Setting next_dagrun for dataset_consumes_1_never_scheduled to None, run_after=None
[2025-06-25T09:15:29.405+0000] {logging_mixin.py:188} INFO - [2025-06-25T09:15:29.404+0000] {dag.py:3823} INFO - Setting next_dagrun for dataset_consumes_unknown_never_scheduled to None, run_after=None
[2025-06-25T09:15:29.412+0000] {logging_mixin.py:188} INFO - [2025-06-25T09:15:29.412+0000] {dag.py:3823} INFO - Setting next_dagrun for dataset_produces_1 to 2025-06-24 00:00:00+00:00, run_after=2025-06-25 00:00:00+00:00
[2025-06-25T09:15:29.416+0000] {logging_mixin.py:188} INFO - [2025-06-25T09:15:29.415+0000] {dag.py:3823} INFO - Setting next_dagrun for dataset_produces_2 to None, run_after=None
[2025-06-25T09:15:29.495+0000] {processor.py:183} INFO - Processing /home/airflow/.local/lib/python3.8/site-packages/airflow/example_dags/example_datasets.py took 0.367 seconds
[2025-06-25T09:15:59.667+0000] {processor.py:161} INFO - Started process (PID=1592) to work on /home/airflow/.local/lib/python3.8/site-packages/airflow/example_dags/example_datasets.py
[2025-06-25T09:15:59.670+0000] {processor.py:830} INFO - Processing file /home/airflow/.local/lib/python3.8/site-packages/airflow/example_dags/example_datasets.py for tasks to queue
[2025-06-25T09:15:59.673+0000] {logging_mixin.py:188} INFO - [2025-06-25T09:15:59.673+0000] {dagbag.py:538} INFO - Filling up the DagBag from /home/airflow/.local/lib/python3.8/site-packages/airflow/example_dags/example_datasets.py
[2025-06-25T09:15:59.695+0000] {processor.py:840} INFO - DAG(s) 'dataset_consumes_1_never_scheduled', 'dataset_consumes_1_and_2', 'dataset_consumes_unknown_never_scheduled', 'dataset_consumes_1', 'dataset_produces_1', 'dataset_produces_2' retrieved from /home/airflow/.local/lib/python3.8/site-packages/airflow/example_dags/example_datasets.py
[2025-06-25T09:15:59.786+0000] {logging_mixin.py:188} INFO - [2025-06-25T09:15:59.785+0000] {dag.py:3036} INFO - Sync 6 DAGs
[2025-06-25T09:15:59.850+0000] {logging_mixin.py:188} INFO - [2025-06-25T09:15:59.849+0000] {dag.py:3823} INFO - Setting next_dagrun for dataset_consumes_1 to None, run_after=None
[2025-06-25T09:15:59.866+0000] {logging_mixin.py:188} INFO - [2025-06-25T09:15:59.866+0000] {dag.py:3823} INFO - Setting next_dagrun for dataset_consumes_1_and_2 to None, run_after=None
[2025-06-25T09:15:59.871+0000] {logging_mixin.py:188} INFO - [2025-06-25T09:15:59.871+0000] {dag.py:3823} INFO - Setting next_dagrun for dataset_consumes_1_never_scheduled to None, run_after=None
[2025-06-25T09:15:59.875+0000] {logging_mixin.py:188} INFO - [2025-06-25T09:15:59.875+0000] {dag.py:3823} INFO - Setting next_dagrun for dataset_consumes_unknown_never_scheduled to None, run_after=None
[2025-06-25T09:15:59.884+0000] {logging_mixin.py:188} INFO - [2025-06-25T09:15:59.883+0000] {dag.py:3823} INFO - Setting next_dagrun for dataset_produces_1 to 2025-06-24 00:00:00+00:00, run_after=2025-06-25 00:00:00+00:00
[2025-06-25T09:15:59.888+0000] {logging_mixin.py:188} INFO - [2025-06-25T09:15:59.887+0000] {dag.py:3823} INFO - Setting next_dagrun for dataset_produces_2 to None, run_after=None
[2025-06-25T09:15:59.968+0000] {processor.py:183} INFO - Processing /home/airflow/.local/lib/python3.8/site-packages/airflow/example_dags/example_datasets.py took 0.307 seconds
[2025-06-25T09:16:30.901+0000] {processor.py:161} INFO - Started process (PID=1656) to work on /home/airflow/.local/lib/python3.8/site-packages/airflow/example_dags/example_datasets.py
[2025-06-25T09:16:30.903+0000] {processor.py:830} INFO - Processing file /home/airflow/.local/lib/python3.8/site-packages/airflow/example_dags/example_datasets.py for tasks to queue
[2025-06-25T09:16:30.906+0000] {logging_mixin.py:188} INFO - [2025-06-25T09:16:30.906+0000] {dagbag.py:538} INFO - Filling up the DagBag from /home/airflow/.local/lib/python3.8/site-packages/airflow/example_dags/example_datasets.py
[2025-06-25T09:16:30.927+0000] {processor.py:840} INFO - DAG(s) 'dataset_consumes_1_and_2', 'dataset_consumes_unknown_never_scheduled', 'dataset_consumes_1', 'dataset_produces_2', 'dataset_produces_1', 'dataset_consumes_1_never_scheduled' retrieved from /home/airflow/.local/lib/python3.8/site-packages/airflow/example_dags/example_datasets.py
[2025-06-25T09:16:31.045+0000] {logging_mixin.py:188} INFO - [2025-06-25T09:16:31.045+0000] {dag.py:3036} INFO - Sync 6 DAGs
[2025-06-25T09:16:31.126+0000] {logging_mixin.py:188} INFO - [2025-06-25T09:16:31.125+0000] {dag.py:3823} INFO - Setting next_dagrun for dataset_consumes_1 to None, run_after=None
[2025-06-25T09:16:31.134+0000] {logging_mixin.py:188} INFO - [2025-06-25T09:16:31.134+0000] {dag.py:3823} INFO - Setting next_dagrun for dataset_consumes_1_and_2 to None, run_after=None
[2025-06-25T09:16:31.138+0000] {logging_mixin.py:188} INFO - [2025-06-25T09:16:31.137+0000] {dag.py:3823} INFO - Setting next_dagrun for dataset_consumes_1_never_scheduled to None, run_after=None
[2025-06-25T09:16:31.141+0000] {logging_mixin.py:188} INFO - [2025-06-25T09:16:31.141+0000] {dag.py:3823} INFO - Setting next_dagrun for dataset_consumes_unknown_never_scheduled to None, run_after=None
[2025-06-25T09:16:31.150+0000] {logging_mixin.py:188} INFO - [2025-06-25T09:16:31.149+0000] {dag.py:3823} INFO - Setting next_dagrun for dataset_produces_1 to 2025-06-24 00:00:00+00:00, run_after=2025-06-25 00:00:00+00:00
[2025-06-25T09:16:31.153+0000] {logging_mixin.py:188} INFO - [2025-06-25T09:16:31.152+0000] {dag.py:3823} INFO - Setting next_dagrun for dataset_produces_2 to None, run_after=None
[2025-06-25T09:16:31.275+0000] {processor.py:183} INFO - Processing /home/airflow/.local/lib/python3.8/site-packages/airflow/example_dags/example_datasets.py took 0.381 seconds
[2025-06-25T09:17:01.494+0000] {processor.py:161} INFO - Started process (PID=1721) to work on /home/airflow/.local/lib/python3.8/site-packages/airflow/example_dags/example_datasets.py
[2025-06-25T09:17:01.498+0000] {processor.py:830} INFO - Processing file /home/airflow/.local/lib/python3.8/site-packages/airflow/example_dags/example_datasets.py for tasks to queue
[2025-06-25T09:17:01.502+0000] {logging_mixin.py:188} INFO - [2025-06-25T09:17:01.501+0000] {dagbag.py:538} INFO - Filling up the DagBag from /home/airflow/.local/lib/python3.8/site-packages/airflow/example_dags/example_datasets.py
[2025-06-25T09:17:01.524+0000] {processor.py:840} INFO - DAG(s) 'dataset_produces_2', 'dataset_produces_1', 'dataset_consumes_1_and_2', 'dataset_consumes_unknown_never_scheduled', 'dataset_consumes_1', 'dataset_consumes_1_never_scheduled' retrieved from /home/airflow/.local/lib/python3.8/site-packages/airflow/example_dags/example_datasets.py
[2025-06-25T09:17:01.683+0000] {logging_mixin.py:188} INFO - [2025-06-25T09:17:01.683+0000] {dag.py:3036} INFO - Sync 6 DAGs
[2025-06-25T09:17:01.756+0000] {logging_mixin.py:188} INFO - [2025-06-25T09:17:01.755+0000] {dag.py:3823} INFO - Setting next_dagrun for dataset_consumes_1 to None, run_after=None
[2025-06-25T09:17:01.765+0000] {logging_mixin.py:188} INFO - [2025-06-25T09:17:01.764+0000] {dag.py:3823} INFO - Setting next_dagrun for dataset_consumes_1_and_2 to None, run_after=None
[2025-06-25T09:17:01.768+0000] {logging_mixin.py:188} INFO - [2025-06-25T09:17:01.767+0000] {dag.py:3823} INFO - Setting next_dagrun for dataset_consumes_1_never_scheduled to None, run_after=None
[2025-06-25T09:17:01.771+0000] {logging_mixin.py:188} INFO - [2025-06-25T09:17:01.770+0000] {dag.py:3823} INFO - Setting next_dagrun for dataset_consumes_unknown_never_scheduled to None, run_after=None
[2025-06-25T09:17:01.780+0000] {logging_mixin.py:188} INFO - [2025-06-25T09:17:01.779+0000] {dag.py:3823} INFO - Setting next_dagrun for dataset_produces_1 to 2025-06-24 00:00:00+00:00, run_after=2025-06-25 00:00:00+00:00
[2025-06-25T09:17:01.785+0000] {logging_mixin.py:188} INFO - [2025-06-25T09:17:01.785+0000] {dag.py:3823} INFO - Setting next_dagrun for dataset_produces_2 to None, run_after=None
[2025-06-25T09:17:01.870+0000] {processor.py:183} INFO - Processing /home/airflow/.local/lib/python3.8/site-packages/airflow/example_dags/example_datasets.py took 0.386 seconds
[2025-06-25T09:17:32.607+0000] {processor.py:161} INFO - Started process (PID=1787) to work on /home/airflow/.local/lib/python3.8/site-packages/airflow/example_dags/example_datasets.py
[2025-06-25T09:17:32.610+0000] {processor.py:830} INFO - Processing file /home/airflow/.local/lib/python3.8/site-packages/airflow/example_dags/example_datasets.py for tasks to queue
[2025-06-25T09:17:32.613+0000] {logging_mixin.py:188} INFO - [2025-06-25T09:17:32.612+0000] {dagbag.py:538} INFO - Filling up the DagBag from /home/airflow/.local/lib/python3.8/site-packages/airflow/example_dags/example_datasets.py
[2025-06-25T09:17:32.631+0000] {processor.py:840} INFO - DAG(s) 'dataset_produces_1', 'dataset_produces_2', 'dataset_consumes_1_never_scheduled', 'dataset_consumes_1', 'dataset_consumes_unknown_never_scheduled', 'dataset_consumes_1_and_2' retrieved from /home/airflow/.local/lib/python3.8/site-packages/airflow/example_dags/example_datasets.py
[2025-06-25T09:17:32.734+0000] {logging_mixin.py:188} INFO - [2025-06-25T09:17:32.734+0000] {dag.py:3036} INFO - Sync 6 DAGs
[2025-06-25T09:17:32.809+0000] {logging_mixin.py:188} INFO - [2025-06-25T09:17:32.809+0000] {dag.py:3823} INFO - Setting next_dagrun for dataset_consumes_1 to None, run_after=None
[2025-06-25T09:17:32.817+0000] {logging_mixin.py:188} INFO - [2025-06-25T09:17:32.816+0000] {dag.py:3823} INFO - Setting next_dagrun for dataset_consumes_1_and_2 to None, run_after=None
[2025-06-25T09:17:32.820+0000] {logging_mixin.py:188} INFO - [2025-06-25T09:17:32.820+0000] {dag.py:3823} INFO - Setting next_dagrun for dataset_consumes_1_never_scheduled to None, run_after=None
[2025-06-25T09:17:32.822+0000] {logging_mixin.py:188} INFO - [2025-06-25T09:17:32.822+0000] {dag.py:3823} INFO - Setting next_dagrun for dataset_consumes_unknown_never_scheduled to None, run_after=None
[2025-06-25T09:17:32.829+0000] {logging_mixin.py:188} INFO - [2025-06-25T09:17:32.829+0000] {dag.py:3823} INFO - Setting next_dagrun for dataset_produces_1 to 2025-06-24 00:00:00+00:00, run_after=2025-06-25 00:00:00+00:00
[2025-06-25T09:17:32.832+0000] {logging_mixin.py:188} INFO - [2025-06-25T09:17:32.832+0000] {dag.py:3823} INFO - Setting next_dagrun for dataset_produces_2 to None, run_after=None
[2025-06-25T09:17:32.912+0000] {processor.py:183} INFO - Processing /home/airflow/.local/lib/python3.8/site-packages/airflow/example_dags/example_datasets.py took 0.311 seconds
[2025-06-25T09:18:03.106+0000] {processor.py:161} INFO - Started process (PID=1851) to work on /home/airflow/.local/lib/python3.8/site-packages/airflow/example_dags/example_datasets.py
[2025-06-25T09:18:03.108+0000] {processor.py:830} INFO - Processing file /home/airflow/.local/lib/python3.8/site-packages/airflow/example_dags/example_datasets.py for tasks to queue
[2025-06-25T09:18:03.111+0000] {logging_mixin.py:188} INFO - [2025-06-25T09:18:03.111+0000] {dagbag.py:538} INFO - Filling up the DagBag from /home/airflow/.local/lib/python3.8/site-packages/airflow/example_dags/example_datasets.py
[2025-06-25T09:18:03.130+0000] {processor.py:840} INFO - DAG(s) 'dataset_consumes_1_and_2', 'dataset_consumes_1', 'dataset_consumes_1_never_scheduled', 'dataset_consumes_unknown_never_scheduled', 'dataset_produces_2', 'dataset_produces_1' retrieved from /home/airflow/.local/lib/python3.8/site-packages/airflow/example_dags/example_datasets.py
[2025-06-25T09:18:03.206+0000] {logging_mixin.py:188} INFO - [2025-06-25T09:18:03.205+0000] {dag.py:3036} INFO - Sync 6 DAGs
[2025-06-25T09:18:03.245+0000] {logging_mixin.py:188} INFO - [2025-06-25T09:18:03.244+0000] {dag.py:3823} INFO - Setting next_dagrun for dataset_consumes_1 to None, run_after=None
[2025-06-25T09:18:03.251+0000] {logging_mixin.py:188} INFO - [2025-06-25T09:18:03.250+0000] {dag.py:3823} INFO - Setting next_dagrun for dataset_consumes_1_and_2 to None, run_after=None
[2025-06-25T09:18:03.253+0000] {logging_mixin.py:188} INFO - [2025-06-25T09:18:03.253+0000] {dag.py:3823} INFO - Setting next_dagrun for dataset_consumes_1_never_scheduled to None, run_after=None
[2025-06-25T09:18:03.256+0000] {logging_mixin.py:188} INFO - [2025-06-25T09:18:03.255+0000] {dag.py:3823} INFO - Setting next_dagrun for dataset_consumes_unknown_never_scheduled to None, run_after=None
[2025-06-25T09:18:03.261+0000] {logging_mixin.py:188} INFO - [2025-06-25T09:18:03.260+0000] {dag.py:3823} INFO - Setting next_dagrun for dataset_produces_1 to 2025-06-24 00:00:00+00:00, run_after=2025-06-25 00:00:00+00:00
[2025-06-25T09:18:03.264+0000] {logging_mixin.py:188} INFO - [2025-06-25T09:18:03.263+0000] {dag.py:3823} INFO - Setting next_dagrun for dataset_produces_2 to None, run_after=None
[2025-06-25T09:18:03.341+0000] {processor.py:183} INFO - Processing /home/airflow/.local/lib/python3.8/site-packages/airflow/example_dags/example_datasets.py took 0.241 seconds
[2025-06-25T09:18:33.616+0000] {processor.py:161} INFO - Started process (PID=1917) to work on /home/airflow/.local/lib/python3.8/site-packages/airflow/example_dags/example_datasets.py
[2025-06-25T09:18:33.618+0000] {processor.py:830} INFO - Processing file /home/airflow/.local/lib/python3.8/site-packages/airflow/example_dags/example_datasets.py for tasks to queue
[2025-06-25T09:18:33.621+0000] {logging_mixin.py:188} INFO - [2025-06-25T09:18:33.621+0000] {dagbag.py:538} INFO - Filling up the DagBag from /home/airflow/.local/lib/python3.8/site-packages/airflow/example_dags/example_datasets.py
[2025-06-25T09:18:33.641+0000] {processor.py:840} INFO - DAG(s) 'dataset_produces_1', 'dataset_consumes_1_and_2', 'dataset_consumes_unknown_never_scheduled', 'dataset_consumes_1', 'dataset_consumes_1_never_scheduled', 'dataset_produces_2' retrieved from /home/airflow/.local/lib/python3.8/site-packages/airflow/example_dags/example_datasets.py
[2025-06-25T09:18:33.710+0000] {logging_mixin.py:188} INFO - [2025-06-25T09:18:33.710+0000] {dag.py:3036} INFO - Sync 6 DAGs
[2025-06-25T09:18:33.763+0000] {logging_mixin.py:188} INFO - [2025-06-25T09:18:33.763+0000] {dag.py:3823} INFO - Setting next_dagrun for dataset_consumes_1 to None, run_after=None
[2025-06-25T09:18:33.771+0000] {logging_mixin.py:188} INFO - [2025-06-25T09:18:33.771+0000] {dag.py:3823} INFO - Setting next_dagrun for dataset_consumes_1_and_2 to None, run_after=None
[2025-06-25T09:18:33.775+0000] {logging_mixin.py:188} INFO - [2025-06-25T09:18:33.775+0000] {dag.py:3823} INFO - Setting next_dagrun for dataset_consumes_1_never_scheduled to None, run_after=None
[2025-06-25T09:18:33.779+0000] {logging_mixin.py:188} INFO - [2025-06-25T09:18:33.778+0000] {dag.py:3823} INFO - Setting next_dagrun for dataset_consumes_unknown_never_scheduled to None, run_after=None
[2025-06-25T09:18:33.786+0000] {logging_mixin.py:188} INFO - [2025-06-25T09:18:33.785+0000] {dag.py:3823} INFO - Setting next_dagrun for dataset_produces_1 to 2025-06-24 00:00:00+00:00, run_after=2025-06-25 00:00:00+00:00
[2025-06-25T09:18:33.790+0000] {logging_mixin.py:188} INFO - [2025-06-25T09:18:33.789+0000] {dag.py:3823} INFO - Setting next_dagrun for dataset_produces_2 to None, run_after=None
[2025-06-25T09:18:33.873+0000] {processor.py:183} INFO - Processing /home/airflow/.local/lib/python3.8/site-packages/airflow/example_dags/example_datasets.py took 0.263 seconds
[2025-06-25T09:19:04.175+0000] {processor.py:161} INFO - Started process (PID=1982) to work on /home/airflow/.local/lib/python3.8/site-packages/airflow/example_dags/example_datasets.py
[2025-06-25T09:19:04.177+0000] {processor.py:830} INFO - Processing file /home/airflow/.local/lib/python3.8/site-packages/airflow/example_dags/example_datasets.py for tasks to queue
[2025-06-25T09:19:04.180+0000] {logging_mixin.py:188} INFO - [2025-06-25T09:19:04.180+0000] {dagbag.py:538} INFO - Filling up the DagBag from /home/airflow/.local/lib/python3.8/site-packages/airflow/example_dags/example_datasets.py
[2025-06-25T09:19:04.200+0000] {processor.py:840} INFO - DAG(s) 'dataset_consumes_unknown_never_scheduled', 'dataset_produces_1', 'dataset_produces_2', 'dataset_consumes_1', 'dataset_consumes_1_never_scheduled', 'dataset_consumes_1_and_2' retrieved from /home/airflow/.local/lib/python3.8/site-packages/airflow/example_dags/example_datasets.py
[2025-06-25T09:19:04.282+0000] {logging_mixin.py:188} INFO - [2025-06-25T09:19:04.281+0000] {dag.py:3036} INFO - Sync 6 DAGs
[2025-06-25T09:19:04.335+0000] {logging_mixin.py:188} INFO - [2025-06-25T09:19:04.335+0000] {dag.py:3823} INFO - Setting next_dagrun for dataset_consumes_1 to None, run_after=None
[2025-06-25T09:19:04.344+0000] {logging_mixin.py:188} INFO - [2025-06-25T09:19:04.344+0000] {dag.py:3823} INFO - Setting next_dagrun for dataset_consumes_1_and_2 to None, run_after=None
[2025-06-25T09:19:04.347+0000] {logging_mixin.py:188} INFO - [2025-06-25T09:19:04.346+0000] {dag.py:3823} INFO - Setting next_dagrun for dataset_consumes_1_never_scheduled to None, run_after=None
[2025-06-25T09:19:04.350+0000] {logging_mixin.py:188} INFO - [2025-06-25T09:19:04.349+0000] {dag.py:3823} INFO - Setting next_dagrun for dataset_consumes_unknown_never_scheduled to None, run_after=None
[2025-06-25T09:19:04.356+0000] {logging_mixin.py:188} INFO - [2025-06-25T09:19:04.356+0000] {dag.py:3823} INFO - Setting next_dagrun for dataset_produces_1 to 2025-06-24 00:00:00+00:00, run_after=2025-06-25 00:00:00+00:00
[2025-06-25T09:19:04.360+0000] {logging_mixin.py:188} INFO - [2025-06-25T09:19:04.359+0000] {dag.py:3823} INFO - Setting next_dagrun for dataset_produces_2 to None, run_after=None
[2025-06-25T09:19:04.444+0000] {processor.py:183} INFO - Processing /home/airflow/.local/lib/python3.8/site-packages/airflow/example_dags/example_datasets.py took 0.275 seconds
[2025-06-25T09:19:34.584+0000] {processor.py:161} INFO - Started process (PID=2047) to work on /home/airflow/.local/lib/python3.8/site-packages/airflow/example_dags/example_datasets.py
[2025-06-25T09:19:34.586+0000] {processor.py:830} INFO - Processing file /home/airflow/.local/lib/python3.8/site-packages/airflow/example_dags/example_datasets.py for tasks to queue
[2025-06-25T09:19:34.590+0000] {logging_mixin.py:188} INFO - [2025-06-25T09:19:34.589+0000] {dagbag.py:538} INFO - Filling up the DagBag from /home/airflow/.local/lib/python3.8/site-packages/airflow/example_dags/example_datasets.py
[2025-06-25T09:19:34.607+0000] {processor.py:840} INFO - DAG(s) 'dataset_consumes_1', 'dataset_consumes_unknown_never_scheduled', 'dataset_produces_1', 'dataset_consumes_1_and_2', 'dataset_produces_2', 'dataset_consumes_1_never_scheduled' retrieved from /home/airflow/.local/lib/python3.8/site-packages/airflow/example_dags/example_datasets.py
[2025-06-25T09:19:34.675+0000] {logging_mixin.py:188} INFO - [2025-06-25T09:19:34.675+0000] {dag.py:3036} INFO - Sync 6 DAGs
[2025-06-25T09:19:34.715+0000] {logging_mixin.py:188} INFO - [2025-06-25T09:19:34.714+0000] {dag.py:3823} INFO - Setting next_dagrun for dataset_consumes_1 to None, run_after=None
[2025-06-25T09:19:34.720+0000] {logging_mixin.py:188} INFO - [2025-06-25T09:19:34.720+0000] {dag.py:3823} INFO - Setting next_dagrun for dataset_consumes_1_and_2 to None, run_after=None
[2025-06-25T09:19:34.724+0000] {logging_mixin.py:188} INFO - [2025-06-25T09:19:34.724+0000] {dag.py:3823} INFO - Setting next_dagrun for dataset_consumes_1_never_scheduled to None, run_after=None
[2025-06-25T09:19:34.726+0000] {logging_mixin.py:188} INFO - [2025-06-25T09:19:34.726+0000] {dag.py:3823} INFO - Setting next_dagrun for dataset_consumes_unknown_never_scheduled to None, run_after=None
[2025-06-25T09:19:34.734+0000] {logging_mixin.py:188} INFO - [2025-06-25T09:19:34.733+0000] {dag.py:3823} INFO - Setting next_dagrun for dataset_produces_1 to 2025-06-24 00:00:00+00:00, run_after=2025-06-25 00:00:00+00:00
[2025-06-25T09:19:34.736+0000] {logging_mixin.py:188} INFO - [2025-06-25T09:19:34.736+0000] {dag.py:3823} INFO - Setting next_dagrun for dataset_produces_2 to None, run_after=None
[2025-06-25T09:19:34.792+0000] {processor.py:183} INFO - Processing /home/airflow/.local/lib/python3.8/site-packages/airflow/example_dags/example_datasets.py took 0.213 seconds
[2025-06-25T09:20:04.925+0000] {processor.py:161} INFO - Started process (PID=2112) to work on /home/airflow/.local/lib/python3.8/site-packages/airflow/example_dags/example_datasets.py
[2025-06-25T09:20:04.927+0000] {processor.py:830} INFO - Processing file /home/airflow/.local/lib/python3.8/site-packages/airflow/example_dags/example_datasets.py for tasks to queue
[2025-06-25T09:20:04.931+0000] {logging_mixin.py:188} INFO - [2025-06-25T09:20:04.930+0000] {dagbag.py:538} INFO - Filling up the DagBag from /home/airflow/.local/lib/python3.8/site-packages/airflow/example_dags/example_datasets.py
[2025-06-25T09:20:04.946+0000] {processor.py:840} INFO - DAG(s) 'dataset_consumes_1', 'dataset_produces_2', 'dataset_consumes_unknown_never_scheduled', 'dataset_produces_1', 'dataset_consumes_1_never_scheduled', 'dataset_consumes_1_and_2' retrieved from /home/airflow/.local/lib/python3.8/site-packages/airflow/example_dags/example_datasets.py
[2025-06-25T09:20:05.011+0000] {logging_mixin.py:188} INFO - [2025-06-25T09:20:05.010+0000] {dag.py:3036} INFO - Sync 6 DAGs
[2025-06-25T09:20:05.051+0000] {logging_mixin.py:188} INFO - [2025-06-25T09:20:05.050+0000] {dag.py:3823} INFO - Setting next_dagrun for dataset_consumes_1 to None, run_after=None
[2025-06-25T09:20:05.058+0000] {logging_mixin.py:188} INFO - [2025-06-25T09:20:05.058+0000] {dag.py:3823} INFO - Setting next_dagrun for dataset_consumes_1_and_2 to None, run_after=None
[2025-06-25T09:20:05.061+0000] {logging_mixin.py:188} INFO - [2025-06-25T09:20:05.061+0000] {dag.py:3823} INFO - Setting next_dagrun for dataset_consumes_1_never_scheduled to None, run_after=None
[2025-06-25T09:20:05.063+0000] {logging_mixin.py:188} INFO - [2025-06-25T09:20:05.063+0000] {dag.py:3823} INFO - Setting next_dagrun for dataset_consumes_unknown_never_scheduled to None, run_after=None
[2025-06-25T09:20:05.069+0000] {logging_mixin.py:188} INFO - [2025-06-25T09:20:05.068+0000] {dag.py:3823} INFO - Setting next_dagrun for dataset_produces_1 to 2025-06-24 00:00:00+00:00, run_after=2025-06-25 00:00:00+00:00
[2025-06-25T09:20:05.071+0000] {logging_mixin.py:188} INFO - [2025-06-25T09:20:05.070+0000] {dag.py:3823} INFO - Setting next_dagrun for dataset_produces_2 to None, run_after=None
[2025-06-25T09:20:05.124+0000] {processor.py:183} INFO - Processing /home/airflow/.local/lib/python3.8/site-packages/airflow/example_dags/example_datasets.py took 0.203 seconds
[2025-06-25T09:20:35.212+0000] {processor.py:161} INFO - Started process (PID=2177) to work on /home/airflow/.local/lib/python3.8/site-packages/airflow/example_dags/example_datasets.py
[2025-06-25T09:20:35.213+0000] {processor.py:830} INFO - Processing file /home/airflow/.local/lib/python3.8/site-packages/airflow/example_dags/example_datasets.py for tasks to queue
[2025-06-25T09:20:35.216+0000] {logging_mixin.py:188} INFO - [2025-06-25T09:20:35.216+0000] {dagbag.py:538} INFO - Filling up the DagBag from /home/airflow/.local/lib/python3.8/site-packages/airflow/example_dags/example_datasets.py
[2025-06-25T09:20:35.231+0000] {processor.py:840} INFO - DAG(s) 'dataset_consumes_1', 'dataset_consumes_1_never_scheduled', 'dataset_produces_2', 'dataset_produces_1', 'dataset_consumes_1_and_2', 'dataset_consumes_unknown_never_scheduled' retrieved from /home/airflow/.local/lib/python3.8/site-packages/airflow/example_dags/example_datasets.py
[2025-06-25T09:20:35.300+0000] {logging_mixin.py:188} INFO - [2025-06-25T09:20:35.300+0000] {dag.py:3036} INFO - Sync 6 DAGs
[2025-06-25T09:20:35.346+0000] {logging_mixin.py:188} INFO - [2025-06-25T09:20:35.346+0000] {dag.py:3823} INFO - Setting next_dagrun for dataset_consumes_1 to None, run_after=None
[2025-06-25T09:20:35.353+0000] {logging_mixin.py:188} INFO - [2025-06-25T09:20:35.353+0000] {dag.py:3823} INFO - Setting next_dagrun for dataset_consumes_1_and_2 to None, run_after=None
[2025-06-25T09:20:35.356+0000] {logging_mixin.py:188} INFO - [2025-06-25T09:20:35.355+0000] {dag.py:3823} INFO - Setting next_dagrun for dataset_consumes_1_never_scheduled to None, run_after=None
[2025-06-25T09:20:35.358+0000] {logging_mixin.py:188} INFO - [2025-06-25T09:20:35.357+0000] {dag.py:3823} INFO - Setting next_dagrun for dataset_consumes_unknown_never_scheduled to None, run_after=None
[2025-06-25T09:20:35.363+0000] {logging_mixin.py:188} INFO - [2025-06-25T09:20:35.363+0000] {dag.py:3823} INFO - Setting next_dagrun for dataset_produces_1 to 2025-06-24 00:00:00+00:00, run_after=2025-06-25 00:00:00+00:00
[2025-06-25T09:20:35.366+0000] {logging_mixin.py:188} INFO - [2025-06-25T09:20:35.365+0000] {dag.py:3823} INFO - Setting next_dagrun for dataset_produces_2 to None, run_after=None
[2025-06-25T09:20:35.422+0000] {processor.py:183} INFO - Processing /home/airflow/.local/lib/python3.8/site-packages/airflow/example_dags/example_datasets.py took 0.215 seconds
[2025-06-25T09:21:05.895+0000] {processor.py:161} INFO - Started process (PID=2242) to work on /home/airflow/.local/lib/python3.8/site-packages/airflow/example_dags/example_datasets.py
[2025-06-25T09:21:05.897+0000] {processor.py:830} INFO - Processing file /home/airflow/.local/lib/python3.8/site-packages/airflow/example_dags/example_datasets.py for tasks to queue
[2025-06-25T09:21:05.899+0000] {logging_mixin.py:188} INFO - [2025-06-25T09:21:05.899+0000] {dagbag.py:538} INFO - Filling up the DagBag from /home/airflow/.local/lib/python3.8/site-packages/airflow/example_dags/example_datasets.py
[2025-06-25T09:21:05.914+0000] {processor.py:840} INFO - DAG(s) 'dataset_produces_1', 'dataset_consumes_1_and_2', 'dataset_consumes_1', 'dataset_produces_2', 'dataset_consumes_1_never_scheduled', 'dataset_consumes_unknown_never_scheduled' retrieved from /home/airflow/.local/lib/python3.8/site-packages/airflow/example_dags/example_datasets.py
[2025-06-25T09:21:05.975+0000] {logging_mixin.py:188} INFO - [2025-06-25T09:21:05.975+0000] {dag.py:3036} INFO - Sync 6 DAGs
[2025-06-25T09:21:06.020+0000] {logging_mixin.py:188} INFO - [2025-06-25T09:21:06.019+0000] {dag.py:3823} INFO - Setting next_dagrun for dataset_consumes_1 to None, run_after=None
[2025-06-25T09:21:06.026+0000] {logging_mixin.py:188} INFO - [2025-06-25T09:21:06.026+0000] {dag.py:3823} INFO - Setting next_dagrun for dataset_consumes_1_and_2 to None, run_after=None
[2025-06-25T09:21:06.029+0000] {logging_mixin.py:188} INFO - [2025-06-25T09:21:06.029+0000] {dag.py:3823} INFO - Setting next_dagrun for dataset_consumes_1_never_scheduled to None, run_after=None
[2025-06-25T09:21:06.031+0000] {logging_mixin.py:188} INFO - [2025-06-25T09:21:06.031+0000] {dag.py:3823} INFO - Setting next_dagrun for dataset_consumes_unknown_never_scheduled to None, run_after=None
[2025-06-25T09:21:06.037+0000] {logging_mixin.py:188} INFO - [2025-06-25T09:21:06.037+0000] {dag.py:3823} INFO - Setting next_dagrun for dataset_produces_1 to 2025-06-24 00:00:00+00:00, run_after=2025-06-25 00:00:00+00:00
[2025-06-25T09:21:06.040+0000] {logging_mixin.py:188} INFO - [2025-06-25T09:21:06.039+0000] {dag.py:3823} INFO - Setting next_dagrun for dataset_produces_2 to None, run_after=None
[2025-06-25T09:21:06.088+0000] {processor.py:183} INFO - Processing /home/airflow/.local/lib/python3.8/site-packages/airflow/example_dags/example_datasets.py took 0.198 seconds
