[2025-06-25T09:04:07.884+0000] {processor.py:161} INFO - Started process (PID=71) to work on /home/airflow/.local/lib/python3.8/site-packages/airflow/example_dags/example_branch_python_dop_operator_3.py
[2025-06-25T09:04:07.886+0000] {processor.py:830} INFO - Processing file /home/airflow/.local/lib/python3.8/site-packages/airflow/example_dags/example_branch_python_dop_operator_3.py for tasks to queue
[2025-06-25T09:04:07.888+0000] {logging_mixin.py:188} INFO - [2025-06-25T09:04:07.888+0000] {dagbag.py:538} INFO - Filling up the DagBag from /home/airflow/.local/lib/python3.8/site-packages/airflow/example_dags/example_branch_python_dop_operator_3.py
[2025-06-25T09:04:07.950+0000] {processor.py:840} INFO - DAG(s) 'example_branch_dop_operator_v3' retrieved from /home/airflow/.local/lib/python3.8/site-packages/airflow/example_dags/example_branch_python_dop_operator_3.py
[2025-06-25T09:04:08.124+0000] {logging_mixin.py:188} INFO - [2025-06-25T09:04:08.124+0000] {dag.py:3036} INFO - Sync 1 DAGs
[2025-06-25T09:04:08.200+0000] {logging_mixin.py:188} INFO - [2025-06-25T09:04:08.195+0000] {dag.py:3823} INFO - Setting next_dagrun for example_branch_dop_operator_v3 to 2025-06-25 09:03:00+00:00, run_after=2025-06-25 09:04:00+00:00
[2025-06-25T09:04:08.249+0000] {processor.py:183} INFO - Processing /home/airflow/.local/lib/python3.8/site-packages/airflow/example_dags/example_branch_python_dop_operator_3.py took 0.369 seconds
[2025-06-25T09:04:38.535+0000] {processor.py:161} INFO - Started process (PID=134) to work on /home/airflow/.local/lib/python3.8/site-packages/airflow/example_dags/example_branch_python_dop_operator_3.py
[2025-06-25T09:04:38.536+0000] {processor.py:830} INFO - Processing file /home/airflow/.local/lib/python3.8/site-packages/airflow/example_dags/example_branch_python_dop_operator_3.py for tasks to queue
[2025-06-25T09:04:38.539+0000] {logging_mixin.py:188} INFO - [2025-06-25T09:04:38.538+0000] {dagbag.py:538} INFO - Filling up the DagBag from /home/airflow/.local/lib/python3.8/site-packages/airflow/example_dags/example_branch_python_dop_operator_3.py
[2025-06-25T09:04:38.555+0000] {processor.py:840} INFO - DAG(s) 'example_branch_dop_operator_v3' retrieved from /home/airflow/.local/lib/python3.8/site-packages/airflow/example_dags/example_branch_python_dop_operator_3.py
[2025-06-25T09:04:38.592+0000] {logging_mixin.py:188} INFO - [2025-06-25T09:04:38.592+0000] {dag.py:3036} INFO - Sync 1 DAGs
[2025-06-25T09:04:38.647+0000] {logging_mixin.py:188} INFO - [2025-06-25T09:04:38.647+0000] {dag.py:3823} INFO - Setting next_dagrun for example_branch_dop_operator_v3 to 2025-06-25 09:03:00+00:00, run_after=2025-06-25 09:04:00+00:00
[2025-06-25T09:04:38.677+0000] {processor.py:183} INFO - Processing /home/airflow/.local/lib/python3.8/site-packages/airflow/example_dags/example_branch_python_dop_operator_3.py took 0.148 seconds
[2025-06-25T09:05:08.981+0000] {processor.py:161} INFO - Started process (PID=202) to work on /home/airflow/.local/lib/python3.8/site-packages/airflow/example_dags/example_branch_python_dop_operator_3.py
[2025-06-25T09:05:08.986+0000] {processor.py:830} INFO - Processing file /home/airflow/.local/lib/python3.8/site-packages/airflow/example_dags/example_branch_python_dop_operator_3.py for tasks to queue
[2025-06-25T09:05:08.989+0000] {logging_mixin.py:188} INFO - [2025-06-25T09:05:08.988+0000] {dagbag.py:538} INFO - Filling up the DagBag from /home/airflow/.local/lib/python3.8/site-packages/airflow/example_dags/example_branch_python_dop_operator_3.py
[2025-06-25T09:05:09.006+0000] {processor.py:840} INFO - DAG(s) 'example_branch_dop_operator_v3' retrieved from /home/airflow/.local/lib/python3.8/site-packages/airflow/example_dags/example_branch_python_dop_operator_3.py
[2025-06-25T09:05:09.045+0000] {logging_mixin.py:188} INFO - [2025-06-25T09:05:09.045+0000] {dag.py:3036} INFO - Sync 1 DAGs
[2025-06-25T09:05:09.132+0000] {logging_mixin.py:188} INFO - [2025-06-25T09:05:09.132+0000] {dag.py:3823} INFO - Setting next_dagrun for example_branch_dop_operator_v3 to 2025-06-25 09:04:00+00:00, run_after=2025-06-25 09:05:00+00:00
[2025-06-25T09:05:09.163+0000] {processor.py:183} INFO - Processing /home/airflow/.local/lib/python3.8/site-packages/airflow/example_dags/example_branch_python_dop_operator_3.py took 0.188 seconds
[2025-06-25T09:05:39.397+0000] {processor.py:161} INFO - Started process (PID=268) to work on /home/airflow/.local/lib/python3.8/site-packages/airflow/example_dags/example_branch_python_dop_operator_3.py
[2025-06-25T09:05:39.398+0000] {processor.py:830} INFO - Processing file /home/airflow/.local/lib/python3.8/site-packages/airflow/example_dags/example_branch_python_dop_operator_3.py for tasks to queue
[2025-06-25T09:05:39.401+0000] {logging_mixin.py:188} INFO - [2025-06-25T09:05:39.400+0000] {dagbag.py:538} INFO - Filling up the DagBag from /home/airflow/.local/lib/python3.8/site-packages/airflow/example_dags/example_branch_python_dop_operator_3.py
[2025-06-25T09:05:39.428+0000] {processor.py:840} INFO - DAG(s) 'example_branch_dop_operator_v3' retrieved from /home/airflow/.local/lib/python3.8/site-packages/airflow/example_dags/example_branch_python_dop_operator_3.py
[2025-06-25T09:05:39.465+0000] {logging_mixin.py:188} INFO - [2025-06-25T09:05:39.465+0000] {dag.py:3036} INFO - Sync 1 DAGs
[2025-06-25T09:05:39.520+0000] {logging_mixin.py:188} INFO - [2025-06-25T09:05:39.520+0000] {dag.py:3823} INFO - Setting next_dagrun for example_branch_dop_operator_v3 to 2025-06-25 09:04:00+00:00, run_after=2025-06-25 09:05:00+00:00
[2025-06-25T09:05:39.554+0000] {processor.py:183} INFO - Processing /home/airflow/.local/lib/python3.8/site-packages/airflow/example_dags/example_branch_python_dop_operator_3.py took 0.162 seconds
[2025-06-25T09:06:09.721+0000] {processor.py:161} INFO - Started process (PID=334) to work on /home/airflow/.local/lib/python3.8/site-packages/airflow/example_dags/example_branch_python_dop_operator_3.py
[2025-06-25T09:06:09.723+0000] {processor.py:830} INFO - Processing file /home/airflow/.local/lib/python3.8/site-packages/airflow/example_dags/example_branch_python_dop_operator_3.py for tasks to queue
[2025-06-25T09:06:09.726+0000] {logging_mixin.py:188} INFO - [2025-06-25T09:06:09.725+0000] {dagbag.py:538} INFO - Filling up the DagBag from /home/airflow/.local/lib/python3.8/site-packages/airflow/example_dags/example_branch_python_dop_operator_3.py
[2025-06-25T09:06:09.741+0000] {processor.py:840} INFO - DAG(s) 'example_branch_dop_operator_v3' retrieved from /home/airflow/.local/lib/python3.8/site-packages/airflow/example_dags/example_branch_python_dop_operator_3.py
[2025-06-25T09:06:09.774+0000] {logging_mixin.py:188} INFO - [2025-06-25T09:06:09.774+0000] {dag.py:3036} INFO - Sync 1 DAGs
[2025-06-25T09:06:09.824+0000] {logging_mixin.py:188} INFO - [2025-06-25T09:06:09.824+0000] {dag.py:3823} INFO - Setting next_dagrun for example_branch_dop_operator_v3 to 2025-06-25 09:05:00+00:00, run_after=2025-06-25 09:06:00+00:00
[2025-06-25T09:06:09.854+0000] {processor.py:183} INFO - Processing /home/airflow/.local/lib/python3.8/site-packages/airflow/example_dags/example_branch_python_dop_operator_3.py took 0.139 seconds
[2025-06-25T09:06:40.244+0000] {processor.py:161} INFO - Started process (PID=399) to work on /home/airflow/.local/lib/python3.8/site-packages/airflow/example_dags/example_branch_python_dop_operator_3.py
[2025-06-25T09:06:40.245+0000] {processor.py:830} INFO - Processing file /home/airflow/.local/lib/python3.8/site-packages/airflow/example_dags/example_branch_python_dop_operator_3.py for tasks to queue
[2025-06-25T09:06:40.247+0000] {logging_mixin.py:188} INFO - [2025-06-25T09:06:40.247+0000] {dagbag.py:538} INFO - Filling up the DagBag from /home/airflow/.local/lib/python3.8/site-packages/airflow/example_dags/example_branch_python_dop_operator_3.py
[2025-06-25T09:06:40.263+0000] {processor.py:840} INFO - DAG(s) 'example_branch_dop_operator_v3' retrieved from /home/airflow/.local/lib/python3.8/site-packages/airflow/example_dags/example_branch_python_dop_operator_3.py
[2025-06-25T09:06:40.296+0000] {logging_mixin.py:188} INFO - [2025-06-25T09:06:40.295+0000] {dag.py:3036} INFO - Sync 1 DAGs
[2025-06-25T09:06:40.344+0000] {logging_mixin.py:188} INFO - [2025-06-25T09:06:40.344+0000] {dag.py:3823} INFO - Setting next_dagrun for example_branch_dop_operator_v3 to 2025-06-25 09:05:00+00:00, run_after=2025-06-25 09:06:00+00:00
[2025-06-25T09:06:40.377+0000] {processor.py:183} INFO - Processing /home/airflow/.local/lib/python3.8/site-packages/airflow/example_dags/example_branch_python_dop_operator_3.py took 0.139 seconds
[2025-06-25T09:07:10.811+0000] {processor.py:161} INFO - Started process (PID=464) to work on /home/airflow/.local/lib/python3.8/site-packages/airflow/example_dags/example_branch_python_dop_operator_3.py
[2025-06-25T09:07:10.813+0000] {processor.py:830} INFO - Processing file /home/airflow/.local/lib/python3.8/site-packages/airflow/example_dags/example_branch_python_dop_operator_3.py for tasks to queue
[2025-06-25T09:07:10.816+0000] {logging_mixin.py:188} INFO - [2025-06-25T09:07:10.815+0000] {dagbag.py:538} INFO - Filling up the DagBag from /home/airflow/.local/lib/python3.8/site-packages/airflow/example_dags/example_branch_python_dop_operator_3.py
[2025-06-25T09:07:10.830+0000] {processor.py:840} INFO - DAG(s) 'example_branch_dop_operator_v3' retrieved from /home/airflow/.local/lib/python3.8/site-packages/airflow/example_dags/example_branch_python_dop_operator_3.py
[2025-06-25T09:07:10.871+0000] {logging_mixin.py:188} INFO - [2025-06-25T09:07:10.871+0000] {dag.py:3036} INFO - Sync 1 DAGs
[2025-06-25T09:07:10.942+0000] {logging_mixin.py:188} INFO - [2025-06-25T09:07:10.942+0000] {dag.py:3823} INFO - Setting next_dagrun for example_branch_dop_operator_v3 to 2025-06-25 09:06:00+00:00, run_after=2025-06-25 09:07:00+00:00
[2025-06-25T09:07:10.971+0000] {processor.py:183} INFO - Processing /home/airflow/.local/lib/python3.8/site-packages/airflow/example_dags/example_branch_python_dop_operator_3.py took 0.165 seconds
[2025-06-25T09:07:41.551+0000] {processor.py:161} INFO - Started process (PID=529) to work on /home/airflow/.local/lib/python3.8/site-packages/airflow/example_dags/example_branch_python_dop_operator_3.py
[2025-06-25T09:07:41.554+0000] {processor.py:830} INFO - Processing file /home/airflow/.local/lib/python3.8/site-packages/airflow/example_dags/example_branch_python_dop_operator_3.py for tasks to queue
[2025-06-25T09:07:41.557+0000] {logging_mixin.py:188} INFO - [2025-06-25T09:07:41.556+0000] {dagbag.py:538} INFO - Filling up the DagBag from /home/airflow/.local/lib/python3.8/site-packages/airflow/example_dags/example_branch_python_dop_operator_3.py
[2025-06-25T09:07:41.572+0000] {processor.py:840} INFO - DAG(s) 'example_branch_dop_operator_v3' retrieved from /home/airflow/.local/lib/python3.8/site-packages/airflow/example_dags/example_branch_python_dop_operator_3.py
[2025-06-25T09:07:41.610+0000] {logging_mixin.py:188} INFO - [2025-06-25T09:07:41.610+0000] {dag.py:3036} INFO - Sync 1 DAGs
[2025-06-25T09:07:41.668+0000] {logging_mixin.py:188} INFO - [2025-06-25T09:07:41.668+0000] {dag.py:3823} INFO - Setting next_dagrun for example_branch_dop_operator_v3 to 2025-06-25 09:06:00+00:00, run_after=2025-06-25 09:07:00+00:00
[2025-06-25T09:07:41.707+0000] {processor.py:183} INFO - Processing /home/airflow/.local/lib/python3.8/site-packages/airflow/example_dags/example_branch_python_dop_operator_3.py took 0.161 seconds
[2025-06-25T09:08:11.769+0000] {processor.py:161} INFO - Started process (PID=596) to work on /home/airflow/.local/lib/python3.8/site-packages/airflow/example_dags/example_branch_python_dop_operator_3.py
[2025-06-25T09:08:11.770+0000] {processor.py:830} INFO - Processing file /home/airflow/.local/lib/python3.8/site-packages/airflow/example_dags/example_branch_python_dop_operator_3.py for tasks to queue
[2025-06-25T09:08:11.773+0000] {logging_mixin.py:188} INFO - [2025-06-25T09:08:11.772+0000] {dagbag.py:538} INFO - Filling up the DagBag from /home/airflow/.local/lib/python3.8/site-packages/airflow/example_dags/example_branch_python_dop_operator_3.py
[2025-06-25T09:08:11.787+0000] {processor.py:840} INFO - DAG(s) 'example_branch_dop_operator_v3' retrieved from /home/airflow/.local/lib/python3.8/site-packages/airflow/example_dags/example_branch_python_dop_operator_3.py
[2025-06-25T09:08:11.819+0000] {logging_mixin.py:188} INFO - [2025-06-25T09:08:11.819+0000] {dag.py:3036} INFO - Sync 1 DAGs
[2025-06-25T09:08:11.863+0000] {logging_mixin.py:188} INFO - [2025-06-25T09:08:11.862+0000] {dag.py:3823} INFO - Setting next_dagrun for example_branch_dop_operator_v3 to 2025-06-25 09:07:00+00:00, run_after=2025-06-25 09:08:00+00:00
[2025-06-25T09:08:11.891+0000] {processor.py:183} INFO - Processing /home/airflow/.local/lib/python3.8/site-packages/airflow/example_dags/example_branch_python_dop_operator_3.py took 0.127 seconds
[2025-06-25T09:08:42.562+0000] {processor.py:161} INFO - Started process (PID=660) to work on /home/airflow/.local/lib/python3.8/site-packages/airflow/example_dags/example_branch_python_dop_operator_3.py
[2025-06-25T09:08:42.566+0000] {processor.py:830} INFO - Processing file /home/airflow/.local/lib/python3.8/site-packages/airflow/example_dags/example_branch_python_dop_operator_3.py for tasks to queue
[2025-06-25T09:08:42.569+0000] {logging_mixin.py:188} INFO - [2025-06-25T09:08:42.569+0000] {dagbag.py:538} INFO - Filling up the DagBag from /home/airflow/.local/lib/python3.8/site-packages/airflow/example_dags/example_branch_python_dop_operator_3.py
[2025-06-25T09:08:42.586+0000] {processor.py:840} INFO - DAG(s) 'example_branch_dop_operator_v3' retrieved from /home/airflow/.local/lib/python3.8/site-packages/airflow/example_dags/example_branch_python_dop_operator_3.py
[2025-06-25T09:08:42.623+0000] {logging_mixin.py:188} INFO - [2025-06-25T09:08:42.623+0000] {dag.py:3036} INFO - Sync 1 DAGs
[2025-06-25T09:08:42.680+0000] {logging_mixin.py:188} INFO - [2025-06-25T09:08:42.679+0000] {dag.py:3823} INFO - Setting next_dagrun for example_branch_dop_operator_v3 to 2025-06-25 09:07:00+00:00, run_after=2025-06-25 09:08:00+00:00
[2025-06-25T09:08:42.720+0000] {processor.py:183} INFO - Processing /home/airflow/.local/lib/python3.8/site-packages/airflow/example_dags/example_branch_python_dop_operator_3.py took 0.163 seconds
[2025-06-25T09:09:12.927+0000] {processor.py:161} INFO - Started process (PID=725) to work on /home/airflow/.local/lib/python3.8/site-packages/airflow/example_dags/example_branch_python_dop_operator_3.py
[2025-06-25T09:09:12.929+0000] {processor.py:830} INFO - Processing file /home/airflow/.local/lib/python3.8/site-packages/airflow/example_dags/example_branch_python_dop_operator_3.py for tasks to queue
[2025-06-25T09:09:12.933+0000] {logging_mixin.py:188} INFO - [2025-06-25T09:09:12.932+0000] {dagbag.py:538} INFO - Filling up the DagBag from /home/airflow/.local/lib/python3.8/site-packages/airflow/example_dags/example_branch_python_dop_operator_3.py
[2025-06-25T09:09:12.953+0000] {processor.py:840} INFO - DAG(s) 'example_branch_dop_operator_v3' retrieved from /home/airflow/.local/lib/python3.8/site-packages/airflow/example_dags/example_branch_python_dop_operator_3.py
[2025-06-25T09:09:12.994+0000] {logging_mixin.py:188} INFO - [2025-06-25T09:09:12.994+0000] {dag.py:3036} INFO - Sync 1 DAGs
[2025-06-25T09:09:13.059+0000] {logging_mixin.py:188} INFO - [2025-06-25T09:09:13.059+0000] {dag.py:3823} INFO - Setting next_dagrun for example_branch_dop_operator_v3 to 2025-06-25 09:08:00+00:00, run_after=2025-06-25 09:09:00+00:00
[2025-06-25T09:09:13.105+0000] {processor.py:183} INFO - Processing /home/airflow/.local/lib/python3.8/site-packages/airflow/example_dags/example_branch_python_dop_operator_3.py took 0.184 seconds
[2025-06-25T09:09:43.269+0000] {processor.py:161} INFO - Started process (PID=789) to work on /home/airflow/.local/lib/python3.8/site-packages/airflow/example_dags/example_branch_python_dop_operator_3.py
[2025-06-25T09:09:43.271+0000] {processor.py:830} INFO - Processing file /home/airflow/.local/lib/python3.8/site-packages/airflow/example_dags/example_branch_python_dop_operator_3.py for tasks to queue
[2025-06-25T09:09:43.274+0000] {logging_mixin.py:188} INFO - [2025-06-25T09:09:43.273+0000] {dagbag.py:538} INFO - Filling up the DagBag from /home/airflow/.local/lib/python3.8/site-packages/airflow/example_dags/example_branch_python_dop_operator_3.py
[2025-06-25T09:09:43.293+0000] {processor.py:840} INFO - DAG(s) 'example_branch_dop_operator_v3' retrieved from /home/airflow/.local/lib/python3.8/site-packages/airflow/example_dags/example_branch_python_dop_operator_3.py
[2025-06-25T09:09:43.333+0000] {logging_mixin.py:188} INFO - [2025-06-25T09:09:43.332+0000] {dag.py:3036} INFO - Sync 1 DAGs
[2025-06-25T09:09:43.443+0000] {logging_mixin.py:188} INFO - [2025-06-25T09:09:43.442+0000] {dag.py:3823} INFO - Setting next_dagrun for example_branch_dop_operator_v3 to 2025-06-25 09:08:00+00:00, run_after=2025-06-25 09:09:00+00:00
[2025-06-25T09:09:43.502+0000] {processor.py:183} INFO - Processing /home/airflow/.local/lib/python3.8/site-packages/airflow/example_dags/example_branch_python_dop_operator_3.py took 0.241 seconds
[2025-06-25T09:10:14.013+0000] {processor.py:161} INFO - Started process (PID=862) to work on /home/airflow/.local/lib/python3.8/site-packages/airflow/example_dags/example_branch_python_dop_operator_3.py
[2025-06-25T09:10:14.016+0000] {processor.py:830} INFO - Processing file /home/airflow/.local/lib/python3.8/site-packages/airflow/example_dags/example_branch_python_dop_operator_3.py for tasks to queue
[2025-06-25T09:10:14.019+0000] {logging_mixin.py:188} INFO - [2025-06-25T09:10:14.018+0000] {dagbag.py:538} INFO - Filling up the DagBag from /home/airflow/.local/lib/python3.8/site-packages/airflow/example_dags/example_branch_python_dop_operator_3.py
[2025-06-25T09:10:14.037+0000] {processor.py:840} INFO - DAG(s) 'example_branch_dop_operator_v3' retrieved from /home/airflow/.local/lib/python3.8/site-packages/airflow/example_dags/example_branch_python_dop_operator_3.py
[2025-06-25T09:10:14.089+0000] {logging_mixin.py:188} INFO - [2025-06-25T09:10:14.089+0000] {dag.py:3036} INFO - Sync 1 DAGs
[2025-06-25T09:10:14.173+0000] {logging_mixin.py:188} INFO - [2025-06-25T09:10:14.172+0000] {dag.py:3823} INFO - Setting next_dagrun for example_branch_dop_operator_v3 to 2025-06-25 09:09:00+00:00, run_after=2025-06-25 09:10:00+00:00
[2025-06-25T09:10:14.236+0000] {processor.py:183} INFO - Processing /home/airflow/.local/lib/python3.8/site-packages/airflow/example_dags/example_branch_python_dop_operator_3.py took 0.228 seconds
[2025-06-25T09:10:44.547+0000] {processor.py:161} INFO - Started process (PID=927) to work on /home/airflow/.local/lib/python3.8/site-packages/airflow/example_dags/example_branch_python_dop_operator_3.py
[2025-06-25T09:10:44.549+0000] {processor.py:830} INFO - Processing file /home/airflow/.local/lib/python3.8/site-packages/airflow/example_dags/example_branch_python_dop_operator_3.py for tasks to queue
[2025-06-25T09:10:44.552+0000] {logging_mixin.py:188} INFO - [2025-06-25T09:10:44.551+0000] {dagbag.py:538} INFO - Filling up the DagBag from /home/airflow/.local/lib/python3.8/site-packages/airflow/example_dags/example_branch_python_dop_operator_3.py
[2025-06-25T09:10:44.569+0000] {processor.py:840} INFO - DAG(s) 'example_branch_dop_operator_v3' retrieved from /home/airflow/.local/lib/python3.8/site-packages/airflow/example_dags/example_branch_python_dop_operator_3.py
[2025-06-25T09:10:44.600+0000] {logging_mixin.py:188} INFO - [2025-06-25T09:10:44.599+0000] {dag.py:3036} INFO - Sync 1 DAGs
[2025-06-25T09:10:44.643+0000] {logging_mixin.py:188} INFO - [2025-06-25T09:10:44.643+0000] {dag.py:3823} INFO - Setting next_dagrun for example_branch_dop_operator_v3 to 2025-06-25 09:09:00+00:00, run_after=2025-06-25 09:10:00+00:00
[2025-06-25T09:10:44.674+0000] {processor.py:183} INFO - Processing /home/airflow/.local/lib/python3.8/site-packages/airflow/example_dags/example_branch_python_dop_operator_3.py took 0.133 seconds
[2025-06-25T09:11:15.249+0000] {processor.py:161} INFO - Started process (PID=992) to work on /home/airflow/.local/lib/python3.8/site-packages/airflow/example_dags/example_branch_python_dop_operator_3.py
[2025-06-25T09:11:15.251+0000] {processor.py:830} INFO - Processing file /home/airflow/.local/lib/python3.8/site-packages/airflow/example_dags/example_branch_python_dop_operator_3.py for tasks to queue
[2025-06-25T09:11:15.261+0000] {logging_mixin.py:188} INFO - [2025-06-25T09:11:15.257+0000] {dagbag.py:538} INFO - Filling up the DagBag from /home/airflow/.local/lib/python3.8/site-packages/airflow/example_dags/example_branch_python_dop_operator_3.py
[2025-06-25T09:11:15.306+0000] {processor.py:840} INFO - DAG(s) 'example_branch_dop_operator_v3' retrieved from /home/airflow/.local/lib/python3.8/site-packages/airflow/example_dags/example_branch_python_dop_operator_3.py
[2025-06-25T09:11:15.355+0000] {logging_mixin.py:188} INFO - [2025-06-25T09:11:15.354+0000] {dag.py:3036} INFO - Sync 1 DAGs
[2025-06-25T09:11:15.416+0000] {logging_mixin.py:188} INFO - [2025-06-25T09:11:15.416+0000] {dag.py:3823} INFO - Setting next_dagrun for example_branch_dop_operator_v3 to 2025-06-25 09:10:00+00:00, run_after=2025-06-25 09:11:00+00:00
[2025-06-25T09:11:15.455+0000] {processor.py:183} INFO - Processing /home/airflow/.local/lib/python3.8/site-packages/airflow/example_dags/example_branch_python_dop_operator_3.py took 0.214 seconds
[2025-06-25T09:11:45.539+0000] {processor.py:161} INFO - Started process (PID=1057) to work on /home/airflow/.local/lib/python3.8/site-packages/airflow/example_dags/example_branch_python_dop_operator_3.py
[2025-06-25T09:11:45.540+0000] {processor.py:830} INFO - Processing file /home/airflow/.local/lib/python3.8/site-packages/airflow/example_dags/example_branch_python_dop_operator_3.py for tasks to queue
[2025-06-25T09:11:45.544+0000] {logging_mixin.py:188} INFO - [2025-06-25T09:11:45.543+0000] {dagbag.py:538} INFO - Filling up the DagBag from /home/airflow/.local/lib/python3.8/site-packages/airflow/example_dags/example_branch_python_dop_operator_3.py
[2025-06-25T09:11:45.562+0000] {processor.py:840} INFO - DAG(s) 'example_branch_dop_operator_v3' retrieved from /home/airflow/.local/lib/python3.8/site-packages/airflow/example_dags/example_branch_python_dop_operator_3.py
[2025-06-25T09:11:45.604+0000] {logging_mixin.py:188} INFO - [2025-06-25T09:11:45.604+0000] {dag.py:3036} INFO - Sync 1 DAGs
[2025-06-25T09:11:45.672+0000] {logging_mixin.py:188} INFO - [2025-06-25T09:11:45.670+0000] {dag.py:3823} INFO - Setting next_dagrun for example_branch_dop_operator_v3 to 2025-06-25 09:10:00+00:00, run_after=2025-06-25 09:11:00+00:00
[2025-06-25T09:11:45.746+0000] {processor.py:183} INFO - Processing /home/airflow/.local/lib/python3.8/site-packages/airflow/example_dags/example_branch_python_dop_operator_3.py took 0.214 seconds
[2025-06-25T09:12:15.968+0000] {processor.py:161} INFO - Started process (PID=1119) to work on /home/airflow/.local/lib/python3.8/site-packages/airflow/example_dags/example_branch_python_dop_operator_3.py
[2025-06-25T09:12:15.970+0000] {processor.py:830} INFO - Processing file /home/airflow/.local/lib/python3.8/site-packages/airflow/example_dags/example_branch_python_dop_operator_3.py for tasks to queue
[2025-06-25T09:12:15.973+0000] {logging_mixin.py:188} INFO - [2025-06-25T09:12:15.973+0000] {dagbag.py:538} INFO - Filling up the DagBag from /home/airflow/.local/lib/python3.8/site-packages/airflow/example_dags/example_branch_python_dop_operator_3.py
[2025-06-25T09:12:15.992+0000] {processor.py:840} INFO - DAG(s) 'example_branch_dop_operator_v3' retrieved from /home/airflow/.local/lib/python3.8/site-packages/airflow/example_dags/example_branch_python_dop_operator_3.py
[2025-06-25T09:12:16.028+0000] {logging_mixin.py:188} INFO - [2025-06-25T09:12:16.027+0000] {dag.py:3036} INFO - Sync 1 DAGs
[2025-06-25T09:12:16.130+0000] {logging_mixin.py:188} INFO - [2025-06-25T09:12:16.129+0000] {dag.py:3823} INFO - Setting next_dagrun for example_branch_dop_operator_v3 to 2025-06-25 09:11:00+00:00, run_after=2025-06-25 09:12:00+00:00
[2025-06-25T09:12:16.177+0000] {processor.py:183} INFO - Processing /home/airflow/.local/lib/python3.8/site-packages/airflow/example_dags/example_branch_python_dop_operator_3.py took 0.215 seconds
[2025-06-25T09:12:46.841+0000] {processor.py:161} INFO - Started process (PID=1185) to work on /home/airflow/.local/lib/python3.8/site-packages/airflow/example_dags/example_branch_python_dop_operator_3.py
[2025-06-25T09:12:46.853+0000] {processor.py:830} INFO - Processing file /home/airflow/.local/lib/python3.8/site-packages/airflow/example_dags/example_branch_python_dop_operator_3.py for tasks to queue
[2025-06-25T09:12:46.857+0000] {logging_mixin.py:188} INFO - [2025-06-25T09:12:46.856+0000] {dagbag.py:538} INFO - Filling up the DagBag from /home/airflow/.local/lib/python3.8/site-packages/airflow/example_dags/example_branch_python_dop_operator_3.py
[2025-06-25T09:12:46.903+0000] {processor.py:840} INFO - DAG(s) 'example_branch_dop_operator_v3' retrieved from /home/airflow/.local/lib/python3.8/site-packages/airflow/example_dags/example_branch_python_dop_operator_3.py
[2025-06-25T09:12:46.948+0000] {logging_mixin.py:188} INFO - [2025-06-25T09:12:46.947+0000] {dag.py:3036} INFO - Sync 1 DAGs
[2025-06-25T09:12:47.012+0000] {logging_mixin.py:188} INFO - [2025-06-25T09:12:47.012+0000] {dag.py:3823} INFO - Setting next_dagrun for example_branch_dop_operator_v3 to 2025-06-25 09:11:00+00:00, run_after=2025-06-25 09:12:00+00:00
[2025-06-25T09:12:47.055+0000] {processor.py:183} INFO - Processing /home/airflow/.local/lib/python3.8/site-packages/airflow/example_dags/example_branch_python_dop_operator_3.py took 0.228 seconds
[2025-06-25T09:13:17.750+0000] {processor.py:161} INFO - Started process (PID=1251) to work on /home/airflow/.local/lib/python3.8/site-packages/airflow/example_dags/example_branch_python_dop_operator_3.py
[2025-06-25T09:13:17.752+0000] {processor.py:830} INFO - Processing file /home/airflow/.local/lib/python3.8/site-packages/airflow/example_dags/example_branch_python_dop_operator_3.py for tasks to queue
[2025-06-25T09:13:17.756+0000] {logging_mixin.py:188} INFO - [2025-06-25T09:13:17.755+0000] {dagbag.py:538} INFO - Filling up the DagBag from /home/airflow/.local/lib/python3.8/site-packages/airflow/example_dags/example_branch_python_dop_operator_3.py
[2025-06-25T09:13:17.775+0000] {processor.py:840} INFO - DAG(s) 'example_branch_dop_operator_v3' retrieved from /home/airflow/.local/lib/python3.8/site-packages/airflow/example_dags/example_branch_python_dop_operator_3.py
[2025-06-25T09:13:17.822+0000] {logging_mixin.py:188} INFO - [2025-06-25T09:13:17.821+0000] {dag.py:3036} INFO - Sync 1 DAGs
[2025-06-25T09:13:17.914+0000] {logging_mixin.py:188} INFO - [2025-06-25T09:13:17.913+0000] {dag.py:3823} INFO - Setting next_dagrun for example_branch_dop_operator_v3 to 2025-06-25 09:12:00+00:00, run_after=2025-06-25 09:13:00+00:00
[2025-06-25T09:13:17.982+0000] {processor.py:183} INFO - Processing /home/airflow/.local/lib/python3.8/site-packages/airflow/example_dags/example_branch_python_dop_operator_3.py took 0.238 seconds
[2025-06-25T09:13:48.202+0000] {processor.py:161} INFO - Started process (PID=1310) to work on /home/airflow/.local/lib/python3.8/site-packages/airflow/example_dags/example_branch_python_dop_operator_3.py
[2025-06-25T09:13:48.205+0000] {processor.py:830} INFO - Processing file /home/airflow/.local/lib/python3.8/site-packages/airflow/example_dags/example_branch_python_dop_operator_3.py for tasks to queue
[2025-06-25T09:13:48.208+0000] {logging_mixin.py:188} INFO - [2025-06-25T09:13:48.208+0000] {dagbag.py:538} INFO - Filling up the DagBag from /home/airflow/.local/lib/python3.8/site-packages/airflow/example_dags/example_branch_python_dop_operator_3.py
[2025-06-25T09:13:48.225+0000] {processor.py:840} INFO - DAG(s) 'example_branch_dop_operator_v3' retrieved from /home/airflow/.local/lib/python3.8/site-packages/airflow/example_dags/example_branch_python_dop_operator_3.py
[2025-06-25T09:13:48.266+0000] {logging_mixin.py:188} INFO - [2025-06-25T09:13:48.266+0000] {dag.py:3036} INFO - Sync 1 DAGs
[2025-06-25T09:13:48.323+0000] {logging_mixin.py:188} INFO - [2025-06-25T09:13:48.322+0000] {dag.py:3823} INFO - Setting next_dagrun for example_branch_dop_operator_v3 to 2025-06-25 09:12:00+00:00, run_after=2025-06-25 09:13:00+00:00
[2025-06-25T09:13:48.359+0000] {processor.py:183} INFO - Processing /home/airflow/.local/lib/python3.8/site-packages/airflow/example_dags/example_branch_python_dop_operator_3.py took 0.166 seconds
[2025-06-25T09:14:18.678+0000] {processor.py:161} INFO - Started process (PID=1375) to work on /home/airflow/.local/lib/python3.8/site-packages/airflow/example_dags/example_branch_python_dop_operator_3.py
[2025-06-25T09:14:18.681+0000] {processor.py:830} INFO - Processing file /home/airflow/.local/lib/python3.8/site-packages/airflow/example_dags/example_branch_python_dop_operator_3.py for tasks to queue
[2025-06-25T09:14:18.686+0000] {logging_mixin.py:188} INFO - [2025-06-25T09:14:18.685+0000] {dagbag.py:538} INFO - Filling up the DagBag from /home/airflow/.local/lib/python3.8/site-packages/airflow/example_dags/example_branch_python_dop_operator_3.py
[2025-06-25T09:14:18.705+0000] {processor.py:840} INFO - DAG(s) 'example_branch_dop_operator_v3' retrieved from /home/airflow/.local/lib/python3.8/site-packages/airflow/example_dags/example_branch_python_dop_operator_3.py
[2025-06-25T09:14:18.746+0000] {logging_mixin.py:188} INFO - [2025-06-25T09:14:18.746+0000] {dag.py:3036} INFO - Sync 1 DAGs
[2025-06-25T09:14:18.813+0000] {logging_mixin.py:188} INFO - [2025-06-25T09:14:18.812+0000] {dag.py:3823} INFO - Setting next_dagrun for example_branch_dop_operator_v3 to 2025-06-25 09:13:00+00:00, run_after=2025-06-25 09:14:00+00:00
[2025-06-25T09:14:18.853+0000] {processor.py:183} INFO - Processing /home/airflow/.local/lib/python3.8/site-packages/airflow/example_dags/example_branch_python_dop_operator_3.py took 0.181 seconds
[2025-06-25T09:14:49.538+0000] {processor.py:161} INFO - Started process (PID=1440) to work on /home/airflow/.local/lib/python3.8/site-packages/airflow/example_dags/example_branch_python_dop_operator_3.py
[2025-06-25T09:14:49.541+0000] {processor.py:830} INFO - Processing file /home/airflow/.local/lib/python3.8/site-packages/airflow/example_dags/example_branch_python_dop_operator_3.py for tasks to queue
[2025-06-25T09:14:49.548+0000] {logging_mixin.py:188} INFO - [2025-06-25T09:14:49.547+0000] {dagbag.py:538} INFO - Filling up the DagBag from /home/airflow/.local/lib/python3.8/site-packages/airflow/example_dags/example_branch_python_dop_operator_3.py
[2025-06-25T09:14:49.570+0000] {processor.py:840} INFO - DAG(s) 'example_branch_dop_operator_v3' retrieved from /home/airflow/.local/lib/python3.8/site-packages/airflow/example_dags/example_branch_python_dop_operator_3.py
[2025-06-25T09:14:49.605+0000] {logging_mixin.py:188} INFO - [2025-06-25T09:14:49.605+0000] {dag.py:3036} INFO - Sync 1 DAGs
[2025-06-25T09:14:49.665+0000] {logging_mixin.py:188} INFO - [2025-06-25T09:14:49.664+0000] {dag.py:3823} INFO - Setting next_dagrun for example_branch_dop_operator_v3 to 2025-06-25 09:13:00+00:00, run_after=2025-06-25 09:14:00+00:00
[2025-06-25T09:14:49.706+0000] {processor.py:183} INFO - Processing /home/airflow/.local/lib/python3.8/site-packages/airflow/example_dags/example_branch_python_dop_operator_3.py took 0.181 seconds
[2025-06-25T09:15:20.290+0000] {processor.py:161} INFO - Started process (PID=1505) to work on /home/airflow/.local/lib/python3.8/site-packages/airflow/example_dags/example_branch_python_dop_operator_3.py
[2025-06-25T09:15:20.295+0000] {processor.py:830} INFO - Processing file /home/airflow/.local/lib/python3.8/site-packages/airflow/example_dags/example_branch_python_dop_operator_3.py for tasks to queue
[2025-06-25T09:15:20.300+0000] {logging_mixin.py:188} INFO - [2025-06-25T09:15:20.298+0000] {dagbag.py:538} INFO - Filling up the DagBag from /home/airflow/.local/lib/python3.8/site-packages/airflow/example_dags/example_branch_python_dop_operator_3.py
[2025-06-25T09:15:20.328+0000] {processor.py:840} INFO - DAG(s) 'example_branch_dop_operator_v3' retrieved from /home/airflow/.local/lib/python3.8/site-packages/airflow/example_dags/example_branch_python_dop_operator_3.py
[2025-06-25T09:15:20.387+0000] {logging_mixin.py:188} INFO - [2025-06-25T09:15:20.386+0000] {dag.py:3036} INFO - Sync 1 DAGs
[2025-06-25T09:15:20.488+0000] {logging_mixin.py:188} INFO - [2025-06-25T09:15:20.484+0000] {dag.py:3823} INFO - Setting next_dagrun for example_branch_dop_operator_v3 to 2025-06-25 09:14:00+00:00, run_after=2025-06-25 09:15:00+00:00
[2025-06-25T09:15:20.547+0000] {processor.py:183} INFO - Processing /home/airflow/.local/lib/python3.8/site-packages/airflow/example_dags/example_branch_python_dop_operator_3.py took 0.266 seconds
[2025-06-25T09:15:50.985+0000] {processor.py:161} INFO - Started process (PID=1570) to work on /home/airflow/.local/lib/python3.8/site-packages/airflow/example_dags/example_branch_python_dop_operator_3.py
[2025-06-25T09:15:50.987+0000] {processor.py:830} INFO - Processing file /home/airflow/.local/lib/python3.8/site-packages/airflow/example_dags/example_branch_python_dop_operator_3.py for tasks to queue
[2025-06-25T09:15:50.990+0000] {logging_mixin.py:188} INFO - [2025-06-25T09:15:50.990+0000] {dagbag.py:538} INFO - Filling up the DagBag from /home/airflow/.local/lib/python3.8/site-packages/airflow/example_dags/example_branch_python_dop_operator_3.py
[2025-06-25T09:15:51.012+0000] {processor.py:840} INFO - DAG(s) 'example_branch_dop_operator_v3' retrieved from /home/airflow/.local/lib/python3.8/site-packages/airflow/example_dags/example_branch_python_dop_operator_3.py
[2025-06-25T09:15:51.056+0000] {logging_mixin.py:188} INFO - [2025-06-25T09:15:51.055+0000] {dag.py:3036} INFO - Sync 1 DAGs
[2025-06-25T09:15:51.147+0000] {logging_mixin.py:188} INFO - [2025-06-25T09:15:51.146+0000] {dag.py:3823} INFO - Setting next_dagrun for example_branch_dop_operator_v3 to 2025-06-25 09:14:00+00:00, run_after=2025-06-25 09:15:00+00:00
[2025-06-25T09:15:51.191+0000] {processor.py:183} INFO - Processing /home/airflow/.local/lib/python3.8/site-packages/airflow/example_dags/example_branch_python_dop_operator_3.py took 0.213 seconds
[2025-06-25T09:16:21.472+0000] {processor.py:161} INFO - Started process (PID=1634) to work on /home/airflow/.local/lib/python3.8/site-packages/airflow/example_dags/example_branch_python_dop_operator_3.py
[2025-06-25T09:16:21.488+0000] {processor.py:830} INFO - Processing file /home/airflow/.local/lib/python3.8/site-packages/airflow/example_dags/example_branch_python_dop_operator_3.py for tasks to queue
[2025-06-25T09:16:21.491+0000] {logging_mixin.py:188} INFO - [2025-06-25T09:16:21.490+0000] {dagbag.py:538} INFO - Filling up the DagBag from /home/airflow/.local/lib/python3.8/site-packages/airflow/example_dags/example_branch_python_dop_operator_3.py
[2025-06-25T09:16:21.519+0000] {processor.py:840} INFO - DAG(s) 'example_branch_dop_operator_v3' retrieved from /home/airflow/.local/lib/python3.8/site-packages/airflow/example_dags/example_branch_python_dop_operator_3.py
[2025-06-25T09:16:21.589+0000] {logging_mixin.py:188} INFO - [2025-06-25T09:16:21.588+0000] {dag.py:3036} INFO - Sync 1 DAGs
[2025-06-25T09:16:21.654+0000] {logging_mixin.py:188} INFO - [2025-06-25T09:16:21.653+0000] {dag.py:3823} INFO - Setting next_dagrun for example_branch_dop_operator_v3 to 2025-06-25 09:15:00+00:00, run_after=2025-06-25 09:16:00+00:00
[2025-06-25T09:16:21.693+0000] {processor.py:183} INFO - Processing /home/airflow/.local/lib/python3.8/site-packages/airflow/example_dags/example_branch_python_dop_operator_3.py took 0.235 seconds
[2025-06-25T09:16:51.997+0000] {processor.py:161} INFO - Started process (PID=1691) to work on /home/airflow/.local/lib/python3.8/site-packages/airflow/example_dags/example_branch_python_dop_operator_3.py
[2025-06-25T09:16:51.999+0000] {processor.py:830} INFO - Processing file /home/airflow/.local/lib/python3.8/site-packages/airflow/example_dags/example_branch_python_dop_operator_3.py for tasks to queue
[2025-06-25T09:16:52.003+0000] {logging_mixin.py:188} INFO - [2025-06-25T09:16:52.002+0000] {dagbag.py:538} INFO - Filling up the DagBag from /home/airflow/.local/lib/python3.8/site-packages/airflow/example_dags/example_branch_python_dop_operator_3.py
[2025-06-25T09:16:52.021+0000] {processor.py:840} INFO - DAG(s) 'example_branch_dop_operator_v3' retrieved from /home/airflow/.local/lib/python3.8/site-packages/airflow/example_dags/example_branch_python_dop_operator_3.py
[2025-06-25T09:16:52.139+0000] {logging_mixin.py:188} INFO - [2025-06-25T09:16:52.138+0000] {dag.py:3036} INFO - Sync 1 DAGs
[2025-06-25T09:16:52.256+0000] {logging_mixin.py:188} INFO - [2025-06-25T09:16:52.255+0000] {dag.py:3823} INFO - Setting next_dagrun for example_branch_dop_operator_v3 to 2025-06-25 09:15:00+00:00, run_after=2025-06-25 09:16:00+00:00
[2025-06-25T09:16:52.330+0000] {processor.py:183} INFO - Processing /home/airflow/.local/lib/python3.8/site-packages/airflow/example_dags/example_branch_python_dop_operator_3.py took 0.339 seconds
[2025-06-25T09:17:22.637+0000] {processor.py:161} INFO - Started process (PID=1757) to work on /home/airflow/.local/lib/python3.8/site-packages/airflow/example_dags/example_branch_python_dop_operator_3.py
[2025-06-25T09:17:22.640+0000] {processor.py:830} INFO - Processing file /home/airflow/.local/lib/python3.8/site-packages/airflow/example_dags/example_branch_python_dop_operator_3.py for tasks to queue
[2025-06-25T09:17:22.644+0000] {logging_mixin.py:188} INFO - [2025-06-25T09:17:22.643+0000] {dagbag.py:538} INFO - Filling up the DagBag from /home/airflow/.local/lib/python3.8/site-packages/airflow/example_dags/example_branch_python_dop_operator_3.py
[2025-06-25T09:17:22.662+0000] {processor.py:840} INFO - DAG(s) 'example_branch_dop_operator_v3' retrieved from /home/airflow/.local/lib/python3.8/site-packages/airflow/example_dags/example_branch_python_dop_operator_3.py
[2025-06-25T09:17:22.702+0000] {logging_mixin.py:188} INFO - [2025-06-25T09:17:22.701+0000] {dag.py:3036} INFO - Sync 1 DAGs
[2025-06-25T09:17:22.765+0000] {logging_mixin.py:188} INFO - [2025-06-25T09:17:22.765+0000] {dag.py:3823} INFO - Setting next_dagrun for example_branch_dop_operator_v3 to 2025-06-25 09:16:00+00:00, run_after=2025-06-25 09:17:00+00:00
[2025-06-25T09:17:22.801+0000] {processor.py:183} INFO - Processing /home/airflow/.local/lib/python3.8/site-packages/airflow/example_dags/example_branch_python_dop_operator_3.py took 0.170 seconds
[2025-06-25T09:17:53.025+0000] {processor.py:161} INFO - Started process (PID=1820) to work on /home/airflow/.local/lib/python3.8/site-packages/airflow/example_dags/example_branch_python_dop_operator_3.py
[2025-06-25T09:17:53.027+0000] {processor.py:830} INFO - Processing file /home/airflow/.local/lib/python3.8/site-packages/airflow/example_dags/example_branch_python_dop_operator_3.py for tasks to queue
[2025-06-25T09:17:53.030+0000] {logging_mixin.py:188} INFO - [2025-06-25T09:17:53.029+0000] {dagbag.py:538} INFO - Filling up the DagBag from /home/airflow/.local/lib/python3.8/site-packages/airflow/example_dags/example_branch_python_dop_operator_3.py
[2025-06-25T09:17:53.048+0000] {processor.py:840} INFO - DAG(s) 'example_branch_dop_operator_v3' retrieved from /home/airflow/.local/lib/python3.8/site-packages/airflow/example_dags/example_branch_python_dop_operator_3.py
[2025-06-25T09:17:53.091+0000] {logging_mixin.py:188} INFO - [2025-06-25T09:17:53.091+0000] {dag.py:3036} INFO - Sync 1 DAGs
[2025-06-25T09:17:53.159+0000] {logging_mixin.py:188} INFO - [2025-06-25T09:17:53.158+0000] {dag.py:3823} INFO - Setting next_dagrun for example_branch_dop_operator_v3 to 2025-06-25 09:16:00+00:00, run_after=2025-06-25 09:17:00+00:00
[2025-06-25T09:17:53.204+0000] {processor.py:183} INFO - Processing /home/airflow/.local/lib/python3.8/site-packages/airflow/example_dags/example_branch_python_dop_operator_3.py took 0.192 seconds
[2025-06-25T09:18:23.622+0000] {processor.py:161} INFO - Started process (PID=1885) to work on /home/airflow/.local/lib/python3.8/site-packages/airflow/example_dags/example_branch_python_dop_operator_3.py
[2025-06-25T09:18:23.624+0000] {processor.py:830} INFO - Processing file /home/airflow/.local/lib/python3.8/site-packages/airflow/example_dags/example_branch_python_dop_operator_3.py for tasks to queue
[2025-06-25T09:18:23.627+0000] {logging_mixin.py:188} INFO - [2025-06-25T09:18:23.627+0000] {dagbag.py:538} INFO - Filling up the DagBag from /home/airflow/.local/lib/python3.8/site-packages/airflow/example_dags/example_branch_python_dop_operator_3.py
[2025-06-25T09:18:23.653+0000] {processor.py:840} INFO - DAG(s) 'example_branch_dop_operator_v3' retrieved from /home/airflow/.local/lib/python3.8/site-packages/airflow/example_dags/example_branch_python_dop_operator_3.py
[2025-06-25T09:18:23.690+0000] {logging_mixin.py:188} INFO - [2025-06-25T09:18:23.690+0000] {dag.py:3036} INFO - Sync 1 DAGs
[2025-06-25T09:18:23.747+0000] {logging_mixin.py:188} INFO - [2025-06-25T09:18:23.747+0000] {dag.py:3823} INFO - Setting next_dagrun for example_branch_dop_operator_v3 to 2025-06-25 09:17:00+00:00, run_after=2025-06-25 09:18:00+00:00
[2025-06-25T09:18:23.790+0000] {processor.py:183} INFO - Processing /home/airflow/.local/lib/python3.8/site-packages/airflow/example_dags/example_branch_python_dop_operator_3.py took 0.174 seconds
[2025-06-25T09:18:54.604+0000] {processor.py:161} INFO - Started process (PID=1950) to work on /home/airflow/.local/lib/python3.8/site-packages/airflow/example_dags/example_branch_python_dop_operator_3.py
[2025-06-25T09:18:54.606+0000] {processor.py:830} INFO - Processing file /home/airflow/.local/lib/python3.8/site-packages/airflow/example_dags/example_branch_python_dop_operator_3.py for tasks to queue
[2025-06-25T09:18:54.609+0000] {logging_mixin.py:188} INFO - [2025-06-25T09:18:54.608+0000] {dagbag.py:538} INFO - Filling up the DagBag from /home/airflow/.local/lib/python3.8/site-packages/airflow/example_dags/example_branch_python_dop_operator_3.py
[2025-06-25T09:18:54.642+0000] {processor.py:840} INFO - DAG(s) 'example_branch_dop_operator_v3' retrieved from /home/airflow/.local/lib/python3.8/site-packages/airflow/example_dags/example_branch_python_dop_operator_3.py
[2025-06-25T09:18:54.719+0000] {logging_mixin.py:188} INFO - [2025-06-25T09:18:54.719+0000] {dag.py:3036} INFO - Sync 1 DAGs
[2025-06-25T09:18:54.773+0000] {logging_mixin.py:188} INFO - [2025-06-25T09:18:54.772+0000] {dag.py:3823} INFO - Setting next_dagrun for example_branch_dop_operator_v3 to 2025-06-25 09:17:00+00:00, run_after=2025-06-25 09:18:00+00:00
[2025-06-25T09:18:54.812+0000] {processor.py:183} INFO - Processing /home/airflow/.local/lib/python3.8/site-packages/airflow/example_dags/example_branch_python_dop_operator_3.py took 0.214 seconds
[2025-06-25T09:19:25.376+0000] {processor.py:161} INFO - Started process (PID=2015) to work on /home/airflow/.local/lib/python3.8/site-packages/airflow/example_dags/example_branch_python_dop_operator_3.py
[2025-06-25T09:19:25.377+0000] {processor.py:830} INFO - Processing file /home/airflow/.local/lib/python3.8/site-packages/airflow/example_dags/example_branch_python_dop_operator_3.py for tasks to queue
[2025-06-25T09:19:25.380+0000] {logging_mixin.py:188} INFO - [2025-06-25T09:19:25.380+0000] {dagbag.py:538} INFO - Filling up the DagBag from /home/airflow/.local/lib/python3.8/site-packages/airflow/example_dags/example_branch_python_dop_operator_3.py
[2025-06-25T09:19:25.397+0000] {processor.py:840} INFO - DAG(s) 'example_branch_dop_operator_v3' retrieved from /home/airflow/.local/lib/python3.8/site-packages/airflow/example_dags/example_branch_python_dop_operator_3.py
[2025-06-25T09:19:25.434+0000] {logging_mixin.py:188} INFO - [2025-06-25T09:19:25.433+0000] {dag.py:3036} INFO - Sync 1 DAGs
[2025-06-25T09:19:25.492+0000] {logging_mixin.py:188} INFO - [2025-06-25T09:19:25.491+0000] {dag.py:3823} INFO - Setting next_dagrun for example_branch_dop_operator_v3 to 2025-06-25 09:18:00+00:00, run_after=2025-06-25 09:19:00+00:00
[2025-06-25T09:19:25.525+0000] {processor.py:183} INFO - Processing /home/airflow/.local/lib/python3.8/site-packages/airflow/example_dags/example_branch_python_dop_operator_3.py took 0.155 seconds
[2025-06-25T09:19:55.958+0000] {processor.py:161} INFO - Started process (PID=2087) to work on /home/airflow/.local/lib/python3.8/site-packages/airflow/example_dags/example_branch_python_dop_operator_3.py
[2025-06-25T09:19:55.960+0000] {processor.py:830} INFO - Processing file /home/airflow/.local/lib/python3.8/site-packages/airflow/example_dags/example_branch_python_dop_operator_3.py for tasks to queue
[2025-06-25T09:19:55.963+0000] {logging_mixin.py:188} INFO - [2025-06-25T09:19:55.962+0000] {dagbag.py:538} INFO - Filling up the DagBag from /home/airflow/.local/lib/python3.8/site-packages/airflow/example_dags/example_branch_python_dop_operator_3.py
[2025-06-25T09:19:55.980+0000] {processor.py:840} INFO - DAG(s) 'example_branch_dop_operator_v3' retrieved from /home/airflow/.local/lib/python3.8/site-packages/airflow/example_dags/example_branch_python_dop_operator_3.py
[2025-06-25T09:19:56.015+0000] {logging_mixin.py:188} INFO - [2025-06-25T09:19:56.015+0000] {dag.py:3036} INFO - Sync 1 DAGs
[2025-06-25T09:19:56.074+0000] {logging_mixin.py:188} INFO - [2025-06-25T09:19:56.074+0000] {dag.py:3823} INFO - Setting next_dagrun for example_branch_dop_operator_v3 to 2025-06-25 09:18:00+00:00, run_after=2025-06-25 09:19:00+00:00
[2025-06-25T09:19:56.108+0000] {processor.py:183} INFO - Processing /home/airflow/.local/lib/python3.8/site-packages/airflow/example_dags/example_branch_python_dop_operator_3.py took 0.155 seconds
[2025-06-25T09:20:26.773+0000] {processor.py:161} INFO - Started process (PID=2153) to work on /home/airflow/.local/lib/python3.8/site-packages/airflow/example_dags/example_branch_python_dop_operator_3.py
[2025-06-25T09:20:26.774+0000] {processor.py:830} INFO - Processing file /home/airflow/.local/lib/python3.8/site-packages/airflow/example_dags/example_branch_python_dop_operator_3.py for tasks to queue
[2025-06-25T09:20:26.777+0000] {logging_mixin.py:188} INFO - [2025-06-25T09:20:26.777+0000] {dagbag.py:538} INFO - Filling up the DagBag from /home/airflow/.local/lib/python3.8/site-packages/airflow/example_dags/example_branch_python_dop_operator_3.py
[2025-06-25T09:20:26.795+0000] {processor.py:840} INFO - DAG(s) 'example_branch_dop_operator_v3' retrieved from /home/airflow/.local/lib/python3.8/site-packages/airflow/example_dags/example_branch_python_dop_operator_3.py
[2025-06-25T09:20:26.830+0000] {logging_mixin.py:188} INFO - [2025-06-25T09:20:26.830+0000] {dag.py:3036} INFO - Sync 1 DAGs
[2025-06-25T09:20:26.879+0000] {logging_mixin.py:188} INFO - [2025-06-25T09:20:26.877+0000] {dag.py:3823} INFO - Setting next_dagrun for example_branch_dop_operator_v3 to 2025-06-25 09:19:00+00:00, run_after=2025-06-25 09:20:00+00:00
[2025-06-25T09:20:26.906+0000] {processor.py:183} INFO - Processing /home/airflow/.local/lib/python3.8/site-packages/airflow/example_dags/example_branch_python_dop_operator_3.py took 0.140 seconds
[2025-06-25T09:20:57.665+0000] {processor.py:161} INFO - Started process (PID=2218) to work on /home/airflow/.local/lib/python3.8/site-packages/airflow/example_dags/example_branch_python_dop_operator_3.py
[2025-06-25T09:20:57.667+0000] {processor.py:830} INFO - Processing file /home/airflow/.local/lib/python3.8/site-packages/airflow/example_dags/example_branch_python_dop_operator_3.py for tasks to queue
[2025-06-25T09:20:57.670+0000] {logging_mixin.py:188} INFO - [2025-06-25T09:20:57.669+0000] {dagbag.py:538} INFO - Filling up the DagBag from /home/airflow/.local/lib/python3.8/site-packages/airflow/example_dags/example_branch_python_dop_operator_3.py
[2025-06-25T09:20:57.686+0000] {processor.py:840} INFO - DAG(s) 'example_branch_dop_operator_v3' retrieved from /home/airflow/.local/lib/python3.8/site-packages/airflow/example_dags/example_branch_python_dop_operator_3.py
[2025-06-25T09:20:57.720+0000] {logging_mixin.py:188} INFO - [2025-06-25T09:20:57.719+0000] {dag.py:3036} INFO - Sync 1 DAGs
[2025-06-25T09:20:57.768+0000] {logging_mixin.py:188} INFO - [2025-06-25T09:20:57.767+0000] {dag.py:3823} INFO - Setting next_dagrun for example_branch_dop_operator_v3 to 2025-06-25 09:19:00+00:00, run_after=2025-06-25 09:20:00+00:00
[2025-06-25T09:20:57.796+0000] {processor.py:183} INFO - Processing /home/airflow/.local/lib/python3.8/site-packages/airflow/example_dags/example_branch_python_dop_operator_3.py took 0.136 seconds
[2025-06-25T09:21:28.090+0000] {processor.py:161} INFO - Started process (PID=2283) to work on /home/airflow/.local/lib/python3.8/site-packages/airflow/example_dags/example_branch_python_dop_operator_3.py
[2025-06-25T09:21:28.092+0000] {processor.py:830} INFO - Processing file /home/airflow/.local/lib/python3.8/site-packages/airflow/example_dags/example_branch_python_dop_operator_3.py for tasks to queue
[2025-06-25T09:21:28.094+0000] {logging_mixin.py:188} INFO - [2025-06-25T09:21:28.093+0000] {dagbag.py:538} INFO - Filling up the DagBag from /home/airflow/.local/lib/python3.8/site-packages/airflow/example_dags/example_branch_python_dop_operator_3.py
[2025-06-25T09:21:28.107+0000] {processor.py:840} INFO - DAG(s) 'example_branch_dop_operator_v3' retrieved from /home/airflow/.local/lib/python3.8/site-packages/airflow/example_dags/example_branch_python_dop_operator_3.py
[2025-06-25T09:21:28.135+0000] {logging_mixin.py:188} INFO - [2025-06-25T09:21:28.135+0000] {dag.py:3036} INFO - Sync 1 DAGs
[2025-06-25T09:21:28.180+0000] {logging_mixin.py:188} INFO - [2025-06-25T09:21:28.180+0000] {dag.py:3823} INFO - Setting next_dagrun for example_branch_dop_operator_v3 to 2025-06-25 09:20:00+00:00, run_after=2025-06-25 09:21:00+00:00
[2025-06-25T09:21:28.209+0000] {processor.py:183} INFO - Processing /home/airflow/.local/lib/python3.8/site-packages/airflow/example_dags/example_branch_python_dop_operator_3.py took 0.124 seconds
