[2025-06-25T09:04:14.054+0000] {processor.py:161} INFO - Started process (PID=103) to work on /home/airflow/.local/lib/python3.8/site-packages/airflow/example_dags/example_external_task_marker_dag.py
[2025-06-25T09:04:14.055+0000] {processor.py:830} INFO - Processing file /home/airflow/.local/lib/python3.8/site-packages/airflow/example_dags/example_external_task_marker_dag.py for tasks to queue
[2025-06-25T09:04:14.058+0000] {logging_mixin.py:188} INFO - [2025-06-25T09:04:14.058+0000] {dagbag.py:538} INFO - Filling up the DagBag from /home/airflow/.local/lib/python3.8/site-packages/airflow/example_dags/example_external_task_marker_dag.py
[2025-06-25T09:04:14.069+0000] {processor.py:840} INFO - DAG(s) 'example_external_task_marker_child', 'example_external_task_marker_parent' retrieved from /home/airflow/.local/lib/python3.8/site-packages/airflow/example_dags/example_external_task_marker_dag.py
[2025-06-25T09:04:14.112+0000] {logging_mixin.py:188} INFO - [2025-06-25T09:04:14.112+0000] {dag.py:3036} INFO - Sync 2 DAGs
[2025-06-25T09:04:14.136+0000] {logging_mixin.py:188} INFO - [2025-06-25T09:04:14.136+0000] {dag.py:3823} INFO - Setting next_dagrun for example_external_task_marker_child to None, run_after=None
[2025-06-25T09:04:14.143+0000] {logging_mixin.py:188} INFO - [2025-06-25T09:04:14.142+0000] {dag.py:3823} INFO - Setting next_dagrun for example_external_task_marker_parent to None, run_after=None
[2025-06-25T09:04:14.169+0000] {processor.py:183} INFO - Processing /home/airflow/.local/lib/python3.8/site-packages/airflow/example_dags/example_external_task_marker_dag.py took 0.122 seconds
[2025-06-25T09:04:45.035+0000] {processor.py:161} INFO - Started process (PID=167) to work on /home/airflow/.local/lib/python3.8/site-packages/airflow/example_dags/example_external_task_marker_dag.py
[2025-06-25T09:04:45.037+0000] {processor.py:830} INFO - Processing file /home/airflow/.local/lib/python3.8/site-packages/airflow/example_dags/example_external_task_marker_dag.py for tasks to queue
[2025-06-25T09:04:45.039+0000] {logging_mixin.py:188} INFO - [2025-06-25T09:04:45.038+0000] {dagbag.py:538} INFO - Filling up the DagBag from /home/airflow/.local/lib/python3.8/site-packages/airflow/example_dags/example_external_task_marker_dag.py
[2025-06-25T09:04:45.047+0000] {processor.py:840} INFO - DAG(s) 'example_external_task_marker_parent', 'example_external_task_marker_child' retrieved from /home/airflow/.local/lib/python3.8/site-packages/airflow/example_dags/example_external_task_marker_dag.py
[2025-06-25T09:04:45.084+0000] {logging_mixin.py:188} INFO - [2025-06-25T09:04:45.083+0000] {dag.py:3036} INFO - Sync 2 DAGs
[2025-06-25T09:04:45.104+0000] {logging_mixin.py:188} INFO - [2025-06-25T09:04:45.103+0000] {dag.py:3823} INFO - Setting next_dagrun for example_external_task_marker_child to None, run_after=None
[2025-06-25T09:04:45.109+0000] {logging_mixin.py:188} INFO - [2025-06-25T09:04:45.109+0000] {dag.py:3823} INFO - Setting next_dagrun for example_external_task_marker_parent to None, run_after=None
[2025-06-25T09:04:45.133+0000] {processor.py:183} INFO - Processing /home/airflow/.local/lib/python3.8/site-packages/airflow/example_dags/example_external_task_marker_dag.py took 0.103 seconds
[2025-06-25T09:05:15.510+0000] {processor.py:161} INFO - Started process (PID=233) to work on /home/airflow/.local/lib/python3.8/site-packages/airflow/example_dags/example_external_task_marker_dag.py
[2025-06-25T09:05:15.512+0000] {processor.py:830} INFO - Processing file /home/airflow/.local/lib/python3.8/site-packages/airflow/example_dags/example_external_task_marker_dag.py for tasks to queue
[2025-06-25T09:05:15.514+0000] {logging_mixin.py:188} INFO - [2025-06-25T09:05:15.514+0000] {dagbag.py:538} INFO - Filling up the DagBag from /home/airflow/.local/lib/python3.8/site-packages/airflow/example_dags/example_external_task_marker_dag.py
[2025-06-25T09:05:15.523+0000] {processor.py:840} INFO - DAG(s) 'example_external_task_marker_parent', 'example_external_task_marker_child' retrieved from /home/airflow/.local/lib/python3.8/site-packages/airflow/example_dags/example_external_task_marker_dag.py
[2025-06-25T09:05:15.560+0000] {logging_mixin.py:188} INFO - [2025-06-25T09:05:15.560+0000] {dag.py:3036} INFO - Sync 2 DAGs
[2025-06-25T09:05:15.582+0000] {logging_mixin.py:188} INFO - [2025-06-25T09:05:15.581+0000] {dag.py:3823} INFO - Setting next_dagrun for example_external_task_marker_child to None, run_after=None
[2025-06-25T09:05:15.588+0000] {logging_mixin.py:188} INFO - [2025-06-25T09:05:15.588+0000] {dag.py:3823} INFO - Setting next_dagrun for example_external_task_marker_parent to None, run_after=None
[2025-06-25T09:05:15.613+0000] {processor.py:183} INFO - Processing /home/airflow/.local/lib/python3.8/site-packages/airflow/example_dags/example_external_task_marker_dag.py took 0.108 seconds
[2025-06-25T09:05:46.583+0000] {processor.py:161} INFO - Started process (PID=299) to work on /home/airflow/.local/lib/python3.8/site-packages/airflow/example_dags/example_external_task_marker_dag.py
[2025-06-25T09:05:46.584+0000] {processor.py:830} INFO - Processing file /home/airflow/.local/lib/python3.8/site-packages/airflow/example_dags/example_external_task_marker_dag.py for tasks to queue
[2025-06-25T09:05:46.587+0000] {logging_mixin.py:188} INFO - [2025-06-25T09:05:46.586+0000] {dagbag.py:538} INFO - Filling up the DagBag from /home/airflow/.local/lib/python3.8/site-packages/airflow/example_dags/example_external_task_marker_dag.py
[2025-06-25T09:05:46.596+0000] {processor.py:840} INFO - DAG(s) 'example_external_task_marker_child', 'example_external_task_marker_parent' retrieved from /home/airflow/.local/lib/python3.8/site-packages/airflow/example_dags/example_external_task_marker_dag.py
[2025-06-25T09:05:46.633+0000] {logging_mixin.py:188} INFO - [2025-06-25T09:05:46.633+0000] {dag.py:3036} INFO - Sync 2 DAGs
[2025-06-25T09:05:46.652+0000] {logging_mixin.py:188} INFO - [2025-06-25T09:05:46.652+0000] {dag.py:3823} INFO - Setting next_dagrun for example_external_task_marker_child to None, run_after=None
[2025-06-25T09:05:46.658+0000] {logging_mixin.py:188} INFO - [2025-06-25T09:05:46.657+0000] {dag.py:3823} INFO - Setting next_dagrun for example_external_task_marker_parent to None, run_after=None
[2025-06-25T09:05:46.683+0000] {processor.py:183} INFO - Processing /home/airflow/.local/lib/python3.8/site-packages/airflow/example_dags/example_external_task_marker_dag.py took 0.105 seconds
[2025-06-25T09:06:17.338+0000] {processor.py:161} INFO - Started process (PID=365) to work on /home/airflow/.local/lib/python3.8/site-packages/airflow/example_dags/example_external_task_marker_dag.py
[2025-06-25T09:06:17.340+0000] {processor.py:830} INFO - Processing file /home/airflow/.local/lib/python3.8/site-packages/airflow/example_dags/example_external_task_marker_dag.py for tasks to queue
[2025-06-25T09:06:17.342+0000] {logging_mixin.py:188} INFO - [2025-06-25T09:06:17.342+0000] {dagbag.py:538} INFO - Filling up the DagBag from /home/airflow/.local/lib/python3.8/site-packages/airflow/example_dags/example_external_task_marker_dag.py
[2025-06-25T09:06:17.352+0000] {processor.py:840} INFO - DAG(s) 'example_external_task_marker_parent', 'example_external_task_marker_child' retrieved from /home/airflow/.local/lib/python3.8/site-packages/airflow/example_dags/example_external_task_marker_dag.py
[2025-06-25T09:06:17.386+0000] {logging_mixin.py:188} INFO - [2025-06-25T09:06:17.386+0000] {dag.py:3036} INFO - Sync 2 DAGs
[2025-06-25T09:06:17.407+0000] {logging_mixin.py:188} INFO - [2025-06-25T09:06:17.406+0000] {dag.py:3823} INFO - Setting next_dagrun for example_external_task_marker_child to None, run_after=None
[2025-06-25T09:06:17.413+0000] {logging_mixin.py:188} INFO - [2025-06-25T09:06:17.413+0000] {dag.py:3823} INFO - Setting next_dagrun for example_external_task_marker_parent to None, run_after=None
[2025-06-25T09:06:17.438+0000] {processor.py:183} INFO - Processing /home/airflow/.local/lib/python3.8/site-packages/airflow/example_dags/example_external_task_marker_dag.py took 0.106 seconds
[2025-06-25T09:06:47.628+0000] {processor.py:161} INFO - Started process (PID=430) to work on /home/airflow/.local/lib/python3.8/site-packages/airflow/example_dags/example_external_task_marker_dag.py
[2025-06-25T09:06:47.630+0000] {processor.py:830} INFO - Processing file /home/airflow/.local/lib/python3.8/site-packages/airflow/example_dags/example_external_task_marker_dag.py for tasks to queue
[2025-06-25T09:06:47.633+0000] {logging_mixin.py:188} INFO - [2025-06-25T09:06:47.632+0000] {dagbag.py:538} INFO - Filling up the DagBag from /home/airflow/.local/lib/python3.8/site-packages/airflow/example_dags/example_external_task_marker_dag.py
[2025-06-25T09:06:47.644+0000] {processor.py:840} INFO - DAG(s) 'example_external_task_marker_child', 'example_external_task_marker_parent' retrieved from /home/airflow/.local/lib/python3.8/site-packages/airflow/example_dags/example_external_task_marker_dag.py
[2025-06-25T09:06:47.688+0000] {logging_mixin.py:188} INFO - [2025-06-25T09:06:47.687+0000] {dag.py:3036} INFO - Sync 2 DAGs
[2025-06-25T09:06:47.718+0000] {logging_mixin.py:188} INFO - [2025-06-25T09:06:47.718+0000] {dag.py:3823} INFO - Setting next_dagrun for example_external_task_marker_child to None, run_after=None
[2025-06-25T09:06:47.726+0000] {logging_mixin.py:188} INFO - [2025-06-25T09:06:47.726+0000] {dag.py:3823} INFO - Setting next_dagrun for example_external_task_marker_parent to None, run_after=None
[2025-06-25T09:06:47.760+0000] {processor.py:183} INFO - Processing /home/airflow/.local/lib/python3.8/site-packages/airflow/example_dags/example_external_task_marker_dag.py took 0.138 seconds
[2025-06-25T09:07:17.810+0000] {processor.py:161} INFO - Started process (PID=502) to work on /home/airflow/.local/lib/python3.8/site-packages/airflow/example_dags/example_external_task_marker_dag.py
[2025-06-25T09:07:17.812+0000] {processor.py:830} INFO - Processing file /home/airflow/.local/lib/python3.8/site-packages/airflow/example_dags/example_external_task_marker_dag.py for tasks to queue
[2025-06-25T09:07:17.815+0000] {logging_mixin.py:188} INFO - [2025-06-25T09:07:17.814+0000] {dagbag.py:538} INFO - Filling up the DagBag from /home/airflow/.local/lib/python3.8/site-packages/airflow/example_dags/example_external_task_marker_dag.py
[2025-06-25T09:07:17.825+0000] {processor.py:840} INFO - DAG(s) 'example_external_task_marker_child', 'example_external_task_marker_parent' retrieved from /home/airflow/.local/lib/python3.8/site-packages/airflow/example_dags/example_external_task_marker_dag.py
[2025-06-25T09:07:17.868+0000] {logging_mixin.py:188} INFO - [2025-06-25T09:07:17.868+0000] {dag.py:3036} INFO - Sync 2 DAGs
[2025-06-25T09:07:17.893+0000] {logging_mixin.py:188} INFO - [2025-06-25T09:07:17.893+0000] {dag.py:3823} INFO - Setting next_dagrun for example_external_task_marker_child to None, run_after=None
[2025-06-25T09:07:17.900+0000] {logging_mixin.py:188} INFO - [2025-06-25T09:07:17.900+0000] {dag.py:3823} INFO - Setting next_dagrun for example_external_task_marker_parent to None, run_after=None
[2025-06-25T09:07:17.931+0000] {processor.py:183} INFO - Processing /home/airflow/.local/lib/python3.8/site-packages/airflow/example_dags/example_external_task_marker_dag.py took 0.127 seconds
[2025-06-25T09:07:48.670+0000] {processor.py:161} INFO - Started process (PID=569) to work on /home/airflow/.local/lib/python3.8/site-packages/airflow/example_dags/example_external_task_marker_dag.py
[2025-06-25T09:07:48.672+0000] {processor.py:830} INFO - Processing file /home/airflow/.local/lib/python3.8/site-packages/airflow/example_dags/example_external_task_marker_dag.py for tasks to queue
[2025-06-25T09:07:48.675+0000] {logging_mixin.py:188} INFO - [2025-06-25T09:07:48.675+0000] {dagbag.py:538} INFO - Filling up the DagBag from /home/airflow/.local/lib/python3.8/site-packages/airflow/example_dags/example_external_task_marker_dag.py
[2025-06-25T09:07:48.687+0000] {processor.py:840} INFO - DAG(s) 'example_external_task_marker_child', 'example_external_task_marker_parent' retrieved from /home/airflow/.local/lib/python3.8/site-packages/airflow/example_dags/example_external_task_marker_dag.py
[2025-06-25T09:07:48.731+0000] {logging_mixin.py:188} INFO - [2025-06-25T09:07:48.731+0000] {dag.py:3036} INFO - Sync 2 DAGs
[2025-06-25T09:07:48.758+0000] {logging_mixin.py:188} INFO - [2025-06-25T09:07:48.757+0000] {dag.py:3823} INFO - Setting next_dagrun for example_external_task_marker_child to None, run_after=None
[2025-06-25T09:07:48.767+0000] {logging_mixin.py:188} INFO - [2025-06-25T09:07:48.766+0000] {dag.py:3823} INFO - Setting next_dagrun for example_external_task_marker_parent to None, run_after=None
[2025-06-25T09:07:48.797+0000] {processor.py:183} INFO - Processing /home/airflow/.local/lib/python3.8/site-packages/airflow/example_dags/example_external_task_marker_dag.py took 0.134 seconds
[2025-06-25T09:08:19.435+0000] {processor.py:161} INFO - Started process (PID=635) to work on /home/airflow/.local/lib/python3.8/site-packages/airflow/example_dags/example_external_task_marker_dag.py
[2025-06-25T09:08:19.436+0000] {processor.py:830} INFO - Processing file /home/airflow/.local/lib/python3.8/site-packages/airflow/example_dags/example_external_task_marker_dag.py for tasks to queue
[2025-06-25T09:08:19.438+0000] {logging_mixin.py:188} INFO - [2025-06-25T09:08:19.438+0000] {dagbag.py:538} INFO - Filling up the DagBag from /home/airflow/.local/lib/python3.8/site-packages/airflow/example_dags/example_external_task_marker_dag.py
[2025-06-25T09:08:19.447+0000] {processor.py:840} INFO - DAG(s) 'example_external_task_marker_child', 'example_external_task_marker_parent' retrieved from /home/airflow/.local/lib/python3.8/site-packages/airflow/example_dags/example_external_task_marker_dag.py
[2025-06-25T09:08:19.485+0000] {logging_mixin.py:188} INFO - [2025-06-25T09:08:19.485+0000] {dag.py:3036} INFO - Sync 2 DAGs
[2025-06-25T09:08:19.505+0000] {logging_mixin.py:188} INFO - [2025-06-25T09:08:19.504+0000] {dag.py:3823} INFO - Setting next_dagrun for example_external_task_marker_child to None, run_after=None
[2025-06-25T09:08:19.510+0000] {logging_mixin.py:188} INFO - [2025-06-25T09:08:19.510+0000] {dag.py:3823} INFO - Setting next_dagrun for example_external_task_marker_parent to None, run_after=None
[2025-06-25T09:08:19.542+0000] {processor.py:183} INFO - Processing /home/airflow/.local/lib/python3.8/site-packages/airflow/example_dags/example_external_task_marker_dag.py took 0.112 seconds
[2025-06-25T09:08:50.161+0000] {processor.py:161} INFO - Started process (PID=699) to work on /home/airflow/.local/lib/python3.8/site-packages/airflow/example_dags/example_external_task_marker_dag.py
[2025-06-25T09:08:50.164+0000] {processor.py:830} INFO - Processing file /home/airflow/.local/lib/python3.8/site-packages/airflow/example_dags/example_external_task_marker_dag.py for tasks to queue
[2025-06-25T09:08:50.167+0000] {logging_mixin.py:188} INFO - [2025-06-25T09:08:50.167+0000] {dagbag.py:538} INFO - Filling up the DagBag from /home/airflow/.local/lib/python3.8/site-packages/airflow/example_dags/example_external_task_marker_dag.py
[2025-06-25T09:08:50.179+0000] {processor.py:840} INFO - DAG(s) 'example_external_task_marker_child', 'example_external_task_marker_parent' retrieved from /home/airflow/.local/lib/python3.8/site-packages/airflow/example_dags/example_external_task_marker_dag.py
[2025-06-25T09:08:50.228+0000] {logging_mixin.py:188} INFO - [2025-06-25T09:08:50.227+0000] {dag.py:3036} INFO - Sync 2 DAGs
[2025-06-25T09:08:50.254+0000] {logging_mixin.py:188} INFO - [2025-06-25T09:08:50.254+0000] {dag.py:3823} INFO - Setting next_dagrun for example_external_task_marker_child to None, run_after=None
[2025-06-25T09:08:50.262+0000] {logging_mixin.py:188} INFO - [2025-06-25T09:08:50.261+0000] {dag.py:3823} INFO - Setting next_dagrun for example_external_task_marker_parent to None, run_after=None
[2025-06-25T09:08:50.293+0000] {processor.py:183} INFO - Processing /home/airflow/.local/lib/python3.8/site-packages/airflow/example_dags/example_external_task_marker_dag.py took 0.138 seconds
[2025-06-25T09:09:20.377+0000] {processor.py:161} INFO - Started process (PID=763) to work on /home/airflow/.local/lib/python3.8/site-packages/airflow/example_dags/example_external_task_marker_dag.py
[2025-06-25T09:09:20.379+0000] {processor.py:830} INFO - Processing file /home/airflow/.local/lib/python3.8/site-packages/airflow/example_dags/example_external_task_marker_dag.py for tasks to queue
[2025-06-25T09:09:20.382+0000] {logging_mixin.py:188} INFO - [2025-06-25T09:09:20.381+0000] {dagbag.py:538} INFO - Filling up the DagBag from /home/airflow/.local/lib/python3.8/site-packages/airflow/example_dags/example_external_task_marker_dag.py
[2025-06-25T09:09:20.395+0000] {processor.py:840} INFO - DAG(s) 'example_external_task_marker_parent', 'example_external_task_marker_child' retrieved from /home/airflow/.local/lib/python3.8/site-packages/airflow/example_dags/example_external_task_marker_dag.py
[2025-06-25T09:09:20.441+0000] {logging_mixin.py:188} INFO - [2025-06-25T09:09:20.440+0000] {dag.py:3036} INFO - Sync 2 DAGs
[2025-06-25T09:09:20.466+0000] {logging_mixin.py:188} INFO - [2025-06-25T09:09:20.465+0000] {dag.py:3823} INFO - Setting next_dagrun for example_external_task_marker_child to None, run_after=None
[2025-06-25T09:09:20.474+0000] {logging_mixin.py:188} INFO - [2025-06-25T09:09:20.474+0000] {dag.py:3823} INFO - Setting next_dagrun for example_external_task_marker_parent to None, run_after=None
[2025-06-25T09:09:20.514+0000] {processor.py:183} INFO - Processing /home/airflow/.local/lib/python3.8/site-packages/airflow/example_dags/example_external_task_marker_dag.py took 0.142 seconds
[2025-06-25T09:09:51.728+0000] {processor.py:161} INFO - Started process (PID=828) to work on /home/airflow/.local/lib/python3.8/site-packages/airflow/example_dags/example_external_task_marker_dag.py
[2025-06-25T09:09:51.730+0000] {processor.py:830} INFO - Processing file /home/airflow/.local/lib/python3.8/site-packages/airflow/example_dags/example_external_task_marker_dag.py for tasks to queue
[2025-06-25T09:09:51.733+0000] {logging_mixin.py:188} INFO - [2025-06-25T09:09:51.732+0000] {dagbag.py:538} INFO - Filling up the DagBag from /home/airflow/.local/lib/python3.8/site-packages/airflow/example_dags/example_external_task_marker_dag.py
[2025-06-25T09:09:51.743+0000] {processor.py:840} INFO - DAG(s) 'example_external_task_marker_child', 'example_external_task_marker_parent' retrieved from /home/airflow/.local/lib/python3.8/site-packages/airflow/example_dags/example_external_task_marker_dag.py
[2025-06-25T09:09:51.792+0000] {logging_mixin.py:188} INFO - [2025-06-25T09:09:51.792+0000] {dag.py:3036} INFO - Sync 2 DAGs
[2025-06-25T09:09:51.816+0000] {logging_mixin.py:188} INFO - [2025-06-25T09:09:51.815+0000] {dag.py:3823} INFO - Setting next_dagrun for example_external_task_marker_child to None, run_after=None
[2025-06-25T09:09:51.822+0000] {logging_mixin.py:188} INFO - [2025-06-25T09:09:51.822+0000] {dag.py:3823} INFO - Setting next_dagrun for example_external_task_marker_parent to None, run_after=None
[2025-06-25T09:09:51.856+0000] {processor.py:183} INFO - Processing /home/airflow/.local/lib/python3.8/site-packages/airflow/example_dags/example_external_task_marker_dag.py took 0.134 seconds
[2025-06-25T09:10:22.994+0000] {processor.py:161} INFO - Started process (PID=893) to work on /home/airflow/.local/lib/python3.8/site-packages/airflow/example_dags/example_external_task_marker_dag.py
[2025-06-25T09:10:22.997+0000] {processor.py:830} INFO - Processing file /home/airflow/.local/lib/python3.8/site-packages/airflow/example_dags/example_external_task_marker_dag.py for tasks to queue
[2025-06-25T09:10:23.000+0000] {logging_mixin.py:188} INFO - [2025-06-25T09:10:22.999+0000] {dagbag.py:538} INFO - Filling up the DagBag from /home/airflow/.local/lib/python3.8/site-packages/airflow/example_dags/example_external_task_marker_dag.py
[2025-06-25T09:10:23.012+0000] {processor.py:840} INFO - DAG(s) 'example_external_task_marker_parent', 'example_external_task_marker_child' retrieved from /home/airflow/.local/lib/python3.8/site-packages/airflow/example_dags/example_external_task_marker_dag.py
[2025-06-25T09:10:23.061+0000] {logging_mixin.py:188} INFO - [2025-06-25T09:10:23.060+0000] {dag.py:3036} INFO - Sync 2 DAGs
[2025-06-25T09:10:23.090+0000] {logging_mixin.py:188} INFO - [2025-06-25T09:10:23.089+0000] {dag.py:3823} INFO - Setting next_dagrun for example_external_task_marker_child to None, run_after=None
[2025-06-25T09:10:23.097+0000] {logging_mixin.py:188} INFO - [2025-06-25T09:10:23.097+0000] {dag.py:3823} INFO - Setting next_dagrun for example_external_task_marker_parent to None, run_after=None
[2025-06-25T09:10:23.134+0000] {processor.py:183} INFO - Processing /home/airflow/.local/lib/python3.8/site-packages/airflow/example_dags/example_external_task_marker_dag.py took 0.146 seconds
[2025-06-25T09:10:53.697+0000] {processor.py:161} INFO - Started process (PID=958) to work on /home/airflow/.local/lib/python3.8/site-packages/airflow/example_dags/example_external_task_marker_dag.py
[2025-06-25T09:10:53.698+0000] {processor.py:830} INFO - Processing file /home/airflow/.local/lib/python3.8/site-packages/airflow/example_dags/example_external_task_marker_dag.py for tasks to queue
[2025-06-25T09:10:53.701+0000] {logging_mixin.py:188} INFO - [2025-06-25T09:10:53.701+0000] {dagbag.py:538} INFO - Filling up the DagBag from /home/airflow/.local/lib/python3.8/site-packages/airflow/example_dags/example_external_task_marker_dag.py
[2025-06-25T09:10:53.712+0000] {processor.py:840} INFO - DAG(s) 'example_external_task_marker_child', 'example_external_task_marker_parent' retrieved from /home/airflow/.local/lib/python3.8/site-packages/airflow/example_dags/example_external_task_marker_dag.py
[2025-06-25T09:10:53.761+0000] {logging_mixin.py:188} INFO - [2025-06-25T09:10:53.760+0000] {dag.py:3036} INFO - Sync 2 DAGs
[2025-06-25T09:10:53.789+0000] {logging_mixin.py:188} INFO - [2025-06-25T09:10:53.788+0000] {dag.py:3823} INFO - Setting next_dagrun for example_external_task_marker_child to None, run_after=None
[2025-06-25T09:10:53.796+0000] {logging_mixin.py:188} INFO - [2025-06-25T09:10:53.796+0000] {dag.py:3823} INFO - Setting next_dagrun for example_external_task_marker_parent to None, run_after=None
[2025-06-25T09:10:53.831+0000] {processor.py:183} INFO - Processing /home/airflow/.local/lib/python3.8/site-packages/airflow/example_dags/example_external_task_marker_dag.py took 0.140 seconds
[2025-06-25T09:11:24.591+0000] {processor.py:161} INFO - Started process (PID=1022) to work on /home/airflow/.local/lib/python3.8/site-packages/airflow/example_dags/example_external_task_marker_dag.py
[2025-06-25T09:11:24.593+0000] {processor.py:830} INFO - Processing file /home/airflow/.local/lib/python3.8/site-packages/airflow/example_dags/example_external_task_marker_dag.py for tasks to queue
[2025-06-25T09:11:24.596+0000] {logging_mixin.py:188} INFO - [2025-06-25T09:11:24.596+0000] {dagbag.py:538} INFO - Filling up the DagBag from /home/airflow/.local/lib/python3.8/site-packages/airflow/example_dags/example_external_task_marker_dag.py
[2025-06-25T09:11:24.608+0000] {processor.py:840} INFO - DAG(s) 'example_external_task_marker_parent', 'example_external_task_marker_child' retrieved from /home/airflow/.local/lib/python3.8/site-packages/airflow/example_dags/example_external_task_marker_dag.py
[2025-06-25T09:11:24.657+0000] {logging_mixin.py:188} INFO - [2025-06-25T09:11:24.657+0000] {dag.py:3036} INFO - Sync 2 DAGs
[2025-06-25T09:11:24.686+0000] {logging_mixin.py:188} INFO - [2025-06-25T09:11:24.685+0000] {dag.py:3823} INFO - Setting next_dagrun for example_external_task_marker_child to None, run_after=None
[2025-06-25T09:11:24.693+0000] {logging_mixin.py:188} INFO - [2025-06-25T09:11:24.693+0000] {dag.py:3823} INFO - Setting next_dagrun for example_external_task_marker_parent to None, run_after=None
[2025-06-25T09:11:24.730+0000] {processor.py:183} INFO - Processing /home/airflow/.local/lib/python3.8/site-packages/airflow/example_dags/example_external_task_marker_dag.py took 0.145 seconds
[2025-06-25T09:11:55.324+0000] {processor.py:161} INFO - Started process (PID=1087) to work on /home/airflow/.local/lib/python3.8/site-packages/airflow/example_dags/example_external_task_marker_dag.py
[2025-06-25T09:11:55.325+0000] {processor.py:830} INFO - Processing file /home/airflow/.local/lib/python3.8/site-packages/airflow/example_dags/example_external_task_marker_dag.py for tasks to queue
[2025-06-25T09:11:55.329+0000] {logging_mixin.py:188} INFO - [2025-06-25T09:11:55.328+0000] {dagbag.py:538} INFO - Filling up the DagBag from /home/airflow/.local/lib/python3.8/site-packages/airflow/example_dags/example_external_task_marker_dag.py
[2025-06-25T09:11:55.339+0000] {processor.py:840} INFO - DAG(s) 'example_external_task_marker_child', 'example_external_task_marker_parent' retrieved from /home/airflow/.local/lib/python3.8/site-packages/airflow/example_dags/example_external_task_marker_dag.py
[2025-06-25T09:11:55.396+0000] {logging_mixin.py:188} INFO - [2025-06-25T09:11:55.396+0000] {dag.py:3036} INFO - Sync 2 DAGs
[2025-06-25T09:11:55.421+0000] {logging_mixin.py:188} INFO - [2025-06-25T09:11:55.420+0000] {dag.py:3823} INFO - Setting next_dagrun for example_external_task_marker_child to None, run_after=None
[2025-06-25T09:11:55.428+0000] {logging_mixin.py:188} INFO - [2025-06-25T09:11:55.428+0000] {dag.py:3823} INFO - Setting next_dagrun for example_external_task_marker_parent to None, run_after=None
[2025-06-25T09:11:55.463+0000] {processor.py:183} INFO - Processing /home/airflow/.local/lib/python3.8/site-packages/airflow/example_dags/example_external_task_marker_dag.py took 0.144 seconds
[2025-06-25T09:12:25.638+0000] {processor.py:161} INFO - Started process (PID=1150) to work on /home/airflow/.local/lib/python3.8/site-packages/airflow/example_dags/example_external_task_marker_dag.py
[2025-06-25T09:12:25.641+0000] {processor.py:830} INFO - Processing file /home/airflow/.local/lib/python3.8/site-packages/airflow/example_dags/example_external_task_marker_dag.py for tasks to queue
[2025-06-25T09:12:25.644+0000] {logging_mixin.py:188} INFO - [2025-06-25T09:12:25.643+0000] {dagbag.py:538} INFO - Filling up the DagBag from /home/airflow/.local/lib/python3.8/site-packages/airflow/example_dags/example_external_task_marker_dag.py
[2025-06-25T09:12:25.654+0000] {processor.py:840} INFO - DAG(s) 'example_external_task_marker_child', 'example_external_task_marker_parent' retrieved from /home/airflow/.local/lib/python3.8/site-packages/airflow/example_dags/example_external_task_marker_dag.py
[2025-06-25T09:12:25.694+0000] {logging_mixin.py:188} INFO - [2025-06-25T09:12:25.694+0000] {dag.py:3036} INFO - Sync 2 DAGs
[2025-06-25T09:12:25.719+0000] {logging_mixin.py:188} INFO - [2025-06-25T09:12:25.719+0000] {dag.py:3823} INFO - Setting next_dagrun for example_external_task_marker_child to None, run_after=None
[2025-06-25T09:12:25.730+0000] {logging_mixin.py:188} INFO - [2025-06-25T09:12:25.729+0000] {dag.py:3823} INFO - Setting next_dagrun for example_external_task_marker_parent to None, run_after=None
[2025-06-25T09:12:25.769+0000] {processor.py:183} INFO - Processing /home/airflow/.local/lib/python3.8/site-packages/airflow/example_dags/example_external_task_marker_dag.py took 0.136 seconds
[2025-06-25T09:12:56.301+0000] {processor.py:161} INFO - Started process (PID=1216) to work on /home/airflow/.local/lib/python3.8/site-packages/airflow/example_dags/example_external_task_marker_dag.py
[2025-06-25T09:12:56.303+0000] {processor.py:830} INFO - Processing file /home/airflow/.local/lib/python3.8/site-packages/airflow/example_dags/example_external_task_marker_dag.py for tasks to queue
[2025-06-25T09:12:56.306+0000] {logging_mixin.py:188} INFO - [2025-06-25T09:12:56.306+0000] {dagbag.py:538} INFO - Filling up the DagBag from /home/airflow/.local/lib/python3.8/site-packages/airflow/example_dags/example_external_task_marker_dag.py
[2025-06-25T09:12:56.318+0000] {processor.py:840} INFO - DAG(s) 'example_external_task_marker_parent', 'example_external_task_marker_child' retrieved from /home/airflow/.local/lib/python3.8/site-packages/airflow/example_dags/example_external_task_marker_dag.py
[2025-06-25T09:12:56.366+0000] {logging_mixin.py:188} INFO - [2025-06-25T09:12:56.366+0000] {dag.py:3036} INFO - Sync 2 DAGs
[2025-06-25T09:12:56.403+0000] {logging_mixin.py:188} INFO - [2025-06-25T09:12:56.402+0000] {dag.py:3823} INFO - Setting next_dagrun for example_external_task_marker_child to None, run_after=None
[2025-06-25T09:12:56.410+0000] {logging_mixin.py:188} INFO - [2025-06-25T09:12:56.410+0000] {dag.py:3823} INFO - Setting next_dagrun for example_external_task_marker_parent to None, run_after=None
[2025-06-25T09:12:56.449+0000] {processor.py:183} INFO - Processing /home/airflow/.local/lib/python3.8/site-packages/airflow/example_dags/example_external_task_marker_dag.py took 0.154 seconds
[2025-06-25T09:13:27.121+0000] {processor.py:161} INFO - Started process (PID=1282) to work on /home/airflow/.local/lib/python3.8/site-packages/airflow/example_dags/example_external_task_marker_dag.py
[2025-06-25T09:13:27.123+0000] {processor.py:830} INFO - Processing file /home/airflow/.local/lib/python3.8/site-packages/airflow/example_dags/example_external_task_marker_dag.py for tasks to queue
[2025-06-25T09:13:27.126+0000] {logging_mixin.py:188} INFO - [2025-06-25T09:13:27.125+0000] {dagbag.py:538} INFO - Filling up the DagBag from /home/airflow/.local/lib/python3.8/site-packages/airflow/example_dags/example_external_task_marker_dag.py
[2025-06-25T09:13:27.136+0000] {processor.py:840} INFO - DAG(s) 'example_external_task_marker_parent', 'example_external_task_marker_child' retrieved from /home/airflow/.local/lib/python3.8/site-packages/airflow/example_dags/example_external_task_marker_dag.py
[2025-06-25T09:13:27.182+0000] {logging_mixin.py:188} INFO - [2025-06-25T09:13:27.182+0000] {dag.py:3036} INFO - Sync 2 DAGs
[2025-06-25T09:13:27.211+0000] {logging_mixin.py:188} INFO - [2025-06-25T09:13:27.211+0000] {dag.py:3823} INFO - Setting next_dagrun for example_external_task_marker_child to None, run_after=None
[2025-06-25T09:13:27.222+0000] {logging_mixin.py:188} INFO - [2025-06-25T09:13:27.221+0000] {dag.py:3823} INFO - Setting next_dagrun for example_external_task_marker_parent to None, run_after=None
[2025-06-25T09:13:27.270+0000] {processor.py:183} INFO - Processing /home/airflow/.local/lib/python3.8/site-packages/airflow/example_dags/example_external_task_marker_dag.py took 0.155 seconds
[2025-06-25T09:13:58.412+0000] {processor.py:161} INFO - Started process (PID=1348) to work on /home/airflow/.local/lib/python3.8/site-packages/airflow/example_dags/example_external_task_marker_dag.py
[2025-06-25T09:13:58.415+0000] {processor.py:830} INFO - Processing file /home/airflow/.local/lib/python3.8/site-packages/airflow/example_dags/example_external_task_marker_dag.py for tasks to queue
[2025-06-25T09:13:58.418+0000] {logging_mixin.py:188} INFO - [2025-06-25T09:13:58.418+0000] {dagbag.py:538} INFO - Filling up the DagBag from /home/airflow/.local/lib/python3.8/site-packages/airflow/example_dags/example_external_task_marker_dag.py
[2025-06-25T09:13:58.431+0000] {processor.py:840} INFO - DAG(s) 'example_external_task_marker_child', 'example_external_task_marker_parent' retrieved from /home/airflow/.local/lib/python3.8/site-packages/airflow/example_dags/example_external_task_marker_dag.py
[2025-06-25T09:13:58.482+0000] {logging_mixin.py:188} INFO - [2025-06-25T09:13:58.482+0000] {dag.py:3036} INFO - Sync 2 DAGs
[2025-06-25T09:13:58.514+0000] {logging_mixin.py:188} INFO - [2025-06-25T09:13:58.513+0000] {dag.py:3823} INFO - Setting next_dagrun for example_external_task_marker_child to None, run_after=None
[2025-06-25T09:13:58.524+0000] {logging_mixin.py:188} INFO - [2025-06-25T09:13:58.524+0000] {dag.py:3823} INFO - Setting next_dagrun for example_external_task_marker_parent to None, run_after=None
[2025-06-25T09:13:58.573+0000] {processor.py:183} INFO - Processing /home/airflow/.local/lib/python3.8/site-packages/airflow/example_dags/example_external_task_marker_dag.py took 0.168 seconds
[2025-06-25T09:14:29.393+0000] {processor.py:161} INFO - Started process (PID=1413) to work on /home/airflow/.local/lib/python3.8/site-packages/airflow/example_dags/example_external_task_marker_dag.py
[2025-06-25T09:14:29.403+0000] {processor.py:830} INFO - Processing file /home/airflow/.local/lib/python3.8/site-packages/airflow/example_dags/example_external_task_marker_dag.py for tasks to queue
[2025-06-25T09:14:29.406+0000] {logging_mixin.py:188} INFO - [2025-06-25T09:14:29.406+0000] {dagbag.py:538} INFO - Filling up the DagBag from /home/airflow/.local/lib/python3.8/site-packages/airflow/example_dags/example_external_task_marker_dag.py
[2025-06-25T09:14:29.419+0000] {processor.py:840} INFO - DAG(s) 'example_external_task_marker_parent', 'example_external_task_marker_child' retrieved from /home/airflow/.local/lib/python3.8/site-packages/airflow/example_dags/example_external_task_marker_dag.py
[2025-06-25T09:14:29.481+0000] {logging_mixin.py:188} INFO - [2025-06-25T09:14:29.481+0000] {dag.py:3036} INFO - Sync 2 DAGs
[2025-06-25T09:14:29.544+0000] {logging_mixin.py:188} INFO - [2025-06-25T09:14:29.543+0000] {dag.py:3823} INFO - Setting next_dagrun for example_external_task_marker_child to None, run_after=None
[2025-06-25T09:14:29.552+0000] {logging_mixin.py:188} INFO - [2025-06-25T09:14:29.552+0000] {dag.py:3823} INFO - Setting next_dagrun for example_external_task_marker_parent to None, run_after=None
[2025-06-25T09:14:29.605+0000] {processor.py:183} INFO - Processing /home/airflow/.local/lib/python3.8/site-packages/airflow/example_dags/example_external_task_marker_dag.py took 0.217 seconds
[2025-06-25T09:15:00.370+0000] {processor.py:161} INFO - Started process (PID=1478) to work on /home/airflow/.local/lib/python3.8/site-packages/airflow/example_dags/example_external_task_marker_dag.py
[2025-06-25T09:15:00.377+0000] {processor.py:830} INFO - Processing file /home/airflow/.local/lib/python3.8/site-packages/airflow/example_dags/example_external_task_marker_dag.py for tasks to queue
[2025-06-25T09:15:00.380+0000] {logging_mixin.py:188} INFO - [2025-06-25T09:15:00.380+0000] {dagbag.py:538} INFO - Filling up the DagBag from /home/airflow/.local/lib/python3.8/site-packages/airflow/example_dags/example_external_task_marker_dag.py
[2025-06-25T09:15:00.394+0000] {processor.py:840} INFO - DAG(s) 'example_external_task_marker_child', 'example_external_task_marker_parent' retrieved from /home/airflow/.local/lib/python3.8/site-packages/airflow/example_dags/example_external_task_marker_dag.py
[2025-06-25T09:15:00.445+0000] {logging_mixin.py:188} INFO - [2025-06-25T09:15:00.444+0000] {dag.py:3036} INFO - Sync 2 DAGs
[2025-06-25T09:15:00.474+0000] {logging_mixin.py:188} INFO - [2025-06-25T09:15:00.473+0000] {dag.py:3823} INFO - Setting next_dagrun for example_external_task_marker_child to None, run_after=None
[2025-06-25T09:15:00.482+0000] {logging_mixin.py:188} INFO - [2025-06-25T09:15:00.481+0000] {dag.py:3823} INFO - Setting next_dagrun for example_external_task_marker_parent to None, run_after=None
[2025-06-25T09:15:00.543+0000] {processor.py:183} INFO - Processing /home/airflow/.local/lib/python3.8/site-packages/airflow/example_dags/example_external_task_marker_dag.py took 0.180 seconds
[2025-06-25T09:15:30.809+0000] {processor.py:161} INFO - Started process (PID=1535) to work on /home/airflow/.local/lib/python3.8/site-packages/airflow/example_dags/example_external_task_marker_dag.py
[2025-06-25T09:15:30.812+0000] {processor.py:830} INFO - Processing file /home/airflow/.local/lib/python3.8/site-packages/airflow/example_dags/example_external_task_marker_dag.py for tasks to queue
[2025-06-25T09:15:30.817+0000] {logging_mixin.py:188} INFO - [2025-06-25T09:15:30.816+0000] {dagbag.py:538} INFO - Filling up the DagBag from /home/airflow/.local/lib/python3.8/site-packages/airflow/example_dags/example_external_task_marker_dag.py
[2025-06-25T09:15:30.830+0000] {processor.py:840} INFO - DAG(s) 'example_external_task_marker_parent', 'example_external_task_marker_child' retrieved from /home/airflow/.local/lib/python3.8/site-packages/airflow/example_dags/example_external_task_marker_dag.py
[2025-06-25T09:15:30.911+0000] {logging_mixin.py:188} INFO - [2025-06-25T09:15:30.910+0000] {dag.py:3036} INFO - Sync 2 DAGs
[2025-06-25T09:15:30.939+0000] {logging_mixin.py:188} INFO - [2025-06-25T09:15:30.938+0000] {dag.py:3823} INFO - Setting next_dagrun for example_external_task_marker_child to None, run_after=None
[2025-06-25T09:15:30.953+0000] {logging_mixin.py:188} INFO - [2025-06-25T09:15:30.952+0000] {dag.py:3823} INFO - Setting next_dagrun for example_external_task_marker_parent to None, run_after=None
[2025-06-25T09:15:31.037+0000] {processor.py:183} INFO - Processing /home/airflow/.local/lib/python3.8/site-packages/airflow/example_dags/example_external_task_marker_dag.py took 0.235 seconds
[2025-06-25T09:16:01.741+0000] {processor.py:161} INFO - Started process (PID=1600) to work on /home/airflow/.local/lib/python3.8/site-packages/airflow/example_dags/example_external_task_marker_dag.py
[2025-06-25T09:16:01.743+0000] {processor.py:830} INFO - Processing file /home/airflow/.local/lib/python3.8/site-packages/airflow/example_dags/example_external_task_marker_dag.py for tasks to queue
[2025-06-25T09:16:01.747+0000] {logging_mixin.py:188} INFO - [2025-06-25T09:16:01.746+0000] {dagbag.py:538} INFO - Filling up the DagBag from /home/airflow/.local/lib/python3.8/site-packages/airflow/example_dags/example_external_task_marker_dag.py
[2025-06-25T09:16:01.764+0000] {processor.py:840} INFO - DAG(s) 'example_external_task_marker_child', 'example_external_task_marker_parent' retrieved from /home/airflow/.local/lib/python3.8/site-packages/airflow/example_dags/example_external_task_marker_dag.py
[2025-06-25T09:16:01.825+0000] {logging_mixin.py:188} INFO - [2025-06-25T09:16:01.825+0000] {dag.py:3036} INFO - Sync 2 DAGs
[2025-06-25T09:16:01.928+0000] {logging_mixin.py:188} INFO - [2025-06-25T09:16:01.928+0000] {dag.py:3823} INFO - Setting next_dagrun for example_external_task_marker_child to None, run_after=None
[2025-06-25T09:16:01.948+0000] {logging_mixin.py:188} INFO - [2025-06-25T09:16:01.947+0000] {dag.py:3823} INFO - Setting next_dagrun for example_external_task_marker_parent to None, run_after=None
[2025-06-25T09:16:02.002+0000] {processor.py:183} INFO - Processing /home/airflow/.local/lib/python3.8/site-packages/airflow/example_dags/example_external_task_marker_dag.py took 0.269 seconds
[2025-06-25T09:16:32.307+0000] {processor.py:161} INFO - Started process (PID=1664) to work on /home/airflow/.local/lib/python3.8/site-packages/airflow/example_dags/example_external_task_marker_dag.py
[2025-06-25T09:16:32.309+0000] {processor.py:830} INFO - Processing file /home/airflow/.local/lib/python3.8/site-packages/airflow/example_dags/example_external_task_marker_dag.py for tasks to queue
[2025-06-25T09:16:32.311+0000] {logging_mixin.py:188} INFO - [2025-06-25T09:16:32.311+0000] {dagbag.py:538} INFO - Filling up the DagBag from /home/airflow/.local/lib/python3.8/site-packages/airflow/example_dags/example_external_task_marker_dag.py
[2025-06-25T09:16:32.321+0000] {processor.py:840} INFO - DAG(s) 'example_external_task_marker_parent', 'example_external_task_marker_child' retrieved from /home/airflow/.local/lib/python3.8/site-packages/airflow/example_dags/example_external_task_marker_dag.py
[2025-06-25T09:16:32.371+0000] {logging_mixin.py:188} INFO - [2025-06-25T09:16:32.371+0000] {dag.py:3036} INFO - Sync 2 DAGs
[2025-06-25T09:16:32.403+0000] {logging_mixin.py:188} INFO - [2025-06-25T09:16:32.403+0000] {dag.py:3823} INFO - Setting next_dagrun for example_external_task_marker_child to None, run_after=None
[2025-06-25T09:16:32.410+0000] {logging_mixin.py:188} INFO - [2025-06-25T09:16:32.410+0000] {dag.py:3823} INFO - Setting next_dagrun for example_external_task_marker_parent to None, run_after=None
[2025-06-25T09:16:32.449+0000] {processor.py:183} INFO - Processing /home/airflow/.local/lib/python3.8/site-packages/airflow/example_dags/example_external_task_marker_dag.py took 0.148 seconds
[2025-06-25T09:17:02.723+0000] {processor.py:161} INFO - Started process (PID=1729) to work on /home/airflow/.local/lib/python3.8/site-packages/airflow/example_dags/example_external_task_marker_dag.py
[2025-06-25T09:17:02.726+0000] {processor.py:830} INFO - Processing file /home/airflow/.local/lib/python3.8/site-packages/airflow/example_dags/example_external_task_marker_dag.py for tasks to queue
[2025-06-25T09:17:02.729+0000] {logging_mixin.py:188} INFO - [2025-06-25T09:17:02.729+0000] {dagbag.py:538} INFO - Filling up the DagBag from /home/airflow/.local/lib/python3.8/site-packages/airflow/example_dags/example_external_task_marker_dag.py
[2025-06-25T09:17:02.741+0000] {processor.py:840} INFO - DAG(s) 'example_external_task_marker_parent', 'example_external_task_marker_child' retrieved from /home/airflow/.local/lib/python3.8/site-packages/airflow/example_dags/example_external_task_marker_dag.py
[2025-06-25T09:17:02.798+0000] {logging_mixin.py:188} INFO - [2025-06-25T09:17:02.797+0000] {dag.py:3036} INFO - Sync 2 DAGs
[2025-06-25T09:17:02.827+0000] {logging_mixin.py:188} INFO - [2025-06-25T09:17:02.827+0000] {dag.py:3823} INFO - Setting next_dagrun for example_external_task_marker_child to None, run_after=None
[2025-06-25T09:17:02.834+0000] {logging_mixin.py:188} INFO - [2025-06-25T09:17:02.833+0000] {dag.py:3823} INFO - Setting next_dagrun for example_external_task_marker_parent to None, run_after=None
[2025-06-25T09:17:02.871+0000] {processor.py:183} INFO - Processing /home/airflow/.local/lib/python3.8/site-packages/airflow/example_dags/example_external_task_marker_dag.py took 0.155 seconds
[2025-06-25T09:17:33.821+0000] {processor.py:161} INFO - Started process (PID=1795) to work on /home/airflow/.local/lib/python3.8/site-packages/airflow/example_dags/example_external_task_marker_dag.py
[2025-06-25T09:17:33.824+0000] {processor.py:830} INFO - Processing file /home/airflow/.local/lib/python3.8/site-packages/airflow/example_dags/example_external_task_marker_dag.py for tasks to queue
[2025-06-25T09:17:33.828+0000] {logging_mixin.py:188} INFO - [2025-06-25T09:17:33.827+0000] {dagbag.py:538} INFO - Filling up the DagBag from /home/airflow/.local/lib/python3.8/site-packages/airflow/example_dags/example_external_task_marker_dag.py
[2025-06-25T09:17:33.841+0000] {processor.py:840} INFO - DAG(s) 'example_external_task_marker_child', 'example_external_task_marker_parent' retrieved from /home/airflow/.local/lib/python3.8/site-packages/airflow/example_dags/example_external_task_marker_dag.py
[2025-06-25T09:17:33.916+0000] {logging_mixin.py:188} INFO - [2025-06-25T09:17:33.916+0000] {dag.py:3036} INFO - Sync 2 DAGs
[2025-06-25T09:17:33.953+0000] {logging_mixin.py:188} INFO - [2025-06-25T09:17:33.952+0000] {dag.py:3823} INFO - Setting next_dagrun for example_external_task_marker_child to None, run_after=None
[2025-06-25T09:17:33.961+0000] {logging_mixin.py:188} INFO - [2025-06-25T09:17:33.961+0000] {dag.py:3823} INFO - Setting next_dagrun for example_external_task_marker_parent to None, run_after=None
[2025-06-25T09:17:33.998+0000] {processor.py:183} INFO - Processing /home/airflow/.local/lib/python3.8/site-packages/airflow/example_dags/example_external_task_marker_dag.py took 0.184 seconds
[2025-06-25T09:18:04.249+0000] {processor.py:161} INFO - Started process (PID=1859) to work on /home/airflow/.local/lib/python3.8/site-packages/airflow/example_dags/example_external_task_marker_dag.py
[2025-06-25T09:18:04.251+0000] {processor.py:830} INFO - Processing file /home/airflow/.local/lib/python3.8/site-packages/airflow/example_dags/example_external_task_marker_dag.py for tasks to queue
[2025-06-25T09:18:04.257+0000] {logging_mixin.py:188} INFO - [2025-06-25T09:18:04.256+0000] {dagbag.py:538} INFO - Filling up the DagBag from /home/airflow/.local/lib/python3.8/site-packages/airflow/example_dags/example_external_task_marker_dag.py
[2025-06-25T09:18:04.272+0000] {processor.py:840} INFO - DAG(s) 'example_external_task_marker_parent', 'example_external_task_marker_child' retrieved from /home/airflow/.local/lib/python3.8/site-packages/airflow/example_dags/example_external_task_marker_dag.py
[2025-06-25T09:18:04.339+0000] {logging_mixin.py:188} INFO - [2025-06-25T09:18:04.337+0000] {dag.py:3036} INFO - Sync 2 DAGs
[2025-06-25T09:18:04.403+0000] {logging_mixin.py:188} INFO - [2025-06-25T09:18:04.402+0000] {dag.py:3823} INFO - Setting next_dagrun for example_external_task_marker_child to None, run_after=None
[2025-06-25T09:18:04.420+0000] {logging_mixin.py:188} INFO - [2025-06-25T09:18:04.420+0000] {dag.py:3823} INFO - Setting next_dagrun for example_external_task_marker_parent to None, run_after=None
[2025-06-25T09:18:04.466+0000] {processor.py:183} INFO - Processing /home/airflow/.local/lib/python3.8/site-packages/airflow/example_dags/example_external_task_marker_dag.py took 0.222 seconds
[2025-06-25T09:18:34.581+0000] {processor.py:161} INFO - Started process (PID=1925) to work on /home/airflow/.local/lib/python3.8/site-packages/airflow/example_dags/example_external_task_marker_dag.py
[2025-06-25T09:18:34.582+0000] {processor.py:830} INFO - Processing file /home/airflow/.local/lib/python3.8/site-packages/airflow/example_dags/example_external_task_marker_dag.py for tasks to queue
[2025-06-25T09:18:34.586+0000] {logging_mixin.py:188} INFO - [2025-06-25T09:18:34.585+0000] {dagbag.py:538} INFO - Filling up the DagBag from /home/airflow/.local/lib/python3.8/site-packages/airflow/example_dags/example_external_task_marker_dag.py
[2025-06-25T09:18:34.601+0000] {processor.py:840} INFO - DAG(s) 'example_external_task_marker_parent', 'example_external_task_marker_child' retrieved from /home/airflow/.local/lib/python3.8/site-packages/airflow/example_dags/example_external_task_marker_dag.py
[2025-06-25T09:18:34.645+0000] {logging_mixin.py:188} INFO - [2025-06-25T09:18:34.645+0000] {dag.py:3036} INFO - Sync 2 DAGs
[2025-06-25T09:18:34.669+0000] {logging_mixin.py:188} INFO - [2025-06-25T09:18:34.669+0000] {dag.py:3823} INFO - Setting next_dagrun for example_external_task_marker_child to None, run_after=None
[2025-06-25T09:18:34.675+0000] {logging_mixin.py:188} INFO - [2025-06-25T09:18:34.675+0000] {dag.py:3823} INFO - Setting next_dagrun for example_external_task_marker_parent to None, run_after=None
[2025-06-25T09:18:34.702+0000] {processor.py:183} INFO - Processing /home/airflow/.local/lib/python3.8/site-packages/airflow/example_dags/example_external_task_marker_dag.py took 0.128 seconds
[2025-06-25T09:19:05.404+0000] {processor.py:161} INFO - Started process (PID=1990) to work on /home/airflow/.local/lib/python3.8/site-packages/airflow/example_dags/example_external_task_marker_dag.py
[2025-06-25T09:19:05.407+0000] {processor.py:830} INFO - Processing file /home/airflow/.local/lib/python3.8/site-packages/airflow/example_dags/example_external_task_marker_dag.py for tasks to queue
[2025-06-25T09:19:05.410+0000] {logging_mixin.py:188} INFO - [2025-06-25T09:19:05.410+0000] {dagbag.py:538} INFO - Filling up the DagBag from /home/airflow/.local/lib/python3.8/site-packages/airflow/example_dags/example_external_task_marker_dag.py
[2025-06-25T09:19:05.424+0000] {processor.py:840} INFO - DAG(s) 'example_external_task_marker_parent', 'example_external_task_marker_child' retrieved from /home/airflow/.local/lib/python3.8/site-packages/airflow/example_dags/example_external_task_marker_dag.py
[2025-06-25T09:19:05.498+0000] {logging_mixin.py:188} INFO - [2025-06-25T09:19:05.498+0000] {dag.py:3036} INFO - Sync 2 DAGs
[2025-06-25T09:19:05.531+0000] {logging_mixin.py:188} INFO - [2025-06-25T09:19:05.530+0000] {dag.py:3823} INFO - Setting next_dagrun for example_external_task_marker_child to None, run_after=None
[2025-06-25T09:19:05.544+0000] {logging_mixin.py:188} INFO - [2025-06-25T09:19:05.543+0000] {dag.py:3823} INFO - Setting next_dagrun for example_external_task_marker_parent to None, run_after=None
[2025-06-25T09:19:05.589+0000] {processor.py:183} INFO - Processing /home/airflow/.local/lib/python3.8/site-packages/airflow/example_dags/example_external_task_marker_dag.py took 0.192 seconds
[2025-06-25T09:19:35.733+0000] {processor.py:161} INFO - Started process (PID=2055) to work on /home/airflow/.local/lib/python3.8/site-packages/airflow/example_dags/example_external_task_marker_dag.py
[2025-06-25T09:19:35.735+0000] {processor.py:830} INFO - Processing file /home/airflow/.local/lib/python3.8/site-packages/airflow/example_dags/example_external_task_marker_dag.py for tasks to queue
[2025-06-25T09:19:35.737+0000] {logging_mixin.py:188} INFO - [2025-06-25T09:19:35.737+0000] {dagbag.py:538} INFO - Filling up the DagBag from /home/airflow/.local/lib/python3.8/site-packages/airflow/example_dags/example_external_task_marker_dag.py
[2025-06-25T09:19:35.748+0000] {processor.py:840} INFO - DAG(s) 'example_external_task_marker_parent', 'example_external_task_marker_child' retrieved from /home/airflow/.local/lib/python3.8/site-packages/airflow/example_dags/example_external_task_marker_dag.py
[2025-06-25T09:19:35.790+0000] {logging_mixin.py:188} INFO - [2025-06-25T09:19:35.790+0000] {dag.py:3036} INFO - Sync 2 DAGs
[2025-06-25T09:19:35.813+0000] {logging_mixin.py:188} INFO - [2025-06-25T09:19:35.812+0000] {dag.py:3823} INFO - Setting next_dagrun for example_external_task_marker_child to None, run_after=None
[2025-06-25T09:19:35.819+0000] {logging_mixin.py:188} INFO - [2025-06-25T09:19:35.818+0000] {dag.py:3823} INFO - Setting next_dagrun for example_external_task_marker_parent to None, run_after=None
[2025-06-25T09:19:35.848+0000] {processor.py:183} INFO - Processing /home/airflow/.local/lib/python3.8/site-packages/airflow/example_dags/example_external_task_marker_dag.py took 0.120 seconds
[2025-06-25T09:20:06.060+0000] {processor.py:161} INFO - Started process (PID=2120) to work on /home/airflow/.local/lib/python3.8/site-packages/airflow/example_dags/example_external_task_marker_dag.py
[2025-06-25T09:20:06.062+0000] {processor.py:830} INFO - Processing file /home/airflow/.local/lib/python3.8/site-packages/airflow/example_dags/example_external_task_marker_dag.py for tasks to queue
[2025-06-25T09:20:06.065+0000] {logging_mixin.py:188} INFO - [2025-06-25T09:20:06.064+0000] {dagbag.py:538} INFO - Filling up the DagBag from /home/airflow/.local/lib/python3.8/site-packages/airflow/example_dags/example_external_task_marker_dag.py
[2025-06-25T09:20:06.073+0000] {processor.py:840} INFO - DAG(s) 'example_external_task_marker_child', 'example_external_task_marker_parent' retrieved from /home/airflow/.local/lib/python3.8/site-packages/airflow/example_dags/example_external_task_marker_dag.py
[2025-06-25T09:20:06.117+0000] {logging_mixin.py:188} INFO - [2025-06-25T09:20:06.116+0000] {dag.py:3036} INFO - Sync 2 DAGs
[2025-06-25T09:20:06.141+0000] {logging_mixin.py:188} INFO - [2025-06-25T09:20:06.141+0000] {dag.py:3823} INFO - Setting next_dagrun for example_external_task_marker_child to None, run_after=None
[2025-06-25T09:20:06.148+0000] {logging_mixin.py:188} INFO - [2025-06-25T09:20:06.148+0000] {dag.py:3823} INFO - Setting next_dagrun for example_external_task_marker_parent to None, run_after=None
[2025-06-25T09:20:06.177+0000] {processor.py:183} INFO - Processing /home/airflow/.local/lib/python3.8/site-packages/airflow/example_dags/example_external_task_marker_dag.py took 0.122 seconds
[2025-06-25T09:20:36.256+0000] {processor.py:161} INFO - Started process (PID=2185) to work on /home/airflow/.local/lib/python3.8/site-packages/airflow/example_dags/example_external_task_marker_dag.py
[2025-06-25T09:20:36.257+0000] {processor.py:830} INFO - Processing file /home/airflow/.local/lib/python3.8/site-packages/airflow/example_dags/example_external_task_marker_dag.py for tasks to queue
[2025-06-25T09:20:36.260+0000] {logging_mixin.py:188} INFO - [2025-06-25T09:20:36.259+0000] {dagbag.py:538} INFO - Filling up the DagBag from /home/airflow/.local/lib/python3.8/site-packages/airflow/example_dags/example_external_task_marker_dag.py
[2025-06-25T09:20:36.270+0000] {processor.py:840} INFO - DAG(s) 'example_external_task_marker_parent', 'example_external_task_marker_child' retrieved from /home/airflow/.local/lib/python3.8/site-packages/airflow/example_dags/example_external_task_marker_dag.py
[2025-06-25T09:20:36.307+0000] {logging_mixin.py:188} INFO - [2025-06-25T09:20:36.306+0000] {dag.py:3036} INFO - Sync 2 DAGs
[2025-06-25T09:20:36.326+0000] {logging_mixin.py:188} INFO - [2025-06-25T09:20:36.325+0000] {dag.py:3823} INFO - Setting next_dagrun for example_external_task_marker_child to None, run_after=None
[2025-06-25T09:20:36.331+0000] {logging_mixin.py:188} INFO - [2025-06-25T09:20:36.331+0000] {dag.py:3823} INFO - Setting next_dagrun for example_external_task_marker_parent to None, run_after=None
[2025-06-25T09:20:36.356+0000] {processor.py:183} INFO - Processing /home/airflow/.local/lib/python3.8/site-packages/airflow/example_dags/example_external_task_marker_dag.py took 0.106 seconds
[2025-06-25T09:21:06.590+0000] {processor.py:161} INFO - Started process (PID=2250) to work on /home/airflow/.local/lib/python3.8/site-packages/airflow/example_dags/example_external_task_marker_dag.py
[2025-06-25T09:21:06.592+0000] {processor.py:830} INFO - Processing file /home/airflow/.local/lib/python3.8/site-packages/airflow/example_dags/example_external_task_marker_dag.py for tasks to queue
[2025-06-25T09:21:06.594+0000] {logging_mixin.py:188} INFO - [2025-06-25T09:21:06.594+0000] {dagbag.py:538} INFO - Filling up the DagBag from /home/airflow/.local/lib/python3.8/site-packages/airflow/example_dags/example_external_task_marker_dag.py
[2025-06-25T09:21:06.602+0000] {processor.py:840} INFO - DAG(s) 'example_external_task_marker_parent', 'example_external_task_marker_child' retrieved from /home/airflow/.local/lib/python3.8/site-packages/airflow/example_dags/example_external_task_marker_dag.py
[2025-06-25T09:21:06.641+0000] {logging_mixin.py:188} INFO - [2025-06-25T09:21:06.641+0000] {dag.py:3036} INFO - Sync 2 DAGs
[2025-06-25T09:21:06.664+0000] {logging_mixin.py:188} INFO - [2025-06-25T09:21:06.664+0000] {dag.py:3823} INFO - Setting next_dagrun for example_external_task_marker_child to None, run_after=None
[2025-06-25T09:21:06.670+0000] {logging_mixin.py:188} INFO - [2025-06-25T09:21:06.670+0000] {dag.py:3823} INFO - Setting next_dagrun for example_external_task_marker_parent to None, run_after=None
[2025-06-25T09:21:06.694+0000] {processor.py:183} INFO - Processing /home/airflow/.local/lib/python3.8/site-packages/airflow/example_dags/example_external_task_marker_dag.py took 0.109 seconds
