[2025-06-25T09:04:12.768+0000] {processor.py:161} INFO - Started process (PID=95) to work on /home/airflow/.local/lib/python3.8/site-packages/airflow/example_dags/example_task_group_decorator.py
[2025-06-25T09:04:12.770+0000] {processor.py:830} INFO - Processing file /home/airflow/.local/lib/python3.8/site-packages/airflow/example_dags/example_task_group_decorator.py for tasks to queue
[2025-06-25T09:04:12.772+0000] {logging_mixin.py:188} INFO - [2025-06-25T09:04:12.772+0000] {dagbag.py:538} INFO - Filling up the DagBag from /home/airflow/.local/lib/python3.8/site-packages/airflow/example_dags/example_task_group_decorator.py
[2025-06-25T09:04:12.804+0000] {processor.py:840} INFO - DAG(s) 'example_task_group_decorator' retrieved from /home/airflow/.local/lib/python3.8/site-packages/airflow/example_dags/example_task_group_decorator.py
[2025-06-25T09:04:12.855+0000] {logging_mixin.py:188} INFO - [2025-06-25T09:04:12.854+0000] {dag.py:3036} INFO - Sync 1 DAGs
[2025-06-25T09:04:12.908+0000] {logging_mixin.py:188} INFO - [2025-06-25T09:04:12.908+0000] {dag.py:3823} INFO - Setting next_dagrun for example_task_group_decorator to 2025-06-24 00:00:00+00:00, run_after=2025-06-25 00:00:00+00:00
[2025-06-25T09:04:12.967+0000] {processor.py:183} INFO - Processing /home/airflow/.local/lib/python3.8/site-packages/airflow/example_dags/example_task_group_decorator.py took 0.213 seconds
[2025-06-25T09:04:43.246+0000] {processor.py:161} INFO - Started process (PID=159) to work on /home/airflow/.local/lib/python3.8/site-packages/airflow/example_dags/example_task_group_decorator.py
[2025-06-25T09:04:43.247+0000] {processor.py:830} INFO - Processing file /home/airflow/.local/lib/python3.8/site-packages/airflow/example_dags/example_task_group_decorator.py for tasks to queue
[2025-06-25T09:04:43.249+0000] {logging_mixin.py:188} INFO - [2025-06-25T09:04:43.249+0000] {dagbag.py:538} INFO - Filling up the DagBag from /home/airflow/.local/lib/python3.8/site-packages/airflow/example_dags/example_task_group_decorator.py
[2025-06-25T09:04:43.272+0000] {processor.py:840} INFO - DAG(s) 'example_task_group_decorator' retrieved from /home/airflow/.local/lib/python3.8/site-packages/airflow/example_dags/example_task_group_decorator.py
[2025-06-25T09:04:43.310+0000] {logging_mixin.py:188} INFO - [2025-06-25T09:04:43.310+0000] {dag.py:3036} INFO - Sync 1 DAGs
[2025-06-25T09:04:43.342+0000] {logging_mixin.py:188} INFO - [2025-06-25T09:04:43.342+0000] {dag.py:3823} INFO - Setting next_dagrun for example_task_group_decorator to 2025-06-24 00:00:00+00:00, run_after=2025-06-25 00:00:00+00:00
[2025-06-25T09:04:43.368+0000] {processor.py:183} INFO - Processing /home/airflow/.local/lib/python3.8/site-packages/airflow/example_dags/example_task_group_decorator.py took 0.127 seconds
[2025-06-25T09:05:13.674+0000] {processor.py:161} INFO - Started process (PID=225) to work on /home/airflow/.local/lib/python3.8/site-packages/airflow/example_dags/example_task_group_decorator.py
[2025-06-25T09:05:13.676+0000] {processor.py:830} INFO - Processing file /home/airflow/.local/lib/python3.8/site-packages/airflow/example_dags/example_task_group_decorator.py for tasks to queue
[2025-06-25T09:05:13.679+0000] {logging_mixin.py:188} INFO - [2025-06-25T09:05:13.678+0000] {dagbag.py:538} INFO - Filling up the DagBag from /home/airflow/.local/lib/python3.8/site-packages/airflow/example_dags/example_task_group_decorator.py
[2025-06-25T09:05:13.707+0000] {processor.py:840} INFO - DAG(s) 'example_task_group_decorator' retrieved from /home/airflow/.local/lib/python3.8/site-packages/airflow/example_dags/example_task_group_decorator.py
[2025-06-25T09:05:13.754+0000] {logging_mixin.py:188} INFO - [2025-06-25T09:05:13.754+0000] {dag.py:3036} INFO - Sync 1 DAGs
[2025-06-25T09:05:13.793+0000] {logging_mixin.py:188} INFO - [2025-06-25T09:05:13.792+0000] {dag.py:3823} INFO - Setting next_dagrun for example_task_group_decorator to 2025-06-24 00:00:00+00:00, run_after=2025-06-25 00:00:00+00:00
[2025-06-25T09:05:13.826+0000] {processor.py:183} INFO - Processing /home/airflow/.local/lib/python3.8/site-packages/airflow/example_dags/example_task_group_decorator.py took 0.157 seconds
[2025-06-25T09:05:44.788+0000] {processor.py:161} INFO - Started process (PID=291) to work on /home/airflow/.local/lib/python3.8/site-packages/airflow/example_dags/example_task_group_decorator.py
[2025-06-25T09:05:44.789+0000] {processor.py:830} INFO - Processing file /home/airflow/.local/lib/python3.8/site-packages/airflow/example_dags/example_task_group_decorator.py for tasks to queue
[2025-06-25T09:05:44.792+0000] {logging_mixin.py:188} INFO - [2025-06-25T09:05:44.792+0000] {dagbag.py:538} INFO - Filling up the DagBag from /home/airflow/.local/lib/python3.8/site-packages/airflow/example_dags/example_task_group_decorator.py
[2025-06-25T09:05:44.821+0000] {processor.py:840} INFO - DAG(s) 'example_task_group_decorator' retrieved from /home/airflow/.local/lib/python3.8/site-packages/airflow/example_dags/example_task_group_decorator.py
[2025-06-25T09:05:44.867+0000] {logging_mixin.py:188} INFO - [2025-06-25T09:05:44.867+0000] {dag.py:3036} INFO - Sync 1 DAGs
[2025-06-25T09:05:44.905+0000] {logging_mixin.py:188} INFO - [2025-06-25T09:05:44.905+0000] {dag.py:3823} INFO - Setting next_dagrun for example_task_group_decorator to 2025-06-24 00:00:00+00:00, run_after=2025-06-25 00:00:00+00:00
[2025-06-25T09:05:44.935+0000] {processor.py:183} INFO - Processing /home/airflow/.local/lib/python3.8/site-packages/airflow/example_dags/example_task_group_decorator.py took 0.153 seconds
[2025-06-25T09:06:15.639+0000] {processor.py:161} INFO - Started process (PID=357) to work on /home/airflow/.local/lib/python3.8/site-packages/airflow/example_dags/example_task_group_decorator.py
[2025-06-25T09:06:15.641+0000] {processor.py:830} INFO - Processing file /home/airflow/.local/lib/python3.8/site-packages/airflow/example_dags/example_task_group_decorator.py for tasks to queue
[2025-06-25T09:06:15.643+0000] {logging_mixin.py:188} INFO - [2025-06-25T09:06:15.643+0000] {dagbag.py:538} INFO - Filling up the DagBag from /home/airflow/.local/lib/python3.8/site-packages/airflow/example_dags/example_task_group_decorator.py
[2025-06-25T09:06:15.668+0000] {processor.py:840} INFO - DAG(s) 'example_task_group_decorator' retrieved from /home/airflow/.local/lib/python3.8/site-packages/airflow/example_dags/example_task_group_decorator.py
[2025-06-25T09:06:15.709+0000] {logging_mixin.py:188} INFO - [2025-06-25T09:06:15.708+0000] {dag.py:3036} INFO - Sync 1 DAGs
[2025-06-25T09:06:15.743+0000] {logging_mixin.py:188} INFO - [2025-06-25T09:06:15.743+0000] {dag.py:3823} INFO - Setting next_dagrun for example_task_group_decorator to 2025-06-24 00:00:00+00:00, run_after=2025-06-25 00:00:00+00:00
[2025-06-25T09:06:15.775+0000] {processor.py:183} INFO - Processing /home/airflow/.local/lib/python3.8/site-packages/airflow/example_dags/example_task_group_decorator.py took 0.141 seconds
[2025-06-25T09:06:46.497+0000] {processor.py:161} INFO - Started process (PID=422) to work on /home/airflow/.local/lib/python3.8/site-packages/airflow/example_dags/example_task_group_decorator.py
[2025-06-25T09:06:46.498+0000] {processor.py:830} INFO - Processing file /home/airflow/.local/lib/python3.8/site-packages/airflow/example_dags/example_task_group_decorator.py for tasks to queue
[2025-06-25T09:06:46.501+0000] {logging_mixin.py:188} INFO - [2025-06-25T09:06:46.500+0000] {dagbag.py:538} INFO - Filling up the DagBag from /home/airflow/.local/lib/python3.8/site-packages/airflow/example_dags/example_task_group_decorator.py
[2025-06-25T09:06:46.536+0000] {processor.py:840} INFO - DAG(s) 'example_task_group_decorator' retrieved from /home/airflow/.local/lib/python3.8/site-packages/airflow/example_dags/example_task_group_decorator.py
[2025-06-25T09:06:46.596+0000] {logging_mixin.py:188} INFO - [2025-06-25T09:06:46.596+0000] {dag.py:3036} INFO - Sync 1 DAGs
[2025-06-25T09:06:46.647+0000] {logging_mixin.py:188} INFO - [2025-06-25T09:06:46.647+0000] {dag.py:3823} INFO - Setting next_dagrun for example_task_group_decorator to 2025-06-24 00:00:00+00:00, run_after=2025-06-25 00:00:00+00:00
[2025-06-25T09:06:46.691+0000] {processor.py:183} INFO - Processing /home/airflow/.local/lib/python3.8/site-packages/airflow/example_dags/example_task_group_decorator.py took 0.200 seconds
[2025-06-25T09:07:16.804+0000] {processor.py:161} INFO - Started process (PID=494) to work on /home/airflow/.local/lib/python3.8/site-packages/airflow/example_dags/example_task_group_decorator.py
[2025-06-25T09:07:16.806+0000] {processor.py:830} INFO - Processing file /home/airflow/.local/lib/python3.8/site-packages/airflow/example_dags/example_task_group_decorator.py for tasks to queue
[2025-06-25T09:07:16.809+0000] {logging_mixin.py:188} INFO - [2025-06-25T09:07:16.808+0000] {dagbag.py:538} INFO - Filling up the DagBag from /home/airflow/.local/lib/python3.8/site-packages/airflow/example_dags/example_task_group_decorator.py
[2025-06-25T09:07:16.838+0000] {processor.py:840} INFO - DAG(s) 'example_task_group_decorator' retrieved from /home/airflow/.local/lib/python3.8/site-packages/airflow/example_dags/example_task_group_decorator.py
[2025-06-25T09:07:16.886+0000] {logging_mixin.py:188} INFO - [2025-06-25T09:07:16.885+0000] {dag.py:3036} INFO - Sync 1 DAGs
[2025-06-25T09:07:16.927+0000] {logging_mixin.py:188} INFO - [2025-06-25T09:07:16.927+0000] {dag.py:3823} INFO - Setting next_dagrun for example_task_group_decorator to 2025-06-24 00:00:00+00:00, run_after=2025-06-25 00:00:00+00:00
[2025-06-25T09:07:16.959+0000] {processor.py:183} INFO - Processing /home/airflow/.local/lib/python3.8/site-packages/airflow/example_dags/example_task_group_decorator.py took 0.161 seconds
[2025-06-25T09:07:47.737+0000] {processor.py:161} INFO - Started process (PID=561) to work on /home/airflow/.local/lib/python3.8/site-packages/airflow/example_dags/example_task_group_decorator.py
[2025-06-25T09:07:47.742+0000] {processor.py:830} INFO - Processing file /home/airflow/.local/lib/python3.8/site-packages/airflow/example_dags/example_task_group_decorator.py for tasks to queue
[2025-06-25T09:07:47.745+0000] {logging_mixin.py:188} INFO - [2025-06-25T09:07:47.744+0000] {dagbag.py:538} INFO - Filling up the DagBag from /home/airflow/.local/lib/python3.8/site-packages/airflow/example_dags/example_task_group_decorator.py
[2025-06-25T09:07:47.783+0000] {processor.py:840} INFO - DAG(s) 'example_task_group_decorator' retrieved from /home/airflow/.local/lib/python3.8/site-packages/airflow/example_dags/example_task_group_decorator.py
[2025-06-25T09:07:47.828+0000] {logging_mixin.py:188} INFO - [2025-06-25T09:07:47.827+0000] {dag.py:3036} INFO - Sync 1 DAGs
[2025-06-25T09:07:47.869+0000] {logging_mixin.py:188} INFO - [2025-06-25T09:07:47.869+0000] {dag.py:3823} INFO - Setting next_dagrun for example_task_group_decorator to 2025-06-24 00:00:00+00:00, run_after=2025-06-25 00:00:00+00:00
[2025-06-25T09:07:47.900+0000] {processor.py:183} INFO - Processing /home/airflow/.local/lib/python3.8/site-packages/airflow/example_dags/example_task_group_decorator.py took 0.169 seconds
[2025-06-25T09:08:18.638+0000] {processor.py:161} INFO - Started process (PID=627) to work on /home/airflow/.local/lib/python3.8/site-packages/airflow/example_dags/example_task_group_decorator.py
[2025-06-25T09:08:18.639+0000] {processor.py:830} INFO - Processing file /home/airflow/.local/lib/python3.8/site-packages/airflow/example_dags/example_task_group_decorator.py for tasks to queue
[2025-06-25T09:08:18.642+0000] {logging_mixin.py:188} INFO - [2025-06-25T09:08:18.642+0000] {dagbag.py:538} INFO - Filling up the DagBag from /home/airflow/.local/lib/python3.8/site-packages/airflow/example_dags/example_task_group_decorator.py
[2025-06-25T09:08:18.677+0000] {processor.py:840} INFO - DAG(s) 'example_task_group_decorator' retrieved from /home/airflow/.local/lib/python3.8/site-packages/airflow/example_dags/example_task_group_decorator.py
[2025-06-25T09:08:18.727+0000] {logging_mixin.py:188} INFO - [2025-06-25T09:08:18.727+0000] {dag.py:3036} INFO - Sync 1 DAGs
[2025-06-25T09:08:18.772+0000] {logging_mixin.py:188} INFO - [2025-06-25T09:08:18.771+0000] {dag.py:3823} INFO - Setting next_dagrun for example_task_group_decorator to 2025-06-24 00:00:00+00:00, run_after=2025-06-25 00:00:00+00:00
[2025-06-25T09:08:18.804+0000] {processor.py:183} INFO - Processing /home/airflow/.local/lib/python3.8/site-packages/airflow/example_dags/example_task_group_decorator.py took 0.173 seconds
[2025-06-25T09:08:49.062+0000] {processor.py:161} INFO - Started process (PID=691) to work on /home/airflow/.local/lib/python3.8/site-packages/airflow/example_dags/example_task_group_decorator.py
[2025-06-25T09:08:49.064+0000] {processor.py:830} INFO - Processing file /home/airflow/.local/lib/python3.8/site-packages/airflow/example_dags/example_task_group_decorator.py for tasks to queue
[2025-06-25T09:08:49.068+0000] {logging_mixin.py:188} INFO - [2025-06-25T09:08:49.067+0000] {dagbag.py:538} INFO - Filling up the DagBag from /home/airflow/.local/lib/python3.8/site-packages/airflow/example_dags/example_task_group_decorator.py
[2025-06-25T09:08:49.093+0000] {processor.py:840} INFO - DAG(s) 'example_task_group_decorator' retrieved from /home/airflow/.local/lib/python3.8/site-packages/airflow/example_dags/example_task_group_decorator.py
[2025-06-25T09:08:49.146+0000] {logging_mixin.py:188} INFO - [2025-06-25T09:08:49.146+0000] {dag.py:3036} INFO - Sync 1 DAGs
[2025-06-25T09:08:49.197+0000] {logging_mixin.py:188} INFO - [2025-06-25T09:08:49.196+0000] {dag.py:3823} INFO - Setting next_dagrun for example_task_group_decorator to 2025-06-24 00:00:00+00:00, run_after=2025-06-25 00:00:00+00:00
[2025-06-25T09:08:49.251+0000] {processor.py:183} INFO - Processing /home/airflow/.local/lib/python3.8/site-packages/airflow/example_dags/example_task_group_decorator.py took 0.194 seconds
[2025-06-25T09:09:19.548+0000] {processor.py:161} INFO - Started process (PID=755) to work on /home/airflow/.local/lib/python3.8/site-packages/airflow/example_dags/example_task_group_decorator.py
[2025-06-25T09:09:19.550+0000] {processor.py:830} INFO - Processing file /home/airflow/.local/lib/python3.8/site-packages/airflow/example_dags/example_task_group_decorator.py for tasks to queue
[2025-06-25T09:09:19.552+0000] {logging_mixin.py:188} INFO - [2025-06-25T09:09:19.552+0000] {dagbag.py:538} INFO - Filling up the DagBag from /home/airflow/.local/lib/python3.8/site-packages/airflow/example_dags/example_task_group_decorator.py
[2025-06-25T09:09:19.582+0000] {processor.py:840} INFO - DAG(s) 'example_task_group_decorator' retrieved from /home/airflow/.local/lib/python3.8/site-packages/airflow/example_dags/example_task_group_decorator.py
[2025-06-25T09:09:19.631+0000] {logging_mixin.py:188} INFO - [2025-06-25T09:09:19.630+0000] {dag.py:3036} INFO - Sync 1 DAGs
[2025-06-25T09:09:19.673+0000] {logging_mixin.py:188} INFO - [2025-06-25T09:09:19.673+0000] {dag.py:3823} INFO - Setting next_dagrun for example_task_group_decorator to 2025-06-24 00:00:00+00:00, run_after=2025-06-25 00:00:00+00:00
[2025-06-25T09:09:19.709+0000] {processor.py:183} INFO - Processing /home/airflow/.local/lib/python3.8/site-packages/airflow/example_dags/example_task_group_decorator.py took 0.166 seconds
[2025-06-25T09:09:50.732+0000] {processor.py:161} INFO - Started process (PID=820) to work on /home/airflow/.local/lib/python3.8/site-packages/airflow/example_dags/example_task_group_decorator.py
[2025-06-25T09:09:50.733+0000] {processor.py:830} INFO - Processing file /home/airflow/.local/lib/python3.8/site-packages/airflow/example_dags/example_task_group_decorator.py for tasks to queue
[2025-06-25T09:09:50.736+0000] {logging_mixin.py:188} INFO - [2025-06-25T09:09:50.736+0000] {dagbag.py:538} INFO - Filling up the DagBag from /home/airflow/.local/lib/python3.8/site-packages/airflow/example_dags/example_task_group_decorator.py
[2025-06-25T09:09:50.762+0000] {processor.py:840} INFO - DAG(s) 'example_task_group_decorator' retrieved from /home/airflow/.local/lib/python3.8/site-packages/airflow/example_dags/example_task_group_decorator.py
[2025-06-25T09:09:50.804+0000] {logging_mixin.py:188} INFO - [2025-06-25T09:09:50.804+0000] {dag.py:3036} INFO - Sync 1 DAGs
[2025-06-25T09:09:50.841+0000] {logging_mixin.py:188} INFO - [2025-06-25T09:09:50.841+0000] {dag.py:3823} INFO - Setting next_dagrun for example_task_group_decorator to 2025-06-24 00:00:00+00:00, run_after=2025-06-25 00:00:00+00:00
[2025-06-25T09:09:50.876+0000] {processor.py:183} INFO - Processing /home/airflow/.local/lib/python3.8/site-packages/airflow/example_dags/example_task_group_decorator.py took 0.150 seconds
[2025-06-25T09:10:21.876+0000] {processor.py:161} INFO - Started process (PID=885) to work on /home/airflow/.local/lib/python3.8/site-packages/airflow/example_dags/example_task_group_decorator.py
[2025-06-25T09:10:21.878+0000] {processor.py:830} INFO - Processing file /home/airflow/.local/lib/python3.8/site-packages/airflow/example_dags/example_task_group_decorator.py for tasks to queue
[2025-06-25T09:10:21.881+0000] {logging_mixin.py:188} INFO - [2025-06-25T09:10:21.880+0000] {dagbag.py:538} INFO - Filling up the DagBag from /home/airflow/.local/lib/python3.8/site-packages/airflow/example_dags/example_task_group_decorator.py
[2025-06-25T09:10:21.904+0000] {processor.py:840} INFO - DAG(s) 'example_task_group_decorator' retrieved from /home/airflow/.local/lib/python3.8/site-packages/airflow/example_dags/example_task_group_decorator.py
[2025-06-25T09:10:21.969+0000] {logging_mixin.py:188} INFO - [2025-06-25T09:10:21.968+0000] {dag.py:3036} INFO - Sync 1 DAGs
[2025-06-25T09:10:22.009+0000] {logging_mixin.py:188} INFO - [2025-06-25T09:10:22.009+0000] {dag.py:3823} INFO - Setting next_dagrun for example_task_group_decorator to 2025-06-24 00:00:00+00:00, run_after=2025-06-25 00:00:00+00:00
[2025-06-25T09:10:22.045+0000] {processor.py:183} INFO - Processing /home/airflow/.local/lib/python3.8/site-packages/airflow/example_dags/example_task_group_decorator.py took 0.175 seconds
[2025-06-25T09:10:52.825+0000] {processor.py:161} INFO - Started process (PID=950) to work on /home/airflow/.local/lib/python3.8/site-packages/airflow/example_dags/example_task_group_decorator.py
[2025-06-25T09:10:52.827+0000] {processor.py:830} INFO - Processing file /home/airflow/.local/lib/python3.8/site-packages/airflow/example_dags/example_task_group_decorator.py for tasks to queue
[2025-06-25T09:10:52.829+0000] {logging_mixin.py:188} INFO - [2025-06-25T09:10:52.829+0000] {dagbag.py:538} INFO - Filling up the DagBag from /home/airflow/.local/lib/python3.8/site-packages/airflow/example_dags/example_task_group_decorator.py
[2025-06-25T09:10:52.858+0000] {processor.py:840} INFO - DAG(s) 'example_task_group_decorator' retrieved from /home/airflow/.local/lib/python3.8/site-packages/airflow/example_dags/example_task_group_decorator.py
[2025-06-25T09:10:52.907+0000] {logging_mixin.py:188} INFO - [2025-06-25T09:10:52.907+0000] {dag.py:3036} INFO - Sync 1 DAGs
[2025-06-25T09:10:52.953+0000] {logging_mixin.py:188} INFO - [2025-06-25T09:10:52.953+0000] {dag.py:3823} INFO - Setting next_dagrun for example_task_group_decorator to 2025-06-24 00:00:00+00:00, run_after=2025-06-25 00:00:00+00:00
[2025-06-25T09:10:52.987+0000] {processor.py:183} INFO - Processing /home/airflow/.local/lib/python3.8/site-packages/airflow/example_dags/example_task_group_decorator.py took 0.167 seconds
[2025-06-25T09:11:23.709+0000] {processor.py:161} INFO - Started process (PID=1015) to work on /home/airflow/.local/lib/python3.8/site-packages/airflow/example_dags/example_task_group_decorator.py
[2025-06-25T09:11:23.712+0000] {processor.py:830} INFO - Processing file /home/airflow/.local/lib/python3.8/site-packages/airflow/example_dags/example_task_group_decorator.py for tasks to queue
[2025-06-25T09:11:23.715+0000] {logging_mixin.py:188} INFO - [2025-06-25T09:11:23.714+0000] {dagbag.py:538} INFO - Filling up the DagBag from /home/airflow/.local/lib/python3.8/site-packages/airflow/example_dags/example_task_group_decorator.py
[2025-06-25T09:11:23.748+0000] {processor.py:840} INFO - DAG(s) 'example_task_group_decorator' retrieved from /home/airflow/.local/lib/python3.8/site-packages/airflow/example_dags/example_task_group_decorator.py
[2025-06-25T09:11:23.799+0000] {logging_mixin.py:188} INFO - [2025-06-25T09:11:23.798+0000] {dag.py:3036} INFO - Sync 1 DAGs
[2025-06-25T09:11:23.846+0000] {logging_mixin.py:188} INFO - [2025-06-25T09:11:23.846+0000] {dag.py:3823} INFO - Setting next_dagrun for example_task_group_decorator to 2025-06-24 00:00:00+00:00, run_after=2025-06-25 00:00:00+00:00
[2025-06-25T09:11:23.882+0000] {processor.py:183} INFO - Processing /home/airflow/.local/lib/python3.8/site-packages/airflow/example_dags/example_task_group_decorator.py took 0.179 seconds
[2025-06-25T09:11:54.313+0000] {processor.py:161} INFO - Started process (PID=1080) to work on /home/airflow/.local/lib/python3.8/site-packages/airflow/example_dags/example_task_group_decorator.py
[2025-06-25T09:11:54.315+0000] {processor.py:830} INFO - Processing file /home/airflow/.local/lib/python3.8/site-packages/airflow/example_dags/example_task_group_decorator.py for tasks to queue
[2025-06-25T09:11:54.318+0000] {logging_mixin.py:188} INFO - [2025-06-25T09:11:54.317+0000] {dagbag.py:538} INFO - Filling up the DagBag from /home/airflow/.local/lib/python3.8/site-packages/airflow/example_dags/example_task_group_decorator.py
[2025-06-25T09:11:54.347+0000] {processor.py:840} INFO - DAG(s) 'example_task_group_decorator' retrieved from /home/airflow/.local/lib/python3.8/site-packages/airflow/example_dags/example_task_group_decorator.py
[2025-06-25T09:11:54.407+0000] {logging_mixin.py:188} INFO - [2025-06-25T09:11:54.406+0000] {dag.py:3036} INFO - Sync 1 DAGs
[2025-06-25T09:11:54.456+0000] {logging_mixin.py:188} INFO - [2025-06-25T09:11:54.456+0000] {dag.py:3823} INFO - Setting next_dagrun for example_task_group_decorator to 2025-06-24 00:00:00+00:00, run_after=2025-06-25 00:00:00+00:00
[2025-06-25T09:11:54.533+0000] {processor.py:183} INFO - Processing /home/airflow/.local/lib/python3.8/site-packages/airflow/example_dags/example_task_group_decorator.py took 0.229 seconds
[2025-06-25T09:12:24.655+0000] {processor.py:161} INFO - Started process (PID=1143) to work on /home/airflow/.local/lib/python3.8/site-packages/airflow/example_dags/example_task_group_decorator.py
[2025-06-25T09:12:24.658+0000] {processor.py:830} INFO - Processing file /home/airflow/.local/lib/python3.8/site-packages/airflow/example_dags/example_task_group_decorator.py for tasks to queue
[2025-06-25T09:12:24.661+0000] {logging_mixin.py:188} INFO - [2025-06-25T09:12:24.661+0000] {dagbag.py:538} INFO - Filling up the DagBag from /home/airflow/.local/lib/python3.8/site-packages/airflow/example_dags/example_task_group_decorator.py
[2025-06-25T09:12:24.700+0000] {processor.py:840} INFO - DAG(s) 'example_task_group_decorator' retrieved from /home/airflow/.local/lib/python3.8/site-packages/airflow/example_dags/example_task_group_decorator.py
[2025-06-25T09:12:24.767+0000] {logging_mixin.py:188} INFO - [2025-06-25T09:12:24.767+0000] {dag.py:3036} INFO - Sync 1 DAGs
[2025-06-25T09:12:24.829+0000] {logging_mixin.py:188} INFO - [2025-06-25T09:12:24.828+0000] {dag.py:3823} INFO - Setting next_dagrun for example_task_group_decorator to 2025-06-24 00:00:00+00:00, run_after=2025-06-25 00:00:00+00:00
[2025-06-25T09:12:24.874+0000] {processor.py:183} INFO - Processing /home/airflow/.local/lib/python3.8/site-packages/airflow/example_dags/example_task_group_decorator.py took 0.226 seconds
[2025-06-25T09:12:55.572+0000] {processor.py:161} INFO - Started process (PID=1209) to work on /home/airflow/.local/lib/python3.8/site-packages/airflow/example_dags/example_task_group_decorator.py
[2025-06-25T09:12:55.574+0000] {processor.py:830} INFO - Processing file /home/airflow/.local/lib/python3.8/site-packages/airflow/example_dags/example_task_group_decorator.py for tasks to queue
[2025-06-25T09:12:55.578+0000] {logging_mixin.py:188} INFO - [2025-06-25T09:12:55.577+0000] {dagbag.py:538} INFO - Filling up the DagBag from /home/airflow/.local/lib/python3.8/site-packages/airflow/example_dags/example_task_group_decorator.py
[2025-06-25T09:12:55.611+0000] {processor.py:840} INFO - DAG(s) 'example_task_group_decorator' retrieved from /home/airflow/.local/lib/python3.8/site-packages/airflow/example_dags/example_task_group_decorator.py
[2025-06-25T09:12:55.661+0000] {logging_mixin.py:188} INFO - [2025-06-25T09:12:55.660+0000] {dag.py:3036} INFO - Sync 1 DAGs
[2025-06-25T09:12:55.706+0000] {logging_mixin.py:188} INFO - [2025-06-25T09:12:55.706+0000] {dag.py:3823} INFO - Setting next_dagrun for example_task_group_decorator to 2025-06-24 00:00:00+00:00, run_after=2025-06-25 00:00:00+00:00
[2025-06-25T09:12:55.751+0000] {processor.py:183} INFO - Processing /home/airflow/.local/lib/python3.8/site-packages/airflow/example_dags/example_task_group_decorator.py took 0.184 seconds
[2025-06-25T09:13:26.409+0000] {processor.py:161} INFO - Started process (PID=1275) to work on /home/airflow/.local/lib/python3.8/site-packages/airflow/example_dags/example_task_group_decorator.py
[2025-06-25T09:13:26.411+0000] {processor.py:830} INFO - Processing file /home/airflow/.local/lib/python3.8/site-packages/airflow/example_dags/example_task_group_decorator.py for tasks to queue
[2025-06-25T09:13:26.415+0000] {logging_mixin.py:188} INFO - [2025-06-25T09:13:26.414+0000] {dagbag.py:538} INFO - Filling up the DagBag from /home/airflow/.local/lib/python3.8/site-packages/airflow/example_dags/example_task_group_decorator.py
[2025-06-25T09:13:26.443+0000] {processor.py:840} INFO - DAG(s) 'example_task_group_decorator' retrieved from /home/airflow/.local/lib/python3.8/site-packages/airflow/example_dags/example_task_group_decorator.py
[2025-06-25T09:13:26.489+0000] {logging_mixin.py:188} INFO - [2025-06-25T09:13:26.489+0000] {dag.py:3036} INFO - Sync 1 DAGs
[2025-06-25T09:13:26.533+0000] {logging_mixin.py:188} INFO - [2025-06-25T09:13:26.532+0000] {dag.py:3823} INFO - Setting next_dagrun for example_task_group_decorator to 2025-06-24 00:00:00+00:00, run_after=2025-06-25 00:00:00+00:00
[2025-06-25T09:13:26.564+0000] {processor.py:183} INFO - Processing /home/airflow/.local/lib/python3.8/site-packages/airflow/example_dags/example_task_group_decorator.py took 0.161 seconds
[2025-06-25T09:13:57.359+0000] {processor.py:161} INFO - Started process (PID=1341) to work on /home/airflow/.local/lib/python3.8/site-packages/airflow/example_dags/example_task_group_decorator.py
[2025-06-25T09:13:57.377+0000] {processor.py:830} INFO - Processing file /home/airflow/.local/lib/python3.8/site-packages/airflow/example_dags/example_task_group_decorator.py for tasks to queue
[2025-06-25T09:13:57.382+0000] {logging_mixin.py:188} INFO - [2025-06-25T09:13:57.381+0000] {dagbag.py:538} INFO - Filling up the DagBag from /home/airflow/.local/lib/python3.8/site-packages/airflow/example_dags/example_task_group_decorator.py
[2025-06-25T09:13:57.419+0000] {processor.py:840} INFO - DAG(s) 'example_task_group_decorator' retrieved from /home/airflow/.local/lib/python3.8/site-packages/airflow/example_dags/example_task_group_decorator.py
[2025-06-25T09:13:57.475+0000] {logging_mixin.py:188} INFO - [2025-06-25T09:13:57.475+0000] {dag.py:3036} INFO - Sync 1 DAGs
[2025-06-25T09:13:57.520+0000] {logging_mixin.py:188} INFO - [2025-06-25T09:13:57.520+0000] {dag.py:3823} INFO - Setting next_dagrun for example_task_group_decorator to 2025-06-24 00:00:00+00:00, run_after=2025-06-25 00:00:00+00:00
[2025-06-25T09:13:57.568+0000] {processor.py:183} INFO - Processing /home/airflow/.local/lib/python3.8/site-packages/airflow/example_dags/example_task_group_decorator.py took 0.227 seconds
[2025-06-25T09:14:27.749+0000] {processor.py:161} INFO - Started process (PID=1406) to work on /home/airflow/.local/lib/python3.8/site-packages/airflow/example_dags/example_task_group_decorator.py
[2025-06-25T09:14:27.765+0000] {processor.py:830} INFO - Processing file /home/airflow/.local/lib/python3.8/site-packages/airflow/example_dags/example_task_group_decorator.py for tasks to queue
[2025-06-25T09:14:27.770+0000] {logging_mixin.py:188} INFO - [2025-06-25T09:14:27.769+0000] {dagbag.py:538} INFO - Filling up the DagBag from /home/airflow/.local/lib/python3.8/site-packages/airflow/example_dags/example_task_group_decorator.py
[2025-06-25T09:14:27.810+0000] {processor.py:840} INFO - DAG(s) 'example_task_group_decorator' retrieved from /home/airflow/.local/lib/python3.8/site-packages/airflow/example_dags/example_task_group_decorator.py
[2025-06-25T09:14:27.890+0000] {logging_mixin.py:188} INFO - [2025-06-25T09:14:27.889+0000] {dag.py:3036} INFO - Sync 1 DAGs
[2025-06-25T09:14:27.976+0000] {logging_mixin.py:188} INFO - [2025-06-25T09:14:27.976+0000] {dag.py:3823} INFO - Setting next_dagrun for example_task_group_decorator to 2025-06-24 00:00:00+00:00, run_after=2025-06-25 00:00:00+00:00
[2025-06-25T09:14:28.051+0000] {processor.py:183} INFO - Processing /home/airflow/.local/lib/python3.8/site-packages/airflow/example_dags/example_task_group_decorator.py took 0.324 seconds
[2025-06-25T09:14:58.906+0000] {processor.py:161} INFO - Started process (PID=1471) to work on /home/airflow/.local/lib/python3.8/site-packages/airflow/example_dags/example_task_group_decorator.py
[2025-06-25T09:14:58.916+0000] {processor.py:830} INFO - Processing file /home/airflow/.local/lib/python3.8/site-packages/airflow/example_dags/example_task_group_decorator.py for tasks to queue
[2025-06-25T09:14:58.922+0000] {logging_mixin.py:188} INFO - [2025-06-25T09:14:58.921+0000] {dagbag.py:538} INFO - Filling up the DagBag from /home/airflow/.local/lib/python3.8/site-packages/airflow/example_dags/example_task_group_decorator.py
[2025-06-25T09:14:59.006+0000] {processor.py:840} INFO - DAG(s) 'example_task_group_decorator' retrieved from /home/airflow/.local/lib/python3.8/site-packages/airflow/example_dags/example_task_group_decorator.py
[2025-06-25T09:14:59.065+0000] {logging_mixin.py:188} INFO - [2025-06-25T09:14:59.064+0000] {dag.py:3036} INFO - Sync 1 DAGs
[2025-06-25T09:14:59.129+0000] {logging_mixin.py:188} INFO - [2025-06-25T09:14:59.128+0000] {dag.py:3823} INFO - Setting next_dagrun for example_task_group_decorator to 2025-06-24 00:00:00+00:00, run_after=2025-06-25 00:00:00+00:00
[2025-06-25T09:14:59.182+0000] {processor.py:183} INFO - Processing /home/airflow/.local/lib/python3.8/site-packages/airflow/example_dags/example_task_group_decorator.py took 0.296 seconds
[2025-06-25T09:15:29.425+0000] {processor.py:161} INFO - Started process (PID=1528) to work on /home/airflow/.local/lib/python3.8/site-packages/airflow/example_dags/example_task_group_decorator.py
[2025-06-25T09:15:29.428+0000] {processor.py:830} INFO - Processing file /home/airflow/.local/lib/python3.8/site-packages/airflow/example_dags/example_task_group_decorator.py for tasks to queue
[2025-06-25T09:15:29.433+0000] {logging_mixin.py:188} INFO - [2025-06-25T09:15:29.432+0000] {dagbag.py:538} INFO - Filling up the DagBag from /home/airflow/.local/lib/python3.8/site-packages/airflow/example_dags/example_task_group_decorator.py
[2025-06-25T09:15:29.512+0000] {processor.py:840} INFO - DAG(s) 'example_task_group_decorator' retrieved from /home/airflow/.local/lib/python3.8/site-packages/airflow/example_dags/example_task_group_decorator.py
[2025-06-25T09:15:29.606+0000] {logging_mixin.py:188} INFO - [2025-06-25T09:15:29.605+0000] {dag.py:3036} INFO - Sync 1 DAGs
[2025-06-25T09:15:29.657+0000] {logging_mixin.py:188} INFO - [2025-06-25T09:15:29.657+0000] {dag.py:3823} INFO - Setting next_dagrun for example_task_group_decorator to 2025-06-24 00:00:00+00:00, run_after=2025-06-25 00:00:00+00:00
[2025-06-25T09:15:29.696+0000] {processor.py:183} INFO - Processing /home/airflow/.local/lib/python3.8/site-packages/airflow/example_dags/example_task_group_decorator.py took 0.278 seconds
[2025-06-25T09:15:59.917+0000] {processor.py:161} INFO - Started process (PID=1593) to work on /home/airflow/.local/lib/python3.8/site-packages/airflow/example_dags/example_task_group_decorator.py
[2025-06-25T09:15:59.920+0000] {processor.py:830} INFO - Processing file /home/airflow/.local/lib/python3.8/site-packages/airflow/example_dags/example_task_group_decorator.py for tasks to queue
[2025-06-25T09:15:59.923+0000] {logging_mixin.py:188} INFO - [2025-06-25T09:15:59.923+0000] {dagbag.py:538} INFO - Filling up the DagBag from /home/airflow/.local/lib/python3.8/site-packages/airflow/example_dags/example_task_group_decorator.py
[2025-06-25T09:15:59.959+0000] {processor.py:840} INFO - DAG(s) 'example_task_group_decorator' retrieved from /home/airflow/.local/lib/python3.8/site-packages/airflow/example_dags/example_task_group_decorator.py
[2025-06-25T09:16:00.019+0000] {logging_mixin.py:188} INFO - [2025-06-25T09:16:00.019+0000] {dag.py:3036} INFO - Sync 1 DAGs
[2025-06-25T09:16:00.066+0000] {logging_mixin.py:188} INFO - [2025-06-25T09:16:00.066+0000] {dag.py:3823} INFO - Setting next_dagrun for example_task_group_decorator to 2025-06-24 00:00:00+00:00, run_after=2025-06-25 00:00:00+00:00
[2025-06-25T09:16:00.111+0000] {processor.py:183} INFO - Processing /home/airflow/.local/lib/python3.8/site-packages/airflow/example_dags/example_task_group_decorator.py took 0.200 seconds
[2025-06-25T09:16:31.184+0000] {processor.py:161} INFO - Started process (PID=1657) to work on /home/airflow/.local/lib/python3.8/site-packages/airflow/example_dags/example_task_group_decorator.py
[2025-06-25T09:16:31.186+0000] {processor.py:830} INFO - Processing file /home/airflow/.local/lib/python3.8/site-packages/airflow/example_dags/example_task_group_decorator.py for tasks to queue
[2025-06-25T09:16:31.189+0000] {logging_mixin.py:188} INFO - [2025-06-25T09:16:31.188+0000] {dagbag.py:538} INFO - Filling up the DagBag from /home/airflow/.local/lib/python3.8/site-packages/airflow/example_dags/example_task_group_decorator.py
[2025-06-25T09:16:31.231+0000] {processor.py:840} INFO - DAG(s) 'example_task_group_decorator' retrieved from /home/airflow/.local/lib/python3.8/site-packages/airflow/example_dags/example_task_group_decorator.py
[2025-06-25T09:16:31.350+0000] {logging_mixin.py:188} INFO - [2025-06-25T09:16:31.347+0000] {dag.py:3036} INFO - Sync 1 DAGs
[2025-06-25T09:16:31.444+0000] {logging_mixin.py:188} INFO - [2025-06-25T09:16:31.442+0000] {dag.py:3823} INFO - Setting next_dagrun for example_task_group_decorator to 2025-06-24 00:00:00+00:00, run_after=2025-06-25 00:00:00+00:00
[2025-06-25T09:16:31.498+0000] {processor.py:183} INFO - Processing /home/airflow/.local/lib/python3.8/site-packages/airflow/example_dags/example_task_group_decorator.py took 0.321 seconds
[2025-06-25T09:17:01.639+0000] {processor.py:161} INFO - Started process (PID=1722) to work on /home/airflow/.local/lib/python3.8/site-packages/airflow/example_dags/example_task_group_decorator.py
[2025-06-25T09:17:01.641+0000] {processor.py:830} INFO - Processing file /home/airflow/.local/lib/python3.8/site-packages/airflow/example_dags/example_task_group_decorator.py for tasks to queue
[2025-06-25T09:17:01.647+0000] {logging_mixin.py:188} INFO - [2025-06-25T09:17:01.646+0000] {dagbag.py:538} INFO - Filling up the DagBag from /home/airflow/.local/lib/python3.8/site-packages/airflow/example_dags/example_task_group_decorator.py
[2025-06-25T09:17:01.702+0000] {processor.py:840} INFO - DAG(s) 'example_task_group_decorator' retrieved from /home/airflow/.local/lib/python3.8/site-packages/airflow/example_dags/example_task_group_decorator.py
[2025-06-25T09:17:01.775+0000] {logging_mixin.py:188} INFO - [2025-06-25T09:17:01.773+0000] {dag.py:3036} INFO - Sync 1 DAGs
[2025-06-25T09:17:01.828+0000] {logging_mixin.py:188} INFO - [2025-06-25T09:17:01.828+0000] {dag.py:3823} INFO - Setting next_dagrun for example_task_group_decorator to 2025-06-24 00:00:00+00:00, run_after=2025-06-25 00:00:00+00:00
[2025-06-25T09:17:01.870+0000] {processor.py:183} INFO - Processing /home/airflow/.local/lib/python3.8/site-packages/airflow/example_dags/example_task_group_decorator.py took 0.239 seconds
[2025-06-25T09:17:32.692+0000] {processor.py:161} INFO - Started process (PID=1788) to work on /home/airflow/.local/lib/python3.8/site-packages/airflow/example_dags/example_task_group_decorator.py
[2025-06-25T09:17:32.695+0000] {processor.py:830} INFO - Processing file /home/airflow/.local/lib/python3.8/site-packages/airflow/example_dags/example_task_group_decorator.py for tasks to queue
[2025-06-25T09:17:32.699+0000] {logging_mixin.py:188} INFO - [2025-06-25T09:17:32.698+0000] {dagbag.py:538} INFO - Filling up the DagBag from /home/airflow/.local/lib/python3.8/site-packages/airflow/example_dags/example_task_group_decorator.py
[2025-06-25T09:17:32.745+0000] {processor.py:840} INFO - DAG(s) 'example_task_group_decorator' retrieved from /home/airflow/.local/lib/python3.8/site-packages/airflow/example_dags/example_task_group_decorator.py
[2025-06-25T09:17:32.810+0000] {logging_mixin.py:188} INFO - [2025-06-25T09:17:32.810+0000] {dag.py:3036} INFO - Sync 1 DAGs
[2025-06-25T09:17:32.858+0000] {logging_mixin.py:188} INFO - [2025-06-25T09:17:32.857+0000] {dag.py:3823} INFO - Setting next_dagrun for example_task_group_decorator to 2025-06-24 00:00:00+00:00, run_after=2025-06-25 00:00:00+00:00
[2025-06-25T09:17:32.896+0000] {processor.py:183} INFO - Processing /home/airflow/.local/lib/python3.8/site-packages/airflow/example_dags/example_task_group_decorator.py took 0.215 seconds
[2025-06-25T09:18:03.223+0000] {processor.py:161} INFO - Started process (PID=1852) to work on /home/airflow/.local/lib/python3.8/site-packages/airflow/example_dags/example_task_group_decorator.py
[2025-06-25T09:18:03.225+0000] {processor.py:830} INFO - Processing file /home/airflow/.local/lib/python3.8/site-packages/airflow/example_dags/example_task_group_decorator.py for tasks to queue
[2025-06-25T09:18:03.228+0000] {logging_mixin.py:188} INFO - [2025-06-25T09:18:03.227+0000] {dagbag.py:538} INFO - Filling up the DagBag from /home/airflow/.local/lib/python3.8/site-packages/airflow/example_dags/example_task_group_decorator.py
[2025-06-25T09:18:03.259+0000] {processor.py:840} INFO - DAG(s) 'example_task_group_decorator' retrieved from /home/airflow/.local/lib/python3.8/site-packages/airflow/example_dags/example_task_group_decorator.py
[2025-06-25T09:18:03.303+0000] {logging_mixin.py:188} INFO - [2025-06-25T09:18:03.302+0000] {dag.py:3036} INFO - Sync 1 DAGs
[2025-06-25T09:18:03.341+0000] {logging_mixin.py:188} INFO - [2025-06-25T09:18:03.341+0000] {dag.py:3823} INFO - Setting next_dagrun for example_task_group_decorator to 2025-06-24 00:00:00+00:00, run_after=2025-06-25 00:00:00+00:00
[2025-06-25T09:18:03.386+0000] {processor.py:183} INFO - Processing /home/airflow/.local/lib/python3.8/site-packages/airflow/example_dags/example_task_group_decorator.py took 0.181 seconds
[2025-06-25T09:18:33.671+0000] {processor.py:161} INFO - Started process (PID=1918) to work on /home/airflow/.local/lib/python3.8/site-packages/airflow/example_dags/example_task_group_decorator.py
[2025-06-25T09:18:33.672+0000] {processor.py:830} INFO - Processing file /home/airflow/.local/lib/python3.8/site-packages/airflow/example_dags/example_task_group_decorator.py for tasks to queue
[2025-06-25T09:18:33.676+0000] {logging_mixin.py:188} INFO - [2025-06-25T09:18:33.675+0000] {dagbag.py:538} INFO - Filling up the DagBag from /home/airflow/.local/lib/python3.8/site-packages/airflow/example_dags/example_task_group_decorator.py
[2025-06-25T09:18:33.719+0000] {processor.py:840} INFO - DAG(s) 'example_task_group_decorator' retrieved from /home/airflow/.local/lib/python3.8/site-packages/airflow/example_dags/example_task_group_decorator.py
[2025-06-25T09:18:33.761+0000] {logging_mixin.py:188} INFO - [2025-06-25T09:18:33.761+0000] {dag.py:3036} INFO - Sync 1 DAGs
[2025-06-25T09:18:33.801+0000] {logging_mixin.py:188} INFO - [2025-06-25T09:18:33.801+0000] {dag.py:3823} INFO - Setting next_dagrun for example_task_group_decorator to 2025-06-24 00:00:00+00:00, run_after=2025-06-25 00:00:00+00:00
[2025-06-25T09:18:33.834+0000] {processor.py:183} INFO - Processing /home/airflow/.local/lib/python3.8/site-packages/airflow/example_dags/example_task_group_decorator.py took 0.170 seconds
[2025-06-25T09:19:04.251+0000] {processor.py:161} INFO - Started process (PID=1983) to work on /home/airflow/.local/lib/python3.8/site-packages/airflow/example_dags/example_task_group_decorator.py
[2025-06-25T09:19:04.253+0000] {processor.py:830} INFO - Processing file /home/airflow/.local/lib/python3.8/site-packages/airflow/example_dags/example_task_group_decorator.py for tasks to queue
[2025-06-25T09:19:04.256+0000] {logging_mixin.py:188} INFO - [2025-06-25T09:19:04.256+0000] {dagbag.py:538} INFO - Filling up the DagBag from /home/airflow/.local/lib/python3.8/site-packages/airflow/example_dags/example_task_group_decorator.py
[2025-06-25T09:19:04.290+0000] {processor.py:840} INFO - DAG(s) 'example_task_group_decorator' retrieved from /home/airflow/.local/lib/python3.8/site-packages/airflow/example_dags/example_task_group_decorator.py
[2025-06-25T09:19:04.343+0000] {logging_mixin.py:188} INFO - [2025-06-25T09:19:04.342+0000] {dag.py:3036} INFO - Sync 1 DAGs
[2025-06-25T09:19:04.391+0000] {logging_mixin.py:188} INFO - [2025-06-25T09:19:04.390+0000] {dag.py:3823} INFO - Setting next_dagrun for example_task_group_decorator to 2025-06-24 00:00:00+00:00, run_after=2025-06-25 00:00:00+00:00
[2025-06-25T09:19:04.436+0000] {processor.py:183} INFO - Processing /home/airflow/.local/lib/python3.8/site-packages/airflow/example_dags/example_task_group_decorator.py took 0.191 seconds
[2025-06-25T09:19:34.642+0000] {processor.py:161} INFO - Started process (PID=2048) to work on /home/airflow/.local/lib/python3.8/site-packages/airflow/example_dags/example_task_group_decorator.py
[2025-06-25T09:19:34.643+0000] {processor.py:830} INFO - Processing file /home/airflow/.local/lib/python3.8/site-packages/airflow/example_dags/example_task_group_decorator.py for tasks to queue
[2025-06-25T09:19:34.646+0000] {logging_mixin.py:188} INFO - [2025-06-25T09:19:34.645+0000] {dagbag.py:538} INFO - Filling up the DagBag from /home/airflow/.local/lib/python3.8/site-packages/airflow/example_dags/example_task_group_decorator.py
[2025-06-25T09:19:34.675+0000] {processor.py:840} INFO - DAG(s) 'example_task_group_decorator' retrieved from /home/airflow/.local/lib/python3.8/site-packages/airflow/example_dags/example_task_group_decorator.py
[2025-06-25T09:19:34.718+0000] {logging_mixin.py:188} INFO - [2025-06-25T09:19:34.718+0000] {dag.py:3036} INFO - Sync 1 DAGs
[2025-06-25T09:19:34.757+0000] {logging_mixin.py:188} INFO - [2025-06-25T09:19:34.757+0000] {dag.py:3823} INFO - Setting next_dagrun for example_task_group_decorator to 2025-06-24 00:00:00+00:00, run_after=2025-06-25 00:00:00+00:00
[2025-06-25T09:19:34.788+0000] {processor.py:183} INFO - Processing /home/airflow/.local/lib/python3.8/site-packages/airflow/example_dags/example_task_group_decorator.py took 0.152 seconds
[2025-06-25T09:20:04.937+0000] {processor.py:161} INFO - Started process (PID=2113) to work on /home/airflow/.local/lib/python3.8/site-packages/airflow/example_dags/example_task_group_decorator.py
[2025-06-25T09:20:04.938+0000] {processor.py:830} INFO - Processing file /home/airflow/.local/lib/python3.8/site-packages/airflow/example_dags/example_task_group_decorator.py for tasks to queue
[2025-06-25T09:20:04.941+0000] {logging_mixin.py:188} INFO - [2025-06-25T09:20:04.941+0000] {dagbag.py:538} INFO - Filling up the DagBag from /home/airflow/.local/lib/python3.8/site-packages/airflow/example_dags/example_task_group_decorator.py
[2025-06-25T09:20:04.971+0000] {processor.py:840} INFO - DAG(s) 'example_task_group_decorator' retrieved from /home/airflow/.local/lib/python3.8/site-packages/airflow/example_dags/example_task_group_decorator.py
[2025-06-25T09:20:05.018+0000] {logging_mixin.py:188} INFO - [2025-06-25T09:20:05.017+0000] {dag.py:3036} INFO - Sync 1 DAGs
[2025-06-25T09:20:05.056+0000] {logging_mixin.py:188} INFO - [2025-06-25T09:20:05.055+0000] {dag.py:3823} INFO - Setting next_dagrun for example_task_group_decorator to 2025-06-24 00:00:00+00:00, run_after=2025-06-25 00:00:00+00:00
[2025-06-25T09:20:05.090+0000] {processor.py:183} INFO - Processing /home/airflow/.local/lib/python3.8/site-packages/airflow/example_dags/example_task_group_decorator.py took 0.158 seconds
[2025-06-25T09:20:35.303+0000] {processor.py:161} INFO - Started process (PID=2178) to work on /home/airflow/.local/lib/python3.8/site-packages/airflow/example_dags/example_task_group_decorator.py
[2025-06-25T09:20:35.304+0000] {processor.py:830} INFO - Processing file /home/airflow/.local/lib/python3.8/site-packages/airflow/example_dags/example_task_group_decorator.py for tasks to queue
[2025-06-25T09:20:35.306+0000] {logging_mixin.py:188} INFO - [2025-06-25T09:20:35.306+0000] {dagbag.py:538} INFO - Filling up the DagBag from /home/airflow/.local/lib/python3.8/site-packages/airflow/example_dags/example_task_group_decorator.py
[2025-06-25T09:20:35.331+0000] {processor.py:840} INFO - DAG(s) 'example_task_group_decorator' retrieved from /home/airflow/.local/lib/python3.8/site-packages/airflow/example_dags/example_task_group_decorator.py
[2025-06-25T09:20:35.372+0000] {logging_mixin.py:188} INFO - [2025-06-25T09:20:35.372+0000] {dag.py:3036} INFO - Sync 1 DAGs
[2025-06-25T09:20:35.409+0000] {logging_mixin.py:188} INFO - [2025-06-25T09:20:35.409+0000] {dag.py:3823} INFO - Setting next_dagrun for example_task_group_decorator to 2025-06-24 00:00:00+00:00, run_after=2025-06-25 00:00:00+00:00
[2025-06-25T09:20:35.435+0000] {processor.py:183} INFO - Processing /home/airflow/.local/lib/python3.8/site-packages/airflow/example_dags/example_task_group_decorator.py took 0.138 seconds
[2025-06-25T09:21:06.002+0000] {processor.py:161} INFO - Started process (PID=2243) to work on /home/airflow/.local/lib/python3.8/site-packages/airflow/example_dags/example_task_group_decorator.py
[2025-06-25T09:21:06.004+0000] {processor.py:830} INFO - Processing file /home/airflow/.local/lib/python3.8/site-packages/airflow/example_dags/example_task_group_decorator.py for tasks to queue
[2025-06-25T09:21:06.007+0000] {logging_mixin.py:188} INFO - [2025-06-25T09:21:06.007+0000] {dagbag.py:538} INFO - Filling up the DagBag from /home/airflow/.local/lib/python3.8/site-packages/airflow/example_dags/example_task_group_decorator.py
[2025-06-25T09:21:06.037+0000] {processor.py:840} INFO - DAG(s) 'example_task_group_decorator' retrieved from /home/airflow/.local/lib/python3.8/site-packages/airflow/example_dags/example_task_group_decorator.py
[2025-06-25T09:21:06.081+0000] {logging_mixin.py:188} INFO - [2025-06-25T09:21:06.080+0000] {dag.py:3036} INFO - Sync 1 DAGs
[2025-06-25T09:21:06.121+0000] {logging_mixin.py:188} INFO - [2025-06-25T09:21:06.121+0000] {dag.py:3823} INFO - Setting next_dagrun for example_task_group_decorator to 2025-06-24 00:00:00+00:00, run_after=2025-06-25 00:00:00+00:00
[2025-06-25T09:21:06.150+0000] {processor.py:183} INFO - Processing /home/airflow/.local/lib/python3.8/site-packages/airflow/example_dags/example_task_group_decorator.py took 0.154 seconds
