[2025-06-25T09:04:14.342+0000] {processor.py:161} INFO - Started process (PID=105) to work on /home/airflow/.local/lib/python3.8/site-packages/airflow/example_dags/example_python_decorator.py
[2025-06-25T09:04:14.344+0000] {processor.py:830} INFO - Processing file /home/airflow/.local/lib/python3.8/site-packages/airflow/example_dags/example_python_decorator.py for tasks to queue
[2025-06-25T09:04:14.346+0000] {logging_mixin.py:188} INFO - [2025-06-25T09:04:14.346+0000] {dagbag.py:538} INFO - Filling up the DagBag from /home/airflow/.local/lib/python3.8/site-packages/airflow/example_dags/example_python_decorator.py
[2025-06-25T09:04:14.366+0000] {processor.py:840} INFO - DAG(s) 'example_python_decorator' retrieved from /home/airflow/.local/lib/python3.8/site-packages/airflow/example_dags/example_python_decorator.py
[2025-06-25T09:04:14.560+0000] {logging_mixin.py:188} INFO - [2025-06-25T09:04:14.560+0000] {dag.py:3036} INFO - Sync 1 DAGs
[2025-06-25T09:04:14.581+0000] {logging_mixin.py:188} INFO - [2025-06-25T09:04:14.581+0000] {dag.py:3823} INFO - Setting next_dagrun for example_python_decorator to None, run_after=None
[2025-06-25T09:04:14.616+0000] {processor.py:183} INFO - Processing /home/airflow/.local/lib/python3.8/site-packages/airflow/example_dags/example_python_decorator.py took 0.279 seconds
[2025-06-25T09:04:45.175+0000] {processor.py:161} INFO - Started process (PID=169) to work on /home/airflow/.local/lib/python3.8/site-packages/airflow/example_dags/example_python_decorator.py
[2025-06-25T09:04:45.176+0000] {processor.py:830} INFO - Processing file /home/airflow/.local/lib/python3.8/site-packages/airflow/example_dags/example_python_decorator.py for tasks to queue
[2025-06-25T09:04:45.178+0000] {logging_mixin.py:188} INFO - [2025-06-25T09:04:45.178+0000] {dagbag.py:538} INFO - Filling up the DagBag from /home/airflow/.local/lib/python3.8/site-packages/airflow/example_dags/example_python_decorator.py
[2025-06-25T09:04:45.202+0000] {processor.py:840} INFO - DAG(s) 'example_python_decorator' retrieved from /home/airflow/.local/lib/python3.8/site-packages/airflow/example_dags/example_python_decorator.py
[2025-06-25T09:04:45.236+0000] {logging_mixin.py:188} INFO - [2025-06-25T09:04:45.236+0000] {dag.py:3036} INFO - Sync 1 DAGs
[2025-06-25T09:04:45.255+0000] {logging_mixin.py:188} INFO - [2025-06-25T09:04:45.255+0000] {dag.py:3823} INFO - Setting next_dagrun for example_python_decorator to None, run_after=None
[2025-06-25T09:04:45.284+0000] {processor.py:183} INFO - Processing /home/airflow/.local/lib/python3.8/site-packages/airflow/example_dags/example_python_decorator.py took 0.114 seconds
[2025-06-25T09:05:15.653+0000] {processor.py:161} INFO - Started process (PID=235) to work on /home/airflow/.local/lib/python3.8/site-packages/airflow/example_dags/example_python_decorator.py
[2025-06-25T09:05:15.655+0000] {processor.py:830} INFO - Processing file /home/airflow/.local/lib/python3.8/site-packages/airflow/example_dags/example_python_decorator.py for tasks to queue
[2025-06-25T09:05:15.657+0000] {logging_mixin.py:188} INFO - [2025-06-25T09:05:15.657+0000] {dagbag.py:538} INFO - Filling up the DagBag from /home/airflow/.local/lib/python3.8/site-packages/airflow/example_dags/example_python_decorator.py
[2025-06-25T09:05:15.677+0000] {processor.py:840} INFO - DAG(s) 'example_python_decorator' retrieved from /home/airflow/.local/lib/python3.8/site-packages/airflow/example_dags/example_python_decorator.py
[2025-06-25T09:05:15.714+0000] {logging_mixin.py:188} INFO - [2025-06-25T09:05:15.714+0000] {dag.py:3036} INFO - Sync 1 DAGs
[2025-06-25T09:05:15.736+0000] {logging_mixin.py:188} INFO - [2025-06-25T09:05:15.736+0000] {dag.py:3823} INFO - Setting next_dagrun for example_python_decorator to None, run_after=None
[2025-06-25T09:05:15.765+0000] {processor.py:183} INFO - Processing /home/airflow/.local/lib/python3.8/site-packages/airflow/example_dags/example_python_decorator.py took 0.117 seconds
[2025-06-25T09:05:46.859+0000] {processor.py:161} INFO - Started process (PID=301) to work on /home/airflow/.local/lib/python3.8/site-packages/airflow/example_dags/example_python_decorator.py
[2025-06-25T09:05:46.860+0000] {processor.py:830} INFO - Processing file /home/airflow/.local/lib/python3.8/site-packages/airflow/example_dags/example_python_decorator.py for tasks to queue
[2025-06-25T09:05:46.862+0000] {logging_mixin.py:188} INFO - [2025-06-25T09:05:46.862+0000] {dagbag.py:538} INFO - Filling up the DagBag from /home/airflow/.local/lib/python3.8/site-packages/airflow/example_dags/example_python_decorator.py
[2025-06-25T09:05:46.887+0000] {processor.py:840} INFO - DAG(s) 'example_python_decorator' retrieved from /home/airflow/.local/lib/python3.8/site-packages/airflow/example_dags/example_python_decorator.py
[2025-06-25T09:05:46.921+0000] {logging_mixin.py:188} INFO - [2025-06-25T09:05:46.921+0000] {dag.py:3036} INFO - Sync 1 DAGs
[2025-06-25T09:05:46.940+0000] {logging_mixin.py:188} INFO - [2025-06-25T09:05:46.939+0000] {dag.py:3823} INFO - Setting next_dagrun for example_python_decorator to None, run_after=None
[2025-06-25T09:05:46.972+0000] {processor.py:183} INFO - Processing /home/airflow/.local/lib/python3.8/site-packages/airflow/example_dags/example_python_decorator.py took 0.118 seconds
[2025-06-25T09:06:17.476+0000] {processor.py:161} INFO - Started process (PID=367) to work on /home/airflow/.local/lib/python3.8/site-packages/airflow/example_dags/example_python_decorator.py
[2025-06-25T09:06:17.477+0000] {processor.py:830} INFO - Processing file /home/airflow/.local/lib/python3.8/site-packages/airflow/example_dags/example_python_decorator.py for tasks to queue
[2025-06-25T09:06:17.480+0000] {logging_mixin.py:188} INFO - [2025-06-25T09:06:17.479+0000] {dagbag.py:538} INFO - Filling up the DagBag from /home/airflow/.local/lib/python3.8/site-packages/airflow/example_dags/example_python_decorator.py
[2025-06-25T09:06:17.499+0000] {processor.py:840} INFO - DAG(s) 'example_python_decorator' retrieved from /home/airflow/.local/lib/python3.8/site-packages/airflow/example_dags/example_python_decorator.py
[2025-06-25T09:06:17.532+0000] {logging_mixin.py:188} INFO - [2025-06-25T09:06:17.532+0000] {dag.py:3036} INFO - Sync 1 DAGs
[2025-06-25T09:06:17.551+0000] {logging_mixin.py:188} INFO - [2025-06-25T09:06:17.551+0000] {dag.py:3823} INFO - Setting next_dagrun for example_python_decorator to None, run_after=None
[2025-06-25T09:06:17.578+0000] {processor.py:183} INFO - Processing /home/airflow/.local/lib/python3.8/site-packages/airflow/example_dags/example_python_decorator.py took 0.107 seconds
[2025-06-25T09:06:47.925+0000] {processor.py:161} INFO - Started process (PID=439) to work on /home/airflow/.local/lib/python3.8/site-packages/airflow/example_dags/example_python_decorator.py
[2025-06-25T09:06:47.926+0000] {processor.py:830} INFO - Processing file /home/airflow/.local/lib/python3.8/site-packages/airflow/example_dags/example_python_decorator.py for tasks to queue
[2025-06-25T09:06:47.930+0000] {logging_mixin.py:188} INFO - [2025-06-25T09:06:47.929+0000] {dagbag.py:538} INFO - Filling up the DagBag from /home/airflow/.local/lib/python3.8/site-packages/airflow/example_dags/example_python_decorator.py
[2025-06-25T09:06:47.959+0000] {processor.py:840} INFO - DAG(s) 'example_python_decorator' retrieved from /home/airflow/.local/lib/python3.8/site-packages/airflow/example_dags/example_python_decorator.py
[2025-06-25T09:06:48.003+0000] {logging_mixin.py:188} INFO - [2025-06-25T09:06:48.003+0000] {dag.py:3036} INFO - Sync 1 DAGs
[2025-06-25T09:06:48.026+0000] {logging_mixin.py:188} INFO - [2025-06-25T09:06:48.025+0000] {dag.py:3823} INFO - Setting next_dagrun for example_python_decorator to None, run_after=None
[2025-06-25T09:06:48.056+0000] {processor.py:183} INFO - Processing /home/airflow/.local/lib/python3.8/site-packages/airflow/example_dags/example_python_decorator.py took 0.139 seconds
[2025-06-25T09:07:18.421+0000] {processor.py:161} INFO - Started process (PID=505) to work on /home/airflow/.local/lib/python3.8/site-packages/airflow/example_dags/example_python_decorator.py
[2025-06-25T09:07:18.424+0000] {processor.py:830} INFO - Processing file /home/airflow/.local/lib/python3.8/site-packages/airflow/example_dags/example_python_decorator.py for tasks to queue
[2025-06-25T09:07:18.426+0000] {logging_mixin.py:188} INFO - [2025-06-25T09:07:18.426+0000] {dagbag.py:538} INFO - Filling up the DagBag from /home/airflow/.local/lib/python3.8/site-packages/airflow/example_dags/example_python_decorator.py
[2025-06-25T09:07:18.450+0000] {processor.py:840} INFO - DAG(s) 'example_python_decorator' retrieved from /home/airflow/.local/lib/python3.8/site-packages/airflow/example_dags/example_python_decorator.py
[2025-06-25T09:07:18.491+0000] {logging_mixin.py:188} INFO - [2025-06-25T09:07:18.491+0000] {dag.py:3036} INFO - Sync 1 DAGs
[2025-06-25T09:07:18.515+0000] {logging_mixin.py:188} INFO - [2025-06-25T09:07:18.514+0000] {dag.py:3823} INFO - Setting next_dagrun for example_python_decorator to None, run_after=None
[2025-06-25T09:07:18.548+0000] {processor.py:183} INFO - Processing /home/airflow/.local/lib/python3.8/site-packages/airflow/example_dags/example_python_decorator.py took 0.132 seconds
[2025-06-25T09:07:49.007+0000] {processor.py:161} INFO - Started process (PID=571) to work on /home/airflow/.local/lib/python3.8/site-packages/airflow/example_dags/example_python_decorator.py
[2025-06-25T09:07:49.008+0000] {processor.py:830} INFO - Processing file /home/airflow/.local/lib/python3.8/site-packages/airflow/example_dags/example_python_decorator.py for tasks to queue
[2025-06-25T09:07:49.011+0000] {logging_mixin.py:188} INFO - [2025-06-25T09:07:49.010+0000] {dagbag.py:538} INFO - Filling up the DagBag from /home/airflow/.local/lib/python3.8/site-packages/airflow/example_dags/example_python_decorator.py
[2025-06-25T09:07:49.033+0000] {processor.py:840} INFO - DAG(s) 'example_python_decorator' retrieved from /home/airflow/.local/lib/python3.8/site-packages/airflow/example_dags/example_python_decorator.py
[2025-06-25T09:07:49.065+0000] {logging_mixin.py:188} INFO - [2025-06-25T09:07:49.065+0000] {dag.py:3036} INFO - Sync 1 DAGs
[2025-06-25T09:07:49.085+0000] {logging_mixin.py:188} INFO - [2025-06-25T09:07:49.085+0000] {dag.py:3823} INFO - Setting next_dagrun for example_python_decorator to None, run_after=None
[2025-06-25T09:07:49.120+0000] {processor.py:183} INFO - Processing /home/airflow/.local/lib/python3.8/site-packages/airflow/example_dags/example_python_decorator.py took 0.118 seconds
[2025-06-25T09:08:19.762+0000] {processor.py:161} INFO - Started process (PID=637) to work on /home/airflow/.local/lib/python3.8/site-packages/airflow/example_dags/example_python_decorator.py
[2025-06-25T09:08:19.763+0000] {processor.py:830} INFO - Processing file /home/airflow/.local/lib/python3.8/site-packages/airflow/example_dags/example_python_decorator.py for tasks to queue
[2025-06-25T09:08:19.766+0000] {logging_mixin.py:188} INFO - [2025-06-25T09:08:19.765+0000] {dagbag.py:538} INFO - Filling up the DagBag from /home/airflow/.local/lib/python3.8/site-packages/airflow/example_dags/example_python_decorator.py
[2025-06-25T09:08:19.786+0000] {processor.py:840} INFO - DAG(s) 'example_python_decorator' retrieved from /home/airflow/.local/lib/python3.8/site-packages/airflow/example_dags/example_python_decorator.py
[2025-06-25T09:08:19.824+0000] {logging_mixin.py:188} INFO - [2025-06-25T09:08:19.824+0000] {dag.py:3036} INFO - Sync 1 DAGs
[2025-06-25T09:08:19.845+0000] {logging_mixin.py:188} INFO - [2025-06-25T09:08:19.845+0000] {dag.py:3823} INFO - Setting next_dagrun for example_python_decorator to None, run_after=None
[2025-06-25T09:08:19.871+0000] {processor.py:183} INFO - Processing /home/airflow/.local/lib/python3.8/site-packages/airflow/example_dags/example_python_decorator.py took 0.115 seconds
[2025-06-25T09:08:50.515+0000] {processor.py:161} INFO - Started process (PID=701) to work on /home/airflow/.local/lib/python3.8/site-packages/airflow/example_dags/example_python_decorator.py
[2025-06-25T09:08:50.518+0000] {processor.py:830} INFO - Processing file /home/airflow/.local/lib/python3.8/site-packages/airflow/example_dags/example_python_decorator.py for tasks to queue
[2025-06-25T09:08:50.521+0000] {logging_mixin.py:188} INFO - [2025-06-25T09:08:50.520+0000] {dagbag.py:538} INFO - Filling up the DagBag from /home/airflow/.local/lib/python3.8/site-packages/airflow/example_dags/example_python_decorator.py
[2025-06-25T09:08:50.542+0000] {processor.py:840} INFO - DAG(s) 'example_python_decorator' retrieved from /home/airflow/.local/lib/python3.8/site-packages/airflow/example_dags/example_python_decorator.py
[2025-06-25T09:08:50.579+0000] {logging_mixin.py:188} INFO - [2025-06-25T09:08:50.578+0000] {dag.py:3036} INFO - Sync 1 DAGs
[2025-06-25T09:08:50.597+0000] {logging_mixin.py:188} INFO - [2025-06-25T09:08:50.597+0000] {dag.py:3823} INFO - Setting next_dagrun for example_python_decorator to None, run_after=None
[2025-06-25T09:08:50.627+0000] {processor.py:183} INFO - Processing /home/airflow/.local/lib/python3.8/site-packages/airflow/example_dags/example_python_decorator.py took 0.117 seconds
[2025-06-25T09:09:20.710+0000] {processor.py:161} INFO - Started process (PID=766) to work on /home/airflow/.local/lib/python3.8/site-packages/airflow/example_dags/example_python_decorator.py
[2025-06-25T09:09:20.713+0000] {processor.py:830} INFO - Processing file /home/airflow/.local/lib/python3.8/site-packages/airflow/example_dags/example_python_decorator.py for tasks to queue
[2025-06-25T09:09:20.717+0000] {logging_mixin.py:188} INFO - [2025-06-25T09:09:20.716+0000] {dagbag.py:538} INFO - Filling up the DagBag from /home/airflow/.local/lib/python3.8/site-packages/airflow/example_dags/example_python_decorator.py
[2025-06-25T09:09:20.747+0000] {processor.py:840} INFO - DAG(s) 'example_python_decorator' retrieved from /home/airflow/.local/lib/python3.8/site-packages/airflow/example_dags/example_python_decorator.py
[2025-06-25T09:09:20.789+0000] {logging_mixin.py:188} INFO - [2025-06-25T09:09:20.789+0000] {dag.py:3036} INFO - Sync 1 DAGs
[2025-06-25T09:09:20.817+0000] {logging_mixin.py:188} INFO - [2025-06-25T09:09:20.816+0000] {dag.py:3823} INFO - Setting next_dagrun for example_python_decorator to None, run_after=None
[2025-06-25T09:09:20.854+0000] {processor.py:183} INFO - Processing /home/airflow/.local/lib/python3.8/site-packages/airflow/example_dags/example_python_decorator.py took 0.150 seconds
[2025-06-25T09:09:52.087+0000] {processor.py:161} INFO - Started process (PID=830) to work on /home/airflow/.local/lib/python3.8/site-packages/airflow/example_dags/example_python_decorator.py
[2025-06-25T09:09:52.088+0000] {processor.py:830} INFO - Processing file /home/airflow/.local/lib/python3.8/site-packages/airflow/example_dags/example_python_decorator.py for tasks to queue
[2025-06-25T09:09:52.090+0000] {logging_mixin.py:188} INFO - [2025-06-25T09:09:52.090+0000] {dagbag.py:538} INFO - Filling up the DagBag from /home/airflow/.local/lib/python3.8/site-packages/airflow/example_dags/example_python_decorator.py
[2025-06-25T09:09:52.112+0000] {processor.py:840} INFO - DAG(s) 'example_python_decorator' retrieved from /home/airflow/.local/lib/python3.8/site-packages/airflow/example_dags/example_python_decorator.py
[2025-06-25T09:09:52.150+0000] {logging_mixin.py:188} INFO - [2025-06-25T09:09:52.150+0000] {dag.py:3036} INFO - Sync 1 DAGs
[2025-06-25T09:09:52.172+0000] {logging_mixin.py:188} INFO - [2025-06-25T09:09:52.172+0000] {dag.py:3823} INFO - Setting next_dagrun for example_python_decorator to None, run_after=None
[2025-06-25T09:09:52.208+0000] {processor.py:183} INFO - Processing /home/airflow/.local/lib/python3.8/site-packages/airflow/example_dags/example_python_decorator.py took 0.126 seconds
[2025-06-25T09:10:23.220+0000] {processor.py:161} INFO - Started process (PID=895) to work on /home/airflow/.local/lib/python3.8/site-packages/airflow/example_dags/example_python_decorator.py
[2025-06-25T09:10:23.223+0000] {processor.py:830} INFO - Processing file /home/airflow/.local/lib/python3.8/site-packages/airflow/example_dags/example_python_decorator.py for tasks to queue
[2025-06-25T09:10:23.226+0000] {logging_mixin.py:188} INFO - [2025-06-25T09:10:23.225+0000] {dagbag.py:538} INFO - Filling up the DagBag from /home/airflow/.local/lib/python3.8/site-packages/airflow/example_dags/example_python_decorator.py
[2025-06-25T09:10:23.253+0000] {processor.py:840} INFO - DAG(s) 'example_python_decorator' retrieved from /home/airflow/.local/lib/python3.8/site-packages/airflow/example_dags/example_python_decorator.py
[2025-06-25T09:10:23.298+0000] {logging_mixin.py:188} INFO - [2025-06-25T09:10:23.298+0000] {dag.py:3036} INFO - Sync 1 DAGs
[2025-06-25T09:10:23.323+0000] {logging_mixin.py:188} INFO - [2025-06-25T09:10:23.323+0000] {dag.py:3823} INFO - Setting next_dagrun for example_python_decorator to None, run_after=None
[2025-06-25T09:10:23.359+0000] {processor.py:183} INFO - Processing /home/airflow/.local/lib/python3.8/site-packages/airflow/example_dags/example_python_decorator.py took 0.145 seconds
[2025-06-25T09:10:54.079+0000] {processor.py:161} INFO - Started process (PID=960) to work on /home/airflow/.local/lib/python3.8/site-packages/airflow/example_dags/example_python_decorator.py
[2025-06-25T09:10:54.081+0000] {processor.py:830} INFO - Processing file /home/airflow/.local/lib/python3.8/site-packages/airflow/example_dags/example_python_decorator.py for tasks to queue
[2025-06-25T09:10:54.084+0000] {logging_mixin.py:188} INFO - [2025-06-25T09:10:54.083+0000] {dagbag.py:538} INFO - Filling up the DagBag from /home/airflow/.local/lib/python3.8/site-packages/airflow/example_dags/example_python_decorator.py
[2025-06-25T09:10:54.112+0000] {processor.py:840} INFO - DAG(s) 'example_python_decorator' retrieved from /home/airflow/.local/lib/python3.8/site-packages/airflow/example_dags/example_python_decorator.py
[2025-06-25T09:10:54.157+0000] {logging_mixin.py:188} INFO - [2025-06-25T09:10:54.157+0000] {dag.py:3036} INFO - Sync 1 DAGs
[2025-06-25T09:10:54.183+0000] {logging_mixin.py:188} INFO - [2025-06-25T09:10:54.183+0000] {dag.py:3823} INFO - Setting next_dagrun for example_python_decorator to None, run_after=None
[2025-06-25T09:10:54.224+0000] {processor.py:183} INFO - Processing /home/airflow/.local/lib/python3.8/site-packages/airflow/example_dags/example_python_decorator.py took 0.151 seconds
[2025-06-25T09:11:25.037+0000] {processor.py:161} INFO - Started process (PID=1025) to work on /home/airflow/.local/lib/python3.8/site-packages/airflow/example_dags/example_python_decorator.py
[2025-06-25T09:11:25.039+0000] {processor.py:830} INFO - Processing file /home/airflow/.local/lib/python3.8/site-packages/airflow/example_dags/example_python_decorator.py for tasks to queue
[2025-06-25T09:11:25.042+0000] {logging_mixin.py:188} INFO - [2025-06-25T09:11:25.042+0000] {dagbag.py:538} INFO - Filling up the DagBag from /home/airflow/.local/lib/python3.8/site-packages/airflow/example_dags/example_python_decorator.py
[2025-06-25T09:11:25.068+0000] {processor.py:840} INFO - DAG(s) 'example_python_decorator' retrieved from /home/airflow/.local/lib/python3.8/site-packages/airflow/example_dags/example_python_decorator.py
[2025-06-25T09:11:25.111+0000] {logging_mixin.py:188} INFO - [2025-06-25T09:11:25.110+0000] {dag.py:3036} INFO - Sync 1 DAGs
[2025-06-25T09:11:25.136+0000] {logging_mixin.py:188} INFO - [2025-06-25T09:11:25.136+0000] {dag.py:3823} INFO - Setting next_dagrun for example_python_decorator to None, run_after=None
[2025-06-25T09:11:25.208+0000] {processor.py:183} INFO - Processing /home/airflow/.local/lib/python3.8/site-packages/airflow/example_dags/example_python_decorator.py took 0.181 seconds
[2025-06-25T09:11:55.506+0000] {processor.py:161} INFO - Started process (PID=1089) to work on /home/airflow/.local/lib/python3.8/site-packages/airflow/example_dags/example_python_decorator.py
[2025-06-25T09:11:55.508+0000] {processor.py:830} INFO - Processing file /home/airflow/.local/lib/python3.8/site-packages/airflow/example_dags/example_python_decorator.py for tasks to queue
[2025-06-25T09:11:55.511+0000] {logging_mixin.py:188} INFO - [2025-06-25T09:11:55.510+0000] {dagbag.py:538} INFO - Filling up the DagBag from /home/airflow/.local/lib/python3.8/site-packages/airflow/example_dags/example_python_decorator.py
[2025-06-25T09:11:55.535+0000] {processor.py:840} INFO - DAG(s) 'example_python_decorator' retrieved from /home/airflow/.local/lib/python3.8/site-packages/airflow/example_dags/example_python_decorator.py
[2025-06-25T09:11:55.586+0000] {logging_mixin.py:188} INFO - [2025-06-25T09:11:55.585+0000] {dag.py:3036} INFO - Sync 1 DAGs
[2025-06-25T09:11:55.618+0000] {logging_mixin.py:188} INFO - [2025-06-25T09:11:55.617+0000] {dag.py:3823} INFO - Setting next_dagrun for example_python_decorator to None, run_after=None
[2025-06-25T09:11:55.664+0000] {processor.py:183} INFO - Processing /home/airflow/.local/lib/python3.8/site-packages/airflow/example_dags/example_python_decorator.py took 0.163 seconds
[2025-06-25T09:12:25.842+0000] {processor.py:161} INFO - Started process (PID=1152) to work on /home/airflow/.local/lib/python3.8/site-packages/airflow/example_dags/example_python_decorator.py
[2025-06-25T09:12:25.847+0000] {processor.py:830} INFO - Processing file /home/airflow/.local/lib/python3.8/site-packages/airflow/example_dags/example_python_decorator.py for tasks to queue
[2025-06-25T09:12:25.850+0000] {logging_mixin.py:188} INFO - [2025-06-25T09:12:25.849+0000] {dagbag.py:538} INFO - Filling up the DagBag from /home/airflow/.local/lib/python3.8/site-packages/airflow/example_dags/example_python_decorator.py
[2025-06-25T09:12:25.873+0000] {processor.py:840} INFO - DAG(s) 'example_python_decorator' retrieved from /home/airflow/.local/lib/python3.8/site-packages/airflow/example_dags/example_python_decorator.py
[2025-06-25T09:12:25.926+0000] {logging_mixin.py:188} INFO - [2025-06-25T09:12:25.925+0000] {dag.py:3036} INFO - Sync 1 DAGs
[2025-06-25T09:12:25.954+0000] {logging_mixin.py:188} INFO - [2025-06-25T09:12:25.953+0000] {dag.py:3823} INFO - Setting next_dagrun for example_python_decorator to None, run_after=None
[2025-06-25T09:12:26.009+0000] {processor.py:183} INFO - Processing /home/airflow/.local/lib/python3.8/site-packages/airflow/example_dags/example_python_decorator.py took 0.179 seconds
[2025-06-25T09:12:56.499+0000] {processor.py:161} INFO - Started process (PID=1218) to work on /home/airflow/.local/lib/python3.8/site-packages/airflow/example_dags/example_python_decorator.py
[2025-06-25T09:12:56.501+0000] {processor.py:830} INFO - Processing file /home/airflow/.local/lib/python3.8/site-packages/airflow/example_dags/example_python_decorator.py for tasks to queue
[2025-06-25T09:12:56.504+0000] {logging_mixin.py:188} INFO - [2025-06-25T09:12:56.503+0000] {dagbag.py:538} INFO - Filling up the DagBag from /home/airflow/.local/lib/python3.8/site-packages/airflow/example_dags/example_python_decorator.py
[2025-06-25T09:12:56.529+0000] {processor.py:840} INFO - DAG(s) 'example_python_decorator' retrieved from /home/airflow/.local/lib/python3.8/site-packages/airflow/example_dags/example_python_decorator.py
[2025-06-25T09:12:56.586+0000] {logging_mixin.py:188} INFO - [2025-06-25T09:12:56.586+0000] {dag.py:3036} INFO - Sync 1 DAGs
[2025-06-25T09:12:56.614+0000] {logging_mixin.py:188} INFO - [2025-06-25T09:12:56.613+0000] {dag.py:3823} INFO - Setting next_dagrun for example_python_decorator to None, run_after=None
[2025-06-25T09:12:56.657+0000] {processor.py:183} INFO - Processing /home/airflow/.local/lib/python3.8/site-packages/airflow/example_dags/example_python_decorator.py took 0.163 seconds
[2025-06-25T09:13:27.320+0000] {processor.py:161} INFO - Started process (PID=1284) to work on /home/airflow/.local/lib/python3.8/site-packages/airflow/example_dags/example_python_decorator.py
[2025-06-25T09:13:27.322+0000] {processor.py:830} INFO - Processing file /home/airflow/.local/lib/python3.8/site-packages/airflow/example_dags/example_python_decorator.py for tasks to queue
[2025-06-25T09:13:27.325+0000] {logging_mixin.py:188} INFO - [2025-06-25T09:13:27.325+0000] {dagbag.py:538} INFO - Filling up the DagBag from /home/airflow/.local/lib/python3.8/site-packages/airflow/example_dags/example_python_decorator.py
[2025-06-25T09:13:27.348+0000] {processor.py:840} INFO - DAG(s) 'example_python_decorator' retrieved from /home/airflow/.local/lib/python3.8/site-packages/airflow/example_dags/example_python_decorator.py
[2025-06-25T09:13:27.388+0000] {logging_mixin.py:188} INFO - [2025-06-25T09:13:27.388+0000] {dag.py:3036} INFO - Sync 1 DAGs
[2025-06-25T09:13:27.412+0000] {logging_mixin.py:188} INFO - [2025-06-25T09:13:27.411+0000] {dag.py:3823} INFO - Setting next_dagrun for example_python_decorator to None, run_after=None
[2025-06-25T09:13:27.455+0000] {processor.py:183} INFO - Processing /home/airflow/.local/lib/python3.8/site-packages/airflow/example_dags/example_python_decorator.py took 0.143 seconds
[2025-06-25T09:13:58.681+0000] {processor.py:161} INFO - Started process (PID=1351) to work on /home/airflow/.local/lib/python3.8/site-packages/airflow/example_dags/example_python_decorator.py
[2025-06-25T09:13:58.685+0000] {processor.py:830} INFO - Processing file /home/airflow/.local/lib/python3.8/site-packages/airflow/example_dags/example_python_decorator.py for tasks to queue
[2025-06-25T09:13:58.690+0000] {logging_mixin.py:188} INFO - [2025-06-25T09:13:58.689+0000] {dagbag.py:538} INFO - Filling up the DagBag from /home/airflow/.local/lib/python3.8/site-packages/airflow/example_dags/example_python_decorator.py
[2025-06-25T09:13:58.727+0000] {processor.py:840} INFO - DAG(s) 'example_python_decorator' retrieved from /home/airflow/.local/lib/python3.8/site-packages/airflow/example_dags/example_python_decorator.py
[2025-06-25T09:13:58.782+0000] {logging_mixin.py:188} INFO - [2025-06-25T09:13:58.781+0000] {dag.py:3036} INFO - Sync 1 DAGs
[2025-06-25T09:13:58.812+0000] {logging_mixin.py:188} INFO - [2025-06-25T09:13:58.812+0000] {dag.py:3823} INFO - Setting next_dagrun for example_python_decorator to None, run_after=None
[2025-06-25T09:13:58.879+0000] {processor.py:183} INFO - Processing /home/airflow/.local/lib/python3.8/site-packages/airflow/example_dags/example_python_decorator.py took 0.205 seconds
[2025-06-25T09:14:29.926+0000] {processor.py:161} INFO - Started process (PID=1416) to work on /home/airflow/.local/lib/python3.8/site-packages/airflow/example_dags/example_python_decorator.py
[2025-06-25T09:14:29.929+0000] {processor.py:830} INFO - Processing file /home/airflow/.local/lib/python3.8/site-packages/airflow/example_dags/example_python_decorator.py for tasks to queue
[2025-06-25T09:14:29.933+0000] {logging_mixin.py:188} INFO - [2025-06-25T09:14:29.932+0000] {dagbag.py:538} INFO - Filling up the DagBag from /home/airflow/.local/lib/python3.8/site-packages/airflow/example_dags/example_python_decorator.py
[2025-06-25T09:14:29.955+0000] {processor.py:840} INFO - DAG(s) 'example_python_decorator' retrieved from /home/airflow/.local/lib/python3.8/site-packages/airflow/example_dags/example_python_decorator.py
[2025-06-25T09:14:30.002+0000] {logging_mixin.py:188} INFO - [2025-06-25T09:14:30.002+0000] {dag.py:3036} INFO - Sync 1 DAGs
[2025-06-25T09:14:30.027+0000] {logging_mixin.py:188} INFO - [2025-06-25T09:14:30.026+0000] {dag.py:3823} INFO - Setting next_dagrun for example_python_decorator to None, run_after=None
[2025-06-25T09:14:30.063+0000] {processor.py:183} INFO - Processing /home/airflow/.local/lib/python3.8/site-packages/airflow/example_dags/example_python_decorator.py took 0.144 seconds
[2025-06-25T09:15:00.926+0000] {processor.py:161} INFO - Started process (PID=1481) to work on /home/airflow/.local/lib/python3.8/site-packages/airflow/example_dags/example_python_decorator.py
[2025-06-25T09:15:00.940+0000] {processor.py:830} INFO - Processing file /home/airflow/.local/lib/python3.8/site-packages/airflow/example_dags/example_python_decorator.py for tasks to queue
[2025-06-25T09:15:00.943+0000] {logging_mixin.py:188} INFO - [2025-06-25T09:15:00.943+0000] {dagbag.py:538} INFO - Filling up the DagBag from /home/airflow/.local/lib/python3.8/site-packages/airflow/example_dags/example_python_decorator.py
[2025-06-25T09:15:00.999+0000] {processor.py:840} INFO - DAG(s) 'example_python_decorator' retrieved from /home/airflow/.local/lib/python3.8/site-packages/airflow/example_dags/example_python_decorator.py
[2025-06-25T09:15:01.050+0000] {logging_mixin.py:188} INFO - [2025-06-25T09:15:01.049+0000] {dag.py:3036} INFO - Sync 1 DAGs
[2025-06-25T09:15:01.140+0000] {logging_mixin.py:188} INFO - [2025-06-25T09:15:01.140+0000] {dag.py:3823} INFO - Setting next_dagrun for example_python_decorator to None, run_after=None
[2025-06-25T09:15:01.192+0000] {processor.py:183} INFO - Processing /home/airflow/.local/lib/python3.8/site-packages/airflow/example_dags/example_python_decorator.py took 0.272 seconds
[2025-06-25T09:15:31.423+0000] {processor.py:161} INFO - Started process (PID=1544) to work on /home/airflow/.local/lib/python3.8/site-packages/airflow/example_dags/example_python_decorator.py
[2025-06-25T09:15:31.425+0000] {processor.py:830} INFO - Processing file /home/airflow/.local/lib/python3.8/site-packages/airflow/example_dags/example_python_decorator.py for tasks to queue
[2025-06-25T09:15:31.433+0000] {logging_mixin.py:188} INFO - [2025-06-25T09:15:31.433+0000] {dagbag.py:538} INFO - Filling up the DagBag from /home/airflow/.local/lib/python3.8/site-packages/airflow/example_dags/example_python_decorator.py
[2025-06-25T09:15:31.473+0000] {processor.py:840} INFO - DAG(s) 'example_python_decorator' retrieved from /home/airflow/.local/lib/python3.8/site-packages/airflow/example_dags/example_python_decorator.py
[2025-06-25T09:15:31.528+0000] {logging_mixin.py:188} INFO - [2025-06-25T09:15:31.527+0000] {dag.py:3036} INFO - Sync 1 DAGs
[2025-06-25T09:15:31.555+0000] {logging_mixin.py:188} INFO - [2025-06-25T09:15:31.555+0000] {dag.py:3823} INFO - Setting next_dagrun for example_python_decorator to None, run_after=None
[2025-06-25T09:15:31.596+0000] {processor.py:183} INFO - Processing /home/airflow/.local/lib/python3.8/site-packages/airflow/example_dags/example_python_decorator.py took 0.184 seconds
[2025-06-25T09:16:02.072+0000] {processor.py:161} INFO - Started process (PID=1602) to work on /home/airflow/.local/lib/python3.8/site-packages/airflow/example_dags/example_python_decorator.py
[2025-06-25T09:16:02.075+0000] {processor.py:830} INFO - Processing file /home/airflow/.local/lib/python3.8/site-packages/airflow/example_dags/example_python_decorator.py for tasks to queue
[2025-06-25T09:16:02.081+0000] {logging_mixin.py:188} INFO - [2025-06-25T09:16:02.080+0000] {dagbag.py:538} INFO - Filling up the DagBag from /home/airflow/.local/lib/python3.8/site-packages/airflow/example_dags/example_python_decorator.py
[2025-06-25T09:16:02.115+0000] {processor.py:840} INFO - DAG(s) 'example_python_decorator' retrieved from /home/airflow/.local/lib/python3.8/site-packages/airflow/example_dags/example_python_decorator.py
[2025-06-25T09:16:02.172+0000] {logging_mixin.py:188} INFO - [2025-06-25T09:16:02.171+0000] {dag.py:3036} INFO - Sync 1 DAGs
[2025-06-25T09:16:02.205+0000] {logging_mixin.py:188} INFO - [2025-06-25T09:16:02.205+0000] {dag.py:3823} INFO - Setting next_dagrun for example_python_decorator to None, run_after=None
[2025-06-25T09:16:02.247+0000] {processor.py:183} INFO - Processing /home/airflow/.local/lib/python3.8/site-packages/airflow/example_dags/example_python_decorator.py took 0.182 seconds
[2025-06-25T09:16:32.519+0000] {processor.py:161} INFO - Started process (PID=1666) to work on /home/airflow/.local/lib/python3.8/site-packages/airflow/example_dags/example_python_decorator.py
[2025-06-25T09:16:32.520+0000] {processor.py:830} INFO - Processing file /home/airflow/.local/lib/python3.8/site-packages/airflow/example_dags/example_python_decorator.py for tasks to queue
[2025-06-25T09:16:32.536+0000] {logging_mixin.py:188} INFO - [2025-06-25T09:16:32.530+0000] {dagbag.py:538} INFO - Filling up the DagBag from /home/airflow/.local/lib/python3.8/site-packages/airflow/example_dags/example_python_decorator.py
[2025-06-25T09:16:32.566+0000] {processor.py:840} INFO - DAG(s) 'example_python_decorator' retrieved from /home/airflow/.local/lib/python3.8/site-packages/airflow/example_dags/example_python_decorator.py
[2025-06-25T09:16:32.613+0000] {logging_mixin.py:188} INFO - [2025-06-25T09:16:32.613+0000] {dag.py:3036} INFO - Sync 1 DAGs
[2025-06-25T09:16:32.642+0000] {logging_mixin.py:188} INFO - [2025-06-25T09:16:32.642+0000] {dag.py:3823} INFO - Setting next_dagrun for example_python_decorator to None, run_after=None
[2025-06-25T09:16:32.682+0000] {processor.py:183} INFO - Processing /home/airflow/.local/lib/python3.8/site-packages/airflow/example_dags/example_python_decorator.py took 0.170 seconds
[2025-06-25T09:17:02.920+0000] {processor.py:161} INFO - Started process (PID=1731) to work on /home/airflow/.local/lib/python3.8/site-packages/airflow/example_dags/example_python_decorator.py
[2025-06-25T09:17:02.922+0000] {processor.py:830} INFO - Processing file /home/airflow/.local/lib/python3.8/site-packages/airflow/example_dags/example_python_decorator.py for tasks to queue
[2025-06-25T09:17:02.927+0000] {logging_mixin.py:188} INFO - [2025-06-25T09:17:02.924+0000] {dagbag.py:538} INFO - Filling up the DagBag from /home/airflow/.local/lib/python3.8/site-packages/airflow/example_dags/example_python_decorator.py
[2025-06-25T09:17:02.954+0000] {processor.py:840} INFO - DAG(s) 'example_python_decorator' retrieved from /home/airflow/.local/lib/python3.8/site-packages/airflow/example_dags/example_python_decorator.py
[2025-06-25T09:17:02.997+0000] {logging_mixin.py:188} INFO - [2025-06-25T09:17:02.996+0000] {dag.py:3036} INFO - Sync 1 DAGs
[2025-06-25T09:17:03.023+0000] {logging_mixin.py:188} INFO - [2025-06-25T09:17:03.023+0000] {dag.py:3823} INFO - Setting next_dagrun for example_python_decorator to None, run_after=None
[2025-06-25T09:17:03.063+0000] {processor.py:183} INFO - Processing /home/airflow/.local/lib/python3.8/site-packages/airflow/example_dags/example_python_decorator.py took 0.150 seconds
[2025-06-25T09:17:34.063+0000] {processor.py:161} INFO - Started process (PID=1797) to work on /home/airflow/.local/lib/python3.8/site-packages/airflow/example_dags/example_python_decorator.py
[2025-06-25T09:17:34.065+0000] {processor.py:830} INFO - Processing file /home/airflow/.local/lib/python3.8/site-packages/airflow/example_dags/example_python_decorator.py for tasks to queue
[2025-06-25T09:17:34.069+0000] {logging_mixin.py:188} INFO - [2025-06-25T09:17:34.068+0000] {dagbag.py:538} INFO - Filling up the DagBag from /home/airflow/.local/lib/python3.8/site-packages/airflow/example_dags/example_python_decorator.py
[2025-06-25T09:17:34.096+0000] {processor.py:840} INFO - DAG(s) 'example_python_decorator' retrieved from /home/airflow/.local/lib/python3.8/site-packages/airflow/example_dags/example_python_decorator.py
[2025-06-25T09:17:34.160+0000] {logging_mixin.py:188} INFO - [2025-06-25T09:17:34.160+0000] {dag.py:3036} INFO - Sync 1 DAGs
[2025-06-25T09:17:34.189+0000] {logging_mixin.py:188} INFO - [2025-06-25T09:17:34.189+0000] {dag.py:3823} INFO - Setting next_dagrun for example_python_decorator to None, run_after=None
[2025-06-25T09:17:34.238+0000] {processor.py:183} INFO - Processing /home/airflow/.local/lib/python3.8/site-packages/airflow/example_dags/example_python_decorator.py took 0.182 seconds
[2025-06-25T09:18:04.706+0000] {processor.py:161} INFO - Started process (PID=1861) to work on /home/airflow/.local/lib/python3.8/site-packages/airflow/example_dags/example_python_decorator.py
[2025-06-25T09:18:04.709+0000] {processor.py:830} INFO - Processing file /home/airflow/.local/lib/python3.8/site-packages/airflow/example_dags/example_python_decorator.py for tasks to queue
[2025-06-25T09:18:04.713+0000] {logging_mixin.py:188} INFO - [2025-06-25T09:18:04.712+0000] {dagbag.py:538} INFO - Filling up the DagBag from /home/airflow/.local/lib/python3.8/site-packages/airflow/example_dags/example_python_decorator.py
[2025-06-25T09:18:04.739+0000] {processor.py:840} INFO - DAG(s) 'example_python_decorator' retrieved from /home/airflow/.local/lib/python3.8/site-packages/airflow/example_dags/example_python_decorator.py
[2025-06-25T09:18:04.784+0000] {logging_mixin.py:188} INFO - [2025-06-25T09:18:04.783+0000] {dag.py:3036} INFO - Sync 1 DAGs
[2025-06-25T09:18:04.811+0000] {logging_mixin.py:188} INFO - [2025-06-25T09:18:04.811+0000] {dag.py:3823} INFO - Setting next_dagrun for example_python_decorator to None, run_after=None
[2025-06-25T09:18:04.877+0000] {processor.py:183} INFO - Processing /home/airflow/.local/lib/python3.8/site-packages/airflow/example_dags/example_python_decorator.py took 0.176 seconds
[2025-06-25T09:18:34.937+0000] {processor.py:161} INFO - Started process (PID=1927) to work on /home/airflow/.local/lib/python3.8/site-packages/airflow/example_dags/example_python_decorator.py
[2025-06-25T09:18:34.938+0000] {processor.py:830} INFO - Processing file /home/airflow/.local/lib/python3.8/site-packages/airflow/example_dags/example_python_decorator.py for tasks to queue
[2025-06-25T09:18:34.942+0000] {logging_mixin.py:188} INFO - [2025-06-25T09:18:34.942+0000] {dagbag.py:538} INFO - Filling up the DagBag from /home/airflow/.local/lib/python3.8/site-packages/airflow/example_dags/example_python_decorator.py
[2025-06-25T09:18:34.967+0000] {processor.py:840} INFO - DAG(s) 'example_python_decorator' retrieved from /home/airflow/.local/lib/python3.8/site-packages/airflow/example_dags/example_python_decorator.py
[2025-06-25T09:18:35.016+0000] {logging_mixin.py:188} INFO - [2025-06-25T09:18:35.016+0000] {dag.py:3036} INFO - Sync 1 DAGs
[2025-06-25T09:18:35.046+0000] {logging_mixin.py:188} INFO - [2025-06-25T09:18:35.045+0000] {dag.py:3823} INFO - Setting next_dagrun for example_python_decorator to None, run_after=None
[2025-06-25T09:18:35.084+0000] {processor.py:183} INFO - Processing /home/airflow/.local/lib/python3.8/site-packages/airflow/example_dags/example_python_decorator.py took 0.153 seconds
[2025-06-25T09:19:05.634+0000] {processor.py:161} INFO - Started process (PID=1992) to work on /home/airflow/.local/lib/python3.8/site-packages/airflow/example_dags/example_python_decorator.py
[2025-06-25T09:19:05.636+0000] {processor.py:830} INFO - Processing file /home/airflow/.local/lib/python3.8/site-packages/airflow/example_dags/example_python_decorator.py for tasks to queue
[2025-06-25T09:19:05.640+0000] {logging_mixin.py:188} INFO - [2025-06-25T09:19:05.639+0000] {dagbag.py:538} INFO - Filling up the DagBag from /home/airflow/.local/lib/python3.8/site-packages/airflow/example_dags/example_python_decorator.py
[2025-06-25T09:19:05.664+0000] {processor.py:840} INFO - DAG(s) 'example_python_decorator' retrieved from /home/airflow/.local/lib/python3.8/site-packages/airflow/example_dags/example_python_decorator.py
[2025-06-25T09:19:05.703+0000] {logging_mixin.py:188} INFO - [2025-06-25T09:19:05.703+0000] {dag.py:3036} INFO - Sync 1 DAGs
[2025-06-25T09:19:05.726+0000] {logging_mixin.py:188} INFO - [2025-06-25T09:19:05.726+0000] {dag.py:3823} INFO - Setting next_dagrun for example_python_decorator to None, run_after=None
[2025-06-25T09:19:05.761+0000] {processor.py:183} INFO - Processing /home/airflow/.local/lib/python3.8/site-packages/airflow/example_dags/example_python_decorator.py took 0.133 seconds
[2025-06-25T09:19:36.065+0000] {processor.py:161} INFO - Started process (PID=2057) to work on /home/airflow/.local/lib/python3.8/site-packages/airflow/example_dags/example_python_decorator.py
[2025-06-25T09:19:36.067+0000] {processor.py:830} INFO - Processing file /home/airflow/.local/lib/python3.8/site-packages/airflow/example_dags/example_python_decorator.py for tasks to queue
[2025-06-25T09:19:36.070+0000] {logging_mixin.py:188} INFO - [2025-06-25T09:19:36.069+0000] {dagbag.py:538} INFO - Filling up the DagBag from /home/airflow/.local/lib/python3.8/site-packages/airflow/example_dags/example_python_decorator.py
[2025-06-25T09:19:36.092+0000] {processor.py:840} INFO - DAG(s) 'example_python_decorator' retrieved from /home/airflow/.local/lib/python3.8/site-packages/airflow/example_dags/example_python_decorator.py
[2025-06-25T09:19:36.132+0000] {logging_mixin.py:188} INFO - [2025-06-25T09:19:36.131+0000] {dag.py:3036} INFO - Sync 1 DAGs
[2025-06-25T09:19:36.154+0000] {logging_mixin.py:188} INFO - [2025-06-25T09:19:36.153+0000] {dag.py:3823} INFO - Setting next_dagrun for example_python_decorator to None, run_after=None
[2025-06-25T09:19:36.187+0000] {processor.py:183} INFO - Processing /home/airflow/.local/lib/python3.8/site-packages/airflow/example_dags/example_python_decorator.py took 0.127 seconds
[2025-06-25T09:20:06.395+0000] {processor.py:161} INFO - Started process (PID=2122) to work on /home/airflow/.local/lib/python3.8/site-packages/airflow/example_dags/example_python_decorator.py
[2025-06-25T09:20:06.398+0000] {processor.py:830} INFO - Processing file /home/airflow/.local/lib/python3.8/site-packages/airflow/example_dags/example_python_decorator.py for tasks to queue
[2025-06-25T09:20:06.401+0000] {logging_mixin.py:188} INFO - [2025-06-25T09:20:06.400+0000] {dagbag.py:538} INFO - Filling up the DagBag from /home/airflow/.local/lib/python3.8/site-packages/airflow/example_dags/example_python_decorator.py
[2025-06-25T09:20:06.423+0000] {processor.py:840} INFO - DAG(s) 'example_python_decorator' retrieved from /home/airflow/.local/lib/python3.8/site-packages/airflow/example_dags/example_python_decorator.py
[2025-06-25T09:20:06.468+0000] {logging_mixin.py:188} INFO - [2025-06-25T09:20:06.468+0000] {dag.py:3036} INFO - Sync 1 DAGs
[2025-06-25T09:20:06.493+0000] {logging_mixin.py:188} INFO - [2025-06-25T09:20:06.493+0000] {dag.py:3823} INFO - Setting next_dagrun for example_python_decorator to None, run_after=None
[2025-06-25T09:20:06.531+0000] {processor.py:183} INFO - Processing /home/airflow/.local/lib/python3.8/site-packages/airflow/example_dags/example_python_decorator.py took 0.142 seconds
[2025-06-25T09:20:37.407+0000] {processor.py:161} INFO - Started process (PID=2187) to work on /home/airflow/.local/lib/python3.8/site-packages/airflow/example_dags/example_python_decorator.py
[2025-06-25T09:20:37.409+0000] {processor.py:830} INFO - Processing file /home/airflow/.local/lib/python3.8/site-packages/airflow/example_dags/example_python_decorator.py for tasks to queue
[2025-06-25T09:20:37.411+0000] {logging_mixin.py:188} INFO - [2025-06-25T09:20:37.411+0000] {dagbag.py:538} INFO - Filling up the DagBag from /home/airflow/.local/lib/python3.8/site-packages/airflow/example_dags/example_python_decorator.py
[2025-06-25T09:20:37.431+0000] {processor.py:840} INFO - DAG(s) 'example_python_decorator' retrieved from /home/airflow/.local/lib/python3.8/site-packages/airflow/example_dags/example_python_decorator.py
[2025-06-25T09:20:37.466+0000] {logging_mixin.py:188} INFO - [2025-06-25T09:20:37.466+0000] {dag.py:3036} INFO - Sync 1 DAGs
[2025-06-25T09:20:37.492+0000] {logging_mixin.py:188} INFO - [2025-06-25T09:20:37.490+0000] {dag.py:3823} INFO - Setting next_dagrun for example_python_decorator to None, run_after=None
[2025-06-25T09:20:37.544+0000] {processor.py:183} INFO - Processing /home/airflow/.local/lib/python3.8/site-packages/airflow/example_dags/example_python_decorator.py took 0.142 seconds
[2025-06-25T09:21:07.736+0000] {processor.py:161} INFO - Started process (PID=2259) to work on /home/airflow/.local/lib/python3.8/site-packages/airflow/example_dags/example_python_decorator.py
[2025-06-25T09:21:07.738+0000] {processor.py:830} INFO - Processing file /home/airflow/.local/lib/python3.8/site-packages/airflow/example_dags/example_python_decorator.py for tasks to queue
[2025-06-25T09:21:07.741+0000] {logging_mixin.py:188} INFO - [2025-06-25T09:21:07.741+0000] {dagbag.py:538} INFO - Filling up the DagBag from /home/airflow/.local/lib/python3.8/site-packages/airflow/example_dags/example_python_decorator.py
[2025-06-25T09:21:07.761+0000] {processor.py:840} INFO - DAG(s) 'example_python_decorator' retrieved from /home/airflow/.local/lib/python3.8/site-packages/airflow/example_dags/example_python_decorator.py
[2025-06-25T09:21:07.802+0000] {logging_mixin.py:188} INFO - [2025-06-25T09:21:07.801+0000] {dag.py:3036} INFO - Sync 1 DAGs
[2025-06-25T09:21:07.825+0000] {logging_mixin.py:188} INFO - [2025-06-25T09:21:07.825+0000] {dag.py:3823} INFO - Setting next_dagrun for example_python_decorator to None, run_after=None
[2025-06-25T09:21:07.866+0000] {processor.py:183} INFO - Processing /home/airflow/.local/lib/python3.8/site-packages/airflow/example_dags/example_python_decorator.py took 0.135 seconds
