[2025-06-25T09:04:14.746+0000] {processor.py:161} INFO - Started process (PID=109) to work on /home/airflow/.local/lib/python3.8/site-packages/airflow/example_dags/example_branch_day_of_week_operator.py
[2025-06-25T09:04:14.747+0000] {processor.py:830} INFO - Processing file /home/airflow/.local/lib/python3.8/site-packages/airflow/example_dags/example_branch_day_of_week_operator.py for tasks to queue
[2025-06-25T09:04:14.750+0000] {logging_mixin.py:188} INFO - [2025-06-25T09:04:14.750+0000] {dagbag.py:538} INFO - Filling up the DagBag from /home/airflow/.local/lib/python3.8/site-packages/airflow/example_dags/example_branch_day_of_week_operator.py
[2025-06-25T09:04:14.765+0000] {processor.py:840} INFO - DAG(s) 'example_weekday_branch_operator' retrieved from /home/airflow/.local/lib/python3.8/site-packages/airflow/example_dags/example_branch_day_of_week_operator.py
[2025-06-25T09:04:14.805+0000] {logging_mixin.py:188} INFO - [2025-06-25T09:04:14.805+0000] {dag.py:3036} INFO - Sync 1 DAGs
[2025-06-25T09:04:14.850+0000] {logging_mixin.py:188} INFO - [2025-06-25T09:04:14.849+0000] {dag.py:3823} INFO - Setting next_dagrun for example_weekday_branch_operator to 2025-06-24 00:00:00+00:00, run_after=2025-06-25 00:00:00+00:00
[2025-06-25T09:04:14.883+0000] {processor.py:183} INFO - Processing /home/airflow/.local/lib/python3.8/site-packages/airflow/example_dags/example_branch_day_of_week_operator.py took 0.142 seconds
[2025-06-25T09:04:45.604+0000] {processor.py:161} INFO - Started process (PID=173) to work on /home/airflow/.local/lib/python3.8/site-packages/airflow/example_dags/example_branch_day_of_week_operator.py
[2025-06-25T09:04:45.605+0000] {processor.py:830} INFO - Processing file /home/airflow/.local/lib/python3.8/site-packages/airflow/example_dags/example_branch_day_of_week_operator.py for tasks to queue
[2025-06-25T09:04:45.608+0000] {logging_mixin.py:188} INFO - [2025-06-25T09:04:45.607+0000] {dagbag.py:538} INFO - Filling up the DagBag from /home/airflow/.local/lib/python3.8/site-packages/airflow/example_dags/example_branch_day_of_week_operator.py
[2025-06-25T09:04:45.621+0000] {processor.py:840} INFO - DAG(s) 'example_weekday_branch_operator' retrieved from /home/airflow/.local/lib/python3.8/site-packages/airflow/example_dags/example_branch_day_of_week_operator.py
[2025-06-25T09:04:45.653+0000] {logging_mixin.py:188} INFO - [2025-06-25T09:04:45.652+0000] {dag.py:3036} INFO - Sync 1 DAGs
[2025-06-25T09:04:45.690+0000] {logging_mixin.py:188} INFO - [2025-06-25T09:04:45.689+0000] {dag.py:3823} INFO - Setting next_dagrun for example_weekday_branch_operator to 2025-06-24 00:00:00+00:00, run_after=2025-06-25 00:00:00+00:00
[2025-06-25T09:04:45.717+0000] {processor.py:183} INFO - Processing /home/airflow/.local/lib/python3.8/site-packages/airflow/example_dags/example_branch_day_of_week_operator.py took 0.117 seconds
[2025-06-25T09:05:15.963+0000] {processor.py:161} INFO - Started process (PID=239) to work on /home/airflow/.local/lib/python3.8/site-packages/airflow/example_dags/example_branch_day_of_week_operator.py
[2025-06-25T09:05:15.964+0000] {processor.py:830} INFO - Processing file /home/airflow/.local/lib/python3.8/site-packages/airflow/example_dags/example_branch_day_of_week_operator.py for tasks to queue
[2025-06-25T09:05:15.967+0000] {logging_mixin.py:188} INFO - [2025-06-25T09:05:15.966+0000] {dagbag.py:538} INFO - Filling up the DagBag from /home/airflow/.local/lib/python3.8/site-packages/airflow/example_dags/example_branch_day_of_week_operator.py
[2025-06-25T09:05:15.978+0000] {processor.py:840} INFO - DAG(s) 'example_weekday_branch_operator' retrieved from /home/airflow/.local/lib/python3.8/site-packages/airflow/example_dags/example_branch_day_of_week_operator.py
[2025-06-25T09:05:16.014+0000] {logging_mixin.py:188} INFO - [2025-06-25T09:05:16.013+0000] {dag.py:3036} INFO - Sync 1 DAGs
[2025-06-25T09:05:16.054+0000] {logging_mixin.py:188} INFO - [2025-06-25T09:05:16.054+0000] {dag.py:3823} INFO - Setting next_dagrun for example_weekday_branch_operator to 2025-06-24 00:00:00+00:00, run_after=2025-06-25 00:00:00+00:00
[2025-06-25T09:05:16.082+0000] {processor.py:183} INFO - Processing /home/airflow/.local/lib/python3.8/site-packages/airflow/example_dags/example_branch_day_of_week_operator.py took 0.125 seconds
[2025-06-25T09:05:47.180+0000] {processor.py:161} INFO - Started process (PID=305) to work on /home/airflow/.local/lib/python3.8/site-packages/airflow/example_dags/example_branch_day_of_week_operator.py
[2025-06-25T09:05:47.181+0000] {processor.py:830} INFO - Processing file /home/airflow/.local/lib/python3.8/site-packages/airflow/example_dags/example_branch_day_of_week_operator.py for tasks to queue
[2025-06-25T09:05:47.183+0000] {logging_mixin.py:188} INFO - [2025-06-25T09:05:47.183+0000] {dagbag.py:538} INFO - Filling up the DagBag from /home/airflow/.local/lib/python3.8/site-packages/airflow/example_dags/example_branch_day_of_week_operator.py
[2025-06-25T09:05:47.195+0000] {processor.py:840} INFO - DAG(s) 'example_weekday_branch_operator' retrieved from /home/airflow/.local/lib/python3.8/site-packages/airflow/example_dags/example_branch_day_of_week_operator.py
[2025-06-25T09:05:47.232+0000] {logging_mixin.py:188} INFO - [2025-06-25T09:05:47.232+0000] {dag.py:3036} INFO - Sync 1 DAGs
[2025-06-25T09:05:47.283+0000] {logging_mixin.py:188} INFO - [2025-06-25T09:05:47.282+0000] {dag.py:3823} INFO - Setting next_dagrun for example_weekday_branch_operator to 2025-06-24 00:00:00+00:00, run_after=2025-06-25 00:00:00+00:00
[2025-06-25T09:05:47.317+0000] {processor.py:183} INFO - Processing /home/airflow/.local/lib/python3.8/site-packages/airflow/example_dags/example_branch_day_of_week_operator.py took 0.142 seconds
[2025-06-25T09:06:17.781+0000] {processor.py:161} INFO - Started process (PID=371) to work on /home/airflow/.local/lib/python3.8/site-packages/airflow/example_dags/example_branch_day_of_week_operator.py
[2025-06-25T09:06:17.783+0000] {processor.py:830} INFO - Processing file /home/airflow/.local/lib/python3.8/site-packages/airflow/example_dags/example_branch_day_of_week_operator.py for tasks to queue
[2025-06-25T09:06:17.785+0000] {logging_mixin.py:188} INFO - [2025-06-25T09:06:17.785+0000] {dagbag.py:538} INFO - Filling up the DagBag from /home/airflow/.local/lib/python3.8/site-packages/airflow/example_dags/example_branch_day_of_week_operator.py
[2025-06-25T09:06:17.797+0000] {processor.py:840} INFO - DAG(s) 'example_weekday_branch_operator' retrieved from /home/airflow/.local/lib/python3.8/site-packages/airflow/example_dags/example_branch_day_of_week_operator.py
[2025-06-25T09:06:17.844+0000] {logging_mixin.py:188} INFO - [2025-06-25T09:06:17.844+0000] {dag.py:3036} INFO - Sync 1 DAGs
[2025-06-25T09:06:17.878+0000] {logging_mixin.py:188} INFO - [2025-06-25T09:06:17.878+0000] {dag.py:3823} INFO - Setting next_dagrun for example_weekday_branch_operator to 2025-06-24 00:00:00+00:00, run_after=2025-06-25 00:00:00+00:00
[2025-06-25T09:06:17.910+0000] {processor.py:183} INFO - Processing /home/airflow/.local/lib/python3.8/site-packages/airflow/example_dags/example_branch_day_of_week_operator.py took 0.134 seconds
[2025-06-25T09:06:48.338+0000] {processor.py:161} INFO - Started process (PID=443) to work on /home/airflow/.local/lib/python3.8/site-packages/airflow/example_dags/example_branch_day_of_week_operator.py
[2025-06-25T09:06:48.339+0000] {processor.py:830} INFO - Processing file /home/airflow/.local/lib/python3.8/site-packages/airflow/example_dags/example_branch_day_of_week_operator.py for tasks to queue
[2025-06-25T09:06:48.342+0000] {logging_mixin.py:188} INFO - [2025-06-25T09:06:48.342+0000] {dagbag.py:538} INFO - Filling up the DagBag from /home/airflow/.local/lib/python3.8/site-packages/airflow/example_dags/example_branch_day_of_week_operator.py
[2025-06-25T09:06:48.357+0000] {processor.py:840} INFO - DAG(s) 'example_weekday_branch_operator' retrieved from /home/airflow/.local/lib/python3.8/site-packages/airflow/example_dags/example_branch_day_of_week_operator.py
[2025-06-25T09:06:48.395+0000] {logging_mixin.py:188} INFO - [2025-06-25T09:06:48.395+0000] {dag.py:3036} INFO - Sync 1 DAGs
[2025-06-25T09:06:48.441+0000] {logging_mixin.py:188} INFO - [2025-06-25T09:06:48.441+0000] {dag.py:3823} INFO - Setting next_dagrun for example_weekday_branch_operator to 2025-06-24 00:00:00+00:00, run_after=2025-06-25 00:00:00+00:00
[2025-06-25T09:06:48.473+0000] {processor.py:183} INFO - Processing /home/airflow/.local/lib/python3.8/site-packages/airflow/example_dags/example_branch_day_of_week_operator.py took 0.141 seconds
[2025-06-25T09:07:18.925+0000] {processor.py:161} INFO - Started process (PID=509) to work on /home/airflow/.local/lib/python3.8/site-packages/airflow/example_dags/example_branch_day_of_week_operator.py
[2025-06-25T09:07:18.927+0000] {processor.py:830} INFO - Processing file /home/airflow/.local/lib/python3.8/site-packages/airflow/example_dags/example_branch_day_of_week_operator.py for tasks to queue
[2025-06-25T09:07:18.930+0000] {logging_mixin.py:188} INFO - [2025-06-25T09:07:18.929+0000] {dagbag.py:538} INFO - Filling up the DagBag from /home/airflow/.local/lib/python3.8/site-packages/airflow/example_dags/example_branch_day_of_week_operator.py
[2025-06-25T09:07:18.944+0000] {processor.py:840} INFO - DAG(s) 'example_weekday_branch_operator' retrieved from /home/airflow/.local/lib/python3.8/site-packages/airflow/example_dags/example_branch_day_of_week_operator.py
[2025-06-25T09:07:18.982+0000] {logging_mixin.py:188} INFO - [2025-06-25T09:07:18.981+0000] {dag.py:3036} INFO - Sync 1 DAGs
[2025-06-25T09:07:19.027+0000] {logging_mixin.py:188} INFO - [2025-06-25T09:07:19.027+0000] {dag.py:3823} INFO - Setting next_dagrun for example_weekday_branch_operator to 2025-06-24 00:00:00+00:00, run_after=2025-06-25 00:00:00+00:00
[2025-06-25T09:07:19.057+0000] {processor.py:183} INFO - Processing /home/airflow/.local/lib/python3.8/site-packages/airflow/example_dags/example_branch_day_of_week_operator.py took 0.138 seconds
[2025-06-25T09:07:49.352+0000] {processor.py:161} INFO - Started process (PID=575) to work on /home/airflow/.local/lib/python3.8/site-packages/airflow/example_dags/example_branch_day_of_week_operator.py
[2025-06-25T09:07:49.354+0000] {processor.py:830} INFO - Processing file /home/airflow/.local/lib/python3.8/site-packages/airflow/example_dags/example_branch_day_of_week_operator.py for tasks to queue
[2025-06-25T09:07:49.356+0000] {logging_mixin.py:188} INFO - [2025-06-25T09:07:49.356+0000] {dagbag.py:538} INFO - Filling up the DagBag from /home/airflow/.local/lib/python3.8/site-packages/airflow/example_dags/example_branch_day_of_week_operator.py
[2025-06-25T09:07:49.369+0000] {processor.py:840} INFO - DAG(s) 'example_weekday_branch_operator' retrieved from /home/airflow/.local/lib/python3.8/site-packages/airflow/example_dags/example_branch_day_of_week_operator.py
[2025-06-25T09:07:49.404+0000] {logging_mixin.py:188} INFO - [2025-06-25T09:07:49.403+0000] {dag.py:3036} INFO - Sync 1 DAGs
[2025-06-25T09:07:49.444+0000] {logging_mixin.py:188} INFO - [2025-06-25T09:07:49.443+0000] {dag.py:3823} INFO - Setting next_dagrun for example_weekday_branch_operator to 2025-06-24 00:00:00+00:00, run_after=2025-06-25 00:00:00+00:00
[2025-06-25T09:07:49.476+0000] {processor.py:183} INFO - Processing /home/airflow/.local/lib/python3.8/site-packages/airflow/example_dags/example_branch_day_of_week_operator.py took 0.129 seconds
[2025-06-25T09:08:20.082+0000] {processor.py:161} INFO - Started process (PID=641) to work on /home/airflow/.local/lib/python3.8/site-packages/airflow/example_dags/example_branch_day_of_week_operator.py
[2025-06-25T09:08:20.084+0000] {processor.py:830} INFO - Processing file /home/airflow/.local/lib/python3.8/site-packages/airflow/example_dags/example_branch_day_of_week_operator.py for tasks to queue
[2025-06-25T09:08:20.086+0000] {logging_mixin.py:188} INFO - [2025-06-25T09:08:20.085+0000] {dagbag.py:538} INFO - Filling up the DagBag from /home/airflow/.local/lib/python3.8/site-packages/airflow/example_dags/example_branch_day_of_week_operator.py
[2025-06-25T09:08:20.098+0000] {processor.py:840} INFO - DAG(s) 'example_weekday_branch_operator' retrieved from /home/airflow/.local/lib/python3.8/site-packages/airflow/example_dags/example_branch_day_of_week_operator.py
[2025-06-25T09:08:20.130+0000] {logging_mixin.py:188} INFO - [2025-06-25T09:08:20.130+0000] {dag.py:3036} INFO - Sync 1 DAGs
[2025-06-25T09:08:20.169+0000] {logging_mixin.py:188} INFO - [2025-06-25T09:08:20.168+0000] {dag.py:3823} INFO - Setting next_dagrun for example_weekday_branch_operator to 2025-06-24 00:00:00+00:00, run_after=2025-06-25 00:00:00+00:00
[2025-06-25T09:08:20.196+0000] {processor.py:183} INFO - Processing /home/airflow/.local/lib/python3.8/site-packages/airflow/example_dags/example_branch_day_of_week_operator.py took 0.119 seconds
[2025-06-25T09:08:50.834+0000] {processor.py:161} INFO - Started process (PID=705) to work on /home/airflow/.local/lib/python3.8/site-packages/airflow/example_dags/example_branch_day_of_week_operator.py
[2025-06-25T09:08:50.836+0000] {processor.py:830} INFO - Processing file /home/airflow/.local/lib/python3.8/site-packages/airflow/example_dags/example_branch_day_of_week_operator.py for tasks to queue
[2025-06-25T09:08:50.838+0000] {logging_mixin.py:188} INFO - [2025-06-25T09:08:50.838+0000] {dagbag.py:538} INFO - Filling up the DagBag from /home/airflow/.local/lib/python3.8/site-packages/airflow/example_dags/example_branch_day_of_week_operator.py
[2025-06-25T09:08:50.850+0000] {processor.py:840} INFO - DAG(s) 'example_weekday_branch_operator' retrieved from /home/airflow/.local/lib/python3.8/site-packages/airflow/example_dags/example_branch_day_of_week_operator.py
[2025-06-25T09:08:50.886+0000] {logging_mixin.py:188} INFO - [2025-06-25T09:08:50.886+0000] {dag.py:3036} INFO - Sync 1 DAGs
[2025-06-25T09:08:50.927+0000] {logging_mixin.py:188} INFO - [2025-06-25T09:08:50.927+0000] {dag.py:3823} INFO - Setting next_dagrun for example_weekday_branch_operator to 2025-06-24 00:00:00+00:00, run_after=2025-06-25 00:00:00+00:00
[2025-06-25T09:08:50.958+0000] {processor.py:183} INFO - Processing /home/airflow/.local/lib/python3.8/site-packages/airflow/example_dags/example_branch_day_of_week_operator.py took 0.129 seconds
[2025-06-25T09:09:21.276+0000] {processor.py:161} INFO - Started process (PID=770) to work on /home/airflow/.local/lib/python3.8/site-packages/airflow/example_dags/example_branch_day_of_week_operator.py
[2025-06-25T09:09:21.278+0000] {processor.py:830} INFO - Processing file /home/airflow/.local/lib/python3.8/site-packages/airflow/example_dags/example_branch_day_of_week_operator.py for tasks to queue
[2025-06-25T09:09:21.280+0000] {logging_mixin.py:188} INFO - [2025-06-25T09:09:21.280+0000] {dagbag.py:538} INFO - Filling up the DagBag from /home/airflow/.local/lib/python3.8/site-packages/airflow/example_dags/example_branch_day_of_week_operator.py
[2025-06-25T09:09:21.293+0000] {processor.py:840} INFO - DAG(s) 'example_weekday_branch_operator' retrieved from /home/airflow/.local/lib/python3.8/site-packages/airflow/example_dags/example_branch_day_of_week_operator.py
[2025-06-25T09:09:21.332+0000] {logging_mixin.py:188} INFO - [2025-06-25T09:09:21.331+0000] {dag.py:3036} INFO - Sync 1 DAGs
[2025-06-25T09:09:21.374+0000] {logging_mixin.py:188} INFO - [2025-06-25T09:09:21.373+0000] {dag.py:3823} INFO - Setting next_dagrun for example_weekday_branch_operator to 2025-06-24 00:00:00+00:00, run_after=2025-06-25 00:00:00+00:00
[2025-06-25T09:09:21.406+0000] {processor.py:183} INFO - Processing /home/airflow/.local/lib/python3.8/site-packages/airflow/example_dags/example_branch_day_of_week_operator.py took 0.136 seconds
[2025-06-25T09:09:52.440+0000] {processor.py:161} INFO - Started process (PID=834) to work on /home/airflow/.local/lib/python3.8/site-packages/airflow/example_dags/example_branch_day_of_week_operator.py
[2025-06-25T09:09:52.441+0000] {processor.py:830} INFO - Processing file /home/airflow/.local/lib/python3.8/site-packages/airflow/example_dags/example_branch_day_of_week_operator.py for tasks to queue
[2025-06-25T09:09:52.444+0000] {logging_mixin.py:188} INFO - [2025-06-25T09:09:52.444+0000] {dagbag.py:538} INFO - Filling up the DagBag from /home/airflow/.local/lib/python3.8/site-packages/airflow/example_dags/example_branch_day_of_week_operator.py
[2025-06-25T09:09:52.457+0000] {processor.py:840} INFO - DAG(s) 'example_weekday_branch_operator' retrieved from /home/airflow/.local/lib/python3.8/site-packages/airflow/example_dags/example_branch_day_of_week_operator.py
[2025-06-25T09:09:52.494+0000] {logging_mixin.py:188} INFO - [2025-06-25T09:09:52.493+0000] {dag.py:3036} INFO - Sync 1 DAGs
[2025-06-25T09:09:52.532+0000] {logging_mixin.py:188} INFO - [2025-06-25T09:09:52.532+0000] {dag.py:3823} INFO - Setting next_dagrun for example_weekday_branch_operator to 2025-06-24 00:00:00+00:00, run_after=2025-06-25 00:00:00+00:00
[2025-06-25T09:09:52.563+0000] {processor.py:183} INFO - Processing /home/airflow/.local/lib/python3.8/site-packages/airflow/example_dags/example_branch_day_of_week_operator.py took 0.128 seconds
[2025-06-25T09:10:23.593+0000] {processor.py:161} INFO - Started process (PID=899) to work on /home/airflow/.local/lib/python3.8/site-packages/airflow/example_dags/example_branch_day_of_week_operator.py
[2025-06-25T09:10:23.594+0000] {processor.py:830} INFO - Processing file /home/airflow/.local/lib/python3.8/site-packages/airflow/example_dags/example_branch_day_of_week_operator.py for tasks to queue
[2025-06-25T09:10:23.597+0000] {logging_mixin.py:188} INFO - [2025-06-25T09:10:23.596+0000] {dagbag.py:538} INFO - Filling up the DagBag from /home/airflow/.local/lib/python3.8/site-packages/airflow/example_dags/example_branch_day_of_week_operator.py
[2025-06-25T09:10:23.609+0000] {processor.py:840} INFO - DAG(s) 'example_weekday_branch_operator' retrieved from /home/airflow/.local/lib/python3.8/site-packages/airflow/example_dags/example_branch_day_of_week_operator.py
[2025-06-25T09:10:23.648+0000] {logging_mixin.py:188} INFO - [2025-06-25T09:10:23.648+0000] {dag.py:3036} INFO - Sync 1 DAGs
[2025-06-25T09:10:23.700+0000] {logging_mixin.py:188} INFO - [2025-06-25T09:10:23.699+0000] {dag.py:3823} INFO - Setting next_dagrun for example_weekday_branch_operator to 2025-06-24 00:00:00+00:00, run_after=2025-06-25 00:00:00+00:00
[2025-06-25T09:10:23.741+0000] {processor.py:183} INFO - Processing /home/airflow/.local/lib/python3.8/site-packages/airflow/example_dags/example_branch_day_of_week_operator.py took 0.153 seconds
[2025-06-25T09:10:54.510+0000] {processor.py:161} INFO - Started process (PID=964) to work on /home/airflow/.local/lib/python3.8/site-packages/airflow/example_dags/example_branch_day_of_week_operator.py
[2025-06-25T09:10:54.511+0000] {processor.py:830} INFO - Processing file /home/airflow/.local/lib/python3.8/site-packages/airflow/example_dags/example_branch_day_of_week_operator.py for tasks to queue
[2025-06-25T09:10:54.514+0000] {logging_mixin.py:188} INFO - [2025-06-25T09:10:54.514+0000] {dagbag.py:538} INFO - Filling up the DagBag from /home/airflow/.local/lib/python3.8/site-packages/airflow/example_dags/example_branch_day_of_week_operator.py
[2025-06-25T09:10:54.531+0000] {processor.py:840} INFO - DAG(s) 'example_weekday_branch_operator' retrieved from /home/airflow/.local/lib/python3.8/site-packages/airflow/example_dags/example_branch_day_of_week_operator.py
[2025-06-25T09:10:54.569+0000] {logging_mixin.py:188} INFO - [2025-06-25T09:10:54.569+0000] {dag.py:3036} INFO - Sync 1 DAGs
[2025-06-25T09:10:54.616+0000] {logging_mixin.py:188} INFO - [2025-06-25T09:10:54.616+0000] {dag.py:3823} INFO - Setting next_dagrun for example_weekday_branch_operator to 2025-06-24 00:00:00+00:00, run_after=2025-06-25 00:00:00+00:00
[2025-06-25T09:10:54.652+0000] {processor.py:183} INFO - Processing /home/airflow/.local/lib/python3.8/site-packages/airflow/example_dags/example_branch_day_of_week_operator.py took 0.149 seconds
[2025-06-25T09:11:25.766+0000] {processor.py:161} INFO - Started process (PID=1029) to work on /home/airflow/.local/lib/python3.8/site-packages/airflow/example_dags/example_branch_day_of_week_operator.py
[2025-06-25T09:11:25.768+0000] {processor.py:830} INFO - Processing file /home/airflow/.local/lib/python3.8/site-packages/airflow/example_dags/example_branch_day_of_week_operator.py for tasks to queue
[2025-06-25T09:11:25.770+0000] {logging_mixin.py:188} INFO - [2025-06-25T09:11:25.770+0000] {dagbag.py:538} INFO - Filling up the DagBag from /home/airflow/.local/lib/python3.8/site-packages/airflow/example_dags/example_branch_day_of_week_operator.py
[2025-06-25T09:11:25.785+0000] {processor.py:840} INFO - DAG(s) 'example_weekday_branch_operator' retrieved from /home/airflow/.local/lib/python3.8/site-packages/airflow/example_dags/example_branch_day_of_week_operator.py
[2025-06-25T09:11:25.829+0000] {logging_mixin.py:188} INFO - [2025-06-25T09:11:25.828+0000] {dag.py:3036} INFO - Sync 1 DAGs
[2025-06-25T09:11:25.875+0000] {logging_mixin.py:188} INFO - [2025-06-25T09:11:25.875+0000] {dag.py:3823} INFO - Setting next_dagrun for example_weekday_branch_operator to 2025-06-24 00:00:00+00:00, run_after=2025-06-25 00:00:00+00:00
[2025-06-25T09:11:25.918+0000] {processor.py:183} INFO - Processing /home/airflow/.local/lib/python3.8/site-packages/airflow/example_dags/example_branch_day_of_week_operator.py took 0.158 seconds
[2025-06-25T09:11:56.184+0000] {processor.py:161} INFO - Started process (PID=1094) to work on /home/airflow/.local/lib/python3.8/site-packages/airflow/example_dags/example_branch_day_of_week_operator.py
[2025-06-25T09:11:56.186+0000] {processor.py:830} INFO - Processing file /home/airflow/.local/lib/python3.8/site-packages/airflow/example_dags/example_branch_day_of_week_operator.py for tasks to queue
[2025-06-25T09:11:56.188+0000] {logging_mixin.py:188} INFO - [2025-06-25T09:11:56.188+0000] {dagbag.py:538} INFO - Filling up the DagBag from /home/airflow/.local/lib/python3.8/site-packages/airflow/example_dags/example_branch_day_of_week_operator.py
[2025-06-25T09:11:56.201+0000] {processor.py:840} INFO - DAG(s) 'example_weekday_branch_operator' retrieved from /home/airflow/.local/lib/python3.8/site-packages/airflow/example_dags/example_branch_day_of_week_operator.py
[2025-06-25T09:11:56.250+0000] {logging_mixin.py:188} INFO - [2025-06-25T09:11:56.250+0000] {dag.py:3036} INFO - Sync 1 DAGs
[2025-06-25T09:11:56.302+0000] {logging_mixin.py:188} INFO - [2025-06-25T09:11:56.301+0000] {dag.py:3823} INFO - Setting next_dagrun for example_weekday_branch_operator to 2025-06-24 00:00:00+00:00, run_after=2025-06-25 00:00:00+00:00
[2025-06-25T09:11:56.340+0000] {processor.py:183} INFO - Processing /home/airflow/.local/lib/python3.8/site-packages/airflow/example_dags/example_branch_day_of_week_operator.py took 0.161 seconds
[2025-06-25T09:12:26.902+0000] {processor.py:161} INFO - Started process (PID=1157) to work on /home/airflow/.local/lib/python3.8/site-packages/airflow/example_dags/example_branch_day_of_week_operator.py
[2025-06-25T09:12:26.905+0000] {processor.py:830} INFO - Processing file /home/airflow/.local/lib/python3.8/site-packages/airflow/example_dags/example_branch_day_of_week_operator.py for tasks to queue
[2025-06-25T09:12:26.908+0000] {logging_mixin.py:188} INFO - [2025-06-25T09:12:26.907+0000] {dagbag.py:538} INFO - Filling up the DagBag from /home/airflow/.local/lib/python3.8/site-packages/airflow/example_dags/example_branch_day_of_week_operator.py
[2025-06-25T09:12:26.924+0000] {processor.py:840} INFO - DAG(s) 'example_weekday_branch_operator' retrieved from /home/airflow/.local/lib/python3.8/site-packages/airflow/example_dags/example_branch_day_of_week_operator.py
[2025-06-25T09:12:26.986+0000] {logging_mixin.py:188} INFO - [2025-06-25T09:12:26.985+0000] {dag.py:3036} INFO - Sync 1 DAGs
[2025-06-25T09:12:27.031+0000] {logging_mixin.py:188} INFO - [2025-06-25T09:12:27.031+0000] {dag.py:3823} INFO - Setting next_dagrun for example_weekday_branch_operator to 2025-06-24 00:00:00+00:00, run_after=2025-06-25 00:00:00+00:00
[2025-06-25T09:12:27.069+0000] {processor.py:183} INFO - Processing /home/airflow/.local/lib/python3.8/site-packages/airflow/example_dags/example_branch_day_of_week_operator.py took 0.174 seconds
[2025-06-25T09:12:57.629+0000] {processor.py:161} INFO - Started process (PID=1223) to work on /home/airflow/.local/lib/python3.8/site-packages/airflow/example_dags/example_branch_day_of_week_operator.py
[2025-06-25T09:12:57.631+0000] {processor.py:830} INFO - Processing file /home/airflow/.local/lib/python3.8/site-packages/airflow/example_dags/example_branch_day_of_week_operator.py for tasks to queue
[2025-06-25T09:12:57.635+0000] {logging_mixin.py:188} INFO - [2025-06-25T09:12:57.634+0000] {dagbag.py:538} INFO - Filling up the DagBag from /home/airflow/.local/lib/python3.8/site-packages/airflow/example_dags/example_branch_day_of_week_operator.py
[2025-06-25T09:12:57.652+0000] {processor.py:840} INFO - DAG(s) 'example_weekday_branch_operator' retrieved from /home/airflow/.local/lib/python3.8/site-packages/airflow/example_dags/example_branch_day_of_week_operator.py
[2025-06-25T09:12:57.698+0000] {logging_mixin.py:188} INFO - [2025-06-25T09:12:57.698+0000] {dag.py:3036} INFO - Sync 1 DAGs
[2025-06-25T09:12:57.750+0000] {logging_mixin.py:188} INFO - [2025-06-25T09:12:57.750+0000] {dag.py:3823} INFO - Setting next_dagrun for example_weekday_branch_operator to 2025-06-24 00:00:00+00:00, run_after=2025-06-25 00:00:00+00:00
[2025-06-25T09:12:57.790+0000] {processor.py:183} INFO - Processing /home/airflow/.local/lib/python3.8/site-packages/airflow/example_dags/example_branch_day_of_week_operator.py took 0.166 seconds
[2025-06-25T09:13:28.116+0000] {processor.py:161} INFO - Started process (PID=1289) to work on /home/airflow/.local/lib/python3.8/site-packages/airflow/example_dags/example_branch_day_of_week_operator.py
[2025-06-25T09:13:28.118+0000] {processor.py:830} INFO - Processing file /home/airflow/.local/lib/python3.8/site-packages/airflow/example_dags/example_branch_day_of_week_operator.py for tasks to queue
[2025-06-25T09:13:28.121+0000] {logging_mixin.py:188} INFO - [2025-06-25T09:13:28.121+0000] {dagbag.py:538} INFO - Filling up the DagBag from /home/airflow/.local/lib/python3.8/site-packages/airflow/example_dags/example_branch_day_of_week_operator.py
[2025-06-25T09:13:28.136+0000] {processor.py:840} INFO - DAG(s) 'example_weekday_branch_operator' retrieved from /home/airflow/.local/lib/python3.8/site-packages/airflow/example_dags/example_branch_day_of_week_operator.py
[2025-06-25T09:13:28.186+0000] {logging_mixin.py:188} INFO - [2025-06-25T09:13:28.185+0000] {dag.py:3036} INFO - Sync 1 DAGs
[2025-06-25T09:13:28.237+0000] {logging_mixin.py:188} INFO - [2025-06-25T09:13:28.237+0000] {dag.py:3823} INFO - Setting next_dagrun for example_weekday_branch_operator to 2025-06-24 00:00:00+00:00, run_after=2025-06-25 00:00:00+00:00
[2025-06-25T09:13:28.276+0000] {processor.py:183} INFO - Processing /home/airflow/.local/lib/python3.8/site-packages/airflow/example_dags/example_branch_day_of_week_operator.py took 0.167 seconds
[2025-06-25T09:13:59.569+0000] {processor.py:161} INFO - Started process (PID=1355) to work on /home/airflow/.local/lib/python3.8/site-packages/airflow/example_dags/example_branch_day_of_week_operator.py
[2025-06-25T09:13:59.580+0000] {processor.py:830} INFO - Processing file /home/airflow/.local/lib/python3.8/site-packages/airflow/example_dags/example_branch_day_of_week_operator.py for tasks to queue
[2025-06-25T09:13:59.584+0000] {logging_mixin.py:188} INFO - [2025-06-25T09:13:59.583+0000] {dagbag.py:538} INFO - Filling up the DagBag from /home/airflow/.local/lib/python3.8/site-packages/airflow/example_dags/example_branch_day_of_week_operator.py
[2025-06-25T09:13:59.621+0000] {processor.py:840} INFO - DAG(s) 'example_weekday_branch_operator' retrieved from /home/airflow/.local/lib/python3.8/site-packages/airflow/example_dags/example_branch_day_of_week_operator.py
[2025-06-25T09:13:59.672+0000] {logging_mixin.py:188} INFO - [2025-06-25T09:13:59.672+0000] {dag.py:3036} INFO - Sync 1 DAGs
[2025-06-25T09:13:59.726+0000] {logging_mixin.py:188} INFO - [2025-06-25T09:13:59.725+0000] {dag.py:3823} INFO - Setting next_dagrun for example_weekday_branch_operator to 2025-06-24 00:00:00+00:00, run_after=2025-06-25 00:00:00+00:00
[2025-06-25T09:13:59.763+0000] {processor.py:183} INFO - Processing /home/airflow/.local/lib/python3.8/site-packages/airflow/example_dags/example_branch_day_of_week_operator.py took 0.234 seconds
[2025-06-25T09:14:30.504+0000] {processor.py:161} INFO - Started process (PID=1420) to work on /home/airflow/.local/lib/python3.8/site-packages/airflow/example_dags/example_branch_day_of_week_operator.py
[2025-06-25T09:14:30.506+0000] {processor.py:830} INFO - Processing file /home/airflow/.local/lib/python3.8/site-packages/airflow/example_dags/example_branch_day_of_week_operator.py for tasks to queue
[2025-06-25T09:14:30.509+0000] {logging_mixin.py:188} INFO - [2025-06-25T09:14:30.508+0000] {dagbag.py:538} INFO - Filling up the DagBag from /home/airflow/.local/lib/python3.8/site-packages/airflow/example_dags/example_branch_day_of_week_operator.py
[2025-06-25T09:14:30.522+0000] {processor.py:840} INFO - DAG(s) 'example_weekday_branch_operator' retrieved from /home/airflow/.local/lib/python3.8/site-packages/airflow/example_dags/example_branch_day_of_week_operator.py
[2025-06-25T09:14:30.560+0000] {logging_mixin.py:188} INFO - [2025-06-25T09:14:30.560+0000] {dag.py:3036} INFO - Sync 1 DAGs
[2025-06-25T09:14:30.601+0000] {logging_mixin.py:188} INFO - [2025-06-25T09:14:30.600+0000] {dag.py:3823} INFO - Setting next_dagrun for example_weekday_branch_operator to 2025-06-24 00:00:00+00:00, run_after=2025-06-25 00:00:00+00:00
[2025-06-25T09:14:30.637+0000] {processor.py:183} INFO - Processing /home/airflow/.local/lib/python3.8/site-packages/airflow/example_dags/example_branch_day_of_week_operator.py took 0.139 seconds
[2025-06-25T09:15:02.032+0000] {processor.py:161} INFO - Started process (PID=1485) to work on /home/airflow/.local/lib/python3.8/site-packages/airflow/example_dags/example_branch_day_of_week_operator.py
[2025-06-25T09:15:02.038+0000] {processor.py:830} INFO - Processing file /home/airflow/.local/lib/python3.8/site-packages/airflow/example_dags/example_branch_day_of_week_operator.py for tasks to queue
[2025-06-25T09:15:02.045+0000] {logging_mixin.py:188} INFO - [2025-06-25T09:15:02.044+0000] {dagbag.py:538} INFO - Filling up the DagBag from /home/airflow/.local/lib/python3.8/site-packages/airflow/example_dags/example_branch_day_of_week_operator.py
[2025-06-25T09:15:02.081+0000] {processor.py:840} INFO - DAG(s) 'example_weekday_branch_operator' retrieved from /home/airflow/.local/lib/python3.8/site-packages/airflow/example_dags/example_branch_day_of_week_operator.py
[2025-06-25T09:15:02.169+0000] {logging_mixin.py:188} INFO - [2025-06-25T09:15:02.168+0000] {dag.py:3036} INFO - Sync 1 DAGs
[2025-06-25T09:15:02.222+0000] {logging_mixin.py:188} INFO - [2025-06-25T09:15:02.221+0000] {dag.py:3823} INFO - Setting next_dagrun for example_weekday_branch_operator to 2025-06-24 00:00:00+00:00, run_after=2025-06-25 00:00:00+00:00
[2025-06-25T09:15:02.266+0000] {processor.py:183} INFO - Processing /home/airflow/.local/lib/python3.8/site-packages/airflow/example_dags/example_branch_day_of_week_operator.py took 0.242 seconds
[2025-06-25T09:15:32.579+0000] {processor.py:161} INFO - Started process (PID=1549) to work on /home/airflow/.local/lib/python3.8/site-packages/airflow/example_dags/example_branch_day_of_week_operator.py
[2025-06-25T09:15:32.581+0000] {processor.py:830} INFO - Processing file /home/airflow/.local/lib/python3.8/site-packages/airflow/example_dags/example_branch_day_of_week_operator.py for tasks to queue
[2025-06-25T09:15:32.586+0000] {logging_mixin.py:188} INFO - [2025-06-25T09:15:32.584+0000] {dagbag.py:538} INFO - Filling up the DagBag from /home/airflow/.local/lib/python3.8/site-packages/airflow/example_dags/example_branch_day_of_week_operator.py
[2025-06-25T09:15:32.602+0000] {processor.py:840} INFO - DAG(s) 'example_weekday_branch_operator' retrieved from /home/airflow/.local/lib/python3.8/site-packages/airflow/example_dags/example_branch_day_of_week_operator.py
[2025-06-25T09:15:32.651+0000] {logging_mixin.py:188} INFO - [2025-06-25T09:15:32.650+0000] {dag.py:3036} INFO - Sync 1 DAGs
[2025-06-25T09:15:32.721+0000] {logging_mixin.py:188} INFO - [2025-06-25T09:15:32.721+0000] {dag.py:3823} INFO - Setting next_dagrun for example_weekday_branch_operator to 2025-06-24 00:00:00+00:00, run_after=2025-06-25 00:00:00+00:00
[2025-06-25T09:15:32.815+0000] {processor.py:183} INFO - Processing /home/airflow/.local/lib/python3.8/site-packages/airflow/example_dags/example_branch_day_of_week_operator.py took 0.245 seconds
[2025-06-25T09:16:03.127+0000] {processor.py:161} INFO - Started process (PID=1607) to work on /home/airflow/.local/lib/python3.8/site-packages/airflow/example_dags/example_branch_day_of_week_operator.py
[2025-06-25T09:16:03.130+0000] {processor.py:830} INFO - Processing file /home/airflow/.local/lib/python3.8/site-packages/airflow/example_dags/example_branch_day_of_week_operator.py for tasks to queue
[2025-06-25T09:16:03.136+0000] {logging_mixin.py:188} INFO - [2025-06-25T09:16:03.134+0000] {dagbag.py:538} INFO - Filling up the DagBag from /home/airflow/.local/lib/python3.8/site-packages/airflow/example_dags/example_branch_day_of_week_operator.py
[2025-06-25T09:16:03.154+0000] {processor.py:840} INFO - DAG(s) 'example_weekday_branch_operator' retrieved from /home/airflow/.local/lib/python3.8/site-packages/airflow/example_dags/example_branch_day_of_week_operator.py
[2025-06-25T09:16:03.207+0000] {logging_mixin.py:188} INFO - [2025-06-25T09:16:03.207+0000] {dag.py:3036} INFO - Sync 1 DAGs
[2025-06-25T09:16:03.267+0000] {logging_mixin.py:188} INFO - [2025-06-25T09:16:03.266+0000] {dag.py:3823} INFO - Setting next_dagrun for example_weekday_branch_operator to 2025-06-24 00:00:00+00:00, run_after=2025-06-25 00:00:00+00:00
[2025-06-25T09:16:03.304+0000] {processor.py:183} INFO - Processing /home/airflow/.local/lib/python3.8/site-packages/airflow/example_dags/example_branch_day_of_week_operator.py took 0.186 seconds
[2025-06-25T09:16:34.020+0000] {processor.py:161} INFO - Started process (PID=1671) to work on /home/airflow/.local/lib/python3.8/site-packages/airflow/example_dags/example_branch_day_of_week_operator.py
[2025-06-25T09:16:34.022+0000] {processor.py:830} INFO - Processing file /home/airflow/.local/lib/python3.8/site-packages/airflow/example_dags/example_branch_day_of_week_operator.py for tasks to queue
[2025-06-25T09:16:34.025+0000] {logging_mixin.py:188} INFO - [2025-06-25T09:16:34.025+0000] {dagbag.py:538} INFO - Filling up the DagBag from /home/airflow/.local/lib/python3.8/site-packages/airflow/example_dags/example_branch_day_of_week_operator.py
[2025-06-25T09:16:34.042+0000] {processor.py:840} INFO - DAG(s) 'example_weekday_branch_operator' retrieved from /home/airflow/.local/lib/python3.8/site-packages/airflow/example_dags/example_branch_day_of_week_operator.py
[2025-06-25T09:16:34.085+0000] {logging_mixin.py:188} INFO - [2025-06-25T09:16:34.085+0000] {dag.py:3036} INFO - Sync 1 DAGs
[2025-06-25T09:16:34.140+0000] {logging_mixin.py:188} INFO - [2025-06-25T09:16:34.139+0000] {dag.py:3823} INFO - Setting next_dagrun for example_weekday_branch_operator to 2025-06-24 00:00:00+00:00, run_after=2025-06-25 00:00:00+00:00
[2025-06-25T09:16:34.180+0000] {processor.py:183} INFO - Processing /home/airflow/.local/lib/python3.8/site-packages/airflow/example_dags/example_branch_day_of_week_operator.py took 0.169 seconds
[2025-06-25T09:17:04.701+0000] {processor.py:161} INFO - Started process (PID=1736) to work on /home/airflow/.local/lib/python3.8/site-packages/airflow/example_dags/example_branch_day_of_week_operator.py
[2025-06-25T09:17:04.707+0000] {processor.py:830} INFO - Processing file /home/airflow/.local/lib/python3.8/site-packages/airflow/example_dags/example_branch_day_of_week_operator.py for tasks to queue
[2025-06-25T09:17:04.713+0000] {logging_mixin.py:188} INFO - [2025-06-25T09:17:04.712+0000] {dagbag.py:538} INFO - Filling up the DagBag from /home/airflow/.local/lib/python3.8/site-packages/airflow/example_dags/example_branch_day_of_week_operator.py
[2025-06-25T09:17:04.728+0000] {processor.py:840} INFO - DAG(s) 'example_weekday_branch_operator' retrieved from /home/airflow/.local/lib/python3.8/site-packages/airflow/example_dags/example_branch_day_of_week_operator.py
[2025-06-25T09:17:04.775+0000] {logging_mixin.py:188} INFO - [2025-06-25T09:17:04.774+0000] {dag.py:3036} INFO - Sync 1 DAGs
[2025-06-25T09:17:04.835+0000] {logging_mixin.py:188} INFO - [2025-06-25T09:17:04.834+0000] {dag.py:3823} INFO - Setting next_dagrun for example_weekday_branch_operator to 2025-06-24 00:00:00+00:00, run_after=2025-06-25 00:00:00+00:00
[2025-06-25T09:17:04.876+0000] {processor.py:183} INFO - Processing /home/airflow/.local/lib/python3.8/site-packages/airflow/example_dags/example_branch_day_of_week_operator.py took 0.181 seconds
[2025-06-25T09:17:35.887+0000] {processor.py:161} INFO - Started process (PID=1802) to work on /home/airflow/.local/lib/python3.8/site-packages/airflow/example_dags/example_branch_day_of_week_operator.py
[2025-06-25T09:17:35.889+0000] {processor.py:830} INFO - Processing file /home/airflow/.local/lib/python3.8/site-packages/airflow/example_dags/example_branch_day_of_week_operator.py for tasks to queue
[2025-06-25T09:17:35.893+0000] {logging_mixin.py:188} INFO - [2025-06-25T09:17:35.892+0000] {dagbag.py:538} INFO - Filling up the DagBag from /home/airflow/.local/lib/python3.8/site-packages/airflow/example_dags/example_branch_day_of_week_operator.py
[2025-06-25T09:17:35.910+0000] {processor.py:840} INFO - DAG(s) 'example_weekday_branch_operator' retrieved from /home/airflow/.local/lib/python3.8/site-packages/airflow/example_dags/example_branch_day_of_week_operator.py
[2025-06-25T09:17:35.954+0000] {logging_mixin.py:188} INFO - [2025-06-25T09:17:35.954+0000] {dag.py:3036} INFO - Sync 1 DAGs
[2025-06-25T09:17:36.005+0000] {logging_mixin.py:188} INFO - [2025-06-25T09:17:36.005+0000] {dag.py:3823} INFO - Setting next_dagrun for example_weekday_branch_operator to 2025-06-24 00:00:00+00:00, run_after=2025-06-25 00:00:00+00:00
[2025-06-25T09:17:36.042+0000] {processor.py:183} INFO - Processing /home/airflow/.local/lib/python3.8/site-packages/airflow/example_dags/example_branch_day_of_week_operator.py took 0.162 seconds
[2025-06-25T09:18:06.181+0000] {processor.py:161} INFO - Started process (PID=1865) to work on /home/airflow/.local/lib/python3.8/site-packages/airflow/example_dags/example_branch_day_of_week_operator.py
[2025-06-25T09:18:06.183+0000] {processor.py:830} INFO - Processing file /home/airflow/.local/lib/python3.8/site-packages/airflow/example_dags/example_branch_day_of_week_operator.py for tasks to queue
[2025-06-25T09:18:06.185+0000] {logging_mixin.py:188} INFO - [2025-06-25T09:18:06.185+0000] {dagbag.py:538} INFO - Filling up the DagBag from /home/airflow/.local/lib/python3.8/site-packages/airflow/example_dags/example_branch_day_of_week_operator.py
[2025-06-25T09:18:06.199+0000] {processor.py:840} INFO - DAG(s) 'example_weekday_branch_operator' retrieved from /home/airflow/.local/lib/python3.8/site-packages/airflow/example_dags/example_branch_day_of_week_operator.py
[2025-06-25T09:18:06.244+0000] {logging_mixin.py:188} INFO - [2025-06-25T09:18:06.243+0000] {dag.py:3036} INFO - Sync 1 DAGs
[2025-06-25T09:18:06.300+0000] {logging_mixin.py:188} INFO - [2025-06-25T09:18:06.300+0000] {dag.py:3823} INFO - Setting next_dagrun for example_weekday_branch_operator to 2025-06-24 00:00:00+00:00, run_after=2025-06-25 00:00:00+00:00
[2025-06-25T09:18:06.345+0000] {processor.py:183} INFO - Processing /home/airflow/.local/lib/python3.8/site-packages/airflow/example_dags/example_branch_day_of_week_operator.py took 0.170 seconds
[2025-06-25T09:18:37.644+0000] {processor.py:161} INFO - Started process (PID=1932) to work on /home/airflow/.local/lib/python3.8/site-packages/airflow/example_dags/example_branch_day_of_week_operator.py
[2025-06-25T09:18:37.648+0000] {processor.py:830} INFO - Processing file /home/airflow/.local/lib/python3.8/site-packages/airflow/example_dags/example_branch_day_of_week_operator.py for tasks to queue
[2025-06-25T09:18:37.651+0000] {logging_mixin.py:188} INFO - [2025-06-25T09:18:37.650+0000] {dagbag.py:538} INFO - Filling up the DagBag from /home/airflow/.local/lib/python3.8/site-packages/airflow/example_dags/example_branch_day_of_week_operator.py
[2025-06-25T09:18:37.668+0000] {processor.py:840} INFO - DAG(s) 'example_weekday_branch_operator' retrieved from /home/airflow/.local/lib/python3.8/site-packages/airflow/example_dags/example_branch_day_of_week_operator.py
[2025-06-25T09:18:37.710+0000] {logging_mixin.py:188} INFO - [2025-06-25T09:18:37.710+0000] {dag.py:3036} INFO - Sync 1 DAGs
[2025-06-25T09:18:37.765+0000] {logging_mixin.py:188} INFO - [2025-06-25T09:18:37.765+0000] {dag.py:3823} INFO - Setting next_dagrun for example_weekday_branch_operator to 2025-06-24 00:00:00+00:00, run_after=2025-06-25 00:00:00+00:00
[2025-06-25T09:18:37.829+0000] {processor.py:183} INFO - Processing /home/airflow/.local/lib/python3.8/site-packages/airflow/example_dags/example_branch_day_of_week_operator.py took 0.192 seconds
[2025-06-25T09:19:08.345+0000] {processor.py:161} INFO - Started process (PID=1997) to work on /home/airflow/.local/lib/python3.8/site-packages/airflow/example_dags/example_branch_day_of_week_operator.py
[2025-06-25T09:19:08.347+0000] {processor.py:830} INFO - Processing file /home/airflow/.local/lib/python3.8/site-packages/airflow/example_dags/example_branch_day_of_week_operator.py for tasks to queue
[2025-06-25T09:19:08.350+0000] {logging_mixin.py:188} INFO - [2025-06-25T09:19:08.349+0000] {dagbag.py:538} INFO - Filling up the DagBag from /home/airflow/.local/lib/python3.8/site-packages/airflow/example_dags/example_branch_day_of_week_operator.py
[2025-06-25T09:19:08.375+0000] {processor.py:840} INFO - DAG(s) 'example_weekday_branch_operator' retrieved from /home/airflow/.local/lib/python3.8/site-packages/airflow/example_dags/example_branch_day_of_week_operator.py
[2025-06-25T09:19:08.431+0000] {logging_mixin.py:188} INFO - [2025-06-25T09:19:08.431+0000] {dag.py:3036} INFO - Sync 1 DAGs
[2025-06-25T09:19:08.504+0000] {logging_mixin.py:188} INFO - [2025-06-25T09:19:08.503+0000] {dag.py:3823} INFO - Setting next_dagrun for example_weekday_branch_operator to 2025-06-24 00:00:00+00:00, run_after=2025-06-25 00:00:00+00:00
[2025-06-25T09:19:08.545+0000] {processor.py:183} INFO - Processing /home/airflow/.local/lib/python3.8/site-packages/airflow/example_dags/example_branch_day_of_week_operator.py took 0.206 seconds
[2025-06-25T09:19:38.640+0000] {processor.py:161} INFO - Started process (PID=2062) to work on /home/airflow/.local/lib/python3.8/site-packages/airflow/example_dags/example_branch_day_of_week_operator.py
[2025-06-25T09:19:38.643+0000] {processor.py:830} INFO - Processing file /home/airflow/.local/lib/python3.8/site-packages/airflow/example_dags/example_branch_day_of_week_operator.py for tasks to queue
[2025-06-25T09:19:38.646+0000] {logging_mixin.py:188} INFO - [2025-06-25T09:19:38.645+0000] {dagbag.py:538} INFO - Filling up the DagBag from /home/airflow/.local/lib/python3.8/site-packages/airflow/example_dags/example_branch_day_of_week_operator.py
[2025-06-25T09:19:38.667+0000] {processor.py:840} INFO - DAG(s) 'example_weekday_branch_operator' retrieved from /home/airflow/.local/lib/python3.8/site-packages/airflow/example_dags/example_branch_day_of_week_operator.py
[2025-06-25T09:19:38.708+0000] {logging_mixin.py:188} INFO - [2025-06-25T09:19:38.708+0000] {dag.py:3036} INFO - Sync 1 DAGs
[2025-06-25T09:19:38.762+0000] {logging_mixin.py:188} INFO - [2025-06-25T09:19:38.762+0000] {dag.py:3823} INFO - Setting next_dagrun for example_weekday_branch_operator to 2025-06-24 00:00:00+00:00, run_after=2025-06-25 00:00:00+00:00
[2025-06-25T09:19:38.809+0000] {processor.py:183} INFO - Processing /home/airflow/.local/lib/python3.8/site-packages/airflow/example_dags/example_branch_day_of_week_operator.py took 0.175 seconds
[2025-06-25T09:20:09.870+0000] {processor.py:161} INFO - Started process (PID=2127) to work on /home/airflow/.local/lib/python3.8/site-packages/airflow/example_dags/example_branch_day_of_week_operator.py
[2025-06-25T09:20:09.871+0000] {processor.py:830} INFO - Processing file /home/airflow/.local/lib/python3.8/site-packages/airflow/example_dags/example_branch_day_of_week_operator.py for tasks to queue
[2025-06-25T09:20:09.874+0000] {logging_mixin.py:188} INFO - [2025-06-25T09:20:09.874+0000] {dagbag.py:538} INFO - Filling up the DagBag from /home/airflow/.local/lib/python3.8/site-packages/airflow/example_dags/example_branch_day_of_week_operator.py
[2025-06-25T09:20:09.891+0000] {processor.py:840} INFO - DAG(s) 'example_weekday_branch_operator' retrieved from /home/airflow/.local/lib/python3.8/site-packages/airflow/example_dags/example_branch_day_of_week_operator.py
[2025-06-25T09:20:09.938+0000] {logging_mixin.py:188} INFO - [2025-06-25T09:20:09.938+0000] {dag.py:3036} INFO - Sync 1 DAGs
[2025-06-25T09:20:09.991+0000] {logging_mixin.py:188} INFO - [2025-06-25T09:20:09.990+0000] {dag.py:3823} INFO - Setting next_dagrun for example_weekday_branch_operator to 2025-06-24 00:00:00+00:00, run_after=2025-06-25 00:00:00+00:00
[2025-06-25T09:20:10.034+0000] {processor.py:183} INFO - Processing /home/airflow/.local/lib/python3.8/site-packages/airflow/example_dags/example_branch_day_of_week_operator.py took 0.170 seconds
[2025-06-25T09:20:40.907+0000] {processor.py:161} INFO - Started process (PID=2200) to work on /home/airflow/.local/lib/python3.8/site-packages/airflow/example_dags/example_branch_day_of_week_operator.py
[2025-06-25T09:20:40.915+0000] {processor.py:830} INFO - Processing file /home/airflow/.local/lib/python3.8/site-packages/airflow/example_dags/example_branch_day_of_week_operator.py for tasks to queue
[2025-06-25T09:20:40.920+0000] {logging_mixin.py:188} INFO - [2025-06-25T09:20:40.919+0000] {dagbag.py:538} INFO - Filling up the DagBag from /home/airflow/.local/lib/python3.8/site-packages/airflow/example_dags/example_branch_day_of_week_operator.py
[2025-06-25T09:20:40.938+0000] {processor.py:840} INFO - DAG(s) 'example_weekday_branch_operator' retrieved from /home/airflow/.local/lib/python3.8/site-packages/airflow/example_dags/example_branch_day_of_week_operator.py
[2025-06-25T09:20:40.973+0000] {logging_mixin.py:188} INFO - [2025-06-25T09:20:40.973+0000] {dag.py:3036} INFO - Sync 1 DAGs
[2025-06-25T09:20:41.011+0000] {logging_mixin.py:188} INFO - [2025-06-25T09:20:41.010+0000] {dag.py:3823} INFO - Setting next_dagrun for example_weekday_branch_operator to 2025-06-24 00:00:00+00:00, run_after=2025-06-25 00:00:00+00:00
[2025-06-25T09:20:41.036+0000] {processor.py:183} INFO - Processing /home/airflow/.local/lib/python3.8/site-packages/airflow/example_dags/example_branch_day_of_week_operator.py took 0.144 seconds
[2025-06-25T09:21:11.256+0000] {processor.py:161} INFO - Started process (PID=2265) to work on /home/airflow/.local/lib/python3.8/site-packages/airflow/example_dags/example_branch_day_of_week_operator.py
[2025-06-25T09:21:11.258+0000] {processor.py:830} INFO - Processing file /home/airflow/.local/lib/python3.8/site-packages/airflow/example_dags/example_branch_day_of_week_operator.py for tasks to queue
[2025-06-25T09:21:11.261+0000] {logging_mixin.py:188} INFO - [2025-06-25T09:21:11.260+0000] {dagbag.py:538} INFO - Filling up the DagBag from /home/airflow/.local/lib/python3.8/site-packages/airflow/example_dags/example_branch_day_of_week_operator.py
[2025-06-25T09:21:11.276+0000] {processor.py:840} INFO - DAG(s) 'example_weekday_branch_operator' retrieved from /home/airflow/.local/lib/python3.8/site-packages/airflow/example_dags/example_branch_day_of_week_operator.py
[2025-06-25T09:21:11.316+0000] {logging_mixin.py:188} INFO - [2025-06-25T09:21:11.315+0000] {dag.py:3036} INFO - Sync 1 DAGs
[2025-06-25T09:21:11.364+0000] {logging_mixin.py:188} INFO - [2025-06-25T09:21:11.363+0000] {dag.py:3823} INFO - Setting next_dagrun for example_weekday_branch_operator to 2025-06-24 00:00:00+00:00, run_after=2025-06-25 00:00:00+00:00
[2025-06-25T09:21:11.397+0000] {processor.py:183} INFO - Processing /home/airflow/.local/lib/python3.8/site-packages/airflow/example_dags/example_branch_day_of_week_operator.py took 0.147 seconds
