[2025-06-25T09:04:15.068+0000] {processor.py:161} INFO - Started process (PID=112) to work on /home/airflow/.local/lib/python3.8/site-packages/airflow/example_dags/example_latest_only_with_trigger.py
[2025-06-25T09:04:15.069+0000] {processor.py:830} INFO - Processing file /home/airflow/.local/lib/python3.8/site-packages/airflow/example_dags/example_latest_only_with_trigger.py for tasks to queue
[2025-06-25T09:04:15.072+0000] {logging_mixin.py:188} INFO - [2025-06-25T09:04:15.072+0000] {dagbag.py:538} INFO - Filling up the DagBag from /home/airflow/.local/lib/python3.8/site-packages/airflow/example_dags/example_latest_only_with_trigger.py
[2025-06-25T09:04:15.082+0000] {processor.py:840} INFO - DAG(s) 'latest_only_with_trigger' retrieved from /home/airflow/.local/lib/python3.8/site-packages/airflow/example_dags/example_latest_only_with_trigger.py
[2025-06-25T09:04:15.121+0000] {logging_mixin.py:188} INFO - [2025-06-25T09:04:15.121+0000] {dag.py:3036} INFO - Sync 1 DAGs
[2025-06-25T09:04:15.163+0000] {logging_mixin.py:188} INFO - [2025-06-25T09:04:15.163+0000] {dag.py:3823} INFO - Setting next_dagrun for latest_only_with_trigger to 2025-06-25 04:00:00+00:00, run_after=2025-06-25 08:00:00+00:00
[2025-06-25T09:04:15.192+0000] {processor.py:183} INFO - Processing /home/airflow/.local/lib/python3.8/site-packages/airflow/example_dags/example_latest_only_with_trigger.py took 0.130 seconds
[2025-06-25T09:04:45.884+0000] {processor.py:161} INFO - Started process (PID=176) to work on /home/airflow/.local/lib/python3.8/site-packages/airflow/example_dags/example_latest_only_with_trigger.py
[2025-06-25T09:04:45.885+0000] {processor.py:830} INFO - Processing file /home/airflow/.local/lib/python3.8/site-packages/airflow/example_dags/example_latest_only_with_trigger.py for tasks to queue
[2025-06-25T09:04:45.887+0000] {logging_mixin.py:188} INFO - [2025-06-25T09:04:45.887+0000] {dagbag.py:538} INFO - Filling up the DagBag from /home/airflow/.local/lib/python3.8/site-packages/airflow/example_dags/example_latest_only_with_trigger.py
[2025-06-25T09:04:45.895+0000] {processor.py:840} INFO - DAG(s) 'latest_only_with_trigger' retrieved from /home/airflow/.local/lib/python3.8/site-packages/airflow/example_dags/example_latest_only_with_trigger.py
[2025-06-25T09:04:45.931+0000] {logging_mixin.py:188} INFO - [2025-06-25T09:04:45.930+0000] {dag.py:3036} INFO - Sync 1 DAGs
[2025-06-25T09:04:45.970+0000] {logging_mixin.py:188} INFO - [2025-06-25T09:04:45.970+0000] {dag.py:3823} INFO - Setting next_dagrun for latest_only_with_trigger to 2025-06-25 04:00:00+00:00, run_after=2025-06-25 08:00:00+00:00
[2025-06-25T09:04:45.999+0000] {processor.py:183} INFO - Processing /home/airflow/.local/lib/python3.8/site-packages/airflow/example_dags/example_latest_only_with_trigger.py took 0.120 seconds
[2025-06-25T09:05:16.235+0000] {processor.py:161} INFO - Started process (PID=242) to work on /home/airflow/.local/lib/python3.8/site-packages/airflow/example_dags/example_latest_only_with_trigger.py
[2025-06-25T09:05:16.237+0000] {processor.py:830} INFO - Processing file /home/airflow/.local/lib/python3.8/site-packages/airflow/example_dags/example_latest_only_with_trigger.py for tasks to queue
[2025-06-25T09:05:16.240+0000] {logging_mixin.py:188} INFO - [2025-06-25T09:05:16.240+0000] {dagbag.py:538} INFO - Filling up the DagBag from /home/airflow/.local/lib/python3.8/site-packages/airflow/example_dags/example_latest_only_with_trigger.py
[2025-06-25T09:05:16.250+0000] {processor.py:840} INFO - DAG(s) 'latest_only_with_trigger' retrieved from /home/airflow/.local/lib/python3.8/site-packages/airflow/example_dags/example_latest_only_with_trigger.py
[2025-06-25T09:05:16.281+0000] {logging_mixin.py:188} INFO - [2025-06-25T09:05:16.281+0000] {dag.py:3036} INFO - Sync 1 DAGs
[2025-06-25T09:05:16.314+0000] {logging_mixin.py:188} INFO - [2025-06-25T09:05:16.314+0000] {dag.py:3823} INFO - Setting next_dagrun for latest_only_with_trigger to 2025-06-25 04:00:00+00:00, run_after=2025-06-25 08:00:00+00:00
[2025-06-25T09:05:16.341+0000] {processor.py:183} INFO - Processing /home/airflow/.local/lib/python3.8/site-packages/airflow/example_dags/example_latest_only_with_trigger.py took 0.111 seconds
[2025-06-25T09:05:47.491+0000] {processor.py:161} INFO - Started process (PID=308) to work on /home/airflow/.local/lib/python3.8/site-packages/airflow/example_dags/example_latest_only_with_trigger.py
[2025-06-25T09:05:47.493+0000] {processor.py:830} INFO - Processing file /home/airflow/.local/lib/python3.8/site-packages/airflow/example_dags/example_latest_only_with_trigger.py for tasks to queue
[2025-06-25T09:05:47.495+0000] {logging_mixin.py:188} INFO - [2025-06-25T09:05:47.495+0000] {dagbag.py:538} INFO - Filling up the DagBag from /home/airflow/.local/lib/python3.8/site-packages/airflow/example_dags/example_latest_only_with_trigger.py
[2025-06-25T09:05:47.504+0000] {processor.py:840} INFO - DAG(s) 'latest_only_with_trigger' retrieved from /home/airflow/.local/lib/python3.8/site-packages/airflow/example_dags/example_latest_only_with_trigger.py
[2025-06-25T09:05:47.535+0000] {logging_mixin.py:188} INFO - [2025-06-25T09:05:47.534+0000] {dag.py:3036} INFO - Sync 1 DAGs
[2025-06-25T09:05:47.574+0000] {logging_mixin.py:188} INFO - [2025-06-25T09:05:47.573+0000] {dag.py:3823} INFO - Setting next_dagrun for latest_only_with_trigger to 2025-06-25 04:00:00+00:00, run_after=2025-06-25 08:00:00+00:00
[2025-06-25T09:05:47.605+0000] {processor.py:183} INFO - Processing /home/airflow/.local/lib/python3.8/site-packages/airflow/example_dags/example_latest_only_with_trigger.py took 0.119 seconds
[2025-06-25T09:06:17.989+0000] {processor.py:161} INFO - Started process (PID=374) to work on /home/airflow/.local/lib/python3.8/site-packages/airflow/example_dags/example_latest_only_with_trigger.py
[2025-06-25T09:06:17.991+0000] {processor.py:830} INFO - Processing file /home/airflow/.local/lib/python3.8/site-packages/airflow/example_dags/example_latest_only_with_trigger.py for tasks to queue
[2025-06-25T09:06:17.994+0000] {logging_mixin.py:188} INFO - [2025-06-25T09:06:17.994+0000] {dagbag.py:538} INFO - Filling up the DagBag from /home/airflow/.local/lib/python3.8/site-packages/airflow/example_dags/example_latest_only_with_trigger.py
[2025-06-25T09:06:18.004+0000] {processor.py:840} INFO - DAG(s) 'latest_only_with_trigger' retrieved from /home/airflow/.local/lib/python3.8/site-packages/airflow/example_dags/example_latest_only_with_trigger.py
[2025-06-25T09:06:18.040+0000] {logging_mixin.py:188} INFO - [2025-06-25T09:06:18.040+0000] {dag.py:3036} INFO - Sync 1 DAGs
[2025-06-25T09:06:18.081+0000] {logging_mixin.py:188} INFO - [2025-06-25T09:06:18.081+0000] {dag.py:3823} INFO - Setting next_dagrun for latest_only_with_trigger to 2025-06-25 04:00:00+00:00, run_after=2025-06-25 08:00:00+00:00
[2025-06-25T09:06:18.111+0000] {processor.py:183} INFO - Processing /home/airflow/.local/lib/python3.8/site-packages/airflow/example_dags/example_latest_only_with_trigger.py took 0.127 seconds
[2025-06-25T09:06:48.649+0000] {processor.py:161} INFO - Started process (PID=446) to work on /home/airflow/.local/lib/python3.8/site-packages/airflow/example_dags/example_latest_only_with_trigger.py
[2025-06-25T09:06:48.650+0000] {processor.py:830} INFO - Processing file /home/airflow/.local/lib/python3.8/site-packages/airflow/example_dags/example_latest_only_with_trigger.py for tasks to queue
[2025-06-25T09:06:48.653+0000] {logging_mixin.py:188} INFO - [2025-06-25T09:06:48.652+0000] {dagbag.py:538} INFO - Filling up the DagBag from /home/airflow/.local/lib/python3.8/site-packages/airflow/example_dags/example_latest_only_with_trigger.py
[2025-06-25T09:06:48.662+0000] {processor.py:840} INFO - DAG(s) 'latest_only_with_trigger' retrieved from /home/airflow/.local/lib/python3.8/site-packages/airflow/example_dags/example_latest_only_with_trigger.py
[2025-06-25T09:06:48.704+0000] {logging_mixin.py:188} INFO - [2025-06-25T09:06:48.703+0000] {dag.py:3036} INFO - Sync 1 DAGs
[2025-06-25T09:06:48.746+0000] {logging_mixin.py:188} INFO - [2025-06-25T09:06:48.746+0000] {dag.py:3823} INFO - Setting next_dagrun for latest_only_with_trigger to 2025-06-25 04:00:00+00:00, run_after=2025-06-25 08:00:00+00:00
[2025-06-25T09:06:48.784+0000] {processor.py:183} INFO - Processing /home/airflow/.local/lib/python3.8/site-packages/airflow/example_dags/example_latest_only_with_trigger.py took 0.141 seconds
[2025-06-25T09:07:19.289+0000] {processor.py:161} INFO - Started process (PID=512) to work on /home/airflow/.local/lib/python3.8/site-packages/airflow/example_dags/example_latest_only_with_trigger.py
[2025-06-25T09:07:19.291+0000] {processor.py:830} INFO - Processing file /home/airflow/.local/lib/python3.8/site-packages/airflow/example_dags/example_latest_only_with_trigger.py for tasks to queue
[2025-06-25T09:07:19.293+0000] {logging_mixin.py:188} INFO - [2025-06-25T09:07:19.293+0000] {dagbag.py:538} INFO - Filling up the DagBag from /home/airflow/.local/lib/python3.8/site-packages/airflow/example_dags/example_latest_only_with_trigger.py
[2025-06-25T09:07:19.303+0000] {processor.py:840} INFO - DAG(s) 'latest_only_with_trigger' retrieved from /home/airflow/.local/lib/python3.8/site-packages/airflow/example_dags/example_latest_only_with_trigger.py
[2025-06-25T09:07:19.346+0000] {logging_mixin.py:188} INFO - [2025-06-25T09:07:19.345+0000] {dag.py:3036} INFO - Sync 1 DAGs
[2025-06-25T09:07:19.403+0000] {logging_mixin.py:188} INFO - [2025-06-25T09:07:19.402+0000] {dag.py:3823} INFO - Setting next_dagrun for latest_only_with_trigger to 2025-06-25 04:00:00+00:00, run_after=2025-06-25 08:00:00+00:00
[2025-06-25T09:07:19.435+0000] {processor.py:183} INFO - Processing /home/airflow/.local/lib/python3.8/site-packages/airflow/example_dags/example_latest_only_with_trigger.py took 0.152 seconds
[2025-06-25T09:07:49.608+0000] {processor.py:161} INFO - Started process (PID=578) to work on /home/airflow/.local/lib/python3.8/site-packages/airflow/example_dags/example_latest_only_with_trigger.py
[2025-06-25T09:07:49.610+0000] {processor.py:830} INFO - Processing file /home/airflow/.local/lib/python3.8/site-packages/airflow/example_dags/example_latest_only_with_trigger.py for tasks to queue
[2025-06-25T09:07:49.613+0000] {logging_mixin.py:188} INFO - [2025-06-25T09:07:49.612+0000] {dagbag.py:538} INFO - Filling up the DagBag from /home/airflow/.local/lib/python3.8/site-packages/airflow/example_dags/example_latest_only_with_trigger.py
[2025-06-25T09:07:49.623+0000] {processor.py:840} INFO - DAG(s) 'latest_only_with_trigger' retrieved from /home/airflow/.local/lib/python3.8/site-packages/airflow/example_dags/example_latest_only_with_trigger.py
[2025-06-25T09:07:49.665+0000] {logging_mixin.py:188} INFO - [2025-06-25T09:07:49.664+0000] {dag.py:3036} INFO - Sync 1 DAGs
[2025-06-25T09:07:49.703+0000] {logging_mixin.py:188} INFO - [2025-06-25T09:07:49.702+0000] {dag.py:3823} INFO - Setting next_dagrun for latest_only_with_trigger to 2025-06-25 04:00:00+00:00, run_after=2025-06-25 08:00:00+00:00
[2025-06-25T09:07:49.731+0000] {processor.py:183} INFO - Processing /home/airflow/.local/lib/python3.8/site-packages/airflow/example_dags/example_latest_only_with_trigger.py took 0.129 seconds
[2025-06-25T09:08:20.318+0000] {processor.py:161} INFO - Started process (PID=644) to work on /home/airflow/.local/lib/python3.8/site-packages/airflow/example_dags/example_latest_only_with_trigger.py
[2025-06-25T09:08:20.319+0000] {processor.py:830} INFO - Processing file /home/airflow/.local/lib/python3.8/site-packages/airflow/example_dags/example_latest_only_with_trigger.py for tasks to queue
[2025-06-25T09:08:20.322+0000] {logging_mixin.py:188} INFO - [2025-06-25T09:08:20.321+0000] {dagbag.py:538} INFO - Filling up the DagBag from /home/airflow/.local/lib/python3.8/site-packages/airflow/example_dags/example_latest_only_with_trigger.py
[2025-06-25T09:08:20.330+0000] {processor.py:840} INFO - DAG(s) 'latest_only_with_trigger' retrieved from /home/airflow/.local/lib/python3.8/site-packages/airflow/example_dags/example_latest_only_with_trigger.py
[2025-06-25T09:08:20.363+0000] {logging_mixin.py:188} INFO - [2025-06-25T09:08:20.363+0000] {dag.py:3036} INFO - Sync 1 DAGs
[2025-06-25T09:08:20.400+0000] {logging_mixin.py:188} INFO - [2025-06-25T09:08:20.399+0000] {dag.py:3823} INFO - Setting next_dagrun for latest_only_with_trigger to 2025-06-25 04:00:00+00:00, run_after=2025-06-25 08:00:00+00:00
[2025-06-25T09:08:20.429+0000] {processor.py:183} INFO - Processing /home/airflow/.local/lib/python3.8/site-packages/airflow/example_dags/example_latest_only_with_trigger.py took 0.116 seconds
[2025-06-25T09:08:51.110+0000] {processor.py:161} INFO - Started process (PID=708) to work on /home/airflow/.local/lib/python3.8/site-packages/airflow/example_dags/example_latest_only_with_trigger.py
[2025-06-25T09:08:51.112+0000] {processor.py:830} INFO - Processing file /home/airflow/.local/lib/python3.8/site-packages/airflow/example_dags/example_latest_only_with_trigger.py for tasks to queue
[2025-06-25T09:08:51.115+0000] {logging_mixin.py:188} INFO - [2025-06-25T09:08:51.114+0000] {dagbag.py:538} INFO - Filling up the DagBag from /home/airflow/.local/lib/python3.8/site-packages/airflow/example_dags/example_latest_only_with_trigger.py
[2025-06-25T09:08:51.124+0000] {processor.py:840} INFO - DAG(s) 'latest_only_with_trigger' retrieved from /home/airflow/.local/lib/python3.8/site-packages/airflow/example_dags/example_latest_only_with_trigger.py
[2025-06-25T09:08:51.159+0000] {logging_mixin.py:188} INFO - [2025-06-25T09:08:51.158+0000] {dag.py:3036} INFO - Sync 1 DAGs
[2025-06-25T09:08:51.195+0000] {logging_mixin.py:188} INFO - [2025-06-25T09:08:51.194+0000] {dag.py:3823} INFO - Setting next_dagrun for latest_only_with_trigger to 2025-06-25 04:00:00+00:00, run_after=2025-06-25 08:00:00+00:00
[2025-06-25T09:08:51.228+0000] {processor.py:183} INFO - Processing /home/airflow/.local/lib/python3.8/site-packages/airflow/example_dags/example_latest_only_with_trigger.py took 0.124 seconds
[2025-06-25T09:09:21.554+0000] {processor.py:161} INFO - Started process (PID=773) to work on /home/airflow/.local/lib/python3.8/site-packages/airflow/example_dags/example_latest_only_with_trigger.py
[2025-06-25T09:09:21.557+0000] {processor.py:830} INFO - Processing file /home/airflow/.local/lib/python3.8/site-packages/airflow/example_dags/example_latest_only_with_trigger.py for tasks to queue
[2025-06-25T09:09:21.559+0000] {logging_mixin.py:188} INFO - [2025-06-25T09:09:21.559+0000] {dagbag.py:538} INFO - Filling up the DagBag from /home/airflow/.local/lib/python3.8/site-packages/airflow/example_dags/example_latest_only_with_trigger.py
[2025-06-25T09:09:21.569+0000] {processor.py:840} INFO - DAG(s) 'latest_only_with_trigger' retrieved from /home/airflow/.local/lib/python3.8/site-packages/airflow/example_dags/example_latest_only_with_trigger.py
[2025-06-25T09:09:21.609+0000] {logging_mixin.py:188} INFO - [2025-06-25T09:09:21.608+0000] {dag.py:3036} INFO - Sync 1 DAGs
[2025-06-25T09:09:21.653+0000] {logging_mixin.py:188} INFO - [2025-06-25T09:09:21.652+0000] {dag.py:3823} INFO - Setting next_dagrun for latest_only_with_trigger to 2025-06-25 04:00:00+00:00, run_after=2025-06-25 08:00:00+00:00
[2025-06-25T09:09:21.689+0000] {processor.py:183} INFO - Processing /home/airflow/.local/lib/python3.8/site-packages/airflow/example_dags/example_latest_only_with_trigger.py took 0.145 seconds
[2025-06-25T09:09:52.751+0000] {processor.py:161} INFO - Started process (PID=837) to work on /home/airflow/.local/lib/python3.8/site-packages/airflow/example_dags/example_latest_only_with_trigger.py
[2025-06-25T09:09:52.753+0000] {processor.py:830} INFO - Processing file /home/airflow/.local/lib/python3.8/site-packages/airflow/example_dags/example_latest_only_with_trigger.py for tasks to queue
[2025-06-25T09:09:52.756+0000] {logging_mixin.py:188} INFO - [2025-06-25T09:09:52.755+0000] {dagbag.py:538} INFO - Filling up the DagBag from /home/airflow/.local/lib/python3.8/site-packages/airflow/example_dags/example_latest_only_with_trigger.py
[2025-06-25T09:09:52.766+0000] {processor.py:840} INFO - DAG(s) 'latest_only_with_trigger' retrieved from /home/airflow/.local/lib/python3.8/site-packages/airflow/example_dags/example_latest_only_with_trigger.py
[2025-06-25T09:09:52.803+0000] {logging_mixin.py:188} INFO - [2025-06-25T09:09:52.803+0000] {dag.py:3036} INFO - Sync 1 DAGs
[2025-06-25T09:09:52.845+0000] {logging_mixin.py:188} INFO - [2025-06-25T09:09:52.844+0000] {dag.py:3823} INFO - Setting next_dagrun for latest_only_with_trigger to 2025-06-25 04:00:00+00:00, run_after=2025-06-25 08:00:00+00:00
[2025-06-25T09:09:52.879+0000] {processor.py:183} INFO - Processing /home/airflow/.local/lib/python3.8/site-packages/airflow/example_dags/example_latest_only_with_trigger.py took 0.133 seconds
[2025-06-25T09:10:23.961+0000] {processor.py:161} INFO - Started process (PID=902) to work on /home/airflow/.local/lib/python3.8/site-packages/airflow/example_dags/example_latest_only_with_trigger.py
[2025-06-25T09:10:23.964+0000] {processor.py:830} INFO - Processing file /home/airflow/.local/lib/python3.8/site-packages/airflow/example_dags/example_latest_only_with_trigger.py for tasks to queue
[2025-06-25T09:10:23.969+0000] {logging_mixin.py:188} INFO - [2025-06-25T09:10:23.968+0000] {dagbag.py:538} INFO - Filling up the DagBag from /home/airflow/.local/lib/python3.8/site-packages/airflow/example_dags/example_latest_only_with_trigger.py
[2025-06-25T09:10:23.987+0000] {processor.py:840} INFO - DAG(s) 'latest_only_with_trigger' retrieved from /home/airflow/.local/lib/python3.8/site-packages/airflow/example_dags/example_latest_only_with_trigger.py
[2025-06-25T09:10:24.039+0000] {logging_mixin.py:188} INFO - [2025-06-25T09:10:24.038+0000] {dag.py:3036} INFO - Sync 1 DAGs
[2025-06-25T09:10:24.087+0000] {logging_mixin.py:188} INFO - [2025-06-25T09:10:24.087+0000] {dag.py:3823} INFO - Setting next_dagrun for latest_only_with_trigger to 2025-06-25 04:00:00+00:00, run_after=2025-06-25 08:00:00+00:00
[2025-06-25T09:10:24.127+0000] {processor.py:183} INFO - Processing /home/airflow/.local/lib/python3.8/site-packages/airflow/example_dags/example_latest_only_with_trigger.py took 0.172 seconds
[2025-06-25T09:10:54.741+0000] {processor.py:161} INFO - Started process (PID=967) to work on /home/airflow/.local/lib/python3.8/site-packages/airflow/example_dags/example_latest_only_with_trigger.py
[2025-06-25T09:10:54.742+0000] {processor.py:830} INFO - Processing file /home/airflow/.local/lib/python3.8/site-packages/airflow/example_dags/example_latest_only_with_trigger.py for tasks to queue
[2025-06-25T09:10:54.745+0000] {logging_mixin.py:188} INFO - [2025-06-25T09:10:54.745+0000] {dagbag.py:538} INFO - Filling up the DagBag from /home/airflow/.local/lib/python3.8/site-packages/airflow/example_dags/example_latest_only_with_trigger.py
[2025-06-25T09:10:54.755+0000] {processor.py:840} INFO - DAG(s) 'latest_only_with_trigger' retrieved from /home/airflow/.local/lib/python3.8/site-packages/airflow/example_dags/example_latest_only_with_trigger.py
[2025-06-25T09:10:54.797+0000] {logging_mixin.py:188} INFO - [2025-06-25T09:10:54.797+0000] {dag.py:3036} INFO - Sync 1 DAGs
[2025-06-25T09:10:54.836+0000] {logging_mixin.py:188} INFO - [2025-06-25T09:10:54.836+0000] {dag.py:3823} INFO - Setting next_dagrun for latest_only_with_trigger to 2025-06-25 04:00:00+00:00, run_after=2025-06-25 08:00:00+00:00
[2025-06-25T09:10:54.871+0000] {processor.py:183} INFO - Processing /home/airflow/.local/lib/python3.8/site-packages/airflow/example_dags/example_latest_only_with_trigger.py took 0.136 seconds
[2025-06-25T09:11:26.091+0000] {processor.py:161} INFO - Started process (PID=1032) to work on /home/airflow/.local/lib/python3.8/site-packages/airflow/example_dags/example_latest_only_with_trigger.py
[2025-06-25T09:11:26.094+0000] {processor.py:830} INFO - Processing file /home/airflow/.local/lib/python3.8/site-packages/airflow/example_dags/example_latest_only_with_trigger.py for tasks to queue
[2025-06-25T09:11:26.097+0000] {logging_mixin.py:188} INFO - [2025-06-25T09:11:26.096+0000] {dagbag.py:538} INFO - Filling up the DagBag from /home/airflow/.local/lib/python3.8/site-packages/airflow/example_dags/example_latest_only_with_trigger.py
[2025-06-25T09:11:26.108+0000] {processor.py:840} INFO - DAG(s) 'latest_only_with_trigger' retrieved from /home/airflow/.local/lib/python3.8/site-packages/airflow/example_dags/example_latest_only_with_trigger.py
[2025-06-25T09:11:26.151+0000] {logging_mixin.py:188} INFO - [2025-06-25T09:11:26.150+0000] {dag.py:3036} INFO - Sync 1 DAGs
[2025-06-25T09:11:26.199+0000] {logging_mixin.py:188} INFO - [2025-06-25T09:11:26.199+0000] {dag.py:3823} INFO - Setting next_dagrun for latest_only_with_trigger to 2025-06-25 04:00:00+00:00, run_after=2025-06-25 08:00:00+00:00
[2025-06-25T09:11:26.239+0000] {processor.py:183} INFO - Processing /home/airflow/.local/lib/python3.8/site-packages/airflow/example_dags/example_latest_only_with_trigger.py took 0.155 seconds
[2025-06-25T09:11:56.514+0000] {processor.py:161} INFO - Started process (PID=1097) to work on /home/airflow/.local/lib/python3.8/site-packages/airflow/example_dags/example_latest_only_with_trigger.py
[2025-06-25T09:11:56.515+0000] {processor.py:830} INFO - Processing file /home/airflow/.local/lib/python3.8/site-packages/airflow/example_dags/example_latest_only_with_trigger.py for tasks to queue
[2025-06-25T09:11:56.518+0000] {logging_mixin.py:188} INFO - [2025-06-25T09:11:56.518+0000] {dagbag.py:538} INFO - Filling up the DagBag from /home/airflow/.local/lib/python3.8/site-packages/airflow/example_dags/example_latest_only_with_trigger.py
[2025-06-25T09:11:56.528+0000] {processor.py:840} INFO - DAG(s) 'latest_only_with_trigger' retrieved from /home/airflow/.local/lib/python3.8/site-packages/airflow/example_dags/example_latest_only_with_trigger.py
[2025-06-25T09:11:56.570+0000] {logging_mixin.py:188} INFO - [2025-06-25T09:11:56.570+0000] {dag.py:3036} INFO - Sync 1 DAGs
[2025-06-25T09:11:56.612+0000] {logging_mixin.py:188} INFO - [2025-06-25T09:11:56.611+0000] {dag.py:3823} INFO - Setting next_dagrun for latest_only_with_trigger to 2025-06-25 04:00:00+00:00, run_after=2025-06-25 08:00:00+00:00
[2025-06-25T09:11:56.652+0000] {processor.py:183} INFO - Processing /home/airflow/.local/lib/python3.8/site-packages/airflow/example_dags/example_latest_only_with_trigger.py took 0.143 seconds
[2025-06-25T09:12:27.190+0000] {processor.py:161} INFO - Started process (PID=1160) to work on /home/airflow/.local/lib/python3.8/site-packages/airflow/example_dags/example_latest_only_with_trigger.py
[2025-06-25T09:12:27.192+0000] {processor.py:830} INFO - Processing file /home/airflow/.local/lib/python3.8/site-packages/airflow/example_dags/example_latest_only_with_trigger.py for tasks to queue
[2025-06-25T09:12:27.195+0000] {logging_mixin.py:188} INFO - [2025-06-25T09:12:27.194+0000] {dagbag.py:538} INFO - Filling up the DagBag from /home/airflow/.local/lib/python3.8/site-packages/airflow/example_dags/example_latest_only_with_trigger.py
[2025-06-25T09:12:27.208+0000] {processor.py:840} INFO - DAG(s) 'latest_only_with_trigger' retrieved from /home/airflow/.local/lib/python3.8/site-packages/airflow/example_dags/example_latest_only_with_trigger.py
[2025-06-25T09:12:27.255+0000] {logging_mixin.py:188} INFO - [2025-06-25T09:12:27.255+0000] {dag.py:3036} INFO - Sync 1 DAGs
[2025-06-25T09:12:27.312+0000] {logging_mixin.py:188} INFO - [2025-06-25T09:12:27.311+0000] {dag.py:3823} INFO - Setting next_dagrun for latest_only_with_trigger to 2025-06-25 04:00:00+00:00, run_after=2025-06-25 08:00:00+00:00
[2025-06-25T09:12:27.356+0000] {processor.py:183} INFO - Processing /home/airflow/.local/lib/python3.8/site-packages/airflow/example_dags/example_latest_only_with_trigger.py took 0.172 seconds
[2025-06-25T09:12:58.022+0000] {processor.py:161} INFO - Started process (PID=1226) to work on /home/airflow/.local/lib/python3.8/site-packages/airflow/example_dags/example_latest_only_with_trigger.py
[2025-06-25T09:12:58.024+0000] {processor.py:830} INFO - Processing file /home/airflow/.local/lib/python3.8/site-packages/airflow/example_dags/example_latest_only_with_trigger.py for tasks to queue
[2025-06-25T09:12:58.028+0000] {logging_mixin.py:188} INFO - [2025-06-25T09:12:58.028+0000] {dagbag.py:538} INFO - Filling up the DagBag from /home/airflow/.local/lib/python3.8/site-packages/airflow/example_dags/example_latest_only_with_trigger.py
[2025-06-25T09:12:58.041+0000] {processor.py:840} INFO - DAG(s) 'latest_only_with_trigger' retrieved from /home/airflow/.local/lib/python3.8/site-packages/airflow/example_dags/example_latest_only_with_trigger.py
[2025-06-25T09:12:58.093+0000] {logging_mixin.py:188} INFO - [2025-06-25T09:12:58.093+0000] {dag.py:3036} INFO - Sync 1 DAGs
[2025-06-25T09:12:58.148+0000] {logging_mixin.py:188} INFO - [2025-06-25T09:12:58.147+0000] {dag.py:3823} INFO - Setting next_dagrun for latest_only_with_trigger to 2025-06-25 04:00:00+00:00, run_after=2025-06-25 08:00:00+00:00
[2025-06-25T09:12:58.196+0000] {processor.py:183} INFO - Processing /home/airflow/.local/lib/python3.8/site-packages/airflow/example_dags/example_latest_only_with_trigger.py took 0.183 seconds
[2025-06-25T09:13:28.483+0000] {processor.py:161} INFO - Started process (PID=1292) to work on /home/airflow/.local/lib/python3.8/site-packages/airflow/example_dags/example_latest_only_with_trigger.py
[2025-06-25T09:13:28.485+0000] {processor.py:830} INFO - Processing file /home/airflow/.local/lib/python3.8/site-packages/airflow/example_dags/example_latest_only_with_trigger.py for tasks to queue
[2025-06-25T09:13:28.488+0000] {logging_mixin.py:188} INFO - [2025-06-25T09:13:28.488+0000] {dagbag.py:538} INFO - Filling up the DagBag from /home/airflow/.local/lib/python3.8/site-packages/airflow/example_dags/example_latest_only_with_trigger.py
[2025-06-25T09:13:28.499+0000] {processor.py:840} INFO - DAG(s) 'latest_only_with_trigger' retrieved from /home/airflow/.local/lib/python3.8/site-packages/airflow/example_dags/example_latest_only_with_trigger.py
[2025-06-25T09:13:28.538+0000] {logging_mixin.py:188} INFO - [2025-06-25T09:13:28.538+0000] {dag.py:3036} INFO - Sync 1 DAGs
[2025-06-25T09:13:28.579+0000] {logging_mixin.py:188} INFO - [2025-06-25T09:13:28.579+0000] {dag.py:3823} INFO - Setting next_dagrun for latest_only_with_trigger to 2025-06-25 04:00:00+00:00, run_after=2025-06-25 08:00:00+00:00
[2025-06-25T09:13:28.615+0000] {processor.py:183} INFO - Processing /home/airflow/.local/lib/python3.8/site-packages/airflow/example_dags/example_latest_only_with_trigger.py took 0.138 seconds
[2025-06-25T09:13:59.928+0000] {processor.py:161} INFO - Started process (PID=1358) to work on /home/airflow/.local/lib/python3.8/site-packages/airflow/example_dags/example_latest_only_with_trigger.py
[2025-06-25T09:13:59.931+0000] {processor.py:830} INFO - Processing file /home/airflow/.local/lib/python3.8/site-packages/airflow/example_dags/example_latest_only_with_trigger.py for tasks to queue
[2025-06-25T09:13:59.935+0000] {logging_mixin.py:188} INFO - [2025-06-25T09:13:59.935+0000] {dagbag.py:538} INFO - Filling up the DagBag from /home/airflow/.local/lib/python3.8/site-packages/airflow/example_dags/example_latest_only_with_trigger.py
[2025-06-25T09:13:59.946+0000] {processor.py:840} INFO - DAG(s) 'latest_only_with_trigger' retrieved from /home/airflow/.local/lib/python3.8/site-packages/airflow/example_dags/example_latest_only_with_trigger.py
[2025-06-25T09:13:59.990+0000] {logging_mixin.py:188} INFO - [2025-06-25T09:13:59.990+0000] {dag.py:3036} INFO - Sync 1 DAGs
[2025-06-25T09:14:00.043+0000] {logging_mixin.py:188} INFO - [2025-06-25T09:14:00.043+0000] {dag.py:3823} INFO - Setting next_dagrun for latest_only_with_trigger to 2025-06-25 04:00:00+00:00, run_after=2025-06-25 08:00:00+00:00
[2025-06-25T09:14:00.089+0000] {processor.py:183} INFO - Processing /home/airflow/.local/lib/python3.8/site-packages/airflow/example_dags/example_latest_only_with_trigger.py took 0.167 seconds
[2025-06-25T09:14:30.875+0000] {processor.py:161} INFO - Started process (PID=1423) to work on /home/airflow/.local/lib/python3.8/site-packages/airflow/example_dags/example_latest_only_with_trigger.py
[2025-06-25T09:14:30.878+0000] {processor.py:830} INFO - Processing file /home/airflow/.local/lib/python3.8/site-packages/airflow/example_dags/example_latest_only_with_trigger.py for tasks to queue
[2025-06-25T09:14:30.881+0000] {logging_mixin.py:188} INFO - [2025-06-25T09:14:30.880+0000] {dagbag.py:538} INFO - Filling up the DagBag from /home/airflow/.local/lib/python3.8/site-packages/airflow/example_dags/example_latest_only_with_trigger.py
[2025-06-25T09:14:30.890+0000] {processor.py:840} INFO - DAG(s) 'latest_only_with_trigger' retrieved from /home/airflow/.local/lib/python3.8/site-packages/airflow/example_dags/example_latest_only_with_trigger.py
[2025-06-25T09:14:30.929+0000] {logging_mixin.py:188} INFO - [2025-06-25T09:14:30.929+0000] {dag.py:3036} INFO - Sync 1 DAGs
[2025-06-25T09:14:30.973+0000] {logging_mixin.py:188} INFO - [2025-06-25T09:14:30.972+0000] {dag.py:3823} INFO - Setting next_dagrun for latest_only_with_trigger to 2025-06-25 04:00:00+00:00, run_after=2025-06-25 08:00:00+00:00
[2025-06-25T09:14:31.012+0000] {processor.py:183} INFO - Processing /home/airflow/.local/lib/python3.8/site-packages/airflow/example_dags/example_latest_only_with_trigger.py took 0.142 seconds
[2025-06-25T09:15:02.567+0000] {processor.py:161} INFO - Started process (PID=1488) to work on /home/airflow/.local/lib/python3.8/site-packages/airflow/example_dags/example_latest_only_with_trigger.py
[2025-06-25T09:15:02.570+0000] {processor.py:830} INFO - Processing file /home/airflow/.local/lib/python3.8/site-packages/airflow/example_dags/example_latest_only_with_trigger.py for tasks to queue
[2025-06-25T09:15:02.574+0000] {logging_mixin.py:188} INFO - [2025-06-25T09:15:02.573+0000] {dagbag.py:538} INFO - Filling up the DagBag from /home/airflow/.local/lib/python3.8/site-packages/airflow/example_dags/example_latest_only_with_trigger.py
[2025-06-25T09:15:02.585+0000] {processor.py:840} INFO - DAG(s) 'latest_only_with_trigger' retrieved from /home/airflow/.local/lib/python3.8/site-packages/airflow/example_dags/example_latest_only_with_trigger.py
[2025-06-25T09:15:02.625+0000] {logging_mixin.py:188} INFO - [2025-06-25T09:15:02.625+0000] {dag.py:3036} INFO - Sync 1 DAGs
[2025-06-25T09:15:02.672+0000] {logging_mixin.py:188} INFO - [2025-06-25T09:15:02.672+0000] {dag.py:3823} INFO - Setting next_dagrun for latest_only_with_trigger to 2025-06-25 04:00:00+00:00, run_after=2025-06-25 08:00:00+00:00
[2025-06-25T09:15:02.713+0000] {processor.py:183} INFO - Processing /home/airflow/.local/lib/python3.8/site-packages/airflow/example_dags/example_latest_only_with_trigger.py took 0.152 seconds
[2025-06-25T09:15:33.154+0000] {processor.py:161} INFO - Started process (PID=1553) to work on /home/airflow/.local/lib/python3.8/site-packages/airflow/example_dags/example_latest_only_with_trigger.py
[2025-06-25T09:15:33.171+0000] {processor.py:830} INFO - Processing file /home/airflow/.local/lib/python3.8/site-packages/airflow/example_dags/example_latest_only_with_trigger.py for tasks to queue
[2025-06-25T09:15:33.181+0000] {logging_mixin.py:188} INFO - [2025-06-25T09:15:33.180+0000] {dagbag.py:538} INFO - Filling up the DagBag from /home/airflow/.local/lib/python3.8/site-packages/airflow/example_dags/example_latest_only_with_trigger.py
[2025-06-25T09:15:33.249+0000] {processor.py:840} INFO - DAG(s) 'latest_only_with_trigger' retrieved from /home/airflow/.local/lib/python3.8/site-packages/airflow/example_dags/example_latest_only_with_trigger.py
[2025-06-25T09:15:33.359+0000] {logging_mixin.py:188} INFO - [2025-06-25T09:15:33.358+0000] {dag.py:3036} INFO - Sync 1 DAGs
[2025-06-25T09:15:33.416+0000] {logging_mixin.py:188} INFO - [2025-06-25T09:15:33.416+0000] {dag.py:3823} INFO - Setting next_dagrun for latest_only_with_trigger to 2025-06-25 04:00:00+00:00, run_after=2025-06-25 08:00:00+00:00
[2025-06-25T09:15:33.492+0000] {processor.py:183} INFO - Processing /home/airflow/.local/lib/python3.8/site-packages/airflow/example_dags/example_latest_only_with_trigger.py took 0.353 seconds
[2025-06-25T09:16:03.574+0000] {processor.py:161} INFO - Started process (PID=1610) to work on /home/airflow/.local/lib/python3.8/site-packages/airflow/example_dags/example_latest_only_with_trigger.py
[2025-06-25T09:16:03.577+0000] {processor.py:830} INFO - Processing file /home/airflow/.local/lib/python3.8/site-packages/airflow/example_dags/example_latest_only_with_trigger.py for tasks to queue
[2025-06-25T09:16:03.580+0000] {logging_mixin.py:188} INFO - [2025-06-25T09:16:03.580+0000] {dagbag.py:538} INFO - Filling up the DagBag from /home/airflow/.local/lib/python3.8/site-packages/airflow/example_dags/example_latest_only_with_trigger.py
[2025-06-25T09:16:03.592+0000] {processor.py:840} INFO - DAG(s) 'latest_only_with_trigger' retrieved from /home/airflow/.local/lib/python3.8/site-packages/airflow/example_dags/example_latest_only_with_trigger.py
[2025-06-25T09:16:03.636+0000] {logging_mixin.py:188} INFO - [2025-06-25T09:16:03.636+0000] {dag.py:3036} INFO - Sync 1 DAGs
[2025-06-25T09:16:03.690+0000] {logging_mixin.py:188} INFO - [2025-06-25T09:16:03.690+0000] {dag.py:3823} INFO - Setting next_dagrun for latest_only_with_trigger to 2025-06-25 04:00:00+00:00, run_after=2025-06-25 08:00:00+00:00
[2025-06-25T09:16:03.734+0000] {processor.py:183} INFO - Processing /home/airflow/.local/lib/python3.8/site-packages/airflow/example_dags/example_latest_only_with_trigger.py took 0.167 seconds
[2025-06-25T09:16:34.290+0000] {processor.py:161} INFO - Started process (PID=1674) to work on /home/airflow/.local/lib/python3.8/site-packages/airflow/example_dags/example_latest_only_with_trigger.py
[2025-06-25T09:16:34.292+0000] {processor.py:830} INFO - Processing file /home/airflow/.local/lib/python3.8/site-packages/airflow/example_dags/example_latest_only_with_trigger.py for tasks to queue
[2025-06-25T09:16:34.297+0000] {logging_mixin.py:188} INFO - [2025-06-25T09:16:34.296+0000] {dagbag.py:538} INFO - Filling up the DagBag from /home/airflow/.local/lib/python3.8/site-packages/airflow/example_dags/example_latest_only_with_trigger.py
[2025-06-25T09:16:34.312+0000] {processor.py:840} INFO - DAG(s) 'latest_only_with_trigger' retrieved from /home/airflow/.local/lib/python3.8/site-packages/airflow/example_dags/example_latest_only_with_trigger.py
[2025-06-25T09:16:34.361+0000] {logging_mixin.py:188} INFO - [2025-06-25T09:16:34.361+0000] {dag.py:3036} INFO - Sync 1 DAGs
[2025-06-25T09:16:34.413+0000] {logging_mixin.py:188} INFO - [2025-06-25T09:16:34.412+0000] {dag.py:3823} INFO - Setting next_dagrun for latest_only_with_trigger to 2025-06-25 04:00:00+00:00, run_after=2025-06-25 08:00:00+00:00
[2025-06-25T09:16:34.455+0000] {processor.py:183} INFO - Processing /home/airflow/.local/lib/python3.8/site-packages/airflow/example_dags/example_latest_only_with_trigger.py took 0.173 seconds
[2025-06-25T09:17:04.960+0000] {processor.py:161} INFO - Started process (PID=1739) to work on /home/airflow/.local/lib/python3.8/site-packages/airflow/example_dags/example_latest_only_with_trigger.py
[2025-06-25T09:17:04.962+0000] {processor.py:830} INFO - Processing file /home/airflow/.local/lib/python3.8/site-packages/airflow/example_dags/example_latest_only_with_trigger.py for tasks to queue
[2025-06-25T09:17:04.966+0000] {logging_mixin.py:188} INFO - [2025-06-25T09:17:04.965+0000] {dagbag.py:538} INFO - Filling up the DagBag from /home/airflow/.local/lib/python3.8/site-packages/airflow/example_dags/example_latest_only_with_trigger.py
[2025-06-25T09:17:04.977+0000] {processor.py:840} INFO - DAG(s) 'latest_only_with_trigger' retrieved from /home/airflow/.local/lib/python3.8/site-packages/airflow/example_dags/example_latest_only_with_trigger.py
[2025-06-25T09:17:05.023+0000] {logging_mixin.py:188} INFO - [2025-06-25T09:17:05.022+0000] {dag.py:3036} INFO - Sync 1 DAGs
[2025-06-25T09:17:05.076+0000] {logging_mixin.py:188} INFO - [2025-06-25T09:17:05.075+0000] {dag.py:3823} INFO - Setting next_dagrun for latest_only_with_trigger to 2025-06-25 04:00:00+00:00, run_after=2025-06-25 08:00:00+00:00
[2025-06-25T09:17:05.118+0000] {processor.py:183} INFO - Processing /home/airflow/.local/lib/python3.8/site-packages/airflow/example_dags/example_latest_only_with_trigger.py took 0.164 seconds
[2025-06-25T09:17:36.276+0000] {processor.py:161} INFO - Started process (PID=1805) to work on /home/airflow/.local/lib/python3.8/site-packages/airflow/example_dags/example_latest_only_with_trigger.py
[2025-06-25T09:17:36.279+0000] {processor.py:830} INFO - Processing file /home/airflow/.local/lib/python3.8/site-packages/airflow/example_dags/example_latest_only_with_trigger.py for tasks to queue
[2025-06-25T09:17:36.282+0000] {logging_mixin.py:188} INFO - [2025-06-25T09:17:36.282+0000] {dagbag.py:538} INFO - Filling up the DagBag from /home/airflow/.local/lib/python3.8/site-packages/airflow/example_dags/example_latest_only_with_trigger.py
[2025-06-25T09:17:36.293+0000] {processor.py:840} INFO - DAG(s) 'latest_only_with_trigger' retrieved from /home/airflow/.local/lib/python3.8/site-packages/airflow/example_dags/example_latest_only_with_trigger.py
[2025-06-25T09:17:36.336+0000] {logging_mixin.py:188} INFO - [2025-06-25T09:17:36.336+0000] {dag.py:3036} INFO - Sync 1 DAGs
[2025-06-25T09:17:36.384+0000] {logging_mixin.py:188} INFO - [2025-06-25T09:17:36.384+0000] {dag.py:3823} INFO - Setting next_dagrun for latest_only_with_trigger to 2025-06-25 04:00:00+00:00, run_after=2025-06-25 08:00:00+00:00
[2025-06-25T09:17:36.423+0000] {processor.py:183} INFO - Processing /home/airflow/.local/lib/python3.8/site-packages/airflow/example_dags/example_latest_only_with_trigger.py took 0.153 seconds
[2025-06-25T09:18:06.823+0000] {processor.py:161} INFO - Started process (PID=1869) to work on /home/airflow/.local/lib/python3.8/site-packages/airflow/example_dags/example_latest_only_with_trigger.py
[2025-06-25T09:18:06.825+0000] {processor.py:830} INFO - Processing file /home/airflow/.local/lib/python3.8/site-packages/airflow/example_dags/example_latest_only_with_trigger.py for tasks to queue
[2025-06-25T09:18:06.828+0000] {logging_mixin.py:188} INFO - [2025-06-25T09:18:06.828+0000] {dagbag.py:538} INFO - Filling up the DagBag from /home/airflow/.local/lib/python3.8/site-packages/airflow/example_dags/example_latest_only_with_trigger.py
[2025-06-25T09:18:06.840+0000] {processor.py:840} INFO - DAG(s) 'latest_only_with_trigger' retrieved from /home/airflow/.local/lib/python3.8/site-packages/airflow/example_dags/example_latest_only_with_trigger.py
[2025-06-25T09:18:06.889+0000] {logging_mixin.py:188} INFO - [2025-06-25T09:18:06.889+0000] {dag.py:3036} INFO - Sync 1 DAGs
[2025-06-25T09:18:06.940+0000] {logging_mixin.py:188} INFO - [2025-06-25T09:18:06.940+0000] {dag.py:3823} INFO - Setting next_dagrun for latest_only_with_trigger to 2025-06-25 04:00:00+00:00, run_after=2025-06-25 08:00:00+00:00
[2025-06-25T09:18:06.977+0000] {processor.py:183} INFO - Processing /home/airflow/.local/lib/python3.8/site-packages/airflow/example_dags/example_latest_only_with_trigger.py took 0.160 seconds
[2025-06-25T09:18:38.041+0000] {processor.py:161} INFO - Started process (PID=1935) to work on /home/airflow/.local/lib/python3.8/site-packages/airflow/example_dags/example_latest_only_with_trigger.py
[2025-06-25T09:18:38.044+0000] {processor.py:830} INFO - Processing file /home/airflow/.local/lib/python3.8/site-packages/airflow/example_dags/example_latest_only_with_trigger.py for tasks to queue
[2025-06-25T09:18:38.048+0000] {logging_mixin.py:188} INFO - [2025-06-25T09:18:38.047+0000] {dagbag.py:538} INFO - Filling up the DagBag from /home/airflow/.local/lib/python3.8/site-packages/airflow/example_dags/example_latest_only_with_trigger.py
[2025-06-25T09:18:38.061+0000] {processor.py:840} INFO - DAG(s) 'latest_only_with_trigger' retrieved from /home/airflow/.local/lib/python3.8/site-packages/airflow/example_dags/example_latest_only_with_trigger.py
[2025-06-25T09:18:38.110+0000] {logging_mixin.py:188} INFO - [2025-06-25T09:18:38.109+0000] {dag.py:3036} INFO - Sync 1 DAGs
[2025-06-25T09:18:38.154+0000] {logging_mixin.py:188} INFO - [2025-06-25T09:18:38.153+0000] {dag.py:3823} INFO - Setting next_dagrun for latest_only_with_trigger to 2025-06-25 04:00:00+00:00, run_after=2025-06-25 08:00:00+00:00
[2025-06-25T09:18:38.191+0000] {processor.py:183} INFO - Processing /home/airflow/.local/lib/python3.8/site-packages/airflow/example_dags/example_latest_only_with_trigger.py took 0.162 seconds
[2025-06-25T09:19:08.823+0000] {processor.py:161} INFO - Started process (PID=2000) to work on /home/airflow/.local/lib/python3.8/site-packages/airflow/example_dags/example_latest_only_with_trigger.py
[2025-06-25T09:19:08.824+0000] {processor.py:830} INFO - Processing file /home/airflow/.local/lib/python3.8/site-packages/airflow/example_dags/example_latest_only_with_trigger.py for tasks to queue
[2025-06-25T09:19:08.827+0000] {logging_mixin.py:188} INFO - [2025-06-25T09:19:08.827+0000] {dagbag.py:538} INFO - Filling up the DagBag from /home/airflow/.local/lib/python3.8/site-packages/airflow/example_dags/example_latest_only_with_trigger.py
[2025-06-25T09:19:08.838+0000] {processor.py:840} INFO - DAG(s) 'latest_only_with_trigger' retrieved from /home/airflow/.local/lib/python3.8/site-packages/airflow/example_dags/example_latest_only_with_trigger.py
[2025-06-25T09:19:08.877+0000] {logging_mixin.py:188} INFO - [2025-06-25T09:19:08.877+0000] {dag.py:3036} INFO - Sync 1 DAGs
[2025-06-25T09:19:08.920+0000] {logging_mixin.py:188} INFO - [2025-06-25T09:19:08.919+0000] {dag.py:3823} INFO - Setting next_dagrun for latest_only_with_trigger to 2025-06-25 04:00:00+00:00, run_after=2025-06-25 08:00:00+00:00
[2025-06-25T09:19:08.954+0000] {processor.py:183} INFO - Processing /home/airflow/.local/lib/python3.8/site-packages/airflow/example_dags/example_latest_only_with_trigger.py took 0.136 seconds
[2025-06-25T09:19:39.313+0000] {processor.py:161} INFO - Started process (PID=2065) to work on /home/airflow/.local/lib/python3.8/site-packages/airflow/example_dags/example_latest_only_with_trigger.py
[2025-06-25T09:19:39.316+0000] {processor.py:830} INFO - Processing file /home/airflow/.local/lib/python3.8/site-packages/airflow/example_dags/example_latest_only_with_trigger.py for tasks to queue
[2025-06-25T09:19:39.319+0000] {logging_mixin.py:188} INFO - [2025-06-25T09:19:39.318+0000] {dagbag.py:538} INFO - Filling up the DagBag from /home/airflow/.local/lib/python3.8/site-packages/airflow/example_dags/example_latest_only_with_trigger.py
[2025-06-25T09:19:39.331+0000] {processor.py:840} INFO - DAG(s) 'latest_only_with_trigger' retrieved from /home/airflow/.local/lib/python3.8/site-packages/airflow/example_dags/example_latest_only_with_trigger.py
[2025-06-25T09:19:39.372+0000] {logging_mixin.py:188} INFO - [2025-06-25T09:19:39.372+0000] {dag.py:3036} INFO - Sync 1 DAGs
[2025-06-25T09:19:39.433+0000] {logging_mixin.py:188} INFO - [2025-06-25T09:19:39.433+0000] {dag.py:3823} INFO - Setting next_dagrun for latest_only_with_trigger to 2025-06-25 04:00:00+00:00, run_after=2025-06-25 08:00:00+00:00
[2025-06-25T09:19:39.487+0000] {processor.py:183} INFO - Processing /home/airflow/.local/lib/python3.8/site-packages/airflow/example_dags/example_latest_only_with_trigger.py took 0.180 seconds
[2025-06-25T09:20:10.112+0000] {processor.py:161} INFO - Started process (PID=2137) to work on /home/airflow/.local/lib/python3.8/site-packages/airflow/example_dags/example_latest_only_with_trigger.py
[2025-06-25T09:20:10.114+0000] {processor.py:830} INFO - Processing file /home/airflow/.local/lib/python3.8/site-packages/airflow/example_dags/example_latest_only_with_trigger.py for tasks to queue
[2025-06-25T09:20:10.116+0000] {logging_mixin.py:188} INFO - [2025-06-25T09:20:10.116+0000] {dagbag.py:538} INFO - Filling up the DagBag from /home/airflow/.local/lib/python3.8/site-packages/airflow/example_dags/example_latest_only_with_trigger.py
[2025-06-25T09:20:10.125+0000] {processor.py:840} INFO - DAG(s) 'latest_only_with_trigger' retrieved from /home/airflow/.local/lib/python3.8/site-packages/airflow/example_dags/example_latest_only_with_trigger.py
[2025-06-25T09:20:10.157+0000] {logging_mixin.py:188} INFO - [2025-06-25T09:20:10.157+0000] {dag.py:3036} INFO - Sync 1 DAGs
[2025-06-25T09:20:10.193+0000] {logging_mixin.py:188} INFO - [2025-06-25T09:20:10.193+0000] {dag.py:3823} INFO - Setting next_dagrun for latest_only_with_trigger to 2025-06-25 04:00:00+00:00, run_after=2025-06-25 08:00:00+00:00
[2025-06-25T09:20:10.223+0000] {processor.py:183} INFO - Processing /home/airflow/.local/lib/python3.8/site-packages/airflow/example_dags/example_latest_only_with_trigger.py took 0.115 seconds
[2025-06-25T09:20:41.141+0000] {processor.py:161} INFO - Started process (PID=2203) to work on /home/airflow/.local/lib/python3.8/site-packages/airflow/example_dags/example_latest_only_with_trigger.py
[2025-06-25T09:20:41.143+0000] {processor.py:830} INFO - Processing file /home/airflow/.local/lib/python3.8/site-packages/airflow/example_dags/example_latest_only_with_trigger.py for tasks to queue
[2025-06-25T09:20:41.147+0000] {logging_mixin.py:188} INFO - [2025-06-25T09:20:41.147+0000] {dagbag.py:538} INFO - Filling up the DagBag from /home/airflow/.local/lib/python3.8/site-packages/airflow/example_dags/example_latest_only_with_trigger.py
[2025-06-25T09:20:41.156+0000] {processor.py:840} INFO - DAG(s) 'latest_only_with_trigger' retrieved from /home/airflow/.local/lib/python3.8/site-packages/airflow/example_dags/example_latest_only_with_trigger.py
[2025-06-25T09:20:41.194+0000] {logging_mixin.py:188} INFO - [2025-06-25T09:20:41.193+0000] {dag.py:3036} INFO - Sync 1 DAGs
[2025-06-25T09:20:41.232+0000] {logging_mixin.py:188} INFO - [2025-06-25T09:20:41.231+0000] {dag.py:3823} INFO - Setting next_dagrun for latest_only_with_trigger to 2025-06-25 04:00:00+00:00, run_after=2025-06-25 08:00:00+00:00
[2025-06-25T09:20:41.259+0000] {processor.py:183} INFO - Processing /home/airflow/.local/lib/python3.8/site-packages/airflow/example_dags/example_latest_only_with_trigger.py took 0.123 seconds
[2025-06-25T09:21:11.579+0000] {processor.py:161} INFO - Started process (PID=2268) to work on /home/airflow/.local/lib/python3.8/site-packages/airflow/example_dags/example_latest_only_with_trigger.py
[2025-06-25T09:21:11.580+0000] {processor.py:830} INFO - Processing file /home/airflow/.local/lib/python3.8/site-packages/airflow/example_dags/example_latest_only_with_trigger.py for tasks to queue
[2025-06-25T09:21:11.583+0000] {logging_mixin.py:188} INFO - [2025-06-25T09:21:11.583+0000] {dagbag.py:538} INFO - Filling up the DagBag from /home/airflow/.local/lib/python3.8/site-packages/airflow/example_dags/example_latest_only_with_trigger.py
[2025-06-25T09:21:11.592+0000] {processor.py:840} INFO - DAG(s) 'latest_only_with_trigger' retrieved from /home/airflow/.local/lib/python3.8/site-packages/airflow/example_dags/example_latest_only_with_trigger.py
[2025-06-25T09:21:11.640+0000] {logging_mixin.py:188} INFO - [2025-06-25T09:21:11.640+0000] {dag.py:3036} INFO - Sync 1 DAGs
[2025-06-25T09:21:11.683+0000] {logging_mixin.py:188} INFO - [2025-06-25T09:21:11.683+0000] {dag.py:3823} INFO - Setting next_dagrun for latest_only_with_trigger to 2025-06-25 04:00:00+00:00, run_after=2025-06-25 08:00:00+00:00
[2025-06-25T09:21:11.716+0000] {processor.py:183} INFO - Processing /home/airflow/.local/lib/python3.8/site-packages/airflow/example_dags/example_latest_only_with_trigger.py took 0.143 seconds
