[2025-06-25T09:04:11.138+0000] {processor.py:161} INFO - Started process (PID=87) to work on /home/airflow/.local/lib/python3.8/site-packages/airflow/example_dags/example_xcomargs.py
[2025-06-25T09:04:11.149+0000] {processor.py:830} INFO - Processing file /home/airflow/.local/lib/python3.8/site-packages/airflow/example_dags/example_xcomargs.py for tasks to queue
[2025-06-25T09:04:11.151+0000] {logging_mixin.py:188} INFO - [2025-06-25T09:04:11.151+0000] {dagbag.py:538} INFO - Filling up the DagBag from /home/airflow/.local/lib/python3.8/site-packages/airflow/example_dags/example_xcomargs.py
[2025-06-25T09:04:11.178+0000] {processor.py:840} INFO - DAG(s) 'example_xcom_args_with_operators', 'example_xcom_args' retrieved from /home/airflow/.local/lib/python3.8/site-packages/airflow/example_dags/example_xcomargs.py
[2025-06-25T09:04:11.266+0000] {logging_mixin.py:188} INFO - [2025-06-25T09:04:11.266+0000] {dag.py:3036} INFO - Sync 2 DAGs
[2025-06-25T09:04:11.316+0000] {logging_mixin.py:188} INFO - [2025-06-25T09:04:11.316+0000] {dag.py:3823} INFO - Setting next_dagrun for example_xcom_args to None, run_after=None
[2025-06-25T09:04:11.324+0000] {logging_mixin.py:188} INFO - [2025-06-25T09:04:11.324+0000] {dag.py:3823} INFO - Setting next_dagrun for example_xcom_args_with_operators to None, run_after=None
[2025-06-25T09:04:11.367+0000] {processor.py:183} INFO - Processing /home/airflow/.local/lib/python3.8/site-packages/airflow/example_dags/example_xcomargs.py took 0.234 seconds
[2025-06-25T09:04:41.466+0000] {processor.py:161} INFO - Started process (PID=151) to work on /home/airflow/.local/lib/python3.8/site-packages/airflow/example_dags/example_xcomargs.py
[2025-06-25T09:04:41.468+0000] {processor.py:830} INFO - Processing file /home/airflow/.local/lib/python3.8/site-packages/airflow/example_dags/example_xcomargs.py for tasks to queue
[2025-06-25T09:04:41.471+0000] {logging_mixin.py:188} INFO - [2025-06-25T09:04:41.470+0000] {dagbag.py:538} INFO - Filling up the DagBag from /home/airflow/.local/lib/python3.8/site-packages/airflow/example_dags/example_xcomargs.py
[2025-06-25T09:04:41.487+0000] {processor.py:840} INFO - DAG(s) 'example_xcom_args_with_operators', 'example_xcom_args' retrieved from /home/airflow/.local/lib/python3.8/site-packages/airflow/example_dags/example_xcomargs.py
[2025-06-25T09:04:41.530+0000] {logging_mixin.py:188} INFO - [2025-06-25T09:04:41.529+0000] {dag.py:3036} INFO - Sync 2 DAGs
[2025-06-25T09:04:41.554+0000] {logging_mixin.py:188} INFO - [2025-06-25T09:04:41.554+0000] {dag.py:3823} INFO - Setting next_dagrun for example_xcom_args to None, run_after=None
[2025-06-25T09:04:41.560+0000] {logging_mixin.py:188} INFO - [2025-06-25T09:04:41.560+0000] {dag.py:3823} INFO - Setting next_dagrun for example_xcom_args_with_operators to None, run_after=None
[2025-06-25T09:04:41.590+0000] {processor.py:183} INFO - Processing /home/airflow/.local/lib/python3.8/site-packages/airflow/example_dags/example_xcomargs.py took 0.129 seconds
[2025-06-25T09:05:11.644+0000] {processor.py:161} INFO - Started process (PID=216) to work on /home/airflow/.local/lib/python3.8/site-packages/airflow/example_dags/example_xcomargs.py
[2025-06-25T09:05:11.646+0000] {processor.py:830} INFO - Processing file /home/airflow/.local/lib/python3.8/site-packages/airflow/example_dags/example_xcomargs.py for tasks to queue
[2025-06-25T09:05:11.648+0000] {logging_mixin.py:188} INFO - [2025-06-25T09:05:11.647+0000] {dagbag.py:538} INFO - Filling up the DagBag from /home/airflow/.local/lib/python3.8/site-packages/airflow/example_dags/example_xcomargs.py
[2025-06-25T09:05:11.659+0000] {processor.py:840} INFO - DAG(s) 'example_xcom_args', 'example_xcom_args_with_operators' retrieved from /home/airflow/.local/lib/python3.8/site-packages/airflow/example_dags/example_xcomargs.py
[2025-06-25T09:05:11.695+0000] {logging_mixin.py:188} INFO - [2025-06-25T09:05:11.694+0000] {dag.py:3036} INFO - Sync 2 DAGs
[2025-06-25T09:05:11.719+0000] {logging_mixin.py:188} INFO - [2025-06-25T09:05:11.718+0000] {dag.py:3823} INFO - Setting next_dagrun for example_xcom_args to None, run_after=None
[2025-06-25T09:05:11.725+0000] {logging_mixin.py:188} INFO - [2025-06-25T09:05:11.725+0000] {dag.py:3823} INFO - Setting next_dagrun for example_xcom_args_with_operators to None, run_after=None
[2025-06-25T09:05:11.765+0000] {processor.py:183} INFO - Processing /home/airflow/.local/lib/python3.8/site-packages/airflow/example_dags/example_xcomargs.py took 0.126 seconds
[2025-06-25T09:05:41.934+0000] {processor.py:161} INFO - Started process (PID=282) to work on /home/airflow/.local/lib/python3.8/site-packages/airflow/example_dags/example_xcomargs.py
[2025-06-25T09:05:41.936+0000] {processor.py:830} INFO - Processing file /home/airflow/.local/lib/python3.8/site-packages/airflow/example_dags/example_xcomargs.py for tasks to queue
[2025-06-25T09:05:41.938+0000] {logging_mixin.py:188} INFO - [2025-06-25T09:05:41.937+0000] {dagbag.py:538} INFO - Filling up the DagBag from /home/airflow/.local/lib/python3.8/site-packages/airflow/example_dags/example_xcomargs.py
[2025-06-25T09:05:41.949+0000] {processor.py:840} INFO - DAG(s) 'example_xcom_args', 'example_xcom_args_with_operators' retrieved from /home/airflow/.local/lib/python3.8/site-packages/airflow/example_dags/example_xcomargs.py
[2025-06-25T09:05:41.985+0000] {logging_mixin.py:188} INFO - [2025-06-25T09:05:41.984+0000] {dag.py:3036} INFO - Sync 2 DAGs
[2025-06-25T09:05:42.005+0000] {logging_mixin.py:188} INFO - [2025-06-25T09:05:42.005+0000] {dag.py:3823} INFO - Setting next_dagrun for example_xcom_args to None, run_after=None
[2025-06-25T09:05:42.011+0000] {logging_mixin.py:188} INFO - [2025-06-25T09:05:42.010+0000] {dag.py:3823} INFO - Setting next_dagrun for example_xcom_args_with_operators to None, run_after=None
[2025-06-25T09:05:42.034+0000] {processor.py:183} INFO - Processing /home/airflow/.local/lib/python3.8/site-packages/airflow/example_dags/example_xcomargs.py took 0.105 seconds
[2025-06-25T09:06:12.956+0000] {processor.py:161} INFO - Started process (PID=349) to work on /home/airflow/.local/lib/python3.8/site-packages/airflow/example_dags/example_xcomargs.py
[2025-06-25T09:06:12.957+0000] {processor.py:830} INFO - Processing file /home/airflow/.local/lib/python3.8/site-packages/airflow/example_dags/example_xcomargs.py for tasks to queue
[2025-06-25T09:06:12.959+0000] {logging_mixin.py:188} INFO - [2025-06-25T09:06:12.959+0000] {dagbag.py:538} INFO - Filling up the DagBag from /home/airflow/.local/lib/python3.8/site-packages/airflow/example_dags/example_xcomargs.py
[2025-06-25T09:06:12.970+0000] {processor.py:840} INFO - DAG(s) 'example_xcom_args', 'example_xcom_args_with_operators' retrieved from /home/airflow/.local/lib/python3.8/site-packages/airflow/example_dags/example_xcomargs.py
[2025-06-25T09:06:13.006+0000] {logging_mixin.py:188} INFO - [2025-06-25T09:06:13.005+0000] {dag.py:3036} INFO - Sync 2 DAGs
[2025-06-25T09:06:13.025+0000] {logging_mixin.py:188} INFO - [2025-06-25T09:06:13.025+0000] {dag.py:3823} INFO - Setting next_dagrun for example_xcom_args to None, run_after=None
[2025-06-25T09:06:13.031+0000] {logging_mixin.py:188} INFO - [2025-06-25T09:06:13.030+0000] {dag.py:3823} INFO - Setting next_dagrun for example_xcom_args_with_operators to None, run_after=None
[2025-06-25T09:06:13.055+0000] {processor.py:183} INFO - Processing /home/airflow/.local/lib/python3.8/site-packages/airflow/example_dags/example_xcomargs.py took 0.104 seconds
[2025-06-25T09:06:43.714+0000] {processor.py:161} INFO - Started process (PID=414) to work on /home/airflow/.local/lib/python3.8/site-packages/airflow/example_dags/example_xcomargs.py
[2025-06-25T09:06:43.716+0000] {processor.py:830} INFO - Processing file /home/airflow/.local/lib/python3.8/site-packages/airflow/example_dags/example_xcomargs.py for tasks to queue
[2025-06-25T09:06:43.719+0000] {logging_mixin.py:188} INFO - [2025-06-25T09:06:43.718+0000] {dagbag.py:538} INFO - Filling up the DagBag from /home/airflow/.local/lib/python3.8/site-packages/airflow/example_dags/example_xcomargs.py
[2025-06-25T09:06:43.733+0000] {processor.py:840} INFO - DAG(s) 'example_xcom_args_with_operators', 'example_xcom_args' retrieved from /home/airflow/.local/lib/python3.8/site-packages/airflow/example_dags/example_xcomargs.py
[2025-06-25T09:06:43.778+0000] {logging_mixin.py:188} INFO - [2025-06-25T09:06:43.777+0000] {dag.py:3036} INFO - Sync 2 DAGs
[2025-06-25T09:06:43.800+0000] {logging_mixin.py:188} INFO - [2025-06-25T09:06:43.800+0000] {dag.py:3823} INFO - Setting next_dagrun for example_xcom_args to None, run_after=None
[2025-06-25T09:06:43.807+0000] {logging_mixin.py:188} INFO - [2025-06-25T09:06:43.807+0000] {dag.py:3823} INFO - Setting next_dagrun for example_xcom_args_with_operators to None, run_after=None
[2025-06-25T09:06:43.838+0000] {processor.py:183} INFO - Processing /home/airflow/.local/lib/python3.8/site-packages/airflow/example_dags/example_xcomargs.py took 0.130 seconds
[2025-06-25T09:07:14.107+0000] {processor.py:161} INFO - Started process (PID=479) to work on /home/airflow/.local/lib/python3.8/site-packages/airflow/example_dags/example_xcomargs.py
[2025-06-25T09:07:14.108+0000] {processor.py:830} INFO - Processing file /home/airflow/.local/lib/python3.8/site-packages/airflow/example_dags/example_xcomargs.py for tasks to queue
[2025-06-25T09:07:14.110+0000] {logging_mixin.py:188} INFO - [2025-06-25T09:07:14.110+0000] {dagbag.py:538} INFO - Filling up the DagBag from /home/airflow/.local/lib/python3.8/site-packages/airflow/example_dags/example_xcomargs.py
[2025-06-25T09:07:14.121+0000] {processor.py:840} INFO - DAG(s) 'example_xcom_args_with_operators', 'example_xcom_args' retrieved from /home/airflow/.local/lib/python3.8/site-packages/airflow/example_dags/example_xcomargs.py
[2025-06-25T09:07:14.156+0000] {logging_mixin.py:188} INFO - [2025-06-25T09:07:14.155+0000] {dag.py:3036} INFO - Sync 2 DAGs
[2025-06-25T09:07:14.174+0000] {logging_mixin.py:188} INFO - [2025-06-25T09:07:14.174+0000] {dag.py:3823} INFO - Setting next_dagrun for example_xcom_args to None, run_after=None
[2025-06-25T09:07:14.180+0000] {logging_mixin.py:188} INFO - [2025-06-25T09:07:14.179+0000] {dag.py:3823} INFO - Setting next_dagrun for example_xcom_args_with_operators to None, run_after=None
[2025-06-25T09:07:14.202+0000] {processor.py:183} INFO - Processing /home/airflow/.local/lib/python3.8/site-packages/airflow/example_dags/example_xcomargs.py took 0.100 seconds
[2025-06-25T09:07:44.899+0000] {processor.py:161} INFO - Started process (PID=544) to work on /home/airflow/.local/lib/python3.8/site-packages/airflow/example_dags/example_xcomargs.py
[2025-06-25T09:07:44.901+0000] {processor.py:830} INFO - Processing file /home/airflow/.local/lib/python3.8/site-packages/airflow/example_dags/example_xcomargs.py for tasks to queue
[2025-06-25T09:07:44.904+0000] {logging_mixin.py:188} INFO - [2025-06-25T09:07:44.904+0000] {dagbag.py:538} INFO - Filling up the DagBag from /home/airflow/.local/lib/python3.8/site-packages/airflow/example_dags/example_xcomargs.py
[2025-06-25T09:07:44.920+0000] {processor.py:840} INFO - DAG(s) 'example_xcom_args_with_operators', 'example_xcom_args' retrieved from /home/airflow/.local/lib/python3.8/site-packages/airflow/example_dags/example_xcomargs.py
[2025-06-25T09:07:44.958+0000] {logging_mixin.py:188} INFO - [2025-06-25T09:07:44.958+0000] {dag.py:3036} INFO - Sync 2 DAGs
[2025-06-25T09:07:44.981+0000] {logging_mixin.py:188} INFO - [2025-06-25T09:07:44.981+0000] {dag.py:3823} INFO - Setting next_dagrun for example_xcom_args to None, run_after=None
[2025-06-25T09:07:44.987+0000] {logging_mixin.py:188} INFO - [2025-06-25T09:07:44.987+0000] {dag.py:3823} INFO - Setting next_dagrun for example_xcom_args_with_operators to None, run_after=None
[2025-06-25T09:07:45.013+0000] {processor.py:183} INFO - Processing /home/airflow/.local/lib/python3.8/site-packages/airflow/example_dags/example_xcomargs.py took 0.119 seconds
[2025-06-25T09:08:15.461+0000] {processor.py:161} INFO - Started process (PID=619) to work on /home/airflow/.local/lib/python3.8/site-packages/airflow/example_dags/example_xcomargs.py
[2025-06-25T09:08:15.463+0000] {processor.py:830} INFO - Processing file /home/airflow/.local/lib/python3.8/site-packages/airflow/example_dags/example_xcomargs.py for tasks to queue
[2025-06-25T09:08:15.466+0000] {logging_mixin.py:188} INFO - [2025-06-25T09:08:15.466+0000] {dagbag.py:538} INFO - Filling up the DagBag from /home/airflow/.local/lib/python3.8/site-packages/airflow/example_dags/example_xcomargs.py
[2025-06-25T09:08:15.479+0000] {processor.py:840} INFO - DAG(s) 'example_xcom_args', 'example_xcom_args_with_operators' retrieved from /home/airflow/.local/lib/python3.8/site-packages/airflow/example_dags/example_xcomargs.py
[2025-06-25T09:08:15.516+0000] {logging_mixin.py:188} INFO - [2025-06-25T09:08:15.515+0000] {dag.py:3036} INFO - Sync 2 DAGs
[2025-06-25T09:08:15.535+0000] {logging_mixin.py:188} INFO - [2025-06-25T09:08:15.535+0000] {dag.py:3823} INFO - Setting next_dagrun for example_xcom_args to None, run_after=None
[2025-06-25T09:08:15.541+0000] {logging_mixin.py:188} INFO - [2025-06-25T09:08:15.540+0000] {dag.py:3823} INFO - Setting next_dagrun for example_xcom_args_with_operators to None, run_after=None
[2025-06-25T09:08:15.565+0000] {processor.py:183} INFO - Processing /home/airflow/.local/lib/python3.8/site-packages/airflow/example_dags/example_xcomargs.py took 0.110 seconds
[2025-06-25T09:08:46.222+0000] {processor.py:161} INFO - Started process (PID=683) to work on /home/airflow/.local/lib/python3.8/site-packages/airflow/example_dags/example_xcomargs.py
[2025-06-25T09:08:46.224+0000] {processor.py:830} INFO - Processing file /home/airflow/.local/lib/python3.8/site-packages/airflow/example_dags/example_xcomargs.py for tasks to queue
[2025-06-25T09:08:46.226+0000] {logging_mixin.py:188} INFO - [2025-06-25T09:08:46.226+0000] {dagbag.py:538} INFO - Filling up the DagBag from /home/airflow/.local/lib/python3.8/site-packages/airflow/example_dags/example_xcomargs.py
[2025-06-25T09:08:46.240+0000] {processor.py:840} INFO - DAG(s) 'example_xcom_args_with_operators', 'example_xcom_args' retrieved from /home/airflow/.local/lib/python3.8/site-packages/airflow/example_dags/example_xcomargs.py
[2025-06-25T09:08:46.287+0000] {logging_mixin.py:188} INFO - [2025-06-25T09:08:46.286+0000] {dag.py:3036} INFO - Sync 2 DAGs
[2025-06-25T09:08:46.310+0000] {logging_mixin.py:188} INFO - [2025-06-25T09:08:46.309+0000] {dag.py:3823} INFO - Setting next_dagrun for example_xcom_args to None, run_after=None
[2025-06-25T09:08:46.316+0000] {logging_mixin.py:188} INFO - [2025-06-25T09:08:46.316+0000] {dag.py:3823} INFO - Setting next_dagrun for example_xcom_args_with_operators to None, run_after=None
[2025-06-25T09:08:46.346+0000] {processor.py:183} INFO - Processing /home/airflow/.local/lib/python3.8/site-packages/airflow/example_dags/example_xcomargs.py took 0.130 seconds
[2025-06-25T09:09:16.918+0000] {processor.py:161} INFO - Started process (PID=748) to work on /home/airflow/.local/lib/python3.8/site-packages/airflow/example_dags/example_xcomargs.py
[2025-06-25T09:09:16.920+0000] {processor.py:830} INFO - Processing file /home/airflow/.local/lib/python3.8/site-packages/airflow/example_dags/example_xcomargs.py for tasks to queue
[2025-06-25T09:09:16.923+0000] {logging_mixin.py:188} INFO - [2025-06-25T09:09:16.922+0000] {dagbag.py:538} INFO - Filling up the DagBag from /home/airflow/.local/lib/python3.8/site-packages/airflow/example_dags/example_xcomargs.py
[2025-06-25T09:09:16.935+0000] {processor.py:840} INFO - DAG(s) 'example_xcom_args', 'example_xcom_args_with_operators' retrieved from /home/airflow/.local/lib/python3.8/site-packages/airflow/example_dags/example_xcomargs.py
[2025-06-25T09:09:16.976+0000] {logging_mixin.py:188} INFO - [2025-06-25T09:09:16.975+0000] {dag.py:3036} INFO - Sync 2 DAGs
[2025-06-25T09:09:16.996+0000] {logging_mixin.py:188} INFO - [2025-06-25T09:09:16.996+0000] {dag.py:3823} INFO - Setting next_dagrun for example_xcom_args to None, run_after=None
[2025-06-25T09:09:17.002+0000] {logging_mixin.py:188} INFO - [2025-06-25T09:09:17.002+0000] {dag.py:3823} INFO - Setting next_dagrun for example_xcom_args_with_operators to None, run_after=None
[2025-06-25T09:09:17.031+0000] {processor.py:183} INFO - Processing /home/airflow/.local/lib/python3.8/site-packages/airflow/example_dags/example_xcomargs.py took 0.118 seconds
[2025-06-25T09:09:47.843+0000] {processor.py:161} INFO - Started process (PID=812) to work on /home/airflow/.local/lib/python3.8/site-packages/airflow/example_dags/example_xcomargs.py
[2025-06-25T09:09:47.844+0000] {processor.py:830} INFO - Processing file /home/airflow/.local/lib/python3.8/site-packages/airflow/example_dags/example_xcomargs.py for tasks to queue
[2025-06-25T09:09:47.848+0000] {logging_mixin.py:188} INFO - [2025-06-25T09:09:47.847+0000] {dagbag.py:538} INFO - Filling up the DagBag from /home/airflow/.local/lib/python3.8/site-packages/airflow/example_dags/example_xcomargs.py
[2025-06-25T09:09:47.864+0000] {processor.py:840} INFO - DAG(s) 'example_xcom_args_with_operators', 'example_xcom_args' retrieved from /home/airflow/.local/lib/python3.8/site-packages/airflow/example_dags/example_xcomargs.py
[2025-06-25T09:09:47.923+0000] {logging_mixin.py:188} INFO - [2025-06-25T09:09:47.923+0000] {dag.py:3036} INFO - Sync 2 DAGs
[2025-06-25T09:09:47.952+0000] {logging_mixin.py:188} INFO - [2025-06-25T09:09:47.951+0000] {dag.py:3823} INFO - Setting next_dagrun for example_xcom_args to None, run_after=None
[2025-06-25T09:09:47.962+0000] {logging_mixin.py:188} INFO - [2025-06-25T09:09:47.962+0000] {dag.py:3823} INFO - Setting next_dagrun for example_xcom_args_with_operators to None, run_after=None
[2025-06-25T09:09:48.016+0000] {processor.py:183} INFO - Processing /home/airflow/.local/lib/python3.8/site-packages/airflow/example_dags/example_xcomargs.py took 0.179 seconds
[2025-06-25T09:10:18.947+0000] {processor.py:161} INFO - Started process (PID=877) to work on /home/airflow/.local/lib/python3.8/site-packages/airflow/example_dags/example_xcomargs.py
[2025-06-25T09:10:18.949+0000] {processor.py:830} INFO - Processing file /home/airflow/.local/lib/python3.8/site-packages/airflow/example_dags/example_xcomargs.py for tasks to queue
[2025-06-25T09:10:18.953+0000] {logging_mixin.py:188} INFO - [2025-06-25T09:10:18.953+0000] {dagbag.py:538} INFO - Filling up the DagBag from /home/airflow/.local/lib/python3.8/site-packages/airflow/example_dags/example_xcomargs.py
[2025-06-25T09:10:18.970+0000] {processor.py:840} INFO - DAG(s) 'example_xcom_args_with_operators', 'example_xcom_args' retrieved from /home/airflow/.local/lib/python3.8/site-packages/airflow/example_dags/example_xcomargs.py
[2025-06-25T09:10:19.021+0000] {logging_mixin.py:188} INFO - [2025-06-25T09:10:19.021+0000] {dag.py:3036} INFO - Sync 2 DAGs
[2025-06-25T09:10:19.045+0000] {logging_mixin.py:188} INFO - [2025-06-25T09:10:19.045+0000] {dag.py:3823} INFO - Setting next_dagrun for example_xcom_args to None, run_after=None
[2025-06-25T09:10:19.052+0000] {logging_mixin.py:188} INFO - [2025-06-25T09:10:19.051+0000] {dag.py:3823} INFO - Setting next_dagrun for example_xcom_args_with_operators to None, run_after=None
[2025-06-25T09:10:19.090+0000] {processor.py:183} INFO - Processing /home/airflow/.local/lib/python3.8/site-packages/airflow/example_dags/example_xcomargs.py took 0.149 seconds
[2025-06-25T09:10:50.004+0000] {processor.py:161} INFO - Started process (PID=942) to work on /home/airflow/.local/lib/python3.8/site-packages/airflow/example_dags/example_xcomargs.py
[2025-06-25T09:10:50.006+0000] {processor.py:830} INFO - Processing file /home/airflow/.local/lib/python3.8/site-packages/airflow/example_dags/example_xcomargs.py for tasks to queue
[2025-06-25T09:10:50.009+0000] {logging_mixin.py:188} INFO - [2025-06-25T09:10:50.008+0000] {dagbag.py:538} INFO - Filling up the DagBag from /home/airflow/.local/lib/python3.8/site-packages/airflow/example_dags/example_xcomargs.py
[2025-06-25T09:10:50.021+0000] {processor.py:840} INFO - DAG(s) 'example_xcom_args', 'example_xcom_args_with_operators' retrieved from /home/airflow/.local/lib/python3.8/site-packages/airflow/example_dags/example_xcomargs.py
[2025-06-25T09:10:50.065+0000] {logging_mixin.py:188} INFO - [2025-06-25T09:10:50.064+0000] {dag.py:3036} INFO - Sync 2 DAGs
[2025-06-25T09:10:50.089+0000] {logging_mixin.py:188} INFO - [2025-06-25T09:10:50.088+0000] {dag.py:3823} INFO - Setting next_dagrun for example_xcom_args to None, run_after=None
[2025-06-25T09:10:50.096+0000] {logging_mixin.py:188} INFO - [2025-06-25T09:10:50.096+0000] {dag.py:3823} INFO - Setting next_dagrun for example_xcom_args_with_operators to None, run_after=None
[2025-06-25T09:10:50.129+0000] {processor.py:183} INFO - Processing /home/airflow/.local/lib/python3.8/site-packages/airflow/example_dags/example_xcomargs.py took 0.131 seconds
[2025-06-25T09:11:20.778+0000] {processor.py:161} INFO - Started process (PID=1007) to work on /home/airflow/.local/lib/python3.8/site-packages/airflow/example_dags/example_xcomargs.py
[2025-06-25T09:11:20.780+0000] {processor.py:830} INFO - Processing file /home/airflow/.local/lib/python3.8/site-packages/airflow/example_dags/example_xcomargs.py for tasks to queue
[2025-06-25T09:11:20.783+0000] {logging_mixin.py:188} INFO - [2025-06-25T09:11:20.783+0000] {dagbag.py:538} INFO - Filling up the DagBag from /home/airflow/.local/lib/python3.8/site-packages/airflow/example_dags/example_xcomargs.py
[2025-06-25T09:11:20.799+0000] {processor.py:840} INFO - DAG(s) 'example_xcom_args_with_operators', 'example_xcom_args' retrieved from /home/airflow/.local/lib/python3.8/site-packages/airflow/example_dags/example_xcomargs.py
[2025-06-25T09:11:20.850+0000] {logging_mixin.py:188} INFO - [2025-06-25T09:11:20.849+0000] {dag.py:3036} INFO - Sync 2 DAGs
[2025-06-25T09:11:20.874+0000] {logging_mixin.py:188} INFO - [2025-06-25T09:11:20.874+0000] {dag.py:3823} INFO - Setting next_dagrun for example_xcom_args to None, run_after=None
[2025-06-25T09:11:20.882+0000] {logging_mixin.py:188} INFO - [2025-06-25T09:11:20.881+0000] {dag.py:3823} INFO - Setting next_dagrun for example_xcom_args_with_operators to None, run_after=None
[2025-06-25T09:11:20.920+0000] {processor.py:183} INFO - Processing /home/airflow/.local/lib/python3.8/site-packages/airflow/example_dags/example_xcomargs.py took 0.147 seconds
[2025-06-25T09:11:51.400+0000] {processor.py:161} INFO - Started process (PID=1072) to work on /home/airflow/.local/lib/python3.8/site-packages/airflow/example_dags/example_xcomargs.py
[2025-06-25T09:11:51.402+0000] {processor.py:830} INFO - Processing file /home/airflow/.local/lib/python3.8/site-packages/airflow/example_dags/example_xcomargs.py for tasks to queue
[2025-06-25T09:11:51.405+0000] {logging_mixin.py:188} INFO - [2025-06-25T09:11:51.404+0000] {dagbag.py:538} INFO - Filling up the DagBag from /home/airflow/.local/lib/python3.8/site-packages/airflow/example_dags/example_xcomargs.py
[2025-06-25T09:11:51.419+0000] {processor.py:840} INFO - DAG(s) 'example_xcom_args', 'example_xcom_args_with_operators' retrieved from /home/airflow/.local/lib/python3.8/site-packages/airflow/example_dags/example_xcomargs.py
[2025-06-25T09:11:51.482+0000] {logging_mixin.py:188} INFO - [2025-06-25T09:11:51.482+0000] {dag.py:3036} INFO - Sync 2 DAGs
[2025-06-25T09:11:51.508+0000] {logging_mixin.py:188} INFO - [2025-06-25T09:11:51.507+0000] {dag.py:3823} INFO - Setting next_dagrun for example_xcom_args to None, run_after=None
[2025-06-25T09:11:51.515+0000] {logging_mixin.py:188} INFO - [2025-06-25T09:11:51.515+0000] {dag.py:3823} INFO - Setting next_dagrun for example_xcom_args_with_operators to None, run_after=None
[2025-06-25T09:11:51.546+0000] {processor.py:183} INFO - Processing /home/airflow/.local/lib/python3.8/site-packages/airflow/example_dags/example_xcomargs.py took 0.152 seconds
[2025-06-25T09:12:21.677+0000] {processor.py:161} INFO - Started process (PID=1135) to work on /home/airflow/.local/lib/python3.8/site-packages/airflow/example_dags/example_xcomargs.py
[2025-06-25T09:12:21.680+0000] {processor.py:830} INFO - Processing file /home/airflow/.local/lib/python3.8/site-packages/airflow/example_dags/example_xcomargs.py for tasks to queue
[2025-06-25T09:12:21.684+0000] {logging_mixin.py:188} INFO - [2025-06-25T09:12:21.683+0000] {dagbag.py:538} INFO - Filling up the DagBag from /home/airflow/.local/lib/python3.8/site-packages/airflow/example_dags/example_xcomargs.py
[2025-06-25T09:12:21.702+0000] {processor.py:840} INFO - DAG(s) 'example_xcom_args_with_operators', 'example_xcom_args' retrieved from /home/airflow/.local/lib/python3.8/site-packages/airflow/example_dags/example_xcomargs.py
[2025-06-25T09:12:21.748+0000] {logging_mixin.py:188} INFO - [2025-06-25T09:12:21.748+0000] {dag.py:3036} INFO - Sync 2 DAGs
[2025-06-25T09:12:21.771+0000] {logging_mixin.py:188} INFO - [2025-06-25T09:12:21.770+0000] {dag.py:3823} INFO - Setting next_dagrun for example_xcom_args to None, run_after=None
[2025-06-25T09:12:21.778+0000] {logging_mixin.py:188} INFO - [2025-06-25T09:12:21.778+0000] {dag.py:3823} INFO - Setting next_dagrun for example_xcom_args_with_operators to None, run_after=None
[2025-06-25T09:12:21.815+0000] {processor.py:183} INFO - Processing /home/airflow/.local/lib/python3.8/site-packages/airflow/example_dags/example_xcomargs.py took 0.144 seconds
[2025-06-25T09:12:52.606+0000] {processor.py:161} INFO - Started process (PID=1201) to work on /home/airflow/.local/lib/python3.8/site-packages/airflow/example_dags/example_xcomargs.py
[2025-06-25T09:12:52.608+0000] {processor.py:830} INFO - Processing file /home/airflow/.local/lib/python3.8/site-packages/airflow/example_dags/example_xcomargs.py for tasks to queue
[2025-06-25T09:12:52.613+0000] {logging_mixin.py:188} INFO - [2025-06-25T09:12:52.611+0000] {dagbag.py:538} INFO - Filling up the DagBag from /home/airflow/.local/lib/python3.8/site-packages/airflow/example_dags/example_xcomargs.py
[2025-06-25T09:12:52.630+0000] {processor.py:840} INFO - DAG(s) 'example_xcom_args_with_operators', 'example_xcom_args' retrieved from /home/airflow/.local/lib/python3.8/site-packages/airflow/example_dags/example_xcomargs.py
[2025-06-25T09:12:52.683+0000] {logging_mixin.py:188} INFO - [2025-06-25T09:12:52.683+0000] {dag.py:3036} INFO - Sync 2 DAGs
[2025-06-25T09:12:52.710+0000] {logging_mixin.py:188} INFO - [2025-06-25T09:12:52.709+0000] {dag.py:3823} INFO - Setting next_dagrun for example_xcom_args to None, run_after=None
[2025-06-25T09:12:52.718+0000] {logging_mixin.py:188} INFO - [2025-06-25T09:12:52.717+0000] {dag.py:3823} INFO - Setting next_dagrun for example_xcom_args_with_operators to None, run_after=None
[2025-06-25T09:12:52.755+0000] {processor.py:183} INFO - Processing /home/airflow/.local/lib/python3.8/site-packages/airflow/example_dags/example_xcomargs.py took 0.157 seconds
[2025-06-25T09:13:23.516+0000] {processor.py:161} INFO - Started process (PID=1267) to work on /home/airflow/.local/lib/python3.8/site-packages/airflow/example_dags/example_xcomargs.py
[2025-06-25T09:13:23.518+0000] {processor.py:830} INFO - Processing file /home/airflow/.local/lib/python3.8/site-packages/airflow/example_dags/example_xcomargs.py for tasks to queue
[2025-06-25T09:13:23.521+0000] {logging_mixin.py:188} INFO - [2025-06-25T09:13:23.521+0000] {dagbag.py:538} INFO - Filling up the DagBag from /home/airflow/.local/lib/python3.8/site-packages/airflow/example_dags/example_xcomargs.py
[2025-06-25T09:13:23.536+0000] {processor.py:840} INFO - DAG(s) 'example_xcom_args_with_operators', 'example_xcom_args' retrieved from /home/airflow/.local/lib/python3.8/site-packages/airflow/example_dags/example_xcomargs.py
[2025-06-25T09:13:23.580+0000] {logging_mixin.py:188} INFO - [2025-06-25T09:13:23.580+0000] {dag.py:3036} INFO - Sync 2 DAGs
[2025-06-25T09:13:23.608+0000] {logging_mixin.py:188} INFO - [2025-06-25T09:13:23.608+0000] {dag.py:3823} INFO - Setting next_dagrun for example_xcom_args to None, run_after=None
[2025-06-25T09:13:23.618+0000] {logging_mixin.py:188} INFO - [2025-06-25T09:13:23.617+0000] {dag.py:3823} INFO - Setting next_dagrun for example_xcom_args_with_operators to None, run_after=None
[2025-06-25T09:13:23.660+0000] {processor.py:183} INFO - Processing /home/airflow/.local/lib/python3.8/site-packages/airflow/example_dags/example_xcomargs.py took 0.149 seconds
[2025-06-25T09:13:55.147+0000] {processor.py:161} INFO - Started process (PID=1333) to work on /home/airflow/.local/lib/python3.8/site-packages/airflow/example_dags/example_xcomargs.py
[2025-06-25T09:13:55.159+0000] {processor.py:830} INFO - Processing file /home/airflow/.local/lib/python3.8/site-packages/airflow/example_dags/example_xcomargs.py for tasks to queue
[2025-06-25T09:13:55.162+0000] {logging_mixin.py:188} INFO - [2025-06-25T09:13:55.161+0000] {dagbag.py:538} INFO - Filling up the DagBag from /home/airflow/.local/lib/python3.8/site-packages/airflow/example_dags/example_xcomargs.py
[2025-06-25T09:13:55.191+0000] {processor.py:840} INFO - DAG(s) 'example_xcom_args_with_operators', 'example_xcom_args' retrieved from /home/airflow/.local/lib/python3.8/site-packages/airflow/example_dags/example_xcomargs.py
[2025-06-25T09:13:55.253+0000] {logging_mixin.py:188} INFO - [2025-06-25T09:13:55.253+0000] {dag.py:3036} INFO - Sync 2 DAGs
[2025-06-25T09:13:55.282+0000] {logging_mixin.py:188} INFO - [2025-06-25T09:13:55.282+0000] {dag.py:3823} INFO - Setting next_dagrun for example_xcom_args to None, run_after=None
[2025-06-25T09:13:55.290+0000] {logging_mixin.py:188} INFO - [2025-06-25T09:13:55.290+0000] {dag.py:3823} INFO - Setting next_dagrun for example_xcom_args_with_operators to None, run_after=None
[2025-06-25T09:13:55.338+0000] {processor.py:183} INFO - Processing /home/airflow/.local/lib/python3.8/site-packages/airflow/example_dags/example_xcomargs.py took 0.198 seconds
[2025-06-25T09:14:26.045+0000] {processor.py:161} INFO - Started process (PID=1398) to work on /home/airflow/.local/lib/python3.8/site-packages/airflow/example_dags/example_xcomargs.py
[2025-06-25T09:14:26.054+0000] {processor.py:830} INFO - Processing file /home/airflow/.local/lib/python3.8/site-packages/airflow/example_dags/example_xcomargs.py for tasks to queue
[2025-06-25T09:14:26.063+0000] {logging_mixin.py:188} INFO - [2025-06-25T09:14:26.063+0000] {dagbag.py:538} INFO - Filling up the DagBag from /home/airflow/.local/lib/python3.8/site-packages/airflow/example_dags/example_xcomargs.py
[2025-06-25T09:14:26.101+0000] {processor.py:840} INFO - DAG(s) 'example_xcom_args', 'example_xcom_args_with_operators' retrieved from /home/airflow/.local/lib/python3.8/site-packages/airflow/example_dags/example_xcomargs.py
[2025-06-25T09:14:26.205+0000] {logging_mixin.py:188} INFO - [2025-06-25T09:14:26.204+0000] {dag.py:3036} INFO - Sync 2 DAGs
[2025-06-25T09:14:26.242+0000] {logging_mixin.py:188} INFO - [2025-06-25T09:14:26.242+0000] {dag.py:3823} INFO - Setting next_dagrun for example_xcom_args to None, run_after=None
[2025-06-25T09:14:26.250+0000] {logging_mixin.py:188} INFO - [2025-06-25T09:14:26.250+0000] {dag.py:3823} INFO - Setting next_dagrun for example_xcom_args_with_operators to None, run_after=None
[2025-06-25T09:14:26.288+0000] {processor.py:183} INFO - Processing /home/airflow/.local/lib/python3.8/site-packages/airflow/example_dags/example_xcomargs.py took 0.257 seconds
[2025-06-25T09:14:56.792+0000] {processor.py:161} INFO - Started process (PID=1462) to work on /home/airflow/.local/lib/python3.8/site-packages/airflow/example_dags/example_xcomargs.py
[2025-06-25T09:14:56.794+0000] {processor.py:830} INFO - Processing file /home/airflow/.local/lib/python3.8/site-packages/airflow/example_dags/example_xcomargs.py for tasks to queue
[2025-06-25T09:14:56.798+0000] {logging_mixin.py:188} INFO - [2025-06-25T09:14:56.797+0000] {dagbag.py:538} INFO - Filling up the DagBag from /home/airflow/.local/lib/python3.8/site-packages/airflow/example_dags/example_xcomargs.py
[2025-06-25T09:14:56.817+0000] {processor.py:840} INFO - DAG(s) 'example_xcom_args_with_operators', 'example_xcom_args' retrieved from /home/airflow/.local/lib/python3.8/site-packages/airflow/example_dags/example_xcomargs.py
[2025-06-25T09:14:56.867+0000] {logging_mixin.py:188} INFO - [2025-06-25T09:14:56.867+0000] {dag.py:3036} INFO - Sync 2 DAGs
[2025-06-25T09:14:56.894+0000] {logging_mixin.py:188} INFO - [2025-06-25T09:14:56.894+0000] {dag.py:3823} INFO - Setting next_dagrun for example_xcom_args to None, run_after=None
[2025-06-25T09:14:56.905+0000] {logging_mixin.py:188} INFO - [2025-06-25T09:14:56.905+0000] {dag.py:3823} INFO - Setting next_dagrun for example_xcom_args_with_operators to None, run_after=None
[2025-06-25T09:14:56.982+0000] {processor.py:183} INFO - Processing /home/airflow/.local/lib/python3.8/site-packages/airflow/example_dags/example_xcomargs.py took 0.202 seconds
[2025-06-25T09:15:27.247+0000] {processor.py:161} INFO - Started process (PID=1520) to work on /home/airflow/.local/lib/python3.8/site-packages/airflow/example_dags/example_xcomargs.py
[2025-06-25T09:15:27.248+0000] {processor.py:830} INFO - Processing file /home/airflow/.local/lib/python3.8/site-packages/airflow/example_dags/example_xcomargs.py for tasks to queue
[2025-06-25T09:15:27.253+0000] {logging_mixin.py:188} INFO - [2025-06-25T09:15:27.253+0000] {dagbag.py:538} INFO - Filling up the DagBag from /home/airflow/.local/lib/python3.8/site-packages/airflow/example_dags/example_xcomargs.py
[2025-06-25T09:15:27.273+0000] {processor.py:840} INFO - DAG(s) 'example_xcom_args', 'example_xcom_args_with_operators' retrieved from /home/airflow/.local/lib/python3.8/site-packages/airflow/example_dags/example_xcomargs.py
[2025-06-25T09:15:27.348+0000] {logging_mixin.py:188} INFO - [2025-06-25T09:15:27.347+0000] {dag.py:3036} INFO - Sync 2 DAGs
[2025-06-25T09:15:27.393+0000] {logging_mixin.py:188} INFO - [2025-06-25T09:15:27.392+0000] {dag.py:3823} INFO - Setting next_dagrun for example_xcom_args to None, run_after=None
[2025-06-25T09:15:27.404+0000] {logging_mixin.py:188} INFO - [2025-06-25T09:15:27.403+0000] {dag.py:3823} INFO - Setting next_dagrun for example_xcom_args_with_operators to None, run_after=None
[2025-06-25T09:15:27.474+0000] {processor.py:183} INFO - Processing /home/airflow/.local/lib/python3.8/site-packages/airflow/example_dags/example_xcomargs.py took 0.234 seconds
[2025-06-25T09:15:57.877+0000] {processor.py:161} INFO - Started process (PID=1585) to work on /home/airflow/.local/lib/python3.8/site-packages/airflow/example_dags/example_xcomargs.py
[2025-06-25T09:15:57.879+0000] {processor.py:830} INFO - Processing file /home/airflow/.local/lib/python3.8/site-packages/airflow/example_dags/example_xcomargs.py for tasks to queue
[2025-06-25T09:15:57.883+0000] {logging_mixin.py:188} INFO - [2025-06-25T09:15:57.882+0000] {dagbag.py:538} INFO - Filling up the DagBag from /home/airflow/.local/lib/python3.8/site-packages/airflow/example_dags/example_xcomargs.py
[2025-06-25T09:15:57.900+0000] {processor.py:840} INFO - DAG(s) 'example_xcom_args', 'example_xcom_args_with_operators' retrieved from /home/airflow/.local/lib/python3.8/site-packages/airflow/example_dags/example_xcomargs.py
[2025-06-25T09:15:57.950+0000] {logging_mixin.py:188} INFO - [2025-06-25T09:15:57.950+0000] {dag.py:3036} INFO - Sync 2 DAGs
[2025-06-25T09:15:57.973+0000] {logging_mixin.py:188} INFO - [2025-06-25T09:15:57.973+0000] {dag.py:3823} INFO - Setting next_dagrun for example_xcom_args to None, run_after=None
[2025-06-25T09:15:57.981+0000] {logging_mixin.py:188} INFO - [2025-06-25T09:15:57.981+0000] {dag.py:3823} INFO - Setting next_dagrun for example_xcom_args_with_operators to None, run_after=None
[2025-06-25T09:15:58.027+0000] {processor.py:183} INFO - Processing /home/airflow/.local/lib/python3.8/site-packages/airflow/example_dags/example_xcomargs.py took 0.157 seconds
[2025-06-25T09:16:28.681+0000] {processor.py:161} INFO - Started process (PID=1649) to work on /home/airflow/.local/lib/python3.8/site-packages/airflow/example_dags/example_xcomargs.py
[2025-06-25T09:16:28.689+0000] {processor.py:830} INFO - Processing file /home/airflow/.local/lib/python3.8/site-packages/airflow/example_dags/example_xcomargs.py for tasks to queue
[2025-06-25T09:16:28.700+0000] {logging_mixin.py:188} INFO - [2025-06-25T09:16:28.692+0000] {dagbag.py:538} INFO - Filling up the DagBag from /home/airflow/.local/lib/python3.8/site-packages/airflow/example_dags/example_xcomargs.py
[2025-06-25T09:16:28.743+0000] {processor.py:840} INFO - DAG(s) 'example_xcom_args_with_operators', 'example_xcom_args' retrieved from /home/airflow/.local/lib/python3.8/site-packages/airflow/example_dags/example_xcomargs.py
[2025-06-25T09:16:28.927+0000] {logging_mixin.py:188} INFO - [2025-06-25T09:16:28.925+0000] {dag.py:3036} INFO - Sync 2 DAGs
[2025-06-25T09:16:29.053+0000] {logging_mixin.py:188} INFO - [2025-06-25T09:16:29.053+0000] {dag.py:3823} INFO - Setting next_dagrun for example_xcom_args to None, run_after=None
[2025-06-25T09:16:29.066+0000] {logging_mixin.py:188} INFO - [2025-06-25T09:16:29.063+0000] {dag.py:3823} INFO - Setting next_dagrun for example_xcom_args_with_operators to None, run_after=None
[2025-06-25T09:16:29.127+0000] {processor.py:183} INFO - Processing /home/airflow/.local/lib/python3.8/site-packages/airflow/example_dags/example_xcomargs.py took 0.457 seconds
[2025-06-25T09:16:59.265+0000] {processor.py:161} INFO - Started process (PID=1714) to work on /home/airflow/.local/lib/python3.8/site-packages/airflow/example_dags/example_xcomargs.py
[2025-06-25T09:16:59.267+0000] {processor.py:830} INFO - Processing file /home/airflow/.local/lib/python3.8/site-packages/airflow/example_dags/example_xcomargs.py for tasks to queue
[2025-06-25T09:16:59.274+0000] {logging_mixin.py:188} INFO - [2025-06-25T09:16:59.272+0000] {dagbag.py:538} INFO - Filling up the DagBag from /home/airflow/.local/lib/python3.8/site-packages/airflow/example_dags/example_xcomargs.py
[2025-06-25T09:16:59.293+0000] {processor.py:840} INFO - DAG(s) 'example_xcom_args_with_operators', 'example_xcom_args' retrieved from /home/airflow/.local/lib/python3.8/site-packages/airflow/example_dags/example_xcomargs.py
[2025-06-25T09:16:59.378+0000] {logging_mixin.py:188} INFO - [2025-06-25T09:16:59.378+0000] {dag.py:3036} INFO - Sync 2 DAGs
[2025-06-25T09:16:59.416+0000] {logging_mixin.py:188} INFO - [2025-06-25T09:16:59.415+0000] {dag.py:3823} INFO - Setting next_dagrun for example_xcom_args to None, run_after=None
[2025-06-25T09:16:59.427+0000] {logging_mixin.py:188} INFO - [2025-06-25T09:16:59.426+0000] {dag.py:3823} INFO - Setting next_dagrun for example_xcom_args_with_operators to None, run_after=None
[2025-06-25T09:16:59.468+0000] {processor.py:183} INFO - Processing /home/airflow/.local/lib/python3.8/site-packages/airflow/example_dags/example_xcomargs.py took 0.210 seconds
[2025-06-25T09:17:29.642+0000] {processor.py:161} INFO - Started process (PID=1780) to work on /home/airflow/.local/lib/python3.8/site-packages/airflow/example_dags/example_xcomargs.py
[2025-06-25T09:17:29.644+0000] {processor.py:830} INFO - Processing file /home/airflow/.local/lib/python3.8/site-packages/airflow/example_dags/example_xcomargs.py for tasks to queue
[2025-06-25T09:17:29.648+0000] {logging_mixin.py:188} INFO - [2025-06-25T09:17:29.648+0000] {dagbag.py:538} INFO - Filling up the DagBag from /home/airflow/.local/lib/python3.8/site-packages/airflow/example_dags/example_xcomargs.py
[2025-06-25T09:17:29.681+0000] {processor.py:840} INFO - DAG(s) 'example_xcom_args', 'example_xcom_args_with_operators' retrieved from /home/airflow/.local/lib/python3.8/site-packages/airflow/example_dags/example_xcomargs.py
[2025-06-25T09:17:29.761+0000] {logging_mixin.py:188} INFO - [2025-06-25T09:17:29.761+0000] {dag.py:3036} INFO - Sync 2 DAGs
[2025-06-25T09:17:29.801+0000] {logging_mixin.py:188} INFO - [2025-06-25T09:17:29.800+0000] {dag.py:3823} INFO - Setting next_dagrun for example_xcom_args to None, run_after=None
[2025-06-25T09:17:29.809+0000] {logging_mixin.py:188} INFO - [2025-06-25T09:17:29.809+0000] {dag.py:3823} INFO - Setting next_dagrun for example_xcom_args_with_operators to None, run_after=None
[2025-06-25T09:17:29.844+0000] {processor.py:183} INFO - Processing /home/airflow/.local/lib/python3.8/site-packages/airflow/example_dags/example_xcomargs.py took 0.211 seconds
[2025-06-25T09:18:00.270+0000] {processor.py:161} INFO - Started process (PID=1844) to work on /home/airflow/.local/lib/python3.8/site-packages/airflow/example_dags/example_xcomargs.py
[2025-06-25T09:18:00.272+0000] {processor.py:830} INFO - Processing file /home/airflow/.local/lib/python3.8/site-packages/airflow/example_dags/example_xcomargs.py for tasks to queue
[2025-06-25T09:18:00.275+0000] {logging_mixin.py:188} INFO - [2025-06-25T09:18:00.274+0000] {dagbag.py:538} INFO - Filling up the DagBag from /home/airflow/.local/lib/python3.8/site-packages/airflow/example_dags/example_xcomargs.py
[2025-06-25T09:18:00.292+0000] {processor.py:840} INFO - DAG(s) 'example_xcom_args', 'example_xcom_args_with_operators' retrieved from /home/airflow/.local/lib/python3.8/site-packages/airflow/example_dags/example_xcomargs.py
[2025-06-25T09:18:00.351+0000] {logging_mixin.py:188} INFO - [2025-06-25T09:18:00.350+0000] {dag.py:3036} INFO - Sync 2 DAGs
[2025-06-25T09:18:00.378+0000] {logging_mixin.py:188} INFO - [2025-06-25T09:18:00.378+0000] {dag.py:3823} INFO - Setting next_dagrun for example_xcom_args to None, run_after=None
[2025-06-25T09:18:00.386+0000] {logging_mixin.py:188} INFO - [2025-06-25T09:18:00.385+0000] {dag.py:3823} INFO - Setting next_dagrun for example_xcom_args_with_operators to None, run_after=None
[2025-06-25T09:18:00.420+0000] {processor.py:183} INFO - Processing /home/airflow/.local/lib/python3.8/site-packages/airflow/example_dags/example_xcomargs.py took 0.157 seconds
[2025-06-25T09:18:30.822+0000] {processor.py:161} INFO - Started process (PID=1910) to work on /home/airflow/.local/lib/python3.8/site-packages/airflow/example_dags/example_xcomargs.py
[2025-06-25T09:18:30.825+0000] {processor.py:830} INFO - Processing file /home/airflow/.local/lib/python3.8/site-packages/airflow/example_dags/example_xcomargs.py for tasks to queue
[2025-06-25T09:18:30.828+0000] {logging_mixin.py:188} INFO - [2025-06-25T09:18:30.828+0000] {dagbag.py:538} INFO - Filling up the DagBag from /home/airflow/.local/lib/python3.8/site-packages/airflow/example_dags/example_xcomargs.py
[2025-06-25T09:18:30.846+0000] {processor.py:840} INFO - DAG(s) 'example_xcom_args', 'example_xcom_args_with_operators' retrieved from /home/airflow/.local/lib/python3.8/site-packages/airflow/example_dags/example_xcomargs.py
[2025-06-25T09:18:30.898+0000] {logging_mixin.py:188} INFO - [2025-06-25T09:18:30.897+0000] {dag.py:3036} INFO - Sync 2 DAGs
[2025-06-25T09:18:30.925+0000] {logging_mixin.py:188} INFO - [2025-06-25T09:18:30.925+0000] {dag.py:3823} INFO - Setting next_dagrun for example_xcom_args to None, run_after=None
[2025-06-25T09:18:30.933+0000] {logging_mixin.py:188} INFO - [2025-06-25T09:18:30.933+0000] {dag.py:3823} INFO - Setting next_dagrun for example_xcom_args_with_operators to None, run_after=None
[2025-06-25T09:18:30.968+0000] {processor.py:183} INFO - Processing /home/airflow/.local/lib/python3.8/site-packages/airflow/example_dags/example_xcomargs.py took 0.151 seconds
[2025-06-25T09:19:01.282+0000] {processor.py:161} INFO - Started process (PID=1975) to work on /home/airflow/.local/lib/python3.8/site-packages/airflow/example_dags/example_xcomargs.py
[2025-06-25T09:19:01.284+0000] {processor.py:830} INFO - Processing file /home/airflow/.local/lib/python3.8/site-packages/airflow/example_dags/example_xcomargs.py for tasks to queue
[2025-06-25T09:19:01.287+0000] {logging_mixin.py:188} INFO - [2025-06-25T09:19:01.286+0000] {dagbag.py:538} INFO - Filling up the DagBag from /home/airflow/.local/lib/python3.8/site-packages/airflow/example_dags/example_xcomargs.py
[2025-06-25T09:19:01.304+0000] {processor.py:840} INFO - DAG(s) 'example_xcom_args_with_operators', 'example_xcom_args' retrieved from /home/airflow/.local/lib/python3.8/site-packages/airflow/example_dags/example_xcomargs.py
[2025-06-25T09:19:01.360+0000] {logging_mixin.py:188} INFO - [2025-06-25T09:19:01.359+0000] {dag.py:3036} INFO - Sync 2 DAGs
[2025-06-25T09:19:01.382+0000] {logging_mixin.py:188} INFO - [2025-06-25T09:19:01.382+0000] {dag.py:3823} INFO - Setting next_dagrun for example_xcom_args to None, run_after=None
[2025-06-25T09:19:01.390+0000] {logging_mixin.py:188} INFO - [2025-06-25T09:19:01.389+0000] {dag.py:3823} INFO - Setting next_dagrun for example_xcom_args_with_operators to None, run_after=None
[2025-06-25T09:19:01.429+0000] {processor.py:183} INFO - Processing /home/airflow/.local/lib/python3.8/site-packages/airflow/example_dags/example_xcomargs.py took 0.153 seconds
[2025-06-25T09:19:31.756+0000] {processor.py:161} INFO - Started process (PID=2040) to work on /home/airflow/.local/lib/python3.8/site-packages/airflow/example_dags/example_xcomargs.py
[2025-06-25T09:19:31.757+0000] {processor.py:830} INFO - Processing file /home/airflow/.local/lib/python3.8/site-packages/airflow/example_dags/example_xcomargs.py for tasks to queue
[2025-06-25T09:19:31.761+0000] {logging_mixin.py:188} INFO - [2025-06-25T09:19:31.760+0000] {dagbag.py:538} INFO - Filling up the DagBag from /home/airflow/.local/lib/python3.8/site-packages/airflow/example_dags/example_xcomargs.py
[2025-06-25T09:19:31.777+0000] {processor.py:840} INFO - DAG(s) 'example_xcom_args', 'example_xcom_args_with_operators' retrieved from /home/airflow/.local/lib/python3.8/site-packages/airflow/example_dags/example_xcomargs.py
[2025-06-25T09:19:31.823+0000] {logging_mixin.py:188} INFO - [2025-06-25T09:19:31.823+0000] {dag.py:3036} INFO - Sync 2 DAGs
[2025-06-25T09:19:31.850+0000] {logging_mixin.py:188} INFO - [2025-06-25T09:19:31.849+0000] {dag.py:3823} INFO - Setting next_dagrun for example_xcom_args to None, run_after=None
[2025-06-25T09:19:31.859+0000] {logging_mixin.py:188} INFO - [2025-06-25T09:19:31.859+0000] {dag.py:3823} INFO - Setting next_dagrun for example_xcom_args_with_operators to None, run_after=None
[2025-06-25T09:19:31.888+0000] {processor.py:183} INFO - Processing /home/airflow/.local/lib/python3.8/site-packages/airflow/example_dags/example_xcomargs.py took 0.139 seconds
[2025-06-25T09:20:02.059+0000] {processor.py:161} INFO - Started process (PID=2105) to work on /home/airflow/.local/lib/python3.8/site-packages/airflow/example_dags/example_xcomargs.py
[2025-06-25T09:20:02.061+0000] {processor.py:830} INFO - Processing file /home/airflow/.local/lib/python3.8/site-packages/airflow/example_dags/example_xcomargs.py for tasks to queue
[2025-06-25T09:20:02.064+0000] {logging_mixin.py:188} INFO - [2025-06-25T09:20:02.063+0000] {dagbag.py:538} INFO - Filling up the DagBag from /home/airflow/.local/lib/python3.8/site-packages/airflow/example_dags/example_xcomargs.py
[2025-06-25T09:20:02.078+0000] {processor.py:840} INFO - DAG(s) 'example_xcom_args_with_operators', 'example_xcom_args' retrieved from /home/airflow/.local/lib/python3.8/site-packages/airflow/example_dags/example_xcomargs.py
[2025-06-25T09:20:02.115+0000] {logging_mixin.py:188} INFO - [2025-06-25T09:20:02.114+0000] {dag.py:3036} INFO - Sync 2 DAGs
[2025-06-25T09:20:02.135+0000] {logging_mixin.py:188} INFO - [2025-06-25T09:20:02.134+0000] {dag.py:3823} INFO - Setting next_dagrun for example_xcom_args to None, run_after=None
[2025-06-25T09:20:02.140+0000] {logging_mixin.py:188} INFO - [2025-06-25T09:20:02.140+0000] {dag.py:3823} INFO - Setting next_dagrun for example_xcom_args_with_operators to None, run_after=None
[2025-06-25T09:20:02.167+0000] {processor.py:183} INFO - Processing /home/airflow/.local/lib/python3.8/site-packages/airflow/example_dags/example_xcomargs.py took 0.113 seconds
[2025-06-25T09:20:32.545+0000] {processor.py:161} INFO - Started process (PID=2170) to work on /home/airflow/.local/lib/python3.8/site-packages/airflow/example_dags/example_xcomargs.py
[2025-06-25T09:20:32.546+0000] {processor.py:830} INFO - Processing file /home/airflow/.local/lib/python3.8/site-packages/airflow/example_dags/example_xcomargs.py for tasks to queue
[2025-06-25T09:20:32.548+0000] {logging_mixin.py:188} INFO - [2025-06-25T09:20:32.548+0000] {dagbag.py:538} INFO - Filling up the DagBag from /home/airflow/.local/lib/python3.8/site-packages/airflow/example_dags/example_xcomargs.py
[2025-06-25T09:20:32.561+0000] {processor.py:840} INFO - DAG(s) 'example_xcom_args', 'example_xcom_args_with_operators' retrieved from /home/airflow/.local/lib/python3.8/site-packages/airflow/example_dags/example_xcomargs.py
[2025-06-25T09:20:32.597+0000] {logging_mixin.py:188} INFO - [2025-06-25T09:20:32.597+0000] {dag.py:3036} INFO - Sync 2 DAGs
[2025-06-25T09:20:32.616+0000] {logging_mixin.py:188} INFO - [2025-06-25T09:20:32.616+0000] {dag.py:3823} INFO - Setting next_dagrun for example_xcom_args to None, run_after=None
[2025-06-25T09:20:32.621+0000] {logging_mixin.py:188} INFO - [2025-06-25T09:20:32.621+0000] {dag.py:3823} INFO - Setting next_dagrun for example_xcom_args_with_operators to None, run_after=None
[2025-06-25T09:20:32.644+0000] {processor.py:183} INFO - Processing /home/airflow/.local/lib/python3.8/site-packages/airflow/example_dags/example_xcomargs.py took 0.104 seconds
[2025-06-25T09:21:03.231+0000] {processor.py:161} INFO - Started process (PID=2235) to work on /home/airflow/.local/lib/python3.8/site-packages/airflow/example_dags/example_xcomargs.py
[2025-06-25T09:21:03.233+0000] {processor.py:830} INFO - Processing file /home/airflow/.local/lib/python3.8/site-packages/airflow/example_dags/example_xcomargs.py for tasks to queue
[2025-06-25T09:21:03.235+0000] {logging_mixin.py:188} INFO - [2025-06-25T09:21:03.235+0000] {dagbag.py:538} INFO - Filling up the DagBag from /home/airflow/.local/lib/python3.8/site-packages/airflow/example_dags/example_xcomargs.py
[2025-06-25T09:21:03.249+0000] {processor.py:840} INFO - DAG(s) 'example_xcom_args', 'example_xcom_args_with_operators' retrieved from /home/airflow/.local/lib/python3.8/site-packages/airflow/example_dags/example_xcomargs.py
[2025-06-25T09:21:03.295+0000] {logging_mixin.py:188} INFO - [2025-06-25T09:21:03.295+0000] {dag.py:3036} INFO - Sync 2 DAGs
[2025-06-25T09:21:03.319+0000] {logging_mixin.py:188} INFO - [2025-06-25T09:21:03.319+0000] {dag.py:3823} INFO - Setting next_dagrun for example_xcom_args to None, run_after=None
[2025-06-25T09:21:03.325+0000] {logging_mixin.py:188} INFO - [2025-06-25T09:21:03.325+0000] {dag.py:3823} INFO - Setting next_dagrun for example_xcom_args_with_operators to None, run_after=None
[2025-06-25T09:21:03.351+0000] {processor.py:183} INFO - Processing /home/airflow/.local/lib/python3.8/site-packages/airflow/example_dags/example_xcomargs.py took 0.125 seconds
