[2025-06-25T09:04:14.923+0000] {processor.py:161} INFO - Started process (PID=110) to work on /home/airflow/.local/lib/python3.8/site-packages/airflow/example_dags/example_trigger_target_dag.py
[2025-06-25T09:04:14.924+0000] {processor.py:830} INFO - Processing file /home/airflow/.local/lib/python3.8/site-packages/airflow/example_dags/example_trigger_target_dag.py for tasks to queue
[2025-06-25T09:04:14.927+0000] {logging_mixin.py:188} INFO - [2025-06-25T09:04:14.926+0000] {dagbag.py:538} INFO - Filling up the DagBag from /home/airflow/.local/lib/python3.8/site-packages/airflow/example_dags/example_trigger_target_dag.py
[2025-06-25T09:04:14.937+0000] {processor.py:840} INFO - DAG(s) 'example_trigger_target_dag' retrieved from /home/airflow/.local/lib/python3.8/site-packages/airflow/example_dags/example_trigger_target_dag.py
[2025-06-25T09:04:14.971+0000] {logging_mixin.py:188} INFO - [2025-06-25T09:04:14.971+0000] {dag.py:3036} INFO - Sync 1 DAGs
[2025-06-25T09:04:14.995+0000] {logging_mixin.py:188} INFO - [2025-06-25T09:04:14.995+0000] {dag.py:3823} INFO - Setting next_dagrun for example_trigger_target_dag to None, run_after=None
[2025-06-25T09:04:15.027+0000] {processor.py:183} INFO - Processing /home/airflow/.local/lib/python3.8/site-packages/airflow/example_dags/example_trigger_target_dag.py took 0.111 seconds
[2025-06-25T09:04:45.635+0000] {processor.py:161} INFO - Started process (PID=174) to work on /home/airflow/.local/lib/python3.8/site-packages/airflow/example_dags/example_trigger_target_dag.py
[2025-06-25T09:04:45.636+0000] {processor.py:830} INFO - Processing file /home/airflow/.local/lib/python3.8/site-packages/airflow/example_dags/example_trigger_target_dag.py for tasks to queue
[2025-06-25T09:04:45.639+0000] {logging_mixin.py:188} INFO - [2025-06-25T09:04:45.639+0000] {dagbag.py:538} INFO - Filling up the DagBag from /home/airflow/.local/lib/python3.8/site-packages/airflow/example_dags/example_trigger_target_dag.py
[2025-06-25T09:04:45.647+0000] {processor.py:840} INFO - DAG(s) 'example_trigger_target_dag' retrieved from /home/airflow/.local/lib/python3.8/site-packages/airflow/example_dags/example_trigger_target_dag.py
[2025-06-25T09:04:45.676+0000] {logging_mixin.py:188} INFO - [2025-06-25T09:04:45.676+0000] {dag.py:3036} INFO - Sync 1 DAGs
[2025-06-25T09:04:45.696+0000] {logging_mixin.py:188} INFO - [2025-06-25T09:04:45.695+0000] {dag.py:3823} INFO - Setting next_dagrun for example_trigger_target_dag to None, run_after=None
[2025-06-25T09:04:45.724+0000] {processor.py:183} INFO - Processing /home/airflow/.local/lib/python3.8/site-packages/airflow/example_dags/example_trigger_target_dag.py took 0.094 seconds
[2025-06-25T09:05:16.104+0000] {processor.py:161} INFO - Started process (PID=240) to work on /home/airflow/.local/lib/python3.8/site-packages/airflow/example_dags/example_trigger_target_dag.py
[2025-06-25T09:05:16.105+0000] {processor.py:830} INFO - Processing file /home/airflow/.local/lib/python3.8/site-packages/airflow/example_dags/example_trigger_target_dag.py for tasks to queue
[2025-06-25T09:05:16.108+0000] {logging_mixin.py:188} INFO - [2025-06-25T09:05:16.107+0000] {dagbag.py:538} INFO - Filling up the DagBag from /home/airflow/.local/lib/python3.8/site-packages/airflow/example_dags/example_trigger_target_dag.py
[2025-06-25T09:05:16.115+0000] {processor.py:840} INFO - DAG(s) 'example_trigger_target_dag' retrieved from /home/airflow/.local/lib/python3.8/site-packages/airflow/example_dags/example_trigger_target_dag.py
[2025-06-25T09:05:16.146+0000] {logging_mixin.py:188} INFO - [2025-06-25T09:05:16.145+0000] {dag.py:3036} INFO - Sync 1 DAGs
[2025-06-25T09:05:16.168+0000] {logging_mixin.py:188} INFO - [2025-06-25T09:05:16.167+0000] {dag.py:3823} INFO - Setting next_dagrun for example_trigger_target_dag to None, run_after=None
[2025-06-25T09:05:16.198+0000] {processor.py:183} INFO - Processing /home/airflow/.local/lib/python3.8/site-packages/airflow/example_dags/example_trigger_target_dag.py took 0.098 seconds
[2025-06-25T09:05:47.357+0000] {processor.py:161} INFO - Started process (PID=306) to work on /home/airflow/.local/lib/python3.8/site-packages/airflow/example_dags/example_trigger_target_dag.py
[2025-06-25T09:05:47.358+0000] {processor.py:830} INFO - Processing file /home/airflow/.local/lib/python3.8/site-packages/airflow/example_dags/example_trigger_target_dag.py for tasks to queue
[2025-06-25T09:05:47.361+0000] {logging_mixin.py:188} INFO - [2025-06-25T09:05:47.360+0000] {dagbag.py:538} INFO - Filling up the DagBag from /home/airflow/.local/lib/python3.8/site-packages/airflow/example_dags/example_trigger_target_dag.py
[2025-06-25T09:05:47.370+0000] {processor.py:840} INFO - DAG(s) 'example_trigger_target_dag' retrieved from /home/airflow/.local/lib/python3.8/site-packages/airflow/example_dags/example_trigger_target_dag.py
[2025-06-25T09:05:47.401+0000] {logging_mixin.py:188} INFO - [2025-06-25T09:05:47.401+0000] {dag.py:3036} INFO - Sync 1 DAGs
[2025-06-25T09:05:47.423+0000] {logging_mixin.py:188} INFO - [2025-06-25T09:05:47.422+0000] {dag.py:3823} INFO - Setting next_dagrun for example_trigger_target_dag to None, run_after=None
[2025-06-25T09:05:47.454+0000] {processor.py:183} INFO - Processing /home/airflow/.local/lib/python3.8/site-packages/airflow/example_dags/example_trigger_target_dag.py took 0.102 seconds
[2025-06-25T09:06:17.860+0000] {processor.py:161} INFO - Started process (PID=372) to work on /home/airflow/.local/lib/python3.8/site-packages/airflow/example_dags/example_trigger_target_dag.py
[2025-06-25T09:06:17.863+0000] {processor.py:830} INFO - Processing file /home/airflow/.local/lib/python3.8/site-packages/airflow/example_dags/example_trigger_target_dag.py for tasks to queue
[2025-06-25T09:06:17.865+0000] {logging_mixin.py:188} INFO - [2025-06-25T09:06:17.865+0000] {dagbag.py:538} INFO - Filling up the DagBag from /home/airflow/.local/lib/python3.8/site-packages/airflow/example_dags/example_trigger_target_dag.py
[2025-06-25T09:06:17.873+0000] {processor.py:840} INFO - DAG(s) 'example_trigger_target_dag' retrieved from /home/airflow/.local/lib/python3.8/site-packages/airflow/example_dags/example_trigger_target_dag.py
[2025-06-25T09:06:17.905+0000] {logging_mixin.py:188} INFO - [2025-06-25T09:06:17.905+0000] {dag.py:3036} INFO - Sync 1 DAGs
[2025-06-25T09:06:17.927+0000] {logging_mixin.py:188} INFO - [2025-06-25T09:06:17.927+0000] {dag.py:3823} INFO - Setting next_dagrun for example_trigger_target_dag to None, run_after=None
[2025-06-25T09:06:17.953+0000] {processor.py:183} INFO - Processing /home/airflow/.local/lib/python3.8/site-packages/airflow/example_dags/example_trigger_target_dag.py took 0.098 seconds
[2025-06-25T09:06:48.502+0000] {processor.py:161} INFO - Started process (PID=444) to work on /home/airflow/.local/lib/python3.8/site-packages/airflow/example_dags/example_trigger_target_dag.py
[2025-06-25T09:06:48.504+0000] {processor.py:830} INFO - Processing file /home/airflow/.local/lib/python3.8/site-packages/airflow/example_dags/example_trigger_target_dag.py for tasks to queue
[2025-06-25T09:06:48.506+0000] {logging_mixin.py:188} INFO - [2025-06-25T09:06:48.506+0000] {dagbag.py:538} INFO - Filling up the DagBag from /home/airflow/.local/lib/python3.8/site-packages/airflow/example_dags/example_trigger_target_dag.py
[2025-06-25T09:06:48.516+0000] {processor.py:840} INFO - DAG(s) 'example_trigger_target_dag' retrieved from /home/airflow/.local/lib/python3.8/site-packages/airflow/example_dags/example_trigger_target_dag.py
[2025-06-25T09:06:48.549+0000] {logging_mixin.py:188} INFO - [2025-06-25T09:06:48.549+0000] {dag.py:3036} INFO - Sync 1 DAGs
[2025-06-25T09:06:48.572+0000] {logging_mixin.py:188} INFO - [2025-06-25T09:06:48.572+0000] {dag.py:3823} INFO - Setting next_dagrun for example_trigger_target_dag to None, run_after=None
[2025-06-25T09:06:48.603+0000] {processor.py:183} INFO - Processing /home/airflow/.local/lib/python3.8/site-packages/airflow/example_dags/example_trigger_target_dag.py took 0.110 seconds
[2025-06-25T09:07:19.110+0000] {processor.py:161} INFO - Started process (PID=510) to work on /home/airflow/.local/lib/python3.8/site-packages/airflow/example_dags/example_trigger_target_dag.py
[2025-06-25T09:07:19.112+0000] {processor.py:830} INFO - Processing file /home/airflow/.local/lib/python3.8/site-packages/airflow/example_dags/example_trigger_target_dag.py for tasks to queue
[2025-06-25T09:07:19.115+0000] {logging_mixin.py:188} INFO - [2025-06-25T09:07:19.115+0000] {dagbag.py:538} INFO - Filling up the DagBag from /home/airflow/.local/lib/python3.8/site-packages/airflow/example_dags/example_trigger_target_dag.py
[2025-06-25T09:07:19.126+0000] {processor.py:840} INFO - DAG(s) 'example_trigger_target_dag' retrieved from /home/airflow/.local/lib/python3.8/site-packages/airflow/example_dags/example_trigger_target_dag.py
[2025-06-25T09:07:19.163+0000] {logging_mixin.py:188} INFO - [2025-06-25T09:07:19.163+0000] {dag.py:3036} INFO - Sync 1 DAGs
[2025-06-25T09:07:19.193+0000] {logging_mixin.py:188} INFO - [2025-06-25T09:07:19.192+0000] {dag.py:3823} INFO - Setting next_dagrun for example_trigger_target_dag to None, run_after=None
[2025-06-25T09:07:19.238+0000] {processor.py:183} INFO - Processing /home/airflow/.local/lib/python3.8/site-packages/airflow/example_dags/example_trigger_target_dag.py took 0.137 seconds
[2025-06-25T09:07:49.454+0000] {processor.py:161} INFO - Started process (PID=576) to work on /home/airflow/.local/lib/python3.8/site-packages/airflow/example_dags/example_trigger_target_dag.py
[2025-06-25T09:07:49.456+0000] {processor.py:830} INFO - Processing file /home/airflow/.local/lib/python3.8/site-packages/airflow/example_dags/example_trigger_target_dag.py for tasks to queue
[2025-06-25T09:07:49.459+0000] {logging_mixin.py:188} INFO - [2025-06-25T09:07:49.459+0000] {dagbag.py:538} INFO - Filling up the DagBag from /home/airflow/.local/lib/python3.8/site-packages/airflow/example_dags/example_trigger_target_dag.py
[2025-06-25T09:07:49.469+0000] {processor.py:840} INFO - DAG(s) 'example_trigger_target_dag' retrieved from /home/airflow/.local/lib/python3.8/site-packages/airflow/example_dags/example_trigger_target_dag.py
[2025-06-25T09:07:49.503+0000] {logging_mixin.py:188} INFO - [2025-06-25T09:07:49.503+0000] {dag.py:3036} INFO - Sync 1 DAGs
[2025-06-25T09:07:49.524+0000] {logging_mixin.py:188} INFO - [2025-06-25T09:07:49.524+0000] {dag.py:3823} INFO - Setting next_dagrun for example_trigger_target_dag to None, run_after=None
[2025-06-25T09:07:49.558+0000] {processor.py:183} INFO - Processing /home/airflow/.local/lib/python3.8/site-packages/airflow/example_dags/example_trigger_target_dag.py took 0.110 seconds
[2025-06-25T09:08:20.189+0000] {processor.py:161} INFO - Started process (PID=642) to work on /home/airflow/.local/lib/python3.8/site-packages/airflow/example_dags/example_trigger_target_dag.py
[2025-06-25T09:08:20.190+0000] {processor.py:830} INFO - Processing file /home/airflow/.local/lib/python3.8/site-packages/airflow/example_dags/example_trigger_target_dag.py for tasks to queue
[2025-06-25T09:08:20.193+0000] {logging_mixin.py:188} INFO - [2025-06-25T09:08:20.192+0000] {dagbag.py:538} INFO - Filling up the DagBag from /home/airflow/.local/lib/python3.8/site-packages/airflow/example_dags/example_trigger_target_dag.py
[2025-06-25T09:08:20.201+0000] {processor.py:840} INFO - DAG(s) 'example_trigger_target_dag' retrieved from /home/airflow/.local/lib/python3.8/site-packages/airflow/example_dags/example_trigger_target_dag.py
[2025-06-25T09:08:20.233+0000] {logging_mixin.py:188} INFO - [2025-06-25T09:08:20.232+0000] {dag.py:3036} INFO - Sync 1 DAGs
[2025-06-25T09:08:20.254+0000] {logging_mixin.py:188} INFO - [2025-06-25T09:08:20.254+0000] {dag.py:3823} INFO - Setting next_dagrun for example_trigger_target_dag to None, run_after=None
[2025-06-25T09:08:20.282+0000] {processor.py:183} INFO - Processing /home/airflow/.local/lib/python3.8/site-packages/airflow/example_dags/example_trigger_target_dag.py took 0.098 seconds
[2025-06-25T09:08:50.976+0000] {processor.py:161} INFO - Started process (PID=706) to work on /home/airflow/.local/lib/python3.8/site-packages/airflow/example_dags/example_trigger_target_dag.py
[2025-06-25T09:08:50.977+0000] {processor.py:830} INFO - Processing file /home/airflow/.local/lib/python3.8/site-packages/airflow/example_dags/example_trigger_target_dag.py for tasks to queue
[2025-06-25T09:08:50.980+0000] {logging_mixin.py:188} INFO - [2025-06-25T09:08:50.980+0000] {dagbag.py:538} INFO - Filling up the DagBag from /home/airflow/.local/lib/python3.8/site-packages/airflow/example_dags/example_trigger_target_dag.py
[2025-06-25T09:08:50.989+0000] {processor.py:840} INFO - DAG(s) 'example_trigger_target_dag' retrieved from /home/airflow/.local/lib/python3.8/site-packages/airflow/example_dags/example_trigger_target_dag.py
[2025-06-25T09:08:51.017+0000] {logging_mixin.py:188} INFO - [2025-06-25T09:08:51.017+0000] {dag.py:3036} INFO - Sync 1 DAGs
[2025-06-25T09:08:51.039+0000] {logging_mixin.py:188} INFO - [2025-06-25T09:08:51.038+0000] {dag.py:3823} INFO - Setting next_dagrun for example_trigger_target_dag to None, run_after=None
[2025-06-25T09:08:51.072+0000] {processor.py:183} INFO - Processing /home/airflow/.local/lib/python3.8/site-packages/airflow/example_dags/example_trigger_target_dag.py took 0.101 seconds
[2025-06-25T09:09:21.377+0000] {processor.py:161} INFO - Started process (PID=771) to work on /home/airflow/.local/lib/python3.8/site-packages/airflow/example_dags/example_trigger_target_dag.py
[2025-06-25T09:09:21.380+0000] {processor.py:830} INFO - Processing file /home/airflow/.local/lib/python3.8/site-packages/airflow/example_dags/example_trigger_target_dag.py for tasks to queue
[2025-06-25T09:09:21.382+0000] {logging_mixin.py:188} INFO - [2025-06-25T09:09:21.382+0000] {dagbag.py:538} INFO - Filling up the DagBag from /home/airflow/.local/lib/python3.8/site-packages/airflow/example_dags/example_trigger_target_dag.py
[2025-06-25T09:09:21.393+0000] {processor.py:840} INFO - DAG(s) 'example_trigger_target_dag' retrieved from /home/airflow/.local/lib/python3.8/site-packages/airflow/example_dags/example_trigger_target_dag.py
[2025-06-25T09:09:21.432+0000] {logging_mixin.py:188} INFO - [2025-06-25T09:09:21.431+0000] {dag.py:3036} INFO - Sync 1 DAGs
[2025-06-25T09:09:21.454+0000] {logging_mixin.py:188} INFO - [2025-06-25T09:09:21.454+0000] {dag.py:3823} INFO - Setting next_dagrun for example_trigger_target_dag to None, run_after=None
[2025-06-25T09:09:21.491+0000] {processor.py:183} INFO - Processing /home/airflow/.local/lib/python3.8/site-packages/airflow/example_dags/example_trigger_target_dag.py took 0.118 seconds
[2025-06-25T09:09:52.604+0000] {processor.py:161} INFO - Started process (PID=835) to work on /home/airflow/.local/lib/python3.8/site-packages/airflow/example_dags/example_trigger_target_dag.py
[2025-06-25T09:09:52.605+0000] {processor.py:830} INFO - Processing file /home/airflow/.local/lib/python3.8/site-packages/airflow/example_dags/example_trigger_target_dag.py for tasks to queue
[2025-06-25T09:09:52.608+0000] {logging_mixin.py:188} INFO - [2025-06-25T09:09:52.608+0000] {dagbag.py:538} INFO - Filling up the DagBag from /home/airflow/.local/lib/python3.8/site-packages/airflow/example_dags/example_trigger_target_dag.py
[2025-06-25T09:09:52.617+0000] {processor.py:840} INFO - DAG(s) 'example_trigger_target_dag' retrieved from /home/airflow/.local/lib/python3.8/site-packages/airflow/example_dags/example_trigger_target_dag.py
[2025-06-25T09:09:52.651+0000] {logging_mixin.py:188} INFO - [2025-06-25T09:09:52.650+0000] {dag.py:3036} INFO - Sync 1 DAGs
[2025-06-25T09:09:52.672+0000] {logging_mixin.py:188} INFO - [2025-06-25T09:09:52.672+0000] {dag.py:3823} INFO - Setting next_dagrun for example_trigger_target_dag to None, run_after=None
[2025-06-25T09:09:52.706+0000] {processor.py:183} INFO - Processing /home/airflow/.local/lib/python3.8/site-packages/airflow/example_dags/example_trigger_target_dag.py took 0.107 seconds
[2025-06-25T09:10:23.789+0000] {processor.py:161} INFO - Started process (PID=900) to work on /home/airflow/.local/lib/python3.8/site-packages/airflow/example_dags/example_trigger_target_dag.py
[2025-06-25T09:10:23.791+0000] {processor.py:830} INFO - Processing file /home/airflow/.local/lib/python3.8/site-packages/airflow/example_dags/example_trigger_target_dag.py for tasks to queue
[2025-06-25T09:10:23.794+0000] {logging_mixin.py:188} INFO - [2025-06-25T09:10:23.794+0000] {dagbag.py:538} INFO - Filling up the DagBag from /home/airflow/.local/lib/python3.8/site-packages/airflow/example_dags/example_trigger_target_dag.py
[2025-06-25T09:10:23.804+0000] {processor.py:840} INFO - DAG(s) 'example_trigger_target_dag' retrieved from /home/airflow/.local/lib/python3.8/site-packages/airflow/example_dags/example_trigger_target_dag.py
[2025-06-25T09:10:23.849+0000] {logging_mixin.py:188} INFO - [2025-06-25T09:10:23.849+0000] {dag.py:3036} INFO - Sync 1 DAGs
[2025-06-25T09:10:23.870+0000] {logging_mixin.py:188} INFO - [2025-06-25T09:10:23.870+0000] {dag.py:3823} INFO - Setting next_dagrun for example_trigger_target_dag to None, run_after=None
[2025-06-25T09:10:23.905+0000] {processor.py:183} INFO - Processing /home/airflow/.local/lib/python3.8/site-packages/airflow/example_dags/example_trigger_target_dag.py took 0.123 seconds
[2025-06-25T09:10:54.580+0000] {processor.py:161} INFO - Started process (PID=965) to work on /home/airflow/.local/lib/python3.8/site-packages/airflow/example_dags/example_trigger_target_dag.py
[2025-06-25T09:10:54.581+0000] {processor.py:830} INFO - Processing file /home/airflow/.local/lib/python3.8/site-packages/airflow/example_dags/example_trigger_target_dag.py for tasks to queue
[2025-06-25T09:10:54.584+0000] {logging_mixin.py:188} INFO - [2025-06-25T09:10:54.584+0000] {dagbag.py:538} INFO - Filling up the DagBag from /home/airflow/.local/lib/python3.8/site-packages/airflow/example_dags/example_trigger_target_dag.py
[2025-06-25T09:10:54.594+0000] {processor.py:840} INFO - DAG(s) 'example_trigger_target_dag' retrieved from /home/airflow/.local/lib/python3.8/site-packages/airflow/example_dags/example_trigger_target_dag.py
[2025-06-25T09:10:54.636+0000] {logging_mixin.py:188} INFO - [2025-06-25T09:10:54.636+0000] {dag.py:3036} INFO - Sync 1 DAGs
[2025-06-25T09:10:54.660+0000] {logging_mixin.py:188} INFO - [2025-06-25T09:10:54.660+0000] {dag.py:3823} INFO - Setting next_dagrun for example_trigger_target_dag to None, run_after=None
[2025-06-25T09:10:54.695+0000] {processor.py:183} INFO - Processing /home/airflow/.local/lib/python3.8/site-packages/airflow/example_dags/example_trigger_target_dag.py took 0.121 seconds
[2025-06-25T09:11:25.930+0000] {processor.py:161} INFO - Started process (PID=1030) to work on /home/airflow/.local/lib/python3.8/site-packages/airflow/example_dags/example_trigger_target_dag.py
[2025-06-25T09:11:25.932+0000] {processor.py:830} INFO - Processing file /home/airflow/.local/lib/python3.8/site-packages/airflow/example_dags/example_trigger_target_dag.py for tasks to queue
[2025-06-25T09:11:25.935+0000] {logging_mixin.py:188} INFO - [2025-06-25T09:11:25.935+0000] {dagbag.py:538} INFO - Filling up the DagBag from /home/airflow/.local/lib/python3.8/site-packages/airflow/example_dags/example_trigger_target_dag.py
[2025-06-25T09:11:25.945+0000] {processor.py:840} INFO - DAG(s) 'example_trigger_target_dag' retrieved from /home/airflow/.local/lib/python3.8/site-packages/airflow/example_dags/example_trigger_target_dag.py
[2025-06-25T09:11:25.980+0000] {logging_mixin.py:188} INFO - [2025-06-25T09:11:25.979+0000] {dag.py:3036} INFO - Sync 1 DAGs
[2025-06-25T09:11:26.003+0000] {logging_mixin.py:188} INFO - [2025-06-25T09:11:26.002+0000] {dag.py:3823} INFO - Setting next_dagrun for example_trigger_target_dag to None, run_after=None
[2025-06-25T09:11:26.045+0000] {processor.py:183} INFO - Processing /home/airflow/.local/lib/python3.8/site-packages/airflow/example_dags/example_trigger_target_dag.py took 0.120 seconds
[2025-06-25T09:11:56.343+0000] {processor.py:161} INFO - Started process (PID=1095) to work on /home/airflow/.local/lib/python3.8/site-packages/airflow/example_dags/example_trigger_target_dag.py
[2025-06-25T09:11:56.345+0000] {processor.py:830} INFO - Processing file /home/airflow/.local/lib/python3.8/site-packages/airflow/example_dags/example_trigger_target_dag.py for tasks to queue
[2025-06-25T09:11:56.347+0000] {logging_mixin.py:188} INFO - [2025-06-25T09:11:56.347+0000] {dagbag.py:538} INFO - Filling up the DagBag from /home/airflow/.local/lib/python3.8/site-packages/airflow/example_dags/example_trigger_target_dag.py
[2025-06-25T09:11:56.357+0000] {processor.py:840} INFO - DAG(s) 'example_trigger_target_dag' retrieved from /home/airflow/.local/lib/python3.8/site-packages/airflow/example_dags/example_trigger_target_dag.py
[2025-06-25T09:11:56.401+0000] {logging_mixin.py:188} INFO - [2025-06-25T09:11:56.400+0000] {dag.py:3036} INFO - Sync 1 DAGs
[2025-06-25T09:11:56.426+0000] {logging_mixin.py:188} INFO - [2025-06-25T09:11:56.426+0000] {dag.py:3823} INFO - Setting next_dagrun for example_trigger_target_dag to None, run_after=None
[2025-06-25T09:11:56.465+0000] {processor.py:183} INFO - Processing /home/airflow/.local/lib/python3.8/site-packages/airflow/example_dags/example_trigger_target_dag.py took 0.127 seconds
[2025-06-25T09:12:27.011+0000] {processor.py:161} INFO - Started process (PID=1158) to work on /home/airflow/.local/lib/python3.8/site-packages/airflow/example_dags/example_trigger_target_dag.py
[2025-06-25T09:12:27.013+0000] {processor.py:830} INFO - Processing file /home/airflow/.local/lib/python3.8/site-packages/airflow/example_dags/example_trigger_target_dag.py for tasks to queue
[2025-06-25T09:12:27.017+0000] {logging_mixin.py:188} INFO - [2025-06-25T09:12:27.016+0000] {dagbag.py:538} INFO - Filling up the DagBag from /home/airflow/.local/lib/python3.8/site-packages/airflow/example_dags/example_trigger_target_dag.py
[2025-06-25T09:12:27.028+0000] {processor.py:840} INFO - DAG(s) 'example_trigger_target_dag' retrieved from /home/airflow/.local/lib/python3.8/site-packages/airflow/example_dags/example_trigger_target_dag.py
[2025-06-25T09:12:27.068+0000] {logging_mixin.py:188} INFO - [2025-06-25T09:12:27.068+0000] {dag.py:3036} INFO - Sync 1 DAGs
[2025-06-25T09:12:27.093+0000] {logging_mixin.py:188} INFO - [2025-06-25T09:12:27.093+0000] {dag.py:3823} INFO - Setting next_dagrun for example_trigger_target_dag to None, run_after=None
[2025-06-25T09:12:27.134+0000] {processor.py:183} INFO - Processing /home/airflow/.local/lib/python3.8/site-packages/airflow/example_dags/example_trigger_target_dag.py took 0.131 seconds
[2025-06-25T09:12:57.834+0000] {processor.py:161} INFO - Started process (PID=1224) to work on /home/airflow/.local/lib/python3.8/site-packages/airflow/example_dags/example_trigger_target_dag.py
[2025-06-25T09:12:57.835+0000] {processor.py:830} INFO - Processing file /home/airflow/.local/lib/python3.8/site-packages/airflow/example_dags/example_trigger_target_dag.py for tasks to queue
[2025-06-25T09:12:57.838+0000] {logging_mixin.py:188} INFO - [2025-06-25T09:12:57.837+0000] {dagbag.py:538} INFO - Filling up the DagBag from /home/airflow/.local/lib/python3.8/site-packages/airflow/example_dags/example_trigger_target_dag.py
[2025-06-25T09:12:57.847+0000] {processor.py:840} INFO - DAG(s) 'example_trigger_target_dag' retrieved from /home/airflow/.local/lib/python3.8/site-packages/airflow/example_dags/example_trigger_target_dag.py
[2025-06-25T09:12:57.888+0000] {logging_mixin.py:188} INFO - [2025-06-25T09:12:57.888+0000] {dag.py:3036} INFO - Sync 1 DAGs
[2025-06-25T09:12:57.914+0000] {logging_mixin.py:188} INFO - [2025-06-25T09:12:57.913+0000] {dag.py:3823} INFO - Setting next_dagrun for example_trigger_target_dag to None, run_after=None
[2025-06-25T09:12:57.955+0000] {processor.py:183} INFO - Processing /home/airflow/.local/lib/python3.8/site-packages/airflow/example_dags/example_trigger_target_dag.py took 0.126 seconds
[2025-06-25T09:13:28.328+0000] {processor.py:161} INFO - Started process (PID=1290) to work on /home/airflow/.local/lib/python3.8/site-packages/airflow/example_dags/example_trigger_target_dag.py
[2025-06-25T09:13:28.330+0000] {processor.py:830} INFO - Processing file /home/airflow/.local/lib/python3.8/site-packages/airflow/example_dags/example_trigger_target_dag.py for tasks to queue
[2025-06-25T09:13:28.333+0000] {logging_mixin.py:188} INFO - [2025-06-25T09:13:28.333+0000] {dagbag.py:538} INFO - Filling up the DagBag from /home/airflow/.local/lib/python3.8/site-packages/airflow/example_dags/example_trigger_target_dag.py
[2025-06-25T09:13:28.343+0000] {processor.py:840} INFO - DAG(s) 'example_trigger_target_dag' retrieved from /home/airflow/.local/lib/python3.8/site-packages/airflow/example_dags/example_trigger_target_dag.py
[2025-06-25T09:13:28.376+0000] {logging_mixin.py:188} INFO - [2025-06-25T09:13:28.376+0000] {dag.py:3036} INFO - Sync 1 DAGs
[2025-06-25T09:13:28.401+0000] {logging_mixin.py:188} INFO - [2025-06-25T09:13:28.400+0000] {dag.py:3823} INFO - Setting next_dagrun for example_trigger_target_dag to None, run_after=None
[2025-06-25T09:13:28.440+0000] {processor.py:183} INFO - Processing /home/airflow/.local/lib/python3.8/site-packages/airflow/example_dags/example_trigger_target_dag.py took 0.118 seconds
[2025-06-25T09:13:59.735+0000] {processor.py:161} INFO - Started process (PID=1356) to work on /home/airflow/.local/lib/python3.8/site-packages/airflow/example_dags/example_trigger_target_dag.py
[2025-06-25T09:13:59.740+0000] {processor.py:830} INFO - Processing file /home/airflow/.local/lib/python3.8/site-packages/airflow/example_dags/example_trigger_target_dag.py for tasks to queue
[2025-06-25T09:13:59.744+0000] {logging_mixin.py:188} INFO - [2025-06-25T09:13:59.742+0000] {dagbag.py:538} INFO - Filling up the DagBag from /home/airflow/.local/lib/python3.8/site-packages/airflow/example_dags/example_trigger_target_dag.py
[2025-06-25T09:13:59.755+0000] {processor.py:840} INFO - DAG(s) 'example_trigger_target_dag' retrieved from /home/airflow/.local/lib/python3.8/site-packages/airflow/example_dags/example_trigger_target_dag.py
[2025-06-25T09:13:59.795+0000] {logging_mixin.py:188} INFO - [2025-06-25T09:13:59.794+0000] {dag.py:3036} INFO - Sync 1 DAGs
[2025-06-25T09:13:59.819+0000] {logging_mixin.py:188} INFO - [2025-06-25T09:13:59.819+0000] {dag.py:3823} INFO - Setting next_dagrun for example_trigger_target_dag to None, run_after=None
[2025-06-25T09:13:59.856+0000] {processor.py:183} INFO - Processing /home/airflow/.local/lib/python3.8/site-packages/airflow/example_dags/example_trigger_target_dag.py took 0.129 seconds
[2025-06-25T09:14:30.704+0000] {processor.py:161} INFO - Started process (PID=1421) to work on /home/airflow/.local/lib/python3.8/site-packages/airflow/example_dags/example_trigger_target_dag.py
[2025-06-25T09:14:30.707+0000] {processor.py:830} INFO - Processing file /home/airflow/.local/lib/python3.8/site-packages/airflow/example_dags/example_trigger_target_dag.py for tasks to queue
[2025-06-25T09:14:30.711+0000] {logging_mixin.py:188} INFO - [2025-06-25T09:14:30.710+0000] {dagbag.py:538} INFO - Filling up the DagBag from /home/airflow/.local/lib/python3.8/site-packages/airflow/example_dags/example_trigger_target_dag.py
[2025-06-25T09:14:30.723+0000] {processor.py:840} INFO - DAG(s) 'example_trigger_target_dag' retrieved from /home/airflow/.local/lib/python3.8/site-packages/airflow/example_dags/example_trigger_target_dag.py
[2025-06-25T09:14:30.764+0000] {logging_mixin.py:188} INFO - [2025-06-25T09:14:30.763+0000] {dag.py:3036} INFO - Sync 1 DAGs
[2025-06-25T09:14:30.795+0000] {logging_mixin.py:188} INFO - [2025-06-25T09:14:30.794+0000] {dag.py:3823} INFO - Setting next_dagrun for example_trigger_target_dag to None, run_after=None
[2025-06-25T09:14:30.830+0000] {processor.py:183} INFO - Processing /home/airflow/.local/lib/python3.8/site-packages/airflow/example_dags/example_trigger_target_dag.py took 0.132 seconds
[2025-06-25T09:15:02.209+0000] {processor.py:161} INFO - Started process (PID=1486) to work on /home/airflow/.local/lib/python3.8/site-packages/airflow/example_dags/example_trigger_target_dag.py
[2025-06-25T09:15:02.220+0000] {processor.py:830} INFO - Processing file /home/airflow/.local/lib/python3.8/site-packages/airflow/example_dags/example_trigger_target_dag.py for tasks to queue
[2025-06-25T09:15:02.223+0000] {logging_mixin.py:188} INFO - [2025-06-25T09:15:02.222+0000] {dagbag.py:538} INFO - Filling up the DagBag from /home/airflow/.local/lib/python3.8/site-packages/airflow/example_dags/example_trigger_target_dag.py
[2025-06-25T09:15:02.238+0000] {processor.py:840} INFO - DAG(s) 'example_trigger_target_dag' retrieved from /home/airflow/.local/lib/python3.8/site-packages/airflow/example_dags/example_trigger_target_dag.py
[2025-06-25T09:15:02.373+0000] {logging_mixin.py:188} INFO - [2025-06-25T09:15:02.371+0000] {dag.py:3036} INFO - Sync 1 DAGs
[2025-06-25T09:15:02.447+0000] {logging_mixin.py:188} INFO - [2025-06-25T09:15:02.447+0000] {dag.py:3823} INFO - Setting next_dagrun for example_trigger_target_dag to None, run_after=None
[2025-06-25T09:15:02.512+0000] {processor.py:183} INFO - Processing /home/airflow/.local/lib/python3.8/site-packages/airflow/example_dags/example_trigger_target_dag.py took 0.334 seconds
[2025-06-25T09:15:32.621+0000] {processor.py:161} INFO - Started process (PID=1550) to work on /home/airflow/.local/lib/python3.8/site-packages/airflow/example_dags/example_trigger_target_dag.py
[2025-06-25T09:15:32.622+0000] {processor.py:830} INFO - Processing file /home/airflow/.local/lib/python3.8/site-packages/airflow/example_dags/example_trigger_target_dag.py for tasks to queue
[2025-06-25T09:15:32.626+0000] {logging_mixin.py:188} INFO - [2025-06-25T09:15:32.626+0000] {dagbag.py:538} INFO - Filling up the DagBag from /home/airflow/.local/lib/python3.8/site-packages/airflow/example_dags/example_trigger_target_dag.py
[2025-06-25T09:15:32.640+0000] {processor.py:840} INFO - DAG(s) 'example_trigger_target_dag' retrieved from /home/airflow/.local/lib/python3.8/site-packages/airflow/example_dags/example_trigger_target_dag.py
[2025-06-25T09:15:32.688+0000] {logging_mixin.py:188} INFO - [2025-06-25T09:15:32.687+0000] {dag.py:3036} INFO - Sync 1 DAGs
[2025-06-25T09:15:32.767+0000] {logging_mixin.py:188} INFO - [2025-06-25T09:15:32.766+0000] {dag.py:3823} INFO - Setting next_dagrun for example_trigger_target_dag to None, run_after=None
[2025-06-25T09:15:32.827+0000] {processor.py:183} INFO - Processing /home/airflow/.local/lib/python3.8/site-packages/airflow/example_dags/example_trigger_target_dag.py took 0.214 seconds
[2025-06-25T09:16:03.168+0000] {processor.py:161} INFO - Started process (PID=1608) to work on /home/airflow/.local/lib/python3.8/site-packages/airflow/example_dags/example_trigger_target_dag.py
[2025-06-25T09:16:03.172+0000] {processor.py:830} INFO - Processing file /home/airflow/.local/lib/python3.8/site-packages/airflow/example_dags/example_trigger_target_dag.py for tasks to queue
[2025-06-25T09:16:03.175+0000] {logging_mixin.py:188} INFO - [2025-06-25T09:16:03.174+0000] {dagbag.py:538} INFO - Filling up the DagBag from /home/airflow/.local/lib/python3.8/site-packages/airflow/example_dags/example_trigger_target_dag.py
[2025-06-25T09:16:03.188+0000] {processor.py:840} INFO - DAG(s) 'example_trigger_target_dag' retrieved from /home/airflow/.local/lib/python3.8/site-packages/airflow/example_dags/example_trigger_target_dag.py
[2025-06-25T09:16:03.237+0000] {logging_mixin.py:188} INFO - [2025-06-25T09:16:03.237+0000] {dag.py:3036} INFO - Sync 1 DAGs
[2025-06-25T09:16:03.266+0000] {logging_mixin.py:188} INFO - [2025-06-25T09:16:03.265+0000] {dag.py:3823} INFO - Setting next_dagrun for example_trigger_target_dag to None, run_after=None
[2025-06-25T09:16:03.307+0000] {processor.py:183} INFO - Processing /home/airflow/.local/lib/python3.8/site-packages/airflow/example_dags/example_trigger_target_dag.py took 0.146 seconds
[2025-06-25T09:16:34.093+0000] {processor.py:161} INFO - Started process (PID=1672) to work on /home/airflow/.local/lib/python3.8/site-packages/airflow/example_dags/example_trigger_target_dag.py
[2025-06-25T09:16:34.095+0000] {processor.py:830} INFO - Processing file /home/airflow/.local/lib/python3.8/site-packages/airflow/example_dags/example_trigger_target_dag.py for tasks to queue
[2025-06-25T09:16:34.099+0000] {logging_mixin.py:188} INFO - [2025-06-25T09:16:34.099+0000] {dagbag.py:538} INFO - Filling up the DagBag from /home/airflow/.local/lib/python3.8/site-packages/airflow/example_dags/example_trigger_target_dag.py
[2025-06-25T09:16:34.112+0000] {processor.py:840} INFO - DAG(s) 'example_trigger_target_dag' retrieved from /home/airflow/.local/lib/python3.8/site-packages/airflow/example_dags/example_trigger_target_dag.py
[2025-06-25T09:16:34.155+0000] {logging_mixin.py:188} INFO - [2025-06-25T09:16:34.154+0000] {dag.py:3036} INFO - Sync 1 DAGs
[2025-06-25T09:16:34.184+0000] {logging_mixin.py:188} INFO - [2025-06-25T09:16:34.183+0000] {dag.py:3823} INFO - Setting next_dagrun for example_trigger_target_dag to None, run_after=None
[2025-06-25T09:16:34.226+0000] {processor.py:183} INFO - Processing /home/airflow/.local/lib/python3.8/site-packages/airflow/example_dags/example_trigger_target_dag.py took 0.140 seconds
[2025-06-25T09:17:04.743+0000] {processor.py:161} INFO - Started process (PID=1737) to work on /home/airflow/.local/lib/python3.8/site-packages/airflow/example_dags/example_trigger_target_dag.py
[2025-06-25T09:17:04.746+0000] {processor.py:830} INFO - Processing file /home/airflow/.local/lib/python3.8/site-packages/airflow/example_dags/example_trigger_target_dag.py for tasks to queue
[2025-06-25T09:17:04.752+0000] {logging_mixin.py:188} INFO - [2025-06-25T09:17:04.751+0000] {dagbag.py:538} INFO - Filling up the DagBag from /home/airflow/.local/lib/python3.8/site-packages/airflow/example_dags/example_trigger_target_dag.py
[2025-06-25T09:17:04.766+0000] {processor.py:840} INFO - DAG(s) 'example_trigger_target_dag' retrieved from /home/airflow/.local/lib/python3.8/site-packages/airflow/example_dags/example_trigger_target_dag.py
[2025-06-25T09:17:04.811+0000] {logging_mixin.py:188} INFO - [2025-06-25T09:17:04.810+0000] {dag.py:3036} INFO - Sync 1 DAGs
[2025-06-25T09:17:04.837+0000] {logging_mixin.py:188} INFO - [2025-06-25T09:17:04.837+0000] {dag.py:3823} INFO - Setting next_dagrun for example_trigger_target_dag to None, run_after=None
[2025-06-25T09:17:04.887+0000] {processor.py:183} INFO - Processing /home/airflow/.local/lib/python3.8/site-packages/airflow/example_dags/example_trigger_target_dag.py took 0.152 seconds
[2025-06-25T09:17:36.092+0000] {processor.py:161} INFO - Started process (PID=1803) to work on /home/airflow/.local/lib/python3.8/site-packages/airflow/example_dags/example_trigger_target_dag.py
[2025-06-25T09:17:36.095+0000] {processor.py:830} INFO - Processing file /home/airflow/.local/lib/python3.8/site-packages/airflow/example_dags/example_trigger_target_dag.py for tasks to queue
[2025-06-25T09:17:36.098+0000] {logging_mixin.py:188} INFO - [2025-06-25T09:17:36.097+0000] {dagbag.py:538} INFO - Filling up the DagBag from /home/airflow/.local/lib/python3.8/site-packages/airflow/example_dags/example_trigger_target_dag.py
[2025-06-25T09:17:36.109+0000] {processor.py:840} INFO - DAG(s) 'example_trigger_target_dag' retrieved from /home/airflow/.local/lib/python3.8/site-packages/airflow/example_dags/example_trigger_target_dag.py
[2025-06-25T09:17:36.147+0000] {logging_mixin.py:188} INFO - [2025-06-25T09:17:36.147+0000] {dag.py:3036} INFO - Sync 1 DAGs
[2025-06-25T09:17:36.173+0000] {logging_mixin.py:188} INFO - [2025-06-25T09:17:36.173+0000] {dag.py:3823} INFO - Setting next_dagrun for example_trigger_target_dag to None, run_after=None
[2025-06-25T09:17:36.224+0000] {processor.py:183} INFO - Processing /home/airflow/.local/lib/python3.8/site-packages/airflow/example_dags/example_trigger_target_dag.py took 0.137 seconds
[2025-06-25T09:18:06.409+0000] {processor.py:161} INFO - Started process (PID=1867) to work on /home/airflow/.local/lib/python3.8/site-packages/airflow/example_dags/example_trigger_target_dag.py
[2025-06-25T09:18:06.411+0000] {processor.py:830} INFO - Processing file /home/airflow/.local/lib/python3.8/site-packages/airflow/example_dags/example_trigger_target_dag.py for tasks to queue
[2025-06-25T09:18:06.414+0000] {logging_mixin.py:188} INFO - [2025-06-25T09:18:06.414+0000] {dagbag.py:538} INFO - Filling up the DagBag from /home/airflow/.local/lib/python3.8/site-packages/airflow/example_dags/example_trigger_target_dag.py
[2025-06-25T09:18:06.426+0000] {processor.py:840} INFO - DAG(s) 'example_trigger_target_dag' retrieved from /home/airflow/.local/lib/python3.8/site-packages/airflow/example_dags/example_trigger_target_dag.py
[2025-06-25T09:18:06.479+0000] {logging_mixin.py:188} INFO - [2025-06-25T09:18:06.479+0000] {dag.py:3036} INFO - Sync 1 DAGs
[2025-06-25T09:18:06.501+0000] {logging_mixin.py:188} INFO - [2025-06-25T09:18:06.501+0000] {dag.py:3823} INFO - Setting next_dagrun for example_trigger_target_dag to None, run_after=None
[2025-06-25T09:18:06.547+0000] {processor.py:183} INFO - Processing /home/airflow/.local/lib/python3.8/site-packages/airflow/example_dags/example_trigger_target_dag.py took 0.144 seconds
[2025-06-25T09:18:37.793+0000] {processor.py:161} INFO - Started process (PID=1933) to work on /home/airflow/.local/lib/python3.8/site-packages/airflow/example_dags/example_trigger_target_dag.py
[2025-06-25T09:18:37.801+0000] {processor.py:830} INFO - Processing file /home/airflow/.local/lib/python3.8/site-packages/airflow/example_dags/example_trigger_target_dag.py for tasks to queue
[2025-06-25T09:18:37.809+0000] {logging_mixin.py:188} INFO - [2025-06-25T09:18:37.808+0000] {dagbag.py:538} INFO - Filling up the DagBag from /home/airflow/.local/lib/python3.8/site-packages/airflow/example_dags/example_trigger_target_dag.py
[2025-06-25T09:18:37.846+0000] {processor.py:840} INFO - DAG(s) 'example_trigger_target_dag' retrieved from /home/airflow/.local/lib/python3.8/site-packages/airflow/example_dags/example_trigger_target_dag.py
[2025-06-25T09:18:37.910+0000] {logging_mixin.py:188} INFO - [2025-06-25T09:18:37.910+0000] {dag.py:3036} INFO - Sync 1 DAGs
[2025-06-25T09:18:37.937+0000] {logging_mixin.py:188} INFO - [2025-06-25T09:18:37.937+0000] {dag.py:3823} INFO - Setting next_dagrun for example_trigger_target_dag to None, run_after=None
[2025-06-25T09:18:37.979+0000] {processor.py:183} INFO - Processing /home/airflow/.local/lib/python3.8/site-packages/airflow/example_dags/example_trigger_target_dag.py took 0.206 seconds
[2025-06-25T09:19:08.513+0000] {processor.py:161} INFO - Started process (PID=1998) to work on /home/airflow/.local/lib/python3.8/site-packages/airflow/example_dags/example_trigger_target_dag.py
[2025-06-25T09:19:08.519+0000] {processor.py:830} INFO - Processing file /home/airflow/.local/lib/python3.8/site-packages/airflow/example_dags/example_trigger_target_dag.py for tasks to queue
[2025-06-25T09:19:08.522+0000] {logging_mixin.py:188} INFO - [2025-06-25T09:19:08.522+0000] {dagbag.py:538} INFO - Filling up the DagBag from /home/airflow/.local/lib/python3.8/site-packages/airflow/example_dags/example_trigger_target_dag.py
[2025-06-25T09:19:08.533+0000] {processor.py:840} INFO - DAG(s) 'example_trigger_target_dag' retrieved from /home/airflow/.local/lib/python3.8/site-packages/airflow/example_dags/example_trigger_target_dag.py
[2025-06-25T09:19:08.570+0000] {logging_mixin.py:188} INFO - [2025-06-25T09:19:08.570+0000] {dag.py:3036} INFO - Sync 1 DAGs
[2025-06-25T09:19:08.596+0000] {logging_mixin.py:188} INFO - [2025-06-25T09:19:08.596+0000] {dag.py:3823} INFO - Setting next_dagrun for example_trigger_target_dag to None, run_after=None
[2025-06-25T09:19:08.631+0000] {processor.py:183} INFO - Processing /home/airflow/.local/lib/python3.8/site-packages/airflow/example_dags/example_trigger_target_dag.py took 0.124 seconds
[2025-06-25T09:19:38.865+0000] {processor.py:161} INFO - Started process (PID=2063) to work on /home/airflow/.local/lib/python3.8/site-packages/airflow/example_dags/example_trigger_target_dag.py
[2025-06-25T09:19:38.869+0000] {processor.py:830} INFO - Processing file /home/airflow/.local/lib/python3.8/site-packages/airflow/example_dags/example_trigger_target_dag.py for tasks to queue
[2025-06-25T09:19:38.873+0000] {logging_mixin.py:188} INFO - [2025-06-25T09:19:38.872+0000] {dagbag.py:538} INFO - Filling up the DagBag from /home/airflow/.local/lib/python3.8/site-packages/airflow/example_dags/example_trigger_target_dag.py
[2025-06-25T09:19:38.884+0000] {processor.py:840} INFO - DAG(s) 'example_trigger_target_dag' retrieved from /home/airflow/.local/lib/python3.8/site-packages/airflow/example_dags/example_trigger_target_dag.py
[2025-06-25T09:19:38.922+0000] {logging_mixin.py:188} INFO - [2025-06-25T09:19:38.922+0000] {dag.py:3036} INFO - Sync 1 DAGs
[2025-06-25T09:19:38.949+0000] {logging_mixin.py:188} INFO - [2025-06-25T09:19:38.949+0000] {dag.py:3823} INFO - Setting next_dagrun for example_trigger_target_dag to None, run_after=None
[2025-06-25T09:19:38.985+0000] {processor.py:183} INFO - Processing /home/airflow/.local/lib/python3.8/site-packages/airflow/example_dags/example_trigger_target_dag.py took 0.126 seconds
[2025-06-25T09:20:09.925+0000] {processor.py:161} INFO - Started process (PID=2128) to work on /home/airflow/.local/lib/python3.8/site-packages/airflow/example_dags/example_trigger_target_dag.py
[2025-06-25T09:20:09.926+0000] {processor.py:830} INFO - Processing file /home/airflow/.local/lib/python3.8/site-packages/airflow/example_dags/example_trigger_target_dag.py for tasks to queue
[2025-06-25T09:20:09.931+0000] {logging_mixin.py:188} INFO - [2025-06-25T09:20:09.930+0000] {dagbag.py:538} INFO - Filling up the DagBag from /home/airflow/.local/lib/python3.8/site-packages/airflow/example_dags/example_trigger_target_dag.py
[2025-06-25T09:20:09.947+0000] {processor.py:840} INFO - DAG(s) 'example_trigger_target_dag' retrieved from /home/airflow/.local/lib/python3.8/site-packages/airflow/example_dags/example_trigger_target_dag.py
[2025-06-25T09:20:09.992+0000] {logging_mixin.py:188} INFO - [2025-06-25T09:20:09.991+0000] {dag.py:3036} INFO - Sync 1 DAGs
[2025-06-25T09:20:10.025+0000] {logging_mixin.py:188} INFO - [2025-06-25T09:20:10.024+0000] {dag.py:3823} INFO - Setting next_dagrun for example_trigger_target_dag to None, run_after=None
[2025-06-25T09:20:10.060+0000] {processor.py:183} INFO - Processing /home/airflow/.local/lib/python3.8/site-packages/airflow/example_dags/example_trigger_target_dag.py took 0.144 seconds
[2025-06-25T09:20:40.974+0000] {processor.py:161} INFO - Started process (PID=2201) to work on /home/airflow/.local/lib/python3.8/site-packages/airflow/example_dags/example_trigger_target_dag.py
[2025-06-25T09:20:40.976+0000] {processor.py:830} INFO - Processing file /home/airflow/.local/lib/python3.8/site-packages/airflow/example_dags/example_trigger_target_dag.py for tasks to queue
[2025-06-25T09:20:40.979+0000] {logging_mixin.py:188} INFO - [2025-06-25T09:20:40.979+0000] {dagbag.py:538} INFO - Filling up the DagBag from /home/airflow/.local/lib/python3.8/site-packages/airflow/example_dags/example_trigger_target_dag.py
[2025-06-25T09:20:40.989+0000] {processor.py:840} INFO - DAG(s) 'example_trigger_target_dag' retrieved from /home/airflow/.local/lib/python3.8/site-packages/airflow/example_dags/example_trigger_target_dag.py
[2025-06-25T09:20:41.030+0000] {logging_mixin.py:188} INFO - [2025-06-25T09:20:41.027+0000] {dag.py:3036} INFO - Sync 1 DAGs
[2025-06-25T09:20:41.057+0000] {logging_mixin.py:188} INFO - [2025-06-25T09:20:41.056+0000] {dag.py:3823} INFO - Setting next_dagrun for example_trigger_target_dag to None, run_after=None
[2025-06-25T09:20:41.100+0000] {processor.py:183} INFO - Processing /home/airflow/.local/lib/python3.8/site-packages/airflow/example_dags/example_trigger_target_dag.py took 0.132 seconds
[2025-06-25T09:21:11.439+0000] {processor.py:161} INFO - Started process (PID=2266) to work on /home/airflow/.local/lib/python3.8/site-packages/airflow/example_dags/example_trigger_target_dag.py
[2025-06-25T09:21:11.440+0000] {processor.py:830} INFO - Processing file /home/airflow/.local/lib/python3.8/site-packages/airflow/example_dags/example_trigger_target_dag.py for tasks to queue
[2025-06-25T09:21:11.443+0000] {logging_mixin.py:188} INFO - [2025-06-25T09:21:11.442+0000] {dagbag.py:538} INFO - Filling up the DagBag from /home/airflow/.local/lib/python3.8/site-packages/airflow/example_dags/example_trigger_target_dag.py
[2025-06-25T09:21:11.451+0000] {processor.py:840} INFO - DAG(s) 'example_trigger_target_dag' retrieved from /home/airflow/.local/lib/python3.8/site-packages/airflow/example_dags/example_trigger_target_dag.py
[2025-06-25T09:21:11.480+0000] {logging_mixin.py:188} INFO - [2025-06-25T09:21:11.480+0000] {dag.py:3036} INFO - Sync 1 DAGs
[2025-06-25T09:21:11.501+0000] {logging_mixin.py:188} INFO - [2025-06-25T09:21:11.500+0000] {dag.py:3823} INFO - Setting next_dagrun for example_trigger_target_dag to None, run_after=None
[2025-06-25T09:21:11.530+0000] {processor.py:183} INFO - Processing /home/airflow/.local/lib/python3.8/site-packages/airflow/example_dags/example_trigger_target_dag.py took 0.097 seconds
