[2025-06-25T09:04:12.378+0000] {processor.py:161} INFO - Started process (PID=93) to work on /home/airflow/.local/lib/python3.8/site-packages/airflow/example_dags/example_branch_datetime_operator.py
[2025-06-25T09:04:12.379+0000] {processor.py:830} INFO - Processing file /home/airflow/.local/lib/python3.8/site-packages/airflow/example_dags/example_branch_datetime_operator.py for tasks to queue
[2025-06-25T09:04:12.382+0000] {logging_mixin.py:188} INFO - [2025-06-25T09:04:12.382+0000] {dagbag.py:538} INFO - Filling up the DagBag from /home/airflow/.local/lib/python3.8/site-packages/airflow/example_dags/example_branch_datetime_operator.py
[2025-06-25T09:04:12.404+0000] {processor.py:840} INFO - DAG(s) 'example_branch_datetime_operator_3', 'example_branch_datetime_operator_2', 'example_branch_datetime_operator' retrieved from /home/airflow/.local/lib/python3.8/site-packages/airflow/example_dags/example_branch_datetime_operator.py
[2025-06-25T09:04:12.489+0000] {logging_mixin.py:188} INFO - [2025-06-25T09:04:12.487+0000] {dag.py:3036} INFO - Sync 3 DAGs
[2025-06-25T09:04:12.636+0000] {logging_mixin.py:188} INFO - [2025-06-25T09:04:12.635+0000] {dag.py:3823} INFO - Setting next_dagrun for example_branch_datetime_operator to 2025-06-24 00:00:00+00:00, run_after=2025-06-25 00:00:00+00:00
[2025-06-25T09:04:12.645+0000] {logging_mixin.py:188} INFO - [2025-06-25T09:04:12.645+0000] {dag.py:3823} INFO - Setting next_dagrun for example_branch_datetime_operator_2 to 2025-06-24 00:00:00+00:00, run_after=2025-06-25 00:00:00+00:00
[2025-06-25T09:04:12.652+0000] {logging_mixin.py:188} INFO - [2025-06-25T09:04:12.651+0000] {dag.py:3823} INFO - Setting next_dagrun for example_branch_datetime_operator_3 to 2025-06-24 00:00:00+00:00, run_after=2025-06-25 00:00:00+00:00
[2025-06-25T09:04:12.693+0000] {processor.py:183} INFO - Processing /home/airflow/.local/lib/python3.8/site-packages/airflow/example_dags/example_branch_datetime_operator.py took 0.321 seconds
[2025-06-25T09:04:43.054+0000] {processor.py:161} INFO - Started process (PID=157) to work on /home/airflow/.local/lib/python3.8/site-packages/airflow/example_dags/example_branch_datetime_operator.py
[2025-06-25T09:04:43.055+0000] {processor.py:830} INFO - Processing file /home/airflow/.local/lib/python3.8/site-packages/airflow/example_dags/example_branch_datetime_operator.py for tasks to queue
[2025-06-25T09:04:43.058+0000] {logging_mixin.py:188} INFO - [2025-06-25T09:04:43.057+0000] {dagbag.py:538} INFO - Filling up the DagBag from /home/airflow/.local/lib/python3.8/site-packages/airflow/example_dags/example_branch_datetime_operator.py
[2025-06-25T09:04:43.073+0000] {processor.py:840} INFO - DAG(s) 'example_branch_datetime_operator_3', 'example_branch_datetime_operator', 'example_branch_datetime_operator_2' retrieved from /home/airflow/.local/lib/python3.8/site-packages/airflow/example_dags/example_branch_datetime_operator.py
[2025-06-25T09:04:43.117+0000] {logging_mixin.py:188} INFO - [2025-06-25T09:04:43.116+0000] {dag.py:3036} INFO - Sync 3 DAGs
[2025-06-25T09:04:43.153+0000] {logging_mixin.py:188} INFO - [2025-06-25T09:04:43.152+0000] {dag.py:3823} INFO - Setting next_dagrun for example_branch_datetime_operator to 2025-06-24 00:00:00+00:00, run_after=2025-06-25 00:00:00+00:00
[2025-06-25T09:04:43.161+0000] {logging_mixin.py:188} INFO - [2025-06-25T09:04:43.160+0000] {dag.py:3823} INFO - Setting next_dagrun for example_branch_datetime_operator_2 to 2025-06-24 00:00:00+00:00, run_after=2025-06-25 00:00:00+00:00
[2025-06-25T09:04:43.165+0000] {logging_mixin.py:188} INFO - [2025-06-25T09:04:43.165+0000] {dag.py:3823} INFO - Setting next_dagrun for example_branch_datetime_operator_3 to 2025-06-24 00:00:00+00:00, run_after=2025-06-25 00:00:00+00:00
[2025-06-25T09:04:43.204+0000] {processor.py:183} INFO - Processing /home/airflow/.local/lib/python3.8/site-packages/airflow/example_dags/example_branch_datetime_operator.py took 0.155 seconds
[2025-06-25T09:05:13.471+0000] {processor.py:161} INFO - Started process (PID=223) to work on /home/airflow/.local/lib/python3.8/site-packages/airflow/example_dags/example_branch_datetime_operator.py
[2025-06-25T09:05:13.473+0000] {processor.py:830} INFO - Processing file /home/airflow/.local/lib/python3.8/site-packages/airflow/example_dags/example_branch_datetime_operator.py for tasks to queue
[2025-06-25T09:05:13.476+0000] {logging_mixin.py:188} INFO - [2025-06-25T09:05:13.476+0000] {dagbag.py:538} INFO - Filling up the DagBag from /home/airflow/.local/lib/python3.8/site-packages/airflow/example_dags/example_branch_datetime_operator.py
[2025-06-25T09:05:13.493+0000] {processor.py:840} INFO - DAG(s) 'example_branch_datetime_operator_3', 'example_branch_datetime_operator', 'example_branch_datetime_operator_2' retrieved from /home/airflow/.local/lib/python3.8/site-packages/airflow/example_dags/example_branch_datetime_operator.py
[2025-06-25T09:05:13.539+0000] {logging_mixin.py:188} INFO - [2025-06-25T09:05:13.539+0000] {dag.py:3036} INFO - Sync 3 DAGs
[2025-06-25T09:05:13.587+0000] {logging_mixin.py:188} INFO - [2025-06-25T09:05:13.587+0000] {dag.py:3823} INFO - Setting next_dagrun for example_branch_datetime_operator to 2025-06-24 00:00:00+00:00, run_after=2025-06-25 00:00:00+00:00
[2025-06-25T09:05:13.598+0000] {logging_mixin.py:188} INFO - [2025-06-25T09:05:13.598+0000] {dag.py:3823} INFO - Setting next_dagrun for example_branch_datetime_operator_2 to 2025-06-24 00:00:00+00:00, run_after=2025-06-25 00:00:00+00:00
[2025-06-25T09:05:13.604+0000] {logging_mixin.py:188} INFO - [2025-06-25T09:05:13.603+0000] {dag.py:3823} INFO - Setting next_dagrun for example_branch_datetime_operator_3 to 2025-06-24 00:00:00+00:00, run_after=2025-06-25 00:00:00+00:00
[2025-06-25T09:05:13.635+0000] {processor.py:183} INFO - Processing /home/airflow/.local/lib/python3.8/site-packages/airflow/example_dags/example_branch_datetime_operator.py took 0.170 seconds
[2025-06-25T09:05:44.592+0000] {processor.py:161} INFO - Started process (PID=289) to work on /home/airflow/.local/lib/python3.8/site-packages/airflow/example_dags/example_branch_datetime_operator.py
[2025-06-25T09:05:44.593+0000] {processor.py:830} INFO - Processing file /home/airflow/.local/lib/python3.8/site-packages/airflow/example_dags/example_branch_datetime_operator.py for tasks to queue
[2025-06-25T09:05:44.596+0000] {logging_mixin.py:188} INFO - [2025-06-25T09:05:44.595+0000] {dagbag.py:538} INFO - Filling up the DagBag from /home/airflow/.local/lib/python3.8/site-packages/airflow/example_dags/example_branch_datetime_operator.py
[2025-06-25T09:05:44.613+0000] {processor.py:840} INFO - DAG(s) 'example_branch_datetime_operator_3', 'example_branch_datetime_operator', 'example_branch_datetime_operator_2' retrieved from /home/airflow/.local/lib/python3.8/site-packages/airflow/example_dags/example_branch_datetime_operator.py
[2025-06-25T09:05:44.662+0000] {logging_mixin.py:188} INFO - [2025-06-25T09:05:44.661+0000] {dag.py:3036} INFO - Sync 3 DAGs
[2025-06-25T09:05:44.702+0000] {logging_mixin.py:188} INFO - [2025-06-25T09:05:44.701+0000] {dag.py:3823} INFO - Setting next_dagrun for example_branch_datetime_operator to 2025-06-24 00:00:00+00:00, run_after=2025-06-25 00:00:00+00:00
[2025-06-25T09:05:44.712+0000] {logging_mixin.py:188} INFO - [2025-06-25T09:05:44.711+0000] {dag.py:3823} INFO - Setting next_dagrun for example_branch_datetime_operator_2 to 2025-06-24 00:00:00+00:00, run_after=2025-06-25 00:00:00+00:00
[2025-06-25T09:05:44.717+0000] {logging_mixin.py:188} INFO - [2025-06-25T09:05:44.716+0000] {dag.py:3823} INFO - Setting next_dagrun for example_branch_datetime_operator_3 to 2025-06-24 00:00:00+00:00, run_after=2025-06-25 00:00:00+00:00
[2025-06-25T09:05:44.744+0000] {processor.py:183} INFO - Processing /home/airflow/.local/lib/python3.8/site-packages/airflow/example_dags/example_branch_datetime_operator.py took 0.157 seconds
[2025-06-25T09:06:15.439+0000] {processor.py:161} INFO - Started process (PID=355) to work on /home/airflow/.local/lib/python3.8/site-packages/airflow/example_dags/example_branch_datetime_operator.py
[2025-06-25T09:06:15.441+0000] {processor.py:830} INFO - Processing file /home/airflow/.local/lib/python3.8/site-packages/airflow/example_dags/example_branch_datetime_operator.py for tasks to queue
[2025-06-25T09:06:15.444+0000] {logging_mixin.py:188} INFO - [2025-06-25T09:06:15.443+0000] {dagbag.py:538} INFO - Filling up the DagBag from /home/airflow/.local/lib/python3.8/site-packages/airflow/example_dags/example_branch_datetime_operator.py
[2025-06-25T09:06:15.463+0000] {processor.py:840} INFO - DAG(s) 'example_branch_datetime_operator', 'example_branch_datetime_operator_2', 'example_branch_datetime_operator_3' retrieved from /home/airflow/.local/lib/python3.8/site-packages/airflow/example_dags/example_branch_datetime_operator.py
[2025-06-25T09:06:15.507+0000] {logging_mixin.py:188} INFO - [2025-06-25T09:06:15.507+0000] {dag.py:3036} INFO - Sync 3 DAGs
[2025-06-25T09:06:15.549+0000] {logging_mixin.py:188} INFO - [2025-06-25T09:06:15.548+0000] {dag.py:3823} INFO - Setting next_dagrun for example_branch_datetime_operator to 2025-06-24 00:00:00+00:00, run_after=2025-06-25 00:00:00+00:00
[2025-06-25T09:06:15.559+0000] {logging_mixin.py:188} INFO - [2025-06-25T09:06:15.558+0000] {dag.py:3823} INFO - Setting next_dagrun for example_branch_datetime_operator_2 to 2025-06-24 00:00:00+00:00, run_after=2025-06-25 00:00:00+00:00
[2025-06-25T09:06:15.564+0000] {logging_mixin.py:188} INFO - [2025-06-25T09:06:15.564+0000] {dag.py:3823} INFO - Setting next_dagrun for example_branch_datetime_operator_3 to 2025-06-24 00:00:00+00:00, run_after=2025-06-25 00:00:00+00:00
[2025-06-25T09:06:15.597+0000] {processor.py:183} INFO - Processing /home/airflow/.local/lib/python3.8/site-packages/airflow/example_dags/example_branch_datetime_operator.py took 0.164 seconds
[2025-06-25T09:06:46.274+0000] {processor.py:161} INFO - Started process (PID=420) to work on /home/airflow/.local/lib/python3.8/site-packages/airflow/example_dags/example_branch_datetime_operator.py
[2025-06-25T09:06:46.275+0000] {processor.py:830} INFO - Processing file /home/airflow/.local/lib/python3.8/site-packages/airflow/example_dags/example_branch_datetime_operator.py for tasks to queue
[2025-06-25T09:06:46.279+0000] {logging_mixin.py:188} INFO - [2025-06-25T09:06:46.279+0000] {dagbag.py:538} INFO - Filling up the DagBag from /home/airflow/.local/lib/python3.8/site-packages/airflow/example_dags/example_branch_datetime_operator.py
[2025-06-25T09:06:46.298+0000] {processor.py:840} INFO - DAG(s) 'example_branch_datetime_operator', 'example_branch_datetime_operator_3', 'example_branch_datetime_operator_2' retrieved from /home/airflow/.local/lib/python3.8/site-packages/airflow/example_dags/example_branch_datetime_operator.py
[2025-06-25T09:06:46.353+0000] {logging_mixin.py:188} INFO - [2025-06-25T09:06:46.353+0000] {dag.py:3036} INFO - Sync 3 DAGs
[2025-06-25T09:06:46.401+0000] {logging_mixin.py:188} INFO - [2025-06-25T09:06:46.401+0000] {dag.py:3823} INFO - Setting next_dagrun for example_branch_datetime_operator to 2025-06-24 00:00:00+00:00, run_after=2025-06-25 00:00:00+00:00
[2025-06-25T09:06:46.409+0000] {logging_mixin.py:188} INFO - [2025-06-25T09:06:46.408+0000] {dag.py:3823} INFO - Setting next_dagrun for example_branch_datetime_operator_2 to 2025-06-24 00:00:00+00:00, run_after=2025-06-25 00:00:00+00:00
[2025-06-25T09:06:46.413+0000] {logging_mixin.py:188} INFO - [2025-06-25T09:06:46.413+0000] {dag.py:3823} INFO - Setting next_dagrun for example_branch_datetime_operator_3 to 2025-06-24 00:00:00+00:00, run_after=2025-06-25 00:00:00+00:00
[2025-06-25T09:06:46.441+0000] {processor.py:183} INFO - Processing /home/airflow/.local/lib/python3.8/site-packages/airflow/example_dags/example_branch_datetime_operator.py took 0.173 seconds
[2025-06-25T09:07:16.561+0000] {processor.py:161} INFO - Started process (PID=485) to work on /home/airflow/.local/lib/python3.8/site-packages/airflow/example_dags/example_branch_datetime_operator.py
[2025-06-25T09:07:16.563+0000] {processor.py:830} INFO - Processing file /home/airflow/.local/lib/python3.8/site-packages/airflow/example_dags/example_branch_datetime_operator.py for tasks to queue
[2025-06-25T09:07:16.565+0000] {logging_mixin.py:188} INFO - [2025-06-25T09:07:16.565+0000] {dagbag.py:538} INFO - Filling up the DagBag from /home/airflow/.local/lib/python3.8/site-packages/airflow/example_dags/example_branch_datetime_operator.py
[2025-06-25T09:07:16.582+0000] {processor.py:840} INFO - DAG(s) 'example_branch_datetime_operator_2', 'example_branch_datetime_operator', 'example_branch_datetime_operator_3' retrieved from /home/airflow/.local/lib/python3.8/site-packages/airflow/example_dags/example_branch_datetime_operator.py
[2025-06-25T09:07:16.635+0000] {logging_mixin.py:188} INFO - [2025-06-25T09:07:16.634+0000] {dag.py:3036} INFO - Sync 3 DAGs
[2025-06-25T09:07:16.696+0000] {logging_mixin.py:188} INFO - [2025-06-25T09:07:16.695+0000] {dag.py:3823} INFO - Setting next_dagrun for example_branch_datetime_operator to 2025-06-24 00:00:00+00:00, run_after=2025-06-25 00:00:00+00:00
[2025-06-25T09:07:16.708+0000] {logging_mixin.py:188} INFO - [2025-06-25T09:07:16.708+0000] {dag.py:3823} INFO - Setting next_dagrun for example_branch_datetime_operator_2 to 2025-06-24 00:00:00+00:00, run_after=2025-06-25 00:00:00+00:00
[2025-06-25T09:07:16.714+0000] {logging_mixin.py:188} INFO - [2025-06-25T09:07:16.713+0000] {dag.py:3823} INFO - Setting next_dagrun for example_branch_datetime_operator_3 to 2025-06-24 00:00:00+00:00, run_after=2025-06-25 00:00:00+00:00
[2025-06-25T09:07:16.742+0000] {processor.py:183} INFO - Processing /home/airflow/.local/lib/python3.8/site-packages/airflow/example_dags/example_branch_datetime_operator.py took 0.185 seconds
[2025-06-25T09:07:47.423+0000] {processor.py:161} INFO - Started process (PID=559) to work on /home/airflow/.local/lib/python3.8/site-packages/airflow/example_dags/example_branch_datetime_operator.py
[2025-06-25T09:07:47.439+0000] {processor.py:830} INFO - Processing file /home/airflow/.local/lib/python3.8/site-packages/airflow/example_dags/example_branch_datetime_operator.py for tasks to queue
[2025-06-25T09:07:47.442+0000] {logging_mixin.py:188} INFO - [2025-06-25T09:07:47.442+0000] {dagbag.py:538} INFO - Filling up the DagBag from /home/airflow/.local/lib/python3.8/site-packages/airflow/example_dags/example_branch_datetime_operator.py
[2025-06-25T09:07:47.462+0000] {processor.py:840} INFO - DAG(s) 'example_branch_datetime_operator', 'example_branch_datetime_operator_2', 'example_branch_datetime_operator_3' retrieved from /home/airflow/.local/lib/python3.8/site-packages/airflow/example_dags/example_branch_datetime_operator.py
[2025-06-25T09:07:47.568+0000] {logging_mixin.py:188} INFO - [2025-06-25T09:07:47.567+0000] {dag.py:3036} INFO - Sync 3 DAGs
[2025-06-25T09:07:47.621+0000] {logging_mixin.py:188} INFO - [2025-06-25T09:07:47.621+0000] {dag.py:3823} INFO - Setting next_dagrun for example_branch_datetime_operator to 2025-06-24 00:00:00+00:00, run_after=2025-06-25 00:00:00+00:00
[2025-06-25T09:07:47.638+0000] {logging_mixin.py:188} INFO - [2025-06-25T09:07:47.638+0000] {dag.py:3823} INFO - Setting next_dagrun for example_branch_datetime_operator_2 to 2025-06-24 00:00:00+00:00, run_after=2025-06-25 00:00:00+00:00
[2025-06-25T09:07:47.644+0000] {logging_mixin.py:188} INFO - [2025-06-25T09:07:47.644+0000] {dag.py:3823} INFO - Setting next_dagrun for example_branch_datetime_operator_3 to 2025-06-24 00:00:00+00:00, run_after=2025-06-25 00:00:00+00:00
[2025-06-25T09:07:47.676+0000] {processor.py:183} INFO - Processing /home/airflow/.local/lib/python3.8/site-packages/airflow/example_dags/example_branch_datetime_operator.py took 0.261 seconds
[2025-06-25T09:08:18.136+0000] {processor.py:161} INFO - Started process (PID=625) to work on /home/airflow/.local/lib/python3.8/site-packages/airflow/example_dags/example_branch_datetime_operator.py
[2025-06-25T09:08:18.137+0000] {processor.py:830} INFO - Processing file /home/airflow/.local/lib/python3.8/site-packages/airflow/example_dags/example_branch_datetime_operator.py for tasks to queue
[2025-06-25T09:08:18.140+0000] {logging_mixin.py:188} INFO - [2025-06-25T09:08:18.139+0000] {dagbag.py:538} INFO - Filling up the DagBag from /home/airflow/.local/lib/python3.8/site-packages/airflow/example_dags/example_branch_datetime_operator.py
[2025-06-25T09:08:18.156+0000] {processor.py:840} INFO - DAG(s) 'example_branch_datetime_operator_2', 'example_branch_datetime_operator', 'example_branch_datetime_operator_3' retrieved from /home/airflow/.local/lib/python3.8/site-packages/airflow/example_dags/example_branch_datetime_operator.py
[2025-06-25T09:08:18.209+0000] {logging_mixin.py:188} INFO - [2025-06-25T09:08:18.208+0000] {dag.py:3036} INFO - Sync 3 DAGs
[2025-06-25T09:08:18.254+0000] {logging_mixin.py:188} INFO - [2025-06-25T09:08:18.254+0000] {dag.py:3823} INFO - Setting next_dagrun for example_branch_datetime_operator to 2025-06-24 00:00:00+00:00, run_after=2025-06-25 00:00:00+00:00
[2025-06-25T09:08:18.264+0000] {logging_mixin.py:188} INFO - [2025-06-25T09:08:18.263+0000] {dag.py:3823} INFO - Setting next_dagrun for example_branch_datetime_operator_2 to 2025-06-24 00:00:00+00:00, run_after=2025-06-25 00:00:00+00:00
[2025-06-25T09:08:18.270+0000] {logging_mixin.py:188} INFO - [2025-06-25T09:08:18.269+0000] {dag.py:3823} INFO - Setting next_dagrun for example_branch_datetime_operator_3 to 2025-06-24 00:00:00+00:00, run_after=2025-06-25 00:00:00+00:00
[2025-06-25T09:08:18.303+0000] {processor.py:183} INFO - Processing /home/airflow/.local/lib/python3.8/site-packages/airflow/example_dags/example_branch_datetime_operator.py took 0.172 seconds
[2025-06-25T09:08:48.827+0000] {processor.py:161} INFO - Started process (PID=689) to work on /home/airflow/.local/lib/python3.8/site-packages/airflow/example_dags/example_branch_datetime_operator.py
[2025-06-25T09:08:48.829+0000] {processor.py:830} INFO - Processing file /home/airflow/.local/lib/python3.8/site-packages/airflow/example_dags/example_branch_datetime_operator.py for tasks to queue
[2025-06-25T09:08:48.832+0000] {logging_mixin.py:188} INFO - [2025-06-25T09:08:48.831+0000] {dagbag.py:538} INFO - Filling up the DagBag from /home/airflow/.local/lib/python3.8/site-packages/airflow/example_dags/example_branch_datetime_operator.py
[2025-06-25T09:08:48.866+0000] {processor.py:840} INFO - DAG(s) 'example_branch_datetime_operator', 'example_branch_datetime_operator_2', 'example_branch_datetime_operator_3' retrieved from /home/airflow/.local/lib/python3.8/site-packages/airflow/example_dags/example_branch_datetime_operator.py
[2025-06-25T09:08:48.932+0000] {logging_mixin.py:188} INFO - [2025-06-25T09:08:48.931+0000] {dag.py:3036} INFO - Sync 3 DAGs
[2025-06-25T09:08:48.976+0000] {logging_mixin.py:188} INFO - [2025-06-25T09:08:48.976+0000] {dag.py:3823} INFO - Setting next_dagrun for example_branch_datetime_operator to 2025-06-24 00:00:00+00:00, run_after=2025-06-25 00:00:00+00:00
[2025-06-25T09:08:48.987+0000] {logging_mixin.py:188} INFO - [2025-06-25T09:08:48.986+0000] {dag.py:3823} INFO - Setting next_dagrun for example_branch_datetime_operator_2 to 2025-06-24 00:00:00+00:00, run_after=2025-06-25 00:00:00+00:00
[2025-06-25T09:08:48.992+0000] {logging_mixin.py:188} INFO - [2025-06-25T09:08:48.992+0000] {dag.py:3823} INFO - Setting next_dagrun for example_branch_datetime_operator_3 to 2025-06-24 00:00:00+00:00, run_after=2025-06-25 00:00:00+00:00
[2025-06-25T09:08:49.021+0000] {processor.py:183} INFO - Processing /home/airflow/.local/lib/python3.8/site-packages/airflow/example_dags/example_branch_datetime_operator.py took 0.200 seconds
[2025-06-25T09:09:19.522+0000] {processor.py:161} INFO - Started process (PID=754) to work on /home/airflow/.local/lib/python3.8/site-packages/airflow/example_dags/example_branch_datetime_operator.py
[2025-06-25T09:09:19.525+0000] {processor.py:830} INFO - Processing file /home/airflow/.local/lib/python3.8/site-packages/airflow/example_dags/example_branch_datetime_operator.py for tasks to queue
[2025-06-25T09:09:19.528+0000] {logging_mixin.py:188} INFO - [2025-06-25T09:09:19.527+0000] {dagbag.py:538} INFO - Filling up the DagBag from /home/airflow/.local/lib/python3.8/site-packages/airflow/example_dags/example_branch_datetime_operator.py
[2025-06-25T09:09:19.547+0000] {processor.py:840} INFO - DAG(s) 'example_branch_datetime_operator_2', 'example_branch_datetime_operator_3', 'example_branch_datetime_operator' retrieved from /home/airflow/.local/lib/python3.8/site-packages/airflow/example_dags/example_branch_datetime_operator.py
[2025-06-25T09:09:19.599+0000] {logging_mixin.py:188} INFO - [2025-06-25T09:09:19.599+0000] {dag.py:3036} INFO - Sync 3 DAGs
[2025-06-25T09:09:19.639+0000] {logging_mixin.py:188} INFO - [2025-06-25T09:09:19.639+0000] {dag.py:3823} INFO - Setting next_dagrun for example_branch_datetime_operator to 2025-06-24 00:00:00+00:00, run_after=2025-06-25 00:00:00+00:00
[2025-06-25T09:09:19.648+0000] {logging_mixin.py:188} INFO - [2025-06-25T09:09:19.647+0000] {dag.py:3823} INFO - Setting next_dagrun for example_branch_datetime_operator_2 to 2025-06-24 00:00:00+00:00, run_after=2025-06-25 00:00:00+00:00
[2025-06-25T09:09:19.653+0000] {logging_mixin.py:188} INFO - [2025-06-25T09:09:19.652+0000] {dag.py:3823} INFO - Setting next_dagrun for example_branch_datetime_operator_3 to 2025-06-24 00:00:00+00:00, run_after=2025-06-25 00:00:00+00:00
[2025-06-25T09:09:19.682+0000] {processor.py:183} INFO - Processing /home/airflow/.local/lib/python3.8/site-packages/airflow/example_dags/example_branch_datetime_operator.py took 0.165 seconds
[2025-06-25T09:09:50.501+0000] {processor.py:161} INFO - Started process (PID=818) to work on /home/airflow/.local/lib/python3.8/site-packages/airflow/example_dags/example_branch_datetime_operator.py
[2025-06-25T09:09:50.502+0000] {processor.py:830} INFO - Processing file /home/airflow/.local/lib/python3.8/site-packages/airflow/example_dags/example_branch_datetime_operator.py for tasks to queue
[2025-06-25T09:09:50.505+0000] {logging_mixin.py:188} INFO - [2025-06-25T09:09:50.504+0000] {dagbag.py:538} INFO - Filling up the DagBag from /home/airflow/.local/lib/python3.8/site-packages/airflow/example_dags/example_branch_datetime_operator.py
[2025-06-25T09:09:50.524+0000] {processor.py:840} INFO - DAG(s) 'example_branch_datetime_operator_3', 'example_branch_datetime_operator_2', 'example_branch_datetime_operator' retrieved from /home/airflow/.local/lib/python3.8/site-packages/airflow/example_dags/example_branch_datetime_operator.py
[2025-06-25T09:09:50.584+0000] {logging_mixin.py:188} INFO - [2025-06-25T09:09:50.583+0000] {dag.py:3036} INFO - Sync 3 DAGs
[2025-06-25T09:09:50.629+0000] {logging_mixin.py:188} INFO - [2025-06-25T09:09:50.628+0000] {dag.py:3823} INFO - Setting next_dagrun for example_branch_datetime_operator to 2025-06-24 00:00:00+00:00, run_after=2025-06-25 00:00:00+00:00
[2025-06-25T09:09:50.641+0000] {logging_mixin.py:188} INFO - [2025-06-25T09:09:50.641+0000] {dag.py:3823} INFO - Setting next_dagrun for example_branch_datetime_operator_2 to 2025-06-24 00:00:00+00:00, run_after=2025-06-25 00:00:00+00:00
[2025-06-25T09:09:50.648+0000] {logging_mixin.py:188} INFO - [2025-06-25T09:09:50.647+0000] {dag.py:3823} INFO - Setting next_dagrun for example_branch_datetime_operator_3 to 2025-06-24 00:00:00+00:00, run_after=2025-06-25 00:00:00+00:00
[2025-06-25T09:09:50.687+0000] {processor.py:183} INFO - Processing /home/airflow/.local/lib/python3.8/site-packages/airflow/example_dags/example_branch_datetime_operator.py took 0.191 seconds
[2025-06-25T09:10:21.607+0000] {processor.py:161} INFO - Started process (PID=883) to work on /home/airflow/.local/lib/python3.8/site-packages/airflow/example_dags/example_branch_datetime_operator.py
[2025-06-25T09:10:21.609+0000] {processor.py:830} INFO - Processing file /home/airflow/.local/lib/python3.8/site-packages/airflow/example_dags/example_branch_datetime_operator.py for tasks to queue
[2025-06-25T09:10:21.612+0000] {logging_mixin.py:188} INFO - [2025-06-25T09:10:21.612+0000] {dagbag.py:538} INFO - Filling up the DagBag from /home/airflow/.local/lib/python3.8/site-packages/airflow/example_dags/example_branch_datetime_operator.py
[2025-06-25T09:10:21.630+0000] {processor.py:840} INFO - DAG(s) 'example_branch_datetime_operator', 'example_branch_datetime_operator_2', 'example_branch_datetime_operator_3' retrieved from /home/airflow/.local/lib/python3.8/site-packages/airflow/example_dags/example_branch_datetime_operator.py
[2025-06-25T09:10:21.697+0000] {logging_mixin.py:188} INFO - [2025-06-25T09:10:21.696+0000] {dag.py:3036} INFO - Sync 3 DAGs
[2025-06-25T09:10:21.757+0000] {logging_mixin.py:188} INFO - [2025-06-25T09:10:21.757+0000] {dag.py:3823} INFO - Setting next_dagrun for example_branch_datetime_operator to 2025-06-24 00:00:00+00:00, run_after=2025-06-25 00:00:00+00:00
[2025-06-25T09:10:21.769+0000] {logging_mixin.py:188} INFO - [2025-06-25T09:10:21.769+0000] {dag.py:3823} INFO - Setting next_dagrun for example_branch_datetime_operator_2 to 2025-06-24 00:00:00+00:00, run_after=2025-06-25 00:00:00+00:00
[2025-06-25T09:10:21.776+0000] {logging_mixin.py:188} INFO - [2025-06-25T09:10:21.775+0000] {dag.py:3823} INFO - Setting next_dagrun for example_branch_datetime_operator_3 to 2025-06-24 00:00:00+00:00, run_after=2025-06-25 00:00:00+00:00
[2025-06-25T09:10:21.812+0000] {processor.py:183} INFO - Processing /home/airflow/.local/lib/python3.8/site-packages/airflow/example_dags/example_branch_datetime_operator.py took 0.210 seconds
[2025-06-25T09:10:52.617+0000] {processor.py:161} INFO - Started process (PID=948) to work on /home/airflow/.local/lib/python3.8/site-packages/airflow/example_dags/example_branch_datetime_operator.py
[2025-06-25T09:10:52.619+0000] {processor.py:830} INFO - Processing file /home/airflow/.local/lib/python3.8/site-packages/airflow/example_dags/example_branch_datetime_operator.py for tasks to queue
[2025-06-25T09:10:52.621+0000] {logging_mixin.py:188} INFO - [2025-06-25T09:10:52.621+0000] {dagbag.py:538} INFO - Filling up the DagBag from /home/airflow/.local/lib/python3.8/site-packages/airflow/example_dags/example_branch_datetime_operator.py
[2025-06-25T09:10:52.641+0000] {processor.py:840} INFO - DAG(s) 'example_branch_datetime_operator', 'example_branch_datetime_operator_3', 'example_branch_datetime_operator_2' retrieved from /home/airflow/.local/lib/python3.8/site-packages/airflow/example_dags/example_branch_datetime_operator.py
[2025-06-25T09:10:52.686+0000] {logging_mixin.py:188} INFO - [2025-06-25T09:10:52.685+0000] {dag.py:3036} INFO - Sync 3 DAGs
[2025-06-25T09:10:52.734+0000] {logging_mixin.py:188} INFO - [2025-06-25T09:10:52.734+0000] {dag.py:3823} INFO - Setting next_dagrun for example_branch_datetime_operator to 2025-06-24 00:00:00+00:00, run_after=2025-06-25 00:00:00+00:00
[2025-06-25T09:10:52.744+0000] {logging_mixin.py:188} INFO - [2025-06-25T09:10:52.743+0000] {dag.py:3823} INFO - Setting next_dagrun for example_branch_datetime_operator_2 to 2025-06-24 00:00:00+00:00, run_after=2025-06-25 00:00:00+00:00
[2025-06-25T09:10:52.748+0000] {logging_mixin.py:188} INFO - [2025-06-25T09:10:52.748+0000] {dag.py:3823} INFO - Setting next_dagrun for example_branch_datetime_operator_3 to 2025-06-24 00:00:00+00:00, run_after=2025-06-25 00:00:00+00:00
[2025-06-25T09:10:52.780+0000] {processor.py:183} INFO - Processing /home/airflow/.local/lib/python3.8/site-packages/airflow/example_dags/example_branch_datetime_operator.py took 0.168 seconds
[2025-06-25T09:11:23.430+0000] {processor.py:161} INFO - Started process (PID=1013) to work on /home/airflow/.local/lib/python3.8/site-packages/airflow/example_dags/example_branch_datetime_operator.py
[2025-06-25T09:11:23.432+0000] {processor.py:830} INFO - Processing file /home/airflow/.local/lib/python3.8/site-packages/airflow/example_dags/example_branch_datetime_operator.py for tasks to queue
[2025-06-25T09:11:23.436+0000] {logging_mixin.py:188} INFO - [2025-06-25T09:11:23.436+0000] {dagbag.py:538} INFO - Filling up the DagBag from /home/airflow/.local/lib/python3.8/site-packages/airflow/example_dags/example_branch_datetime_operator.py
[2025-06-25T09:11:23.460+0000] {processor.py:840} INFO - DAG(s) 'example_branch_datetime_operator', 'example_branch_datetime_operator_3', 'example_branch_datetime_operator_2' retrieved from /home/airflow/.local/lib/python3.8/site-packages/airflow/example_dags/example_branch_datetime_operator.py
[2025-06-25T09:11:23.515+0000] {logging_mixin.py:188} INFO - [2025-06-25T09:11:23.514+0000] {dag.py:3036} INFO - Sync 3 DAGs
[2025-06-25T09:11:23.571+0000] {logging_mixin.py:188} INFO - [2025-06-25T09:11:23.570+0000] {dag.py:3823} INFO - Setting next_dagrun for example_branch_datetime_operator to 2025-06-24 00:00:00+00:00, run_after=2025-06-25 00:00:00+00:00
[2025-06-25T09:11:23.593+0000] {logging_mixin.py:188} INFO - [2025-06-25T09:11:23.593+0000] {dag.py:3823} INFO - Setting next_dagrun for example_branch_datetime_operator_2 to 2025-06-24 00:00:00+00:00, run_after=2025-06-25 00:00:00+00:00
[2025-06-25T09:11:23.607+0000] {logging_mixin.py:188} INFO - [2025-06-25T09:11:23.605+0000] {dag.py:3823} INFO - Setting next_dagrun for example_branch_datetime_operator_3 to 2025-06-24 00:00:00+00:00, run_after=2025-06-25 00:00:00+00:00
[2025-06-25T09:11:23.664+0000] {processor.py:183} INFO - Processing /home/airflow/.local/lib/python3.8/site-packages/airflow/example_dags/example_branch_datetime_operator.py took 0.240 seconds
[2025-06-25T09:11:54.044+0000] {processor.py:161} INFO - Started process (PID=1078) to work on /home/airflow/.local/lib/python3.8/site-packages/airflow/example_dags/example_branch_datetime_operator.py
[2025-06-25T09:11:54.046+0000] {processor.py:830} INFO - Processing file /home/airflow/.local/lib/python3.8/site-packages/airflow/example_dags/example_branch_datetime_operator.py for tasks to queue
[2025-06-25T09:11:54.048+0000] {logging_mixin.py:188} INFO - [2025-06-25T09:11:54.048+0000] {dagbag.py:538} INFO - Filling up the DagBag from /home/airflow/.local/lib/python3.8/site-packages/airflow/example_dags/example_branch_datetime_operator.py
[2025-06-25T09:11:54.074+0000] {processor.py:840} INFO - DAG(s) 'example_branch_datetime_operator', 'example_branch_datetime_operator_3', 'example_branch_datetime_operator_2' retrieved from /home/airflow/.local/lib/python3.8/site-packages/airflow/example_dags/example_branch_datetime_operator.py
[2025-06-25T09:11:54.135+0000] {logging_mixin.py:188} INFO - [2025-06-25T09:11:54.135+0000] {dag.py:3036} INFO - Sync 3 DAGs
[2025-06-25T09:11:54.190+0000] {logging_mixin.py:188} INFO - [2025-06-25T09:11:54.190+0000] {dag.py:3823} INFO - Setting next_dagrun for example_branch_datetime_operator to 2025-06-24 00:00:00+00:00, run_after=2025-06-25 00:00:00+00:00
[2025-06-25T09:11:54.205+0000] {logging_mixin.py:188} INFO - [2025-06-25T09:11:54.205+0000] {dag.py:3823} INFO - Setting next_dagrun for example_branch_datetime_operator_2 to 2025-06-24 00:00:00+00:00, run_after=2025-06-25 00:00:00+00:00
[2025-06-25T09:11:54.212+0000] {logging_mixin.py:188} INFO - [2025-06-25T09:11:54.212+0000] {dag.py:3823} INFO - Setting next_dagrun for example_branch_datetime_operator_3 to 2025-06-24 00:00:00+00:00, run_after=2025-06-25 00:00:00+00:00
[2025-06-25T09:11:54.253+0000] {processor.py:183} INFO - Processing /home/airflow/.local/lib/python3.8/site-packages/airflow/example_dags/example_branch_datetime_operator.py took 0.215 seconds
[2025-06-25T09:12:24.348+0000] {processor.py:161} INFO - Started process (PID=1141) to work on /home/airflow/.local/lib/python3.8/site-packages/airflow/example_dags/example_branch_datetime_operator.py
[2025-06-25T09:12:24.351+0000] {processor.py:830} INFO - Processing file /home/airflow/.local/lib/python3.8/site-packages/airflow/example_dags/example_branch_datetime_operator.py for tasks to queue
[2025-06-25T09:12:24.354+0000] {logging_mixin.py:188} INFO - [2025-06-25T09:12:24.353+0000] {dagbag.py:538} INFO - Filling up the DagBag from /home/airflow/.local/lib/python3.8/site-packages/airflow/example_dags/example_branch_datetime_operator.py
[2025-06-25T09:12:24.392+0000] {processor.py:840} INFO - DAG(s) 'example_branch_datetime_operator_3', 'example_branch_datetime_operator', 'example_branch_datetime_operator_2' retrieved from /home/airflow/.local/lib/python3.8/site-packages/airflow/example_dags/example_branch_datetime_operator.py
[2025-06-25T09:12:24.460+0000] {logging_mixin.py:188} INFO - [2025-06-25T09:12:24.460+0000] {dag.py:3036} INFO - Sync 3 DAGs
[2025-06-25T09:12:24.530+0000] {logging_mixin.py:188} INFO - [2025-06-25T09:12:24.529+0000] {dag.py:3823} INFO - Setting next_dagrun for example_branch_datetime_operator to 2025-06-24 00:00:00+00:00, run_after=2025-06-25 00:00:00+00:00
[2025-06-25T09:12:24.543+0000] {logging_mixin.py:188} INFO - [2025-06-25T09:12:24.542+0000] {dag.py:3823} INFO - Setting next_dagrun for example_branch_datetime_operator_2 to 2025-06-24 00:00:00+00:00, run_after=2025-06-25 00:00:00+00:00
[2025-06-25T09:12:24.551+0000] {logging_mixin.py:188} INFO - [2025-06-25T09:12:24.550+0000] {dag.py:3823} INFO - Setting next_dagrun for example_branch_datetime_operator_3 to 2025-06-24 00:00:00+00:00, run_after=2025-06-25 00:00:00+00:00
[2025-06-25T09:12:24.592+0000] {processor.py:183} INFO - Processing /home/airflow/.local/lib/python3.8/site-packages/airflow/example_dags/example_branch_datetime_operator.py took 0.249 seconds
[2025-06-25T09:12:55.314+0000] {processor.py:161} INFO - Started process (PID=1207) to work on /home/airflow/.local/lib/python3.8/site-packages/airflow/example_dags/example_branch_datetime_operator.py
[2025-06-25T09:12:55.316+0000] {processor.py:830} INFO - Processing file /home/airflow/.local/lib/python3.8/site-packages/airflow/example_dags/example_branch_datetime_operator.py for tasks to queue
[2025-06-25T09:12:55.320+0000] {logging_mixin.py:188} INFO - [2025-06-25T09:12:55.319+0000] {dagbag.py:538} INFO - Filling up the DagBag from /home/airflow/.local/lib/python3.8/site-packages/airflow/example_dags/example_branch_datetime_operator.py
[2025-06-25T09:12:55.346+0000] {processor.py:840} INFO - DAG(s) 'example_branch_datetime_operator_3', 'example_branch_datetime_operator', 'example_branch_datetime_operator_2' retrieved from /home/airflow/.local/lib/python3.8/site-packages/airflow/example_dags/example_branch_datetime_operator.py
[2025-06-25T09:12:55.410+0000] {logging_mixin.py:188} INFO - [2025-06-25T09:12:55.410+0000] {dag.py:3036} INFO - Sync 3 DAGs
[2025-06-25T09:12:55.474+0000] {logging_mixin.py:188} INFO - [2025-06-25T09:12:55.474+0000] {dag.py:3823} INFO - Setting next_dagrun for example_branch_datetime_operator to 2025-06-24 00:00:00+00:00, run_after=2025-06-25 00:00:00+00:00
[2025-06-25T09:12:55.487+0000] {logging_mixin.py:188} INFO - [2025-06-25T09:12:55.487+0000] {dag.py:3823} INFO - Setting next_dagrun for example_branch_datetime_operator_2 to 2025-06-24 00:00:00+00:00, run_after=2025-06-25 00:00:00+00:00
[2025-06-25T09:12:55.493+0000] {logging_mixin.py:188} INFO - [2025-06-25T09:12:55.493+0000] {dag.py:3823} INFO - Setting next_dagrun for example_branch_datetime_operator_3 to 2025-06-24 00:00:00+00:00, run_after=2025-06-25 00:00:00+00:00
[2025-06-25T09:12:55.527+0000] {processor.py:183} INFO - Processing /home/airflow/.local/lib/python3.8/site-packages/airflow/example_dags/example_branch_datetime_operator.py took 0.218 seconds
[2025-06-25T09:13:26.189+0000] {processor.py:161} INFO - Started process (PID=1273) to work on /home/airflow/.local/lib/python3.8/site-packages/airflow/example_dags/example_branch_datetime_operator.py
[2025-06-25T09:13:26.191+0000] {processor.py:830} INFO - Processing file /home/airflow/.local/lib/python3.8/site-packages/airflow/example_dags/example_branch_datetime_operator.py for tasks to queue
[2025-06-25T09:13:26.194+0000] {logging_mixin.py:188} INFO - [2025-06-25T09:13:26.194+0000] {dagbag.py:538} INFO - Filling up the DagBag from /home/airflow/.local/lib/python3.8/site-packages/airflow/example_dags/example_branch_datetime_operator.py
[2025-06-25T09:13:26.214+0000] {processor.py:840} INFO - DAG(s) 'example_branch_datetime_operator_2', 'example_branch_datetime_operator_3', 'example_branch_datetime_operator' retrieved from /home/airflow/.local/lib/python3.8/site-packages/airflow/example_dags/example_branch_datetime_operator.py
[2025-06-25T09:13:26.270+0000] {logging_mixin.py:188} INFO - [2025-06-25T09:13:26.269+0000] {dag.py:3036} INFO - Sync 3 DAGs
[2025-06-25T09:13:26.316+0000] {logging_mixin.py:188} INFO - [2025-06-25T09:13:26.315+0000] {dag.py:3823} INFO - Setting next_dagrun for example_branch_datetime_operator to 2025-06-24 00:00:00+00:00, run_after=2025-06-25 00:00:00+00:00
[2025-06-25T09:13:26.327+0000] {logging_mixin.py:188} INFO - [2025-06-25T09:13:26.326+0000] {dag.py:3823} INFO - Setting next_dagrun for example_branch_datetime_operator_2 to 2025-06-24 00:00:00+00:00, run_after=2025-06-25 00:00:00+00:00
[2025-06-25T09:13:26.332+0000] {logging_mixin.py:188} INFO - [2025-06-25T09:13:26.332+0000] {dag.py:3823} INFO - Setting next_dagrun for example_branch_datetime_operator_3 to 2025-06-24 00:00:00+00:00, run_after=2025-06-25 00:00:00+00:00
[2025-06-25T09:13:26.365+0000] {processor.py:183} INFO - Processing /home/airflow/.local/lib/python3.8/site-packages/airflow/example_dags/example_branch_datetime_operator.py took 0.186 seconds
[2025-06-25T09:13:56.721+0000] {processor.py:161} INFO - Started process (PID=1339) to work on /home/airflow/.local/lib/python3.8/site-packages/airflow/example_dags/example_branch_datetime_operator.py
[2025-06-25T09:13:56.730+0000] {processor.py:830} INFO - Processing file /home/airflow/.local/lib/python3.8/site-packages/airflow/example_dags/example_branch_datetime_operator.py for tasks to queue
[2025-06-25T09:13:56.741+0000] {logging_mixin.py:188} INFO - [2025-06-25T09:13:56.740+0000] {dagbag.py:538} INFO - Filling up the DagBag from /home/airflow/.local/lib/python3.8/site-packages/airflow/example_dags/example_branch_datetime_operator.py
[2025-06-25T09:13:56.846+0000] {processor.py:840} INFO - DAG(s) 'example_branch_datetime_operator_3', 'example_branch_datetime_operator', 'example_branch_datetime_operator_2' retrieved from /home/airflow/.local/lib/python3.8/site-packages/airflow/example_dags/example_branch_datetime_operator.py
[2025-06-25T09:13:56.928+0000] {logging_mixin.py:188} INFO - [2025-06-25T09:13:56.928+0000] {dag.py:3036} INFO - Sync 3 DAGs
[2025-06-25T09:13:57.035+0000] {logging_mixin.py:188} INFO - [2025-06-25T09:13:57.035+0000] {dag.py:3823} INFO - Setting next_dagrun for example_branch_datetime_operator to 2025-06-24 00:00:00+00:00, run_after=2025-06-25 00:00:00+00:00
[2025-06-25T09:13:57.076+0000] {logging_mixin.py:188} INFO - [2025-06-25T09:13:57.075+0000] {dag.py:3823} INFO - Setting next_dagrun for example_branch_datetime_operator_2 to 2025-06-24 00:00:00+00:00, run_after=2025-06-25 00:00:00+00:00
[2025-06-25T09:13:57.105+0000] {logging_mixin.py:188} INFO - [2025-06-25T09:13:57.104+0000] {dag.py:3823} INFO - Setting next_dagrun for example_branch_datetime_operator_3 to 2025-06-24 00:00:00+00:00, run_after=2025-06-25 00:00:00+00:00
[2025-06-25T09:13:57.211+0000] {processor.py:183} INFO - Processing /home/airflow/.local/lib/python3.8/site-packages/airflow/example_dags/example_branch_datetime_operator.py took 0.508 seconds
[2025-06-25T09:14:27.414+0000] {processor.py:161} INFO - Started process (PID=1404) to work on /home/airflow/.local/lib/python3.8/site-packages/airflow/example_dags/example_branch_datetime_operator.py
[2025-06-25T09:14:27.427+0000] {processor.py:830} INFO - Processing file /home/airflow/.local/lib/python3.8/site-packages/airflow/example_dags/example_branch_datetime_operator.py for tasks to queue
[2025-06-25T09:14:27.431+0000] {logging_mixin.py:188} INFO - [2025-06-25T09:14:27.430+0000] {dagbag.py:538} INFO - Filling up the DagBag from /home/airflow/.local/lib/python3.8/site-packages/airflow/example_dags/example_branch_datetime_operator.py
[2025-06-25T09:14:27.464+0000] {processor.py:840} INFO - DAG(s) 'example_branch_datetime_operator', 'example_branch_datetime_operator_2', 'example_branch_datetime_operator_3' retrieved from /home/airflow/.local/lib/python3.8/site-packages/airflow/example_dags/example_branch_datetime_operator.py
[2025-06-25T09:14:27.530+0000] {logging_mixin.py:188} INFO - [2025-06-25T09:14:27.530+0000] {dag.py:3036} INFO - Sync 3 DAGs
[2025-06-25T09:14:27.577+0000] {logging_mixin.py:188} INFO - [2025-06-25T09:14:27.577+0000] {dag.py:3823} INFO - Setting next_dagrun for example_branch_datetime_operator to 2025-06-24 00:00:00+00:00, run_after=2025-06-25 00:00:00+00:00
[2025-06-25T09:14:27.589+0000] {logging_mixin.py:188} INFO - [2025-06-25T09:14:27.588+0000] {dag.py:3823} INFO - Setting next_dagrun for example_branch_datetime_operator_2 to 2025-06-24 00:00:00+00:00, run_after=2025-06-25 00:00:00+00:00
[2025-06-25T09:14:27.596+0000] {logging_mixin.py:188} INFO - [2025-06-25T09:14:27.595+0000] {dag.py:3823} INFO - Setting next_dagrun for example_branch_datetime_operator_3 to 2025-06-24 00:00:00+00:00, run_after=2025-06-25 00:00:00+00:00
[2025-06-25T09:14:27.632+0000] {processor.py:183} INFO - Processing /home/airflow/.local/lib/python3.8/site-packages/airflow/example_dags/example_branch_datetime_operator.py took 0.227 seconds
[2025-06-25T09:14:57.962+0000] {processor.py:161} INFO - Started process (PID=1469) to work on /home/airflow/.local/lib/python3.8/site-packages/airflow/example_dags/example_branch_datetime_operator.py
[2025-06-25T09:14:57.964+0000] {processor.py:830} INFO - Processing file /home/airflow/.local/lib/python3.8/site-packages/airflow/example_dags/example_branch_datetime_operator.py for tasks to queue
[2025-06-25T09:14:57.980+0000] {logging_mixin.py:188} INFO - [2025-06-25T09:14:57.979+0000] {dagbag.py:538} INFO - Filling up the DagBag from /home/airflow/.local/lib/python3.8/site-packages/airflow/example_dags/example_branch_datetime_operator.py
[2025-06-25T09:14:58.029+0000] {processor.py:840} INFO - DAG(s) 'example_branch_datetime_operator_2', 'example_branch_datetime_operator_3', 'example_branch_datetime_operator' retrieved from /home/airflow/.local/lib/python3.8/site-packages/airflow/example_dags/example_branch_datetime_operator.py
[2025-06-25T09:14:58.118+0000] {logging_mixin.py:188} INFO - [2025-06-25T09:14:58.118+0000] {dag.py:3036} INFO - Sync 3 DAGs
[2025-06-25T09:14:58.178+0000] {logging_mixin.py:188} INFO - [2025-06-25T09:14:58.178+0000] {dag.py:3823} INFO - Setting next_dagrun for example_branch_datetime_operator to 2025-06-24 00:00:00+00:00, run_after=2025-06-25 00:00:00+00:00
[2025-06-25T09:14:58.194+0000] {logging_mixin.py:188} INFO - [2025-06-25T09:14:58.194+0000] {dag.py:3823} INFO - Setting next_dagrun for example_branch_datetime_operator_2 to 2025-06-24 00:00:00+00:00, run_after=2025-06-25 00:00:00+00:00
[2025-06-25T09:14:58.223+0000] {logging_mixin.py:188} INFO - [2025-06-25T09:14:58.222+0000] {dag.py:3823} INFO - Setting next_dagrun for example_branch_datetime_operator_3 to 2025-06-24 00:00:00+00:00, run_after=2025-06-25 00:00:00+00:00
[2025-06-25T09:14:58.332+0000] {processor.py:183} INFO - Processing /home/airflow/.local/lib/python3.8/site-packages/airflow/example_dags/example_branch_datetime_operator.py took 0.376 seconds
[2025-06-25T09:15:29.028+0000] {processor.py:161} INFO - Started process (PID=1526) to work on /home/airflow/.local/lib/python3.8/site-packages/airflow/example_dags/example_branch_datetime_operator.py
[2025-06-25T09:15:29.031+0000] {processor.py:830} INFO - Processing file /home/airflow/.local/lib/python3.8/site-packages/airflow/example_dags/example_branch_datetime_operator.py for tasks to queue
[2025-06-25T09:15:29.035+0000] {logging_mixin.py:188} INFO - [2025-06-25T09:15:29.035+0000] {dagbag.py:538} INFO - Filling up the DagBag from /home/airflow/.local/lib/python3.8/site-packages/airflow/example_dags/example_branch_datetime_operator.py
[2025-06-25T09:15:29.061+0000] {processor.py:840} INFO - DAG(s) 'example_branch_datetime_operator', 'example_branch_datetime_operator_2', 'example_branch_datetime_operator_3' retrieved from /home/airflow/.local/lib/python3.8/site-packages/airflow/example_dags/example_branch_datetime_operator.py
[2025-06-25T09:15:29.130+0000] {logging_mixin.py:188} INFO - [2025-06-25T09:15:29.130+0000] {dag.py:3036} INFO - Sync 3 DAGs
[2025-06-25T09:15:29.228+0000] {logging_mixin.py:188} INFO - [2025-06-25T09:15:29.227+0000] {dag.py:3823} INFO - Setting next_dagrun for example_branch_datetime_operator to 2025-06-24 00:00:00+00:00, run_after=2025-06-25 00:00:00+00:00
[2025-06-25T09:15:29.249+0000] {logging_mixin.py:188} INFO - [2025-06-25T09:15:29.249+0000] {dag.py:3823} INFO - Setting next_dagrun for example_branch_datetime_operator_2 to 2025-06-24 00:00:00+00:00, run_after=2025-06-25 00:00:00+00:00
[2025-06-25T09:15:29.283+0000] {logging_mixin.py:188} INFO - [2025-06-25T09:15:29.282+0000] {dag.py:3823} INFO - Setting next_dagrun for example_branch_datetime_operator_3 to 2025-06-24 00:00:00+00:00, run_after=2025-06-25 00:00:00+00:00
[2025-06-25T09:15:29.349+0000] {processor.py:183} INFO - Processing /home/airflow/.local/lib/python3.8/site-packages/airflow/example_dags/example_branch_datetime_operator.py took 0.329 seconds
[2025-06-25T09:15:59.578+0000] {processor.py:161} INFO - Started process (PID=1591) to work on /home/airflow/.local/lib/python3.8/site-packages/airflow/example_dags/example_branch_datetime_operator.py
[2025-06-25T09:15:59.580+0000] {processor.py:830} INFO - Processing file /home/airflow/.local/lib/python3.8/site-packages/airflow/example_dags/example_branch_datetime_operator.py for tasks to queue
[2025-06-25T09:15:59.584+0000] {logging_mixin.py:188} INFO - [2025-06-25T09:15:59.584+0000] {dagbag.py:538} INFO - Filling up the DagBag from /home/airflow/.local/lib/python3.8/site-packages/airflow/example_dags/example_branch_datetime_operator.py
[2025-06-25T09:15:59.611+0000] {processor.py:840} INFO - DAG(s) 'example_branch_datetime_operator_3', 'example_branch_datetime_operator', 'example_branch_datetime_operator_2' retrieved from /home/airflow/.local/lib/python3.8/site-packages/airflow/example_dags/example_branch_datetime_operator.py
[2025-06-25T09:15:59.678+0000] {logging_mixin.py:188} INFO - [2025-06-25T09:15:59.678+0000] {dag.py:3036} INFO - Sync 3 DAGs
[2025-06-25T09:15:59.776+0000] {logging_mixin.py:188} INFO - [2025-06-25T09:15:59.775+0000] {dag.py:3823} INFO - Setting next_dagrun for example_branch_datetime_operator to 2025-06-24 00:00:00+00:00, run_after=2025-06-25 00:00:00+00:00
[2025-06-25T09:15:59.797+0000] {logging_mixin.py:188} INFO - [2025-06-25T09:15:59.796+0000] {dag.py:3823} INFO - Setting next_dagrun for example_branch_datetime_operator_2 to 2025-06-24 00:00:00+00:00, run_after=2025-06-25 00:00:00+00:00
[2025-06-25T09:15:59.806+0000] {logging_mixin.py:188} INFO - [2025-06-25T09:15:59.805+0000] {dag.py:3823} INFO - Setting next_dagrun for example_branch_datetime_operator_3 to 2025-06-24 00:00:00+00:00, run_after=2025-06-25 00:00:00+00:00
[2025-06-25T09:15:59.858+0000] {processor.py:183} INFO - Processing /home/airflow/.local/lib/python3.8/site-packages/airflow/example_dags/example_branch_datetime_operator.py took 0.288 seconds
[2025-06-25T09:16:30.833+0000] {processor.py:161} INFO - Started process (PID=1655) to work on /home/airflow/.local/lib/python3.8/site-packages/airflow/example_dags/example_branch_datetime_operator.py
[2025-06-25T09:16:30.835+0000] {processor.py:830} INFO - Processing file /home/airflow/.local/lib/python3.8/site-packages/airflow/example_dags/example_branch_datetime_operator.py for tasks to queue
[2025-06-25T09:16:30.839+0000] {logging_mixin.py:188} INFO - [2025-06-25T09:16:30.838+0000] {dagbag.py:538} INFO - Filling up the DagBag from /home/airflow/.local/lib/python3.8/site-packages/airflow/example_dags/example_branch_datetime_operator.py
[2025-06-25T09:16:30.876+0000] {processor.py:840} INFO - DAG(s) 'example_branch_datetime_operator_2', 'example_branch_datetime_operator_3', 'example_branch_datetime_operator' retrieved from /home/airflow/.local/lib/python3.8/site-packages/airflow/example_dags/example_branch_datetime_operator.py
[2025-06-25T09:16:30.958+0000] {logging_mixin.py:188} INFO - [2025-06-25T09:16:30.957+0000] {dag.py:3036} INFO - Sync 3 DAGs
[2025-06-25T09:16:31.040+0000] {logging_mixin.py:188} INFO - [2025-06-25T09:16:31.040+0000] {dag.py:3823} INFO - Setting next_dagrun for example_branch_datetime_operator to 2025-06-24 00:00:00+00:00, run_after=2025-06-25 00:00:00+00:00
[2025-06-25T09:16:31.058+0000] {logging_mixin.py:188} INFO - [2025-06-25T09:16:31.058+0000] {dag.py:3823} INFO - Setting next_dagrun for example_branch_datetime_operator_2 to 2025-06-24 00:00:00+00:00, run_after=2025-06-25 00:00:00+00:00
[2025-06-25T09:16:31.068+0000] {logging_mixin.py:188} INFO - [2025-06-25T09:16:31.067+0000] {dag.py:3823} INFO - Setting next_dagrun for example_branch_datetime_operator_3 to 2025-06-24 00:00:00+00:00, run_after=2025-06-25 00:00:00+00:00
[2025-06-25T09:16:31.123+0000] {processor.py:183} INFO - Processing /home/airflow/.local/lib/python3.8/site-packages/airflow/example_dags/example_branch_datetime_operator.py took 0.299 seconds
[2025-06-25T09:17:01.254+0000] {processor.py:161} INFO - Started process (PID=1720) to work on /home/airflow/.local/lib/python3.8/site-packages/airflow/example_dags/example_branch_datetime_operator.py
[2025-06-25T09:17:01.256+0000] {processor.py:830} INFO - Processing file /home/airflow/.local/lib/python3.8/site-packages/airflow/example_dags/example_branch_datetime_operator.py for tasks to queue
[2025-06-25T09:17:01.261+0000] {logging_mixin.py:188} INFO - [2025-06-25T09:17:01.260+0000] {dagbag.py:538} INFO - Filling up the DagBag from /home/airflow/.local/lib/python3.8/site-packages/airflow/example_dags/example_branch_datetime_operator.py
[2025-06-25T09:17:01.301+0000] {processor.py:840} INFO - DAG(s) 'example_branch_datetime_operator_2', 'example_branch_datetime_operator', 'example_branch_datetime_operator_3' retrieved from /home/airflow/.local/lib/python3.8/site-packages/airflow/example_dags/example_branch_datetime_operator.py
[2025-06-25T09:17:01.415+0000] {logging_mixin.py:188} INFO - [2025-06-25T09:17:01.412+0000] {dag.py:3036} INFO - Sync 3 DAGs
[2025-06-25T09:17:01.490+0000] {logging_mixin.py:188} INFO - [2025-06-25T09:17:01.489+0000] {dag.py:3823} INFO - Setting next_dagrun for example_branch_datetime_operator to 2025-06-24 00:00:00+00:00, run_after=2025-06-25 00:00:00+00:00
[2025-06-25T09:17:01.507+0000] {logging_mixin.py:188} INFO - [2025-06-25T09:17:01.506+0000] {dag.py:3823} INFO - Setting next_dagrun for example_branch_datetime_operator_2 to 2025-06-24 00:00:00+00:00, run_after=2025-06-25 00:00:00+00:00
[2025-06-25T09:17:01.515+0000] {logging_mixin.py:188} INFO - [2025-06-25T09:17:01.514+0000] {dag.py:3823} INFO - Setting next_dagrun for example_branch_datetime_operator_3 to 2025-06-24 00:00:00+00:00, run_after=2025-06-25 00:00:00+00:00
[2025-06-25T09:17:01.565+0000] {processor.py:183} INFO - Processing /home/airflow/.local/lib/python3.8/site-packages/airflow/example_dags/example_branch_datetime_operator.py took 0.324 seconds
[2025-06-25T09:17:32.431+0000] {processor.py:161} INFO - Started process (PID=1786) to work on /home/airflow/.local/lib/python3.8/site-packages/airflow/example_dags/example_branch_datetime_operator.py
[2025-06-25T09:17:32.433+0000] {processor.py:830} INFO - Processing file /home/airflow/.local/lib/python3.8/site-packages/airflow/example_dags/example_branch_datetime_operator.py for tasks to queue
[2025-06-25T09:17:32.436+0000] {logging_mixin.py:188} INFO - [2025-06-25T09:17:32.435+0000] {dagbag.py:538} INFO - Filling up the DagBag from /home/airflow/.local/lib/python3.8/site-packages/airflow/example_dags/example_branch_datetime_operator.py
[2025-06-25T09:17:32.457+0000] {processor.py:840} INFO - DAG(s) 'example_branch_datetime_operator_3', 'example_branch_datetime_operator_2', 'example_branch_datetime_operator' retrieved from /home/airflow/.local/lib/python3.8/site-packages/airflow/example_dags/example_branch_datetime_operator.py
[2025-06-25T09:17:32.515+0000] {logging_mixin.py:188} INFO - [2025-06-25T09:17:32.515+0000] {dag.py:3036} INFO - Sync 3 DAGs
[2025-06-25T09:17:32.568+0000] {logging_mixin.py:188} INFO - [2025-06-25T09:17:32.567+0000] {dag.py:3823} INFO - Setting next_dagrun for example_branch_datetime_operator to 2025-06-24 00:00:00+00:00, run_after=2025-06-25 00:00:00+00:00
[2025-06-25T09:17:32.582+0000] {logging_mixin.py:188} INFO - [2025-06-25T09:17:32.582+0000] {dag.py:3823} INFO - Setting next_dagrun for example_branch_datetime_operator_2 to 2025-06-24 00:00:00+00:00, run_after=2025-06-25 00:00:00+00:00
[2025-06-25T09:17:32.589+0000] {logging_mixin.py:188} INFO - [2025-06-25T09:17:32.588+0000] {dag.py:3823} INFO - Setting next_dagrun for example_branch_datetime_operator_3 to 2025-06-24 00:00:00+00:00, run_after=2025-06-25 00:00:00+00:00
[2025-06-25T09:17:32.626+0000] {processor.py:183} INFO - Processing /home/airflow/.local/lib/python3.8/site-packages/airflow/example_dags/example_branch_datetime_operator.py took 0.201 seconds
[2025-06-25T09:18:02.958+0000] {processor.py:161} INFO - Started process (PID=1850) to work on /home/airflow/.local/lib/python3.8/site-packages/airflow/example_dags/example_branch_datetime_operator.py
[2025-06-25T09:18:02.961+0000] {processor.py:830} INFO - Processing file /home/airflow/.local/lib/python3.8/site-packages/airflow/example_dags/example_branch_datetime_operator.py for tasks to queue
[2025-06-25T09:18:02.964+0000] {logging_mixin.py:188} INFO - [2025-06-25T09:18:02.963+0000] {dagbag.py:538} INFO - Filling up the DagBag from /home/airflow/.local/lib/python3.8/site-packages/airflow/example_dags/example_branch_datetime_operator.py
[2025-06-25T09:18:02.985+0000] {processor.py:840} INFO - DAG(s) 'example_branch_datetime_operator_2', 'example_branch_datetime_operator_3', 'example_branch_datetime_operator' retrieved from /home/airflow/.local/lib/python3.8/site-packages/airflow/example_dags/example_branch_datetime_operator.py
[2025-06-25T09:18:03.049+0000] {logging_mixin.py:188} INFO - [2025-06-25T09:18:03.049+0000] {dag.py:3036} INFO - Sync 3 DAGs
[2025-06-25T09:18:03.099+0000] {logging_mixin.py:188} INFO - [2025-06-25T09:18:03.098+0000] {dag.py:3823} INFO - Setting next_dagrun for example_branch_datetime_operator to 2025-06-24 00:00:00+00:00, run_after=2025-06-25 00:00:00+00:00
[2025-06-25T09:18:03.109+0000] {logging_mixin.py:188} INFO - [2025-06-25T09:18:03.109+0000] {dag.py:3823} INFO - Setting next_dagrun for example_branch_datetime_operator_2 to 2025-06-24 00:00:00+00:00, run_after=2025-06-25 00:00:00+00:00
[2025-06-25T09:18:03.116+0000] {logging_mixin.py:188} INFO - [2025-06-25T09:18:03.115+0000] {dag.py:3823} INFO - Setting next_dagrun for example_branch_datetime_operator_3 to 2025-06-24 00:00:00+00:00, run_after=2025-06-25 00:00:00+00:00
[2025-06-25T09:18:03.153+0000] {processor.py:183} INFO - Processing /home/airflow/.local/lib/python3.8/site-packages/airflow/example_dags/example_branch_datetime_operator.py took 0.201 seconds
[2025-06-25T09:18:33.444+0000] {processor.py:161} INFO - Started process (PID=1916) to work on /home/airflow/.local/lib/python3.8/site-packages/airflow/example_dags/example_branch_datetime_operator.py
[2025-06-25T09:18:33.446+0000] {processor.py:830} INFO - Processing file /home/airflow/.local/lib/python3.8/site-packages/airflow/example_dags/example_branch_datetime_operator.py for tasks to queue
[2025-06-25T09:18:33.448+0000] {logging_mixin.py:188} INFO - [2025-06-25T09:18:33.448+0000] {dagbag.py:538} INFO - Filling up the DagBag from /home/airflow/.local/lib/python3.8/site-packages/airflow/example_dags/example_branch_datetime_operator.py
[2025-06-25T09:18:33.467+0000] {processor.py:840} INFO - DAG(s) 'example_branch_datetime_operator_3', 'example_branch_datetime_operator_2', 'example_branch_datetime_operator' retrieved from /home/airflow/.local/lib/python3.8/site-packages/airflow/example_dags/example_branch_datetime_operator.py
[2025-06-25T09:18:33.528+0000] {logging_mixin.py:188} INFO - [2025-06-25T09:18:33.528+0000] {dag.py:3036} INFO - Sync 3 DAGs
[2025-06-25T09:18:33.577+0000] {logging_mixin.py:188} INFO - [2025-06-25T09:18:33.577+0000] {dag.py:3823} INFO - Setting next_dagrun for example_branch_datetime_operator to 2025-06-24 00:00:00+00:00, run_after=2025-06-25 00:00:00+00:00
[2025-06-25T09:18:33.588+0000] {logging_mixin.py:188} INFO - [2025-06-25T09:18:33.588+0000] {dag.py:3823} INFO - Setting next_dagrun for example_branch_datetime_operator_2 to 2025-06-24 00:00:00+00:00, run_after=2025-06-25 00:00:00+00:00
[2025-06-25T09:18:33.595+0000] {logging_mixin.py:188} INFO - [2025-06-25T09:18:33.595+0000] {dag.py:3823} INFO - Setting next_dagrun for example_branch_datetime_operator_3 to 2025-06-24 00:00:00+00:00, run_after=2025-06-25 00:00:00+00:00
[2025-06-25T09:18:33.624+0000] {processor.py:183} INFO - Processing /home/airflow/.local/lib/python3.8/site-packages/airflow/example_dags/example_branch_datetime_operator.py took 0.186 seconds
[2025-06-25T09:19:04.015+0000] {processor.py:161} INFO - Started process (PID=1981) to work on /home/airflow/.local/lib/python3.8/site-packages/airflow/example_dags/example_branch_datetime_operator.py
[2025-06-25T09:19:04.018+0000] {processor.py:830} INFO - Processing file /home/airflow/.local/lib/python3.8/site-packages/airflow/example_dags/example_branch_datetime_operator.py for tasks to queue
[2025-06-25T09:19:04.022+0000] {logging_mixin.py:188} INFO - [2025-06-25T09:19:04.021+0000] {dagbag.py:538} INFO - Filling up the DagBag from /home/airflow/.local/lib/python3.8/site-packages/airflow/example_dags/example_branch_datetime_operator.py
[2025-06-25T09:19:04.049+0000] {processor.py:840} INFO - DAG(s) 'example_branch_datetime_operator', 'example_branch_datetime_operator_3', 'example_branch_datetime_operator_2' retrieved from /home/airflow/.local/lib/python3.8/site-packages/airflow/example_dags/example_branch_datetime_operator.py
[2025-06-25T09:19:04.107+0000] {logging_mixin.py:188} INFO - [2025-06-25T09:19:04.107+0000] {dag.py:3036} INFO - Sync 3 DAGs
[2025-06-25T09:19:04.153+0000] {logging_mixin.py:188} INFO - [2025-06-25T09:19:04.152+0000] {dag.py:3823} INFO - Setting next_dagrun for example_branch_datetime_operator to 2025-06-24 00:00:00+00:00, run_after=2025-06-25 00:00:00+00:00
[2025-06-25T09:19:04.161+0000] {logging_mixin.py:188} INFO - [2025-06-25T09:19:04.161+0000] {dag.py:3823} INFO - Setting next_dagrun for example_branch_datetime_operator_2 to 2025-06-24 00:00:00+00:00, run_after=2025-06-25 00:00:00+00:00
[2025-06-25T09:19:04.167+0000] {logging_mixin.py:188} INFO - [2025-06-25T09:19:04.167+0000] {dag.py:3823} INFO - Setting next_dagrun for example_branch_datetime_operator_3 to 2025-06-24 00:00:00+00:00, run_after=2025-06-25 00:00:00+00:00
[2025-06-25T09:19:04.204+0000] {processor.py:183} INFO - Processing /home/airflow/.local/lib/python3.8/site-packages/airflow/example_dags/example_branch_datetime_operator.py took 0.198 seconds
[2025-06-25T09:19:34.410+0000] {processor.py:161} INFO - Started process (PID=2046) to work on /home/airflow/.local/lib/python3.8/site-packages/airflow/example_dags/example_branch_datetime_operator.py
[2025-06-25T09:19:34.412+0000] {processor.py:830} INFO - Processing file /home/airflow/.local/lib/python3.8/site-packages/airflow/example_dags/example_branch_datetime_operator.py for tasks to queue
[2025-06-25T09:19:34.416+0000] {logging_mixin.py:188} INFO - [2025-06-25T09:19:34.415+0000] {dagbag.py:538} INFO - Filling up the DagBag from /home/airflow/.local/lib/python3.8/site-packages/airflow/example_dags/example_branch_datetime_operator.py
[2025-06-25T09:19:34.439+0000] {processor.py:840} INFO - DAG(s) 'example_branch_datetime_operator', 'example_branch_datetime_operator_3', 'example_branch_datetime_operator_2' retrieved from /home/airflow/.local/lib/python3.8/site-packages/airflow/example_dags/example_branch_datetime_operator.py
[2025-06-25T09:19:34.501+0000] {logging_mixin.py:188} INFO - [2025-06-25T09:19:34.501+0000] {dag.py:3036} INFO - Sync 3 DAGs
[2025-06-25T09:19:34.554+0000] {logging_mixin.py:188} INFO - [2025-06-25T09:19:34.554+0000] {dag.py:3823} INFO - Setting next_dagrun for example_branch_datetime_operator to 2025-06-24 00:00:00+00:00, run_after=2025-06-25 00:00:00+00:00
[2025-06-25T09:19:34.566+0000] {logging_mixin.py:188} INFO - [2025-06-25T09:19:34.565+0000] {dag.py:3823} INFO - Setting next_dagrun for example_branch_datetime_operator_2 to 2025-06-24 00:00:00+00:00, run_after=2025-06-25 00:00:00+00:00
[2025-06-25T09:19:34.572+0000] {logging_mixin.py:188} INFO - [2025-06-25T09:19:34.571+0000] {dag.py:3823} INFO - Setting next_dagrun for example_branch_datetime_operator_3 to 2025-06-24 00:00:00+00:00, run_after=2025-06-25 00:00:00+00:00
[2025-06-25T09:19:34.602+0000] {processor.py:183} INFO - Processing /home/airflow/.local/lib/python3.8/site-packages/airflow/example_dags/example_branch_datetime_operator.py took 0.198 seconds
[2025-06-25T09:20:04.739+0000] {processor.py:161} INFO - Started process (PID=2111) to work on /home/airflow/.local/lib/python3.8/site-packages/airflow/example_dags/example_branch_datetime_operator.py
[2025-06-25T09:20:04.741+0000] {processor.py:830} INFO - Processing file /home/airflow/.local/lib/python3.8/site-packages/airflow/example_dags/example_branch_datetime_operator.py for tasks to queue
[2025-06-25T09:20:04.744+0000] {logging_mixin.py:188} INFO - [2025-06-25T09:20:04.744+0000] {dagbag.py:538} INFO - Filling up the DagBag from /home/airflow/.local/lib/python3.8/site-packages/airflow/example_dags/example_branch_datetime_operator.py
[2025-06-25T09:20:04.765+0000] {processor.py:840} INFO - DAG(s) 'example_branch_datetime_operator_2', 'example_branch_datetime_operator_3', 'example_branch_datetime_operator' retrieved from /home/airflow/.local/lib/python3.8/site-packages/airflow/example_dags/example_branch_datetime_operator.py
[2025-06-25T09:20:04.807+0000] {logging_mixin.py:188} INFO - [2025-06-25T09:20:04.806+0000] {dag.py:3036} INFO - Sync 3 DAGs
[2025-06-25T09:20:04.849+0000] {logging_mixin.py:188} INFO - [2025-06-25T09:20:04.849+0000] {dag.py:3823} INFO - Setting next_dagrun for example_branch_datetime_operator to 2025-06-24 00:00:00+00:00, run_after=2025-06-25 00:00:00+00:00
[2025-06-25T09:20:04.858+0000] {logging_mixin.py:188} INFO - [2025-06-25T09:20:04.857+0000] {dag.py:3823} INFO - Setting next_dagrun for example_branch_datetime_operator_2 to 2025-06-24 00:00:00+00:00, run_after=2025-06-25 00:00:00+00:00
[2025-06-25T09:20:04.862+0000] {logging_mixin.py:188} INFO - [2025-06-25T09:20:04.862+0000] {dag.py:3823} INFO - Setting next_dagrun for example_branch_datetime_operator_3 to 2025-06-24 00:00:00+00:00, run_after=2025-06-25 00:00:00+00:00
[2025-06-25T09:20:04.887+0000] {processor.py:183} INFO - Processing /home/airflow/.local/lib/python3.8/site-packages/airflow/example_dags/example_branch_datetime_operator.py took 0.154 seconds
[2025-06-25T09:20:35.074+0000] {processor.py:161} INFO - Started process (PID=2176) to work on /home/airflow/.local/lib/python3.8/site-packages/airflow/example_dags/example_branch_datetime_operator.py
[2025-06-25T09:20:35.077+0000] {processor.py:830} INFO - Processing file /home/airflow/.local/lib/python3.8/site-packages/airflow/example_dags/example_branch_datetime_operator.py for tasks to queue
[2025-06-25T09:20:35.081+0000] {logging_mixin.py:188} INFO - [2025-06-25T09:20:35.080+0000] {dagbag.py:538} INFO - Filling up the DagBag from /home/airflow/.local/lib/python3.8/site-packages/airflow/example_dags/example_branch_datetime_operator.py
[2025-06-25T09:20:35.109+0000] {processor.py:840} INFO - DAG(s) 'example_branch_datetime_operator', 'example_branch_datetime_operator_3', 'example_branch_datetime_operator_2' retrieved from /home/airflow/.local/lib/python3.8/site-packages/airflow/example_dags/example_branch_datetime_operator.py
[2025-06-25T09:20:35.164+0000] {logging_mixin.py:188} INFO - [2025-06-25T09:20:35.164+0000] {dag.py:3036} INFO - Sync 3 DAGs
[2025-06-25T09:20:35.212+0000] {logging_mixin.py:188} INFO - [2025-06-25T09:20:35.211+0000] {dag.py:3823} INFO - Setting next_dagrun for example_branch_datetime_operator to 2025-06-24 00:00:00+00:00, run_after=2025-06-25 00:00:00+00:00
[2025-06-25T09:20:35.222+0000] {logging_mixin.py:188} INFO - [2025-06-25T09:20:35.222+0000] {dag.py:3823} INFO - Setting next_dagrun for example_branch_datetime_operator_2 to 2025-06-24 00:00:00+00:00, run_after=2025-06-25 00:00:00+00:00
[2025-06-25T09:20:35.229+0000] {logging_mixin.py:188} INFO - [2025-06-25T09:20:35.228+0000] {dag.py:3823} INFO - Setting next_dagrun for example_branch_datetime_operator_3 to 2025-06-24 00:00:00+00:00, run_after=2025-06-25 00:00:00+00:00
[2025-06-25T09:20:35.261+0000] {processor.py:183} INFO - Processing /home/airflow/.local/lib/python3.8/site-packages/airflow/example_dags/example_branch_datetime_operator.py took 0.199 seconds
[2025-06-25T09:21:05.774+0000] {processor.py:161} INFO - Started process (PID=2241) to work on /home/airflow/.local/lib/python3.8/site-packages/airflow/example_dags/example_branch_datetime_operator.py
[2025-06-25T09:21:05.777+0000] {processor.py:830} INFO - Processing file /home/airflow/.local/lib/python3.8/site-packages/airflow/example_dags/example_branch_datetime_operator.py for tasks to queue
[2025-06-25T09:21:05.781+0000] {logging_mixin.py:188} INFO - [2025-06-25T09:21:05.780+0000] {dagbag.py:538} INFO - Filling up the DagBag from /home/airflow/.local/lib/python3.8/site-packages/airflow/example_dags/example_branch_datetime_operator.py
[2025-06-25T09:21:05.799+0000] {processor.py:840} INFO - DAG(s) 'example_branch_datetime_operator_2', 'example_branch_datetime_operator', 'example_branch_datetime_operator_3' retrieved from /home/airflow/.local/lib/python3.8/site-packages/airflow/example_dags/example_branch_datetime_operator.py
[2025-06-25T09:21:05.859+0000] {logging_mixin.py:188} INFO - [2025-06-25T09:21:05.858+0000] {dag.py:3036} INFO - Sync 3 DAGs
[2025-06-25T09:21:05.914+0000] {logging_mixin.py:188} INFO - [2025-06-25T09:21:05.913+0000] {dag.py:3823} INFO - Setting next_dagrun for example_branch_datetime_operator to 2025-06-24 00:00:00+00:00, run_after=2025-06-25 00:00:00+00:00
[2025-06-25T09:21:05.925+0000] {logging_mixin.py:188} INFO - [2025-06-25T09:21:05.925+0000] {dag.py:3823} INFO - Setting next_dagrun for example_branch_datetime_operator_2 to 2025-06-24 00:00:00+00:00, run_after=2025-06-25 00:00:00+00:00
[2025-06-25T09:21:05.933+0000] {logging_mixin.py:188} INFO - [2025-06-25T09:21:05.932+0000] {dag.py:3823} INFO - Setting next_dagrun for example_branch_datetime_operator_3 to 2025-06-24 00:00:00+00:00, run_after=2025-06-25 00:00:00+00:00
[2025-06-25T09:21:05.962+0000] {processor.py:183} INFO - Processing /home/airflow/.local/lib/python3.8/site-packages/airflow/example_dags/example_branch_datetime_operator.py took 0.194 seconds
