[2025-06-25T09:04:07.771+0000] {processor.py:161} INFO - Started process (PID=70) to work on /home/airflow/.local/lib/python3.8/site-packages/airflow/example_dags/example_python_operator.py
[2025-06-25T09:04:07.772+0000] {processor.py:830} INFO - Processing file /home/airflow/.local/lib/python3.8/site-packages/airflow/example_dags/example_python_operator.py for tasks to queue
[2025-06-25T09:04:07.776+0000] {logging_mixin.py:188} INFO - [2025-06-25T09:04:07.775+0000] {dagbag.py:538} INFO - Filling up the DagBag from /home/airflow/.local/lib/python3.8/site-packages/airflow/example_dags/example_python_operator.py
[2025-06-25T09:04:07.818+0000] {processor.py:840} INFO - DAG(s) 'example_python_operator' retrieved from /home/airflow/.local/lib/python3.8/site-packages/airflow/example_dags/example_python_operator.py
[2025-06-25T09:04:08.553+0000] {logging_mixin.py:188} INFO - [2025-06-25T09:04:08.553+0000] {dag.py:3036} INFO - Sync 1 DAGs
[2025-06-25T09:04:08.573+0000] {logging_mixin.py:188} INFO - [2025-06-25T09:04:08.573+0000] {dag.py:3823} INFO - Setting next_dagrun for example_python_operator to None, run_after=None
[2025-06-25T09:04:08.609+0000] {processor.py:183} INFO - Processing /home/airflow/.local/lib/python3.8/site-packages/airflow/example_dags/example_python_operator.py took 0.853 seconds
[2025-06-25T09:04:38.673+0000] {processor.py:161} INFO - Started process (PID=135) to work on /home/airflow/.local/lib/python3.8/site-packages/airflow/example_dags/example_python_operator.py
[2025-06-25T09:04:38.674+0000] {processor.py:830} INFO - Processing file /home/airflow/.local/lib/python3.8/site-packages/airflow/example_dags/example_python_operator.py for tasks to queue
[2025-06-25T09:04:38.677+0000] {logging_mixin.py:188} INFO - [2025-06-25T09:04:38.676+0000] {dagbag.py:538} INFO - Filling up the DagBag from /home/airflow/.local/lib/python3.8/site-packages/airflow/example_dags/example_python_operator.py
[2025-06-25T09:04:38.697+0000] {processor.py:840} INFO - DAG(s) 'example_python_operator' retrieved from /home/airflow/.local/lib/python3.8/site-packages/airflow/example_dags/example_python_operator.py
[2025-06-25T09:04:38.733+0000] {logging_mixin.py:188} INFO - [2025-06-25T09:04:38.732+0000] {dag.py:3036} INFO - Sync 1 DAGs
[2025-06-25T09:04:38.754+0000] {logging_mixin.py:188} INFO - [2025-06-25T09:04:38.754+0000] {dag.py:3823} INFO - Setting next_dagrun for example_python_operator to None, run_after=None
[2025-06-25T09:04:38.784+0000] {processor.py:183} INFO - Processing /home/airflow/.local/lib/python3.8/site-packages/airflow/example_dags/example_python_operator.py took 0.117 seconds
[2025-06-25T09:05:08.957+0000] {processor.py:161} INFO - Started process (PID=201) to work on /home/airflow/.local/lib/python3.8/site-packages/airflow/example_dags/example_python_operator.py
[2025-06-25T09:05:08.959+0000] {processor.py:830} INFO - Processing file /home/airflow/.local/lib/python3.8/site-packages/airflow/example_dags/example_python_operator.py for tasks to queue
[2025-06-25T09:05:08.962+0000] {logging_mixin.py:188} INFO - [2025-06-25T09:05:08.962+0000] {dagbag.py:538} INFO - Filling up the DagBag from /home/airflow/.local/lib/python3.8/site-packages/airflow/example_dags/example_python_operator.py
[2025-06-25T09:05:08.992+0000] {processor.py:840} INFO - DAG(s) 'example_python_operator' retrieved from /home/airflow/.local/lib/python3.8/site-packages/airflow/example_dags/example_python_operator.py
[2025-06-25T09:05:09.033+0000] {logging_mixin.py:188} INFO - [2025-06-25T09:05:09.033+0000] {dag.py:3036} INFO - Sync 1 DAGs
[2025-06-25T09:05:09.057+0000] {logging_mixin.py:188} INFO - [2025-06-25T09:05:09.056+0000] {dag.py:3823} INFO - Setting next_dagrun for example_python_operator to None, run_after=None
[2025-06-25T09:05:09.088+0000] {processor.py:183} INFO - Processing /home/airflow/.local/lib/python3.8/site-packages/airflow/example_dags/example_python_operator.py took 0.136 seconds
[2025-06-25T09:05:39.359+0000] {processor.py:161} INFO - Started process (PID=267) to work on /home/airflow/.local/lib/python3.8/site-packages/airflow/example_dags/example_python_operator.py
[2025-06-25T09:05:39.360+0000] {processor.py:830} INFO - Processing file /home/airflow/.local/lib/python3.8/site-packages/airflow/example_dags/example_python_operator.py for tasks to queue
[2025-06-25T09:05:39.363+0000] {logging_mixin.py:188} INFO - [2025-06-25T09:05:39.363+0000] {dagbag.py:538} INFO - Filling up the DagBag from /home/airflow/.local/lib/python3.8/site-packages/airflow/example_dags/example_python_operator.py
[2025-06-25T09:05:39.384+0000] {processor.py:840} INFO - DAG(s) 'example_python_operator' retrieved from /home/airflow/.local/lib/python3.8/site-packages/airflow/example_dags/example_python_operator.py
[2025-06-25T09:05:39.428+0000] {logging_mixin.py:188} INFO - [2025-06-25T09:05:39.428+0000] {dag.py:3036} INFO - Sync 1 DAGs
[2025-06-25T09:05:39.454+0000] {logging_mixin.py:188} INFO - [2025-06-25T09:05:39.454+0000] {dag.py:3823} INFO - Setting next_dagrun for example_python_operator to None, run_after=None
[2025-06-25T09:05:39.489+0000] {processor.py:183} INFO - Processing /home/airflow/.local/lib/python3.8/site-packages/airflow/example_dags/example_python_operator.py took 0.136 seconds
[2025-06-25T09:06:09.710+0000] {processor.py:161} INFO - Started process (PID=333) to work on /home/airflow/.local/lib/python3.8/site-packages/airflow/example_dags/example_python_operator.py
[2025-06-25T09:06:09.712+0000] {processor.py:830} INFO - Processing file /home/airflow/.local/lib/python3.8/site-packages/airflow/example_dags/example_python_operator.py for tasks to queue
[2025-06-25T09:06:09.714+0000] {logging_mixin.py:188} INFO - [2025-06-25T09:06:09.714+0000] {dagbag.py:538} INFO - Filling up the DagBag from /home/airflow/.local/lib/python3.8/site-packages/airflow/example_dags/example_python_operator.py
[2025-06-25T09:06:09.733+0000] {processor.py:840} INFO - DAG(s) 'example_python_operator' retrieved from /home/airflow/.local/lib/python3.8/site-packages/airflow/example_dags/example_python_operator.py
[2025-06-25T09:06:09.772+0000] {logging_mixin.py:188} INFO - [2025-06-25T09:06:09.772+0000] {dag.py:3036} INFO - Sync 1 DAGs
[2025-06-25T09:06:09.794+0000] {logging_mixin.py:188} INFO - [2025-06-25T09:06:09.794+0000] {dag.py:3823} INFO - Setting next_dagrun for example_python_operator to None, run_after=None
[2025-06-25T09:06:09.825+0000] {processor.py:183} INFO - Processing /home/airflow/.local/lib/python3.8/site-packages/airflow/example_dags/example_python_operator.py took 0.119 seconds
[2025-06-25T09:06:40.233+0000] {processor.py:161} INFO - Started process (PID=398) to work on /home/airflow/.local/lib/python3.8/site-packages/airflow/example_dags/example_python_operator.py
[2025-06-25T09:06:40.234+0000] {processor.py:830} INFO - Processing file /home/airflow/.local/lib/python3.8/site-packages/airflow/example_dags/example_python_operator.py for tasks to queue
[2025-06-25T09:06:40.237+0000] {logging_mixin.py:188} INFO - [2025-06-25T09:06:40.236+0000] {dagbag.py:538} INFO - Filling up the DagBag from /home/airflow/.local/lib/python3.8/site-packages/airflow/example_dags/example_python_operator.py
[2025-06-25T09:06:40.254+0000] {processor.py:840} INFO - DAG(s) 'example_python_operator' retrieved from /home/airflow/.local/lib/python3.8/site-packages/airflow/example_dags/example_python_operator.py
[2025-06-25T09:06:40.292+0000] {logging_mixin.py:188} INFO - [2025-06-25T09:06:40.291+0000] {dag.py:3036} INFO - Sync 1 DAGs
[2025-06-25T09:06:40.311+0000] {logging_mixin.py:188} INFO - [2025-06-25T09:06:40.311+0000] {dag.py:3823} INFO - Setting next_dagrun for example_python_operator to None, run_after=None
[2025-06-25T09:06:40.338+0000] {processor.py:183} INFO - Processing /home/airflow/.local/lib/python3.8/site-packages/airflow/example_dags/example_python_operator.py took 0.110 seconds
[2025-06-25T09:07:10.802+0000] {processor.py:161} INFO - Started process (PID=463) to work on /home/airflow/.local/lib/python3.8/site-packages/airflow/example_dags/example_python_operator.py
[2025-06-25T09:07:10.805+0000] {processor.py:830} INFO - Processing file /home/airflow/.local/lib/python3.8/site-packages/airflow/example_dags/example_python_operator.py for tasks to queue
[2025-06-25T09:07:10.807+0000] {logging_mixin.py:188} INFO - [2025-06-25T09:07:10.807+0000] {dagbag.py:538} INFO - Filling up the DagBag from /home/airflow/.local/lib/python3.8/site-packages/airflow/example_dags/example_python_operator.py
[2025-06-25T09:07:10.828+0000] {processor.py:840} INFO - DAG(s) 'example_python_operator' retrieved from /home/airflow/.local/lib/python3.8/site-packages/airflow/example_dags/example_python_operator.py
[2025-06-25T09:07:10.865+0000] {logging_mixin.py:188} INFO - [2025-06-25T09:07:10.865+0000] {dag.py:3036} INFO - Sync 1 DAGs
[2025-06-25T09:07:10.884+0000] {logging_mixin.py:188} INFO - [2025-06-25T09:07:10.883+0000] {dag.py:3823} INFO - Setting next_dagrun for example_python_operator to None, run_after=None
[2025-06-25T09:07:10.908+0000] {processor.py:183} INFO - Processing /home/airflow/.local/lib/python3.8/site-packages/airflow/example_dags/example_python_operator.py took 0.112 seconds
[2025-06-25T09:07:41.541+0000] {processor.py:161} INFO - Started process (PID=528) to work on /home/airflow/.local/lib/python3.8/site-packages/airflow/example_dags/example_python_operator.py
[2025-06-25T09:07:41.542+0000] {processor.py:830} INFO - Processing file /home/airflow/.local/lib/python3.8/site-packages/airflow/example_dags/example_python_operator.py for tasks to queue
[2025-06-25T09:07:41.547+0000] {logging_mixin.py:188} INFO - [2025-06-25T09:07:41.546+0000] {dagbag.py:538} INFO - Filling up the DagBag from /home/airflow/.local/lib/python3.8/site-packages/airflow/example_dags/example_python_operator.py
[2025-06-25T09:07:41.569+0000] {processor.py:840} INFO - DAG(s) 'example_python_operator' retrieved from /home/airflow/.local/lib/python3.8/site-packages/airflow/example_dags/example_python_operator.py
[2025-06-25T09:07:41.616+0000] {logging_mixin.py:188} INFO - [2025-06-25T09:07:41.615+0000] {dag.py:3036} INFO - Sync 1 DAGs
[2025-06-25T09:07:41.648+0000] {logging_mixin.py:188} INFO - [2025-06-25T09:07:41.647+0000] {dag.py:3823} INFO - Setting next_dagrun for example_python_operator to None, run_after=None
[2025-06-25T09:07:41.687+0000] {processor.py:183} INFO - Processing /home/airflow/.local/lib/python3.8/site-packages/airflow/example_dags/example_python_operator.py took 0.154 seconds
[2025-06-25T09:08:11.759+0000] {processor.py:161} INFO - Started process (PID=595) to work on /home/airflow/.local/lib/python3.8/site-packages/airflow/example_dags/example_python_operator.py
[2025-06-25T09:08:11.760+0000] {processor.py:830} INFO - Processing file /home/airflow/.local/lib/python3.8/site-packages/airflow/example_dags/example_python_operator.py for tasks to queue
[2025-06-25T09:08:11.762+0000] {logging_mixin.py:188} INFO - [2025-06-25T09:08:11.762+0000] {dagbag.py:538} INFO - Filling up the DagBag from /home/airflow/.local/lib/python3.8/site-packages/airflow/example_dags/example_python_operator.py
[2025-06-25T09:08:11.777+0000] {processor.py:840} INFO - DAG(s) 'example_python_operator' retrieved from /home/airflow/.local/lib/python3.8/site-packages/airflow/example_dags/example_python_operator.py
[2025-06-25T09:08:11.813+0000] {logging_mixin.py:188} INFO - [2025-06-25T09:08:11.812+0000] {dag.py:3036} INFO - Sync 1 DAGs
[2025-06-25T09:08:11.831+0000] {logging_mixin.py:188} INFO - [2025-06-25T09:08:11.831+0000] {dag.py:3823} INFO - Setting next_dagrun for example_python_operator to None, run_after=None
[2025-06-25T09:08:11.858+0000] {processor.py:183} INFO - Processing /home/airflow/.local/lib/python3.8/site-packages/airflow/example_dags/example_python_operator.py took 0.104 seconds
[2025-06-25T09:08:42.549+0000] {processor.py:161} INFO - Started process (PID=659) to work on /home/airflow/.local/lib/python3.8/site-packages/airflow/example_dags/example_python_operator.py
[2025-06-25T09:08:42.552+0000] {processor.py:830} INFO - Processing file /home/airflow/.local/lib/python3.8/site-packages/airflow/example_dags/example_python_operator.py for tasks to queue
[2025-06-25T09:08:42.555+0000] {logging_mixin.py:188} INFO - [2025-06-25T09:08:42.554+0000] {dagbag.py:538} INFO - Filling up the DagBag from /home/airflow/.local/lib/python3.8/site-packages/airflow/example_dags/example_python_operator.py
[2025-06-25T09:08:42.575+0000] {processor.py:840} INFO - DAG(s) 'example_python_operator' retrieved from /home/airflow/.local/lib/python3.8/site-packages/airflow/example_dags/example_python_operator.py
[2025-06-25T09:08:42.619+0000] {logging_mixin.py:188} INFO - [2025-06-25T09:08:42.619+0000] {dag.py:3036} INFO - Sync 1 DAGs
[2025-06-25T09:08:42.644+0000] {logging_mixin.py:188} INFO - [2025-06-25T09:08:42.643+0000] {dag.py:3823} INFO - Setting next_dagrun for example_python_operator to None, run_after=None
[2025-06-25T09:08:42.681+0000] {processor.py:183} INFO - Processing /home/airflow/.local/lib/python3.8/site-packages/airflow/example_dags/example_python_operator.py took 0.137 seconds
[2025-06-25T09:09:12.735+0000] {processor.py:161} INFO - Started process (PID=724) to work on /home/airflow/.local/lib/python3.8/site-packages/airflow/example_dags/example_python_operator.py
[2025-06-25T09:09:12.737+0000] {processor.py:830} INFO - Processing file /home/airflow/.local/lib/python3.8/site-packages/airflow/example_dags/example_python_operator.py for tasks to queue
[2025-06-25T09:09:12.742+0000] {logging_mixin.py:188} INFO - [2025-06-25T09:09:12.741+0000] {dagbag.py:538} INFO - Filling up the DagBag from /home/airflow/.local/lib/python3.8/site-packages/airflow/example_dags/example_python_operator.py
[2025-06-25T09:09:12.772+0000] {processor.py:840} INFO - DAG(s) 'example_python_operator' retrieved from /home/airflow/.local/lib/python3.8/site-packages/airflow/example_dags/example_python_operator.py
[2025-06-25T09:09:12.825+0000] {logging_mixin.py:188} INFO - [2025-06-25T09:09:12.825+0000] {dag.py:3036} INFO - Sync 1 DAGs
[2025-06-25T09:09:12.853+0000] {logging_mixin.py:188} INFO - [2025-06-25T09:09:12.853+0000] {dag.py:3823} INFO - Setting next_dagrun for example_python_operator to None, run_after=None
[2025-06-25T09:09:12.887+0000] {processor.py:183} INFO - Processing /home/airflow/.local/lib/python3.8/site-packages/airflow/example_dags/example_python_operator.py took 0.160 seconds
[2025-06-25T09:09:43.241+0000] {processor.py:161} INFO - Started process (PID=788) to work on /home/airflow/.local/lib/python3.8/site-packages/airflow/example_dags/example_python_operator.py
[2025-06-25T09:09:43.242+0000] {processor.py:830} INFO - Processing file /home/airflow/.local/lib/python3.8/site-packages/airflow/example_dags/example_python_operator.py for tasks to queue
[2025-06-25T09:09:43.246+0000] {logging_mixin.py:188} INFO - [2025-06-25T09:09:43.245+0000] {dagbag.py:538} INFO - Filling up the DagBag from /home/airflow/.local/lib/python3.8/site-packages/airflow/example_dags/example_python_operator.py
[2025-06-25T09:09:43.268+0000] {processor.py:840} INFO - DAG(s) 'example_python_operator' retrieved from /home/airflow/.local/lib/python3.8/site-packages/airflow/example_dags/example_python_operator.py
[2025-06-25T09:09:43.329+0000] {logging_mixin.py:188} INFO - [2025-06-25T09:09:43.328+0000] {dag.py:3036} INFO - Sync 1 DAGs
[2025-06-25T09:09:43.360+0000] {logging_mixin.py:188} INFO - [2025-06-25T09:09:43.360+0000] {dag.py:3823} INFO - Setting next_dagrun for example_python_operator to None, run_after=None
[2025-06-25T09:09:43.400+0000] {processor.py:183} INFO - Processing /home/airflow/.local/lib/python3.8/site-packages/airflow/example_dags/example_python_operator.py took 0.166 seconds
[2025-06-25T09:10:13.999+0000] {processor.py:161} INFO - Started process (PID=861) to work on /home/airflow/.local/lib/python3.8/site-packages/airflow/example_dags/example_python_operator.py
[2025-06-25T09:10:14.002+0000] {processor.py:830} INFO - Processing file /home/airflow/.local/lib/python3.8/site-packages/airflow/example_dags/example_python_operator.py for tasks to queue
[2025-06-25T09:10:14.005+0000] {logging_mixin.py:188} INFO - [2025-06-25T09:10:14.005+0000] {dagbag.py:538} INFO - Filling up the DagBag from /home/airflow/.local/lib/python3.8/site-packages/airflow/example_dags/example_python_operator.py
[2025-06-25T09:10:14.033+0000] {processor.py:840} INFO - DAG(s) 'example_python_operator' retrieved from /home/airflow/.local/lib/python3.8/site-packages/airflow/example_dags/example_python_operator.py
[2025-06-25T09:10:14.097+0000] {logging_mixin.py:188} INFO - [2025-06-25T09:10:14.096+0000] {dag.py:3036} INFO - Sync 1 DAGs
[2025-06-25T09:10:14.147+0000] {logging_mixin.py:188} INFO - [2025-06-25T09:10:14.146+0000] {dag.py:3823} INFO - Setting next_dagrun for example_python_operator to None, run_after=None
[2025-06-25T09:10:14.202+0000] {processor.py:183} INFO - Processing /home/airflow/.local/lib/python3.8/site-packages/airflow/example_dags/example_python_operator.py took 0.209 seconds
[2025-06-25T09:10:44.535+0000] {processor.py:161} INFO - Started process (PID=926) to work on /home/airflow/.local/lib/python3.8/site-packages/airflow/example_dags/example_python_operator.py
[2025-06-25T09:10:44.536+0000] {processor.py:830} INFO - Processing file /home/airflow/.local/lib/python3.8/site-packages/airflow/example_dags/example_python_operator.py for tasks to queue
[2025-06-25T09:10:44.539+0000] {logging_mixin.py:188} INFO - [2025-06-25T09:10:44.538+0000] {dagbag.py:538} INFO - Filling up the DagBag from /home/airflow/.local/lib/python3.8/site-packages/airflow/example_dags/example_python_operator.py
[2025-06-25T09:10:44.555+0000] {processor.py:840} INFO - DAG(s) 'example_python_operator' retrieved from /home/airflow/.local/lib/python3.8/site-packages/airflow/example_dags/example_python_operator.py
[2025-06-25T09:10:44.597+0000] {logging_mixin.py:188} INFO - [2025-06-25T09:10:44.597+0000] {dag.py:3036} INFO - Sync 1 DAGs
[2025-06-25T09:10:44.622+0000] {logging_mixin.py:188} INFO - [2025-06-25T09:10:44.622+0000] {dag.py:3823} INFO - Setting next_dagrun for example_python_operator to None, run_after=None
[2025-06-25T09:10:44.657+0000] {processor.py:183} INFO - Processing /home/airflow/.local/lib/python3.8/site-packages/airflow/example_dags/example_python_operator.py took 0.128 seconds
[2025-06-25T09:11:15.222+0000] {processor.py:161} INFO - Started process (PID=991) to work on /home/airflow/.local/lib/python3.8/site-packages/airflow/example_dags/example_python_operator.py
[2025-06-25T09:11:15.224+0000] {processor.py:830} INFO - Processing file /home/airflow/.local/lib/python3.8/site-packages/airflow/example_dags/example_python_operator.py for tasks to queue
[2025-06-25T09:11:15.227+0000] {logging_mixin.py:188} INFO - [2025-06-25T09:11:15.227+0000] {dagbag.py:538} INFO - Filling up the DagBag from /home/airflow/.local/lib/python3.8/site-packages/airflow/example_dags/example_python_operator.py
[2025-06-25T09:11:15.249+0000] {processor.py:840} INFO - DAG(s) 'example_python_operator' retrieved from /home/airflow/.local/lib/python3.8/site-packages/airflow/example_dags/example_python_operator.py
[2025-06-25T09:11:15.297+0000] {logging_mixin.py:188} INFO - [2025-06-25T09:11:15.297+0000] {dag.py:3036} INFO - Sync 1 DAGs
[2025-06-25T09:11:15.326+0000] {logging_mixin.py:188} INFO - [2025-06-25T09:11:15.325+0000] {dag.py:3823} INFO - Setting next_dagrun for example_python_operator to None, run_after=None
[2025-06-25T09:11:15.368+0000] {processor.py:183} INFO - Processing /home/airflow/.local/lib/python3.8/site-packages/airflow/example_dags/example_python_operator.py took 0.155 seconds
[2025-06-25T09:11:45.524+0000] {processor.py:161} INFO - Started process (PID=1056) to work on /home/airflow/.local/lib/python3.8/site-packages/airflow/example_dags/example_python_operator.py
[2025-06-25T09:11:45.525+0000] {processor.py:830} INFO - Processing file /home/airflow/.local/lib/python3.8/site-packages/airflow/example_dags/example_python_operator.py for tasks to queue
[2025-06-25T09:11:45.528+0000] {logging_mixin.py:188} INFO - [2025-06-25T09:11:45.528+0000] {dagbag.py:538} INFO - Filling up the DagBag from /home/airflow/.local/lib/python3.8/site-packages/airflow/example_dags/example_python_operator.py
[2025-06-25T09:11:45.547+0000] {processor.py:840} INFO - DAG(s) 'example_python_operator' retrieved from /home/airflow/.local/lib/python3.8/site-packages/airflow/example_dags/example_python_operator.py
[2025-06-25T09:11:45.587+0000] {logging_mixin.py:188} INFO - [2025-06-25T09:11:45.587+0000] {dag.py:3036} INFO - Sync 1 DAGs
[2025-06-25T09:11:45.614+0000] {logging_mixin.py:188} INFO - [2025-06-25T09:11:45.614+0000] {dag.py:3823} INFO - Setting next_dagrun for example_python_operator to None, run_after=None
[2025-06-25T09:11:45.650+0000] {processor.py:183} INFO - Processing /home/airflow/.local/lib/python3.8/site-packages/airflow/example_dags/example_python_operator.py took 0.132 seconds
[2025-06-25T09:12:15.953+0000] {processor.py:161} INFO - Started process (PID=1118) to work on /home/airflow/.local/lib/python3.8/site-packages/airflow/example_dags/example_python_operator.py
[2025-06-25T09:12:15.955+0000] {processor.py:830} INFO - Processing file /home/airflow/.local/lib/python3.8/site-packages/airflow/example_dags/example_python_operator.py for tasks to queue
[2025-06-25T09:12:15.958+0000] {logging_mixin.py:188} INFO - [2025-06-25T09:12:15.958+0000] {dagbag.py:538} INFO - Filling up the DagBag from /home/airflow/.local/lib/python3.8/site-packages/airflow/example_dags/example_python_operator.py
[2025-06-25T09:12:15.978+0000] {processor.py:840} INFO - DAG(s) 'example_python_operator' retrieved from /home/airflow/.local/lib/python3.8/site-packages/airflow/example_dags/example_python_operator.py
[2025-06-25T09:12:16.038+0000] {logging_mixin.py:188} INFO - [2025-06-25T09:12:16.037+0000] {dag.py:3036} INFO - Sync 1 DAGs
[2025-06-25T09:12:16.077+0000] {logging_mixin.py:188} INFO - [2025-06-25T09:12:16.077+0000] {dag.py:3823} INFO - Setting next_dagrun for example_python_operator to None, run_after=None
[2025-06-25T09:12:16.151+0000] {processor.py:183} INFO - Processing /home/airflow/.local/lib/python3.8/site-packages/airflow/example_dags/example_python_operator.py took 0.203 seconds
[2025-06-25T09:12:46.830+0000] {processor.py:161} INFO - Started process (PID=1184) to work on /home/airflow/.local/lib/python3.8/site-packages/airflow/example_dags/example_python_operator.py
[2025-06-25T09:12:46.831+0000] {processor.py:830} INFO - Processing file /home/airflow/.local/lib/python3.8/site-packages/airflow/example_dags/example_python_operator.py for tasks to queue
[2025-06-25T09:12:46.841+0000] {logging_mixin.py:188} INFO - [2025-06-25T09:12:46.834+0000] {dagbag.py:538} INFO - Filling up the DagBag from /home/airflow/.local/lib/python3.8/site-packages/airflow/example_dags/example_python_operator.py
[2025-06-25T09:12:46.875+0000] {processor.py:840} INFO - DAG(s) 'example_python_operator' retrieved from /home/airflow/.local/lib/python3.8/site-packages/airflow/example_dags/example_python_operator.py
[2025-06-25T09:12:46.957+0000] {logging_mixin.py:188} INFO - [2025-06-25T09:12:46.956+0000] {dag.py:3036} INFO - Sync 1 DAGs
[2025-06-25T09:12:46.986+0000] {logging_mixin.py:188} INFO - [2025-06-25T09:12:46.986+0000] {dag.py:3823} INFO - Setting next_dagrun for example_python_operator to None, run_after=None
[2025-06-25T09:12:47.029+0000] {processor.py:183} INFO - Processing /home/airflow/.local/lib/python3.8/site-packages/airflow/example_dags/example_python_operator.py took 0.208 seconds
[2025-06-25T09:13:17.736+0000] {processor.py:161} INFO - Started process (PID=1250) to work on /home/airflow/.local/lib/python3.8/site-packages/airflow/example_dags/example_python_operator.py
[2025-06-25T09:13:17.739+0000] {processor.py:830} INFO - Processing file /home/airflow/.local/lib/python3.8/site-packages/airflow/example_dags/example_python_operator.py for tasks to queue
[2025-06-25T09:13:17.742+0000] {logging_mixin.py:188} INFO - [2025-06-25T09:13:17.741+0000] {dagbag.py:538} INFO - Filling up the DagBag from /home/airflow/.local/lib/python3.8/site-packages/airflow/example_dags/example_python_operator.py
[2025-06-25T09:13:17.765+0000] {processor.py:840} INFO - DAG(s) 'example_python_operator' retrieved from /home/airflow/.local/lib/python3.8/site-packages/airflow/example_dags/example_python_operator.py
[2025-06-25T09:13:17.838+0000] {logging_mixin.py:188} INFO - [2025-06-25T09:13:17.837+0000] {dag.py:3036} INFO - Sync 1 DAGs
[2025-06-25T09:13:17.868+0000] {logging_mixin.py:188} INFO - [2025-06-25T09:13:17.867+0000] {dag.py:3823} INFO - Setting next_dagrun for example_python_operator to None, run_after=None
[2025-06-25T09:13:17.914+0000] {processor.py:183} INFO - Processing /home/airflow/.local/lib/python3.8/site-packages/airflow/example_dags/example_python_operator.py took 0.183 seconds
[2025-06-25T09:13:48.183+0000] {processor.py:161} INFO - Started process (PID=1309) to work on /home/airflow/.local/lib/python3.8/site-packages/airflow/example_dags/example_python_operator.py
[2025-06-25T09:13:48.186+0000] {processor.py:830} INFO - Processing file /home/airflow/.local/lib/python3.8/site-packages/airflow/example_dags/example_python_operator.py for tasks to queue
[2025-06-25T09:13:48.189+0000] {logging_mixin.py:188} INFO - [2025-06-25T09:13:48.188+0000] {dagbag.py:538} INFO - Filling up the DagBag from /home/airflow/.local/lib/python3.8/site-packages/airflow/example_dags/example_python_operator.py
[2025-06-25T09:13:48.224+0000] {processor.py:840} INFO - DAG(s) 'example_python_operator' retrieved from /home/airflow/.local/lib/python3.8/site-packages/airflow/example_dags/example_python_operator.py
[2025-06-25T09:13:48.308+0000] {logging_mixin.py:188} INFO - [2025-06-25T09:13:48.308+0000] {dag.py:3036} INFO - Sync 1 DAGs
[2025-06-25T09:13:48.358+0000] {logging_mixin.py:188} INFO - [2025-06-25T09:13:48.357+0000] {dag.py:3823} INFO - Setting next_dagrun for example_python_operator to None, run_after=None
[2025-06-25T09:13:48.404+0000] {processor.py:183} INFO - Processing /home/airflow/.local/lib/python3.8/site-packages/airflow/example_dags/example_python_operator.py took 0.227 seconds
[2025-06-25T09:14:18.664+0000] {processor.py:161} INFO - Started process (PID=1374) to work on /home/airflow/.local/lib/python3.8/site-packages/airflow/example_dags/example_python_operator.py
[2025-06-25T09:14:18.666+0000] {processor.py:830} INFO - Processing file /home/airflow/.local/lib/python3.8/site-packages/airflow/example_dags/example_python_operator.py for tasks to queue
[2025-06-25T09:14:18.669+0000] {logging_mixin.py:188} INFO - [2025-06-25T09:14:18.668+0000] {dagbag.py:538} INFO - Filling up the DagBag from /home/airflow/.local/lib/python3.8/site-packages/airflow/example_dags/example_python_operator.py
[2025-06-25T09:14:18.688+0000] {processor.py:840} INFO - DAG(s) 'example_python_operator' retrieved from /home/airflow/.local/lib/python3.8/site-packages/airflow/example_dags/example_python_operator.py
[2025-06-25T09:14:18.734+0000] {logging_mixin.py:188} INFO - [2025-06-25T09:14:18.733+0000] {dag.py:3036} INFO - Sync 1 DAGs
[2025-06-25T09:14:18.761+0000] {logging_mixin.py:188} INFO - [2025-06-25T09:14:18.760+0000] {dag.py:3823} INFO - Setting next_dagrun for example_python_operator to None, run_after=None
[2025-06-25T09:14:18.802+0000] {processor.py:183} INFO - Processing /home/airflow/.local/lib/python3.8/site-packages/airflow/example_dags/example_python_operator.py took 0.145 seconds
[2025-06-25T09:14:49.518+0000] {processor.py:161} INFO - Started process (PID=1439) to work on /home/airflow/.local/lib/python3.8/site-packages/airflow/example_dags/example_python_operator.py
[2025-06-25T09:14:49.522+0000] {processor.py:830} INFO - Processing file /home/airflow/.local/lib/python3.8/site-packages/airflow/example_dags/example_python_operator.py for tasks to queue
[2025-06-25T09:14:49.526+0000] {logging_mixin.py:188} INFO - [2025-06-25T09:14:49.525+0000] {dagbag.py:538} INFO - Filling up the DagBag from /home/airflow/.local/lib/python3.8/site-packages/airflow/example_dags/example_python_operator.py
[2025-06-25T09:14:49.565+0000] {processor.py:840} INFO - DAG(s) 'example_python_operator' retrieved from /home/airflow/.local/lib/python3.8/site-packages/airflow/example_dags/example_python_operator.py
[2025-06-25T09:14:49.610+0000] {logging_mixin.py:188} INFO - [2025-06-25T09:14:49.609+0000] {dag.py:3036} INFO - Sync 1 DAGs
[2025-06-25T09:14:49.637+0000] {logging_mixin.py:188} INFO - [2025-06-25T09:14:49.636+0000] {dag.py:3823} INFO - Setting next_dagrun for example_python_operator to None, run_after=None
[2025-06-25T09:14:49.699+0000] {processor.py:183} INFO - Processing /home/airflow/.local/lib/python3.8/site-packages/airflow/example_dags/example_python_operator.py took 0.189 seconds
[2025-06-25T09:15:20.271+0000] {processor.py:161} INFO - Started process (PID=1504) to work on /home/airflow/.local/lib/python3.8/site-packages/airflow/example_dags/example_python_operator.py
[2025-06-25T09:15:20.274+0000] {processor.py:830} INFO - Processing file /home/airflow/.local/lib/python3.8/site-packages/airflow/example_dags/example_python_operator.py for tasks to queue
[2025-06-25T09:15:20.278+0000] {logging_mixin.py:188} INFO - [2025-06-25T09:15:20.278+0000] {dagbag.py:538} INFO - Filling up the DagBag from /home/airflow/.local/lib/python3.8/site-packages/airflow/example_dags/example_python_operator.py
[2025-06-25T09:15:20.320+0000] {processor.py:840} INFO - DAG(s) 'example_python_operator' retrieved from /home/airflow/.local/lib/python3.8/site-packages/airflow/example_dags/example_python_operator.py
[2025-06-25T09:15:20.424+0000] {logging_mixin.py:188} INFO - [2025-06-25T09:15:20.423+0000] {dag.py:3036} INFO - Sync 1 DAGs
[2025-06-25T09:15:20.478+0000] {logging_mixin.py:188} INFO - [2025-06-25T09:15:20.477+0000] {dag.py:3823} INFO - Setting next_dagrun for example_python_operator to None, run_after=None
[2025-06-25T09:15:20.546+0000] {processor.py:183} INFO - Processing /home/airflow/.local/lib/python3.8/site-packages/airflow/example_dags/example_python_operator.py took 0.284 seconds
[2025-06-25T09:15:50.966+0000] {processor.py:161} INFO - Started process (PID=1569) to work on /home/airflow/.local/lib/python3.8/site-packages/airflow/example_dags/example_python_operator.py
[2025-06-25T09:15:50.968+0000] {processor.py:830} INFO - Processing file /home/airflow/.local/lib/python3.8/site-packages/airflow/example_dags/example_python_operator.py for tasks to queue
[2025-06-25T09:15:50.971+0000] {logging_mixin.py:188} INFO - [2025-06-25T09:15:50.970+0000] {dagbag.py:538} INFO - Filling up the DagBag from /home/airflow/.local/lib/python3.8/site-packages/airflow/example_dags/example_python_operator.py
[2025-06-25T09:15:50.991+0000] {processor.py:840} INFO - DAG(s) 'example_python_operator' retrieved from /home/airflow/.local/lib/python3.8/site-packages/airflow/example_dags/example_python_operator.py
[2025-06-25T09:15:51.035+0000] {logging_mixin.py:188} INFO - [2025-06-25T09:15:51.035+0000] {dag.py:3036} INFO - Sync 1 DAGs
[2025-06-25T09:15:51.061+0000] {logging_mixin.py:188} INFO - [2025-06-25T09:15:51.060+0000] {dag.py:3823} INFO - Setting next_dagrun for example_python_operator to None, run_after=None
[2025-06-25T09:15:51.099+0000] {processor.py:183} INFO - Processing /home/airflow/.local/lib/python3.8/site-packages/airflow/example_dags/example_python_operator.py took 0.139 seconds
[2025-06-25T09:16:21.400+0000] {processor.py:161} INFO - Started process (PID=1633) to work on /home/airflow/.local/lib/python3.8/site-packages/airflow/example_dags/example_python_operator.py
[2025-06-25T09:16:21.405+0000] {processor.py:830} INFO - Processing file /home/airflow/.local/lib/python3.8/site-packages/airflow/example_dags/example_python_operator.py for tasks to queue
[2025-06-25T09:16:21.417+0000] {logging_mixin.py:188} INFO - [2025-06-25T09:16:21.416+0000] {dagbag.py:538} INFO - Filling up the DagBag from /home/airflow/.local/lib/python3.8/site-packages/airflow/example_dags/example_python_operator.py
[2025-06-25T09:16:21.455+0000] {processor.py:840} INFO - DAG(s) 'example_python_operator' retrieved from /home/airflow/.local/lib/python3.8/site-packages/airflow/example_dags/example_python_operator.py
[2025-06-25T09:16:21.526+0000] {logging_mixin.py:188} INFO - [2025-06-25T09:16:21.525+0000] {dag.py:3036} INFO - Sync 1 DAGs
[2025-06-25T09:16:21.567+0000] {logging_mixin.py:188} INFO - [2025-06-25T09:16:21.566+0000] {dag.py:3823} INFO - Setting next_dagrun for example_python_operator to None, run_after=None
[2025-06-25T09:16:21.659+0000] {processor.py:183} INFO - Processing /home/airflow/.local/lib/python3.8/site-packages/airflow/example_dags/example_python_operator.py took 0.271 seconds
[2025-06-25T09:16:52.011+0000] {processor.py:161} INFO - Started process (PID=1690) to work on /home/airflow/.local/lib/python3.8/site-packages/airflow/example_dags/example_python_operator.py
[2025-06-25T09:16:52.014+0000] {processor.py:830} INFO - Processing file /home/airflow/.local/lib/python3.8/site-packages/airflow/example_dags/example_python_operator.py for tasks to queue
[2025-06-25T09:16:52.019+0000] {logging_mixin.py:188} INFO - [2025-06-25T09:16:52.018+0000] {dagbag.py:538} INFO - Filling up the DagBag from /home/airflow/.local/lib/python3.8/site-packages/airflow/example_dags/example_python_operator.py
[2025-06-25T09:16:52.044+0000] {processor.py:840} INFO - DAG(s) 'example_python_operator' retrieved from /home/airflow/.local/lib/python3.8/site-packages/airflow/example_dags/example_python_operator.py
[2025-06-25T09:16:52.108+0000] {logging_mixin.py:188} INFO - [2025-06-25T09:16:52.108+0000] {dag.py:3036} INFO - Sync 1 DAGs
[2025-06-25T09:16:52.152+0000] {logging_mixin.py:188} INFO - [2025-06-25T09:16:52.151+0000] {dag.py:3823} INFO - Setting next_dagrun for example_python_operator to None, run_after=None
[2025-06-25T09:16:52.224+0000] {processor.py:183} INFO - Processing /home/airflow/.local/lib/python3.8/site-packages/airflow/example_dags/example_python_operator.py took 0.237 seconds
[2025-06-25T09:17:22.621+0000] {processor.py:161} INFO - Started process (PID=1756) to work on /home/airflow/.local/lib/python3.8/site-packages/airflow/example_dags/example_python_operator.py
[2025-06-25T09:17:22.623+0000] {processor.py:830} INFO - Processing file /home/airflow/.local/lib/python3.8/site-packages/airflow/example_dags/example_python_operator.py for tasks to queue
[2025-06-25T09:17:22.627+0000] {logging_mixin.py:188} INFO - [2025-06-25T09:17:22.626+0000] {dagbag.py:538} INFO - Filling up the DagBag from /home/airflow/.local/lib/python3.8/site-packages/airflow/example_dags/example_python_operator.py
[2025-06-25T09:17:22.649+0000] {processor.py:840} INFO - DAG(s) 'example_python_operator' retrieved from /home/airflow/.local/lib/python3.8/site-packages/airflow/example_dags/example_python_operator.py
[2025-06-25T09:17:22.693+0000] {logging_mixin.py:188} INFO - [2025-06-25T09:17:22.693+0000] {dag.py:3036} INFO - Sync 1 DAGs
[2025-06-25T09:17:22.720+0000] {logging_mixin.py:188} INFO - [2025-06-25T09:17:22.719+0000] {dag.py:3823} INFO - Setting next_dagrun for example_python_operator to None, run_after=None
[2025-06-25T09:17:22.767+0000] {processor.py:183} INFO - Processing /home/airflow/.local/lib/python3.8/site-packages/airflow/example_dags/example_python_operator.py took 0.151 seconds
[2025-06-25T09:17:53.004+0000] {processor.py:161} INFO - Started process (PID=1819) to work on /home/airflow/.local/lib/python3.8/site-packages/airflow/example_dags/example_python_operator.py
[2025-06-25T09:17:53.006+0000] {processor.py:830} INFO - Processing file /home/airflow/.local/lib/python3.8/site-packages/airflow/example_dags/example_python_operator.py for tasks to queue
[2025-06-25T09:17:53.012+0000] {logging_mixin.py:188} INFO - [2025-06-25T09:17:53.011+0000] {dagbag.py:538} INFO - Filling up the DagBag from /home/airflow/.local/lib/python3.8/site-packages/airflow/example_dags/example_python_operator.py
[2025-06-25T09:17:53.039+0000] {processor.py:840} INFO - DAG(s) 'example_python_operator' retrieved from /home/airflow/.local/lib/python3.8/site-packages/airflow/example_dags/example_python_operator.py
[2025-06-25T09:17:53.088+0000] {logging_mixin.py:188} INFO - [2025-06-25T09:17:53.088+0000] {dag.py:3036} INFO - Sync 1 DAGs
[2025-06-25T09:17:53.115+0000] {logging_mixin.py:188} INFO - [2025-06-25T09:17:53.114+0000] {dag.py:3823} INFO - Setting next_dagrun for example_python_operator to None, run_after=None
[2025-06-25T09:17:53.157+0000] {processor.py:183} INFO - Processing /home/airflow/.local/lib/python3.8/site-packages/airflow/example_dags/example_python_operator.py took 0.162 seconds
[2025-06-25T09:18:23.614+0000] {processor.py:161} INFO - Started process (PID=1884) to work on /home/airflow/.local/lib/python3.8/site-packages/airflow/example_dags/example_python_operator.py
[2025-06-25T09:18:23.616+0000] {processor.py:830} INFO - Processing file /home/airflow/.local/lib/python3.8/site-packages/airflow/example_dags/example_python_operator.py for tasks to queue
[2025-06-25T09:18:23.621+0000] {logging_mixin.py:188} INFO - [2025-06-25T09:18:23.620+0000] {dagbag.py:538} INFO - Filling up the DagBag from /home/airflow/.local/lib/python3.8/site-packages/airflow/example_dags/example_python_operator.py
[2025-06-25T09:18:23.652+0000] {processor.py:840} INFO - DAG(s) 'example_python_operator' retrieved from /home/airflow/.local/lib/python3.8/site-packages/airflow/example_dags/example_python_operator.py
[2025-06-25T09:18:23.695+0000] {logging_mixin.py:188} INFO - [2025-06-25T09:18:23.695+0000] {dag.py:3036} INFO - Sync 1 DAGs
[2025-06-25T09:18:23.721+0000] {logging_mixin.py:188} INFO - [2025-06-25T09:18:23.721+0000] {dag.py:3823} INFO - Setting next_dagrun for example_python_operator to None, run_after=None
[2025-06-25T09:18:23.761+0000] {processor.py:183} INFO - Processing /home/airflow/.local/lib/python3.8/site-packages/airflow/example_dags/example_python_operator.py took 0.157 seconds
[2025-06-25T09:18:54.605+0000] {processor.py:161} INFO - Started process (PID=1949) to work on /home/airflow/.local/lib/python3.8/site-packages/airflow/example_dags/example_python_operator.py
[2025-06-25T09:18:54.619+0000] {processor.py:830} INFO - Processing file /home/airflow/.local/lib/python3.8/site-packages/airflow/example_dags/example_python_operator.py for tasks to queue
[2025-06-25T09:18:54.622+0000] {logging_mixin.py:188} INFO - [2025-06-25T09:18:54.622+0000] {dagbag.py:538} INFO - Filling up the DagBag from /home/airflow/.local/lib/python3.8/site-packages/airflow/example_dags/example_python_operator.py
[2025-06-25T09:18:54.654+0000] {processor.py:840} INFO - DAG(s) 'example_python_operator' retrieved from /home/airflow/.local/lib/python3.8/site-packages/airflow/example_dags/example_python_operator.py
[2025-06-25T09:18:54.712+0000] {logging_mixin.py:188} INFO - [2025-06-25T09:18:54.711+0000] {dag.py:3036} INFO - Sync 1 DAGs
[2025-06-25T09:18:54.736+0000] {logging_mixin.py:188} INFO - [2025-06-25T09:18:54.736+0000] {dag.py:3823} INFO - Setting next_dagrun for example_python_operator to None, run_after=None
[2025-06-25T09:18:54.771+0000] {processor.py:183} INFO - Processing /home/airflow/.local/lib/python3.8/site-packages/airflow/example_dags/example_python_operator.py took 0.185 seconds
[2025-06-25T09:19:25.352+0000] {processor.py:161} INFO - Started process (PID=2014) to work on /home/airflow/.local/lib/python3.8/site-packages/airflow/example_dags/example_python_operator.py
[2025-06-25T09:19:25.354+0000] {processor.py:830} INFO - Processing file /home/airflow/.local/lib/python3.8/site-packages/airflow/example_dags/example_python_operator.py for tasks to queue
[2025-06-25T09:19:25.358+0000] {logging_mixin.py:188} INFO - [2025-06-25T09:19:25.357+0000] {dagbag.py:538} INFO - Filling up the DagBag from /home/airflow/.local/lib/python3.8/site-packages/airflow/example_dags/example_python_operator.py
[2025-06-25T09:19:25.379+0000] {processor.py:840} INFO - DAG(s) 'example_python_operator' retrieved from /home/airflow/.local/lib/python3.8/site-packages/airflow/example_dags/example_python_operator.py
[2025-06-25T09:19:25.422+0000] {logging_mixin.py:188} INFO - [2025-06-25T09:19:25.421+0000] {dag.py:3036} INFO - Sync 1 DAGs
[2025-06-25T09:19:25.447+0000] {logging_mixin.py:188} INFO - [2025-06-25T09:19:25.446+0000] {dag.py:3823} INFO - Setting next_dagrun for example_python_operator to None, run_after=None
[2025-06-25T09:19:25.482+0000] {processor.py:183} INFO - Processing /home/airflow/.local/lib/python3.8/site-packages/airflow/example_dags/example_python_operator.py took 0.135 seconds
[2025-06-25T09:19:55.944+0000] {processor.py:161} INFO - Started process (PID=2086) to work on /home/airflow/.local/lib/python3.8/site-packages/airflow/example_dags/example_python_operator.py
[2025-06-25T09:19:55.947+0000] {processor.py:830} INFO - Processing file /home/airflow/.local/lib/python3.8/site-packages/airflow/example_dags/example_python_operator.py for tasks to queue
[2025-06-25T09:19:55.950+0000] {logging_mixin.py:188} INFO - [2025-06-25T09:19:55.949+0000] {dagbag.py:538} INFO - Filling up the DagBag from /home/airflow/.local/lib/python3.8/site-packages/airflow/example_dags/example_python_operator.py
[2025-06-25T09:19:55.968+0000] {processor.py:840} INFO - DAG(s) 'example_python_operator' retrieved from /home/airflow/.local/lib/python3.8/site-packages/airflow/example_dags/example_python_operator.py
[2025-06-25T09:19:56.006+0000] {logging_mixin.py:188} INFO - [2025-06-25T09:19:56.005+0000] {dag.py:3036} INFO - Sync 1 DAGs
[2025-06-25T09:19:56.026+0000] {logging_mixin.py:188} INFO - [2025-06-25T09:19:56.026+0000] {dag.py:3823} INFO - Setting next_dagrun for example_python_operator to None, run_after=None
[2025-06-25T09:19:56.058+0000] {processor.py:183} INFO - Processing /home/airflow/.local/lib/python3.8/site-packages/airflow/example_dags/example_python_operator.py took 0.119 seconds
[2025-06-25T09:20:26.759+0000] {processor.py:161} INFO - Started process (PID=2152) to work on /home/airflow/.local/lib/python3.8/site-packages/airflow/example_dags/example_python_operator.py
[2025-06-25T09:20:26.760+0000] {processor.py:830} INFO - Processing file /home/airflow/.local/lib/python3.8/site-packages/airflow/example_dags/example_python_operator.py for tasks to queue
[2025-06-25T09:20:26.763+0000] {logging_mixin.py:188} INFO - [2025-06-25T09:20:26.763+0000] {dagbag.py:538} INFO - Filling up the DagBag from /home/airflow/.local/lib/python3.8/site-packages/airflow/example_dags/example_python_operator.py
[2025-06-25T09:20:26.781+0000] {processor.py:840} INFO - DAG(s) 'example_python_operator' retrieved from /home/airflow/.local/lib/python3.8/site-packages/airflow/example_dags/example_python_operator.py
[2025-06-25T09:20:26.818+0000] {logging_mixin.py:188} INFO - [2025-06-25T09:20:26.817+0000] {dag.py:3036} INFO - Sync 1 DAGs
[2025-06-25T09:20:26.842+0000] {logging_mixin.py:188} INFO - [2025-06-25T09:20:26.841+0000] {dag.py:3823} INFO - Setting next_dagrun for example_python_operator to None, run_after=None
[2025-06-25T09:20:26.877+0000] {processor.py:183} INFO - Processing /home/airflow/.local/lib/python3.8/site-packages/airflow/example_dags/example_python_operator.py took 0.123 seconds
[2025-06-25T09:20:57.655+0000] {processor.py:161} INFO - Started process (PID=2217) to work on /home/airflow/.local/lib/python3.8/site-packages/airflow/example_dags/example_python_operator.py
[2025-06-25T09:20:57.657+0000] {processor.py:830} INFO - Processing file /home/airflow/.local/lib/python3.8/site-packages/airflow/example_dags/example_python_operator.py for tasks to queue
[2025-06-25T09:20:57.660+0000] {logging_mixin.py:188} INFO - [2025-06-25T09:20:57.659+0000] {dagbag.py:538} INFO - Filling up the DagBag from /home/airflow/.local/lib/python3.8/site-packages/airflow/example_dags/example_python_operator.py
[2025-06-25T09:20:57.677+0000] {processor.py:840} INFO - DAG(s) 'example_python_operator' retrieved from /home/airflow/.local/lib/python3.8/site-packages/airflow/example_dags/example_python_operator.py
[2025-06-25T09:20:57.716+0000] {logging_mixin.py:188} INFO - [2025-06-25T09:20:57.716+0000] {dag.py:3036} INFO - Sync 1 DAGs
[2025-06-25T09:20:57.739+0000] {logging_mixin.py:188} INFO - [2025-06-25T09:20:57.739+0000] {dag.py:3823} INFO - Setting next_dagrun for example_python_operator to None, run_after=None
[2025-06-25T09:20:57.768+0000] {processor.py:183} INFO - Processing /home/airflow/.local/lib/python3.8/site-packages/airflow/example_dags/example_python_operator.py took 0.119 seconds
[2025-06-25T09:21:28.084+0000] {processor.py:161} INFO - Started process (PID=2282) to work on /home/airflow/.local/lib/python3.8/site-packages/airflow/example_dags/example_python_operator.py
[2025-06-25T09:21:28.085+0000] {processor.py:830} INFO - Processing file /home/airflow/.local/lib/python3.8/site-packages/airflow/example_dags/example_python_operator.py for tasks to queue
[2025-06-25T09:21:28.088+0000] {logging_mixin.py:188} INFO - [2025-06-25T09:21:28.088+0000] {dagbag.py:538} INFO - Filling up the DagBag from /home/airflow/.local/lib/python3.8/site-packages/airflow/example_dags/example_python_operator.py
[2025-06-25T09:21:28.105+0000] {processor.py:840} INFO - DAG(s) 'example_python_operator' retrieved from /home/airflow/.local/lib/python3.8/site-packages/airflow/example_dags/example_python_operator.py
[2025-06-25T09:21:28.139+0000] {logging_mixin.py:188} INFO - [2025-06-25T09:21:28.138+0000] {dag.py:3036} INFO - Sync 1 DAGs
[2025-06-25T09:21:28.157+0000] {logging_mixin.py:188} INFO - [2025-06-25T09:21:28.157+0000] {dag.py:3823} INFO - Setting next_dagrun for example_python_operator to None, run_after=None
[2025-06-25T09:21:28.184+0000] {processor.py:183} INFO - Processing /home/airflow/.local/lib/python3.8/site-packages/airflow/example_dags/example_python_operator.py took 0.106 seconds
