[2025-06-25T09:04:13.811+0000] {processor.py:161} INFO - Started process (PID=102) to work on /home/airflow/.local/lib/python3.8/site-packages/airflow/example_dags/example_branch_labels.py
[2025-06-25T09:04:13.818+0000] {processor.py:830} INFO - Processing file /home/airflow/.local/lib/python3.8/site-packages/airflow/example_dags/example_branch_labels.py for tasks to queue
[2025-06-25T09:04:13.825+0000] {logging_mixin.py:188} INFO - [2025-06-25T09:04:13.824+0000] {dagbag.py:538} INFO - Filling up the DagBag from /home/airflow/.local/lib/python3.8/site-packages/airflow/example_dags/example_branch_labels.py
[2025-06-25T09:04:13.843+0000] {processor.py:840} INFO - DAG(s) 'example_branch_labels' retrieved from /home/airflow/.local/lib/python3.8/site-packages/airflow/example_dags/example_branch_labels.py
[2025-06-25T09:04:13.919+0000] {logging_mixin.py:188} INFO - [2025-06-25T09:04:13.919+0000] {dag.py:3036} INFO - Sync 1 DAGs
[2025-06-25T09:04:13.970+0000] {logging_mixin.py:188} INFO - [2025-06-25T09:04:13.970+0000] {dag.py:3823} INFO - Setting next_dagrun for example_branch_labels to 2025-06-24 00:00:00+00:00, run_after=2025-06-25 00:00:00+00:00
[2025-06-25T09:04:14.005+0000] {processor.py:183} INFO - Processing /home/airflow/.local/lib/python3.8/site-packages/airflow/example_dags/example_branch_labels.py took 0.200 seconds
[2025-06-25T09:04:44.888+0000] {processor.py:161} INFO - Started process (PID=166) to work on /home/airflow/.local/lib/python3.8/site-packages/airflow/example_dags/example_branch_labels.py
[2025-06-25T09:04:44.889+0000] {processor.py:830} INFO - Processing file /home/airflow/.local/lib/python3.8/site-packages/airflow/example_dags/example_branch_labels.py for tasks to queue
[2025-06-25T09:04:44.892+0000] {logging_mixin.py:188} INFO - [2025-06-25T09:04:44.891+0000] {dagbag.py:538} INFO - Filling up the DagBag from /home/airflow/.local/lib/python3.8/site-packages/airflow/example_dags/example_branch_labels.py
[2025-06-25T09:04:44.906+0000] {processor.py:840} INFO - DAG(s) 'example_branch_labels' retrieved from /home/airflow/.local/lib/python3.8/site-packages/airflow/example_dags/example_branch_labels.py
[2025-06-25T09:04:44.940+0000] {logging_mixin.py:188} INFO - [2025-06-25T09:04:44.939+0000] {dag.py:3036} INFO - Sync 1 DAGs
[2025-06-25T09:04:44.975+0000] {logging_mixin.py:188} INFO - [2025-06-25T09:04:44.974+0000] {dag.py:3823} INFO - Setting next_dagrun for example_branch_labels to 2025-06-24 00:00:00+00:00, run_after=2025-06-25 00:00:00+00:00
[2025-06-25T09:04:45.000+0000] {processor.py:183} INFO - Processing /home/airflow/.local/lib/python3.8/site-packages/airflow/example_dags/example_branch_labels.py took 0.118 seconds
[2025-06-25T09:05:15.352+0000] {processor.py:161} INFO - Started process (PID=232) to work on /home/airflow/.local/lib/python3.8/site-packages/airflow/example_dags/example_branch_labels.py
[2025-06-25T09:05:15.353+0000] {processor.py:830} INFO - Processing file /home/airflow/.local/lib/python3.8/site-packages/airflow/example_dags/example_branch_labels.py for tasks to queue
[2025-06-25T09:05:15.356+0000] {logging_mixin.py:188} INFO - [2025-06-25T09:05:15.355+0000] {dagbag.py:538} INFO - Filling up the DagBag from /home/airflow/.local/lib/python3.8/site-packages/airflow/example_dags/example_branch_labels.py
[2025-06-25T09:05:15.368+0000] {processor.py:840} INFO - DAG(s) 'example_branch_labels' retrieved from /home/airflow/.local/lib/python3.8/site-packages/airflow/example_dags/example_branch_labels.py
[2025-06-25T09:05:15.405+0000] {logging_mixin.py:188} INFO - [2025-06-25T09:05:15.404+0000] {dag.py:3036} INFO - Sync 1 DAGs
[2025-06-25T09:05:15.446+0000] {logging_mixin.py:188} INFO - [2025-06-25T09:05:15.446+0000] {dag.py:3823} INFO - Setting next_dagrun for example_branch_labels to 2025-06-24 00:00:00+00:00, run_after=2025-06-25 00:00:00+00:00
[2025-06-25T09:05:15.474+0000] {processor.py:183} INFO - Processing /home/airflow/.local/lib/python3.8/site-packages/airflow/example_dags/example_branch_labels.py took 0.127 seconds
[2025-06-25T09:05:46.419+0000] {processor.py:161} INFO - Started process (PID=298) to work on /home/airflow/.local/lib/python3.8/site-packages/airflow/example_dags/example_branch_labels.py
[2025-06-25T09:05:46.421+0000] {processor.py:830} INFO - Processing file /home/airflow/.local/lib/python3.8/site-packages/airflow/example_dags/example_branch_labels.py for tasks to queue
[2025-06-25T09:05:46.423+0000] {logging_mixin.py:188} INFO - [2025-06-25T09:05:46.422+0000] {dagbag.py:538} INFO - Filling up the DagBag from /home/airflow/.local/lib/python3.8/site-packages/airflow/example_dags/example_branch_labels.py
[2025-06-25T09:05:46.435+0000] {processor.py:840} INFO - DAG(s) 'example_branch_labels' retrieved from /home/airflow/.local/lib/python3.8/site-packages/airflow/example_dags/example_branch_labels.py
[2025-06-25T09:05:46.471+0000] {logging_mixin.py:188} INFO - [2025-06-25T09:05:46.470+0000] {dag.py:3036} INFO - Sync 1 DAGs
[2025-06-25T09:05:46.515+0000] {logging_mixin.py:188} INFO - [2025-06-25T09:05:46.515+0000] {dag.py:3823} INFO - Setting next_dagrun for example_branch_labels to 2025-06-24 00:00:00+00:00, run_after=2025-06-25 00:00:00+00:00
[2025-06-25T09:05:46.550+0000] {processor.py:183} INFO - Processing /home/airflow/.local/lib/python3.8/site-packages/airflow/example_dags/example_branch_labels.py took 0.135 seconds
[2025-06-25T09:06:17.201+0000] {processor.py:161} INFO - Started process (PID=364) to work on /home/airflow/.local/lib/python3.8/site-packages/airflow/example_dags/example_branch_labels.py
[2025-06-25T09:06:17.203+0000] {processor.py:830} INFO - Processing file /home/airflow/.local/lib/python3.8/site-packages/airflow/example_dags/example_branch_labels.py for tasks to queue
[2025-06-25T09:06:17.206+0000] {logging_mixin.py:188} INFO - [2025-06-25T09:06:17.205+0000] {dagbag.py:538} INFO - Filling up the DagBag from /home/airflow/.local/lib/python3.8/site-packages/airflow/example_dags/example_branch_labels.py
[2025-06-25T09:06:17.218+0000] {processor.py:840} INFO - DAG(s) 'example_branch_labels' retrieved from /home/airflow/.local/lib/python3.8/site-packages/airflow/example_dags/example_branch_labels.py
[2025-06-25T09:06:17.258+0000] {logging_mixin.py:188} INFO - [2025-06-25T09:06:17.257+0000] {dag.py:3036} INFO - Sync 1 DAGs
[2025-06-25T09:06:17.301+0000] {logging_mixin.py:188} INFO - [2025-06-25T09:06:17.301+0000] {dag.py:3823} INFO - Setting next_dagrun for example_branch_labels to 2025-06-24 00:00:00+00:00, run_after=2025-06-25 00:00:00+00:00
[2025-06-25T09:06:17.332+0000] {processor.py:183} INFO - Processing /home/airflow/.local/lib/python3.8/site-packages/airflow/example_dags/example_branch_labels.py took 0.135 seconds
[2025-06-25T09:06:47.444+0000] {processor.py:161} INFO - Started process (PID=429) to work on /home/airflow/.local/lib/python3.8/site-packages/airflow/example_dags/example_branch_labels.py
[2025-06-25T09:06:47.445+0000] {processor.py:830} INFO - Processing file /home/airflow/.local/lib/python3.8/site-packages/airflow/example_dags/example_branch_labels.py for tasks to queue
[2025-06-25T09:06:47.448+0000] {logging_mixin.py:188} INFO - [2025-06-25T09:06:47.448+0000] {dagbag.py:538} INFO - Filling up the DagBag from /home/airflow/.local/lib/python3.8/site-packages/airflow/example_dags/example_branch_labels.py
[2025-06-25T09:06:47.465+0000] {processor.py:840} INFO - DAG(s) 'example_branch_labels' retrieved from /home/airflow/.local/lib/python3.8/site-packages/airflow/example_dags/example_branch_labels.py
[2025-06-25T09:06:47.502+0000] {logging_mixin.py:188} INFO - [2025-06-25T09:06:47.502+0000] {dag.py:3036} INFO - Sync 1 DAGs
[2025-06-25T09:06:47.549+0000] {logging_mixin.py:188} INFO - [2025-06-25T09:06:47.548+0000] {dag.py:3823} INFO - Setting next_dagrun for example_branch_labels to 2025-06-24 00:00:00+00:00, run_after=2025-06-25 00:00:00+00:00
[2025-06-25T09:06:47.581+0000] {processor.py:183} INFO - Processing /home/airflow/.local/lib/python3.8/site-packages/airflow/example_dags/example_branch_labels.py took 0.142 seconds
[2025-06-25T09:07:17.626+0000] {processor.py:161} INFO - Started process (PID=501) to work on /home/airflow/.local/lib/python3.8/site-packages/airflow/example_dags/example_branch_labels.py
[2025-06-25T09:07:17.628+0000] {processor.py:830} INFO - Processing file /home/airflow/.local/lib/python3.8/site-packages/airflow/example_dags/example_branch_labels.py for tasks to queue
[2025-06-25T09:07:17.631+0000] {logging_mixin.py:188} INFO - [2025-06-25T09:07:17.631+0000] {dagbag.py:538} INFO - Filling up the DagBag from /home/airflow/.local/lib/python3.8/site-packages/airflow/example_dags/example_branch_labels.py
[2025-06-25T09:07:17.646+0000] {processor.py:840} INFO - DAG(s) 'example_branch_labels' retrieved from /home/airflow/.local/lib/python3.8/site-packages/airflow/example_dags/example_branch_labels.py
[2025-06-25T09:07:17.687+0000] {logging_mixin.py:188} INFO - [2025-06-25T09:07:17.686+0000] {dag.py:3036} INFO - Sync 1 DAGs
[2025-06-25T09:07:17.734+0000] {logging_mixin.py:188} INFO - [2025-06-25T09:07:17.734+0000] {dag.py:3823} INFO - Setting next_dagrun for example_branch_labels to 2025-06-24 00:00:00+00:00, run_after=2025-06-25 00:00:00+00:00
[2025-06-25T09:07:17.767+0000] {processor.py:183} INFO - Processing /home/airflow/.local/lib/python3.8/site-packages/airflow/example_dags/example_branch_labels.py took 0.146 seconds
[2025-06-25T09:07:48.373+0000] {processor.py:161} INFO - Started process (PID=567) to work on /home/airflow/.local/lib/python3.8/site-packages/airflow/example_dags/example_branch_labels.py
[2025-06-25T09:07:48.375+0000] {processor.py:830} INFO - Processing file /home/airflow/.local/lib/python3.8/site-packages/airflow/example_dags/example_branch_labels.py for tasks to queue
[2025-06-25T09:07:48.378+0000] {logging_mixin.py:188} INFO - [2025-06-25T09:07:48.378+0000] {dagbag.py:538} INFO - Filling up the DagBag from /home/airflow/.local/lib/python3.8/site-packages/airflow/example_dags/example_branch_labels.py
[2025-06-25T09:07:48.394+0000] {processor.py:840} INFO - DAG(s) 'example_branch_labels' retrieved from /home/airflow/.local/lib/python3.8/site-packages/airflow/example_dags/example_branch_labels.py
[2025-06-25T09:07:48.455+0000] {logging_mixin.py:188} INFO - [2025-06-25T09:07:48.454+0000] {dag.py:3036} INFO - Sync 1 DAGs
[2025-06-25T09:07:48.505+0000] {logging_mixin.py:188} INFO - [2025-06-25T09:07:48.505+0000] {dag.py:3823} INFO - Setting next_dagrun for example_branch_labels to 2025-06-24 00:00:00+00:00, run_after=2025-06-25 00:00:00+00:00
[2025-06-25T09:07:48.537+0000] {processor.py:183} INFO - Processing /home/airflow/.local/lib/python3.8/site-packages/airflow/example_dags/example_branch_labels.py took 0.169 seconds
[2025-06-25T09:08:19.098+0000] {processor.py:161} INFO - Started process (PID=632) to work on /home/airflow/.local/lib/python3.8/site-packages/airflow/example_dags/example_branch_labels.py
[2025-06-25T09:08:19.099+0000] {processor.py:830} INFO - Processing file /home/airflow/.local/lib/python3.8/site-packages/airflow/example_dags/example_branch_labels.py for tasks to queue
[2025-06-25T09:08:19.102+0000] {logging_mixin.py:188} INFO - [2025-06-25T09:08:19.101+0000] {dagbag.py:538} INFO - Filling up the DagBag from /home/airflow/.local/lib/python3.8/site-packages/airflow/example_dags/example_branch_labels.py
[2025-06-25T09:08:19.118+0000] {processor.py:840} INFO - DAG(s) 'example_branch_labels' retrieved from /home/airflow/.local/lib/python3.8/site-packages/airflow/example_dags/example_branch_labels.py
[2025-06-25T09:08:19.156+0000] {logging_mixin.py:188} INFO - [2025-06-25T09:08:19.155+0000] {dag.py:3036} INFO - Sync 1 DAGs
[2025-06-25T09:08:19.196+0000] {logging_mixin.py:188} INFO - [2025-06-25T09:08:19.196+0000] {dag.py:3823} INFO - Setting next_dagrun for example_branch_labels to 2025-06-24 00:00:00+00:00, run_after=2025-06-25 00:00:00+00:00
[2025-06-25T09:08:19.226+0000] {processor.py:183} INFO - Processing /home/airflow/.local/lib/python3.8/site-packages/airflow/example_dags/example_branch_labels.py took 0.135 seconds
[2025-06-25T09:08:49.948+0000] {processor.py:161} INFO - Started process (PID=697) to work on /home/airflow/.local/lib/python3.8/site-packages/airflow/example_dags/example_branch_labels.py
[2025-06-25T09:08:49.950+0000] {processor.py:830} INFO - Processing file /home/airflow/.local/lib/python3.8/site-packages/airflow/example_dags/example_branch_labels.py for tasks to queue
[2025-06-25T09:08:49.952+0000] {logging_mixin.py:188} INFO - [2025-06-25T09:08:49.952+0000] {dagbag.py:538} INFO - Filling up the DagBag from /home/airflow/.local/lib/python3.8/site-packages/airflow/example_dags/example_branch_labels.py
[2025-06-25T09:08:49.964+0000] {processor.py:840} INFO - DAG(s) 'example_branch_labels' retrieved from /home/airflow/.local/lib/python3.8/site-packages/airflow/example_dags/example_branch_labels.py
[2025-06-25T09:08:50.001+0000] {logging_mixin.py:188} INFO - [2025-06-25T09:08:50.000+0000] {dag.py:3036} INFO - Sync 1 DAGs
[2025-06-25T09:08:50.047+0000] {logging_mixin.py:188} INFO - [2025-06-25T09:08:50.047+0000] {dag.py:3823} INFO - Setting next_dagrun for example_branch_labels to 2025-06-24 00:00:00+00:00, run_after=2025-06-25 00:00:00+00:00
[2025-06-25T09:08:50.078+0000] {processor.py:183} INFO - Processing /home/airflow/.local/lib/python3.8/site-packages/airflow/example_dags/example_branch_labels.py took 0.135 seconds
[2025-06-25T09:09:20.192+0000] {processor.py:161} INFO - Started process (PID=761) to work on /home/airflow/.local/lib/python3.8/site-packages/airflow/example_dags/example_branch_labels.py
[2025-06-25T09:09:20.194+0000] {processor.py:830} INFO - Processing file /home/airflow/.local/lib/python3.8/site-packages/airflow/example_dags/example_branch_labels.py for tasks to queue
[2025-06-25T09:09:20.198+0000] {logging_mixin.py:188} INFO - [2025-06-25T09:09:20.198+0000] {dagbag.py:538} INFO - Filling up the DagBag from /home/airflow/.local/lib/python3.8/site-packages/airflow/example_dags/example_branch_labels.py
[2025-06-25T09:09:20.214+0000] {processor.py:840} INFO - DAG(s) 'example_branch_labels' retrieved from /home/airflow/.local/lib/python3.8/site-packages/airflow/example_dags/example_branch_labels.py
[2025-06-25T09:09:20.258+0000] {logging_mixin.py:188} INFO - [2025-06-25T09:09:20.257+0000] {dag.py:3036} INFO - Sync 1 DAGs
[2025-06-25T09:09:20.301+0000] {logging_mixin.py:188} INFO - [2025-06-25T09:09:20.301+0000] {dag.py:3823} INFO - Setting next_dagrun for example_branch_labels to 2025-06-24 00:00:00+00:00, run_after=2025-06-25 00:00:00+00:00
[2025-06-25T09:09:20.332+0000] {processor.py:183} INFO - Processing /home/airflow/.local/lib/python3.8/site-packages/airflow/example_dags/example_branch_labels.py took 0.147 seconds
[2025-06-25T09:09:51.549+0000] {processor.py:161} INFO - Started process (PID=827) to work on /home/airflow/.local/lib/python3.8/site-packages/airflow/example_dags/example_branch_labels.py
[2025-06-25T09:09:51.550+0000] {processor.py:830} INFO - Processing file /home/airflow/.local/lib/python3.8/site-packages/airflow/example_dags/example_branch_labels.py for tasks to queue
[2025-06-25T09:09:51.553+0000] {logging_mixin.py:188} INFO - [2025-06-25T09:09:51.552+0000] {dagbag.py:538} INFO - Filling up the DagBag from /home/airflow/.local/lib/python3.8/site-packages/airflow/example_dags/example_branch_labels.py
[2025-06-25T09:09:51.567+0000] {processor.py:840} INFO - DAG(s) 'example_branch_labels' retrieved from /home/airflow/.local/lib/python3.8/site-packages/airflow/example_dags/example_branch_labels.py
[2025-06-25T09:09:51.610+0000] {logging_mixin.py:188} INFO - [2025-06-25T09:09:51.609+0000] {dag.py:3036} INFO - Sync 1 DAGs
[2025-06-25T09:09:51.651+0000] {logging_mixin.py:188} INFO - [2025-06-25T09:09:51.651+0000] {dag.py:3823} INFO - Setting next_dagrun for example_branch_labels to 2025-06-24 00:00:00+00:00, run_after=2025-06-25 00:00:00+00:00
[2025-06-25T09:09:51.684+0000] {processor.py:183} INFO - Processing /home/airflow/.local/lib/python3.8/site-packages/airflow/example_dags/example_branch_labels.py took 0.149 seconds
[2025-06-25T09:10:22.793+0000] {processor.py:161} INFO - Started process (PID=892) to work on /home/airflow/.local/lib/python3.8/site-packages/airflow/example_dags/example_branch_labels.py
[2025-06-25T09:10:22.795+0000] {processor.py:830} INFO - Processing file /home/airflow/.local/lib/python3.8/site-packages/airflow/example_dags/example_branch_labels.py for tasks to queue
[2025-06-25T09:10:22.798+0000] {logging_mixin.py:188} INFO - [2025-06-25T09:10:22.797+0000] {dagbag.py:538} INFO - Filling up the DagBag from /home/airflow/.local/lib/python3.8/site-packages/airflow/example_dags/example_branch_labels.py
[2025-06-25T09:10:22.814+0000] {processor.py:840} INFO - DAG(s) 'example_branch_labels' retrieved from /home/airflow/.local/lib/python3.8/site-packages/airflow/example_dags/example_branch_labels.py
[2025-06-25T09:10:22.858+0000] {logging_mixin.py:188} INFO - [2025-06-25T09:10:22.858+0000] {dag.py:3036} INFO - Sync 1 DAGs
[2025-06-25T09:10:22.906+0000] {logging_mixin.py:188} INFO - [2025-06-25T09:10:22.905+0000] {dag.py:3823} INFO - Setting next_dagrun for example_branch_labels to 2025-06-24 00:00:00+00:00, run_after=2025-06-25 00:00:00+00:00
[2025-06-25T09:10:22.947+0000] {processor.py:183} INFO - Processing /home/airflow/.local/lib/python3.8/site-packages/airflow/example_dags/example_branch_labels.py took 0.160 seconds
[2025-06-25T09:10:53.490+0000] {processor.py:161} INFO - Started process (PID=956) to work on /home/airflow/.local/lib/python3.8/site-packages/airflow/example_dags/example_branch_labels.py
[2025-06-25T09:10:53.492+0000] {processor.py:830} INFO - Processing file /home/airflow/.local/lib/python3.8/site-packages/airflow/example_dags/example_branch_labels.py for tasks to queue
[2025-06-25T09:10:53.496+0000] {logging_mixin.py:188} INFO - [2025-06-25T09:10:53.495+0000] {dagbag.py:538} INFO - Filling up the DagBag from /home/airflow/.local/lib/python3.8/site-packages/airflow/example_dags/example_branch_labels.py
[2025-06-25T09:10:53.517+0000] {processor.py:840} INFO - DAG(s) 'example_branch_labels' retrieved from /home/airflow/.local/lib/python3.8/site-packages/airflow/example_dags/example_branch_labels.py
[2025-06-25T09:10:53.563+0000] {logging_mixin.py:188} INFO - [2025-06-25T09:10:53.563+0000] {dag.py:3036} INFO - Sync 1 DAGs
[2025-06-25T09:10:53.611+0000] {logging_mixin.py:188} INFO - [2025-06-25T09:10:53.610+0000] {dag.py:3823} INFO - Setting next_dagrun for example_branch_labels to 2025-06-24 00:00:00+00:00, run_after=2025-06-25 00:00:00+00:00
[2025-06-25T09:10:53.650+0000] {processor.py:183} INFO - Processing /home/airflow/.local/lib/python3.8/site-packages/airflow/example_dags/example_branch_labels.py took 0.170 seconds
[2025-06-25T09:11:24.382+0000] {processor.py:161} INFO - Started process (PID=1021) to work on /home/airflow/.local/lib/python3.8/site-packages/airflow/example_dags/example_branch_labels.py
[2025-06-25T09:11:24.388+0000] {processor.py:830} INFO - Processing file /home/airflow/.local/lib/python3.8/site-packages/airflow/example_dags/example_branch_labels.py for tasks to queue
[2025-06-25T09:11:24.396+0000] {logging_mixin.py:188} INFO - [2025-06-25T09:11:24.393+0000] {dagbag.py:538} INFO - Filling up the DagBag from /home/airflow/.local/lib/python3.8/site-packages/airflow/example_dags/example_branch_labels.py
[2025-06-25T09:11:24.415+0000] {processor.py:840} INFO - DAG(s) 'example_branch_labels' retrieved from /home/airflow/.local/lib/python3.8/site-packages/airflow/example_dags/example_branch_labels.py
[2025-06-25T09:11:24.462+0000] {logging_mixin.py:188} INFO - [2025-06-25T09:11:24.462+0000] {dag.py:3036} INFO - Sync 1 DAGs
[2025-06-25T09:11:24.510+0000] {logging_mixin.py:188} INFO - [2025-06-25T09:11:24.509+0000] {dag.py:3823} INFO - Setting next_dagrun for example_branch_labels to 2025-06-24 00:00:00+00:00, run_after=2025-06-25 00:00:00+00:00
[2025-06-25T09:11:24.552+0000] {processor.py:183} INFO - Processing /home/airflow/.local/lib/python3.8/site-packages/airflow/example_dags/example_branch_labels.py took 0.177 seconds
[2025-06-25T09:11:55.093+0000] {processor.py:161} INFO - Started process (PID=1086) to work on /home/airflow/.local/lib/python3.8/site-packages/airflow/example_dags/example_branch_labels.py
[2025-06-25T09:11:55.094+0000] {processor.py:830} INFO - Processing file /home/airflow/.local/lib/python3.8/site-packages/airflow/example_dags/example_branch_labels.py for tasks to queue
[2025-06-25T09:11:55.099+0000] {logging_mixin.py:188} INFO - [2025-06-25T09:11:55.098+0000] {dagbag.py:538} INFO - Filling up the DagBag from /home/airflow/.local/lib/python3.8/site-packages/airflow/example_dags/example_branch_labels.py
[2025-06-25T09:11:55.121+0000] {processor.py:840} INFO - DAG(s) 'example_branch_labels' retrieved from /home/airflow/.local/lib/python3.8/site-packages/airflow/example_dags/example_branch_labels.py
[2025-06-25T09:11:55.206+0000] {logging_mixin.py:188} INFO - [2025-06-25T09:11:55.205+0000] {dag.py:3036} INFO - Sync 1 DAGs
[2025-06-25T09:11:55.261+0000] {logging_mixin.py:188} INFO - [2025-06-25T09:11:55.261+0000] {dag.py:3823} INFO - Setting next_dagrun for example_branch_labels to 2025-06-24 00:00:00+00:00, run_after=2025-06-25 00:00:00+00:00
[2025-06-25T09:11:55.307+0000] {processor.py:183} INFO - Processing /home/airflow/.local/lib/python3.8/site-packages/airflow/example_dags/example_branch_labels.py took 0.221 seconds
[2025-06-25T09:12:25.422+0000] {processor.py:161} INFO - Started process (PID=1149) to work on /home/airflow/.local/lib/python3.8/site-packages/airflow/example_dags/example_branch_labels.py
[2025-06-25T09:12:25.425+0000] {processor.py:830} INFO - Processing file /home/airflow/.local/lib/python3.8/site-packages/airflow/example_dags/example_branch_labels.py for tasks to queue
[2025-06-25T09:12:25.431+0000] {logging_mixin.py:188} INFO - [2025-06-25T09:12:25.430+0000] {dagbag.py:538} INFO - Filling up the DagBag from /home/airflow/.local/lib/python3.8/site-packages/airflow/example_dags/example_branch_labels.py
[2025-06-25T09:12:25.451+0000] {processor.py:840} INFO - DAG(s) 'example_branch_labels' retrieved from /home/airflow/.local/lib/python3.8/site-packages/airflow/example_dags/example_branch_labels.py
[2025-06-25T09:12:25.501+0000] {logging_mixin.py:188} INFO - [2025-06-25T09:12:25.500+0000] {dag.py:3036} INFO - Sync 1 DAGs
[2025-06-25T09:12:25.560+0000] {logging_mixin.py:188} INFO - [2025-06-25T09:12:25.559+0000] {dag.py:3823} INFO - Setting next_dagrun for example_branch_labels to 2025-06-24 00:00:00+00:00, run_after=2025-06-25 00:00:00+00:00
[2025-06-25T09:12:25.612+0000] {processor.py:183} INFO - Processing /home/airflow/.local/lib/python3.8/site-packages/airflow/example_dags/example_branch_labels.py took 0.201 seconds
[2025-06-25T09:12:56.239+0000] {processor.py:161} INFO - Started process (PID=1215) to work on /home/airflow/.local/lib/python3.8/site-packages/airflow/example_dags/example_branch_labels.py
[2025-06-25T09:12:56.241+0000] {processor.py:830} INFO - Processing file /home/airflow/.local/lib/python3.8/site-packages/airflow/example_dags/example_branch_labels.py for tasks to queue
[2025-06-25T09:12:56.244+0000] {logging_mixin.py:188} INFO - [2025-06-25T09:12:56.243+0000] {dagbag.py:538} INFO - Filling up the DagBag from /home/airflow/.local/lib/python3.8/site-packages/airflow/example_dags/example_branch_labels.py
[2025-06-25T09:12:56.267+0000] {processor.py:840} INFO - DAG(s) 'example_branch_labels' retrieved from /home/airflow/.local/lib/python3.8/site-packages/airflow/example_dags/example_branch_labels.py
[2025-06-25T09:12:56.310+0000] {logging_mixin.py:188} INFO - [2025-06-25T09:12:56.310+0000] {dag.py:3036} INFO - Sync 1 DAGs
[2025-06-25T09:12:56.355+0000] {logging_mixin.py:188} INFO - [2025-06-25T09:12:56.355+0000] {dag.py:3823} INFO - Setting next_dagrun for example_branch_labels to 2025-06-24 00:00:00+00:00, run_after=2025-06-25 00:00:00+00:00
[2025-06-25T09:12:56.392+0000] {processor.py:183} INFO - Processing /home/airflow/.local/lib/python3.8/site-packages/airflow/example_dags/example_branch_labels.py took 0.159 seconds
[2025-06-25T09:13:27.040+0000] {processor.py:161} INFO - Started process (PID=1281) to work on /home/airflow/.local/lib/python3.8/site-packages/airflow/example_dags/example_branch_labels.py
[2025-06-25T09:13:27.042+0000] {processor.py:830} INFO - Processing file /home/airflow/.local/lib/python3.8/site-packages/airflow/example_dags/example_branch_labels.py for tasks to queue
[2025-06-25T09:13:27.045+0000] {logging_mixin.py:188} INFO - [2025-06-25T09:13:27.045+0000] {dagbag.py:538} INFO - Filling up the DagBag from /home/airflow/.local/lib/python3.8/site-packages/airflow/example_dags/example_branch_labels.py
[2025-06-25T09:13:27.062+0000] {processor.py:840} INFO - DAG(s) 'example_branch_labels' retrieved from /home/airflow/.local/lib/python3.8/site-packages/airflow/example_dags/example_branch_labels.py
[2025-06-25T09:13:27.102+0000] {logging_mixin.py:188} INFO - [2025-06-25T09:13:27.102+0000] {dag.py:3036} INFO - Sync 1 DAGs
[2025-06-25T09:13:27.146+0000] {logging_mixin.py:188} INFO - [2025-06-25T09:13:27.146+0000] {dag.py:3823} INFO - Setting next_dagrun for example_branch_labels to 2025-06-24 00:00:00+00:00, run_after=2025-06-25 00:00:00+00:00
[2025-06-25T09:13:27.184+0000] {processor.py:183} INFO - Processing /home/airflow/.local/lib/python3.8/site-packages/airflow/example_dags/example_branch_labels.py took 0.150 seconds
[2025-06-25T09:13:58.213+0000] {processor.py:161} INFO - Started process (PID=1347) to work on /home/airflow/.local/lib/python3.8/site-packages/airflow/example_dags/example_branch_labels.py
[2025-06-25T09:13:58.215+0000] {processor.py:830} INFO - Processing file /home/airflow/.local/lib/python3.8/site-packages/airflow/example_dags/example_branch_labels.py for tasks to queue
[2025-06-25T09:13:58.219+0000] {logging_mixin.py:188} INFO - [2025-06-25T09:13:58.218+0000] {dagbag.py:538} INFO - Filling up the DagBag from /home/airflow/.local/lib/python3.8/site-packages/airflow/example_dags/example_branch_labels.py
[2025-06-25T09:13:58.237+0000] {processor.py:840} INFO - DAG(s) 'example_branch_labels' retrieved from /home/airflow/.local/lib/python3.8/site-packages/airflow/example_dags/example_branch_labels.py
[2025-06-25T09:13:58.285+0000] {logging_mixin.py:188} INFO - [2025-06-25T09:13:58.284+0000] {dag.py:3036} INFO - Sync 1 DAGs
[2025-06-25T09:13:58.341+0000] {logging_mixin.py:188} INFO - [2025-06-25T09:13:58.341+0000] {dag.py:3823} INFO - Setting next_dagrun for example_branch_labels to 2025-06-24 00:00:00+00:00, run_after=2025-06-25 00:00:00+00:00
[2025-06-25T09:13:58.388+0000] {processor.py:183} INFO - Processing /home/airflow/.local/lib/python3.8/site-packages/airflow/example_dags/example_branch_labels.py took 0.183 seconds
[2025-06-25T09:14:29.242+0000] {processor.py:161} INFO - Started process (PID=1412) to work on /home/airflow/.local/lib/python3.8/site-packages/airflow/example_dags/example_branch_labels.py
[2025-06-25T09:14:29.256+0000] {processor.py:830} INFO - Processing file /home/airflow/.local/lib/python3.8/site-packages/airflow/example_dags/example_branch_labels.py for tasks to queue
[2025-06-25T09:14:29.263+0000] {logging_mixin.py:188} INFO - [2025-06-25T09:14:29.263+0000] {dagbag.py:538} INFO - Filling up the DagBag from /home/airflow/.local/lib/python3.8/site-packages/airflow/example_dags/example_branch_labels.py
[2025-06-25T09:14:29.344+0000] {processor.py:840} INFO - DAG(s) 'example_branch_labels' retrieved from /home/airflow/.local/lib/python3.8/site-packages/airflow/example_dags/example_branch_labels.py
[2025-06-25T09:14:29.408+0000] {logging_mixin.py:188} INFO - [2025-06-25T09:14:29.408+0000] {dag.py:3036} INFO - Sync 1 DAGs
[2025-06-25T09:14:29.477+0000] {logging_mixin.py:188} INFO - [2025-06-25T09:14:29.476+0000] {dag.py:3823} INFO - Setting next_dagrun for example_branch_labels to 2025-06-24 00:00:00+00:00, run_after=2025-06-25 00:00:00+00:00
[2025-06-25T09:14:29.547+0000] {processor.py:183} INFO - Processing /home/airflow/.local/lib/python3.8/site-packages/airflow/example_dags/example_branch_labels.py took 0.311 seconds
[2025-06-25T09:15:00.211+0000] {processor.py:161} INFO - Started process (PID=1477) to work on /home/airflow/.local/lib/python3.8/site-packages/airflow/example_dags/example_branch_labels.py
[2025-06-25T09:15:00.213+0000] {processor.py:830} INFO - Processing file /home/airflow/.local/lib/python3.8/site-packages/airflow/example_dags/example_branch_labels.py for tasks to queue
[2025-06-25T09:15:00.216+0000] {logging_mixin.py:188} INFO - [2025-06-25T09:15:00.216+0000] {dagbag.py:538} INFO - Filling up the DagBag from /home/airflow/.local/lib/python3.8/site-packages/airflow/example_dags/example_branch_labels.py
[2025-06-25T09:15:00.243+0000] {processor.py:840} INFO - DAG(s) 'example_branch_labels' retrieved from /home/airflow/.local/lib/python3.8/site-packages/airflow/example_dags/example_branch_labels.py
[2025-06-25T09:15:00.348+0000] {logging_mixin.py:188} INFO - [2025-06-25T09:15:00.347+0000] {dag.py:3036} INFO - Sync 1 DAGs
[2025-06-25T09:15:00.446+0000] {logging_mixin.py:188} INFO - [2025-06-25T09:15:00.446+0000] {dag.py:3823} INFO - Setting next_dagrun for example_branch_labels to 2025-06-24 00:00:00+00:00, run_after=2025-06-25 00:00:00+00:00
[2025-06-25T09:15:00.499+0000] {processor.py:183} INFO - Processing /home/airflow/.local/lib/python3.8/site-packages/airflow/example_dags/example_branch_labels.py took 0.306 seconds
[2025-06-25T09:15:30.793+0000] {processor.py:161} INFO - Started process (PID=1534) to work on /home/airflow/.local/lib/python3.8/site-packages/airflow/example_dags/example_branch_labels.py
[2025-06-25T09:15:30.795+0000] {processor.py:830} INFO - Processing file /home/airflow/.local/lib/python3.8/site-packages/airflow/example_dags/example_branch_labels.py for tasks to queue
[2025-06-25T09:15:30.800+0000] {logging_mixin.py:188} INFO - [2025-06-25T09:15:30.799+0000] {dagbag.py:538} INFO - Filling up the DagBag from /home/airflow/.local/lib/python3.8/site-packages/airflow/example_dags/example_branch_labels.py
[2025-06-25T09:15:30.818+0000] {processor.py:840} INFO - DAG(s) 'example_branch_labels' retrieved from /home/airflow/.local/lib/python3.8/site-packages/airflow/example_dags/example_branch_labels.py
[2025-06-25T09:15:30.875+0000] {logging_mixin.py:188} INFO - [2025-06-25T09:15:30.875+0000] {dag.py:3036} INFO - Sync 1 DAGs
[2025-06-25T09:15:30.947+0000] {logging_mixin.py:188} INFO - [2025-06-25T09:15:30.947+0000] {dag.py:3823} INFO - Setting next_dagrun for example_branch_labels to 2025-06-24 00:00:00+00:00, run_after=2025-06-25 00:00:00+00:00
[2025-06-25T09:15:31.007+0000] {processor.py:183} INFO - Processing /home/airflow/.local/lib/python3.8/site-packages/airflow/example_dags/example_branch_labels.py took 0.222 seconds
[2025-06-25T09:16:01.686+0000] {processor.py:161} INFO - Started process (PID=1599) to work on /home/airflow/.local/lib/python3.8/site-packages/airflow/example_dags/example_branch_labels.py
[2025-06-25T09:16:01.688+0000] {processor.py:830} INFO - Processing file /home/airflow/.local/lib/python3.8/site-packages/airflow/example_dags/example_branch_labels.py for tasks to queue
[2025-06-25T09:16:01.692+0000] {logging_mixin.py:188} INFO - [2025-06-25T09:16:01.691+0000] {dagbag.py:538} INFO - Filling up the DagBag from /home/airflow/.local/lib/python3.8/site-packages/airflow/example_dags/example_branch_labels.py
[2025-06-25T09:16:01.716+0000] {processor.py:840} INFO - DAG(s) 'example_branch_labels' retrieved from /home/airflow/.local/lib/python3.8/site-packages/airflow/example_dags/example_branch_labels.py
[2025-06-25T09:16:01.759+0000] {logging_mixin.py:188} INFO - [2025-06-25T09:16:01.759+0000] {dag.py:3036} INFO - Sync 1 DAGs
[2025-06-25T09:16:01.813+0000] {logging_mixin.py:188} INFO - [2025-06-25T09:16:01.812+0000] {dag.py:3823} INFO - Setting next_dagrun for example_branch_labels to 2025-06-24 00:00:00+00:00, run_after=2025-06-25 00:00:00+00:00
[2025-06-25T09:16:01.904+0000] {processor.py:183} INFO - Processing /home/airflow/.local/lib/python3.8/site-packages/airflow/example_dags/example_branch_labels.py took 0.237 seconds
[2025-06-25T09:16:32.107+0000] {processor.py:161} INFO - Started process (PID=1663) to work on /home/airflow/.local/lib/python3.8/site-packages/airflow/example_dags/example_branch_labels.py
[2025-06-25T09:16:32.109+0000] {processor.py:830} INFO - Processing file /home/airflow/.local/lib/python3.8/site-packages/airflow/example_dags/example_branch_labels.py for tasks to queue
[2025-06-25T09:16:32.111+0000] {logging_mixin.py:188} INFO - [2025-06-25T09:16:32.111+0000] {dagbag.py:538} INFO - Filling up the DagBag from /home/airflow/.local/lib/python3.8/site-packages/airflow/example_dags/example_branch_labels.py
[2025-06-25T09:16:32.125+0000] {processor.py:840} INFO - DAG(s) 'example_branch_labels' retrieved from /home/airflow/.local/lib/python3.8/site-packages/airflow/example_dags/example_branch_labels.py
[2025-06-25T09:16:32.169+0000] {logging_mixin.py:188} INFO - [2025-06-25T09:16:32.168+0000] {dag.py:3036} INFO - Sync 1 DAGs
[2025-06-25T09:16:32.223+0000] {logging_mixin.py:188} INFO - [2025-06-25T09:16:32.223+0000] {dag.py:3823} INFO - Setting next_dagrun for example_branch_labels to 2025-06-24 00:00:00+00:00, run_after=2025-06-25 00:00:00+00:00
[2025-06-25T09:16:32.261+0000] {processor.py:183} INFO - Processing /home/airflow/.local/lib/python3.8/site-packages/airflow/example_dags/example_branch_labels.py took 0.159 seconds
[2025-06-25T09:17:02.638+0000] {processor.py:161} INFO - Started process (PID=1728) to work on /home/airflow/.local/lib/python3.8/site-packages/airflow/example_dags/example_branch_labels.py
[2025-06-25T09:17:02.641+0000] {processor.py:830} INFO - Processing file /home/airflow/.local/lib/python3.8/site-packages/airflow/example_dags/example_branch_labels.py for tasks to queue
[2025-06-25T09:17:02.644+0000] {logging_mixin.py:188} INFO - [2025-06-25T09:17:02.644+0000] {dagbag.py:538} INFO - Filling up the DagBag from /home/airflow/.local/lib/python3.8/site-packages/airflow/example_dags/example_branch_labels.py
[2025-06-25T09:17:02.660+0000] {processor.py:840} INFO - DAG(s) 'example_branch_labels' retrieved from /home/airflow/.local/lib/python3.8/site-packages/airflow/example_dags/example_branch_labels.py
[2025-06-25T09:17:02.705+0000] {logging_mixin.py:188} INFO - [2025-06-25T09:17:02.705+0000] {dag.py:3036} INFO - Sync 1 DAGs
[2025-06-25T09:17:02.750+0000] {logging_mixin.py:188} INFO - [2025-06-25T09:17:02.750+0000] {dag.py:3823} INFO - Setting next_dagrun for example_branch_labels to 2025-06-24 00:00:00+00:00, run_after=2025-06-25 00:00:00+00:00
[2025-06-25T09:17:02.790+0000] {processor.py:183} INFO - Processing /home/airflow/.local/lib/python3.8/site-packages/airflow/example_dags/example_branch_labels.py took 0.158 seconds
[2025-06-25T09:17:33.591+0000] {processor.py:161} INFO - Started process (PID=1794) to work on /home/airflow/.local/lib/python3.8/site-packages/airflow/example_dags/example_branch_labels.py
[2025-06-25T09:17:33.594+0000] {processor.py:830} INFO - Processing file /home/airflow/.local/lib/python3.8/site-packages/airflow/example_dags/example_branch_labels.py for tasks to queue
[2025-06-25T09:17:33.597+0000] {logging_mixin.py:188} INFO - [2025-06-25T09:17:33.596+0000] {dagbag.py:538} INFO - Filling up the DagBag from /home/airflow/.local/lib/python3.8/site-packages/airflow/example_dags/example_branch_labels.py
[2025-06-25T09:17:33.614+0000] {processor.py:840} INFO - DAG(s) 'example_branch_labels' retrieved from /home/airflow/.local/lib/python3.8/site-packages/airflow/example_dags/example_branch_labels.py
[2025-06-25T09:17:33.655+0000] {logging_mixin.py:188} INFO - [2025-06-25T09:17:33.654+0000] {dag.py:3036} INFO - Sync 1 DAGs
[2025-06-25T09:17:33.711+0000] {logging_mixin.py:188} INFO - [2025-06-25T09:17:33.710+0000] {dag.py:3823} INFO - Setting next_dagrun for example_branch_labels to 2025-06-24 00:00:00+00:00, run_after=2025-06-25 00:00:00+00:00
[2025-06-25T09:17:33.755+0000] {processor.py:183} INFO - Processing /home/airflow/.local/lib/python3.8/site-packages/airflow/example_dags/example_branch_labels.py took 0.169 seconds
[2025-06-25T09:18:03.989+0000] {processor.py:161} INFO - Started process (PID=1858) to work on /home/airflow/.local/lib/python3.8/site-packages/airflow/example_dags/example_branch_labels.py
[2025-06-25T09:18:03.992+0000] {processor.py:830} INFO - Processing file /home/airflow/.local/lib/python3.8/site-packages/airflow/example_dags/example_branch_labels.py for tasks to queue
[2025-06-25T09:18:03.995+0000] {logging_mixin.py:188} INFO - [2025-06-25T09:18:03.995+0000] {dagbag.py:538} INFO - Filling up the DagBag from /home/airflow/.local/lib/python3.8/site-packages/airflow/example_dags/example_branch_labels.py
[2025-06-25T09:18:04.015+0000] {processor.py:840} INFO - DAG(s) 'example_branch_labels' retrieved from /home/airflow/.local/lib/python3.8/site-packages/airflow/example_dags/example_branch_labels.py
[2025-06-25T09:18:04.066+0000] {logging_mixin.py:188} INFO - [2025-06-25T09:18:04.064+0000] {dag.py:3036} INFO - Sync 1 DAGs
[2025-06-25T09:18:04.143+0000] {logging_mixin.py:188} INFO - [2025-06-25T09:18:04.142+0000] {dag.py:3823} INFO - Setting next_dagrun for example_branch_labels to 2025-06-24 00:00:00+00:00, run_after=2025-06-25 00:00:00+00:00
[2025-06-25T09:18:04.194+0000] {processor.py:183} INFO - Processing /home/airflow/.local/lib/python3.8/site-packages/airflow/example_dags/example_branch_labels.py took 0.215 seconds
[2025-06-25T09:18:34.400+0000] {processor.py:161} INFO - Started process (PID=1924) to work on /home/airflow/.local/lib/python3.8/site-packages/airflow/example_dags/example_branch_labels.py
[2025-06-25T09:18:34.401+0000] {processor.py:830} INFO - Processing file /home/airflow/.local/lib/python3.8/site-packages/airflow/example_dags/example_branch_labels.py for tasks to queue
[2025-06-25T09:18:34.404+0000] {logging_mixin.py:188} INFO - [2025-06-25T09:18:34.403+0000] {dagbag.py:538} INFO - Filling up the DagBag from /home/airflow/.local/lib/python3.8/site-packages/airflow/example_dags/example_branch_labels.py
[2025-06-25T09:18:34.417+0000] {processor.py:840} INFO - DAG(s) 'example_branch_labels' retrieved from /home/airflow/.local/lib/python3.8/site-packages/airflow/example_dags/example_branch_labels.py
[2025-06-25T09:18:34.455+0000] {logging_mixin.py:188} INFO - [2025-06-25T09:18:34.455+0000] {dag.py:3036} INFO - Sync 1 DAGs
[2025-06-25T09:18:34.497+0000] {logging_mixin.py:188} INFO - [2025-06-25T09:18:34.497+0000] {dag.py:3823} INFO - Setting next_dagrun for example_branch_labels to 2025-06-24 00:00:00+00:00, run_after=2025-06-25 00:00:00+00:00
[2025-06-25T09:18:34.530+0000] {processor.py:183} INFO - Processing /home/airflow/.local/lib/python3.8/site-packages/airflow/example_dags/example_branch_labels.py took 0.137 seconds
[2025-06-25T09:19:05.229+0000] {processor.py:161} INFO - Started process (PID=1989) to work on /home/airflow/.local/lib/python3.8/site-packages/airflow/example_dags/example_branch_labels.py
[2025-06-25T09:19:05.232+0000] {processor.py:830} INFO - Processing file /home/airflow/.local/lib/python3.8/site-packages/airflow/example_dags/example_branch_labels.py for tasks to queue
[2025-06-25T09:19:05.235+0000] {logging_mixin.py:188} INFO - [2025-06-25T09:19:05.234+0000] {dagbag.py:538} INFO - Filling up the DagBag from /home/airflow/.local/lib/python3.8/site-packages/airflow/example_dags/example_branch_labels.py
[2025-06-25T09:19:05.252+0000] {processor.py:840} INFO - DAG(s) 'example_branch_labels' retrieved from /home/airflow/.local/lib/python3.8/site-packages/airflow/example_dags/example_branch_labels.py
[2025-06-25T09:19:05.301+0000] {logging_mixin.py:188} INFO - [2025-06-25T09:19:05.300+0000] {dag.py:3036} INFO - Sync 1 DAGs
[2025-06-25T09:19:05.353+0000] {logging_mixin.py:188} INFO - [2025-06-25T09:19:05.352+0000] {dag.py:3823} INFO - Setting next_dagrun for example_branch_labels to 2025-06-24 00:00:00+00:00, run_after=2025-06-25 00:00:00+00:00
[2025-06-25T09:19:05.401+0000] {processor.py:183} INFO - Processing /home/airflow/.local/lib/python3.8/site-packages/airflow/example_dags/example_branch_labels.py took 0.181 seconds
[2025-06-25T09:19:35.540+0000] {processor.py:161} INFO - Started process (PID=2054) to work on /home/airflow/.local/lib/python3.8/site-packages/airflow/example_dags/example_branch_labels.py
[2025-06-25T09:19:35.541+0000] {processor.py:830} INFO - Processing file /home/airflow/.local/lib/python3.8/site-packages/airflow/example_dags/example_branch_labels.py for tasks to queue
[2025-06-25T09:19:35.544+0000] {logging_mixin.py:188} INFO - [2025-06-25T09:19:35.544+0000] {dagbag.py:538} INFO - Filling up the DagBag from /home/airflow/.local/lib/python3.8/site-packages/airflow/example_dags/example_branch_labels.py
[2025-06-25T09:19:35.558+0000] {processor.py:840} INFO - DAG(s) 'example_branch_labels' retrieved from /home/airflow/.local/lib/python3.8/site-packages/airflow/example_dags/example_branch_labels.py
[2025-06-25T09:19:35.597+0000] {logging_mixin.py:188} INFO - [2025-06-25T09:19:35.597+0000] {dag.py:3036} INFO - Sync 1 DAGs
[2025-06-25T09:19:35.650+0000] {logging_mixin.py:188} INFO - [2025-06-25T09:19:35.650+0000] {dag.py:3823} INFO - Setting next_dagrun for example_branch_labels to 2025-06-24 00:00:00+00:00, run_after=2025-06-25 00:00:00+00:00
[2025-06-25T09:19:35.692+0000] {processor.py:183} INFO - Processing /home/airflow/.local/lib/python3.8/site-packages/airflow/example_dags/example_branch_labels.py took 0.158 seconds
[2025-06-25T09:20:05.857+0000] {processor.py:161} INFO - Started process (PID=2119) to work on /home/airflow/.local/lib/python3.8/site-packages/airflow/example_dags/example_branch_labels.py
[2025-06-25T09:20:05.859+0000] {processor.py:830} INFO - Processing file /home/airflow/.local/lib/python3.8/site-packages/airflow/example_dags/example_branch_labels.py for tasks to queue
[2025-06-25T09:20:05.862+0000] {logging_mixin.py:188} INFO - [2025-06-25T09:20:05.862+0000] {dagbag.py:538} INFO - Filling up the DagBag from /home/airflow/.local/lib/python3.8/site-packages/airflow/example_dags/example_branch_labels.py
[2025-06-25T09:20:05.879+0000] {processor.py:840} INFO - DAG(s) 'example_branch_labels' retrieved from /home/airflow/.local/lib/python3.8/site-packages/airflow/example_dags/example_branch_labels.py
[2025-06-25T09:20:05.918+0000] {logging_mixin.py:188} INFO - [2025-06-25T09:20:05.918+0000] {dag.py:3036} INFO - Sync 1 DAGs
[2025-06-25T09:20:05.972+0000] {logging_mixin.py:188} INFO - [2025-06-25T09:20:05.971+0000] {dag.py:3823} INFO - Setting next_dagrun for example_branch_labels to 2025-06-24 00:00:00+00:00, run_after=2025-06-25 00:00:00+00:00
[2025-06-25T09:20:06.014+0000] {processor.py:183} INFO - Processing /home/airflow/.local/lib/python3.8/site-packages/airflow/example_dags/example_branch_labels.py took 0.163 seconds
[2025-06-25T09:20:36.092+0000] {processor.py:161} INFO - Started process (PID=2184) to work on /home/airflow/.local/lib/python3.8/site-packages/airflow/example_dags/example_branch_labels.py
[2025-06-25T09:20:36.093+0000] {processor.py:830} INFO - Processing file /home/airflow/.local/lib/python3.8/site-packages/airflow/example_dags/example_branch_labels.py for tasks to queue
[2025-06-25T09:20:36.096+0000] {logging_mixin.py:188} INFO - [2025-06-25T09:20:36.096+0000] {dagbag.py:538} INFO - Filling up the DagBag from /home/airflow/.local/lib/python3.8/site-packages/airflow/example_dags/example_branch_labels.py
[2025-06-25T09:20:36.111+0000] {processor.py:840} INFO - DAG(s) 'example_branch_labels' retrieved from /home/airflow/.local/lib/python3.8/site-packages/airflow/example_dags/example_branch_labels.py
[2025-06-25T09:20:36.150+0000] {logging_mixin.py:188} INFO - [2025-06-25T09:20:36.150+0000] {dag.py:3036} INFO - Sync 1 DAGs
[2025-06-25T09:20:36.194+0000] {logging_mixin.py:188} INFO - [2025-06-25T09:20:36.194+0000] {dag.py:3823} INFO - Setting next_dagrun for example_branch_labels to 2025-06-24 00:00:00+00:00, run_after=2025-06-25 00:00:00+00:00
[2025-06-25T09:20:36.231+0000] {processor.py:183} INFO - Processing /home/airflow/.local/lib/python3.8/site-packages/airflow/example_dags/example_branch_labels.py took 0.145 seconds
[2025-06-25T09:21:06.523+0000] {processor.py:161} INFO - Started process (PID=2249) to work on /home/airflow/.local/lib/python3.8/site-packages/airflow/example_dags/example_branch_labels.py
[2025-06-25T09:21:06.525+0000] {processor.py:830} INFO - Processing file /home/airflow/.local/lib/python3.8/site-packages/airflow/example_dags/example_branch_labels.py for tasks to queue
[2025-06-25T09:21:06.528+0000] {logging_mixin.py:188} INFO - [2025-06-25T09:21:06.528+0000] {dagbag.py:538} INFO - Filling up the DagBag from /home/airflow/.local/lib/python3.8/site-packages/airflow/example_dags/example_branch_labels.py
[2025-06-25T09:21:06.543+0000] {processor.py:840} INFO - DAG(s) 'example_branch_labels' retrieved from /home/airflow/.local/lib/python3.8/site-packages/airflow/example_dags/example_branch_labels.py
[2025-06-25T09:21:06.578+0000] {logging_mixin.py:188} INFO - [2025-06-25T09:21:06.577+0000] {dag.py:3036} INFO - Sync 1 DAGs
[2025-06-25T09:21:06.612+0000] {logging_mixin.py:188} INFO - [2025-06-25T09:21:06.612+0000] {dag.py:3823} INFO - Setting next_dagrun for example_branch_labels to 2025-06-24 00:00:00+00:00, run_after=2025-06-25 00:00:00+00:00
[2025-06-25T09:21:06.641+0000] {processor.py:183} INFO - Processing /home/airflow/.local/lib/python3.8/site-packages/airflow/example_dags/example_branch_labels.py took 0.124 seconds
