[2025-06-25T09:04:10.990+0000] {processor.py:161} INFO - Started process (PID=86) to work on /home/airflow/.local/lib/python3.8/site-packages/airflow/example_dags/example_subdag_operator.py
[2025-06-25T09:04:11.004+0000] {processor.py:830} INFO - Processing file /home/airflow/.local/lib/python3.8/site-packages/airflow/example_dags/example_subdag_operator.py for tasks to queue
[2025-06-25T09:04:11.006+0000] {logging_mixin.py:188} INFO - [2025-06-25T09:04:11.006+0000] {dagbag.py:538} INFO - Filling up the DagBag from /home/airflow/.local/lib/python3.8/site-packages/airflow/example_dags/example_subdag_operator.py
[2025-06-25T09:04:11.082+0000] {processor.py:840} INFO - DAG(s) 'example_subdag_operator.section-1', 'example_subdag_operator.section-2', 'example_subdag_operator' retrieved from /home/airflow/.local/lib/python3.8/site-packages/airflow/example_dags/example_subdag_operator.py
[2025-06-25T09:04:11.160+0000] {logging_mixin.py:188} INFO - [2025-06-25T09:04:11.159+0000] {dag.py:3036} INFO - Sync 3 DAGs
[2025-06-25T09:04:11.220+0000] {logging_mixin.py:188} INFO - [2025-06-25T09:04:11.219+0000] {dag.py:3823} INFO - Setting next_dagrun for example_subdag_operator to 2022-01-01 00:00:00+00:00, run_after=2022-01-01 00:00:00+00:00
[2025-06-25T09:04:11.227+0000] {logging_mixin.py:188} INFO - [2025-06-25T09:04:11.226+0000] {dag.py:3823} INFO - Setting next_dagrun for example_subdag_operator.section-1 to None, run_after=None
[2025-06-25T09:04:11.229+0000] {logging_mixin.py:188} INFO - [2025-06-25T09:04:11.229+0000] {dag.py:3823} INFO - Setting next_dagrun for example_subdag_operator.section-2 to None, run_after=None
[2025-06-25T09:04:11.242+0000] {logging_mixin.py:188} INFO - [2025-06-25T09:04:11.242+0000] {dag.py:3036} INFO - Sync 2 DAGs
[2025-06-25T09:04:11.252+0000] {logging_mixin.py:188} INFO - [2025-06-25T09:04:11.252+0000] {dag.py:3823} INFO - Setting next_dagrun for example_subdag_operator.section-1 to None, run_after=None
[2025-06-25T09:04:11.253+0000] {logging_mixin.py:188} INFO - [2025-06-25T09:04:11.253+0000] {dag.py:3823} INFO - Setting next_dagrun for example_subdag_operator.section-2 to None, run_after=None
[2025-06-25T09:04:11.299+0000] {processor.py:183} INFO - Processing /home/airflow/.local/lib/python3.8/site-packages/airflow/example_dags/example_subdag_operator.py took 0.314 seconds
[2025-06-25T09:04:41.451+0000] {processor.py:161} INFO - Started process (PID=150) to work on /home/airflow/.local/lib/python3.8/site-packages/airflow/example_dags/example_subdag_operator.py
[2025-06-25T09:04:41.452+0000] {processor.py:830} INFO - Processing file /home/airflow/.local/lib/python3.8/site-packages/airflow/example_dags/example_subdag_operator.py for tasks to queue
[2025-06-25T09:04:41.455+0000] {logging_mixin.py:188} INFO - [2025-06-25T09:04:41.455+0000] {dagbag.py:538} INFO - Filling up the DagBag from /home/airflow/.local/lib/python3.8/site-packages/airflow/example_dags/example_subdag_operator.py
[2025-06-25T09:04:41.499+0000] {processor.py:840} INFO - DAG(s) 'example_subdag_operator.section-1', 'example_subdag_operator.section-2', 'example_subdag_operator' retrieved from /home/airflow/.local/lib/python3.8/site-packages/airflow/example_dags/example_subdag_operator.py
[2025-06-25T09:04:41.530+0000] {logging_mixin.py:188} INFO - [2025-06-25T09:04:41.530+0000] {dag.py:3036} INFO - Sync 3 DAGs
[2025-06-25T09:04:41.572+0000] {logging_mixin.py:188} INFO - [2025-06-25T09:04:41.572+0000] {dag.py:3823} INFO - Setting next_dagrun for example_subdag_operator to 2022-01-01 00:00:00+00:00, run_after=2022-01-01 00:00:00+00:00
[2025-06-25T09:04:41.578+0000] {logging_mixin.py:188} INFO - [2025-06-25T09:04:41.578+0000] {dag.py:3823} INFO - Setting next_dagrun for example_subdag_operator.section-1 to None, run_after=None
[2025-06-25T09:04:41.581+0000] {logging_mixin.py:188} INFO - [2025-06-25T09:04:41.581+0000] {dag.py:3823} INFO - Setting next_dagrun for example_subdag_operator.section-2 to None, run_after=None
[2025-06-25T09:04:41.594+0000] {logging_mixin.py:188} INFO - [2025-06-25T09:04:41.593+0000] {dag.py:3036} INFO - Sync 2 DAGs
[2025-06-25T09:04:41.604+0000] {logging_mixin.py:188} INFO - [2025-06-25T09:04:41.603+0000] {dag.py:3823} INFO - Setting next_dagrun for example_subdag_operator.section-1 to None, run_after=None
[2025-06-25T09:04:41.604+0000] {logging_mixin.py:188} INFO - [2025-06-25T09:04:41.604+0000] {dag.py:3823} INFO - Setting next_dagrun for example_subdag_operator.section-2 to None, run_after=None
[2025-06-25T09:04:41.622+0000] {processor.py:183} INFO - Processing /home/airflow/.local/lib/python3.8/site-packages/airflow/example_dags/example_subdag_operator.py took 0.177 seconds
[2025-06-25T09:05:11.806+0000] {processor.py:161} INFO - Started process (PID=217) to work on /home/airflow/.local/lib/python3.8/site-packages/airflow/example_dags/example_subdag_operator.py
[2025-06-25T09:05:11.807+0000] {processor.py:830} INFO - Processing file /home/airflow/.local/lib/python3.8/site-packages/airflow/example_dags/example_subdag_operator.py for tasks to queue
[2025-06-25T09:05:11.809+0000] {logging_mixin.py:188} INFO - [2025-06-25T09:05:11.809+0000] {dagbag.py:538} INFO - Filling up the DagBag from /home/airflow/.local/lib/python3.8/site-packages/airflow/example_dags/example_subdag_operator.py
[2025-06-25T09:05:11.854+0000] {processor.py:840} INFO - DAG(s) 'example_subdag_operator.section-1', 'example_subdag_operator.section-2', 'example_subdag_operator' retrieved from /home/airflow/.local/lib/python3.8/site-packages/airflow/example_dags/example_subdag_operator.py
[2025-06-25T09:05:11.886+0000] {logging_mixin.py:188} INFO - [2025-06-25T09:05:11.885+0000] {dag.py:3036} INFO - Sync 3 DAGs
[2025-06-25T09:05:11.930+0000] {logging_mixin.py:188} INFO - [2025-06-25T09:05:11.929+0000] {dag.py:3823} INFO - Setting next_dagrun for example_subdag_operator to 2022-01-01 00:00:00+00:00, run_after=2022-01-01 00:00:00+00:00
[2025-06-25T09:05:11.936+0000] {logging_mixin.py:188} INFO - [2025-06-25T09:05:11.936+0000] {dag.py:3823} INFO - Setting next_dagrun for example_subdag_operator.section-1 to None, run_after=None
[2025-06-25T09:05:11.939+0000] {logging_mixin.py:188} INFO - [2025-06-25T09:05:11.938+0000] {dag.py:3823} INFO - Setting next_dagrun for example_subdag_operator.section-2 to None, run_after=None
[2025-06-25T09:05:11.952+0000] {logging_mixin.py:188} INFO - [2025-06-25T09:05:11.952+0000] {dag.py:3036} INFO - Sync 2 DAGs
[2025-06-25T09:05:11.961+0000] {logging_mixin.py:188} INFO - [2025-06-25T09:05:11.961+0000] {dag.py:3823} INFO - Setting next_dagrun for example_subdag_operator.section-1 to None, run_after=None
[2025-06-25T09:05:11.962+0000] {logging_mixin.py:188} INFO - [2025-06-25T09:05:11.962+0000] {dag.py:3823} INFO - Setting next_dagrun for example_subdag_operator.section-2 to None, run_after=None
[2025-06-25T09:05:11.981+0000] {processor.py:183} INFO - Processing /home/airflow/.local/lib/python3.8/site-packages/airflow/example_dags/example_subdag_operator.py took 0.180 seconds
[2025-06-25T09:05:42.069+0000] {processor.py:161} INFO - Started process (PID=283) to work on /home/airflow/.local/lib/python3.8/site-packages/airflow/example_dags/example_subdag_operator.py
[2025-06-25T09:05:42.070+0000] {processor.py:830} INFO - Processing file /home/airflow/.local/lib/python3.8/site-packages/airflow/example_dags/example_subdag_operator.py for tasks to queue
[2025-06-25T09:05:42.073+0000] {logging_mixin.py:188} INFO - [2025-06-25T09:05:42.072+0000] {dagbag.py:538} INFO - Filling up the DagBag from /home/airflow/.local/lib/python3.8/site-packages/airflow/example_dags/example_subdag_operator.py
[2025-06-25T09:05:42.110+0000] {processor.py:840} INFO - DAG(s) 'example_subdag_operator.section-1', 'example_subdag_operator.section-2', 'example_subdag_operator' retrieved from /home/airflow/.local/lib/python3.8/site-packages/airflow/example_dags/example_subdag_operator.py
[2025-06-25T09:05:42.136+0000] {logging_mixin.py:188} INFO - [2025-06-25T09:05:42.135+0000] {dag.py:3036} INFO - Sync 3 DAGs
[2025-06-25T09:05:42.175+0000] {logging_mixin.py:188} INFO - [2025-06-25T09:05:42.175+0000] {dag.py:3823} INFO - Setting next_dagrun for example_subdag_operator to 2022-01-01 00:00:00+00:00, run_after=2022-01-01 00:00:00+00:00
[2025-06-25T09:05:42.181+0000] {logging_mixin.py:188} INFO - [2025-06-25T09:05:42.180+0000] {dag.py:3823} INFO - Setting next_dagrun for example_subdag_operator.section-1 to None, run_after=None
[2025-06-25T09:05:42.182+0000] {logging_mixin.py:188} INFO - [2025-06-25T09:05:42.182+0000] {dag.py:3823} INFO - Setting next_dagrun for example_subdag_operator.section-2 to None, run_after=None
[2025-06-25T09:05:42.193+0000] {logging_mixin.py:188} INFO - [2025-06-25T09:05:42.192+0000] {dag.py:3036} INFO - Sync 2 DAGs
[2025-06-25T09:05:42.201+0000] {logging_mixin.py:188} INFO - [2025-06-25T09:05:42.200+0000] {dag.py:3823} INFO - Setting next_dagrun for example_subdag_operator.section-1 to None, run_after=None
[2025-06-25T09:05:42.201+0000] {logging_mixin.py:188} INFO - [2025-06-25T09:05:42.201+0000] {dag.py:3823} INFO - Setting next_dagrun for example_subdag_operator.section-2 to None, run_after=None
[2025-06-25T09:05:42.223+0000] {processor.py:183} INFO - Processing /home/airflow/.local/lib/python3.8/site-packages/airflow/example_dags/example_subdag_operator.py took 0.159 seconds
[2025-06-25T09:06:12.768+0000] {processor.py:161} INFO - Started process (PID=348) to work on /home/airflow/.local/lib/python3.8/site-packages/airflow/example_dags/example_subdag_operator.py
[2025-06-25T09:06:12.770+0000] {processor.py:830} INFO - Processing file /home/airflow/.local/lib/python3.8/site-packages/airflow/example_dags/example_subdag_operator.py for tasks to queue
[2025-06-25T09:06:12.772+0000] {logging_mixin.py:188} INFO - [2025-06-25T09:06:12.772+0000] {dagbag.py:538} INFO - Filling up the DagBag from /home/airflow/.local/lib/python3.8/site-packages/airflow/example_dags/example_subdag_operator.py
[2025-06-25T09:06:12.810+0000] {processor.py:840} INFO - DAG(s) 'example_subdag_operator.section-1', 'example_subdag_operator.section-2', 'example_subdag_operator' retrieved from /home/airflow/.local/lib/python3.8/site-packages/airflow/example_dags/example_subdag_operator.py
[2025-06-25T09:06:12.842+0000] {logging_mixin.py:188} INFO - [2025-06-25T09:06:12.841+0000] {dag.py:3036} INFO - Sync 3 DAGs
[2025-06-25T09:06:12.878+0000] {logging_mixin.py:188} INFO - [2025-06-25T09:06:12.878+0000] {dag.py:3823} INFO - Setting next_dagrun for example_subdag_operator to 2022-01-01 00:00:00+00:00, run_after=2022-01-01 00:00:00+00:00
[2025-06-25T09:06:12.883+0000] {logging_mixin.py:188} INFO - [2025-06-25T09:06:12.883+0000] {dag.py:3823} INFO - Setting next_dagrun for example_subdag_operator.section-1 to None, run_after=None
[2025-06-25T09:06:12.885+0000] {logging_mixin.py:188} INFO - [2025-06-25T09:06:12.885+0000] {dag.py:3823} INFO - Setting next_dagrun for example_subdag_operator.section-2 to None, run_after=None
[2025-06-25T09:06:12.897+0000] {logging_mixin.py:188} INFO - [2025-06-25T09:06:12.897+0000] {dag.py:3036} INFO - Sync 2 DAGs
[2025-06-25T09:06:12.906+0000] {logging_mixin.py:188} INFO - [2025-06-25T09:06:12.905+0000] {dag.py:3823} INFO - Setting next_dagrun for example_subdag_operator.section-1 to None, run_after=None
[2025-06-25T09:06:12.906+0000] {logging_mixin.py:188} INFO - [2025-06-25T09:06:12.906+0000] {dag.py:3823} INFO - Setting next_dagrun for example_subdag_operator.section-2 to None, run_after=None
[2025-06-25T09:06:12.922+0000] {processor.py:183} INFO - Processing /home/airflow/.local/lib/python3.8/site-packages/airflow/example_dags/example_subdag_operator.py took 0.159 seconds
[2025-06-25T09:06:43.508+0000] {processor.py:161} INFO - Started process (PID=413) to work on /home/airflow/.local/lib/python3.8/site-packages/airflow/example_dags/example_subdag_operator.py
[2025-06-25T09:06:43.510+0000] {processor.py:830} INFO - Processing file /home/airflow/.local/lib/python3.8/site-packages/airflow/example_dags/example_subdag_operator.py for tasks to queue
[2025-06-25T09:06:43.513+0000] {logging_mixin.py:188} INFO - [2025-06-25T09:06:43.512+0000] {dagbag.py:538} INFO - Filling up the DagBag from /home/airflow/.local/lib/python3.8/site-packages/airflow/example_dags/example_subdag_operator.py
[2025-06-25T09:06:43.558+0000] {processor.py:840} INFO - DAG(s) 'example_subdag_operator.section-1', 'example_subdag_operator.section-2', 'example_subdag_operator' retrieved from /home/airflow/.local/lib/python3.8/site-packages/airflow/example_dags/example_subdag_operator.py
[2025-06-25T09:06:43.593+0000] {logging_mixin.py:188} INFO - [2025-06-25T09:06:43.593+0000] {dag.py:3036} INFO - Sync 3 DAGs
[2025-06-25T09:06:43.638+0000] {logging_mixin.py:188} INFO - [2025-06-25T09:06:43.638+0000] {dag.py:3823} INFO - Setting next_dagrun for example_subdag_operator to 2022-01-01 00:00:00+00:00, run_after=2022-01-01 00:00:00+00:00
[2025-06-25T09:06:43.645+0000] {logging_mixin.py:188} INFO - [2025-06-25T09:06:43.644+0000] {dag.py:3823} INFO - Setting next_dagrun for example_subdag_operator.section-1 to None, run_after=None
[2025-06-25T09:06:43.647+0000] {logging_mixin.py:188} INFO - [2025-06-25T09:06:43.647+0000] {dag.py:3823} INFO - Setting next_dagrun for example_subdag_operator.section-2 to None, run_after=None
[2025-06-25T09:06:43.661+0000] {logging_mixin.py:188} INFO - [2025-06-25T09:06:43.660+0000] {dag.py:3036} INFO - Sync 2 DAGs
[2025-06-25T09:06:43.669+0000] {logging_mixin.py:188} INFO - [2025-06-25T09:06:43.669+0000] {dag.py:3823} INFO - Setting next_dagrun for example_subdag_operator.section-1 to None, run_after=None
[2025-06-25T09:06:43.671+0000] {logging_mixin.py:188} INFO - [2025-06-25T09:06:43.670+0000] {dag.py:3823} INFO - Setting next_dagrun for example_subdag_operator.section-2 to None, run_after=None
[2025-06-25T09:06:43.689+0000] {processor.py:183} INFO - Processing /home/airflow/.local/lib/python3.8/site-packages/airflow/example_dags/example_subdag_operator.py took 0.187 seconds
[2025-06-25T09:07:13.937+0000] {processor.py:161} INFO - Started process (PID=478) to work on /home/airflow/.local/lib/python3.8/site-packages/airflow/example_dags/example_subdag_operator.py
[2025-06-25T09:07:13.938+0000] {processor.py:830} INFO - Processing file /home/airflow/.local/lib/python3.8/site-packages/airflow/example_dags/example_subdag_operator.py for tasks to queue
[2025-06-25T09:07:13.940+0000] {logging_mixin.py:188} INFO - [2025-06-25T09:07:13.940+0000] {dagbag.py:538} INFO - Filling up the DagBag from /home/airflow/.local/lib/python3.8/site-packages/airflow/example_dags/example_subdag_operator.py
[2025-06-25T09:07:13.976+0000] {processor.py:840} INFO - DAG(s) 'example_subdag_operator.section-1', 'example_subdag_operator.section-2', 'example_subdag_operator' retrieved from /home/airflow/.local/lib/python3.8/site-packages/airflow/example_dags/example_subdag_operator.py
[2025-06-25T09:07:14.000+0000] {logging_mixin.py:188} INFO - [2025-06-25T09:07:14.000+0000] {dag.py:3036} INFO - Sync 3 DAGs
[2025-06-25T09:07:14.034+0000] {logging_mixin.py:188} INFO - [2025-06-25T09:07:14.033+0000] {dag.py:3823} INFO - Setting next_dagrun for example_subdag_operator to 2022-01-01 00:00:00+00:00, run_after=2022-01-01 00:00:00+00:00
[2025-06-25T09:07:14.038+0000] {logging_mixin.py:188} INFO - [2025-06-25T09:07:14.038+0000] {dag.py:3823} INFO - Setting next_dagrun for example_subdag_operator.section-1 to None, run_after=None
[2025-06-25T09:07:14.040+0000] {logging_mixin.py:188} INFO - [2025-06-25T09:07:14.040+0000] {dag.py:3823} INFO - Setting next_dagrun for example_subdag_operator.section-2 to None, run_after=None
[2025-06-25T09:07:14.050+0000] {logging_mixin.py:188} INFO - [2025-06-25T09:07:14.049+0000] {dag.py:3036} INFO - Sync 2 DAGs
[2025-06-25T09:07:14.057+0000] {logging_mixin.py:188} INFO - [2025-06-25T09:07:14.057+0000] {dag.py:3823} INFO - Setting next_dagrun for example_subdag_operator.section-1 to None, run_after=None
[2025-06-25T09:07:14.058+0000] {logging_mixin.py:188} INFO - [2025-06-25T09:07:14.058+0000] {dag.py:3823} INFO - Setting next_dagrun for example_subdag_operator.section-2 to None, run_after=None
[2025-06-25T09:07:14.074+0000] {processor.py:183} INFO - Processing /home/airflow/.local/lib/python3.8/site-packages/airflow/example_dags/example_subdag_operator.py took 0.142 seconds
[2025-06-25T09:07:44.694+0000] {processor.py:161} INFO - Started process (PID=543) to work on /home/airflow/.local/lib/python3.8/site-packages/airflow/example_dags/example_subdag_operator.py
[2025-06-25T09:07:44.696+0000] {processor.py:830} INFO - Processing file /home/airflow/.local/lib/python3.8/site-packages/airflow/example_dags/example_subdag_operator.py for tasks to queue
[2025-06-25T09:07:44.700+0000] {logging_mixin.py:188} INFO - [2025-06-25T09:07:44.699+0000] {dagbag.py:538} INFO - Filling up the DagBag from /home/airflow/.local/lib/python3.8/site-packages/airflow/example_dags/example_subdag_operator.py
[2025-06-25T09:07:44.747+0000] {processor.py:840} INFO - DAG(s) 'example_subdag_operator.section-1', 'example_subdag_operator.section-2', 'example_subdag_operator' retrieved from /home/airflow/.local/lib/python3.8/site-packages/airflow/example_dags/example_subdag_operator.py
[2025-06-25T09:07:44.781+0000] {logging_mixin.py:188} INFO - [2025-06-25T09:07:44.781+0000] {dag.py:3036} INFO - Sync 3 DAGs
[2025-06-25T09:07:44.826+0000] {logging_mixin.py:188} INFO - [2025-06-25T09:07:44.825+0000] {dag.py:3823} INFO - Setting next_dagrun for example_subdag_operator to 2022-01-01 00:00:00+00:00, run_after=2022-01-01 00:00:00+00:00
[2025-06-25T09:07:44.834+0000] {logging_mixin.py:188} INFO - [2025-06-25T09:07:44.833+0000] {dag.py:3823} INFO - Setting next_dagrun for example_subdag_operator.section-1 to None, run_after=None
[2025-06-25T09:07:44.836+0000] {logging_mixin.py:188} INFO - [2025-06-25T09:07:44.836+0000] {dag.py:3823} INFO - Setting next_dagrun for example_subdag_operator.section-2 to None, run_after=None
[2025-06-25T09:07:44.849+0000] {logging_mixin.py:188} INFO - [2025-06-25T09:07:44.849+0000] {dag.py:3036} INFO - Sync 2 DAGs
[2025-06-25T09:07:44.861+0000] {logging_mixin.py:188} INFO - [2025-06-25T09:07:44.861+0000] {dag.py:3823} INFO - Setting next_dagrun for example_subdag_operator.section-1 to None, run_after=None
[2025-06-25T09:07:44.862+0000] {logging_mixin.py:188} INFO - [2025-06-25T09:07:44.861+0000] {dag.py:3823} INFO - Setting next_dagrun for example_subdag_operator.section-2 to None, run_after=None
[2025-06-25T09:07:44.884+0000] {processor.py:183} INFO - Processing /home/airflow/.local/lib/python3.8/site-packages/airflow/example_dags/example_subdag_operator.py took 0.196 seconds
[2025-06-25T09:08:15.216+0000] {processor.py:161} INFO - Started process (PID=617) to work on /home/airflow/.local/lib/python3.8/site-packages/airflow/example_dags/example_subdag_operator.py
[2025-06-25T09:08:15.217+0000] {processor.py:830} INFO - Processing file /home/airflow/.local/lib/python3.8/site-packages/airflow/example_dags/example_subdag_operator.py for tasks to queue
[2025-06-25T09:08:15.220+0000] {logging_mixin.py:188} INFO - [2025-06-25T09:08:15.219+0000] {dagbag.py:538} INFO - Filling up the DagBag from /home/airflow/.local/lib/python3.8/site-packages/airflow/example_dags/example_subdag_operator.py
[2025-06-25T09:08:15.268+0000] {processor.py:840} INFO - DAG(s) 'example_subdag_operator.section-1', 'example_subdag_operator.section-2', 'example_subdag_operator' retrieved from /home/airflow/.local/lib/python3.8/site-packages/airflow/example_dags/example_subdag_operator.py
[2025-06-25T09:08:15.303+0000] {logging_mixin.py:188} INFO - [2025-06-25T09:08:15.302+0000] {dag.py:3036} INFO - Sync 3 DAGs
[2025-06-25T09:08:15.346+0000] {logging_mixin.py:188} INFO - [2025-06-25T09:08:15.346+0000] {dag.py:3823} INFO - Setting next_dagrun for example_subdag_operator to 2022-01-01 00:00:00+00:00, run_after=2022-01-01 00:00:00+00:00
[2025-06-25T09:08:15.353+0000] {logging_mixin.py:188} INFO - [2025-06-25T09:08:15.353+0000] {dag.py:3823} INFO - Setting next_dagrun for example_subdag_operator.section-1 to None, run_after=None
[2025-06-25T09:08:15.356+0000] {logging_mixin.py:188} INFO - [2025-06-25T09:08:15.356+0000] {dag.py:3823} INFO - Setting next_dagrun for example_subdag_operator.section-2 to None, run_after=None
[2025-06-25T09:08:15.375+0000] {logging_mixin.py:188} INFO - [2025-06-25T09:08:15.375+0000] {dag.py:3036} INFO - Sync 2 DAGs
[2025-06-25T09:08:15.385+0000] {logging_mixin.py:188} INFO - [2025-06-25T09:08:15.385+0000] {dag.py:3823} INFO - Setting next_dagrun for example_subdag_operator.section-1 to None, run_after=None
[2025-06-25T09:08:15.387+0000] {logging_mixin.py:188} INFO - [2025-06-25T09:08:15.386+0000] {dag.py:3823} INFO - Setting next_dagrun for example_subdag_operator.section-2 to None, run_after=None
[2025-06-25T09:08:15.411+0000] {processor.py:183} INFO - Processing /home/airflow/.local/lib/python3.8/site-packages/airflow/example_dags/example_subdag_operator.py took 0.202 seconds
[2025-06-25T09:08:45.990+0000] {processor.py:161} INFO - Started process (PID=682) to work on /home/airflow/.local/lib/python3.8/site-packages/airflow/example_dags/example_subdag_operator.py
[2025-06-25T09:08:45.992+0000] {processor.py:830} INFO - Processing file /home/airflow/.local/lib/python3.8/site-packages/airflow/example_dags/example_subdag_operator.py for tasks to queue
[2025-06-25T09:08:45.995+0000] {logging_mixin.py:188} INFO - [2025-06-25T09:08:45.994+0000] {dagbag.py:538} INFO - Filling up the DagBag from /home/airflow/.local/lib/python3.8/site-packages/airflow/example_dags/example_subdag_operator.py
[2025-06-25T09:08:46.041+0000] {processor.py:840} INFO - DAG(s) 'example_subdag_operator.section-1', 'example_subdag_operator.section-2', 'example_subdag_operator' retrieved from /home/airflow/.local/lib/python3.8/site-packages/airflow/example_dags/example_subdag_operator.py
[2025-06-25T09:08:46.076+0000] {logging_mixin.py:188} INFO - [2025-06-25T09:08:46.075+0000] {dag.py:3036} INFO - Sync 3 DAGs
[2025-06-25T09:08:46.123+0000] {logging_mixin.py:188} INFO - [2025-06-25T09:08:46.123+0000] {dag.py:3823} INFO - Setting next_dagrun for example_subdag_operator to 2022-01-01 00:00:00+00:00, run_after=2022-01-01 00:00:00+00:00
[2025-06-25T09:08:46.130+0000] {logging_mixin.py:188} INFO - [2025-06-25T09:08:46.130+0000] {dag.py:3823} INFO - Setting next_dagrun for example_subdag_operator.section-1 to None, run_after=None
[2025-06-25T09:08:46.133+0000] {logging_mixin.py:188} INFO - [2025-06-25T09:08:46.133+0000] {dag.py:3823} INFO - Setting next_dagrun for example_subdag_operator.section-2 to None, run_after=None
[2025-06-25T09:08:46.148+0000] {logging_mixin.py:188} INFO - [2025-06-25T09:08:46.148+0000] {dag.py:3036} INFO - Sync 2 DAGs
[2025-06-25T09:08:46.159+0000] {logging_mixin.py:188} INFO - [2025-06-25T09:08:46.158+0000] {dag.py:3823} INFO - Setting next_dagrun for example_subdag_operator.section-1 to None, run_after=None
[2025-06-25T09:08:46.160+0000] {logging_mixin.py:188} INFO - [2025-06-25T09:08:46.159+0000] {dag.py:3823} INFO - Setting next_dagrun for example_subdag_operator.section-2 to None, run_after=None
[2025-06-25T09:08:46.182+0000] {processor.py:183} INFO - Processing /home/airflow/.local/lib/python3.8/site-packages/airflow/example_dags/example_subdag_operator.py took 0.198 seconds
[2025-06-25T09:09:16.671+0000] {processor.py:161} INFO - Started process (PID=747) to work on /home/airflow/.local/lib/python3.8/site-packages/airflow/example_dags/example_subdag_operator.py
[2025-06-25T09:09:16.673+0000] {processor.py:830} INFO - Processing file /home/airflow/.local/lib/python3.8/site-packages/airflow/example_dags/example_subdag_operator.py for tasks to queue
[2025-06-25T09:09:16.676+0000] {logging_mixin.py:188} INFO - [2025-06-25T09:09:16.675+0000] {dagbag.py:538} INFO - Filling up the DagBag from /home/airflow/.local/lib/python3.8/site-packages/airflow/example_dags/example_subdag_operator.py
[2025-06-25T09:09:16.727+0000] {processor.py:840} INFO - DAG(s) 'example_subdag_operator.section-1', 'example_subdag_operator.section-2', 'example_subdag_operator' retrieved from /home/airflow/.local/lib/python3.8/site-packages/airflow/example_dags/example_subdag_operator.py
[2025-06-25T09:09:16.766+0000] {logging_mixin.py:188} INFO - [2025-06-25T09:09:16.766+0000] {dag.py:3036} INFO - Sync 3 DAGs
[2025-06-25T09:09:16.816+0000] {logging_mixin.py:188} INFO - [2025-06-25T09:09:16.815+0000] {dag.py:3823} INFO - Setting next_dagrun for example_subdag_operator to 2022-01-01 00:00:00+00:00, run_after=2022-01-01 00:00:00+00:00
[2025-06-25T09:09:16.824+0000] {logging_mixin.py:188} INFO - [2025-06-25T09:09:16.823+0000] {dag.py:3823} INFO - Setting next_dagrun for example_subdag_operator.section-1 to None, run_after=None
[2025-06-25T09:09:16.827+0000] {logging_mixin.py:188} INFO - [2025-06-25T09:09:16.826+0000] {dag.py:3823} INFO - Setting next_dagrun for example_subdag_operator.section-2 to None, run_after=None
[2025-06-25T09:09:16.842+0000] {logging_mixin.py:188} INFO - [2025-06-25T09:09:16.842+0000] {dag.py:3036} INFO - Sync 2 DAGs
[2025-06-25T09:09:16.854+0000] {logging_mixin.py:188} INFO - [2025-06-25T09:09:16.854+0000] {dag.py:3823} INFO - Setting next_dagrun for example_subdag_operator.section-1 to None, run_after=None
[2025-06-25T09:09:16.855+0000] {logging_mixin.py:188} INFO - [2025-06-25T09:09:16.855+0000] {dag.py:3823} INFO - Setting next_dagrun for example_subdag_operator.section-2 to None, run_after=None
[2025-06-25T09:09:16.879+0000] {processor.py:183} INFO - Processing /home/airflow/.local/lib/python3.8/site-packages/airflow/example_dags/example_subdag_operator.py took 0.214 seconds
[2025-06-25T09:09:47.580+0000] {processor.py:161} INFO - Started process (PID=811) to work on /home/airflow/.local/lib/python3.8/site-packages/airflow/example_dags/example_subdag_operator.py
[2025-06-25T09:09:47.582+0000] {processor.py:830} INFO - Processing file /home/airflow/.local/lib/python3.8/site-packages/airflow/example_dags/example_subdag_operator.py for tasks to queue
[2025-06-25T09:09:47.584+0000] {logging_mixin.py:188} INFO - [2025-06-25T09:09:47.584+0000] {dagbag.py:538} INFO - Filling up the DagBag from /home/airflow/.local/lib/python3.8/site-packages/airflow/example_dags/example_subdag_operator.py
[2025-06-25T09:09:47.637+0000] {processor.py:840} INFO - DAG(s) 'example_subdag_operator.section-1', 'example_subdag_operator.section-2', 'example_subdag_operator' retrieved from /home/airflow/.local/lib/python3.8/site-packages/airflow/example_dags/example_subdag_operator.py
[2025-06-25T09:09:47.681+0000] {logging_mixin.py:188} INFO - [2025-06-25T09:09:47.680+0000] {dag.py:3036} INFO - Sync 3 DAGs
[2025-06-25T09:09:47.735+0000] {logging_mixin.py:188} INFO - [2025-06-25T09:09:47.734+0000] {dag.py:3823} INFO - Setting next_dagrun for example_subdag_operator to 2022-01-01 00:00:00+00:00, run_after=2022-01-01 00:00:00+00:00
[2025-06-25T09:09:47.743+0000] {logging_mixin.py:188} INFO - [2025-06-25T09:09:47.742+0000] {dag.py:3823} INFO - Setting next_dagrun for example_subdag_operator.section-1 to None, run_after=None
[2025-06-25T09:09:47.746+0000] {logging_mixin.py:188} INFO - [2025-06-25T09:09:47.745+0000] {dag.py:3823} INFO - Setting next_dagrun for example_subdag_operator.section-2 to None, run_after=None
[2025-06-25T09:09:47.761+0000] {logging_mixin.py:188} INFO - [2025-06-25T09:09:47.760+0000] {dag.py:3036} INFO - Sync 2 DAGs
[2025-06-25T09:09:47.773+0000] {logging_mixin.py:188} INFO - [2025-06-25T09:09:47.772+0000] {dag.py:3823} INFO - Setting next_dagrun for example_subdag_operator.section-1 to None, run_after=None
[2025-06-25T09:09:47.773+0000] {logging_mixin.py:188} INFO - [2025-06-25T09:09:47.773+0000] {dag.py:3823} INFO - Setting next_dagrun for example_subdag_operator.section-2 to None, run_after=None
[2025-06-25T09:09:47.798+0000] {processor.py:183} INFO - Processing /home/airflow/.local/lib/python3.8/site-packages/airflow/example_dags/example_subdag_operator.py took 0.223 seconds
[2025-06-25T09:10:18.638+0000] {processor.py:161} INFO - Started process (PID=876) to work on /home/airflow/.local/lib/python3.8/site-packages/airflow/example_dags/example_subdag_operator.py
[2025-06-25T09:10:18.640+0000] {processor.py:830} INFO - Processing file /home/airflow/.local/lib/python3.8/site-packages/airflow/example_dags/example_subdag_operator.py for tasks to queue
[2025-06-25T09:10:18.642+0000] {logging_mixin.py:188} INFO - [2025-06-25T09:10:18.642+0000] {dagbag.py:538} INFO - Filling up the DagBag from /home/airflow/.local/lib/python3.8/site-packages/airflow/example_dags/example_subdag_operator.py
[2025-06-25T09:10:18.690+0000] {processor.py:840} INFO - DAG(s) 'example_subdag_operator.section-1', 'example_subdag_operator.section-2', 'example_subdag_operator' retrieved from /home/airflow/.local/lib/python3.8/site-packages/airflow/example_dags/example_subdag_operator.py
[2025-06-25T09:10:18.729+0000] {logging_mixin.py:188} INFO - [2025-06-25T09:10:18.728+0000] {dag.py:3036} INFO - Sync 3 DAGs
[2025-06-25T09:10:18.799+0000] {logging_mixin.py:188} INFO - [2025-06-25T09:10:18.799+0000] {dag.py:3823} INFO - Setting next_dagrun for example_subdag_operator to 2022-01-01 00:00:00+00:00, run_after=2022-01-01 00:00:00+00:00
[2025-06-25T09:10:18.810+0000] {logging_mixin.py:188} INFO - [2025-06-25T09:10:18.810+0000] {dag.py:3823} INFO - Setting next_dagrun for example_subdag_operator.section-1 to None, run_after=None
[2025-06-25T09:10:18.813+0000] {logging_mixin.py:188} INFO - [2025-06-25T09:10:18.812+0000] {dag.py:3823} INFO - Setting next_dagrun for example_subdag_operator.section-2 to None, run_after=None
[2025-06-25T09:10:18.837+0000] {logging_mixin.py:188} INFO - [2025-06-25T09:10:18.836+0000] {dag.py:3036} INFO - Sync 2 DAGs
[2025-06-25T09:10:18.852+0000] {logging_mixin.py:188} INFO - [2025-06-25T09:10:18.851+0000] {dag.py:3823} INFO - Setting next_dagrun for example_subdag_operator.section-1 to None, run_after=None
[2025-06-25T09:10:18.852+0000] {logging_mixin.py:188} INFO - [2025-06-25T09:10:18.852+0000] {dag.py:3823} INFO - Setting next_dagrun for example_subdag_operator.section-2 to None, run_after=None
[2025-06-25T09:10:18.880+0000] {processor.py:183} INFO - Processing /home/airflow/.local/lib/python3.8/site-packages/airflow/example_dags/example_subdag_operator.py took 0.248 seconds
[2025-06-25T09:10:49.774+0000] {processor.py:161} INFO - Started process (PID=941) to work on /home/airflow/.local/lib/python3.8/site-packages/airflow/example_dags/example_subdag_operator.py
[2025-06-25T09:10:49.776+0000] {processor.py:830} INFO - Processing file /home/airflow/.local/lib/python3.8/site-packages/airflow/example_dags/example_subdag_operator.py for tasks to queue
[2025-06-25T09:10:49.778+0000] {logging_mixin.py:188} INFO - [2025-06-25T09:10:49.778+0000] {dagbag.py:538} INFO - Filling up the DagBag from /home/airflow/.local/lib/python3.8/site-packages/airflow/example_dags/example_subdag_operator.py
[2025-06-25T09:10:49.822+0000] {processor.py:840} INFO - DAG(s) 'example_subdag_operator.section-1', 'example_subdag_operator.section-2', 'example_subdag_operator' retrieved from /home/airflow/.local/lib/python3.8/site-packages/airflow/example_dags/example_subdag_operator.py
[2025-06-25T09:10:49.855+0000] {logging_mixin.py:188} INFO - [2025-06-25T09:10:49.854+0000] {dag.py:3036} INFO - Sync 3 DAGs
[2025-06-25T09:10:49.899+0000] {logging_mixin.py:188} INFO - [2025-06-25T09:10:49.899+0000] {dag.py:3823} INFO - Setting next_dagrun for example_subdag_operator to 2022-01-01 00:00:00+00:00, run_after=2022-01-01 00:00:00+00:00
[2025-06-25T09:10:49.908+0000] {logging_mixin.py:188} INFO - [2025-06-25T09:10:49.908+0000] {dag.py:3823} INFO - Setting next_dagrun for example_subdag_operator.section-1 to None, run_after=None
[2025-06-25T09:10:49.912+0000] {logging_mixin.py:188} INFO - [2025-06-25T09:10:49.911+0000] {dag.py:3823} INFO - Setting next_dagrun for example_subdag_operator.section-2 to None, run_after=None
[2025-06-25T09:10:49.930+0000] {logging_mixin.py:188} INFO - [2025-06-25T09:10:49.929+0000] {dag.py:3036} INFO - Sync 2 DAGs
[2025-06-25T09:10:49.944+0000] {logging_mixin.py:188} INFO - [2025-06-25T09:10:49.944+0000] {dag.py:3823} INFO - Setting next_dagrun for example_subdag_operator.section-1 to None, run_after=None
[2025-06-25T09:10:49.945+0000] {logging_mixin.py:188} INFO - [2025-06-25T09:10:49.945+0000] {dag.py:3823} INFO - Setting next_dagrun for example_subdag_operator.section-2 to None, run_after=None
[2025-06-25T09:10:49.970+0000] {processor.py:183} INFO - Processing /home/airflow/.local/lib/python3.8/site-packages/airflow/example_dags/example_subdag_operator.py took 0.203 seconds
[2025-06-25T09:11:20.547+0000] {processor.py:161} INFO - Started process (PID=1006) to work on /home/airflow/.local/lib/python3.8/site-packages/airflow/example_dags/example_subdag_operator.py
[2025-06-25T09:11:20.549+0000] {processor.py:830} INFO - Processing file /home/airflow/.local/lib/python3.8/site-packages/airflow/example_dags/example_subdag_operator.py for tasks to queue
[2025-06-25T09:11:20.552+0000] {logging_mixin.py:188} INFO - [2025-06-25T09:11:20.552+0000] {dagbag.py:538} INFO - Filling up the DagBag from /home/airflow/.local/lib/python3.8/site-packages/airflow/example_dags/example_subdag_operator.py
[2025-06-25T09:11:20.600+0000] {processor.py:840} INFO - DAG(s) 'example_subdag_operator.section-1', 'example_subdag_operator.section-2', 'example_subdag_operator' retrieved from /home/airflow/.local/lib/python3.8/site-packages/airflow/example_dags/example_subdag_operator.py
[2025-06-25T09:11:20.629+0000] {logging_mixin.py:188} INFO - [2025-06-25T09:11:20.629+0000] {dag.py:3036} INFO - Sync 3 DAGs
[2025-06-25T09:11:20.669+0000] {logging_mixin.py:188} INFO - [2025-06-25T09:11:20.669+0000] {dag.py:3823} INFO - Setting next_dagrun for example_subdag_operator to 2022-01-01 00:00:00+00:00, run_after=2022-01-01 00:00:00+00:00
[2025-06-25T09:11:20.675+0000] {logging_mixin.py:188} INFO - [2025-06-25T09:11:20.675+0000] {dag.py:3823} INFO - Setting next_dagrun for example_subdag_operator.section-1 to None, run_after=None
[2025-06-25T09:11:20.678+0000] {logging_mixin.py:188} INFO - [2025-06-25T09:11:20.677+0000] {dag.py:3823} INFO - Setting next_dagrun for example_subdag_operator.section-2 to None, run_after=None
[2025-06-25T09:11:20.691+0000] {logging_mixin.py:188} INFO - [2025-06-25T09:11:20.690+0000] {dag.py:3036} INFO - Sync 2 DAGs
[2025-06-25T09:11:20.701+0000] {logging_mixin.py:188} INFO - [2025-06-25T09:11:20.701+0000] {dag.py:3823} INFO - Setting next_dagrun for example_subdag_operator.section-1 to None, run_after=None
[2025-06-25T09:11:20.703+0000] {logging_mixin.py:188} INFO - [2025-06-25T09:11:20.702+0000] {dag.py:3823} INFO - Setting next_dagrun for example_subdag_operator.section-2 to None, run_after=None
[2025-06-25T09:11:20.730+0000] {processor.py:183} INFO - Processing /home/airflow/.local/lib/python3.8/site-packages/airflow/example_dags/example_subdag_operator.py took 0.191 seconds
[2025-06-25T09:11:51.123+0000] {processor.py:161} INFO - Started process (PID=1071) to work on /home/airflow/.local/lib/python3.8/site-packages/airflow/example_dags/example_subdag_operator.py
[2025-06-25T09:11:51.129+0000] {processor.py:830} INFO - Processing file /home/airflow/.local/lib/python3.8/site-packages/airflow/example_dags/example_subdag_operator.py for tasks to queue
[2025-06-25T09:11:51.134+0000] {logging_mixin.py:188} INFO - [2025-06-25T09:11:51.134+0000] {dagbag.py:538} INFO - Filling up the DagBag from /home/airflow/.local/lib/python3.8/site-packages/airflow/example_dags/example_subdag_operator.py
[2025-06-25T09:11:51.210+0000] {processor.py:840} INFO - DAG(s) 'example_subdag_operator.section-1', 'example_subdag_operator.section-2', 'example_subdag_operator' retrieved from /home/airflow/.local/lib/python3.8/site-packages/airflow/example_dags/example_subdag_operator.py
[2025-06-25T09:11:51.249+0000] {logging_mixin.py:188} INFO - [2025-06-25T09:11:51.248+0000] {dag.py:3036} INFO - Sync 3 DAGs
[2025-06-25T09:11:51.304+0000] {logging_mixin.py:188} INFO - [2025-06-25T09:11:51.304+0000] {dag.py:3823} INFO - Setting next_dagrun for example_subdag_operator to 2022-01-01 00:00:00+00:00, run_after=2022-01-01 00:00:00+00:00
[2025-06-25T09:11:51.313+0000] {logging_mixin.py:188} INFO - [2025-06-25T09:11:51.313+0000] {dag.py:3823} INFO - Setting next_dagrun for example_subdag_operator.section-1 to None, run_after=None
[2025-06-25T09:11:51.317+0000] {logging_mixin.py:188} INFO - [2025-06-25T09:11:51.317+0000] {dag.py:3823} INFO - Setting next_dagrun for example_subdag_operator.section-2 to None, run_after=None
[2025-06-25T09:11:51.339+0000] {logging_mixin.py:188} INFO - [2025-06-25T09:11:51.338+0000] {dag.py:3036} INFO - Sync 2 DAGs
[2025-06-25T09:11:51.352+0000] {logging_mixin.py:188} INFO - [2025-06-25T09:11:51.351+0000] {dag.py:3823} INFO - Setting next_dagrun for example_subdag_operator.section-1 to None, run_after=None
[2025-06-25T09:11:51.353+0000] {logging_mixin.py:188} INFO - [2025-06-25T09:11:51.353+0000] {dag.py:3823} INFO - Setting next_dagrun for example_subdag_operator.section-2 to None, run_after=None
[2025-06-25T09:11:51.393+0000] {processor.py:183} INFO - Processing /home/airflow/.local/lib/python3.8/site-packages/airflow/example_dags/example_subdag_operator.py took 0.282 seconds
[2025-06-25T09:12:21.563+0000] {processor.py:161} INFO - Started process (PID=1134) to work on /home/airflow/.local/lib/python3.8/site-packages/airflow/example_dags/example_subdag_operator.py
[2025-06-25T09:12:21.566+0000] {processor.py:830} INFO - Processing file /home/airflow/.local/lib/python3.8/site-packages/airflow/example_dags/example_subdag_operator.py for tasks to queue
[2025-06-25T09:12:21.569+0000] {logging_mixin.py:188} INFO - [2025-06-25T09:12:21.569+0000] {dagbag.py:538} INFO - Filling up the DagBag from /home/airflow/.local/lib/python3.8/site-packages/airflow/example_dags/example_subdag_operator.py
[2025-06-25T09:12:21.613+0000] {processor.py:840} INFO - DAG(s) 'example_subdag_operator.section-1', 'example_subdag_operator.section-2', 'example_subdag_operator' retrieved from /home/airflow/.local/lib/python3.8/site-packages/airflow/example_dags/example_subdag_operator.py
[2025-06-25T09:12:21.642+0000] {logging_mixin.py:188} INFO - [2025-06-25T09:12:21.642+0000] {dag.py:3036} INFO - Sync 3 DAGs
[2025-06-25T09:12:21.683+0000] {logging_mixin.py:188} INFO - [2025-06-25T09:12:21.682+0000] {dag.py:3823} INFO - Setting next_dagrun for example_subdag_operator to 2022-01-01 00:00:00+00:00, run_after=2022-01-01 00:00:00+00:00
[2025-06-25T09:12:21.690+0000] {logging_mixin.py:188} INFO - [2025-06-25T09:12:21.690+0000] {dag.py:3823} INFO - Setting next_dagrun for example_subdag_operator.section-1 to None, run_after=None
[2025-06-25T09:12:21.693+0000] {logging_mixin.py:188} INFO - [2025-06-25T09:12:21.692+0000] {dag.py:3823} INFO - Setting next_dagrun for example_subdag_operator.section-2 to None, run_after=None
[2025-06-25T09:12:21.707+0000] {logging_mixin.py:188} INFO - [2025-06-25T09:12:21.707+0000] {dag.py:3036} INFO - Sync 2 DAGs
[2025-06-25T09:12:21.719+0000] {logging_mixin.py:188} INFO - [2025-06-25T09:12:21.719+0000] {dag.py:3823} INFO - Setting next_dagrun for example_subdag_operator.section-1 to None, run_after=None
[2025-06-25T09:12:21.720+0000] {logging_mixin.py:188} INFO - [2025-06-25T09:12:21.720+0000] {dag.py:3823} INFO - Setting next_dagrun for example_subdag_operator.section-2 to None, run_after=None
[2025-06-25T09:12:21.746+0000] {processor.py:183} INFO - Processing /home/airflow/.local/lib/python3.8/site-packages/airflow/example_dags/example_subdag_operator.py took 0.191 seconds
[2025-06-25T09:12:52.335+0000] {processor.py:161} INFO - Started process (PID=1200) to work on /home/airflow/.local/lib/python3.8/site-packages/airflow/example_dags/example_subdag_operator.py
[2025-06-25T09:12:52.337+0000] {processor.py:830} INFO - Processing file /home/airflow/.local/lib/python3.8/site-packages/airflow/example_dags/example_subdag_operator.py for tasks to queue
[2025-06-25T09:12:52.340+0000] {logging_mixin.py:188} INFO - [2025-06-25T09:12:52.339+0000] {dagbag.py:538} INFO - Filling up the DagBag from /home/airflow/.local/lib/python3.8/site-packages/airflow/example_dags/example_subdag_operator.py
[2025-06-25T09:12:52.405+0000] {processor.py:840} INFO - DAG(s) 'example_subdag_operator.section-1', 'example_subdag_operator.section-2', 'example_subdag_operator' retrieved from /home/airflow/.local/lib/python3.8/site-packages/airflow/example_dags/example_subdag_operator.py
[2025-06-25T09:12:52.441+0000] {logging_mixin.py:188} INFO - [2025-06-25T09:12:52.440+0000] {dag.py:3036} INFO - Sync 3 DAGs
[2025-06-25T09:12:52.491+0000] {logging_mixin.py:188} INFO - [2025-06-25T09:12:52.491+0000] {dag.py:3823} INFO - Setting next_dagrun for example_subdag_operator to 2022-01-01 00:00:00+00:00, run_after=2022-01-01 00:00:00+00:00
[2025-06-25T09:12:52.499+0000] {logging_mixin.py:188} INFO - [2025-06-25T09:12:52.499+0000] {dag.py:3823} INFO - Setting next_dagrun for example_subdag_operator.section-1 to None, run_after=None
[2025-06-25T09:12:52.503+0000] {logging_mixin.py:188} INFO - [2025-06-25T09:12:52.503+0000] {dag.py:3823} INFO - Setting next_dagrun for example_subdag_operator.section-2 to None, run_after=None
[2025-06-25T09:12:52.520+0000] {logging_mixin.py:188} INFO - [2025-06-25T09:12:52.520+0000] {dag.py:3036} INFO - Sync 2 DAGs
[2025-06-25T09:12:52.532+0000] {logging_mixin.py:188} INFO - [2025-06-25T09:12:52.531+0000] {dag.py:3823} INFO - Setting next_dagrun for example_subdag_operator.section-1 to None, run_after=None
[2025-06-25T09:12:52.533+0000] {logging_mixin.py:188} INFO - [2025-06-25T09:12:52.532+0000] {dag.py:3823} INFO - Setting next_dagrun for example_subdag_operator.section-2 to None, run_after=None
[2025-06-25T09:12:52.556+0000] {processor.py:183} INFO - Processing /home/airflow/.local/lib/python3.8/site-packages/airflow/example_dags/example_subdag_operator.py took 0.227 seconds
[2025-06-25T09:13:23.249+0000] {processor.py:161} INFO - Started process (PID=1266) to work on /home/airflow/.local/lib/python3.8/site-packages/airflow/example_dags/example_subdag_operator.py
[2025-06-25T09:13:23.252+0000] {processor.py:830} INFO - Processing file /home/airflow/.local/lib/python3.8/site-packages/airflow/example_dags/example_subdag_operator.py for tasks to queue
[2025-06-25T09:13:23.255+0000] {logging_mixin.py:188} INFO - [2025-06-25T09:13:23.255+0000] {dagbag.py:538} INFO - Filling up the DagBag from /home/airflow/.local/lib/python3.8/site-packages/airflow/example_dags/example_subdag_operator.py
[2025-06-25T09:13:23.311+0000] {processor.py:840} INFO - DAG(s) 'example_subdag_operator.section-1', 'example_subdag_operator.section-2', 'example_subdag_operator' retrieved from /home/airflow/.local/lib/python3.8/site-packages/airflow/example_dags/example_subdag_operator.py
[2025-06-25T09:13:23.352+0000] {logging_mixin.py:188} INFO - [2025-06-25T09:13:23.351+0000] {dag.py:3036} INFO - Sync 3 DAGs
[2025-06-25T09:13:23.413+0000] {logging_mixin.py:188} INFO - [2025-06-25T09:13:23.413+0000] {dag.py:3823} INFO - Setting next_dagrun for example_subdag_operator to 2022-01-01 00:00:00+00:00, run_after=2022-01-01 00:00:00+00:00
[2025-06-25T09:13:23.424+0000] {logging_mixin.py:188} INFO - [2025-06-25T09:13:23.424+0000] {dag.py:3823} INFO - Setting next_dagrun for example_subdag_operator.section-1 to None, run_after=None
[2025-06-25T09:13:23.428+0000] {logging_mixin.py:188} INFO - [2025-06-25T09:13:23.427+0000] {dag.py:3823} INFO - Setting next_dagrun for example_subdag_operator.section-2 to None, run_after=None
[2025-06-25T09:13:23.446+0000] {logging_mixin.py:188} INFO - [2025-06-25T09:13:23.446+0000] {dag.py:3036} INFO - Sync 2 DAGs
[2025-06-25T09:13:23.462+0000] {logging_mixin.py:188} INFO - [2025-06-25T09:13:23.461+0000] {dag.py:3823} INFO - Setting next_dagrun for example_subdag_operator.section-1 to None, run_after=None
[2025-06-25T09:13:23.463+0000] {logging_mixin.py:188} INFO - [2025-06-25T09:13:23.463+0000] {dag.py:3823} INFO - Setting next_dagrun for example_subdag_operator.section-2 to None, run_after=None
[2025-06-25T09:13:23.490+0000] {processor.py:183} INFO - Processing /home/airflow/.local/lib/python3.8/site-packages/airflow/example_dags/example_subdag_operator.py took 0.248 seconds
[2025-06-25T09:13:54.370+0000] {processor.py:161} INFO - Started process (PID=1332) to work on /home/airflow/.local/lib/python3.8/site-packages/airflow/example_dags/example_subdag_operator.py
[2025-06-25T09:13:54.373+0000] {processor.py:830} INFO - Processing file /home/airflow/.local/lib/python3.8/site-packages/airflow/example_dags/example_subdag_operator.py for tasks to queue
[2025-06-25T09:13:54.376+0000] {logging_mixin.py:188} INFO - [2025-06-25T09:13:54.376+0000] {dagbag.py:538} INFO - Filling up the DagBag from /home/airflow/.local/lib/python3.8/site-packages/airflow/example_dags/example_subdag_operator.py
[2025-06-25T09:13:54.544+0000] {processor.py:840} INFO - DAG(s) 'example_subdag_operator.section-1', 'example_subdag_operator.section-2', 'example_subdag_operator' retrieved from /home/airflow/.local/lib/python3.8/site-packages/airflow/example_dags/example_subdag_operator.py
[2025-06-25T09:13:54.710+0000] {logging_mixin.py:188} INFO - [2025-06-25T09:13:54.709+0000] {dag.py:3036} INFO - Sync 3 DAGs
[2025-06-25T09:13:54.880+0000] {logging_mixin.py:188} INFO - [2025-06-25T09:13:54.880+0000] {dag.py:3823} INFO - Setting next_dagrun for example_subdag_operator to 2022-01-01 00:00:00+00:00, run_after=2022-01-01 00:00:00+00:00
[2025-06-25T09:13:54.888+0000] {logging_mixin.py:188} INFO - [2025-06-25T09:13:54.888+0000] {dag.py:3823} INFO - Setting next_dagrun for example_subdag_operator.section-1 to None, run_after=None
[2025-06-25T09:13:54.898+0000] {logging_mixin.py:188} INFO - [2025-06-25T09:13:54.898+0000] {dag.py:3823} INFO - Setting next_dagrun for example_subdag_operator.section-2 to None, run_after=None
[2025-06-25T09:13:54.927+0000] {logging_mixin.py:188} INFO - [2025-06-25T09:13:54.926+0000] {dag.py:3036} INFO - Sync 2 DAGs
[2025-06-25T09:13:54.944+0000] {logging_mixin.py:188} INFO - [2025-06-25T09:13:54.943+0000] {dag.py:3823} INFO - Setting next_dagrun for example_subdag_operator.section-1 to None, run_after=None
[2025-06-25T09:13:54.950+0000] {logging_mixin.py:188} INFO - [2025-06-25T09:13:54.950+0000] {dag.py:3823} INFO - Setting next_dagrun for example_subdag_operator.section-2 to None, run_after=None
[2025-06-25T09:13:55.031+0000] {processor.py:183} INFO - Processing /home/airflow/.local/lib/python3.8/site-packages/airflow/example_dags/example_subdag_operator.py took 0.713 seconds
[2025-06-25T09:14:25.557+0000] {processor.py:161} INFO - Started process (PID=1397) to work on /home/airflow/.local/lib/python3.8/site-packages/airflow/example_dags/example_subdag_operator.py
[2025-06-25T09:14:25.560+0000] {processor.py:830} INFO - Processing file /home/airflow/.local/lib/python3.8/site-packages/airflow/example_dags/example_subdag_operator.py for tasks to queue
[2025-06-25T09:14:25.564+0000] {logging_mixin.py:188} INFO - [2025-06-25T09:14:25.563+0000] {dagbag.py:538} INFO - Filling up the DagBag from /home/airflow/.local/lib/python3.8/site-packages/airflow/example_dags/example_subdag_operator.py
[2025-06-25T09:14:25.731+0000] {processor.py:840} INFO - DAG(s) 'example_subdag_operator.section-1', 'example_subdag_operator.section-2', 'example_subdag_operator' retrieved from /home/airflow/.local/lib/python3.8/site-packages/airflow/example_dags/example_subdag_operator.py
[2025-06-25T09:14:25.834+0000] {logging_mixin.py:188} INFO - [2025-06-25T09:14:25.833+0000] {dag.py:3036} INFO - Sync 3 DAGs
[2025-06-25T09:14:25.924+0000] {logging_mixin.py:188} INFO - [2025-06-25T09:14:25.923+0000] {dag.py:3823} INFO - Setting next_dagrun for example_subdag_operator to 2022-01-01 00:00:00+00:00, run_after=2022-01-01 00:00:00+00:00
[2025-06-25T09:14:25.955+0000] {logging_mixin.py:188} INFO - [2025-06-25T09:14:25.954+0000] {dag.py:3823} INFO - Setting next_dagrun for example_subdag_operator.section-1 to None, run_after=None
[2025-06-25T09:14:25.960+0000] {logging_mixin.py:188} INFO - [2025-06-25T09:14:25.959+0000] {dag.py:3823} INFO - Setting next_dagrun for example_subdag_operator.section-2 to None, run_after=None
[2025-06-25T09:14:25.991+0000] {logging_mixin.py:188} INFO - [2025-06-25T09:14:25.991+0000] {dag.py:3036} INFO - Sync 2 DAGs
[2025-06-25T09:14:26.021+0000] {logging_mixin.py:188} INFO - [2025-06-25T09:14:26.020+0000] {dag.py:3823} INFO - Setting next_dagrun for example_subdag_operator.section-1 to None, run_after=None
[2025-06-25T09:14:26.022+0000] {logging_mixin.py:188} INFO - [2025-06-25T09:14:26.022+0000] {dag.py:3823} INFO - Setting next_dagrun for example_subdag_operator.section-2 to None, run_after=None
[2025-06-25T09:14:26.068+0000] {processor.py:183} INFO - Processing /home/airflow/.local/lib/python3.8/site-packages/airflow/example_dags/example_subdag_operator.py took 0.533 seconds
[2025-06-25T09:14:56.332+0000] {processor.py:161} INFO - Started process (PID=1461) to work on /home/airflow/.local/lib/python3.8/site-packages/airflow/example_dags/example_subdag_operator.py
[2025-06-25T09:14:56.334+0000] {processor.py:830} INFO - Processing file /home/airflow/.local/lib/python3.8/site-packages/airflow/example_dags/example_subdag_operator.py for tasks to queue
[2025-06-25T09:14:56.337+0000] {logging_mixin.py:188} INFO - [2025-06-25T09:14:56.337+0000] {dagbag.py:538} INFO - Filling up the DagBag from /home/airflow/.local/lib/python3.8/site-packages/airflow/example_dags/example_subdag_operator.py
[2025-06-25T09:14:56.393+0000] {processor.py:840} INFO - DAG(s) 'example_subdag_operator.section-1', 'example_subdag_operator.section-2', 'example_subdag_operator' retrieved from /home/airflow/.local/lib/python3.8/site-packages/airflow/example_dags/example_subdag_operator.py
[2025-06-25T09:14:56.438+0000] {logging_mixin.py:188} INFO - [2025-06-25T09:14:56.435+0000] {dag.py:3036} INFO - Sync 3 DAGs
[2025-06-25T09:14:56.521+0000] {logging_mixin.py:188} INFO - [2025-06-25T09:14:56.521+0000] {dag.py:3823} INFO - Setting next_dagrun for example_subdag_operator to 2022-01-01 00:00:00+00:00, run_after=2022-01-01 00:00:00+00:00
[2025-06-25T09:14:56.532+0000] {logging_mixin.py:188} INFO - [2025-06-25T09:14:56.531+0000] {dag.py:3823} INFO - Setting next_dagrun for example_subdag_operator.section-1 to None, run_after=None
[2025-06-25T09:14:56.541+0000] {logging_mixin.py:188} INFO - [2025-06-25T09:14:56.540+0000] {dag.py:3823} INFO - Setting next_dagrun for example_subdag_operator.section-2 to None, run_after=None
[2025-06-25T09:14:56.560+0000] {logging_mixin.py:188} INFO - [2025-06-25T09:14:56.559+0000] {dag.py:3036} INFO - Sync 2 DAGs
[2025-06-25T09:14:56.575+0000] {logging_mixin.py:188} INFO - [2025-06-25T09:14:56.575+0000] {dag.py:3823} INFO - Setting next_dagrun for example_subdag_operator.section-1 to None, run_after=None
[2025-06-25T09:14:56.577+0000] {logging_mixin.py:188} INFO - [2025-06-25T09:14:56.576+0000] {dag.py:3823} INFO - Setting next_dagrun for example_subdag_operator.section-2 to None, run_after=None
[2025-06-25T09:14:56.675+0000] {processor.py:183} INFO - Processing /home/airflow/.local/lib/python3.8/site-packages/airflow/example_dags/example_subdag_operator.py took 0.350 seconds
[2025-06-25T09:15:26.798+0000] {processor.py:161} INFO - Started process (PID=1519) to work on /home/airflow/.local/lib/python3.8/site-packages/airflow/example_dags/example_subdag_operator.py
[2025-06-25T09:15:26.803+0000] {processor.py:830} INFO - Processing file /home/airflow/.local/lib/python3.8/site-packages/airflow/example_dags/example_subdag_operator.py for tasks to queue
[2025-06-25T09:15:26.820+0000] {logging_mixin.py:188} INFO - [2025-06-25T09:15:26.819+0000] {dagbag.py:538} INFO - Filling up the DagBag from /home/airflow/.local/lib/python3.8/site-packages/airflow/example_dags/example_subdag_operator.py
[2025-06-25T09:15:26.959+0000] {processor.py:840} INFO - DAG(s) 'example_subdag_operator.section-1', 'example_subdag_operator.section-2', 'example_subdag_operator' retrieved from /home/airflow/.local/lib/python3.8/site-packages/airflow/example_dags/example_subdag_operator.py
[2025-06-25T09:15:27.032+0000] {logging_mixin.py:188} INFO - [2025-06-25T09:15:27.032+0000] {dag.py:3036} INFO - Sync 3 DAGs
[2025-06-25T09:15:27.103+0000] {logging_mixin.py:188} INFO - [2025-06-25T09:15:27.103+0000] {dag.py:3823} INFO - Setting next_dagrun for example_subdag_operator to 2022-01-01 00:00:00+00:00, run_after=2022-01-01 00:00:00+00:00
[2025-06-25T09:15:27.111+0000] {logging_mixin.py:188} INFO - [2025-06-25T09:15:27.111+0000] {dag.py:3823} INFO - Setting next_dagrun for example_subdag_operator.section-1 to None, run_after=None
[2025-06-25T09:15:27.114+0000] {logging_mixin.py:188} INFO - [2025-06-25T09:15:27.113+0000] {dag.py:3823} INFO - Setting next_dagrun for example_subdag_operator.section-2 to None, run_after=None
[2025-06-25T09:15:27.131+0000] {logging_mixin.py:188} INFO - [2025-06-25T09:15:27.131+0000] {dag.py:3036} INFO - Sync 2 DAGs
[2025-06-25T09:15:27.144+0000] {logging_mixin.py:188} INFO - [2025-06-25T09:15:27.143+0000] {dag.py:3823} INFO - Setting next_dagrun for example_subdag_operator.section-1 to None, run_after=None
[2025-06-25T09:15:27.144+0000] {logging_mixin.py:188} INFO - [2025-06-25T09:15:27.144+0000] {dag.py:3823} INFO - Setting next_dagrun for example_subdag_operator.section-2 to None, run_after=None
[2025-06-25T09:15:27.178+0000] {processor.py:183} INFO - Processing /home/airflow/.local/lib/python3.8/site-packages/airflow/example_dags/example_subdag_operator.py took 0.387 seconds
[2025-06-25T09:15:57.862+0000] {processor.py:161} INFO - Started process (PID=1584) to work on /home/airflow/.local/lib/python3.8/site-packages/airflow/example_dags/example_subdag_operator.py
[2025-06-25T09:15:57.865+0000] {processor.py:830} INFO - Processing file /home/airflow/.local/lib/python3.8/site-packages/airflow/example_dags/example_subdag_operator.py for tasks to queue
[2025-06-25T09:15:57.868+0000] {logging_mixin.py:188} INFO - [2025-06-25T09:15:57.868+0000] {dagbag.py:538} INFO - Filling up the DagBag from /home/airflow/.local/lib/python3.8/site-packages/airflow/example_dags/example_subdag_operator.py
[2025-06-25T09:15:57.918+0000] {processor.py:840} INFO - DAG(s) 'example_subdag_operator.section-1', 'example_subdag_operator.section-2', 'example_subdag_operator' retrieved from /home/airflow/.local/lib/python3.8/site-packages/airflow/example_dags/example_subdag_operator.py
[2025-06-25T09:15:57.965+0000] {logging_mixin.py:188} INFO - [2025-06-25T09:15:57.964+0000] {dag.py:3036} INFO - Sync 3 DAGs
[2025-06-25T09:15:58.024+0000] {logging_mixin.py:188} INFO - [2025-06-25T09:15:58.022+0000] {dag.py:3823} INFO - Setting next_dagrun for example_subdag_operator to 2022-01-01 00:00:00+00:00, run_after=2022-01-01 00:00:00+00:00
[2025-06-25T09:15:58.033+0000] {logging_mixin.py:188} INFO - [2025-06-25T09:15:58.032+0000] {dag.py:3823} INFO - Setting next_dagrun for example_subdag_operator.section-1 to None, run_after=None
[2025-06-25T09:15:58.036+0000] {logging_mixin.py:188} INFO - [2025-06-25T09:15:58.035+0000] {dag.py:3823} INFO - Setting next_dagrun for example_subdag_operator.section-2 to None, run_after=None
[2025-06-25T09:15:58.052+0000] {logging_mixin.py:188} INFO - [2025-06-25T09:15:58.052+0000] {dag.py:3036} INFO - Sync 2 DAGs
[2025-06-25T09:15:58.068+0000] {logging_mixin.py:188} INFO - [2025-06-25T09:15:58.067+0000] {dag.py:3823} INFO - Setting next_dagrun for example_subdag_operator.section-1 to None, run_after=None
[2025-06-25T09:15:58.069+0000] {logging_mixin.py:188} INFO - [2025-06-25T09:15:58.069+0000] {dag.py:3823} INFO - Setting next_dagrun for example_subdag_operator.section-2 to None, run_after=None
[2025-06-25T09:15:58.105+0000] {processor.py:183} INFO - Processing /home/airflow/.local/lib/python3.8/site-packages/airflow/example_dags/example_subdag_operator.py took 0.262 seconds
[2025-06-25T09:16:28.675+0000] {processor.py:161} INFO - Started process (PID=1648) to work on /home/airflow/.local/lib/python3.8/site-packages/airflow/example_dags/example_subdag_operator.py
[2025-06-25T09:16:28.677+0000] {processor.py:830} INFO - Processing file /home/airflow/.local/lib/python3.8/site-packages/airflow/example_dags/example_subdag_operator.py for tasks to queue
[2025-06-25T09:16:28.680+0000] {logging_mixin.py:188} INFO - [2025-06-25T09:16:28.679+0000] {dagbag.py:538} INFO - Filling up the DagBag from /home/airflow/.local/lib/python3.8/site-packages/airflow/example_dags/example_subdag_operator.py
[2025-06-25T09:16:28.732+0000] {processor.py:840} INFO - DAG(s) 'example_subdag_operator.section-1', 'example_subdag_operator.section-2', 'example_subdag_operator' retrieved from /home/airflow/.local/lib/python3.8/site-packages/airflow/example_dags/example_subdag_operator.py
[2025-06-25T09:16:28.765+0000] {logging_mixin.py:188} INFO - [2025-06-25T09:16:28.765+0000] {dag.py:3036} INFO - Sync 3 DAGs
[2025-06-25T09:16:28.815+0000] {logging_mixin.py:188} INFO - [2025-06-25T09:16:28.814+0000] {dag.py:3823} INFO - Setting next_dagrun for example_subdag_operator to 2022-01-01 00:00:00+00:00, run_after=2022-01-01 00:00:00+00:00
[2025-06-25T09:16:28.829+0000] {logging_mixin.py:188} INFO - [2025-06-25T09:16:28.829+0000] {dag.py:3823} INFO - Setting next_dagrun for example_subdag_operator.section-1 to None, run_after=None
[2025-06-25T09:16:28.833+0000] {logging_mixin.py:188} INFO - [2025-06-25T09:16:28.832+0000] {dag.py:3823} INFO - Setting next_dagrun for example_subdag_operator.section-2 to None, run_after=None
[2025-06-25T09:16:28.857+0000] {logging_mixin.py:188} INFO - [2025-06-25T09:16:28.857+0000] {dag.py:3036} INFO - Sync 2 DAGs
[2025-06-25T09:16:28.875+0000] {logging_mixin.py:188} INFO - [2025-06-25T09:16:28.873+0000] {dag.py:3823} INFO - Setting next_dagrun for example_subdag_operator.section-1 to None, run_after=None
[2025-06-25T09:16:28.876+0000] {logging_mixin.py:188} INFO - [2025-06-25T09:16:28.876+0000] {dag.py:3823} INFO - Setting next_dagrun for example_subdag_operator.section-2 to None, run_after=None
[2025-06-25T09:16:28.940+0000] {processor.py:183} INFO - Processing /home/airflow/.local/lib/python3.8/site-packages/airflow/example_dags/example_subdag_operator.py took 0.287 seconds
[2025-06-25T09:16:59.219+0000] {processor.py:161} INFO - Started process (PID=1713) to work on /home/airflow/.local/lib/python3.8/site-packages/airflow/example_dags/example_subdag_operator.py
[2025-06-25T09:16:59.222+0000] {processor.py:830} INFO - Processing file /home/airflow/.local/lib/python3.8/site-packages/airflow/example_dags/example_subdag_operator.py for tasks to queue
[2025-06-25T09:16:59.237+0000] {logging_mixin.py:188} INFO - [2025-06-25T09:16:59.236+0000] {dagbag.py:538} INFO - Filling up the DagBag from /home/airflow/.local/lib/python3.8/site-packages/airflow/example_dags/example_subdag_operator.py
[2025-06-25T09:16:59.331+0000] {processor.py:840} INFO - DAG(s) 'example_subdag_operator.section-1', 'example_subdag_operator.section-2', 'example_subdag_operator' retrieved from /home/airflow/.local/lib/python3.8/site-packages/airflow/example_dags/example_subdag_operator.py
[2025-06-25T09:16:59.379+0000] {logging_mixin.py:188} INFO - [2025-06-25T09:16:59.378+0000] {dag.py:3036} INFO - Sync 3 DAGs
[2025-06-25T09:16:59.434+0000] {logging_mixin.py:188} INFO - [2025-06-25T09:16:59.433+0000] {dag.py:3823} INFO - Setting next_dagrun for example_subdag_operator to 2022-01-01 00:00:00+00:00, run_after=2022-01-01 00:00:00+00:00
[2025-06-25T09:16:59.443+0000] {logging_mixin.py:188} INFO - [2025-06-25T09:16:59.443+0000] {dag.py:3823} INFO - Setting next_dagrun for example_subdag_operator.section-1 to None, run_after=None
[2025-06-25T09:16:59.448+0000] {logging_mixin.py:188} INFO - [2025-06-25T09:16:59.447+0000] {dag.py:3823} INFO - Setting next_dagrun for example_subdag_operator.section-2 to None, run_after=None
[2025-06-25T09:16:59.466+0000] {logging_mixin.py:188} INFO - [2025-06-25T09:16:59.466+0000] {dag.py:3036} INFO - Sync 2 DAGs
[2025-06-25T09:16:59.480+0000] {logging_mixin.py:188} INFO - [2025-06-25T09:16:59.480+0000] {dag.py:3823} INFO - Setting next_dagrun for example_subdag_operator.section-1 to None, run_after=None
[2025-06-25T09:16:59.481+0000] {logging_mixin.py:188} INFO - [2025-06-25T09:16:59.481+0000] {dag.py:3823} INFO - Setting next_dagrun for example_subdag_operator.section-2 to None, run_after=None
[2025-06-25T09:16:59.515+0000] {processor.py:183} INFO - Processing /home/airflow/.local/lib/python3.8/site-packages/airflow/example_dags/example_subdag_operator.py took 0.310 seconds
[2025-06-25T09:17:29.627+0000] {processor.py:161} INFO - Started process (PID=1779) to work on /home/airflow/.local/lib/python3.8/site-packages/airflow/example_dags/example_subdag_operator.py
[2025-06-25T09:17:29.637+0000] {processor.py:830} INFO - Processing file /home/airflow/.local/lib/python3.8/site-packages/airflow/example_dags/example_subdag_operator.py for tasks to queue
[2025-06-25T09:17:29.642+0000] {logging_mixin.py:188} INFO - [2025-06-25T09:17:29.642+0000] {dagbag.py:538} INFO - Filling up the DagBag from /home/airflow/.local/lib/python3.8/site-packages/airflow/example_dags/example_subdag_operator.py
[2025-06-25T09:17:29.710+0000] {processor.py:840} INFO - DAG(s) 'example_subdag_operator.section-1', 'example_subdag_operator.section-2', 'example_subdag_operator' retrieved from /home/airflow/.local/lib/python3.8/site-packages/airflow/example_dags/example_subdag_operator.py
[2025-06-25T09:17:29.758+0000] {logging_mixin.py:188} INFO - [2025-06-25T09:17:29.757+0000] {dag.py:3036} INFO - Sync 3 DAGs
[2025-06-25T09:17:29.814+0000] {logging_mixin.py:188} INFO - [2025-06-25T09:17:29.814+0000] {dag.py:3823} INFO - Setting next_dagrun for example_subdag_operator to 2022-01-01 00:00:00+00:00, run_after=2022-01-01 00:00:00+00:00
[2025-06-25T09:17:29.823+0000] {logging_mixin.py:188} INFO - [2025-06-25T09:17:29.822+0000] {dag.py:3823} INFO - Setting next_dagrun for example_subdag_operator.section-1 to None, run_after=None
[2025-06-25T09:17:29.827+0000] {logging_mixin.py:188} INFO - [2025-06-25T09:17:29.826+0000] {dag.py:3823} INFO - Setting next_dagrun for example_subdag_operator.section-2 to None, run_after=None
[2025-06-25T09:17:29.849+0000] {logging_mixin.py:188} INFO - [2025-06-25T09:17:29.849+0000] {dag.py:3036} INFO - Sync 2 DAGs
[2025-06-25T09:17:29.863+0000] {logging_mixin.py:188} INFO - [2025-06-25T09:17:29.862+0000] {dag.py:3823} INFO - Setting next_dagrun for example_subdag_operator.section-1 to None, run_after=None
[2025-06-25T09:17:29.864+0000] {logging_mixin.py:188} INFO - [2025-06-25T09:17:29.863+0000] {dag.py:3823} INFO - Setting next_dagrun for example_subdag_operator.section-2 to None, run_after=None
[2025-06-25T09:17:29.887+0000] {processor.py:183} INFO - Processing /home/airflow/.local/lib/python3.8/site-packages/airflow/example_dags/example_subdag_operator.py took 0.266 seconds
[2025-06-25T09:18:00.260+0000] {processor.py:161} INFO - Started process (PID=1843) to work on /home/airflow/.local/lib/python3.8/site-packages/airflow/example_dags/example_subdag_operator.py
[2025-06-25T09:18:00.263+0000] {processor.py:830} INFO - Processing file /home/airflow/.local/lib/python3.8/site-packages/airflow/example_dags/example_subdag_operator.py for tasks to queue
[2025-06-25T09:18:00.270+0000] {logging_mixin.py:188} INFO - [2025-06-25T09:18:00.269+0000] {dagbag.py:538} INFO - Filling up the DagBag from /home/airflow/.local/lib/python3.8/site-packages/airflow/example_dags/example_subdag_operator.py
[2025-06-25T09:18:00.341+0000] {processor.py:840} INFO - DAG(s) 'example_subdag_operator.section-1', 'example_subdag_operator.section-2', 'example_subdag_operator' retrieved from /home/airflow/.local/lib/python3.8/site-packages/airflow/example_dags/example_subdag_operator.py
[2025-06-25T09:18:00.375+0000] {logging_mixin.py:188} INFO - [2025-06-25T09:18:00.375+0000] {dag.py:3036} INFO - Sync 3 DAGs
[2025-06-25T09:18:00.420+0000] {logging_mixin.py:188} INFO - [2025-06-25T09:18:00.420+0000] {dag.py:3823} INFO - Setting next_dagrun for example_subdag_operator to 2022-01-01 00:00:00+00:00, run_after=2022-01-01 00:00:00+00:00
[2025-06-25T09:18:00.428+0000] {logging_mixin.py:188} INFO - [2025-06-25T09:18:00.427+0000] {dag.py:3823} INFO - Setting next_dagrun for example_subdag_operator.section-1 to None, run_after=None
[2025-06-25T09:18:00.431+0000] {logging_mixin.py:188} INFO - [2025-06-25T09:18:00.431+0000] {dag.py:3823} INFO - Setting next_dagrun for example_subdag_operator.section-2 to None, run_after=None
[2025-06-25T09:18:00.445+0000] {logging_mixin.py:188} INFO - [2025-06-25T09:18:00.445+0000] {dag.py:3036} INFO - Sync 2 DAGs
[2025-06-25T09:18:00.457+0000] {logging_mixin.py:188} INFO - [2025-06-25T09:18:00.457+0000] {dag.py:3823} INFO - Setting next_dagrun for example_subdag_operator.section-1 to None, run_after=None
[2025-06-25T09:18:00.458+0000] {logging_mixin.py:188} INFO - [2025-06-25T09:18:00.458+0000] {dag.py:3823} INFO - Setting next_dagrun for example_subdag_operator.section-2 to None, run_after=None
[2025-06-25T09:18:00.483+0000] {processor.py:183} INFO - Processing /home/airflow/.local/lib/python3.8/site-packages/airflow/example_dags/example_subdag_operator.py took 0.232 seconds
[2025-06-25T09:18:30.796+0000] {processor.py:161} INFO - Started process (PID=1909) to work on /home/airflow/.local/lib/python3.8/site-packages/airflow/example_dags/example_subdag_operator.py
[2025-06-25T09:18:30.799+0000] {processor.py:830} INFO - Processing file /home/airflow/.local/lib/python3.8/site-packages/airflow/example_dags/example_subdag_operator.py for tasks to queue
[2025-06-25T09:18:30.804+0000] {logging_mixin.py:188} INFO - [2025-06-25T09:18:30.803+0000] {dagbag.py:538} INFO - Filling up the DagBag from /home/airflow/.local/lib/python3.8/site-packages/airflow/example_dags/example_subdag_operator.py
[2025-06-25T09:18:30.861+0000] {processor.py:840} INFO - DAG(s) 'example_subdag_operator.section-1', 'example_subdag_operator.section-2', 'example_subdag_operator' retrieved from /home/airflow/.local/lib/python3.8/site-packages/airflow/example_dags/example_subdag_operator.py
[2025-06-25T09:18:30.940+0000] {logging_mixin.py:188} INFO - [2025-06-25T09:18:30.932+0000] {dag.py:3036} INFO - Sync 3 DAGs
[2025-06-25T09:18:30.993+0000] {logging_mixin.py:188} INFO - [2025-06-25T09:18:30.993+0000] {dag.py:3823} INFO - Setting next_dagrun for example_subdag_operator to 2022-01-01 00:00:00+00:00, run_after=2022-01-01 00:00:00+00:00
[2025-06-25T09:18:31.001+0000] {logging_mixin.py:188} INFO - [2025-06-25T09:18:31.000+0000] {dag.py:3823} INFO - Setting next_dagrun for example_subdag_operator.section-1 to None, run_after=None
[2025-06-25T09:18:31.004+0000] {logging_mixin.py:188} INFO - [2025-06-25T09:18:31.003+0000] {dag.py:3823} INFO - Setting next_dagrun for example_subdag_operator.section-2 to None, run_after=None
[2025-06-25T09:18:31.017+0000] {logging_mixin.py:188} INFO - [2025-06-25T09:18:31.017+0000] {dag.py:3036} INFO - Sync 2 DAGs
[2025-06-25T09:18:31.028+0000] {logging_mixin.py:188} INFO - [2025-06-25T09:18:31.028+0000] {dag.py:3823} INFO - Setting next_dagrun for example_subdag_operator.section-1 to None, run_after=None
[2025-06-25T09:18:31.029+0000] {logging_mixin.py:188} INFO - [2025-06-25T09:18:31.029+0000] {dag.py:3823} INFO - Setting next_dagrun for example_subdag_operator.section-2 to None, run_after=None
[2025-06-25T09:18:31.050+0000] {processor.py:183} INFO - Processing /home/airflow/.local/lib/python3.8/site-packages/airflow/example_dags/example_subdag_operator.py took 0.261 seconds
[2025-06-25T09:19:01.269+0000] {processor.py:161} INFO - Started process (PID=1974) to work on /home/airflow/.local/lib/python3.8/site-packages/airflow/example_dags/example_subdag_operator.py
[2025-06-25T09:19:01.271+0000] {processor.py:830} INFO - Processing file /home/airflow/.local/lib/python3.8/site-packages/airflow/example_dags/example_subdag_operator.py for tasks to queue
[2025-06-25T09:19:01.274+0000] {logging_mixin.py:188} INFO - [2025-06-25T09:19:01.274+0000] {dagbag.py:538} INFO - Filling up the DagBag from /home/airflow/.local/lib/python3.8/site-packages/airflow/example_dags/example_subdag_operator.py
[2025-06-25T09:19:01.327+0000] {processor.py:840} INFO - DAG(s) 'example_subdag_operator.section-1', 'example_subdag_operator.section-2', 'example_subdag_operator' retrieved from /home/airflow/.local/lib/python3.8/site-packages/airflow/example_dags/example_subdag_operator.py
[2025-06-25T09:19:01.362+0000] {logging_mixin.py:188} INFO - [2025-06-25T09:19:01.362+0000] {dag.py:3036} INFO - Sync 3 DAGs
[2025-06-25T09:19:01.426+0000] {logging_mixin.py:188} INFO - [2025-06-25T09:19:01.425+0000] {dag.py:3823} INFO - Setting next_dagrun for example_subdag_operator to 2022-01-01 00:00:00+00:00, run_after=2022-01-01 00:00:00+00:00
[2025-06-25T09:19:01.436+0000] {logging_mixin.py:188} INFO - [2025-06-25T09:19:01.436+0000] {dag.py:3823} INFO - Setting next_dagrun for example_subdag_operator.section-1 to None, run_after=None
[2025-06-25T09:19:01.439+0000] {logging_mixin.py:188} INFO - [2025-06-25T09:19:01.439+0000] {dag.py:3823} INFO - Setting next_dagrun for example_subdag_operator.section-2 to None, run_after=None
[2025-06-25T09:19:01.458+0000] {logging_mixin.py:188} INFO - [2025-06-25T09:19:01.457+0000] {dag.py:3036} INFO - Sync 2 DAGs
[2025-06-25T09:19:01.467+0000] {logging_mixin.py:188} INFO - [2025-06-25T09:19:01.467+0000] {dag.py:3823} INFO - Setting next_dagrun for example_subdag_operator.section-1 to None, run_after=None
[2025-06-25T09:19:01.468+0000] {logging_mixin.py:188} INFO - [2025-06-25T09:19:01.468+0000] {dag.py:3823} INFO - Setting next_dagrun for example_subdag_operator.section-2 to None, run_after=None
[2025-06-25T09:19:01.499+0000] {processor.py:183} INFO - Processing /home/airflow/.local/lib/python3.8/site-packages/airflow/example_dags/example_subdag_operator.py took 0.238 seconds
[2025-06-25T09:19:31.742+0000] {processor.py:161} INFO - Started process (PID=2039) to work on /home/airflow/.local/lib/python3.8/site-packages/airflow/example_dags/example_subdag_operator.py
[2025-06-25T09:19:31.744+0000] {processor.py:830} INFO - Processing file /home/airflow/.local/lib/python3.8/site-packages/airflow/example_dags/example_subdag_operator.py for tasks to queue
[2025-06-25T09:19:31.747+0000] {logging_mixin.py:188} INFO - [2025-06-25T09:19:31.746+0000] {dagbag.py:538} INFO - Filling up the DagBag from /home/airflow/.local/lib/python3.8/site-packages/airflow/example_dags/example_subdag_operator.py
[2025-06-25T09:19:31.787+0000] {processor.py:840} INFO - DAG(s) 'example_subdag_operator.section-1', 'example_subdag_operator.section-2', 'example_subdag_operator' retrieved from /home/airflow/.local/lib/python3.8/site-packages/airflow/example_dags/example_subdag_operator.py
[2025-06-25T09:19:31.814+0000] {logging_mixin.py:188} INFO - [2025-06-25T09:19:31.813+0000] {dag.py:3036} INFO - Sync 3 DAGs
[2025-06-25T09:19:31.853+0000] {logging_mixin.py:188} INFO - [2025-06-25T09:19:31.852+0000] {dag.py:3823} INFO - Setting next_dagrun for example_subdag_operator to 2022-01-01 00:00:00+00:00, run_after=2022-01-01 00:00:00+00:00
[2025-06-25T09:19:31.859+0000] {logging_mixin.py:188} INFO - [2025-06-25T09:19:31.859+0000] {dag.py:3823} INFO - Setting next_dagrun for example_subdag_operator.section-1 to None, run_after=None
[2025-06-25T09:19:31.862+0000] {logging_mixin.py:188} INFO - [2025-06-25T09:19:31.862+0000] {dag.py:3823} INFO - Setting next_dagrun for example_subdag_operator.section-2 to None, run_after=None
[2025-06-25T09:19:31.877+0000] {logging_mixin.py:188} INFO - [2025-06-25T09:19:31.876+0000] {dag.py:3036} INFO - Sync 2 DAGs
[2025-06-25T09:19:31.887+0000] {logging_mixin.py:188} INFO - [2025-06-25T09:19:31.887+0000] {dag.py:3823} INFO - Setting next_dagrun for example_subdag_operator.section-1 to None, run_after=None
[2025-06-25T09:19:31.888+0000] {logging_mixin.py:188} INFO - [2025-06-25T09:19:31.888+0000] {dag.py:3823} INFO - Setting next_dagrun for example_subdag_operator.section-2 to None, run_after=None
[2025-06-25T09:19:31.910+0000] {processor.py:183} INFO - Processing /home/airflow/.local/lib/python3.8/site-packages/airflow/example_dags/example_subdag_operator.py took 0.173 seconds
[2025-06-25T09:20:02.050+0000] {processor.py:161} INFO - Started process (PID=2104) to work on /home/airflow/.local/lib/python3.8/site-packages/airflow/example_dags/example_subdag_operator.py
[2025-06-25T09:20:02.053+0000] {processor.py:830} INFO - Processing file /home/airflow/.local/lib/python3.8/site-packages/airflow/example_dags/example_subdag_operator.py for tasks to queue
[2025-06-25T09:20:02.055+0000] {logging_mixin.py:188} INFO - [2025-06-25T09:20:02.055+0000] {dagbag.py:538} INFO - Filling up the DagBag from /home/airflow/.local/lib/python3.8/site-packages/airflow/example_dags/example_subdag_operator.py
[2025-06-25T09:20:02.103+0000] {processor.py:840} INFO - DAG(s) 'example_subdag_operator.section-1', 'example_subdag_operator.section-2', 'example_subdag_operator' retrieved from /home/airflow/.local/lib/python3.8/site-packages/airflow/example_dags/example_subdag_operator.py
[2025-06-25T09:20:02.129+0000] {logging_mixin.py:188} INFO - [2025-06-25T09:20:02.129+0000] {dag.py:3036} INFO - Sync 3 DAGs
[2025-06-25T09:20:02.167+0000] {logging_mixin.py:188} INFO - [2025-06-25T09:20:02.166+0000] {dag.py:3823} INFO - Setting next_dagrun for example_subdag_operator to 2022-01-01 00:00:00+00:00, run_after=2022-01-01 00:00:00+00:00
[2025-06-25T09:20:02.173+0000] {logging_mixin.py:188} INFO - [2025-06-25T09:20:02.172+0000] {dag.py:3823} INFO - Setting next_dagrun for example_subdag_operator.section-1 to None, run_after=None
[2025-06-25T09:20:02.176+0000] {logging_mixin.py:188} INFO - [2025-06-25T09:20:02.175+0000] {dag.py:3823} INFO - Setting next_dagrun for example_subdag_operator.section-2 to None, run_after=None
[2025-06-25T09:20:02.187+0000] {logging_mixin.py:188} INFO - [2025-06-25T09:20:02.187+0000] {dag.py:3036} INFO - Sync 2 DAGs
[2025-06-25T09:20:02.196+0000] {logging_mixin.py:188} INFO - [2025-06-25T09:20:02.195+0000] {dag.py:3823} INFO - Setting next_dagrun for example_subdag_operator.section-1 to None, run_after=None
[2025-06-25T09:20:02.196+0000] {logging_mixin.py:188} INFO - [2025-06-25T09:20:02.196+0000] {dag.py:3823} INFO - Setting next_dagrun for example_subdag_operator.section-2 to None, run_after=None
[2025-06-25T09:20:02.223+0000] {processor.py:183} INFO - Processing /home/airflow/.local/lib/python3.8/site-packages/airflow/example_dags/example_subdag_operator.py took 0.179 seconds
[2025-06-25T09:20:32.535+0000] {processor.py:161} INFO - Started process (PID=2169) to work on /home/airflow/.local/lib/python3.8/site-packages/airflow/example_dags/example_subdag_operator.py
[2025-06-25T09:20:32.536+0000] {processor.py:830} INFO - Processing file /home/airflow/.local/lib/python3.8/site-packages/airflow/example_dags/example_subdag_operator.py for tasks to queue
[2025-06-25T09:20:32.538+0000] {logging_mixin.py:188} INFO - [2025-06-25T09:20:32.538+0000] {dagbag.py:538} INFO - Filling up the DagBag from /home/airflow/.local/lib/python3.8/site-packages/airflow/example_dags/example_subdag_operator.py
[2025-06-25T09:20:32.575+0000] {processor.py:840} INFO - DAG(s) 'example_subdag_operator.section-1', 'example_subdag_operator.section-2', 'example_subdag_operator' retrieved from /home/airflow/.local/lib/python3.8/site-packages/airflow/example_dags/example_subdag_operator.py
[2025-06-25T09:20:32.600+0000] {logging_mixin.py:188} INFO - [2025-06-25T09:20:32.599+0000] {dag.py:3036} INFO - Sync 3 DAGs
[2025-06-25T09:20:32.632+0000] {logging_mixin.py:188} INFO - [2025-06-25T09:20:32.631+0000] {dag.py:3823} INFO - Setting next_dagrun for example_subdag_operator to 2022-01-01 00:00:00+00:00, run_after=2022-01-01 00:00:00+00:00
[2025-06-25T09:20:32.637+0000] {logging_mixin.py:188} INFO - [2025-06-25T09:20:32.637+0000] {dag.py:3823} INFO - Setting next_dagrun for example_subdag_operator.section-1 to None, run_after=None
[2025-06-25T09:20:32.639+0000] {logging_mixin.py:188} INFO - [2025-06-25T09:20:32.639+0000] {dag.py:3823} INFO - Setting next_dagrun for example_subdag_operator.section-2 to None, run_after=None
[2025-06-25T09:20:32.649+0000] {logging_mixin.py:188} INFO - [2025-06-25T09:20:32.649+0000] {dag.py:3036} INFO - Sync 2 DAGs
[2025-06-25T09:20:32.656+0000] {logging_mixin.py:188} INFO - [2025-06-25T09:20:32.656+0000] {dag.py:3823} INFO - Setting next_dagrun for example_subdag_operator.section-1 to None, run_after=None
[2025-06-25T09:20:32.657+0000] {logging_mixin.py:188} INFO - [2025-06-25T09:20:32.657+0000] {dag.py:3823} INFO - Setting next_dagrun for example_subdag_operator.section-2 to None, run_after=None
[2025-06-25T09:20:32.672+0000] {processor.py:183} INFO - Processing /home/airflow/.local/lib/python3.8/site-packages/airflow/example_dags/example_subdag_operator.py took 0.142 seconds
[2025-06-25T09:21:03.220+0000] {processor.py:161} INFO - Started process (PID=2234) to work on /home/airflow/.local/lib/python3.8/site-packages/airflow/example_dags/example_subdag_operator.py
[2025-06-25T09:21:03.224+0000] {processor.py:830} INFO - Processing file /home/airflow/.local/lib/python3.8/site-packages/airflow/example_dags/example_subdag_operator.py for tasks to queue
[2025-06-25T09:21:03.227+0000] {logging_mixin.py:188} INFO - [2025-06-25T09:21:03.227+0000] {dagbag.py:538} INFO - Filling up the DagBag from /home/airflow/.local/lib/python3.8/site-packages/airflow/example_dags/example_subdag_operator.py
[2025-06-25T09:21:03.269+0000] {processor.py:840} INFO - DAG(s) 'example_subdag_operator.section-1', 'example_subdag_operator.section-2', 'example_subdag_operator' retrieved from /home/airflow/.local/lib/python3.8/site-packages/airflow/example_dags/example_subdag_operator.py
[2025-06-25T09:21:03.293+0000] {logging_mixin.py:188} INFO - [2025-06-25T09:21:03.293+0000] {dag.py:3036} INFO - Sync 3 DAGs
[2025-06-25T09:21:03.331+0000] {logging_mixin.py:188} INFO - [2025-06-25T09:21:03.331+0000] {dag.py:3823} INFO - Setting next_dagrun for example_subdag_operator to 2022-01-01 00:00:00+00:00, run_after=2022-01-01 00:00:00+00:00
[2025-06-25T09:21:03.338+0000] {logging_mixin.py:188} INFO - [2025-06-25T09:21:03.337+0000] {dag.py:3823} INFO - Setting next_dagrun for example_subdag_operator.section-1 to None, run_after=None
[2025-06-25T09:21:03.341+0000] {logging_mixin.py:188} INFO - [2025-06-25T09:21:03.340+0000] {dag.py:3823} INFO - Setting next_dagrun for example_subdag_operator.section-2 to None, run_after=None
[2025-06-25T09:21:03.354+0000] {logging_mixin.py:188} INFO - [2025-06-25T09:21:03.353+0000] {dag.py:3036} INFO - Sync 2 DAGs
[2025-06-25T09:21:03.363+0000] {logging_mixin.py:188} INFO - [2025-06-25T09:21:03.363+0000] {dag.py:3823} INFO - Setting next_dagrun for example_subdag_operator.section-1 to None, run_after=None
[2025-06-25T09:21:03.364+0000] {logging_mixin.py:188} INFO - [2025-06-25T09:21:03.364+0000] {dag.py:3823} INFO - Setting next_dagrun for example_subdag_operator.section-2 to None, run_after=None
[2025-06-25T09:21:03.383+0000] {processor.py:183} INFO - Processing /home/airflow/.local/lib/python3.8/site-packages/airflow/example_dags/example_subdag_operator.py took 0.168 seconds
