[2025-06-25T09:04:10.321+0000] {processor.py:161} INFO - Started process (PID=83) to work on /home/airflow/.local/lib/python3.8/site-packages/airflow/example_dags/example_nested_branch_dag.py
[2025-06-25T09:04:10.322+0000] {processor.py:830} INFO - Processing file /home/airflow/.local/lib/python3.8/site-packages/airflow/example_dags/example_nested_branch_dag.py for tasks to queue
[2025-06-25T09:04:10.326+0000] {logging_mixin.py:188} INFO - [2025-06-25T09:04:10.325+0000] {dagbag.py:538} INFO - Filling up the DagBag from /home/airflow/.local/lib/python3.8/site-packages/airflow/example_dags/example_nested_branch_dag.py
[2025-06-25T09:04:10.349+0000] {processor.py:840} INFO - DAG(s) 'example_nested_branch_dag' retrieved from /home/airflow/.local/lib/python3.8/site-packages/airflow/example_dags/example_nested_branch_dag.py
[2025-06-25T09:04:10.464+0000] {logging_mixin.py:188} INFO - [2025-06-25T09:04:10.464+0000] {dag.py:3036} INFO - Sync 1 DAGs
[2025-06-25T09:04:10.537+0000] {logging_mixin.py:188} INFO - [2025-06-25T09:04:10.537+0000] {dag.py:3823} INFO - Setting next_dagrun for example_nested_branch_dag to 2025-06-24 00:00:00+00:00, run_after=2025-06-25 00:00:00+00:00
[2025-06-25T09:04:10.584+0000] {processor.py:183} INFO - Processing /home/airflow/.local/lib/python3.8/site-packages/airflow/example_dags/example_nested_branch_dag.py took 0.279 seconds
[2025-06-25T09:04:40.701+0000] {processor.py:161} INFO - Started process (PID=147) to work on /home/airflow/.local/lib/python3.8/site-packages/airflow/example_dags/example_nested_branch_dag.py
[2025-06-25T09:04:40.703+0000] {processor.py:830} INFO - Processing file /home/airflow/.local/lib/python3.8/site-packages/airflow/example_dags/example_nested_branch_dag.py for tasks to queue
[2025-06-25T09:04:40.709+0000] {logging_mixin.py:188} INFO - [2025-06-25T09:04:40.708+0000] {dagbag.py:538} INFO - Filling up the DagBag from /home/airflow/.local/lib/python3.8/site-packages/airflow/example_dags/example_nested_branch_dag.py
[2025-06-25T09:04:40.731+0000] {processor.py:840} INFO - DAG(s) 'example_nested_branch_dag' retrieved from /home/airflow/.local/lib/python3.8/site-packages/airflow/example_dags/example_nested_branch_dag.py
[2025-06-25T09:04:40.872+0000] {logging_mixin.py:188} INFO - [2025-06-25T09:04:40.872+0000] {dag.py:3036} INFO - Sync 1 DAGs
[2025-06-25T09:04:40.953+0000] {logging_mixin.py:188} INFO - [2025-06-25T09:04:40.952+0000] {dag.py:3823} INFO - Setting next_dagrun for example_nested_branch_dag to 2025-06-24 00:00:00+00:00, run_after=2025-06-25 00:00:00+00:00
[2025-06-25T09:04:40.983+0000] {processor.py:183} INFO - Processing /home/airflow/.local/lib/python3.8/site-packages/airflow/example_dags/example_nested_branch_dag.py took 0.295 seconds
[2025-06-25T09:05:11.269+0000] {processor.py:161} INFO - Started process (PID=213) to work on /home/airflow/.local/lib/python3.8/site-packages/airflow/example_dags/example_nested_branch_dag.py
[2025-06-25T09:05:11.270+0000] {processor.py:830} INFO - Processing file /home/airflow/.local/lib/python3.8/site-packages/airflow/example_dags/example_nested_branch_dag.py for tasks to queue
[2025-06-25T09:05:11.273+0000] {logging_mixin.py:188} INFO - [2025-06-25T09:05:11.273+0000] {dagbag.py:538} INFO - Filling up the DagBag from /home/airflow/.local/lib/python3.8/site-packages/airflow/example_dags/example_nested_branch_dag.py
[2025-06-25T09:05:11.291+0000] {processor.py:840} INFO - DAG(s) 'example_nested_branch_dag' retrieved from /home/airflow/.local/lib/python3.8/site-packages/airflow/example_dags/example_nested_branch_dag.py
[2025-06-25T09:05:11.330+0000] {logging_mixin.py:188} INFO - [2025-06-25T09:05:11.330+0000] {dag.py:3036} INFO - Sync 1 DAGs
[2025-06-25T09:05:11.372+0000] {logging_mixin.py:188} INFO - [2025-06-25T09:05:11.372+0000] {dag.py:3823} INFO - Setting next_dagrun for example_nested_branch_dag to 2025-06-24 00:00:00+00:00, run_after=2025-06-25 00:00:00+00:00
[2025-06-25T09:05:11.414+0000] {processor.py:183} INFO - Processing /home/airflow/.local/lib/python3.8/site-packages/airflow/example_dags/example_nested_branch_dag.py took 0.150 seconds
[2025-06-25T09:05:41.603+0000] {processor.py:161} INFO - Started process (PID=280) to work on /home/airflow/.local/lib/python3.8/site-packages/airflow/example_dags/example_nested_branch_dag.py
[2025-06-25T09:05:41.604+0000] {processor.py:830} INFO - Processing file /home/airflow/.local/lib/python3.8/site-packages/airflow/example_dags/example_nested_branch_dag.py for tasks to queue
[2025-06-25T09:05:41.606+0000] {logging_mixin.py:188} INFO - [2025-06-25T09:05:41.606+0000] {dagbag.py:538} INFO - Filling up the DagBag from /home/airflow/.local/lib/python3.8/site-packages/airflow/example_dags/example_nested_branch_dag.py
[2025-06-25T09:05:41.621+0000] {processor.py:840} INFO - DAG(s) 'example_nested_branch_dag' retrieved from /home/airflow/.local/lib/python3.8/site-packages/airflow/example_dags/example_nested_branch_dag.py
[2025-06-25T09:05:41.653+0000] {logging_mixin.py:188} INFO - [2025-06-25T09:05:41.653+0000] {dag.py:3036} INFO - Sync 1 DAGs
[2025-06-25T09:05:41.687+0000] {logging_mixin.py:188} INFO - [2025-06-25T09:05:41.687+0000] {dag.py:3823} INFO - Setting next_dagrun for example_nested_branch_dag to 2025-06-24 00:00:00+00:00, run_after=2025-06-25 00:00:00+00:00
[2025-06-25T09:05:41.712+0000] {processor.py:183} INFO - Processing /home/airflow/.local/lib/python3.8/site-packages/airflow/example_dags/example_nested_branch_dag.py took 0.113 seconds
[2025-06-25T09:06:11.742+0000] {processor.py:161} INFO - Started process (PID=346) to work on /home/airflow/.local/lib/python3.8/site-packages/airflow/example_dags/example_nested_branch_dag.py
[2025-06-25T09:06:11.744+0000] {processor.py:830} INFO - Processing file /home/airflow/.local/lib/python3.8/site-packages/airflow/example_dags/example_nested_branch_dag.py for tasks to queue
[2025-06-25T09:06:11.747+0000] {logging_mixin.py:188} INFO - [2025-06-25T09:06:11.746+0000] {dagbag.py:538} INFO - Filling up the DagBag from /home/airflow/.local/lib/python3.8/site-packages/airflow/example_dags/example_nested_branch_dag.py
[2025-06-25T09:06:11.762+0000] {processor.py:840} INFO - DAG(s) 'example_nested_branch_dag' retrieved from /home/airflow/.local/lib/python3.8/site-packages/airflow/example_dags/example_nested_branch_dag.py
[2025-06-25T09:06:11.795+0000] {logging_mixin.py:188} INFO - [2025-06-25T09:06:11.794+0000] {dag.py:3036} INFO - Sync 1 DAGs
[2025-06-25T09:06:11.834+0000] {logging_mixin.py:188} INFO - [2025-06-25T09:06:11.833+0000] {dag.py:3823} INFO - Setting next_dagrun for example_nested_branch_dag to 2025-06-24 00:00:00+00:00, run_after=2025-06-25 00:00:00+00:00
[2025-06-25T09:06:11.862+0000] {processor.py:183} INFO - Processing /home/airflow/.local/lib/python3.8/site-packages/airflow/example_dags/example_nested_branch_dag.py took 0.125 seconds
[2025-06-25T09:06:42.286+0000] {processor.py:161} INFO - Started process (PID=410) to work on /home/airflow/.local/lib/python3.8/site-packages/airflow/example_dags/example_nested_branch_dag.py
[2025-06-25T09:06:42.288+0000] {processor.py:830} INFO - Processing file /home/airflow/.local/lib/python3.8/site-packages/airflow/example_dags/example_nested_branch_dag.py for tasks to queue
[2025-06-25T09:06:42.291+0000] {logging_mixin.py:188} INFO - [2025-06-25T09:06:42.290+0000] {dagbag.py:538} INFO - Filling up the DagBag from /home/airflow/.local/lib/python3.8/site-packages/airflow/example_dags/example_nested_branch_dag.py
[2025-06-25T09:06:42.312+0000] {processor.py:840} INFO - DAG(s) 'example_nested_branch_dag' retrieved from /home/airflow/.local/lib/python3.8/site-packages/airflow/example_dags/example_nested_branch_dag.py
[2025-06-25T09:06:42.363+0000] {logging_mixin.py:188} INFO - [2025-06-25T09:06:42.363+0000] {dag.py:3036} INFO - Sync 1 DAGs
[2025-06-25T09:06:42.410+0000] {logging_mixin.py:188} INFO - [2025-06-25T09:06:42.409+0000] {dag.py:3823} INFO - Setting next_dagrun for example_nested_branch_dag to 2025-06-24 00:00:00+00:00, run_after=2025-06-25 00:00:00+00:00
[2025-06-25T09:06:42.443+0000] {processor.py:183} INFO - Processing /home/airflow/.local/lib/python3.8/site-packages/airflow/example_dags/example_nested_branch_dag.py took 0.162 seconds
[2025-06-25T09:07:12.767+0000] {processor.py:161} INFO - Started process (PID=475) to work on /home/airflow/.local/lib/python3.8/site-packages/airflow/example_dags/example_nested_branch_dag.py
[2025-06-25T09:07:12.768+0000] {processor.py:830} INFO - Processing file /home/airflow/.local/lib/python3.8/site-packages/airflow/example_dags/example_nested_branch_dag.py for tasks to queue
[2025-06-25T09:07:12.771+0000] {logging_mixin.py:188} INFO - [2025-06-25T09:07:12.770+0000] {dagbag.py:538} INFO - Filling up the DagBag from /home/airflow/.local/lib/python3.8/site-packages/airflow/example_dags/example_nested_branch_dag.py
[2025-06-25T09:07:12.785+0000] {processor.py:840} INFO - DAG(s) 'example_nested_branch_dag' retrieved from /home/airflow/.local/lib/python3.8/site-packages/airflow/example_dags/example_nested_branch_dag.py
[2025-06-25T09:07:12.820+0000] {logging_mixin.py:188} INFO - [2025-06-25T09:07:12.819+0000] {dag.py:3036} INFO - Sync 1 DAGs
[2025-06-25T09:07:12.857+0000] {logging_mixin.py:188} INFO - [2025-06-25T09:07:12.857+0000] {dag.py:3823} INFO - Setting next_dagrun for example_nested_branch_dag to 2025-06-24 00:00:00+00:00, run_after=2025-06-25 00:00:00+00:00
[2025-06-25T09:07:12.884+0000] {processor.py:183} INFO - Processing /home/airflow/.local/lib/python3.8/site-packages/airflow/example_dags/example_nested_branch_dag.py took 0.122 seconds
[2025-06-25T09:07:43.512+0000] {processor.py:161} INFO - Started process (PID=540) to work on /home/airflow/.local/lib/python3.8/site-packages/airflow/example_dags/example_nested_branch_dag.py
[2025-06-25T09:07:43.514+0000] {processor.py:830} INFO - Processing file /home/airflow/.local/lib/python3.8/site-packages/airflow/example_dags/example_nested_branch_dag.py for tasks to queue
[2025-06-25T09:07:43.516+0000] {logging_mixin.py:188} INFO - [2025-06-25T09:07:43.515+0000] {dagbag.py:538} INFO - Filling up the DagBag from /home/airflow/.local/lib/python3.8/site-packages/airflow/example_dags/example_nested_branch_dag.py
[2025-06-25T09:07:43.531+0000] {processor.py:840} INFO - DAG(s) 'example_nested_branch_dag' retrieved from /home/airflow/.local/lib/python3.8/site-packages/airflow/example_dags/example_nested_branch_dag.py
[2025-06-25T09:07:43.569+0000] {logging_mixin.py:188} INFO - [2025-06-25T09:07:43.568+0000] {dag.py:3036} INFO - Sync 1 DAGs
[2025-06-25T09:07:43.607+0000] {logging_mixin.py:188} INFO - [2025-06-25T09:07:43.606+0000] {dag.py:3823} INFO - Setting next_dagrun for example_nested_branch_dag to 2025-06-24 00:00:00+00:00, run_after=2025-06-25 00:00:00+00:00
[2025-06-25T09:07:43.636+0000] {processor.py:183} INFO - Processing /home/airflow/.local/lib/python3.8/site-packages/airflow/example_dags/example_nested_branch_dag.py took 0.129 seconds
[2025-06-25T09:08:13.997+0000] {processor.py:161} INFO - Started process (PID=607) to work on /home/airflow/.local/lib/python3.8/site-packages/airflow/example_dags/example_nested_branch_dag.py
[2025-06-25T09:08:13.998+0000] {processor.py:830} INFO - Processing file /home/airflow/.local/lib/python3.8/site-packages/airflow/example_dags/example_nested_branch_dag.py for tasks to queue
[2025-06-25T09:08:14.001+0000] {logging_mixin.py:188} INFO - [2025-06-25T09:08:14.000+0000] {dagbag.py:538} INFO - Filling up the DagBag from /home/airflow/.local/lib/python3.8/site-packages/airflow/example_dags/example_nested_branch_dag.py
[2025-06-25T09:08:14.021+0000] {processor.py:840} INFO - DAG(s) 'example_nested_branch_dag' retrieved from /home/airflow/.local/lib/python3.8/site-packages/airflow/example_dags/example_nested_branch_dag.py
[2025-06-25T09:08:14.061+0000] {logging_mixin.py:188} INFO - [2025-06-25T09:08:14.061+0000] {dag.py:3036} INFO - Sync 1 DAGs
[2025-06-25T09:08:14.108+0000] {logging_mixin.py:188} INFO - [2025-06-25T09:08:14.108+0000] {dag.py:3823} INFO - Setting next_dagrun for example_nested_branch_dag to 2025-06-24 00:00:00+00:00, run_after=2025-06-25 00:00:00+00:00
[2025-06-25T09:08:14.149+0000] {processor.py:183} INFO - Processing /home/airflow/.local/lib/python3.8/site-packages/airflow/example_dags/example_nested_branch_dag.py took 0.158 seconds
[2025-06-25T09:08:44.719+0000] {processor.py:161} INFO - Started process (PID=678) to work on /home/airflow/.local/lib/python3.8/site-packages/airflow/example_dags/example_nested_branch_dag.py
[2025-06-25T09:08:44.721+0000] {processor.py:830} INFO - Processing file /home/airflow/.local/lib/python3.8/site-packages/airflow/example_dags/example_nested_branch_dag.py for tasks to queue
[2025-06-25T09:08:44.724+0000] {logging_mixin.py:188} INFO - [2025-06-25T09:08:44.724+0000] {dagbag.py:538} INFO - Filling up the DagBag from /home/airflow/.local/lib/python3.8/site-packages/airflow/example_dags/example_nested_branch_dag.py
[2025-06-25T09:08:44.744+0000] {processor.py:840} INFO - DAG(s) 'example_nested_branch_dag' retrieved from /home/airflow/.local/lib/python3.8/site-packages/airflow/example_dags/example_nested_branch_dag.py
[2025-06-25T09:08:44.793+0000] {logging_mixin.py:188} INFO - [2025-06-25T09:08:44.793+0000] {dag.py:3036} INFO - Sync 1 DAGs
[2025-06-25T09:08:44.842+0000] {logging_mixin.py:188} INFO - [2025-06-25T09:08:44.842+0000] {dag.py:3823} INFO - Setting next_dagrun for example_nested_branch_dag to 2025-06-24 00:00:00+00:00, run_after=2025-06-25 00:00:00+00:00
[2025-06-25T09:08:44.876+0000] {processor.py:183} INFO - Processing /home/airflow/.local/lib/python3.8/site-packages/airflow/example_dags/example_nested_branch_dag.py took 0.164 seconds
[2025-06-25T09:09:15.413+0000] {processor.py:161} INFO - Started process (PID=744) to work on /home/airflow/.local/lib/python3.8/site-packages/airflow/example_dags/example_nested_branch_dag.py
[2025-06-25T09:09:15.416+0000] {processor.py:830} INFO - Processing file /home/airflow/.local/lib/python3.8/site-packages/airflow/example_dags/example_nested_branch_dag.py for tasks to queue
[2025-06-25T09:09:15.419+0000] {logging_mixin.py:188} INFO - [2025-06-25T09:09:15.419+0000] {dagbag.py:538} INFO - Filling up the DagBag from /home/airflow/.local/lib/python3.8/site-packages/airflow/example_dags/example_nested_branch_dag.py
[2025-06-25T09:09:15.437+0000] {processor.py:840} INFO - DAG(s) 'example_nested_branch_dag' retrieved from /home/airflow/.local/lib/python3.8/site-packages/airflow/example_dags/example_nested_branch_dag.py
[2025-06-25T09:09:15.487+0000] {logging_mixin.py:188} INFO - [2025-06-25T09:09:15.487+0000] {dag.py:3036} INFO - Sync 1 DAGs
[2025-06-25T09:09:15.531+0000] {logging_mixin.py:188} INFO - [2025-06-25T09:09:15.531+0000] {dag.py:3823} INFO - Setting next_dagrun for example_nested_branch_dag to 2025-06-24 00:00:00+00:00, run_after=2025-06-25 00:00:00+00:00
[2025-06-25T09:09:15.572+0000] {processor.py:183} INFO - Processing /home/airflow/.local/lib/python3.8/site-packages/airflow/example_dags/example_nested_branch_dag.py took 0.165 seconds
[2025-06-25T09:09:46.361+0000] {processor.py:161} INFO - Started process (PID=808) to work on /home/airflow/.local/lib/python3.8/site-packages/airflow/example_dags/example_nested_branch_dag.py
[2025-06-25T09:09:46.362+0000] {processor.py:830} INFO - Processing file /home/airflow/.local/lib/python3.8/site-packages/airflow/example_dags/example_nested_branch_dag.py for tasks to queue
[2025-06-25T09:09:46.364+0000] {logging_mixin.py:188} INFO - [2025-06-25T09:09:46.364+0000] {dagbag.py:538} INFO - Filling up the DagBag from /home/airflow/.local/lib/python3.8/site-packages/airflow/example_dags/example_nested_branch_dag.py
[2025-06-25T09:09:46.380+0000] {processor.py:840} INFO - DAG(s) 'example_nested_branch_dag' retrieved from /home/airflow/.local/lib/python3.8/site-packages/airflow/example_dags/example_nested_branch_dag.py
[2025-06-25T09:09:46.424+0000] {logging_mixin.py:188} INFO - [2025-06-25T09:09:46.423+0000] {dag.py:3036} INFO - Sync 1 DAGs
[2025-06-25T09:09:46.473+0000] {logging_mixin.py:188} INFO - [2025-06-25T09:09:46.473+0000] {dag.py:3823} INFO - Setting next_dagrun for example_nested_branch_dag to 2025-06-24 00:00:00+00:00, run_after=2025-06-25 00:00:00+00:00
[2025-06-25T09:09:46.512+0000] {processor.py:183} INFO - Processing /home/airflow/.local/lib/python3.8/site-packages/airflow/example_dags/example_nested_branch_dag.py took 0.156 seconds
[2025-06-25T09:10:17.408+0000] {processor.py:161} INFO - Started process (PID=873) to work on /home/airflow/.local/lib/python3.8/site-packages/airflow/example_dags/example_nested_branch_dag.py
[2025-06-25T09:10:17.410+0000] {processor.py:830} INFO - Processing file /home/airflow/.local/lib/python3.8/site-packages/airflow/example_dags/example_nested_branch_dag.py for tasks to queue
[2025-06-25T09:10:17.413+0000] {logging_mixin.py:188} INFO - [2025-06-25T09:10:17.413+0000] {dagbag.py:538} INFO - Filling up the DagBag from /home/airflow/.local/lib/python3.8/site-packages/airflow/example_dags/example_nested_branch_dag.py
[2025-06-25T09:10:17.434+0000] {processor.py:840} INFO - DAG(s) 'example_nested_branch_dag' retrieved from /home/airflow/.local/lib/python3.8/site-packages/airflow/example_dags/example_nested_branch_dag.py
[2025-06-25T09:10:17.477+0000] {logging_mixin.py:188} INFO - [2025-06-25T09:10:17.476+0000] {dag.py:3036} INFO - Sync 1 DAGs
[2025-06-25T09:10:17.525+0000] {logging_mixin.py:188} INFO - [2025-06-25T09:10:17.524+0000] {dag.py:3823} INFO - Setting next_dagrun for example_nested_branch_dag to 2025-06-24 00:00:00+00:00, run_after=2025-06-25 00:00:00+00:00
[2025-06-25T09:10:17.564+0000] {processor.py:183} INFO - Processing /home/airflow/.local/lib/python3.8/site-packages/airflow/example_dags/example_nested_branch_dag.py took 0.162 seconds
[2025-06-25T09:10:48.542+0000] {processor.py:161} INFO - Started process (PID=938) to work on /home/airflow/.local/lib/python3.8/site-packages/airflow/example_dags/example_nested_branch_dag.py
[2025-06-25T09:10:48.544+0000] {processor.py:830} INFO - Processing file /home/airflow/.local/lib/python3.8/site-packages/airflow/example_dags/example_nested_branch_dag.py for tasks to queue
[2025-06-25T09:10:48.546+0000] {logging_mixin.py:188} INFO - [2025-06-25T09:10:48.546+0000] {dagbag.py:538} INFO - Filling up the DagBag from /home/airflow/.local/lib/python3.8/site-packages/airflow/example_dags/example_nested_branch_dag.py
[2025-06-25T09:10:48.563+0000] {processor.py:840} INFO - DAG(s) 'example_nested_branch_dag' retrieved from /home/airflow/.local/lib/python3.8/site-packages/airflow/example_dags/example_nested_branch_dag.py
[2025-06-25T09:10:48.602+0000] {logging_mixin.py:188} INFO - [2025-06-25T09:10:48.602+0000] {dag.py:3036} INFO - Sync 1 DAGs
[2025-06-25T09:10:48.646+0000] {logging_mixin.py:188} INFO - [2025-06-25T09:10:48.646+0000] {dag.py:3823} INFO - Setting next_dagrun for example_nested_branch_dag to 2025-06-24 00:00:00+00:00, run_after=2025-06-25 00:00:00+00:00
[2025-06-25T09:10:48.698+0000] {processor.py:183} INFO - Processing /home/airflow/.local/lib/python3.8/site-packages/airflow/example_dags/example_nested_branch_dag.py took 0.160 seconds
[2025-06-25T09:11:19.315+0000] {processor.py:161} INFO - Started process (PID=1003) to work on /home/airflow/.local/lib/python3.8/site-packages/airflow/example_dags/example_nested_branch_dag.py
[2025-06-25T09:11:19.317+0000] {processor.py:830} INFO - Processing file /home/airflow/.local/lib/python3.8/site-packages/airflow/example_dags/example_nested_branch_dag.py for tasks to queue
[2025-06-25T09:11:19.320+0000] {logging_mixin.py:188} INFO - [2025-06-25T09:11:19.320+0000] {dagbag.py:538} INFO - Filling up the DagBag from /home/airflow/.local/lib/python3.8/site-packages/airflow/example_dags/example_nested_branch_dag.py
[2025-06-25T09:11:19.336+0000] {processor.py:840} INFO - DAG(s) 'example_nested_branch_dag' retrieved from /home/airflow/.local/lib/python3.8/site-packages/airflow/example_dags/example_nested_branch_dag.py
[2025-06-25T09:11:19.397+0000] {logging_mixin.py:188} INFO - [2025-06-25T09:11:19.396+0000] {dag.py:3036} INFO - Sync 1 DAGs
[2025-06-25T09:11:19.440+0000] {logging_mixin.py:188} INFO - [2025-06-25T09:11:19.440+0000] {dag.py:3823} INFO - Setting next_dagrun for example_nested_branch_dag to 2025-06-24 00:00:00+00:00, run_after=2025-06-25 00:00:00+00:00
[2025-06-25T09:11:19.476+0000] {processor.py:183} INFO - Processing /home/airflow/.local/lib/python3.8/site-packages/airflow/example_dags/example_nested_branch_dag.py took 0.166 seconds
[2025-06-25T09:11:49.820+0000] {processor.py:161} INFO - Started process (PID=1068) to work on /home/airflow/.local/lib/python3.8/site-packages/airflow/example_dags/example_nested_branch_dag.py
[2025-06-25T09:11:49.821+0000] {processor.py:830} INFO - Processing file /home/airflow/.local/lib/python3.8/site-packages/airflow/example_dags/example_nested_branch_dag.py for tasks to queue
[2025-06-25T09:11:49.824+0000] {logging_mixin.py:188} INFO - [2025-06-25T09:11:49.823+0000] {dagbag.py:538} INFO - Filling up the DagBag from /home/airflow/.local/lib/python3.8/site-packages/airflow/example_dags/example_nested_branch_dag.py
[2025-06-25T09:11:49.844+0000] {processor.py:840} INFO - DAG(s) 'example_nested_branch_dag' retrieved from /home/airflow/.local/lib/python3.8/site-packages/airflow/example_dags/example_nested_branch_dag.py
[2025-06-25T09:11:49.948+0000] {logging_mixin.py:188} INFO - [2025-06-25T09:11:49.946+0000] {dag.py:3036} INFO - Sync 1 DAGs
[2025-06-25T09:11:50.002+0000] {logging_mixin.py:188} INFO - [2025-06-25T09:11:50.002+0000] {dag.py:3823} INFO - Setting next_dagrun for example_nested_branch_dag to 2025-06-24 00:00:00+00:00, run_after=2025-06-25 00:00:00+00:00
[2025-06-25T09:11:50.034+0000] {processor.py:183} INFO - Processing /home/airflow/.local/lib/python3.8/site-packages/airflow/example_dags/example_nested_branch_dag.py took 0.220 seconds
[2025-06-25T09:12:20.119+0000] {processor.py:161} INFO - Started process (PID=1131) to work on /home/airflow/.local/lib/python3.8/site-packages/airflow/example_dags/example_nested_branch_dag.py
[2025-06-25T09:12:20.124+0000] {processor.py:830} INFO - Processing file /home/airflow/.local/lib/python3.8/site-packages/airflow/example_dags/example_nested_branch_dag.py for tasks to queue
[2025-06-25T09:12:20.134+0000] {logging_mixin.py:188} INFO - [2025-06-25T09:12:20.133+0000] {dagbag.py:538} INFO - Filling up the DagBag from /home/airflow/.local/lib/python3.8/site-packages/airflow/example_dags/example_nested_branch_dag.py
[2025-06-25T09:12:20.170+0000] {processor.py:840} INFO - DAG(s) 'example_nested_branch_dag' retrieved from /home/airflow/.local/lib/python3.8/site-packages/airflow/example_dags/example_nested_branch_dag.py
[2025-06-25T09:12:20.220+0000] {logging_mixin.py:188} INFO - [2025-06-25T09:12:20.220+0000] {dag.py:3036} INFO - Sync 1 DAGs
[2025-06-25T09:12:20.278+0000] {logging_mixin.py:188} INFO - [2025-06-25T09:12:20.277+0000] {dag.py:3823} INFO - Setting next_dagrun for example_nested_branch_dag to 2025-06-24 00:00:00+00:00, run_after=2025-06-25 00:00:00+00:00
[2025-06-25T09:12:20.329+0000] {processor.py:183} INFO - Processing /home/airflow/.local/lib/python3.8/site-packages/airflow/example_dags/example_nested_branch_dag.py took 0.216 seconds
[2025-06-25T09:12:51.014+0000] {processor.py:161} INFO - Started process (PID=1197) to work on /home/airflow/.local/lib/python3.8/site-packages/airflow/example_dags/example_nested_branch_dag.py
[2025-06-25T09:12:51.017+0000] {processor.py:830} INFO - Processing file /home/airflow/.local/lib/python3.8/site-packages/airflow/example_dags/example_nested_branch_dag.py for tasks to queue
[2025-06-25T09:12:51.021+0000] {logging_mixin.py:188} INFO - [2025-06-25T09:12:51.020+0000] {dagbag.py:538} INFO - Filling up the DagBag from /home/airflow/.local/lib/python3.8/site-packages/airflow/example_dags/example_nested_branch_dag.py
[2025-06-25T09:12:51.043+0000] {processor.py:840} INFO - DAG(s) 'example_nested_branch_dag' retrieved from /home/airflow/.local/lib/python3.8/site-packages/airflow/example_dags/example_nested_branch_dag.py
[2025-06-25T09:12:51.102+0000] {logging_mixin.py:188} INFO - [2025-06-25T09:12:51.101+0000] {dag.py:3036} INFO - Sync 1 DAGs
[2025-06-25T09:12:51.194+0000] {logging_mixin.py:188} INFO - [2025-06-25T09:12:51.194+0000] {dag.py:3823} INFO - Setting next_dagrun for example_nested_branch_dag to 2025-06-24 00:00:00+00:00, run_after=2025-06-25 00:00:00+00:00
[2025-06-25T09:12:51.234+0000] {processor.py:183} INFO - Processing /home/airflow/.local/lib/python3.8/site-packages/airflow/example_dags/example_nested_branch_dag.py took 0.228 seconds
[2025-06-25T09:13:21.994+0000] {processor.py:161} INFO - Started process (PID=1263) to work on /home/airflow/.local/lib/python3.8/site-packages/airflow/example_dags/example_nested_branch_dag.py
[2025-06-25T09:13:21.998+0000] {processor.py:830} INFO - Processing file /home/airflow/.local/lib/python3.8/site-packages/airflow/example_dags/example_nested_branch_dag.py for tasks to queue
[2025-06-25T09:13:22.002+0000] {logging_mixin.py:188} INFO - [2025-06-25T09:13:22.001+0000] {dagbag.py:538} INFO - Filling up the DagBag from /home/airflow/.local/lib/python3.8/site-packages/airflow/example_dags/example_nested_branch_dag.py
[2025-06-25T09:13:22.024+0000] {processor.py:840} INFO - DAG(s) 'example_nested_branch_dag' retrieved from /home/airflow/.local/lib/python3.8/site-packages/airflow/example_dags/example_nested_branch_dag.py
[2025-06-25T09:13:22.071+0000] {logging_mixin.py:188} INFO - [2025-06-25T09:13:22.071+0000] {dag.py:3036} INFO - Sync 1 DAGs
[2025-06-25T09:13:22.126+0000] {logging_mixin.py:188} INFO - [2025-06-25T09:13:22.126+0000] {dag.py:3823} INFO - Setting next_dagrun for example_nested_branch_dag to 2025-06-24 00:00:00+00:00, run_after=2025-06-25 00:00:00+00:00
[2025-06-25T09:13:22.176+0000] {processor.py:183} INFO - Processing /home/airflow/.local/lib/python3.8/site-packages/airflow/example_dags/example_nested_branch_dag.py took 0.188 seconds
[2025-06-25T09:13:52.741+0000] {processor.py:161} INFO - Started process (PID=1329) to work on /home/airflow/.local/lib/python3.8/site-packages/airflow/example_dags/example_nested_branch_dag.py
[2025-06-25T09:13:52.744+0000] {processor.py:830} INFO - Processing file /home/airflow/.local/lib/python3.8/site-packages/airflow/example_dags/example_nested_branch_dag.py for tasks to queue
[2025-06-25T09:13:52.749+0000] {logging_mixin.py:188} INFO - [2025-06-25T09:13:52.747+0000] {dagbag.py:538} INFO - Filling up the DagBag from /home/airflow/.local/lib/python3.8/site-packages/airflow/example_dags/example_nested_branch_dag.py
[2025-06-25T09:13:52.772+0000] {processor.py:840} INFO - DAG(s) 'example_nested_branch_dag' retrieved from /home/airflow/.local/lib/python3.8/site-packages/airflow/example_dags/example_nested_branch_dag.py
[2025-06-25T09:13:52.868+0000] {logging_mixin.py:188} INFO - [2025-06-25T09:13:52.868+0000] {dag.py:3036} INFO - Sync 1 DAGs
[2025-06-25T09:13:53.034+0000] {logging_mixin.py:188} INFO - [2025-06-25T09:13:53.034+0000] {dag.py:3823} INFO - Setting next_dagrun for example_nested_branch_dag to 2025-06-24 00:00:00+00:00, run_after=2025-06-25 00:00:00+00:00
[2025-06-25T09:13:53.109+0000] {processor.py:183} INFO - Processing /home/airflow/.local/lib/python3.8/site-packages/airflow/example_dags/example_nested_branch_dag.py took 0.374 seconds
[2025-06-25T09:14:23.201+0000] {processor.py:161} INFO - Started process (PID=1394) to work on /home/airflow/.local/lib/python3.8/site-packages/airflow/example_dags/example_nested_branch_dag.py
[2025-06-25T09:14:23.204+0000] {processor.py:830} INFO - Processing file /home/airflow/.local/lib/python3.8/site-packages/airflow/example_dags/example_nested_branch_dag.py for tasks to queue
[2025-06-25T09:14:23.208+0000] {logging_mixin.py:188} INFO - [2025-06-25T09:14:23.207+0000] {dagbag.py:538} INFO - Filling up the DagBag from /home/airflow/.local/lib/python3.8/site-packages/airflow/example_dags/example_nested_branch_dag.py
[2025-06-25T09:14:23.231+0000] {processor.py:840} INFO - DAG(s) 'example_nested_branch_dag' retrieved from /home/airflow/.local/lib/python3.8/site-packages/airflow/example_dags/example_nested_branch_dag.py
[2025-06-25T09:14:23.281+0000] {logging_mixin.py:188} INFO - [2025-06-25T09:14:23.281+0000] {dag.py:3036} INFO - Sync 1 DAGs
[2025-06-25T09:14:23.347+0000] {logging_mixin.py:188} INFO - [2025-06-25T09:14:23.347+0000] {dag.py:3823} INFO - Setting next_dagrun for example_nested_branch_dag to 2025-06-24 00:00:00+00:00, run_after=2025-06-25 00:00:00+00:00
[2025-06-25T09:14:23.428+0000] {processor.py:183} INFO - Processing /home/airflow/.local/lib/python3.8/site-packages/airflow/example_dags/example_nested_branch_dag.py took 0.233 seconds
[2025-06-25T09:14:53.663+0000] {processor.py:161} INFO - Started process (PID=1450) to work on /home/airflow/.local/lib/python3.8/site-packages/airflow/example_dags/example_nested_branch_dag.py
[2025-06-25T09:14:53.665+0000] {processor.py:830} INFO - Processing file /home/airflow/.local/lib/python3.8/site-packages/airflow/example_dags/example_nested_branch_dag.py for tasks to queue
[2025-06-25T09:14:53.668+0000] {logging_mixin.py:188} INFO - [2025-06-25T09:14:53.667+0000] {dagbag.py:538} INFO - Filling up the DagBag from /home/airflow/.local/lib/python3.8/site-packages/airflow/example_dags/example_nested_branch_dag.py
[2025-06-25T09:14:53.688+0000] {processor.py:840} INFO - DAG(s) 'example_nested_branch_dag' retrieved from /home/airflow/.local/lib/python3.8/site-packages/airflow/example_dags/example_nested_branch_dag.py
[2025-06-25T09:14:53.731+0000] {logging_mixin.py:188} INFO - [2025-06-25T09:14:53.731+0000] {dag.py:3036} INFO - Sync 1 DAGs
[2025-06-25T09:14:53.780+0000] {logging_mixin.py:188} INFO - [2025-06-25T09:14:53.780+0000] {dag.py:3823} INFO - Setting next_dagrun for example_nested_branch_dag to 2025-06-24 00:00:00+00:00, run_after=2025-06-25 00:00:00+00:00
[2025-06-25T09:14:53.818+0000] {processor.py:183} INFO - Processing /home/airflow/.local/lib/python3.8/site-packages/airflow/example_dags/example_nested_branch_dag.py took 0.161 seconds
[2025-06-25T09:15:24.212+0000] {processor.py:161} INFO - Started process (PID=1516) to work on /home/airflow/.local/lib/python3.8/site-packages/airflow/example_dags/example_nested_branch_dag.py
[2025-06-25T09:15:24.214+0000] {processor.py:830} INFO - Processing file /home/airflow/.local/lib/python3.8/site-packages/airflow/example_dags/example_nested_branch_dag.py for tasks to queue
[2025-06-25T09:15:24.217+0000] {logging_mixin.py:188} INFO - [2025-06-25T09:15:24.217+0000] {dagbag.py:538} INFO - Filling up the DagBag from /home/airflow/.local/lib/python3.8/site-packages/airflow/example_dags/example_nested_branch_dag.py
[2025-06-25T09:15:24.241+0000] {processor.py:840} INFO - DAG(s) 'example_nested_branch_dag' retrieved from /home/airflow/.local/lib/python3.8/site-packages/airflow/example_dags/example_nested_branch_dag.py
[2025-06-25T09:15:24.284+0000] {logging_mixin.py:188} INFO - [2025-06-25T09:15:24.284+0000] {dag.py:3036} INFO - Sync 1 DAGs
[2025-06-25T09:15:24.339+0000] {logging_mixin.py:188} INFO - [2025-06-25T09:15:24.339+0000] {dag.py:3823} INFO - Setting next_dagrun for example_nested_branch_dag to 2025-06-24 00:00:00+00:00, run_after=2025-06-25 00:00:00+00:00
[2025-06-25T09:15:24.400+0000] {processor.py:183} INFO - Processing /home/airflow/.local/lib/python3.8/site-packages/airflow/example_dags/example_nested_branch_dag.py took 0.194 seconds
[2025-06-25T09:15:54.552+0000] {processor.py:161} INFO - Started process (PID=1581) to work on /home/airflow/.local/lib/python3.8/site-packages/airflow/example_dags/example_nested_branch_dag.py
[2025-06-25T09:15:54.554+0000] {processor.py:830} INFO - Processing file /home/airflow/.local/lib/python3.8/site-packages/airflow/example_dags/example_nested_branch_dag.py for tasks to queue
[2025-06-25T09:15:54.557+0000] {logging_mixin.py:188} INFO - [2025-06-25T09:15:54.556+0000] {dagbag.py:538} INFO - Filling up the DagBag from /home/airflow/.local/lib/python3.8/site-packages/airflow/example_dags/example_nested_branch_dag.py
[2025-06-25T09:15:54.578+0000] {processor.py:840} INFO - DAG(s) 'example_nested_branch_dag' retrieved from /home/airflow/.local/lib/python3.8/site-packages/airflow/example_dags/example_nested_branch_dag.py
[2025-06-25T09:15:54.621+0000] {logging_mixin.py:188} INFO - [2025-06-25T09:15:54.620+0000] {dag.py:3036} INFO - Sync 1 DAGs
[2025-06-25T09:15:54.670+0000] {logging_mixin.py:188} INFO - [2025-06-25T09:15:54.669+0000] {dag.py:3823} INFO - Setting next_dagrun for example_nested_branch_dag to 2025-06-24 00:00:00+00:00, run_after=2025-06-25 00:00:00+00:00
[2025-06-25T09:15:54.713+0000] {processor.py:183} INFO - Processing /home/airflow/.local/lib/python3.8/site-packages/airflow/example_dags/example_nested_branch_dag.py took 0.166 seconds
[2025-06-25T09:16:25.116+0000] {processor.py:161} INFO - Started process (PID=1645) to work on /home/airflow/.local/lib/python3.8/site-packages/airflow/example_dags/example_nested_branch_dag.py
[2025-06-25T09:16:25.120+0000] {processor.py:830} INFO - Processing file /home/airflow/.local/lib/python3.8/site-packages/airflow/example_dags/example_nested_branch_dag.py for tasks to queue
[2025-06-25T09:16:25.128+0000] {logging_mixin.py:188} INFO - [2025-06-25T09:16:25.127+0000] {dagbag.py:538} INFO - Filling up the DagBag from /home/airflow/.local/lib/python3.8/site-packages/airflow/example_dags/example_nested_branch_dag.py
[2025-06-25T09:16:25.156+0000] {processor.py:840} INFO - DAG(s) 'example_nested_branch_dag' retrieved from /home/airflow/.local/lib/python3.8/site-packages/airflow/example_dags/example_nested_branch_dag.py
[2025-06-25T09:16:25.311+0000] {logging_mixin.py:188} INFO - [2025-06-25T09:16:25.310+0000] {dag.py:3036} INFO - Sync 1 DAGs
[2025-06-25T09:16:25.425+0000] {logging_mixin.py:188} INFO - [2025-06-25T09:16:25.424+0000] {dag.py:3823} INFO - Setting next_dagrun for example_nested_branch_dag to 2025-06-24 00:00:00+00:00, run_after=2025-06-25 00:00:00+00:00
[2025-06-25T09:16:25.484+0000] {processor.py:183} INFO - Processing /home/airflow/.local/lib/python3.8/site-packages/airflow/example_dags/example_nested_branch_dag.py took 0.382 seconds
[2025-06-25T09:16:55.642+0000] {processor.py:161} INFO - Started process (PID=1710) to work on /home/airflow/.local/lib/python3.8/site-packages/airflow/example_dags/example_nested_branch_dag.py
[2025-06-25T09:16:55.643+0000] {processor.py:830} INFO - Processing file /home/airflow/.local/lib/python3.8/site-packages/airflow/example_dags/example_nested_branch_dag.py for tasks to queue
[2025-06-25T09:16:55.647+0000] {logging_mixin.py:188} INFO - [2025-06-25T09:16:55.646+0000] {dagbag.py:538} INFO - Filling up the DagBag from /home/airflow/.local/lib/python3.8/site-packages/airflow/example_dags/example_nested_branch_dag.py
[2025-06-25T09:16:55.671+0000] {processor.py:840} INFO - DAG(s) 'example_nested_branch_dag' retrieved from /home/airflow/.local/lib/python3.8/site-packages/airflow/example_dags/example_nested_branch_dag.py
[2025-06-25T09:16:55.718+0000] {logging_mixin.py:188} INFO - [2025-06-25T09:16:55.717+0000] {dag.py:3036} INFO - Sync 1 DAGs
[2025-06-25T09:16:55.770+0000] {logging_mixin.py:188} INFO - [2025-06-25T09:16:55.769+0000] {dag.py:3823} INFO - Setting next_dagrun for example_nested_branch_dag to 2025-06-24 00:00:00+00:00, run_after=2025-06-25 00:00:00+00:00
[2025-06-25T09:16:55.811+0000] {processor.py:183} INFO - Processing /home/airflow/.local/lib/python3.8/site-packages/airflow/example_dags/example_nested_branch_dag.py took 0.175 seconds
[2025-06-25T09:17:26.033+0000] {processor.py:161} INFO - Started process (PID=1776) to work on /home/airflow/.local/lib/python3.8/site-packages/airflow/example_dags/example_nested_branch_dag.py
[2025-06-25T09:17:26.036+0000] {processor.py:830} INFO - Processing file /home/airflow/.local/lib/python3.8/site-packages/airflow/example_dags/example_nested_branch_dag.py for tasks to queue
[2025-06-25T09:17:26.039+0000] {logging_mixin.py:188} INFO - [2025-06-25T09:17:26.038+0000] {dagbag.py:538} INFO - Filling up the DagBag from /home/airflow/.local/lib/python3.8/site-packages/airflow/example_dags/example_nested_branch_dag.py
[2025-06-25T09:17:26.057+0000] {processor.py:840} INFO - DAG(s) 'example_nested_branch_dag' retrieved from /home/airflow/.local/lib/python3.8/site-packages/airflow/example_dags/example_nested_branch_dag.py
[2025-06-25T09:17:26.118+0000] {logging_mixin.py:188} INFO - [2025-06-25T09:17:26.117+0000] {dag.py:3036} INFO - Sync 1 DAGs
[2025-06-25T09:17:26.204+0000] {logging_mixin.py:188} INFO - [2025-06-25T09:17:26.199+0000] {dag.py:3823} INFO - Setting next_dagrun for example_nested_branch_dag to 2025-06-24 00:00:00+00:00, run_after=2025-06-25 00:00:00+00:00
[2025-06-25T09:17:26.255+0000] {processor.py:183} INFO - Processing /home/airflow/.local/lib/python3.8/site-packages/airflow/example_dags/example_nested_branch_dag.py took 0.227 seconds
[2025-06-25T09:17:56.897+0000] {processor.py:161} INFO - Started process (PID=1839) to work on /home/airflow/.local/lib/python3.8/site-packages/airflow/example_dags/example_nested_branch_dag.py
[2025-06-25T09:17:56.902+0000] {processor.py:830} INFO - Processing file /home/airflow/.local/lib/python3.8/site-packages/airflow/example_dags/example_nested_branch_dag.py for tasks to queue
[2025-06-25T09:17:56.905+0000] {logging_mixin.py:188} INFO - [2025-06-25T09:17:56.905+0000] {dagbag.py:538} INFO - Filling up the DagBag from /home/airflow/.local/lib/python3.8/site-packages/airflow/example_dags/example_nested_branch_dag.py
[2025-06-25T09:17:56.927+0000] {processor.py:840} INFO - DAG(s) 'example_nested_branch_dag' retrieved from /home/airflow/.local/lib/python3.8/site-packages/airflow/example_dags/example_nested_branch_dag.py
[2025-06-25T09:17:56.982+0000] {logging_mixin.py:188} INFO - [2025-06-25T09:17:56.981+0000] {dag.py:3036} INFO - Sync 1 DAGs
[2025-06-25T09:17:57.047+0000] {logging_mixin.py:188} INFO - [2025-06-25T09:17:57.045+0000] {dag.py:3823} INFO - Setting next_dagrun for example_nested_branch_dag to 2025-06-24 00:00:00+00:00, run_after=2025-06-25 00:00:00+00:00
[2025-06-25T09:17:57.085+0000] {processor.py:183} INFO - Processing /home/airflow/.local/lib/python3.8/site-packages/airflow/example_dags/example_nested_branch_dag.py took 0.194 seconds
[2025-06-25T09:18:27.432+0000] {processor.py:161} INFO - Started process (PID=1906) to work on /home/airflow/.local/lib/python3.8/site-packages/airflow/example_dags/example_nested_branch_dag.py
[2025-06-25T09:18:27.434+0000] {processor.py:830} INFO - Processing file /home/airflow/.local/lib/python3.8/site-packages/airflow/example_dags/example_nested_branch_dag.py for tasks to queue
[2025-06-25T09:18:27.437+0000] {logging_mixin.py:188} INFO - [2025-06-25T09:18:27.437+0000] {dagbag.py:538} INFO - Filling up the DagBag from /home/airflow/.local/lib/python3.8/site-packages/airflow/example_dags/example_nested_branch_dag.py
[2025-06-25T09:18:27.459+0000] {processor.py:840} INFO - DAG(s) 'example_nested_branch_dag' retrieved from /home/airflow/.local/lib/python3.8/site-packages/airflow/example_dags/example_nested_branch_dag.py
[2025-06-25T09:18:27.503+0000] {logging_mixin.py:188} INFO - [2025-06-25T09:18:27.502+0000] {dag.py:3036} INFO - Sync 1 DAGs
[2025-06-25T09:18:27.551+0000] {logging_mixin.py:188} INFO - [2025-06-25T09:18:27.551+0000] {dag.py:3823} INFO - Setting next_dagrun for example_nested_branch_dag to 2025-06-24 00:00:00+00:00, run_after=2025-06-25 00:00:00+00:00
[2025-06-25T09:18:27.601+0000] {processor.py:183} INFO - Processing /home/airflow/.local/lib/python3.8/site-packages/airflow/example_dags/example_nested_branch_dag.py took 0.176 seconds
[2025-06-25T09:18:57.987+0000] {processor.py:161} INFO - Started process (PID=1971) to work on /home/airflow/.local/lib/python3.8/site-packages/airflow/example_dags/example_nested_branch_dag.py
[2025-06-25T09:18:57.990+0000] {processor.py:830} INFO - Processing file /home/airflow/.local/lib/python3.8/site-packages/airflow/example_dags/example_nested_branch_dag.py for tasks to queue
[2025-06-25T09:18:57.993+0000] {logging_mixin.py:188} INFO - [2025-06-25T09:18:57.993+0000] {dagbag.py:538} INFO - Filling up the DagBag from /home/airflow/.local/lib/python3.8/site-packages/airflow/example_dags/example_nested_branch_dag.py
[2025-06-25T09:18:58.015+0000] {processor.py:840} INFO - DAG(s) 'example_nested_branch_dag' retrieved from /home/airflow/.local/lib/python3.8/site-packages/airflow/example_dags/example_nested_branch_dag.py
[2025-06-25T09:18:58.058+0000] {logging_mixin.py:188} INFO - [2025-06-25T09:18:58.058+0000] {dag.py:3036} INFO - Sync 1 DAGs
[2025-06-25T09:18:58.108+0000] {logging_mixin.py:188} INFO - [2025-06-25T09:18:58.108+0000] {dag.py:3823} INFO - Setting next_dagrun for example_nested_branch_dag to 2025-06-24 00:00:00+00:00, run_after=2025-06-25 00:00:00+00:00
[2025-06-25T09:18:58.152+0000] {processor.py:183} INFO - Processing /home/airflow/.local/lib/python3.8/site-packages/airflow/example_dags/example_nested_branch_dag.py took 0.183 seconds
[2025-06-25T09:19:28.428+0000] {processor.py:161} INFO - Started process (PID=2036) to work on /home/airflow/.local/lib/python3.8/site-packages/airflow/example_dags/example_nested_branch_dag.py
[2025-06-25T09:19:28.429+0000] {processor.py:830} INFO - Processing file /home/airflow/.local/lib/python3.8/site-packages/airflow/example_dags/example_nested_branch_dag.py for tasks to queue
[2025-06-25T09:19:28.433+0000] {logging_mixin.py:188} INFO - [2025-06-25T09:19:28.433+0000] {dagbag.py:538} INFO - Filling up the DagBag from /home/airflow/.local/lib/python3.8/site-packages/airflow/example_dags/example_nested_branch_dag.py
[2025-06-25T09:19:28.485+0000] {processor.py:840} INFO - DAG(s) 'example_nested_branch_dag' retrieved from /home/airflow/.local/lib/python3.8/site-packages/airflow/example_dags/example_nested_branch_dag.py
[2025-06-25T09:19:28.530+0000] {logging_mixin.py:188} INFO - [2025-06-25T09:19:28.529+0000] {dag.py:3036} INFO - Sync 1 DAGs
[2025-06-25T09:19:28.578+0000] {logging_mixin.py:188} INFO - [2025-06-25T09:19:28.578+0000] {dag.py:3823} INFO - Setting next_dagrun for example_nested_branch_dag to 2025-06-24 00:00:00+00:00, run_after=2025-06-25 00:00:00+00:00
[2025-06-25T09:19:28.616+0000] {processor.py:183} INFO - Processing /home/airflow/.local/lib/python3.8/site-packages/airflow/example_dags/example_nested_branch_dag.py took 0.194 seconds
[2025-06-25T09:19:58.678+0000] {processor.py:161} INFO - Started process (PID=2101) to work on /home/airflow/.local/lib/python3.8/site-packages/airflow/example_dags/example_nested_branch_dag.py
[2025-06-25T09:19:58.680+0000] {processor.py:830} INFO - Processing file /home/airflow/.local/lib/python3.8/site-packages/airflow/example_dags/example_nested_branch_dag.py for tasks to queue
[2025-06-25T09:19:58.682+0000] {logging_mixin.py:188} INFO - [2025-06-25T09:19:58.682+0000] {dagbag.py:538} INFO - Filling up the DagBag from /home/airflow/.local/lib/python3.8/site-packages/airflow/example_dags/example_nested_branch_dag.py
[2025-06-25T09:19:58.698+0000] {processor.py:840} INFO - DAG(s) 'example_nested_branch_dag' retrieved from /home/airflow/.local/lib/python3.8/site-packages/airflow/example_dags/example_nested_branch_dag.py
[2025-06-25T09:19:58.738+0000] {logging_mixin.py:188} INFO - [2025-06-25T09:19:58.737+0000] {dag.py:3036} INFO - Sync 1 DAGs
[2025-06-25T09:19:58.780+0000] {logging_mixin.py:188} INFO - [2025-06-25T09:19:58.779+0000] {dag.py:3823} INFO - Setting next_dagrun for example_nested_branch_dag to 2025-06-24 00:00:00+00:00, run_after=2025-06-25 00:00:00+00:00
[2025-06-25T09:19:58.813+0000] {processor.py:183} INFO - Processing /home/airflow/.local/lib/python3.8/site-packages/airflow/example_dags/example_nested_branch_dag.py took 0.140 seconds
[2025-06-25T09:20:29.337+0000] {processor.py:161} INFO - Started process (PID=2166) to work on /home/airflow/.local/lib/python3.8/site-packages/airflow/example_dags/example_nested_branch_dag.py
[2025-06-25T09:20:29.339+0000] {processor.py:830} INFO - Processing file /home/airflow/.local/lib/python3.8/site-packages/airflow/example_dags/example_nested_branch_dag.py for tasks to queue
[2025-06-25T09:20:29.341+0000] {logging_mixin.py:188} INFO - [2025-06-25T09:20:29.341+0000] {dagbag.py:538} INFO - Filling up the DagBag from /home/airflow/.local/lib/python3.8/site-packages/airflow/example_dags/example_nested_branch_dag.py
[2025-06-25T09:20:29.358+0000] {processor.py:840} INFO - DAG(s) 'example_nested_branch_dag' retrieved from /home/airflow/.local/lib/python3.8/site-packages/airflow/example_dags/example_nested_branch_dag.py
[2025-06-25T09:20:29.391+0000] {logging_mixin.py:188} INFO - [2025-06-25T09:20:29.390+0000] {dag.py:3036} INFO - Sync 1 DAGs
[2025-06-25T09:20:29.426+0000] {logging_mixin.py:188} INFO - [2025-06-25T09:20:29.426+0000] {dag.py:3823} INFO - Setting next_dagrun for example_nested_branch_dag to 2025-06-24 00:00:00+00:00, run_after=2025-06-25 00:00:00+00:00
[2025-06-25T09:20:29.454+0000] {processor.py:183} INFO - Processing /home/airflow/.local/lib/python3.8/site-packages/airflow/example_dags/example_nested_branch_dag.py took 0.121 seconds
[2025-06-25T09:20:59.900+0000] {processor.py:161} INFO - Started process (PID=2231) to work on /home/airflow/.local/lib/python3.8/site-packages/airflow/example_dags/example_nested_branch_dag.py
[2025-06-25T09:20:59.903+0000] {processor.py:830} INFO - Processing file /home/airflow/.local/lib/python3.8/site-packages/airflow/example_dags/example_nested_branch_dag.py for tasks to queue
[2025-06-25T09:20:59.906+0000] {logging_mixin.py:188} INFO - [2025-06-25T09:20:59.905+0000] {dagbag.py:538} INFO - Filling up the DagBag from /home/airflow/.local/lib/python3.8/site-packages/airflow/example_dags/example_nested_branch_dag.py
[2025-06-25T09:20:59.925+0000] {processor.py:840} INFO - DAG(s) 'example_nested_branch_dag' retrieved from /home/airflow/.local/lib/python3.8/site-packages/airflow/example_dags/example_nested_branch_dag.py
[2025-06-25T09:20:59.965+0000] {logging_mixin.py:188} INFO - [2025-06-25T09:20:59.965+0000] {dag.py:3036} INFO - Sync 1 DAGs
[2025-06-25T09:21:00.004+0000] {logging_mixin.py:188} INFO - [2025-06-25T09:21:00.003+0000] {dag.py:3823} INFO - Setting next_dagrun for example_nested_branch_dag to 2025-06-24 00:00:00+00:00, run_after=2025-06-25 00:00:00+00:00
[2025-06-25T09:21:00.035+0000] {processor.py:183} INFO - Processing /home/airflow/.local/lib/python3.8/site-packages/airflow/example_dags/example_nested_branch_dag.py took 0.140 seconds
[2025-06-25T09:21:30.180+0000] {processor.py:161} INFO - Started process (PID=2294) to work on /home/airflow/.local/lib/python3.8/site-packages/airflow/example_dags/example_nested_branch_dag.py
[2025-06-25T09:21:30.182+0000] {processor.py:830} INFO - Processing file /home/airflow/.local/lib/python3.8/site-packages/airflow/example_dags/example_nested_branch_dag.py for tasks to queue
[2025-06-25T09:21:30.185+0000] {logging_mixin.py:188} INFO - [2025-06-25T09:21:30.184+0000] {dagbag.py:538} INFO - Filling up the DagBag from /home/airflow/.local/lib/python3.8/site-packages/airflow/example_dags/example_nested_branch_dag.py
[2025-06-25T09:21:30.206+0000] {processor.py:840} INFO - DAG(s) 'example_nested_branch_dag' retrieved from /home/airflow/.local/lib/python3.8/site-packages/airflow/example_dags/example_nested_branch_dag.py
[2025-06-25T09:21:30.254+0000] {logging_mixin.py:188} INFO - [2025-06-25T09:21:30.253+0000] {dag.py:3036} INFO - Sync 1 DAGs
[2025-06-25T09:21:30.305+0000] {logging_mixin.py:188} INFO - [2025-06-25T09:21:30.304+0000] {dag.py:3823} INFO - Setting next_dagrun for example_nested_branch_dag to 2025-06-24 00:00:00+00:00, run_after=2025-06-25 00:00:00+00:00
[2025-06-25T09:21:30.337+0000] {processor.py:183} INFO - Processing /home/airflow/.local/lib/python3.8/site-packages/airflow/example_dags/example_nested_branch_dag.py took 0.163 seconds
