[2025-06-25T09:04:13.034+0000] {processor.py:161} INFO - Started process (PID=97) to work on /home/airflow/.local/lib/python3.8/site-packages/airflow/example_dags/example_short_circuit_decorator.py
[2025-06-25T09:04:13.035+0000] {processor.py:830} INFO - Processing file /home/airflow/.local/lib/python3.8/site-packages/airflow/example_dags/example_short_circuit_decorator.py for tasks to queue
[2025-06-25T09:04:13.038+0000] {logging_mixin.py:188} INFO - [2025-06-25T09:04:13.038+0000] {dagbag.py:538} INFO - Filling up the DagBag from /home/airflow/.local/lib/python3.8/site-packages/airflow/example_dags/example_short_circuit_decorator.py
[2025-06-25T09:04:13.062+0000] {processor.py:840} INFO - DAG(s) 'example_short_circuit_decorator' retrieved from /home/airflow/.local/lib/python3.8/site-packages/airflow/example_dags/example_short_circuit_decorator.py
[2025-06-25T09:04:13.110+0000] {logging_mixin.py:188} INFO - [2025-06-25T09:04:13.109+0000] {dag.py:3036} INFO - Sync 1 DAGs
[2025-06-25T09:04:13.153+0000] {logging_mixin.py:188} INFO - [2025-06-25T09:04:13.153+0000] {dag.py:3823} INFO - Setting next_dagrun for example_short_circuit_decorator to 2025-06-24 00:00:00+00:00, run_after=2025-06-25 00:00:00+00:00
[2025-06-25T09:04:13.218+0000] {processor.py:183} INFO - Processing /home/airflow/.local/lib/python3.8/site-packages/airflow/example_dags/example_short_circuit_decorator.py took 0.190 seconds
[2025-06-25T09:04:43.455+0000] {processor.py:161} INFO - Started process (PID=161) to work on /home/airflow/.local/lib/python3.8/site-packages/airflow/example_dags/example_short_circuit_decorator.py
[2025-06-25T09:04:43.456+0000] {processor.py:830} INFO - Processing file /home/airflow/.local/lib/python3.8/site-packages/airflow/example_dags/example_short_circuit_decorator.py for tasks to queue
[2025-06-25T09:04:43.459+0000] {logging_mixin.py:188} INFO - [2025-06-25T09:04:43.458+0000] {dagbag.py:538} INFO - Filling up the DagBag from /home/airflow/.local/lib/python3.8/site-packages/airflow/example_dags/example_short_circuit_decorator.py
[2025-06-25T09:04:43.477+0000] {processor.py:840} INFO - DAG(s) 'example_short_circuit_decorator' retrieved from /home/airflow/.local/lib/python3.8/site-packages/airflow/example_dags/example_short_circuit_decorator.py
[2025-06-25T09:04:43.520+0000] {logging_mixin.py:188} INFO - [2025-06-25T09:04:43.520+0000] {dag.py:3036} INFO - Sync 1 DAGs
[2025-06-25T09:04:43.556+0000] {logging_mixin.py:188} INFO - [2025-06-25T09:04:43.555+0000] {dag.py:3823} INFO - Setting next_dagrun for example_short_circuit_decorator to 2025-06-24 00:00:00+00:00, run_after=2025-06-25 00:00:00+00:00
[2025-06-25T09:04:43.581+0000] {processor.py:183} INFO - Processing /home/airflow/.local/lib/python3.8/site-packages/airflow/example_dags/example_short_circuit_decorator.py took 0.132 seconds
[2025-06-25T09:05:13.964+0000] {processor.py:161} INFO - Started process (PID=227) to work on /home/airflow/.local/lib/python3.8/site-packages/airflow/example_dags/example_short_circuit_decorator.py
[2025-06-25T09:05:13.966+0000] {processor.py:830} INFO - Processing file /home/airflow/.local/lib/python3.8/site-packages/airflow/example_dags/example_short_circuit_decorator.py for tasks to queue
[2025-06-25T09:05:13.973+0000] {logging_mixin.py:188} INFO - [2025-06-25T09:05:13.972+0000] {dagbag.py:538} INFO - Filling up the DagBag from /home/airflow/.local/lib/python3.8/site-packages/airflow/example_dags/example_short_circuit_decorator.py
[2025-06-25T09:05:13.990+0000] {processor.py:840} INFO - DAG(s) 'example_short_circuit_decorator' retrieved from /home/airflow/.local/lib/python3.8/site-packages/airflow/example_dags/example_short_circuit_decorator.py
[2025-06-25T09:05:14.034+0000] {logging_mixin.py:188} INFO - [2025-06-25T09:05:14.034+0000] {dag.py:3036} INFO - Sync 1 DAGs
[2025-06-25T09:05:14.080+0000] {logging_mixin.py:188} INFO - [2025-06-25T09:05:14.080+0000] {dag.py:3823} INFO - Setting next_dagrun for example_short_circuit_decorator to 2025-06-24 00:00:00+00:00, run_after=2025-06-25 00:00:00+00:00
[2025-06-25T09:05:14.117+0000] {processor.py:183} INFO - Processing /home/airflow/.local/lib/python3.8/site-packages/airflow/example_dags/example_short_circuit_decorator.py took 0.159 seconds
[2025-06-25T09:05:44.974+0000] {processor.py:161} INFO - Started process (PID=293) to work on /home/airflow/.local/lib/python3.8/site-packages/airflow/example_dags/example_short_circuit_decorator.py
[2025-06-25T09:05:44.976+0000] {processor.py:830} INFO - Processing file /home/airflow/.local/lib/python3.8/site-packages/airflow/example_dags/example_short_circuit_decorator.py for tasks to queue
[2025-06-25T09:05:44.979+0000] {logging_mixin.py:188} INFO - [2025-06-25T09:05:44.978+0000] {dagbag.py:538} INFO - Filling up the DagBag from /home/airflow/.local/lib/python3.8/site-packages/airflow/example_dags/example_short_circuit_decorator.py
[2025-06-25T09:05:44.996+0000] {processor.py:840} INFO - DAG(s) 'example_short_circuit_decorator' retrieved from /home/airflow/.local/lib/python3.8/site-packages/airflow/example_dags/example_short_circuit_decorator.py
[2025-06-25T09:05:45.040+0000] {logging_mixin.py:188} INFO - [2025-06-25T09:05:45.039+0000] {dag.py:3036} INFO - Sync 1 DAGs
[2025-06-25T09:05:45.075+0000] {logging_mixin.py:188} INFO - [2025-06-25T09:05:45.075+0000] {dag.py:3823} INFO - Setting next_dagrun for example_short_circuit_decorator to 2025-06-24 00:00:00+00:00, run_after=2025-06-25 00:00:00+00:00
[2025-06-25T09:05:45.102+0000] {processor.py:183} INFO - Processing /home/airflow/.local/lib/python3.8/site-packages/airflow/example_dags/example_short_circuit_decorator.py took 0.134 seconds
[2025-06-25T09:06:15.815+0000] {processor.py:161} INFO - Started process (PID=359) to work on /home/airflow/.local/lib/python3.8/site-packages/airflow/example_dags/example_short_circuit_decorator.py
[2025-06-25T09:06:15.817+0000] {processor.py:830} INFO - Processing file /home/airflow/.local/lib/python3.8/site-packages/airflow/example_dags/example_short_circuit_decorator.py for tasks to queue
[2025-06-25T09:06:15.820+0000] {logging_mixin.py:188} INFO - [2025-06-25T09:06:15.819+0000] {dagbag.py:538} INFO - Filling up the DagBag from /home/airflow/.local/lib/python3.8/site-packages/airflow/example_dags/example_short_circuit_decorator.py
[2025-06-25T09:06:15.836+0000] {processor.py:840} INFO - DAG(s) 'example_short_circuit_decorator' retrieved from /home/airflow/.local/lib/python3.8/site-packages/airflow/example_dags/example_short_circuit_decorator.py
[2025-06-25T09:06:15.873+0000] {logging_mixin.py:188} INFO - [2025-06-25T09:06:15.872+0000] {dag.py:3036} INFO - Sync 1 DAGs
[2025-06-25T09:06:15.909+0000] {logging_mixin.py:188} INFO - [2025-06-25T09:06:15.908+0000] {dag.py:3823} INFO - Setting next_dagrun for example_short_circuit_decorator to 2025-06-24 00:00:00+00:00, run_after=2025-06-25 00:00:00+00:00
[2025-06-25T09:06:15.939+0000] {processor.py:183} INFO - Processing /home/airflow/.local/lib/python3.8/site-packages/airflow/example_dags/example_short_circuit_decorator.py took 0.129 seconds
[2025-06-25T09:06:46.782+0000] {processor.py:161} INFO - Started process (PID=424) to work on /home/airflow/.local/lib/python3.8/site-packages/airflow/example_dags/example_short_circuit_decorator.py
[2025-06-25T09:06:46.784+0000] {processor.py:830} INFO - Processing file /home/airflow/.local/lib/python3.8/site-packages/airflow/example_dags/example_short_circuit_decorator.py for tasks to queue
[2025-06-25T09:06:46.790+0000] {logging_mixin.py:188} INFO - [2025-06-25T09:06:46.789+0000] {dagbag.py:538} INFO - Filling up the DagBag from /home/airflow/.local/lib/python3.8/site-packages/airflow/example_dags/example_short_circuit_decorator.py
[2025-06-25T09:06:46.808+0000] {processor.py:840} INFO - DAG(s) 'example_short_circuit_decorator' retrieved from /home/airflow/.local/lib/python3.8/site-packages/airflow/example_dags/example_short_circuit_decorator.py
[2025-06-25T09:06:46.854+0000] {logging_mixin.py:188} INFO - [2025-06-25T09:06:46.854+0000] {dag.py:3036} INFO - Sync 1 DAGs
[2025-06-25T09:06:46.907+0000] {logging_mixin.py:188} INFO - [2025-06-25T09:06:46.906+0000] {dag.py:3823} INFO - Setting next_dagrun for example_short_circuit_decorator to 2025-06-24 00:00:00+00:00, run_after=2025-06-25 00:00:00+00:00
[2025-06-25T09:06:46.973+0000] {processor.py:183} INFO - Processing /home/airflow/.local/lib/python3.8/site-packages/airflow/example_dags/example_short_circuit_decorator.py took 0.197 seconds
[2025-06-25T09:07:17.043+0000] {processor.py:161} INFO - Started process (PID=496) to work on /home/airflow/.local/lib/python3.8/site-packages/airflow/example_dags/example_short_circuit_decorator.py
[2025-06-25T09:07:17.045+0000] {processor.py:830} INFO - Processing file /home/airflow/.local/lib/python3.8/site-packages/airflow/example_dags/example_short_circuit_decorator.py for tasks to queue
[2025-06-25T09:07:17.048+0000] {logging_mixin.py:188} INFO - [2025-06-25T09:07:17.047+0000] {dagbag.py:538} INFO - Filling up the DagBag from /home/airflow/.local/lib/python3.8/site-packages/airflow/example_dags/example_short_circuit_decorator.py
[2025-06-25T09:07:17.065+0000] {processor.py:840} INFO - DAG(s) 'example_short_circuit_decorator' retrieved from /home/airflow/.local/lib/python3.8/site-packages/airflow/example_dags/example_short_circuit_decorator.py
[2025-06-25T09:07:17.109+0000] {logging_mixin.py:188} INFO - [2025-06-25T09:07:17.108+0000] {dag.py:3036} INFO - Sync 1 DAGs
[2025-06-25T09:07:17.152+0000] {logging_mixin.py:188} INFO - [2025-06-25T09:07:17.151+0000] {dag.py:3823} INFO - Setting next_dagrun for example_short_circuit_decorator to 2025-06-24 00:00:00+00:00, run_after=2025-06-25 00:00:00+00:00
[2025-06-25T09:07:17.183+0000] {processor.py:183} INFO - Processing /home/airflow/.local/lib/python3.8/site-packages/airflow/example_dags/example_short_circuit_decorator.py took 0.145 seconds
[2025-06-25T09:07:47.951+0000] {processor.py:161} INFO - Started process (PID=563) to work on /home/airflow/.local/lib/python3.8/site-packages/airflow/example_dags/example_short_circuit_decorator.py
[2025-06-25T09:07:47.953+0000] {processor.py:830} INFO - Processing file /home/airflow/.local/lib/python3.8/site-packages/airflow/example_dags/example_short_circuit_decorator.py for tasks to queue
[2025-06-25T09:07:47.955+0000] {logging_mixin.py:188} INFO - [2025-06-25T09:07:47.955+0000] {dagbag.py:538} INFO - Filling up the DagBag from /home/airflow/.local/lib/python3.8/site-packages/airflow/example_dags/example_short_circuit_decorator.py
[2025-06-25T09:07:47.971+0000] {processor.py:840} INFO - DAG(s) 'example_short_circuit_decorator' retrieved from /home/airflow/.local/lib/python3.8/site-packages/airflow/example_dags/example_short_circuit_decorator.py
[2025-06-25T09:07:48.012+0000] {logging_mixin.py:188} INFO - [2025-06-25T09:07:48.012+0000] {dag.py:3036} INFO - Sync 1 DAGs
[2025-06-25T09:07:48.054+0000] {logging_mixin.py:188} INFO - [2025-06-25T09:07:48.054+0000] {dag.py:3823} INFO - Setting next_dagrun for example_short_circuit_decorator to 2025-06-24 00:00:00+00:00, run_after=2025-06-25 00:00:00+00:00
[2025-06-25T09:07:48.085+0000] {processor.py:183} INFO - Processing /home/airflow/.local/lib/python3.8/site-packages/airflow/example_dags/example_short_circuit_decorator.py took 0.140 seconds
[2025-06-25T09:08:18.886+0000] {processor.py:161} INFO - Started process (PID=629) to work on /home/airflow/.local/lib/python3.8/site-packages/airflow/example_dags/example_short_circuit_decorator.py
[2025-06-25T09:08:18.887+0000] {processor.py:830} INFO - Processing file /home/airflow/.local/lib/python3.8/site-packages/airflow/example_dags/example_short_circuit_decorator.py for tasks to queue
[2025-06-25T09:08:18.891+0000] {logging_mixin.py:188} INFO - [2025-06-25T09:08:18.890+0000] {dagbag.py:538} INFO - Filling up the DagBag from /home/airflow/.local/lib/python3.8/site-packages/airflow/example_dags/example_short_circuit_decorator.py
[2025-06-25T09:08:18.913+0000] {processor.py:840} INFO - DAG(s) 'example_short_circuit_decorator' retrieved from /home/airflow/.local/lib/python3.8/site-packages/airflow/example_dags/example_short_circuit_decorator.py
[2025-06-25T09:08:18.968+0000] {logging_mixin.py:188} INFO - [2025-06-25T09:08:18.968+0000] {dag.py:3036} INFO - Sync 1 DAGs
[2025-06-25T09:08:19.005+0000] {logging_mixin.py:188} INFO - [2025-06-25T09:08:19.005+0000] {dag.py:3823} INFO - Setting next_dagrun for example_short_circuit_decorator to 2025-06-24 00:00:00+00:00, run_after=2025-06-25 00:00:00+00:00
[2025-06-25T09:08:19.032+0000] {processor.py:183} INFO - Processing /home/airflow/.local/lib/python3.8/site-packages/airflow/example_dags/example_short_circuit_decorator.py took 0.154 seconds
[2025-06-25T09:08:49.510+0000] {processor.py:161} INFO - Started process (PID=693) to work on /home/airflow/.local/lib/python3.8/site-packages/airflow/example_dags/example_short_circuit_decorator.py
[2025-06-25T09:08:49.512+0000] {processor.py:830} INFO - Processing file /home/airflow/.local/lib/python3.8/site-packages/airflow/example_dags/example_short_circuit_decorator.py for tasks to queue
[2025-06-25T09:08:49.514+0000] {logging_mixin.py:188} INFO - [2025-06-25T09:08:49.514+0000] {dagbag.py:538} INFO - Filling up the DagBag from /home/airflow/.local/lib/python3.8/site-packages/airflow/example_dags/example_short_circuit_decorator.py
[2025-06-25T09:08:49.528+0000] {processor.py:840} INFO - DAG(s) 'example_short_circuit_decorator' retrieved from /home/airflow/.local/lib/python3.8/site-packages/airflow/example_dags/example_short_circuit_decorator.py
[2025-06-25T09:08:49.583+0000] {logging_mixin.py:188} INFO - [2025-06-25T09:08:49.583+0000] {dag.py:3036} INFO - Sync 1 DAGs
[2025-06-25T09:08:49.626+0000] {logging_mixin.py:188} INFO - [2025-06-25T09:08:49.626+0000] {dag.py:3823} INFO - Setting next_dagrun for example_short_circuit_decorator to 2025-06-24 00:00:00+00:00, run_after=2025-06-25 00:00:00+00:00
[2025-06-25T09:08:49.661+0000] {processor.py:183} INFO - Processing /home/airflow/.local/lib/python3.8/site-packages/airflow/example_dags/example_short_circuit_decorator.py took 0.156 seconds
[2025-06-25T09:09:19.932+0000] {processor.py:161} INFO - Started process (PID=758) to work on /home/airflow/.local/lib/python3.8/site-packages/airflow/example_dags/example_short_circuit_decorator.py
[2025-06-25T09:09:19.934+0000] {processor.py:830} INFO - Processing file /home/airflow/.local/lib/python3.8/site-packages/airflow/example_dags/example_short_circuit_decorator.py for tasks to queue
[2025-06-25T09:09:19.938+0000] {logging_mixin.py:188} INFO - [2025-06-25T09:09:19.937+0000] {dagbag.py:538} INFO - Filling up the DagBag from /home/airflow/.local/lib/python3.8/site-packages/airflow/example_dags/example_short_circuit_decorator.py
[2025-06-25T09:09:19.954+0000] {processor.py:840} INFO - DAG(s) 'example_short_circuit_decorator' retrieved from /home/airflow/.local/lib/python3.8/site-packages/airflow/example_dags/example_short_circuit_decorator.py
[2025-06-25T09:09:20.000+0000] {logging_mixin.py:188} INFO - [2025-06-25T09:09:19.999+0000] {dag.py:3036} INFO - Sync 1 DAGs
[2025-06-25T09:09:20.040+0000] {logging_mixin.py:188} INFO - [2025-06-25T09:09:20.040+0000] {dag.py:3823} INFO - Setting next_dagrun for example_short_circuit_decorator to 2025-06-24 00:00:00+00:00, run_after=2025-06-25 00:00:00+00:00
[2025-06-25T09:09:20.074+0000] {processor.py:183} INFO - Processing /home/airflow/.local/lib/python3.8/site-packages/airflow/example_dags/example_short_circuit_decorator.py took 0.148 seconds
[2025-06-25T09:09:50.963+0000] {processor.py:161} INFO - Started process (PID=822) to work on /home/airflow/.local/lib/python3.8/site-packages/airflow/example_dags/example_short_circuit_decorator.py
[2025-06-25T09:09:50.964+0000] {processor.py:830} INFO - Processing file /home/airflow/.local/lib/python3.8/site-packages/airflow/example_dags/example_short_circuit_decorator.py for tasks to queue
[2025-06-25T09:09:50.967+0000] {logging_mixin.py:188} INFO - [2025-06-25T09:09:50.966+0000] {dagbag.py:538} INFO - Filling up the DagBag from /home/airflow/.local/lib/python3.8/site-packages/airflow/example_dags/example_short_circuit_decorator.py
[2025-06-25T09:09:50.983+0000] {processor.py:840} INFO - DAG(s) 'example_short_circuit_decorator' retrieved from /home/airflow/.local/lib/python3.8/site-packages/airflow/example_dags/example_short_circuit_decorator.py
[2025-06-25T09:09:51.032+0000] {logging_mixin.py:188} INFO - [2025-06-25T09:09:51.031+0000] {dag.py:3036} INFO - Sync 1 DAGs
[2025-06-25T09:09:51.073+0000] {logging_mixin.py:188} INFO - [2025-06-25T09:09:51.073+0000] {dag.py:3823} INFO - Setting next_dagrun for example_short_circuit_decorator to 2025-06-24 00:00:00+00:00, run_after=2025-06-25 00:00:00+00:00
[2025-06-25T09:09:51.109+0000] {processor.py:183} INFO - Processing /home/airflow/.local/lib/python3.8/site-packages/airflow/example_dags/example_short_circuit_decorator.py took 0.151 seconds
[2025-06-25T09:10:22.184+0000] {processor.py:161} INFO - Started process (PID=887) to work on /home/airflow/.local/lib/python3.8/site-packages/airflow/example_dags/example_short_circuit_decorator.py
[2025-06-25T09:10:22.186+0000] {processor.py:830} INFO - Processing file /home/airflow/.local/lib/python3.8/site-packages/airflow/example_dags/example_short_circuit_decorator.py for tasks to queue
[2025-06-25T09:10:22.189+0000] {logging_mixin.py:188} INFO - [2025-06-25T09:10:22.189+0000] {dagbag.py:538} INFO - Filling up the DagBag from /home/airflow/.local/lib/python3.8/site-packages/airflow/example_dags/example_short_circuit_decorator.py
[2025-06-25T09:10:22.207+0000] {processor.py:840} INFO - DAG(s) 'example_short_circuit_decorator' retrieved from /home/airflow/.local/lib/python3.8/site-packages/airflow/example_dags/example_short_circuit_decorator.py
[2025-06-25T09:10:22.253+0000] {logging_mixin.py:188} INFO - [2025-06-25T09:10:22.252+0000] {dag.py:3036} INFO - Sync 1 DAGs
[2025-06-25T09:10:22.304+0000] {logging_mixin.py:188} INFO - [2025-06-25T09:10:22.303+0000] {dag.py:3823} INFO - Setting next_dagrun for example_short_circuit_decorator to 2025-06-24 00:00:00+00:00, run_after=2025-06-25 00:00:00+00:00
[2025-06-25T09:10:22.339+0000] {processor.py:183} INFO - Processing /home/airflow/.local/lib/python3.8/site-packages/airflow/example_dags/example_short_circuit_decorator.py took 0.162 seconds
[2025-06-25T09:10:53.034+0000] {processor.py:161} INFO - Started process (PID=952) to work on /home/airflow/.local/lib/python3.8/site-packages/airflow/example_dags/example_short_circuit_decorator.py
[2025-06-25T09:10:53.036+0000] {processor.py:830} INFO - Processing file /home/airflow/.local/lib/python3.8/site-packages/airflow/example_dags/example_short_circuit_decorator.py for tasks to queue
[2025-06-25T09:10:53.038+0000] {logging_mixin.py:188} INFO - [2025-06-25T09:10:53.038+0000] {dagbag.py:538} INFO - Filling up the DagBag from /home/airflow/.local/lib/python3.8/site-packages/airflow/example_dags/example_short_circuit_decorator.py
[2025-06-25T09:10:53.054+0000] {processor.py:840} INFO - DAG(s) 'example_short_circuit_decorator' retrieved from /home/airflow/.local/lib/python3.8/site-packages/airflow/example_dags/example_short_circuit_decorator.py
[2025-06-25T09:10:53.092+0000] {logging_mixin.py:188} INFO - [2025-06-25T09:10:53.092+0000] {dag.py:3036} INFO - Sync 1 DAGs
[2025-06-25T09:10:53.153+0000] {logging_mixin.py:188} INFO - [2025-06-25T09:10:53.153+0000] {dag.py:3823} INFO - Setting next_dagrun for example_short_circuit_decorator to 2025-06-24 00:00:00+00:00, run_after=2025-06-25 00:00:00+00:00
[2025-06-25T09:10:53.208+0000] {processor.py:183} INFO - Processing /home/airflow/.local/lib/python3.8/site-packages/airflow/example_dags/example_short_circuit_decorator.py took 0.181 seconds
[2025-06-25T09:11:23.931+0000] {processor.py:161} INFO - Started process (PID=1017) to work on /home/airflow/.local/lib/python3.8/site-packages/airflow/example_dags/example_short_circuit_decorator.py
[2025-06-25T09:11:23.934+0000] {processor.py:830} INFO - Processing file /home/airflow/.local/lib/python3.8/site-packages/airflow/example_dags/example_short_circuit_decorator.py for tasks to queue
[2025-06-25T09:11:23.937+0000] {logging_mixin.py:188} INFO - [2025-06-25T09:11:23.936+0000] {dagbag.py:538} INFO - Filling up the DagBag from /home/airflow/.local/lib/python3.8/site-packages/airflow/example_dags/example_short_circuit_decorator.py
[2025-06-25T09:11:23.955+0000] {processor.py:840} INFO - DAG(s) 'example_short_circuit_decorator' retrieved from /home/airflow/.local/lib/python3.8/site-packages/airflow/example_dags/example_short_circuit_decorator.py
[2025-06-25T09:11:24.002+0000] {logging_mixin.py:188} INFO - [2025-06-25T09:11:24.001+0000] {dag.py:3036} INFO - Sync 1 DAGs
[2025-06-25T09:11:24.049+0000] {logging_mixin.py:188} INFO - [2025-06-25T09:11:24.048+0000] {dag.py:3823} INFO - Setting next_dagrun for example_short_circuit_decorator to 2025-06-24 00:00:00+00:00, run_after=2025-06-25 00:00:00+00:00
[2025-06-25T09:11:24.086+0000] {processor.py:183} INFO - Processing /home/airflow/.local/lib/python3.8/site-packages/airflow/example_dags/example_short_circuit_decorator.py took 0.161 seconds
[2025-06-25T09:11:54.589+0000] {processor.py:161} INFO - Started process (PID=1082) to work on /home/airflow/.local/lib/python3.8/site-packages/airflow/example_dags/example_short_circuit_decorator.py
[2025-06-25T09:11:54.591+0000] {processor.py:830} INFO - Processing file /home/airflow/.local/lib/python3.8/site-packages/airflow/example_dags/example_short_circuit_decorator.py for tasks to queue
[2025-06-25T09:11:54.595+0000] {logging_mixin.py:188} INFO - [2025-06-25T09:11:54.594+0000] {dagbag.py:538} INFO - Filling up the DagBag from /home/airflow/.local/lib/python3.8/site-packages/airflow/example_dags/example_short_circuit_decorator.py
[2025-06-25T09:11:54.612+0000] {processor.py:840} INFO - DAG(s) 'example_short_circuit_decorator' retrieved from /home/airflow/.local/lib/python3.8/site-packages/airflow/example_dags/example_short_circuit_decorator.py
[2025-06-25T09:11:54.665+0000] {logging_mixin.py:188} INFO - [2025-06-25T09:11:54.665+0000] {dag.py:3036} INFO - Sync 1 DAGs
[2025-06-25T09:11:54.726+0000] {logging_mixin.py:188} INFO - [2025-06-25T09:11:54.726+0000] {dag.py:3823} INFO - Setting next_dagrun for example_short_circuit_decorator to 2025-06-24 00:00:00+00:00, run_after=2025-06-25 00:00:00+00:00
[2025-06-25T09:11:54.782+0000] {processor.py:183} INFO - Processing /home/airflow/.local/lib/python3.8/site-packages/airflow/example_dags/example_short_circuit_decorator.py took 0.199 seconds
[2025-06-25T09:12:24.938+0000] {processor.py:161} INFO - Started process (PID=1145) to work on /home/airflow/.local/lib/python3.8/site-packages/airflow/example_dags/example_short_circuit_decorator.py
[2025-06-25T09:12:24.942+0000] {processor.py:830} INFO - Processing file /home/airflow/.local/lib/python3.8/site-packages/airflow/example_dags/example_short_circuit_decorator.py for tasks to queue
[2025-06-25T09:12:24.946+0000] {logging_mixin.py:188} INFO - [2025-06-25T09:12:24.945+0000] {dagbag.py:538} INFO - Filling up the DagBag from /home/airflow/.local/lib/python3.8/site-packages/airflow/example_dags/example_short_circuit_decorator.py
[2025-06-25T09:12:24.971+0000] {processor.py:840} INFO - DAG(s) 'example_short_circuit_decorator' retrieved from /home/airflow/.local/lib/python3.8/site-packages/airflow/example_dags/example_short_circuit_decorator.py
[2025-06-25T09:12:25.021+0000] {logging_mixin.py:188} INFO - [2025-06-25T09:12:25.020+0000] {dag.py:3036} INFO - Sync 1 DAGs
[2025-06-25T09:12:25.069+0000] {logging_mixin.py:188} INFO - [2025-06-25T09:12:25.069+0000] {dag.py:3823} INFO - Setting next_dagrun for example_short_circuit_decorator to 2025-06-24 00:00:00+00:00, run_after=2025-06-25 00:00:00+00:00
[2025-06-25T09:12:25.128+0000] {processor.py:183} INFO - Processing /home/airflow/.local/lib/python3.8/site-packages/airflow/example_dags/example_short_circuit_decorator.py took 0.205 seconds
[2025-06-25T09:12:55.801+0000] {processor.py:161} INFO - Started process (PID=1211) to work on /home/airflow/.local/lib/python3.8/site-packages/airflow/example_dags/example_short_circuit_decorator.py
[2025-06-25T09:12:55.802+0000] {processor.py:830} INFO - Processing file /home/airflow/.local/lib/python3.8/site-packages/airflow/example_dags/example_short_circuit_decorator.py for tasks to queue
[2025-06-25T09:12:55.805+0000] {logging_mixin.py:188} INFO - [2025-06-25T09:12:55.805+0000] {dagbag.py:538} INFO - Filling up the DagBag from /home/airflow/.local/lib/python3.8/site-packages/airflow/example_dags/example_short_circuit_decorator.py
[2025-06-25T09:12:55.828+0000] {processor.py:840} INFO - DAG(s) 'example_short_circuit_decorator' retrieved from /home/airflow/.local/lib/python3.8/site-packages/airflow/example_dags/example_short_circuit_decorator.py
[2025-06-25T09:12:55.879+0000] {logging_mixin.py:188} INFO - [2025-06-25T09:12:55.878+0000] {dag.py:3036} INFO - Sync 1 DAGs
[2025-06-25T09:12:55.929+0000] {logging_mixin.py:188} INFO - [2025-06-25T09:12:55.928+0000] {dag.py:3823} INFO - Setting next_dagrun for example_short_circuit_decorator to 2025-06-24 00:00:00+00:00, run_after=2025-06-25 00:00:00+00:00
[2025-06-25T09:12:55.965+0000] {processor.py:183} INFO - Processing /home/airflow/.local/lib/python3.8/site-packages/airflow/example_dags/example_short_circuit_decorator.py took 0.171 seconds
[2025-06-25T09:13:26.613+0000] {processor.py:161} INFO - Started process (PID=1277) to work on /home/airflow/.local/lib/python3.8/site-packages/airflow/example_dags/example_short_circuit_decorator.py
[2025-06-25T09:13:26.615+0000] {processor.py:830} INFO - Processing file /home/airflow/.local/lib/python3.8/site-packages/airflow/example_dags/example_short_circuit_decorator.py for tasks to queue
[2025-06-25T09:13:26.619+0000] {logging_mixin.py:188} INFO - [2025-06-25T09:13:26.619+0000] {dagbag.py:538} INFO - Filling up the DagBag from /home/airflow/.local/lib/python3.8/site-packages/airflow/example_dags/example_short_circuit_decorator.py
[2025-06-25T09:13:26.636+0000] {processor.py:840} INFO - DAG(s) 'example_short_circuit_decorator' retrieved from /home/airflow/.local/lib/python3.8/site-packages/airflow/example_dags/example_short_circuit_decorator.py
[2025-06-25T09:13:26.683+0000] {logging_mixin.py:188} INFO - [2025-06-25T09:13:26.683+0000] {dag.py:3036} INFO - Sync 1 DAGs
[2025-06-25T09:13:26.746+0000] {logging_mixin.py:188} INFO - [2025-06-25T09:13:26.746+0000] {dag.py:3823} INFO - Setting next_dagrun for example_short_circuit_decorator to 2025-06-24 00:00:00+00:00, run_after=2025-06-25 00:00:00+00:00
[2025-06-25T09:13:26.781+0000] {processor.py:183} INFO - Processing /home/airflow/.local/lib/python3.8/site-packages/airflow/example_dags/example_short_circuit_decorator.py took 0.176 seconds
[2025-06-25T09:13:57.658+0000] {processor.py:161} INFO - Started process (PID=1343) to work on /home/airflow/.local/lib/python3.8/site-packages/airflow/example_dags/example_short_circuit_decorator.py
[2025-06-25T09:13:57.660+0000] {processor.py:830} INFO - Processing file /home/airflow/.local/lib/python3.8/site-packages/airflow/example_dags/example_short_circuit_decorator.py for tasks to queue
[2025-06-25T09:13:57.664+0000] {logging_mixin.py:188} INFO - [2025-06-25T09:13:57.663+0000] {dagbag.py:538} INFO - Filling up the DagBag from /home/airflow/.local/lib/python3.8/site-packages/airflow/example_dags/example_short_circuit_decorator.py
[2025-06-25T09:13:57.686+0000] {processor.py:840} INFO - DAG(s) 'example_short_circuit_decorator' retrieved from /home/airflow/.local/lib/python3.8/site-packages/airflow/example_dags/example_short_circuit_decorator.py
[2025-06-25T09:13:57.747+0000] {logging_mixin.py:188} INFO - [2025-06-25T09:13:57.747+0000] {dag.py:3036} INFO - Sync 1 DAGs
[2025-06-25T09:13:57.805+0000] {logging_mixin.py:188} INFO - [2025-06-25T09:13:57.804+0000] {dag.py:3823} INFO - Setting next_dagrun for example_short_circuit_decorator to 2025-06-24 00:00:00+00:00, run_after=2025-06-25 00:00:00+00:00
[2025-06-25T09:13:57.845+0000] {processor.py:183} INFO - Processing /home/airflow/.local/lib/python3.8/site-packages/airflow/example_dags/example_short_circuit_decorator.py took 0.193 seconds
[2025-06-25T09:14:28.378+0000] {processor.py:161} INFO - Started process (PID=1408) to work on /home/airflow/.local/lib/python3.8/site-packages/airflow/example_dags/example_short_circuit_decorator.py
[2025-06-25T09:14:28.381+0000] {processor.py:830} INFO - Processing file /home/airflow/.local/lib/python3.8/site-packages/airflow/example_dags/example_short_circuit_decorator.py for tasks to queue
[2025-06-25T09:14:28.387+0000] {logging_mixin.py:188} INFO - [2025-06-25T09:14:28.386+0000] {dagbag.py:538} INFO - Filling up the DagBag from /home/airflow/.local/lib/python3.8/site-packages/airflow/example_dags/example_short_circuit_decorator.py
[2025-06-25T09:14:28.446+0000] {processor.py:840} INFO - DAG(s) 'example_short_circuit_decorator' retrieved from /home/airflow/.local/lib/python3.8/site-packages/airflow/example_dags/example_short_circuit_decorator.py
[2025-06-25T09:14:28.550+0000] {logging_mixin.py:188} INFO - [2025-06-25T09:14:28.549+0000] {dag.py:3036} INFO - Sync 1 DAGs
[2025-06-25T09:14:28.633+0000] {logging_mixin.py:188} INFO - [2025-06-25T09:14:28.632+0000] {dag.py:3823} INFO - Setting next_dagrun for example_short_circuit_decorator to 2025-06-24 00:00:00+00:00, run_after=2025-06-25 00:00:00+00:00
[2025-06-25T09:14:28.732+0000] {processor.py:183} INFO - Processing /home/airflow/.local/lib/python3.8/site-packages/airflow/example_dags/example_short_circuit_decorator.py took 0.377 seconds
[2025-06-25T09:14:59.317+0000] {processor.py:161} INFO - Started process (PID=1473) to work on /home/airflow/.local/lib/python3.8/site-packages/airflow/example_dags/example_short_circuit_decorator.py
[2025-06-25T09:14:59.331+0000] {processor.py:830} INFO - Processing file /home/airflow/.local/lib/python3.8/site-packages/airflow/example_dags/example_short_circuit_decorator.py for tasks to queue
[2025-06-25T09:14:59.335+0000] {logging_mixin.py:188} INFO - [2025-06-25T09:14:59.334+0000] {dagbag.py:538} INFO - Filling up the DagBag from /home/airflow/.local/lib/python3.8/site-packages/airflow/example_dags/example_short_circuit_decorator.py
[2025-06-25T09:14:59.367+0000] {processor.py:840} INFO - DAG(s) 'example_short_circuit_decorator' retrieved from /home/airflow/.local/lib/python3.8/site-packages/airflow/example_dags/example_short_circuit_decorator.py
[2025-06-25T09:14:59.439+0000] {logging_mixin.py:188} INFO - [2025-06-25T09:14:59.438+0000] {dag.py:3036} INFO - Sync 1 DAGs
[2025-06-25T09:14:59.489+0000] {logging_mixin.py:188} INFO - [2025-06-25T09:14:59.488+0000] {dag.py:3823} INFO - Setting next_dagrun for example_short_circuit_decorator to 2025-06-24 00:00:00+00:00, run_after=2025-06-25 00:00:00+00:00
[2025-06-25T09:14:59.541+0000] {processor.py:183} INFO - Processing /home/airflow/.local/lib/python3.8/site-packages/airflow/example_dags/example_short_circuit_decorator.py took 0.239 seconds
[2025-06-25T09:15:29.767+0000] {processor.py:161} INFO - Started process (PID=1530) to work on /home/airflow/.local/lib/python3.8/site-packages/airflow/example_dags/example_short_circuit_decorator.py
[2025-06-25T09:15:29.769+0000] {processor.py:830} INFO - Processing file /home/airflow/.local/lib/python3.8/site-packages/airflow/example_dags/example_short_circuit_decorator.py for tasks to queue
[2025-06-25T09:15:29.773+0000] {logging_mixin.py:188} INFO - [2025-06-25T09:15:29.772+0000] {dagbag.py:538} INFO - Filling up the DagBag from /home/airflow/.local/lib/python3.8/site-packages/airflow/example_dags/example_short_circuit_decorator.py
[2025-06-25T09:15:29.792+0000] {processor.py:840} INFO - DAG(s) 'example_short_circuit_decorator' retrieved from /home/airflow/.local/lib/python3.8/site-packages/airflow/example_dags/example_short_circuit_decorator.py
[2025-06-25T09:15:29.846+0000] {logging_mixin.py:188} INFO - [2025-06-25T09:15:29.843+0000] {dag.py:3036} INFO - Sync 1 DAGs
[2025-06-25T09:15:29.911+0000] {logging_mixin.py:188} INFO - [2025-06-25T09:15:29.910+0000] {dag.py:3823} INFO - Setting next_dagrun for example_short_circuit_decorator to 2025-06-24 00:00:00+00:00, run_after=2025-06-25 00:00:00+00:00
[2025-06-25T09:15:29.963+0000] {processor.py:183} INFO - Processing /home/airflow/.local/lib/python3.8/site-packages/airflow/example_dags/example_short_circuit_decorator.py took 0.203 seconds
[2025-06-25T09:16:00.158+0000] {processor.py:161} INFO - Started process (PID=1595) to work on /home/airflow/.local/lib/python3.8/site-packages/airflow/example_dags/example_short_circuit_decorator.py
[2025-06-25T09:16:00.160+0000] {processor.py:830} INFO - Processing file /home/airflow/.local/lib/python3.8/site-packages/airflow/example_dags/example_short_circuit_decorator.py for tasks to queue
[2025-06-25T09:16:00.163+0000] {logging_mixin.py:188} INFO - [2025-06-25T09:16:00.163+0000] {dagbag.py:538} INFO - Filling up the DagBag from /home/airflow/.local/lib/python3.8/site-packages/airflow/example_dags/example_short_circuit_decorator.py
[2025-06-25T09:16:00.180+0000] {processor.py:840} INFO - DAG(s) 'example_short_circuit_decorator' retrieved from /home/airflow/.local/lib/python3.8/site-packages/airflow/example_dags/example_short_circuit_decorator.py
[2025-06-25T09:16:00.240+0000] {logging_mixin.py:188} INFO - [2025-06-25T09:16:00.239+0000] {dag.py:3036} INFO - Sync 1 DAGs
[2025-06-25T09:16:00.290+0000] {logging_mixin.py:188} INFO - [2025-06-25T09:16:00.290+0000] {dag.py:3823} INFO - Setting next_dagrun for example_short_circuit_decorator to 2025-06-24 00:00:00+00:00, run_after=2025-06-25 00:00:00+00:00
[2025-06-25T09:16:00.329+0000] {processor.py:183} INFO - Processing /home/airflow/.local/lib/python3.8/site-packages/airflow/example_dags/example_short_circuit_decorator.py took 0.177 seconds
[2025-06-25T09:16:31.552+0000] {processor.py:161} INFO - Started process (PID=1659) to work on /home/airflow/.local/lib/python3.8/site-packages/airflow/example_dags/example_short_circuit_decorator.py
[2025-06-25T09:16:31.559+0000] {processor.py:830} INFO - Processing file /home/airflow/.local/lib/python3.8/site-packages/airflow/example_dags/example_short_circuit_decorator.py for tasks to queue
[2025-06-25T09:16:31.564+0000] {logging_mixin.py:188} INFO - [2025-06-25T09:16:31.561+0000] {dagbag.py:538} INFO - Filling up the DagBag from /home/airflow/.local/lib/python3.8/site-packages/airflow/example_dags/example_short_circuit_decorator.py
[2025-06-25T09:16:31.591+0000] {processor.py:840} INFO - DAG(s) 'example_short_circuit_decorator' retrieved from /home/airflow/.local/lib/python3.8/site-packages/airflow/example_dags/example_short_circuit_decorator.py
[2025-06-25T09:16:31.676+0000] {logging_mixin.py:188} INFO - [2025-06-25T09:16:31.675+0000] {dag.py:3036} INFO - Sync 1 DAGs
[2025-06-25T09:16:31.745+0000] {logging_mixin.py:188} INFO - [2025-06-25T09:16:31.744+0000] {dag.py:3823} INFO - Setting next_dagrun for example_short_circuit_decorator to 2025-06-24 00:00:00+00:00, run_after=2025-06-25 00:00:00+00:00
[2025-06-25T09:16:31.808+0000] {processor.py:183} INFO - Processing /home/airflow/.local/lib/python3.8/site-packages/airflow/example_dags/example_short_circuit_decorator.py took 0.266 seconds
[2025-06-25T09:17:02.176+0000] {processor.py:161} INFO - Started process (PID=1724) to work on /home/airflow/.local/lib/python3.8/site-packages/airflow/example_dags/example_short_circuit_decorator.py
[2025-06-25T09:17:02.178+0000] {processor.py:830} INFO - Processing file /home/airflow/.local/lib/python3.8/site-packages/airflow/example_dags/example_short_circuit_decorator.py for tasks to queue
[2025-06-25T09:17:02.180+0000] {logging_mixin.py:188} INFO - [2025-06-25T09:17:02.180+0000] {dagbag.py:538} INFO - Filling up the DagBag from /home/airflow/.local/lib/python3.8/site-packages/airflow/example_dags/example_short_circuit_decorator.py
[2025-06-25T09:17:02.202+0000] {processor.py:840} INFO - DAG(s) 'example_short_circuit_decorator' retrieved from /home/airflow/.local/lib/python3.8/site-packages/airflow/example_dags/example_short_circuit_decorator.py
[2025-06-25T09:17:02.274+0000] {logging_mixin.py:188} INFO - [2025-06-25T09:17:02.274+0000] {dag.py:3036} INFO - Sync 1 DAGs
[2025-06-25T09:17:02.331+0000] {logging_mixin.py:188} INFO - [2025-06-25T09:17:02.330+0000] {dag.py:3823} INFO - Setting next_dagrun for example_short_circuit_decorator to 2025-06-24 00:00:00+00:00, run_after=2025-06-25 00:00:00+00:00
[2025-06-25T09:17:02.371+0000] {processor.py:183} INFO - Processing /home/airflow/.local/lib/python3.8/site-packages/airflow/example_dags/example_short_circuit_decorator.py took 0.201 seconds
[2025-06-25T09:17:33.132+0000] {processor.py:161} INFO - Started process (PID=1790) to work on /home/airflow/.local/lib/python3.8/site-packages/airflow/example_dags/example_short_circuit_decorator.py
[2025-06-25T09:17:33.134+0000] {processor.py:830} INFO - Processing file /home/airflow/.local/lib/python3.8/site-packages/airflow/example_dags/example_short_circuit_decorator.py for tasks to queue
[2025-06-25T09:17:33.138+0000] {logging_mixin.py:188} INFO - [2025-06-25T09:17:33.137+0000] {dagbag.py:538} INFO - Filling up the DagBag from /home/airflow/.local/lib/python3.8/site-packages/airflow/example_dags/example_short_circuit_decorator.py
[2025-06-25T09:17:33.157+0000] {processor.py:840} INFO - DAG(s) 'example_short_circuit_decorator' retrieved from /home/airflow/.local/lib/python3.8/site-packages/airflow/example_dags/example_short_circuit_decorator.py
[2025-06-25T09:17:33.205+0000] {logging_mixin.py:188} INFO - [2025-06-25T09:17:33.205+0000] {dag.py:3036} INFO - Sync 1 DAGs
[2025-06-25T09:17:33.258+0000] {logging_mixin.py:188} INFO - [2025-06-25T09:17:33.258+0000] {dag.py:3823} INFO - Setting next_dagrun for example_short_circuit_decorator to 2025-06-24 00:00:00+00:00, run_after=2025-06-25 00:00:00+00:00
[2025-06-25T09:17:33.302+0000] {processor.py:183} INFO - Processing /home/airflow/.local/lib/python3.8/site-packages/airflow/example_dags/example_short_circuit_decorator.py took 0.175 seconds
[2025-06-25T09:18:03.428+0000] {processor.py:161} INFO - Started process (PID=1854) to work on /home/airflow/.local/lib/python3.8/site-packages/airflow/example_dags/example_short_circuit_decorator.py
[2025-06-25T09:18:03.431+0000] {processor.py:830} INFO - Processing file /home/airflow/.local/lib/python3.8/site-packages/airflow/example_dags/example_short_circuit_decorator.py for tasks to queue
[2025-06-25T09:18:03.433+0000] {logging_mixin.py:188} INFO - [2025-06-25T09:18:03.433+0000] {dagbag.py:538} INFO - Filling up the DagBag from /home/airflow/.local/lib/python3.8/site-packages/airflow/example_dags/example_short_circuit_decorator.py
[2025-06-25T09:18:03.457+0000] {processor.py:840} INFO - DAG(s) 'example_short_circuit_decorator' retrieved from /home/airflow/.local/lib/python3.8/site-packages/airflow/example_dags/example_short_circuit_decorator.py
[2025-06-25T09:18:03.506+0000] {logging_mixin.py:188} INFO - [2025-06-25T09:18:03.505+0000] {dag.py:3036} INFO - Sync 1 DAGs
[2025-06-25T09:18:03.551+0000] {logging_mixin.py:188} INFO - [2025-06-25T09:18:03.551+0000] {dag.py:3823} INFO - Setting next_dagrun for example_short_circuit_decorator to 2025-06-24 00:00:00+00:00, run_after=2025-06-25 00:00:00+00:00
[2025-06-25T09:18:03.590+0000] {processor.py:183} INFO - Processing /home/airflow/.local/lib/python3.8/site-packages/airflow/example_dags/example_short_circuit_decorator.py took 0.168 seconds
[2025-06-25T09:18:33.930+0000] {processor.py:161} INFO - Started process (PID=1920) to work on /home/airflow/.local/lib/python3.8/site-packages/airflow/example_dags/example_short_circuit_decorator.py
[2025-06-25T09:18:33.932+0000] {processor.py:830} INFO - Processing file /home/airflow/.local/lib/python3.8/site-packages/airflow/example_dags/example_short_circuit_decorator.py for tasks to queue
[2025-06-25T09:18:33.936+0000] {logging_mixin.py:188} INFO - [2025-06-25T09:18:33.935+0000] {dagbag.py:538} INFO - Filling up the DagBag from /home/airflow/.local/lib/python3.8/site-packages/airflow/example_dags/example_short_circuit_decorator.py
[2025-06-25T09:18:33.957+0000] {processor.py:840} INFO - DAG(s) 'example_short_circuit_decorator' retrieved from /home/airflow/.local/lib/python3.8/site-packages/airflow/example_dags/example_short_circuit_decorator.py
[2025-06-25T09:18:34.013+0000] {logging_mixin.py:188} INFO - [2025-06-25T09:18:34.012+0000] {dag.py:3036} INFO - Sync 1 DAGs
[2025-06-25T09:18:34.058+0000] {logging_mixin.py:188} INFO - [2025-06-25T09:18:34.058+0000] {dag.py:3823} INFO - Setting next_dagrun for example_short_circuit_decorator to 2025-06-24 00:00:00+00:00, run_after=2025-06-25 00:00:00+00:00
[2025-06-25T09:18:34.095+0000] {processor.py:183} INFO - Processing /home/airflow/.local/lib/python3.8/site-packages/airflow/example_dags/example_short_circuit_decorator.py took 0.171 seconds
[2025-06-25T09:19:04.744+0000] {processor.py:161} INFO - Started process (PID=1985) to work on /home/airflow/.local/lib/python3.8/site-packages/airflow/example_dags/example_short_circuit_decorator.py
[2025-06-25T09:19:04.746+0000] {processor.py:830} INFO - Processing file /home/airflow/.local/lib/python3.8/site-packages/airflow/example_dags/example_short_circuit_decorator.py for tasks to queue
[2025-06-25T09:19:04.756+0000] {logging_mixin.py:188} INFO - [2025-06-25T09:19:04.756+0000] {dagbag.py:538} INFO - Filling up the DagBag from /home/airflow/.local/lib/python3.8/site-packages/airflow/example_dags/example_short_circuit_decorator.py
[2025-06-25T09:19:04.775+0000] {processor.py:840} INFO - DAG(s) 'example_short_circuit_decorator' retrieved from /home/airflow/.local/lib/python3.8/site-packages/airflow/example_dags/example_short_circuit_decorator.py
[2025-06-25T09:19:04.825+0000] {logging_mixin.py:188} INFO - [2025-06-25T09:19:04.825+0000] {dag.py:3036} INFO - Sync 1 DAGs
[2025-06-25T09:19:04.874+0000] {logging_mixin.py:188} INFO - [2025-06-25T09:19:04.874+0000] {dag.py:3823} INFO - Setting next_dagrun for example_short_circuit_decorator to 2025-06-24 00:00:00+00:00, run_after=2025-06-25 00:00:00+00:00
[2025-06-25T09:19:04.913+0000] {processor.py:183} INFO - Processing /home/airflow/.local/lib/python3.8/site-packages/airflow/example_dags/example_short_circuit_decorator.py took 0.178 seconds
[2025-06-25T09:19:35.006+0000] {processor.py:161} INFO - Started process (PID=2050) to work on /home/airflow/.local/lib/python3.8/site-packages/airflow/example_dags/example_short_circuit_decorator.py
[2025-06-25T09:19:35.008+0000] {processor.py:830} INFO - Processing file /home/airflow/.local/lib/python3.8/site-packages/airflow/example_dags/example_short_circuit_decorator.py for tasks to queue
[2025-06-25T09:19:35.016+0000] {logging_mixin.py:188} INFO - [2025-06-25T09:19:35.015+0000] {dagbag.py:538} INFO - Filling up the DagBag from /home/airflow/.local/lib/python3.8/site-packages/airflow/example_dags/example_short_circuit_decorator.py
[2025-06-25T09:19:35.038+0000] {processor.py:840} INFO - DAG(s) 'example_short_circuit_decorator' retrieved from /home/airflow/.local/lib/python3.8/site-packages/airflow/example_dags/example_short_circuit_decorator.py
[2025-06-25T09:19:35.093+0000] {logging_mixin.py:188} INFO - [2025-06-25T09:19:35.092+0000] {dag.py:3036} INFO - Sync 1 DAGs
[2025-06-25T09:19:35.131+0000] {logging_mixin.py:188} INFO - [2025-06-25T09:19:35.131+0000] {dag.py:3823} INFO - Setting next_dagrun for example_short_circuit_decorator to 2025-06-24 00:00:00+00:00, run_after=2025-06-25 00:00:00+00:00
[2025-06-25T09:19:35.160+0000] {processor.py:183} INFO - Processing /home/airflow/.local/lib/python3.8/site-packages/airflow/example_dags/example_short_circuit_decorator.py took 0.160 seconds
[2025-06-25T09:20:05.296+0000] {processor.py:161} INFO - Started process (PID=2115) to work on /home/airflow/.local/lib/python3.8/site-packages/airflow/example_dags/example_short_circuit_decorator.py
[2025-06-25T09:20:05.298+0000] {processor.py:830} INFO - Processing file /home/airflow/.local/lib/python3.8/site-packages/airflow/example_dags/example_short_circuit_decorator.py for tasks to queue
[2025-06-25T09:20:05.301+0000] {logging_mixin.py:188} INFO - [2025-06-25T09:20:05.301+0000] {dagbag.py:538} INFO - Filling up the DagBag from /home/airflow/.local/lib/python3.8/site-packages/airflow/example_dags/example_short_circuit_decorator.py
[2025-06-25T09:20:05.318+0000] {processor.py:840} INFO - DAG(s) 'example_short_circuit_decorator' retrieved from /home/airflow/.local/lib/python3.8/site-packages/airflow/example_dags/example_short_circuit_decorator.py
[2025-06-25T09:20:05.357+0000] {logging_mixin.py:188} INFO - [2025-06-25T09:20:05.356+0000] {dag.py:3036} INFO - Sync 1 DAGs
[2025-06-25T09:20:05.395+0000] {logging_mixin.py:188} INFO - [2025-06-25T09:20:05.394+0000] {dag.py:3823} INFO - Setting next_dagrun for example_short_circuit_decorator to 2025-06-24 00:00:00+00:00, run_after=2025-06-25 00:00:00+00:00
[2025-06-25T09:20:05.435+0000] {processor.py:183} INFO - Processing /home/airflow/.local/lib/python3.8/site-packages/airflow/example_dags/example_short_circuit_decorator.py took 0.144 seconds
[2025-06-25T09:20:35.603+0000] {processor.py:161} INFO - Started process (PID=2180) to work on /home/airflow/.local/lib/python3.8/site-packages/airflow/example_dags/example_short_circuit_decorator.py
[2025-06-25T09:20:35.605+0000] {processor.py:830} INFO - Processing file /home/airflow/.local/lib/python3.8/site-packages/airflow/example_dags/example_short_circuit_decorator.py for tasks to queue
[2025-06-25T09:20:35.607+0000] {logging_mixin.py:188} INFO - [2025-06-25T09:20:35.606+0000] {dagbag.py:538} INFO - Filling up the DagBag from /home/airflow/.local/lib/python3.8/site-packages/airflow/example_dags/example_short_circuit_decorator.py
[2025-06-25T09:20:35.620+0000] {processor.py:840} INFO - DAG(s) 'example_short_circuit_decorator' retrieved from /home/airflow/.local/lib/python3.8/site-packages/airflow/example_dags/example_short_circuit_decorator.py
[2025-06-25T09:20:35.661+0000] {logging_mixin.py:188} INFO - [2025-06-25T09:20:35.661+0000] {dag.py:3036} INFO - Sync 1 DAGs
[2025-06-25T09:20:35.699+0000] {logging_mixin.py:188} INFO - [2025-06-25T09:20:35.698+0000] {dag.py:3823} INFO - Setting next_dagrun for example_short_circuit_decorator to 2025-06-24 00:00:00+00:00, run_after=2025-06-25 00:00:00+00:00
[2025-06-25T09:20:35.726+0000] {processor.py:183} INFO - Processing /home/airflow/.local/lib/python3.8/site-packages/airflow/example_dags/example_short_circuit_decorator.py took 0.128 seconds
[2025-06-25T09:21:06.193+0000] {processor.py:161} INFO - Started process (PID=2245) to work on /home/airflow/.local/lib/python3.8/site-packages/airflow/example_dags/example_short_circuit_decorator.py
[2025-06-25T09:21:06.195+0000] {processor.py:830} INFO - Processing file /home/airflow/.local/lib/python3.8/site-packages/airflow/example_dags/example_short_circuit_decorator.py for tasks to queue
[2025-06-25T09:21:06.198+0000] {logging_mixin.py:188} INFO - [2025-06-25T09:21:06.197+0000] {dagbag.py:538} INFO - Filling up the DagBag from /home/airflow/.local/lib/python3.8/site-packages/airflow/example_dags/example_short_circuit_decorator.py
[2025-06-25T09:21:06.215+0000] {processor.py:840} INFO - DAG(s) 'example_short_circuit_decorator' retrieved from /home/airflow/.local/lib/python3.8/site-packages/airflow/example_dags/example_short_circuit_decorator.py
[2025-06-25T09:21:06.252+0000] {logging_mixin.py:188} INFO - [2025-06-25T09:21:06.252+0000] {dag.py:3036} INFO - Sync 1 DAGs
[2025-06-25T09:21:06.284+0000] {logging_mixin.py:188} INFO - [2025-06-25T09:21:06.284+0000] {dag.py:3823} INFO - Setting next_dagrun for example_short_circuit_decorator to 2025-06-24 00:00:00+00:00, run_after=2025-06-25 00:00:00+00:00
[2025-06-25T09:21:06.309+0000] {processor.py:183} INFO - Processing /home/airflow/.local/lib/python3.8/site-packages/airflow/example_dags/example_short_circuit_decorator.py took 0.121 seconds
