[2025-06-25T09:04:15.233+0000] {processor.py:161} INFO - Started process (PID=114) to work on /home/airflow/.local/lib/python3.8/site-packages/airflow/example_dags/example_sensor_decorator.py
[2025-06-25T09:04:15.234+0000] {processor.py:830} INFO - Processing file /home/airflow/.local/lib/python3.8/site-packages/airflow/example_dags/example_sensor_decorator.py for tasks to queue
[2025-06-25T09:04:15.237+0000] {logging_mixin.py:188} INFO - [2025-06-25T09:04:15.237+0000] {dagbag.py:538} INFO - Filling up the DagBag from /home/airflow/.local/lib/python3.8/site-packages/airflow/example_dags/example_sensor_decorator.py
[2025-06-25T09:04:15.248+0000] {processor.py:840} INFO - DAG(s) 'example_sensor_decorator' retrieved from /home/airflow/.local/lib/python3.8/site-packages/airflow/example_dags/example_sensor_decorator.py
[2025-06-25T09:04:15.281+0000] {logging_mixin.py:188} INFO - [2025-06-25T09:04:15.281+0000] {dag.py:3036} INFO - Sync 1 DAGs
[2025-06-25T09:04:15.312+0000] {logging_mixin.py:188} INFO - [2025-06-25T09:04:15.312+0000] {dag.py:3823} INFO - Setting next_dagrun for example_sensor_decorator to None, run_after=None
[2025-06-25T09:04:15.345+0000] {processor.py:183} INFO - Processing /home/airflow/.local/lib/python3.8/site-packages/airflow/example_dags/example_sensor_decorator.py took 0.118 seconds
[2025-06-25T09:04:46.035+0000] {processor.py:161} INFO - Started process (PID=178) to work on /home/airflow/.local/lib/python3.8/site-packages/airflow/example_dags/example_sensor_decorator.py
[2025-06-25T09:04:46.036+0000] {processor.py:830} INFO - Processing file /home/airflow/.local/lib/python3.8/site-packages/airflow/example_dags/example_sensor_decorator.py for tasks to queue
[2025-06-25T09:04:46.038+0000] {logging_mixin.py:188} INFO - [2025-06-25T09:04:46.038+0000] {dagbag.py:538} INFO - Filling up the DagBag from /home/airflow/.local/lib/python3.8/site-packages/airflow/example_dags/example_sensor_decorator.py
[2025-06-25T09:04:46.046+0000] {processor.py:840} INFO - DAG(s) 'example_sensor_decorator' retrieved from /home/airflow/.local/lib/python3.8/site-packages/airflow/example_dags/example_sensor_decorator.py
[2025-06-25T09:04:46.076+0000] {logging_mixin.py:188} INFO - [2025-06-25T09:04:46.076+0000] {dag.py:3036} INFO - Sync 1 DAGs
[2025-06-25T09:04:46.098+0000] {logging_mixin.py:188} INFO - [2025-06-25T09:04:46.098+0000] {dag.py:3823} INFO - Setting next_dagrun for example_sensor_decorator to None, run_after=None
[2025-06-25T09:04:46.126+0000] {processor.py:183} INFO - Processing /home/airflow/.local/lib/python3.8/site-packages/airflow/example_dags/example_sensor_decorator.py took 0.096 seconds
[2025-06-25T09:05:16.425+0000] {processor.py:161} INFO - Started process (PID=245) to work on /home/airflow/.local/lib/python3.8/site-packages/airflow/example_dags/example_sensor_decorator.py
[2025-06-25T09:05:16.427+0000] {processor.py:830} INFO - Processing file /home/airflow/.local/lib/python3.8/site-packages/airflow/example_dags/example_sensor_decorator.py for tasks to queue
[2025-06-25T09:05:16.429+0000] {logging_mixin.py:188} INFO - [2025-06-25T09:05:16.428+0000] {dagbag.py:538} INFO - Filling up the DagBag from /home/airflow/.local/lib/python3.8/site-packages/airflow/example_dags/example_sensor_decorator.py
[2025-06-25T09:05:16.437+0000] {processor.py:840} INFO - DAG(s) 'example_sensor_decorator' retrieved from /home/airflow/.local/lib/python3.8/site-packages/airflow/example_dags/example_sensor_decorator.py
[2025-06-25T09:05:16.464+0000] {logging_mixin.py:188} INFO - [2025-06-25T09:05:16.464+0000] {dag.py:3036} INFO - Sync 1 DAGs
[2025-06-25T09:05:16.482+0000] {logging_mixin.py:188} INFO - [2025-06-25T09:05:16.481+0000] {dag.py:3823} INFO - Setting next_dagrun for example_sensor_decorator to None, run_after=None
[2025-06-25T09:05:16.505+0000] {processor.py:183} INFO - Processing /home/airflow/.local/lib/python3.8/site-packages/airflow/example_dags/example_sensor_decorator.py took 0.085 seconds
[2025-06-25T09:05:47.643+0000] {processor.py:161} INFO - Started process (PID=310) to work on /home/airflow/.local/lib/python3.8/site-packages/airflow/example_dags/example_sensor_decorator.py
[2025-06-25T09:05:47.644+0000] {processor.py:830} INFO - Processing file /home/airflow/.local/lib/python3.8/site-packages/airflow/example_dags/example_sensor_decorator.py for tasks to queue
[2025-06-25T09:05:47.646+0000] {logging_mixin.py:188} INFO - [2025-06-25T09:05:47.646+0000] {dagbag.py:538} INFO - Filling up the DagBag from /home/airflow/.local/lib/python3.8/site-packages/airflow/example_dags/example_sensor_decorator.py
[2025-06-25T09:05:47.655+0000] {processor.py:840} INFO - DAG(s) 'example_sensor_decorator' retrieved from /home/airflow/.local/lib/python3.8/site-packages/airflow/example_dags/example_sensor_decorator.py
[2025-06-25T09:05:47.688+0000] {logging_mixin.py:188} INFO - [2025-06-25T09:05:47.688+0000] {dag.py:3036} INFO - Sync 1 DAGs
[2025-06-25T09:05:47.708+0000] {logging_mixin.py:188} INFO - [2025-06-25T09:05:47.708+0000] {dag.py:3823} INFO - Setting next_dagrun for example_sensor_decorator to None, run_after=None
[2025-06-25T09:05:47.741+0000] {processor.py:183} INFO - Processing /home/airflow/.local/lib/python3.8/site-packages/airflow/example_dags/example_sensor_decorator.py took 0.103 seconds
[2025-06-25T09:06:18.149+0000] {processor.py:161} INFO - Started process (PID=376) to work on /home/airflow/.local/lib/python3.8/site-packages/airflow/example_dags/example_sensor_decorator.py
[2025-06-25T09:06:18.151+0000] {processor.py:830} INFO - Processing file /home/airflow/.local/lib/python3.8/site-packages/airflow/example_dags/example_sensor_decorator.py for tasks to queue
[2025-06-25T09:06:18.153+0000] {logging_mixin.py:188} INFO - [2025-06-25T09:06:18.153+0000] {dagbag.py:538} INFO - Filling up the DagBag from /home/airflow/.local/lib/python3.8/site-packages/airflow/example_dags/example_sensor_decorator.py
[2025-06-25T09:06:18.162+0000] {processor.py:840} INFO - DAG(s) 'example_sensor_decorator' retrieved from /home/airflow/.local/lib/python3.8/site-packages/airflow/example_dags/example_sensor_decorator.py
[2025-06-25T09:06:18.192+0000] {logging_mixin.py:188} INFO - [2025-06-25T09:06:18.192+0000] {dag.py:3036} INFO - Sync 1 DAGs
[2025-06-25T09:06:18.212+0000] {logging_mixin.py:188} INFO - [2025-06-25T09:06:18.212+0000] {dag.py:3823} INFO - Setting next_dagrun for example_sensor_decorator to None, run_after=None
[2025-06-25T09:06:18.242+0000] {processor.py:183} INFO - Processing /home/airflow/.local/lib/python3.8/site-packages/airflow/example_dags/example_sensor_decorator.py took 0.097 seconds
[2025-06-25T09:06:48.833+0000] {processor.py:161} INFO - Started process (PID=449) to work on /home/airflow/.local/lib/python3.8/site-packages/airflow/example_dags/example_sensor_decorator.py
[2025-06-25T09:06:48.834+0000] {processor.py:830} INFO - Processing file /home/airflow/.local/lib/python3.8/site-packages/airflow/example_dags/example_sensor_decorator.py for tasks to queue
[2025-06-25T09:06:48.837+0000] {logging_mixin.py:188} INFO - [2025-06-25T09:06:48.837+0000] {dagbag.py:538} INFO - Filling up the DagBag from /home/airflow/.local/lib/python3.8/site-packages/airflow/example_dags/example_sensor_decorator.py
[2025-06-25T09:06:48.848+0000] {processor.py:840} INFO - DAG(s) 'example_sensor_decorator' retrieved from /home/airflow/.local/lib/python3.8/site-packages/airflow/example_dags/example_sensor_decorator.py
[2025-06-25T09:06:48.884+0000] {logging_mixin.py:188} INFO - [2025-06-25T09:06:48.884+0000] {dag.py:3036} INFO - Sync 1 DAGs
[2025-06-25T09:06:48.908+0000] {logging_mixin.py:188} INFO - [2025-06-25T09:06:48.907+0000] {dag.py:3823} INFO - Setting next_dagrun for example_sensor_decorator to None, run_after=None
[2025-06-25T09:06:48.937+0000] {processor.py:183} INFO - Processing /home/airflow/.local/lib/python3.8/site-packages/airflow/example_dags/example_sensor_decorator.py took 0.111 seconds
[2025-06-25T09:07:19.485+0000] {processor.py:161} INFO - Started process (PID=514) to work on /home/airflow/.local/lib/python3.8/site-packages/airflow/example_dags/example_sensor_decorator.py
[2025-06-25T09:07:19.487+0000] {processor.py:830} INFO - Processing file /home/airflow/.local/lib/python3.8/site-packages/airflow/example_dags/example_sensor_decorator.py for tasks to queue
[2025-06-25T09:07:19.490+0000] {logging_mixin.py:188} INFO - [2025-06-25T09:07:19.489+0000] {dagbag.py:538} INFO - Filling up the DagBag from /home/airflow/.local/lib/python3.8/site-packages/airflow/example_dags/example_sensor_decorator.py
[2025-06-25T09:07:19.501+0000] {processor.py:840} INFO - DAG(s) 'example_sensor_decorator' retrieved from /home/airflow/.local/lib/python3.8/site-packages/airflow/example_dags/example_sensor_decorator.py
[2025-06-25T09:07:19.540+0000] {logging_mixin.py:188} INFO - [2025-06-25T09:07:19.540+0000] {dag.py:3036} INFO - Sync 1 DAGs
[2025-06-25T09:07:19.568+0000] {logging_mixin.py:188} INFO - [2025-06-25T09:07:19.568+0000] {dag.py:3823} INFO - Setting next_dagrun for example_sensor_decorator to None, run_after=None
[2025-06-25T09:07:19.607+0000] {processor.py:183} INFO - Processing /home/airflow/.local/lib/python3.8/site-packages/airflow/example_dags/example_sensor_decorator.py took 0.129 seconds
[2025-06-25T09:07:49.777+0000] {processor.py:161} INFO - Started process (PID=580) to work on /home/airflow/.local/lib/python3.8/site-packages/airflow/example_dags/example_sensor_decorator.py
[2025-06-25T09:07:49.779+0000] {processor.py:830} INFO - Processing file /home/airflow/.local/lib/python3.8/site-packages/airflow/example_dags/example_sensor_decorator.py for tasks to queue
[2025-06-25T09:07:49.782+0000] {logging_mixin.py:188} INFO - [2025-06-25T09:07:49.781+0000] {dagbag.py:538} INFO - Filling up the DagBag from /home/airflow/.local/lib/python3.8/site-packages/airflow/example_dags/example_sensor_decorator.py
[2025-06-25T09:07:49.793+0000] {processor.py:840} INFO - DAG(s) 'example_sensor_decorator' retrieved from /home/airflow/.local/lib/python3.8/site-packages/airflow/example_dags/example_sensor_decorator.py
[2025-06-25T09:07:49.830+0000] {logging_mixin.py:188} INFO - [2025-06-25T09:07:49.830+0000] {dag.py:3036} INFO - Sync 1 DAGs
[2025-06-25T09:07:49.855+0000] {logging_mixin.py:188} INFO - [2025-06-25T09:07:49.855+0000] {dag.py:3823} INFO - Setting next_dagrun for example_sensor_decorator to None, run_after=None
[2025-06-25T09:07:49.892+0000] {processor.py:183} INFO - Processing /home/airflow/.local/lib/python3.8/site-packages/airflow/example_dags/example_sensor_decorator.py took 0.121 seconds
[2025-06-25T09:08:20.469+0000] {processor.py:161} INFO - Started process (PID=646) to work on /home/airflow/.local/lib/python3.8/site-packages/airflow/example_dags/example_sensor_decorator.py
[2025-06-25T09:08:20.470+0000] {processor.py:830} INFO - Processing file /home/airflow/.local/lib/python3.8/site-packages/airflow/example_dags/example_sensor_decorator.py for tasks to queue
[2025-06-25T09:08:20.472+0000] {logging_mixin.py:188} INFO - [2025-06-25T09:08:20.472+0000] {dagbag.py:538} INFO - Filling up the DagBag from /home/airflow/.local/lib/python3.8/site-packages/airflow/example_dags/example_sensor_decorator.py
[2025-06-25T09:08:20.480+0000] {processor.py:840} INFO - DAG(s) 'example_sensor_decorator' retrieved from /home/airflow/.local/lib/python3.8/site-packages/airflow/example_dags/example_sensor_decorator.py
[2025-06-25T09:08:20.513+0000] {logging_mixin.py:188} INFO - [2025-06-25T09:08:20.513+0000] {dag.py:3036} INFO - Sync 1 DAGs
[2025-06-25T09:08:20.534+0000] {logging_mixin.py:188} INFO - [2025-06-25T09:08:20.534+0000] {dag.py:3823} INFO - Setting next_dagrun for example_sensor_decorator to None, run_after=None
[2025-06-25T09:08:20.561+0000] {processor.py:183} INFO - Processing /home/airflow/.local/lib/python3.8/site-packages/airflow/example_dags/example_sensor_decorator.py took 0.097 seconds
[2025-06-25T09:08:51.267+0000] {processor.py:161} INFO - Started process (PID=710) to work on /home/airflow/.local/lib/python3.8/site-packages/airflow/example_dags/example_sensor_decorator.py
[2025-06-25T09:08:51.269+0000] {processor.py:830} INFO - Processing file /home/airflow/.local/lib/python3.8/site-packages/airflow/example_dags/example_sensor_decorator.py for tasks to queue
[2025-06-25T09:08:51.271+0000] {logging_mixin.py:188} INFO - [2025-06-25T09:08:51.271+0000] {dagbag.py:538} INFO - Filling up the DagBag from /home/airflow/.local/lib/python3.8/site-packages/airflow/example_dags/example_sensor_decorator.py
[2025-06-25T09:08:51.280+0000] {processor.py:840} INFO - DAG(s) 'example_sensor_decorator' retrieved from /home/airflow/.local/lib/python3.8/site-packages/airflow/example_dags/example_sensor_decorator.py
[2025-06-25T09:08:51.311+0000] {logging_mixin.py:188} INFO - [2025-06-25T09:08:51.311+0000] {dag.py:3036} INFO - Sync 1 DAGs
[2025-06-25T09:08:51.330+0000] {logging_mixin.py:188} INFO - [2025-06-25T09:08:51.330+0000] {dag.py:3823} INFO - Setting next_dagrun for example_sensor_decorator to None, run_after=None
[2025-06-25T09:08:51.358+0000] {processor.py:183} INFO - Processing /home/airflow/.local/lib/python3.8/site-packages/airflow/example_dags/example_sensor_decorator.py took 0.096 seconds
[2025-06-25T09:09:21.736+0000] {processor.py:161} INFO - Started process (PID=775) to work on /home/airflow/.local/lib/python3.8/site-packages/airflow/example_dags/example_sensor_decorator.py
[2025-06-25T09:09:21.738+0000] {processor.py:830} INFO - Processing file /home/airflow/.local/lib/python3.8/site-packages/airflow/example_dags/example_sensor_decorator.py for tasks to queue
[2025-06-25T09:09:21.742+0000] {logging_mixin.py:188} INFO - [2025-06-25T09:09:21.741+0000] {dagbag.py:538} INFO - Filling up the DagBag from /home/airflow/.local/lib/python3.8/site-packages/airflow/example_dags/example_sensor_decorator.py
[2025-06-25T09:09:21.756+0000] {processor.py:840} INFO - DAG(s) 'example_sensor_decorator' retrieved from /home/airflow/.local/lib/python3.8/site-packages/airflow/example_dags/example_sensor_decorator.py
[2025-06-25T09:09:21.797+0000] {logging_mixin.py:188} INFO - [2025-06-25T09:09:21.796+0000] {dag.py:3036} INFO - Sync 1 DAGs
[2025-06-25T09:09:21.820+0000] {logging_mixin.py:188} INFO - [2025-06-25T09:09:21.820+0000] {dag.py:3823} INFO - Setting next_dagrun for example_sensor_decorator to None, run_after=None
[2025-06-25T09:09:21.852+0000] {processor.py:183} INFO - Processing /home/airflow/.local/lib/python3.8/site-packages/airflow/example_dags/example_sensor_decorator.py took 0.123 seconds
[2025-06-25T09:09:52.928+0000] {processor.py:161} INFO - Started process (PID=839) to work on /home/airflow/.local/lib/python3.8/site-packages/airflow/example_dags/example_sensor_decorator.py
[2025-06-25T09:09:52.929+0000] {processor.py:830} INFO - Processing file /home/airflow/.local/lib/python3.8/site-packages/airflow/example_dags/example_sensor_decorator.py for tasks to queue
[2025-06-25T09:09:52.933+0000] {logging_mixin.py:188} INFO - [2025-06-25T09:09:52.932+0000] {dagbag.py:538} INFO - Filling up the DagBag from /home/airflow/.local/lib/python3.8/site-packages/airflow/example_dags/example_sensor_decorator.py
[2025-06-25T09:09:52.942+0000] {processor.py:840} INFO - DAG(s) 'example_sensor_decorator' retrieved from /home/airflow/.local/lib/python3.8/site-packages/airflow/example_dags/example_sensor_decorator.py
[2025-06-25T09:09:52.977+0000] {logging_mixin.py:188} INFO - [2025-06-25T09:09:52.977+0000] {dag.py:3036} INFO - Sync 1 DAGs
[2025-06-25T09:09:52.997+0000] {logging_mixin.py:188} INFO - [2025-06-25T09:09:52.997+0000] {dag.py:3823} INFO - Setting next_dagrun for example_sensor_decorator to None, run_after=None
[2025-06-25T09:09:53.028+0000] {processor.py:183} INFO - Processing /home/airflow/.local/lib/python3.8/site-packages/airflow/example_dags/example_sensor_decorator.py took 0.107 seconds
[2025-06-25T09:10:24.178+0000] {processor.py:161} INFO - Started process (PID=904) to work on /home/airflow/.local/lib/python3.8/site-packages/airflow/example_dags/example_sensor_decorator.py
[2025-06-25T09:10:24.180+0000] {processor.py:830} INFO - Processing file /home/airflow/.local/lib/python3.8/site-packages/airflow/example_dags/example_sensor_decorator.py for tasks to queue
[2025-06-25T09:10:24.183+0000] {logging_mixin.py:188} INFO - [2025-06-25T09:10:24.183+0000] {dagbag.py:538} INFO - Filling up the DagBag from /home/airflow/.local/lib/python3.8/site-packages/airflow/example_dags/example_sensor_decorator.py
[2025-06-25T09:10:24.196+0000] {processor.py:840} INFO - DAG(s) 'example_sensor_decorator' retrieved from /home/airflow/.local/lib/python3.8/site-packages/airflow/example_dags/example_sensor_decorator.py
[2025-06-25T09:10:24.243+0000] {logging_mixin.py:188} INFO - [2025-06-25T09:10:24.243+0000] {dag.py:3036} INFO - Sync 1 DAGs
[2025-06-25T09:10:24.271+0000] {logging_mixin.py:188} INFO - [2025-06-25T09:10:24.270+0000] {dag.py:3823} INFO - Setting next_dagrun for example_sensor_decorator to None, run_after=None
[2025-06-25T09:10:24.311+0000] {processor.py:183} INFO - Processing /home/airflow/.local/lib/python3.8/site-packages/airflow/example_dags/example_sensor_decorator.py took 0.138 seconds
[2025-06-25T09:10:54.941+0000] {processor.py:161} INFO - Started process (PID=969) to work on /home/airflow/.local/lib/python3.8/site-packages/airflow/example_dags/example_sensor_decorator.py
[2025-06-25T09:10:54.942+0000] {processor.py:830} INFO - Processing file /home/airflow/.local/lib/python3.8/site-packages/airflow/example_dags/example_sensor_decorator.py for tasks to queue
[2025-06-25T09:10:54.947+0000] {logging_mixin.py:188} INFO - [2025-06-25T09:10:54.946+0000] {dagbag.py:538} INFO - Filling up the DagBag from /home/airflow/.local/lib/python3.8/site-packages/airflow/example_dags/example_sensor_decorator.py
[2025-06-25T09:10:54.958+0000] {processor.py:840} INFO - DAG(s) 'example_sensor_decorator' retrieved from /home/airflow/.local/lib/python3.8/site-packages/airflow/example_dags/example_sensor_decorator.py
[2025-06-25T09:10:54.998+0000] {logging_mixin.py:188} INFO - [2025-06-25T09:10:54.998+0000] {dag.py:3036} INFO - Sync 1 DAGs
[2025-06-25T09:10:55.023+0000] {logging_mixin.py:188} INFO - [2025-06-25T09:10:55.022+0000] {dag.py:3823} INFO - Setting next_dagrun for example_sensor_decorator to None, run_after=None
[2025-06-25T09:10:55.061+0000] {processor.py:183} INFO - Processing /home/airflow/.local/lib/python3.8/site-packages/airflow/example_dags/example_sensor_decorator.py took 0.134 seconds
[2025-06-25T09:11:26.284+0000] {processor.py:161} INFO - Started process (PID=1034) to work on /home/airflow/.local/lib/python3.8/site-packages/airflow/example_dags/example_sensor_decorator.py
[2025-06-25T09:11:26.287+0000] {processor.py:830} INFO - Processing file /home/airflow/.local/lib/python3.8/site-packages/airflow/example_dags/example_sensor_decorator.py for tasks to queue
[2025-06-25T09:11:26.289+0000] {logging_mixin.py:188} INFO - [2025-06-25T09:11:26.289+0000] {dagbag.py:538} INFO - Filling up the DagBag from /home/airflow/.local/lib/python3.8/site-packages/airflow/example_dags/example_sensor_decorator.py
[2025-06-25T09:11:26.299+0000] {processor.py:840} INFO - DAG(s) 'example_sensor_decorator' retrieved from /home/airflow/.local/lib/python3.8/site-packages/airflow/example_dags/example_sensor_decorator.py
[2025-06-25T09:11:26.343+0000] {logging_mixin.py:188} INFO - [2025-06-25T09:11:26.343+0000] {dag.py:3036} INFO - Sync 1 DAGs
[2025-06-25T09:11:26.367+0000] {logging_mixin.py:188} INFO - [2025-06-25T09:11:26.366+0000] {dag.py:3823} INFO - Setting next_dagrun for example_sensor_decorator to None, run_after=None
[2025-06-25T09:11:26.408+0000] {processor.py:183} INFO - Processing /home/airflow/.local/lib/python3.8/site-packages/airflow/example_dags/example_sensor_decorator.py took 0.129 seconds
[2025-06-25T09:11:56.707+0000] {processor.py:161} INFO - Started process (PID=1099) to work on /home/airflow/.local/lib/python3.8/site-packages/airflow/example_dags/example_sensor_decorator.py
[2025-06-25T09:11:56.709+0000] {processor.py:830} INFO - Processing file /home/airflow/.local/lib/python3.8/site-packages/airflow/example_dags/example_sensor_decorator.py for tasks to queue
[2025-06-25T09:11:56.712+0000] {logging_mixin.py:188} INFO - [2025-06-25T09:11:56.712+0000] {dagbag.py:538} INFO - Filling up the DagBag from /home/airflow/.local/lib/python3.8/site-packages/airflow/example_dags/example_sensor_decorator.py
[2025-06-25T09:11:56.722+0000] {processor.py:840} INFO - DAG(s) 'example_sensor_decorator' retrieved from /home/airflow/.local/lib/python3.8/site-packages/airflow/example_dags/example_sensor_decorator.py
[2025-06-25T09:11:56.756+0000] {logging_mixin.py:188} INFO - [2025-06-25T09:11:56.755+0000] {dag.py:3036} INFO - Sync 1 DAGs
[2025-06-25T09:11:56.777+0000] {logging_mixin.py:188} INFO - [2025-06-25T09:11:56.776+0000] {dag.py:3823} INFO - Setting next_dagrun for example_sensor_decorator to None, run_after=None
[2025-06-25T09:11:56.814+0000] {processor.py:183} INFO - Processing /home/airflow/.local/lib/python3.8/site-packages/airflow/example_dags/example_sensor_decorator.py took 0.113 seconds
[2025-06-25T09:12:27.406+0000] {processor.py:161} INFO - Started process (PID=1162) to work on /home/airflow/.local/lib/python3.8/site-packages/airflow/example_dags/example_sensor_decorator.py
[2025-06-25T09:12:27.408+0000] {processor.py:830} INFO - Processing file /home/airflow/.local/lib/python3.8/site-packages/airflow/example_dags/example_sensor_decorator.py for tasks to queue
[2025-06-25T09:12:27.411+0000] {logging_mixin.py:188} INFO - [2025-06-25T09:12:27.410+0000] {dagbag.py:538} INFO - Filling up the DagBag from /home/airflow/.local/lib/python3.8/site-packages/airflow/example_dags/example_sensor_decorator.py
[2025-06-25T09:12:27.422+0000] {processor.py:840} INFO - DAG(s) 'example_sensor_decorator' retrieved from /home/airflow/.local/lib/python3.8/site-packages/airflow/example_dags/example_sensor_decorator.py
[2025-06-25T09:12:27.463+0000] {logging_mixin.py:188} INFO - [2025-06-25T09:12:27.463+0000] {dag.py:3036} INFO - Sync 1 DAGs
[2025-06-25T09:12:27.489+0000] {logging_mixin.py:188} INFO - [2025-06-25T09:12:27.488+0000] {dag.py:3823} INFO - Setting next_dagrun for example_sensor_decorator to None, run_after=None
[2025-06-25T09:12:27.528+0000] {processor.py:183} INFO - Processing /home/airflow/.local/lib/python3.8/site-packages/airflow/example_dags/example_sensor_decorator.py took 0.129 seconds
[2025-06-25T09:12:58.253+0000] {processor.py:161} INFO - Started process (PID=1228) to work on /home/airflow/.local/lib/python3.8/site-packages/airflow/example_dags/example_sensor_decorator.py
[2025-06-25T09:12:58.255+0000] {processor.py:830} INFO - Processing file /home/airflow/.local/lib/python3.8/site-packages/airflow/example_dags/example_sensor_decorator.py for tasks to queue
[2025-06-25T09:12:58.259+0000] {logging_mixin.py:188} INFO - [2025-06-25T09:12:58.258+0000] {dagbag.py:538} INFO - Filling up the DagBag from /home/airflow/.local/lib/python3.8/site-packages/airflow/example_dags/example_sensor_decorator.py
[2025-06-25T09:12:58.272+0000] {processor.py:840} INFO - DAG(s) 'example_sensor_decorator' retrieved from /home/airflow/.local/lib/python3.8/site-packages/airflow/example_dags/example_sensor_decorator.py
[2025-06-25T09:12:58.309+0000] {logging_mixin.py:188} INFO - [2025-06-25T09:12:58.308+0000] {dag.py:3036} INFO - Sync 1 DAGs
[2025-06-25T09:12:58.336+0000] {logging_mixin.py:188} INFO - [2025-06-25T09:12:58.336+0000] {dag.py:3823} INFO - Setting next_dagrun for example_sensor_decorator to None, run_after=None
[2025-06-25T09:12:58.375+0000] {processor.py:183} INFO - Processing /home/airflow/.local/lib/python3.8/site-packages/airflow/example_dags/example_sensor_decorator.py took 0.128 seconds
[2025-06-25T09:13:28.659+0000] {processor.py:161} INFO - Started process (PID=1294) to work on /home/airflow/.local/lib/python3.8/site-packages/airflow/example_dags/example_sensor_decorator.py
[2025-06-25T09:13:28.662+0000] {processor.py:830} INFO - Processing file /home/airflow/.local/lib/python3.8/site-packages/airflow/example_dags/example_sensor_decorator.py for tasks to queue
[2025-06-25T09:13:28.665+0000] {logging_mixin.py:188} INFO - [2025-06-25T09:13:28.665+0000] {dagbag.py:538} INFO - Filling up the DagBag from /home/airflow/.local/lib/python3.8/site-packages/airflow/example_dags/example_sensor_decorator.py
[2025-06-25T09:13:28.676+0000] {processor.py:840} INFO - DAG(s) 'example_sensor_decorator' retrieved from /home/airflow/.local/lib/python3.8/site-packages/airflow/example_dags/example_sensor_decorator.py
[2025-06-25T09:13:28.720+0000] {logging_mixin.py:188} INFO - [2025-06-25T09:13:28.720+0000] {dag.py:3036} INFO - Sync 1 DAGs
[2025-06-25T09:13:28.748+0000] {logging_mixin.py:188} INFO - [2025-06-25T09:13:28.747+0000] {dag.py:3823} INFO - Setting next_dagrun for example_sensor_decorator to None, run_after=None
[2025-06-25T09:13:28.790+0000] {processor.py:183} INFO - Processing /home/airflow/.local/lib/python3.8/site-packages/airflow/example_dags/example_sensor_decorator.py took 0.138 seconds
[2025-06-25T09:14:00.144+0000] {processor.py:161} INFO - Started process (PID=1360) to work on /home/airflow/.local/lib/python3.8/site-packages/airflow/example_dags/example_sensor_decorator.py
[2025-06-25T09:14:00.150+0000] {processor.py:830} INFO - Processing file /home/airflow/.local/lib/python3.8/site-packages/airflow/example_dags/example_sensor_decorator.py for tasks to queue
[2025-06-25T09:14:00.153+0000] {logging_mixin.py:188} INFO - [2025-06-25T09:14:00.153+0000] {dagbag.py:538} INFO - Filling up the DagBag from /home/airflow/.local/lib/python3.8/site-packages/airflow/example_dags/example_sensor_decorator.py
[2025-06-25T09:14:00.167+0000] {processor.py:840} INFO - DAG(s) 'example_sensor_decorator' retrieved from /home/airflow/.local/lib/python3.8/site-packages/airflow/example_dags/example_sensor_decorator.py
[2025-06-25T09:14:00.216+0000] {logging_mixin.py:188} INFO - [2025-06-25T09:14:00.215+0000] {dag.py:3036} INFO - Sync 1 DAGs
[2025-06-25T09:14:00.244+0000] {logging_mixin.py:188} INFO - [2025-06-25T09:14:00.244+0000] {dag.py:3823} INFO - Setting next_dagrun for example_sensor_decorator to None, run_after=None
[2025-06-25T09:14:00.286+0000] {processor.py:183} INFO - Processing /home/airflow/.local/lib/python3.8/site-packages/airflow/example_dags/example_sensor_decorator.py took 0.150 seconds
[2025-06-25T09:14:31.078+0000] {processor.py:161} INFO - Started process (PID=1425) to work on /home/airflow/.local/lib/python3.8/site-packages/airflow/example_dags/example_sensor_decorator.py
[2025-06-25T09:14:31.080+0000] {processor.py:830} INFO - Processing file /home/airflow/.local/lib/python3.8/site-packages/airflow/example_dags/example_sensor_decorator.py for tasks to queue
[2025-06-25T09:14:31.083+0000] {logging_mixin.py:188} INFO - [2025-06-25T09:14:31.082+0000] {dagbag.py:538} INFO - Filling up the DagBag from /home/airflow/.local/lib/python3.8/site-packages/airflow/example_dags/example_sensor_decorator.py
[2025-06-25T09:14:31.094+0000] {processor.py:840} INFO - DAG(s) 'example_sensor_decorator' retrieved from /home/airflow/.local/lib/python3.8/site-packages/airflow/example_dags/example_sensor_decorator.py
[2025-06-25T09:14:31.139+0000] {logging_mixin.py:188} INFO - [2025-06-25T09:14:31.138+0000] {dag.py:3036} INFO - Sync 1 DAGs
[2025-06-25T09:14:31.162+0000] {logging_mixin.py:188} INFO - [2025-06-25T09:14:31.161+0000] {dag.py:3823} INFO - Setting next_dagrun for example_sensor_decorator to None, run_after=None
[2025-06-25T09:14:31.196+0000] {processor.py:183} INFO - Processing /home/airflow/.local/lib/python3.8/site-packages/airflow/example_dags/example_sensor_decorator.py took 0.124 seconds
[2025-06-25T09:15:02.768+0000] {processor.py:161} INFO - Started process (PID=1490) to work on /home/airflow/.local/lib/python3.8/site-packages/airflow/example_dags/example_sensor_decorator.py
[2025-06-25T09:15:02.771+0000] {processor.py:830} INFO - Processing file /home/airflow/.local/lib/python3.8/site-packages/airflow/example_dags/example_sensor_decorator.py for tasks to queue
[2025-06-25T09:15:02.775+0000] {logging_mixin.py:188} INFO - [2025-06-25T09:15:02.774+0000] {dagbag.py:538} INFO - Filling up the DagBag from /home/airflow/.local/lib/python3.8/site-packages/airflow/example_dags/example_sensor_decorator.py
[2025-06-25T09:15:02.786+0000] {processor.py:840} INFO - DAG(s) 'example_sensor_decorator' retrieved from /home/airflow/.local/lib/python3.8/site-packages/airflow/example_dags/example_sensor_decorator.py
[2025-06-25T09:15:02.823+0000] {logging_mixin.py:188} INFO - [2025-06-25T09:15:02.822+0000] {dag.py:3036} INFO - Sync 1 DAGs
[2025-06-25T09:15:02.849+0000] {logging_mixin.py:188} INFO - [2025-06-25T09:15:02.848+0000] {dag.py:3823} INFO - Setting next_dagrun for example_sensor_decorator to None, run_after=None
[2025-06-25T09:15:02.891+0000] {processor.py:183} INFO - Processing /home/airflow/.local/lib/python3.8/site-packages/airflow/example_dags/example_sensor_decorator.py took 0.129 seconds
[2025-06-25T09:15:33.540+0000] {processor.py:161} INFO - Started process (PID=1555) to work on /home/airflow/.local/lib/python3.8/site-packages/airflow/example_dags/example_sensor_decorator.py
[2025-06-25T09:15:33.542+0000] {processor.py:830} INFO - Processing file /home/airflow/.local/lib/python3.8/site-packages/airflow/example_dags/example_sensor_decorator.py for tasks to queue
[2025-06-25T09:15:33.572+0000] {logging_mixin.py:188} INFO - [2025-06-25T09:15:33.571+0000] {dagbag.py:538} INFO - Filling up the DagBag from /home/airflow/.local/lib/python3.8/site-packages/airflow/example_dags/example_sensor_decorator.py
[2025-06-25T09:15:33.605+0000] {processor.py:840} INFO - DAG(s) 'example_sensor_decorator' retrieved from /home/airflow/.local/lib/python3.8/site-packages/airflow/example_dags/example_sensor_decorator.py
[2025-06-25T09:15:33.684+0000] {logging_mixin.py:188} INFO - [2025-06-25T09:15:33.684+0000] {dag.py:3036} INFO - Sync 1 DAGs
[2025-06-25T09:15:33.727+0000] {logging_mixin.py:188} INFO - [2025-06-25T09:15:33.726+0000] {dag.py:3823} INFO - Setting next_dagrun for example_sensor_decorator to None, run_after=None
[2025-06-25T09:15:33.768+0000] {processor.py:183} INFO - Processing /home/airflow/.local/lib/python3.8/site-packages/airflow/example_dags/example_sensor_decorator.py took 0.242 seconds
[2025-06-25T09:16:03.939+0000] {processor.py:161} INFO - Started process (PID=1619) to work on /home/airflow/.local/lib/python3.8/site-packages/airflow/example_dags/example_sensor_decorator.py
[2025-06-25T09:16:03.942+0000] {processor.py:830} INFO - Processing file /home/airflow/.local/lib/python3.8/site-packages/airflow/example_dags/example_sensor_decorator.py for tasks to queue
[2025-06-25T09:16:03.952+0000] {logging_mixin.py:188} INFO - [2025-06-25T09:16:03.949+0000] {dagbag.py:538} INFO - Filling up the DagBag from /home/airflow/.local/lib/python3.8/site-packages/airflow/example_dags/example_sensor_decorator.py
[2025-06-25T09:16:03.986+0000] {processor.py:840} INFO - DAG(s) 'example_sensor_decorator' retrieved from /home/airflow/.local/lib/python3.8/site-packages/airflow/example_dags/example_sensor_decorator.py
[2025-06-25T09:16:04.075+0000] {logging_mixin.py:188} INFO - [2025-06-25T09:16:04.074+0000] {dag.py:3036} INFO - Sync 1 DAGs
[2025-06-25T09:16:04.108+0000] {logging_mixin.py:188} INFO - [2025-06-25T09:16:04.107+0000] {dag.py:3823} INFO - Setting next_dagrun for example_sensor_decorator to None, run_after=None
[2025-06-25T09:16:04.186+0000] {processor.py:183} INFO - Processing /home/airflow/.local/lib/python3.8/site-packages/airflow/example_dags/example_sensor_decorator.py took 0.281 seconds
[2025-06-25T09:16:34.782+0000] {processor.py:161} INFO - Started process (PID=1678) to work on /home/airflow/.local/lib/python3.8/site-packages/airflow/example_dags/example_sensor_decorator.py
[2025-06-25T09:16:34.784+0000] {processor.py:830} INFO - Processing file /home/airflow/.local/lib/python3.8/site-packages/airflow/example_dags/example_sensor_decorator.py for tasks to queue
[2025-06-25T09:16:34.788+0000] {logging_mixin.py:188} INFO - [2025-06-25T09:16:34.787+0000] {dagbag.py:538} INFO - Filling up the DagBag from /home/airflow/.local/lib/python3.8/site-packages/airflow/example_dags/example_sensor_decorator.py
[2025-06-25T09:16:34.821+0000] {processor.py:840} INFO - DAG(s) 'example_sensor_decorator' retrieved from /home/airflow/.local/lib/python3.8/site-packages/airflow/example_dags/example_sensor_decorator.py
[2025-06-25T09:16:34.867+0000] {logging_mixin.py:188} INFO - [2025-06-25T09:16:34.866+0000] {dag.py:3036} INFO - Sync 1 DAGs
[2025-06-25T09:16:34.897+0000] {logging_mixin.py:188} INFO - [2025-06-25T09:16:34.896+0000] {dag.py:3823} INFO - Setting next_dagrun for example_sensor_decorator to None, run_after=None
[2025-06-25T09:16:34.977+0000] {processor.py:183} INFO - Processing /home/airflow/.local/lib/python3.8/site-packages/airflow/example_dags/example_sensor_decorator.py took 0.202 seconds
[2025-06-25T09:17:05.266+0000] {processor.py:161} INFO - Started process (PID=1742) to work on /home/airflow/.local/lib/python3.8/site-packages/airflow/example_dags/example_sensor_decorator.py
[2025-06-25T09:17:05.268+0000] {processor.py:830} INFO - Processing file /home/airflow/.local/lib/python3.8/site-packages/airflow/example_dags/example_sensor_decorator.py for tasks to queue
[2025-06-25T09:17:05.272+0000] {logging_mixin.py:188} INFO - [2025-06-25T09:17:05.271+0000] {dagbag.py:538} INFO - Filling up the DagBag from /home/airflow/.local/lib/python3.8/site-packages/airflow/example_dags/example_sensor_decorator.py
[2025-06-25T09:17:05.286+0000] {processor.py:840} INFO - DAG(s) 'example_sensor_decorator' retrieved from /home/airflow/.local/lib/python3.8/site-packages/airflow/example_dags/example_sensor_decorator.py
[2025-06-25T09:17:05.329+0000] {logging_mixin.py:188} INFO - [2025-06-25T09:17:05.328+0000] {dag.py:3036} INFO - Sync 1 DAGs
[2025-06-25T09:17:05.364+0000] {logging_mixin.py:188} INFO - [2025-06-25T09:17:05.363+0000] {dag.py:3823} INFO - Setting next_dagrun for example_sensor_decorator to None, run_after=None
[2025-06-25T09:17:05.419+0000] {processor.py:183} INFO - Processing /home/airflow/.local/lib/python3.8/site-packages/airflow/example_dags/example_sensor_decorator.py took 0.159 seconds
[2025-06-25T09:17:36.583+0000] {processor.py:161} INFO - Started process (PID=1808) to work on /home/airflow/.local/lib/python3.8/site-packages/airflow/example_dags/example_sensor_decorator.py
[2025-06-25T09:17:36.586+0000] {processor.py:830} INFO - Processing file /home/airflow/.local/lib/python3.8/site-packages/airflow/example_dags/example_sensor_decorator.py for tasks to queue
[2025-06-25T09:17:36.590+0000] {logging_mixin.py:188} INFO - [2025-06-25T09:17:36.589+0000] {dagbag.py:538} INFO - Filling up the DagBag from /home/airflow/.local/lib/python3.8/site-packages/airflow/example_dags/example_sensor_decorator.py
[2025-06-25T09:17:36.601+0000] {processor.py:840} INFO - DAG(s) 'example_sensor_decorator' retrieved from /home/airflow/.local/lib/python3.8/site-packages/airflow/example_dags/example_sensor_decorator.py
[2025-06-25T09:17:36.640+0000] {logging_mixin.py:188} INFO - [2025-06-25T09:17:36.639+0000] {dag.py:3036} INFO - Sync 1 DAGs
[2025-06-25T09:17:36.668+0000] {logging_mixin.py:188} INFO - [2025-06-25T09:17:36.667+0000] {dag.py:3823} INFO - Setting next_dagrun for example_sensor_decorator to None, run_after=None
[2025-06-25T09:17:36.704+0000] {processor.py:183} INFO - Processing /home/airflow/.local/lib/python3.8/site-packages/airflow/example_dags/example_sensor_decorator.py took 0.127 seconds
[2025-06-25T09:18:07.131+0000] {processor.py:161} INFO - Started process (PID=1872) to work on /home/airflow/.local/lib/python3.8/site-packages/airflow/example_dags/example_sensor_decorator.py
[2025-06-25T09:18:07.133+0000] {processor.py:830} INFO - Processing file /home/airflow/.local/lib/python3.8/site-packages/airflow/example_dags/example_sensor_decorator.py for tasks to queue
[2025-06-25T09:18:07.136+0000] {logging_mixin.py:188} INFO - [2025-06-25T09:18:07.136+0000] {dagbag.py:538} INFO - Filling up the DagBag from /home/airflow/.local/lib/python3.8/site-packages/airflow/example_dags/example_sensor_decorator.py
[2025-06-25T09:18:07.182+0000] {processor.py:840} INFO - DAG(s) 'example_sensor_decorator' retrieved from /home/airflow/.local/lib/python3.8/site-packages/airflow/example_dags/example_sensor_decorator.py
[2025-06-25T09:18:07.255+0000] {logging_mixin.py:188} INFO - [2025-06-25T09:18:07.255+0000] {dag.py:3036} INFO - Sync 1 DAGs
[2025-06-25T09:18:07.288+0000] {logging_mixin.py:188} INFO - [2025-06-25T09:18:07.287+0000] {dag.py:3823} INFO - Setting next_dagrun for example_sensor_decorator to None, run_after=None
[2025-06-25T09:18:07.326+0000] {processor.py:183} INFO - Processing /home/airflow/.local/lib/python3.8/site-packages/airflow/example_dags/example_sensor_decorator.py took 0.201 seconds
[2025-06-25T09:18:38.245+0000] {processor.py:161} INFO - Started process (PID=1938) to work on /home/airflow/.local/lib/python3.8/site-packages/airflow/example_dags/example_sensor_decorator.py
[2025-06-25T09:18:38.247+0000] {processor.py:830} INFO - Processing file /home/airflow/.local/lib/python3.8/site-packages/airflow/example_dags/example_sensor_decorator.py for tasks to queue
[2025-06-25T09:18:38.251+0000] {logging_mixin.py:188} INFO - [2025-06-25T09:18:38.250+0000] {dagbag.py:538} INFO - Filling up the DagBag from /home/airflow/.local/lib/python3.8/site-packages/airflow/example_dags/example_sensor_decorator.py
[2025-06-25T09:18:38.262+0000] {processor.py:840} INFO - DAG(s) 'example_sensor_decorator' retrieved from /home/airflow/.local/lib/python3.8/site-packages/airflow/example_dags/example_sensor_decorator.py
[2025-06-25T09:18:38.300+0000] {logging_mixin.py:188} INFO - [2025-06-25T09:18:38.300+0000] {dag.py:3036} INFO - Sync 1 DAGs
[2025-06-25T09:18:38.325+0000] {logging_mixin.py:188} INFO - [2025-06-25T09:18:38.325+0000] {dag.py:3823} INFO - Setting next_dagrun for example_sensor_decorator to None, run_after=None
[2025-06-25T09:18:38.362+0000] {processor.py:183} INFO - Processing /home/airflow/.local/lib/python3.8/site-packages/airflow/example_dags/example_sensor_decorator.py took 0.123 seconds
[2025-06-25T09:19:09.009+0000] {processor.py:161} INFO - Started process (PID=2003) to work on /home/airflow/.local/lib/python3.8/site-packages/airflow/example_dags/example_sensor_decorator.py
[2025-06-25T09:19:09.011+0000] {processor.py:830} INFO - Processing file /home/airflow/.local/lib/python3.8/site-packages/airflow/example_dags/example_sensor_decorator.py for tasks to queue
[2025-06-25T09:19:09.014+0000] {logging_mixin.py:188} INFO - [2025-06-25T09:19:09.013+0000] {dagbag.py:538} INFO - Filling up the DagBag from /home/airflow/.local/lib/python3.8/site-packages/airflow/example_dags/example_sensor_decorator.py
[2025-06-25T09:19:09.025+0000] {processor.py:840} INFO - DAG(s) 'example_sensor_decorator' retrieved from /home/airflow/.local/lib/python3.8/site-packages/airflow/example_dags/example_sensor_decorator.py
[2025-06-25T09:19:09.061+0000] {logging_mixin.py:188} INFO - [2025-06-25T09:19:09.061+0000] {dag.py:3036} INFO - Sync 1 DAGs
[2025-06-25T09:19:09.085+0000] {logging_mixin.py:188} INFO - [2025-06-25T09:19:09.085+0000] {dag.py:3823} INFO - Setting next_dagrun for example_sensor_decorator to None, run_after=None
[2025-06-25T09:19:09.118+0000] {processor.py:183} INFO - Processing /home/airflow/.local/lib/python3.8/site-packages/airflow/example_dags/example_sensor_decorator.py took 0.115 seconds
[2025-06-25T09:19:39.540+0000] {processor.py:161} INFO - Started process (PID=2067) to work on /home/airflow/.local/lib/python3.8/site-packages/airflow/example_dags/example_sensor_decorator.py
[2025-06-25T09:19:39.542+0000] {processor.py:830} INFO - Processing file /home/airflow/.local/lib/python3.8/site-packages/airflow/example_dags/example_sensor_decorator.py for tasks to queue
[2025-06-25T09:19:39.546+0000] {logging_mixin.py:188} INFO - [2025-06-25T09:19:39.545+0000] {dagbag.py:538} INFO - Filling up the DagBag from /home/airflow/.local/lib/python3.8/site-packages/airflow/example_dags/example_sensor_decorator.py
[2025-06-25T09:19:39.558+0000] {processor.py:840} INFO - DAG(s) 'example_sensor_decorator' retrieved from /home/airflow/.local/lib/python3.8/site-packages/airflow/example_dags/example_sensor_decorator.py
[2025-06-25T09:19:39.598+0000] {logging_mixin.py:188} INFO - [2025-06-25T09:19:39.598+0000] {dag.py:3036} INFO - Sync 1 DAGs
[2025-06-25T09:19:39.625+0000] {logging_mixin.py:188} INFO - [2025-06-25T09:19:39.625+0000] {dag.py:3823} INFO - Setting next_dagrun for example_sensor_decorator to None, run_after=None
[2025-06-25T09:19:39.665+0000] {processor.py:183} INFO - Processing /home/airflow/.local/lib/python3.8/site-packages/airflow/example_dags/example_sensor_decorator.py took 0.132 seconds
[2025-06-25T09:20:10.452+0000] {processor.py:161} INFO - Started process (PID=2139) to work on /home/airflow/.local/lib/python3.8/site-packages/airflow/example_dags/example_sensor_decorator.py
[2025-06-25T09:20:10.454+0000] {processor.py:830} INFO - Processing file /home/airflow/.local/lib/python3.8/site-packages/airflow/example_dags/example_sensor_decorator.py for tasks to queue
[2025-06-25T09:20:10.457+0000] {logging_mixin.py:188} INFO - [2025-06-25T09:20:10.456+0000] {dagbag.py:538} INFO - Filling up the DagBag from /home/airflow/.local/lib/python3.8/site-packages/airflow/example_dags/example_sensor_decorator.py
[2025-06-25T09:20:10.466+0000] {processor.py:840} INFO - DAG(s) 'example_sensor_decorator' retrieved from /home/airflow/.local/lib/python3.8/site-packages/airflow/example_dags/example_sensor_decorator.py
[2025-06-25T09:20:10.497+0000] {logging_mixin.py:188} INFO - [2025-06-25T09:20:10.496+0000] {dag.py:3036} INFO - Sync 1 DAGs
[2025-06-25T09:20:10.520+0000] {logging_mixin.py:188} INFO - [2025-06-25T09:20:10.519+0000] {dag.py:3823} INFO - Setting next_dagrun for example_sensor_decorator to None, run_after=None
[2025-06-25T09:20:10.549+0000] {processor.py:183} INFO - Processing /home/airflow/.local/lib/python3.8/site-packages/airflow/example_dags/example_sensor_decorator.py took 0.102 seconds
[2025-06-25T09:20:41.299+0000] {processor.py:161} INFO - Started process (PID=2205) to work on /home/airflow/.local/lib/python3.8/site-packages/airflow/example_dags/example_sensor_decorator.py
[2025-06-25T09:20:41.301+0000] {processor.py:830} INFO - Processing file /home/airflow/.local/lib/python3.8/site-packages/airflow/example_dags/example_sensor_decorator.py for tasks to queue
[2025-06-25T09:20:41.304+0000] {logging_mixin.py:188} INFO - [2025-06-25T09:20:41.303+0000] {dagbag.py:538} INFO - Filling up the DagBag from /home/airflow/.local/lib/python3.8/site-packages/airflow/example_dags/example_sensor_decorator.py
[2025-06-25T09:20:41.317+0000] {processor.py:840} INFO - DAG(s) 'example_sensor_decorator' retrieved from /home/airflow/.local/lib/python3.8/site-packages/airflow/example_dags/example_sensor_decorator.py
[2025-06-25T09:20:41.359+0000] {logging_mixin.py:188} INFO - [2025-06-25T09:20:41.359+0000] {dag.py:3036} INFO - Sync 1 DAGs
[2025-06-25T09:20:41.388+0000] {logging_mixin.py:188} INFO - [2025-06-25T09:20:41.387+0000] {dag.py:3823} INFO - Setting next_dagrun for example_sensor_decorator to None, run_after=None
[2025-06-25T09:20:41.417+0000] {processor.py:183} INFO - Processing /home/airflow/.local/lib/python3.8/site-packages/airflow/example_dags/example_sensor_decorator.py took 0.124 seconds
[2025-06-25T09:21:11.753+0000] {processor.py:161} INFO - Started process (PID=2270) to work on /home/airflow/.local/lib/python3.8/site-packages/airflow/example_dags/example_sensor_decorator.py
[2025-06-25T09:21:11.754+0000] {processor.py:830} INFO - Processing file /home/airflow/.local/lib/python3.8/site-packages/airflow/example_dags/example_sensor_decorator.py for tasks to queue
[2025-06-25T09:21:11.756+0000] {logging_mixin.py:188} INFO - [2025-06-25T09:21:11.756+0000] {dagbag.py:538} INFO - Filling up the DagBag from /home/airflow/.local/lib/python3.8/site-packages/airflow/example_dags/example_sensor_decorator.py
[2025-06-25T09:21:11.765+0000] {processor.py:840} INFO - DAG(s) 'example_sensor_decorator' retrieved from /home/airflow/.local/lib/python3.8/site-packages/airflow/example_dags/example_sensor_decorator.py
[2025-06-25T09:21:11.800+0000] {logging_mixin.py:188} INFO - [2025-06-25T09:21:11.800+0000] {dag.py:3036} INFO - Sync 1 DAGs
[2025-06-25T09:21:11.821+0000] {logging_mixin.py:188} INFO - [2025-06-25T09:21:11.821+0000] {dag.py:3823} INFO - Setting next_dagrun for example_sensor_decorator to None, run_after=None
[2025-06-25T09:21:11.849+0000] {processor.py:183} INFO - Processing /home/airflow/.local/lib/python3.8/site-packages/airflow/example_dags/example_sensor_decorator.py took 0.101 seconds
