[2025-06-25T09:04:14.662+0000] {processor.py:161} INFO - Started process (PID=108) to work on /home/airflow/.local/lib/python3.8/site-packages/airflow/example_dags/example_branch_operator.py
[2025-06-25T09:04:14.664+0000] {processor.py:830} INFO - Processing file /home/airflow/.local/lib/python3.8/site-packages/airflow/example_dags/example_branch_operator.py for tasks to queue
[2025-06-25T09:04:14.667+0000] {logging_mixin.py:188} INFO - [2025-06-25T09:04:14.666+0000] {dagbag.py:538} INFO - Filling up the DagBag from /home/airflow/.local/lib/python3.8/site-packages/airflow/example_dags/example_branch_operator.py
[2025-06-25T09:04:14.695+0000] {processor.py:840} INFO - DAG(s) 'example_branch_operator' retrieved from /home/airflow/.local/lib/python3.8/site-packages/airflow/example_dags/example_branch_operator.py
[2025-06-25T09:04:14.910+0000] {logging_mixin.py:188} INFO - [2025-06-25T09:04:14.909+0000] {dag.py:3036} INFO - Sync 1 DAGs
[2025-06-25T09:04:14.946+0000] {logging_mixin.py:188} INFO - [2025-06-25T09:04:14.945+0000] {dag.py:3823} INFO - Setting next_dagrun for example_branch_operator to 2025-06-24 00:00:00+00:00, run_after=2025-06-25 00:00:00+00:00
[2025-06-25T09:04:14.976+0000] {processor.py:183} INFO - Processing /home/airflow/.local/lib/python3.8/site-packages/airflow/example_dags/example_branch_operator.py took 0.321 seconds
[2025-06-25T09:04:45.454+0000] {processor.py:161} INFO - Started process (PID=172) to work on /home/airflow/.local/lib/python3.8/site-packages/airflow/example_dags/example_branch_operator.py
[2025-06-25T09:04:45.455+0000] {processor.py:830} INFO - Processing file /home/airflow/.local/lib/python3.8/site-packages/airflow/example_dags/example_branch_operator.py for tasks to queue
[2025-06-25T09:04:45.457+0000] {logging_mixin.py:188} INFO - [2025-06-25T09:04:45.457+0000] {dagbag.py:538} INFO - Filling up the DagBag from /home/airflow/.local/lib/python3.8/site-packages/airflow/example_dags/example_branch_operator.py
[2025-06-25T09:04:45.484+0000] {processor.py:840} INFO - DAG(s) 'example_branch_operator' retrieved from /home/airflow/.local/lib/python3.8/site-packages/airflow/example_dags/example_branch_operator.py
[2025-06-25T09:04:45.535+0000] {logging_mixin.py:188} INFO - [2025-06-25T09:04:45.535+0000] {dag.py:3036} INFO - Sync 1 DAGs
[2025-06-25T09:04:45.570+0000] {logging_mixin.py:188} INFO - [2025-06-25T09:04:45.570+0000] {dag.py:3823} INFO - Setting next_dagrun for example_branch_operator to 2025-06-24 00:00:00+00:00, run_after=2025-06-25 00:00:00+00:00
[2025-06-25T09:04:45.595+0000] {processor.py:183} INFO - Processing /home/airflow/.local/lib/python3.8/site-packages/airflow/example_dags/example_branch_operator.py took 0.146 seconds
[2025-06-25T09:05:15.922+0000] {processor.py:161} INFO - Started process (PID=238) to work on /home/airflow/.local/lib/python3.8/site-packages/airflow/example_dags/example_branch_operator.py
[2025-06-25T09:05:15.924+0000] {processor.py:830} INFO - Processing file /home/airflow/.local/lib/python3.8/site-packages/airflow/example_dags/example_branch_operator.py for tasks to queue
[2025-06-25T09:05:15.926+0000] {logging_mixin.py:188} INFO - [2025-06-25T09:05:15.926+0000] {dagbag.py:538} INFO - Filling up the DagBag from /home/airflow/.local/lib/python3.8/site-packages/airflow/example_dags/example_branch_operator.py
[2025-06-25T09:05:15.954+0000] {processor.py:840} INFO - DAG(s) 'example_branch_operator' retrieved from /home/airflow/.local/lib/python3.8/site-packages/airflow/example_dags/example_branch_operator.py
[2025-06-25T09:05:15.999+0000] {logging_mixin.py:188} INFO - [2025-06-25T09:05:15.999+0000] {dag.py:3036} INFO - Sync 1 DAGs
[2025-06-25T09:05:16.041+0000] {logging_mixin.py:188} INFO - [2025-06-25T09:05:16.041+0000] {dag.py:3823} INFO - Setting next_dagrun for example_branch_operator to 2025-06-24 00:00:00+00:00, run_after=2025-06-25 00:00:00+00:00
[2025-06-25T09:05:16.069+0000] {processor.py:183} INFO - Processing /home/airflow/.local/lib/python3.8/site-packages/airflow/example_dags/example_branch_operator.py took 0.152 seconds
[2025-06-25T09:05:47.168+0000] {processor.py:161} INFO - Started process (PID=304) to work on /home/airflow/.local/lib/python3.8/site-packages/airflow/example_dags/example_branch_operator.py
[2025-06-25T09:05:47.170+0000] {processor.py:830} INFO - Processing file /home/airflow/.local/lib/python3.8/site-packages/airflow/example_dags/example_branch_operator.py for tasks to queue
[2025-06-25T09:05:47.172+0000] {logging_mixin.py:188} INFO - [2025-06-25T09:05:47.172+0000] {dagbag.py:538} INFO - Filling up the DagBag from /home/airflow/.local/lib/python3.8/site-packages/airflow/example_dags/example_branch_operator.py
[2025-06-25T09:05:47.198+0000] {processor.py:840} INFO - DAG(s) 'example_branch_operator' retrieved from /home/airflow/.local/lib/python3.8/site-packages/airflow/example_dags/example_branch_operator.py
[2025-06-25T09:05:47.255+0000] {logging_mixin.py:188} INFO - [2025-06-25T09:05:47.254+0000] {dag.py:3036} INFO - Sync 1 DAGs
[2025-06-25T09:05:47.305+0000] {logging_mixin.py:188} INFO - [2025-06-25T09:05:47.304+0000] {dag.py:3823} INFO - Setting next_dagrun for example_branch_operator to 2025-06-24 00:00:00+00:00, run_after=2025-06-25 00:00:00+00:00
[2025-06-25T09:05:47.336+0000] {processor.py:183} INFO - Processing /home/airflow/.local/lib/python3.8/site-packages/airflow/example_dags/example_branch_operator.py took 0.172 seconds
[2025-06-25T09:06:17.667+0000] {processor.py:161} INFO - Started process (PID=370) to work on /home/airflow/.local/lib/python3.8/site-packages/airflow/example_dags/example_branch_operator.py
[2025-06-25T09:06:17.669+0000] {processor.py:830} INFO - Processing file /home/airflow/.local/lib/python3.8/site-packages/airflow/example_dags/example_branch_operator.py for tasks to queue
[2025-06-25T09:06:17.671+0000] {logging_mixin.py:188} INFO - [2025-06-25T09:06:17.670+0000] {dagbag.py:538} INFO - Filling up the DagBag from /home/airflow/.local/lib/python3.8/site-packages/airflow/example_dags/example_branch_operator.py
[2025-06-25T09:06:17.701+0000] {processor.py:840} INFO - DAG(s) 'example_branch_operator' retrieved from /home/airflow/.local/lib/python3.8/site-packages/airflow/example_dags/example_branch_operator.py
[2025-06-25T09:06:17.753+0000] {logging_mixin.py:188} INFO - [2025-06-25T09:06:17.753+0000] {dag.py:3036} INFO - Sync 1 DAGs
[2025-06-25T09:06:17.790+0000] {logging_mixin.py:188} INFO - [2025-06-25T09:06:17.789+0000] {dag.py:3823} INFO - Setting next_dagrun for example_branch_operator to 2025-06-24 00:00:00+00:00, run_after=2025-06-25 00:00:00+00:00
[2025-06-25T09:06:17.822+0000] {processor.py:183} INFO - Processing /home/airflow/.local/lib/python3.8/site-packages/airflow/example_dags/example_branch_operator.py took 0.160 seconds
[2025-06-25T09:06:48.276+0000] {processor.py:161} INFO - Started process (PID=442) to work on /home/airflow/.local/lib/python3.8/site-packages/airflow/example_dags/example_branch_operator.py
[2025-06-25T09:06:48.277+0000] {processor.py:830} INFO - Processing file /home/airflow/.local/lib/python3.8/site-packages/airflow/example_dags/example_branch_operator.py for tasks to queue
[2025-06-25T09:06:48.280+0000] {logging_mixin.py:188} INFO - [2025-06-25T09:06:48.280+0000] {dagbag.py:538} INFO - Filling up the DagBag from /home/airflow/.local/lib/python3.8/site-packages/airflow/example_dags/example_branch_operator.py
[2025-06-25T09:06:48.324+0000] {processor.py:840} INFO - DAG(s) 'example_branch_operator' retrieved from /home/airflow/.local/lib/python3.8/site-packages/airflow/example_dags/example_branch_operator.py
[2025-06-25T09:06:48.377+0000] {logging_mixin.py:188} INFO - [2025-06-25T09:06:48.377+0000] {dag.py:3036} INFO - Sync 1 DAGs
[2025-06-25T09:06:48.422+0000] {logging_mixin.py:188} INFO - [2025-06-25T09:06:48.421+0000] {dag.py:3823} INFO - Setting next_dagrun for example_branch_operator to 2025-06-24 00:00:00+00:00, run_after=2025-06-25 00:00:00+00:00
[2025-06-25T09:06:48.452+0000] {processor.py:183} INFO - Processing /home/airflow/.local/lib/python3.8/site-packages/airflow/example_dags/example_branch_operator.py took 0.183 seconds
[2025-06-25T09:07:18.909+0000] {processor.py:161} INFO - Started process (PID=508) to work on /home/airflow/.local/lib/python3.8/site-packages/airflow/example_dags/example_branch_operator.py
[2025-06-25T09:07:18.911+0000] {processor.py:830} INFO - Processing file /home/airflow/.local/lib/python3.8/site-packages/airflow/example_dags/example_branch_operator.py for tasks to queue
[2025-06-25T09:07:18.914+0000] {logging_mixin.py:188} INFO - [2025-06-25T09:07:18.913+0000] {dagbag.py:538} INFO - Filling up the DagBag from /home/airflow/.local/lib/python3.8/site-packages/airflow/example_dags/example_branch_operator.py
[2025-06-25T09:07:18.946+0000] {processor.py:840} INFO - DAG(s) 'example_branch_operator' retrieved from /home/airflow/.local/lib/python3.8/site-packages/airflow/example_dags/example_branch_operator.py
[2025-06-25T09:07:19.000+0000] {logging_mixin.py:188} INFO - [2025-06-25T09:07:19.000+0000] {dag.py:3036} INFO - Sync 1 DAGs
[2025-06-25T09:07:19.046+0000] {logging_mixin.py:188} INFO - [2025-06-25T09:07:19.046+0000] {dag.py:3823} INFO - Setting next_dagrun for example_branch_operator to 2025-06-24 00:00:00+00:00, run_after=2025-06-25 00:00:00+00:00
[2025-06-25T09:07:19.081+0000] {processor.py:183} INFO - Processing /home/airflow/.local/lib/python3.8/site-packages/airflow/example_dags/example_branch_operator.py took 0.177 seconds
[2025-06-25T09:07:49.238+0000] {processor.py:161} INFO - Started process (PID=574) to work on /home/airflow/.local/lib/python3.8/site-packages/airflow/example_dags/example_branch_operator.py
[2025-06-25T09:07:49.240+0000] {processor.py:830} INFO - Processing file /home/airflow/.local/lib/python3.8/site-packages/airflow/example_dags/example_branch_operator.py for tasks to queue
[2025-06-25T09:07:49.243+0000] {logging_mixin.py:188} INFO - [2025-06-25T09:07:49.242+0000] {dagbag.py:538} INFO - Filling up the DagBag from /home/airflow/.local/lib/python3.8/site-packages/airflow/example_dags/example_branch_operator.py
[2025-06-25T09:07:49.279+0000] {processor.py:840} INFO - DAG(s) 'example_branch_operator' retrieved from /home/airflow/.local/lib/python3.8/site-packages/airflow/example_dags/example_branch_operator.py
[2025-06-25T09:07:49.336+0000] {logging_mixin.py:188} INFO - [2025-06-25T09:07:49.335+0000] {dag.py:3036} INFO - Sync 1 DAGs
[2025-06-25T09:07:49.381+0000] {logging_mixin.py:188} INFO - [2025-06-25T09:07:49.381+0000] {dag.py:3823} INFO - Setting next_dagrun for example_branch_operator to 2025-06-24 00:00:00+00:00, run_after=2025-06-25 00:00:00+00:00
[2025-06-25T09:07:49.413+0000] {processor.py:183} INFO - Processing /home/airflow/.local/lib/python3.8/site-packages/airflow/example_dags/example_branch_operator.py took 0.181 seconds
[2025-06-25T09:08:20.006+0000] {processor.py:161} INFO - Started process (PID=640) to work on /home/airflow/.local/lib/python3.8/site-packages/airflow/example_dags/example_branch_operator.py
[2025-06-25T09:08:20.007+0000] {processor.py:830} INFO - Processing file /home/airflow/.local/lib/python3.8/site-packages/airflow/example_dags/example_branch_operator.py for tasks to queue
[2025-06-25T09:08:20.009+0000] {logging_mixin.py:188} INFO - [2025-06-25T09:08:20.009+0000] {dagbag.py:538} INFO - Filling up the DagBag from /home/airflow/.local/lib/python3.8/site-packages/airflow/example_dags/example_branch_operator.py
[2025-06-25T09:08:20.036+0000] {processor.py:840} INFO - DAG(s) 'example_branch_operator' retrieved from /home/airflow/.local/lib/python3.8/site-packages/airflow/example_dags/example_branch_operator.py
[2025-06-25T09:08:20.083+0000] {logging_mixin.py:188} INFO - [2025-06-25T09:08:20.083+0000] {dag.py:3036} INFO - Sync 1 DAGs
[2025-06-25T09:08:20.122+0000] {logging_mixin.py:188} INFO - [2025-06-25T09:08:20.122+0000] {dag.py:3823} INFO - Setting next_dagrun for example_branch_operator to 2025-06-24 00:00:00+00:00, run_after=2025-06-25 00:00:00+00:00
[2025-06-25T09:08:20.150+0000] {processor.py:183} INFO - Processing /home/airflow/.local/lib/python3.8/site-packages/airflow/example_dags/example_branch_operator.py took 0.149 seconds
[2025-06-25T09:08:50.775+0000] {processor.py:161} INFO - Started process (PID=704) to work on /home/airflow/.local/lib/python3.8/site-packages/airflow/example_dags/example_branch_operator.py
[2025-06-25T09:08:50.778+0000] {processor.py:830} INFO - Processing file /home/airflow/.local/lib/python3.8/site-packages/airflow/example_dags/example_branch_operator.py for tasks to queue
[2025-06-25T09:08:50.780+0000] {logging_mixin.py:188} INFO - [2025-06-25T09:08:50.780+0000] {dagbag.py:538} INFO - Filling up the DagBag from /home/airflow/.local/lib/python3.8/site-packages/airflow/example_dags/example_branch_operator.py
[2025-06-25T09:08:50.813+0000] {processor.py:840} INFO - DAG(s) 'example_branch_operator' retrieved from /home/airflow/.local/lib/python3.8/site-packages/airflow/example_dags/example_branch_operator.py
[2025-06-25T09:08:50.863+0000] {logging_mixin.py:188} INFO - [2025-06-25T09:08:50.863+0000] {dag.py:3036} INFO - Sync 1 DAGs
[2025-06-25T09:08:50.908+0000] {logging_mixin.py:188} INFO - [2025-06-25T09:08:50.908+0000] {dag.py:3823} INFO - Setting next_dagrun for example_branch_operator to 2025-06-24 00:00:00+00:00, run_after=2025-06-25 00:00:00+00:00
[2025-06-25T09:08:50.939+0000] {processor.py:183} INFO - Processing /home/airflow/.local/lib/python3.8/site-packages/airflow/example_dags/example_branch_operator.py took 0.170 seconds
[2025-06-25T09:09:21.157+0000] {processor.py:161} INFO - Started process (PID=769) to work on /home/airflow/.local/lib/python3.8/site-packages/airflow/example_dags/example_branch_operator.py
[2025-06-25T09:09:21.159+0000] {processor.py:830} INFO - Processing file /home/airflow/.local/lib/python3.8/site-packages/airflow/example_dags/example_branch_operator.py for tasks to queue
[2025-06-25T09:09:21.162+0000] {logging_mixin.py:188} INFO - [2025-06-25T09:09:21.161+0000] {dagbag.py:538} INFO - Filling up the DagBag from /home/airflow/.local/lib/python3.8/site-packages/airflow/example_dags/example_branch_operator.py
[2025-06-25T09:09:21.192+0000] {processor.py:840} INFO - DAG(s) 'example_branch_operator' retrieved from /home/airflow/.local/lib/python3.8/site-packages/airflow/example_dags/example_branch_operator.py
[2025-06-25T09:09:21.251+0000] {logging_mixin.py:188} INFO - [2025-06-25T09:09:21.251+0000] {dag.py:3036} INFO - Sync 1 DAGs
[2025-06-25T09:09:21.297+0000] {logging_mixin.py:188} INFO - [2025-06-25T09:09:21.297+0000] {dag.py:3823} INFO - Setting next_dagrun for example_branch_operator to 2025-06-24 00:00:00+00:00, run_after=2025-06-25 00:00:00+00:00
[2025-06-25T09:09:21.336+0000] {processor.py:183} INFO - Processing /home/airflow/.local/lib/python3.8/site-packages/airflow/example_dags/example_branch_operator.py took 0.186 seconds
[2025-06-25T09:09:52.433+0000] {processor.py:161} INFO - Started process (PID=833) to work on /home/airflow/.local/lib/python3.8/site-packages/airflow/example_dags/example_branch_operator.py
[2025-06-25T09:09:52.434+0000] {processor.py:830} INFO - Processing file /home/airflow/.local/lib/python3.8/site-packages/airflow/example_dags/example_branch_operator.py for tasks to queue
[2025-06-25T09:09:52.436+0000] {logging_mixin.py:188} INFO - [2025-06-25T09:09:52.436+0000] {dagbag.py:538} INFO - Filling up the DagBag from /home/airflow/.local/lib/python3.8/site-packages/airflow/example_dags/example_branch_operator.py
[2025-06-25T09:09:52.473+0000] {processor.py:840} INFO - DAG(s) 'example_branch_operator' retrieved from /home/airflow/.local/lib/python3.8/site-packages/airflow/example_dags/example_branch_operator.py
[2025-06-25T09:09:52.532+0000] {logging_mixin.py:188} INFO - [2025-06-25T09:09:52.532+0000] {dag.py:3036} INFO - Sync 1 DAGs
[2025-06-25T09:09:52.589+0000] {logging_mixin.py:188} INFO - [2025-06-25T09:09:52.589+0000] {dag.py:3823} INFO - Setting next_dagrun for example_branch_operator to 2025-06-24 00:00:00+00:00, run_after=2025-06-25 00:00:00+00:00
[2025-06-25T09:09:52.623+0000] {processor.py:183} INFO - Processing /home/airflow/.local/lib/python3.8/site-packages/airflow/example_dags/example_branch_operator.py took 0.198 seconds
[2025-06-25T09:10:23.555+0000] {processor.py:161} INFO - Started process (PID=898) to work on /home/airflow/.local/lib/python3.8/site-packages/airflow/example_dags/example_branch_operator.py
[2025-06-25T09:10:23.557+0000] {processor.py:830} INFO - Processing file /home/airflow/.local/lib/python3.8/site-packages/airflow/example_dags/example_branch_operator.py for tasks to queue
[2025-06-25T09:10:23.561+0000] {logging_mixin.py:188} INFO - [2025-06-25T09:10:23.560+0000] {dagbag.py:538} INFO - Filling up the DagBag from /home/airflow/.local/lib/python3.8/site-packages/airflow/example_dags/example_branch_operator.py
[2025-06-25T09:10:23.607+0000] {processor.py:840} INFO - DAG(s) 'example_branch_operator' retrieved from /home/airflow/.local/lib/python3.8/site-packages/airflow/example_dags/example_branch_operator.py
[2025-06-25T09:10:23.660+0000] {logging_mixin.py:188} INFO - [2025-06-25T09:10:23.659+0000] {dag.py:3036} INFO - Sync 1 DAGs
[2025-06-25T09:10:23.700+0000] {logging_mixin.py:188} INFO - [2025-06-25T09:10:23.700+0000] {dag.py:3823} INFO - Setting next_dagrun for example_branch_operator to 2025-06-24 00:00:00+00:00, run_after=2025-06-25 00:00:00+00:00
[2025-06-25T09:10:23.738+0000] {processor.py:183} INFO - Processing /home/airflow/.local/lib/python3.8/site-packages/airflow/example_dags/example_branch_operator.py took 0.189 seconds
[2025-06-25T09:10:54.336+0000] {processor.py:161} INFO - Started process (PID=963) to work on /home/airflow/.local/lib/python3.8/site-packages/airflow/example_dags/example_branch_operator.py
[2025-06-25T09:10:54.337+0000] {processor.py:830} INFO - Processing file /home/airflow/.local/lib/python3.8/site-packages/airflow/example_dags/example_branch_operator.py for tasks to queue
[2025-06-25T09:10:54.340+0000] {logging_mixin.py:188} INFO - [2025-06-25T09:10:54.340+0000] {dagbag.py:538} INFO - Filling up the DagBag from /home/airflow/.local/lib/python3.8/site-packages/airflow/example_dags/example_branch_operator.py
[2025-06-25T09:10:54.373+0000] {processor.py:840} INFO - DAG(s) 'example_branch_operator' retrieved from /home/airflow/.local/lib/python3.8/site-packages/airflow/example_dags/example_branch_operator.py
[2025-06-25T09:10:54.444+0000] {logging_mixin.py:188} INFO - [2025-06-25T09:10:54.443+0000] {dag.py:3036} INFO - Sync 1 DAGs
[2025-06-25T09:10:54.500+0000] {logging_mixin.py:188} INFO - [2025-06-25T09:10:54.499+0000] {dag.py:3823} INFO - Setting next_dagrun for example_branch_operator to 2025-06-24 00:00:00+00:00, run_after=2025-06-25 00:00:00+00:00
[2025-06-25T09:10:54.535+0000] {processor.py:183} INFO - Processing /home/airflow/.local/lib/python3.8/site-packages/airflow/example_dags/example_branch_operator.py took 0.204 seconds
[2025-06-25T09:11:25.698+0000] {processor.py:161} INFO - Started process (PID=1028) to work on /home/airflow/.local/lib/python3.8/site-packages/airflow/example_dags/example_branch_operator.py
[2025-06-25T09:11:25.700+0000] {processor.py:830} INFO - Processing file /home/airflow/.local/lib/python3.8/site-packages/airflow/example_dags/example_branch_operator.py for tasks to queue
[2025-06-25T09:11:25.702+0000] {logging_mixin.py:188} INFO - [2025-06-25T09:11:25.702+0000] {dagbag.py:538} INFO - Filling up the DagBag from /home/airflow/.local/lib/python3.8/site-packages/airflow/example_dags/example_branch_operator.py
[2025-06-25T09:11:25.741+0000] {processor.py:840} INFO - DAG(s) 'example_branch_operator' retrieved from /home/airflow/.local/lib/python3.8/site-packages/airflow/example_dags/example_branch_operator.py
[2025-06-25T09:11:25.796+0000] {logging_mixin.py:188} INFO - [2025-06-25T09:11:25.796+0000] {dag.py:3036} INFO - Sync 1 DAGs
[2025-06-25T09:11:25.839+0000] {logging_mixin.py:188} INFO - [2025-06-25T09:11:25.838+0000] {dag.py:3823} INFO - Setting next_dagrun for example_branch_operator to 2025-06-24 00:00:00+00:00, run_after=2025-06-25 00:00:00+00:00
[2025-06-25T09:11:25.879+0000] {processor.py:183} INFO - Processing /home/airflow/.local/lib/python3.8/site-packages/airflow/example_dags/example_branch_operator.py took 0.187 seconds
[2025-06-25T09:11:56.097+0000] {processor.py:161} INFO - Started process (PID=1093) to work on /home/airflow/.local/lib/python3.8/site-packages/airflow/example_dags/example_branch_operator.py
[2025-06-25T09:11:56.099+0000] {processor.py:830} INFO - Processing file /home/airflow/.local/lib/python3.8/site-packages/airflow/example_dags/example_branch_operator.py for tasks to queue
[2025-06-25T09:11:56.102+0000] {logging_mixin.py:188} INFO - [2025-06-25T09:11:56.101+0000] {dagbag.py:538} INFO - Filling up the DagBag from /home/airflow/.local/lib/python3.8/site-packages/airflow/example_dags/example_branch_operator.py
[2025-06-25T09:11:56.154+0000] {processor.py:840} INFO - DAG(s) 'example_branch_operator' retrieved from /home/airflow/.local/lib/python3.8/site-packages/airflow/example_dags/example_branch_operator.py
[2025-06-25T09:11:56.221+0000] {logging_mixin.py:188} INFO - [2025-06-25T09:11:56.221+0000] {dag.py:3036} INFO - Sync 1 DAGs
[2025-06-25T09:11:56.269+0000] {logging_mixin.py:188} INFO - [2025-06-25T09:11:56.268+0000] {dag.py:3823} INFO - Setting next_dagrun for example_branch_operator to 2025-06-24 00:00:00+00:00, run_after=2025-06-25 00:00:00+00:00
[2025-06-25T09:11:56.303+0000] {processor.py:183} INFO - Processing /home/airflow/.local/lib/python3.8/site-packages/airflow/example_dags/example_branch_operator.py took 0.211 seconds
[2025-06-25T09:12:26.709+0000] {processor.py:161} INFO - Started process (PID=1156) to work on /home/airflow/.local/lib/python3.8/site-packages/airflow/example_dags/example_branch_operator.py
[2025-06-25T09:12:26.711+0000] {processor.py:830} INFO - Processing file /home/airflow/.local/lib/python3.8/site-packages/airflow/example_dags/example_branch_operator.py for tasks to queue
[2025-06-25T09:12:26.714+0000] {logging_mixin.py:188} INFO - [2025-06-25T09:12:26.714+0000] {dagbag.py:538} INFO - Filling up the DagBag from /home/airflow/.local/lib/python3.8/site-packages/airflow/example_dags/example_branch_operator.py
[2025-06-25T09:12:26.780+0000] {processor.py:840} INFO - DAG(s) 'example_branch_operator' retrieved from /home/airflow/.local/lib/python3.8/site-packages/airflow/example_dags/example_branch_operator.py
[2025-06-25T09:12:26.848+0000] {logging_mixin.py:188} INFO - [2025-06-25T09:12:26.847+0000] {dag.py:3036} INFO - Sync 1 DAGs
[2025-06-25T09:12:26.901+0000] {logging_mixin.py:188} INFO - [2025-06-25T09:12:26.900+0000] {dag.py:3823} INFO - Setting next_dagrun for example_branch_operator to 2025-06-24 00:00:00+00:00, run_after=2025-06-25 00:00:00+00:00
[2025-06-25T09:12:26.957+0000] {processor.py:183} INFO - Processing /home/airflow/.local/lib/python3.8/site-packages/airflow/example_dags/example_branch_operator.py took 0.257 seconds
[2025-06-25T09:12:57.615+0000] {processor.py:161} INFO - Started process (PID=1222) to work on /home/airflow/.local/lib/python3.8/site-packages/airflow/example_dags/example_branch_operator.py
[2025-06-25T09:12:57.617+0000] {processor.py:830} INFO - Processing file /home/airflow/.local/lib/python3.8/site-packages/airflow/example_dags/example_branch_operator.py for tasks to queue
[2025-06-25T09:12:57.620+0000] {logging_mixin.py:188} INFO - [2025-06-25T09:12:57.620+0000] {dagbag.py:538} INFO - Filling up the DagBag from /home/airflow/.local/lib/python3.8/site-packages/airflow/example_dags/example_branch_operator.py
[2025-06-25T09:12:57.654+0000] {processor.py:840} INFO - DAG(s) 'example_branch_operator' retrieved from /home/airflow/.local/lib/python3.8/site-packages/airflow/example_dags/example_branch_operator.py
[2025-06-25T09:12:57.711+0000] {logging_mixin.py:188} INFO - [2025-06-25T09:12:57.711+0000] {dag.py:3036} INFO - Sync 1 DAGs
[2025-06-25T09:12:57.757+0000] {logging_mixin.py:188} INFO - [2025-06-25T09:12:57.756+0000] {dag.py:3823} INFO - Setting next_dagrun for example_branch_operator to 2025-06-24 00:00:00+00:00, run_after=2025-06-25 00:00:00+00:00
[2025-06-25T09:12:57.792+0000] {processor.py:183} INFO - Processing /home/airflow/.local/lib/python3.8/site-packages/airflow/example_dags/example_branch_operator.py took 0.183 seconds
[2025-06-25T09:13:28.101+0000] {processor.py:161} INFO - Started process (PID=1288) to work on /home/airflow/.local/lib/python3.8/site-packages/airflow/example_dags/example_branch_operator.py
[2025-06-25T09:13:28.104+0000] {processor.py:830} INFO - Processing file /home/airflow/.local/lib/python3.8/site-packages/airflow/example_dags/example_branch_operator.py for tasks to queue
[2025-06-25T09:13:28.107+0000] {logging_mixin.py:188} INFO - [2025-06-25T09:13:28.106+0000] {dagbag.py:538} INFO - Filling up the DagBag from /home/airflow/.local/lib/python3.8/site-packages/airflow/example_dags/example_branch_operator.py
[2025-06-25T09:13:28.142+0000] {processor.py:840} INFO - DAG(s) 'example_branch_operator' retrieved from /home/airflow/.local/lib/python3.8/site-packages/airflow/example_dags/example_branch_operator.py
[2025-06-25T09:13:28.199+0000] {logging_mixin.py:188} INFO - [2025-06-25T09:13:28.198+0000] {dag.py:3036} INFO - Sync 1 DAGs
[2025-06-25T09:13:28.257+0000] {logging_mixin.py:188} INFO - [2025-06-25T09:13:28.256+0000] {dag.py:3823} INFO - Setting next_dagrun for example_branch_operator to 2025-06-24 00:00:00+00:00, run_after=2025-06-25 00:00:00+00:00
[2025-06-25T09:13:28.312+0000] {processor.py:183} INFO - Processing /home/airflow/.local/lib/python3.8/site-packages/airflow/example_dags/example_branch_operator.py took 0.216 seconds
[2025-06-25T09:13:59.430+0000] {processor.py:161} INFO - Started process (PID=1354) to work on /home/airflow/.local/lib/python3.8/site-packages/airflow/example_dags/example_branch_operator.py
[2025-06-25T09:13:59.436+0000] {processor.py:830} INFO - Processing file /home/airflow/.local/lib/python3.8/site-packages/airflow/example_dags/example_branch_operator.py for tasks to queue
[2025-06-25T09:13:59.440+0000] {logging_mixin.py:188} INFO - [2025-06-25T09:13:59.439+0000] {dagbag.py:538} INFO - Filling up the DagBag from /home/airflow/.local/lib/python3.8/site-packages/airflow/example_dags/example_branch_operator.py
[2025-06-25T09:13:59.502+0000] {processor.py:840} INFO - DAG(s) 'example_branch_operator' retrieved from /home/airflow/.local/lib/python3.8/site-packages/airflow/example_dags/example_branch_operator.py
[2025-06-25T09:13:59.570+0000] {logging_mixin.py:188} INFO - [2025-06-25T09:13:59.570+0000] {dag.py:3036} INFO - Sync 1 DAGs
[2025-06-25T09:13:59.629+0000] {logging_mixin.py:188} INFO - [2025-06-25T09:13:59.629+0000] {dag.py:3823} INFO - Setting next_dagrun for example_branch_operator to 2025-06-24 00:00:00+00:00, run_after=2025-06-25 00:00:00+00:00
[2025-06-25T09:13:59.673+0000] {processor.py:183} INFO - Processing /home/airflow/.local/lib/python3.8/site-packages/airflow/example_dags/example_branch_operator.py took 0.255 seconds
[2025-06-25T09:14:30.492+0000] {processor.py:161} INFO - Started process (PID=1419) to work on /home/airflow/.local/lib/python3.8/site-packages/airflow/example_dags/example_branch_operator.py
[2025-06-25T09:14:30.494+0000] {processor.py:830} INFO - Processing file /home/airflow/.local/lib/python3.8/site-packages/airflow/example_dags/example_branch_operator.py for tasks to queue
[2025-06-25T09:14:30.498+0000] {logging_mixin.py:188} INFO - [2025-06-25T09:14:30.497+0000] {dagbag.py:538} INFO - Filling up the DagBag from /home/airflow/.local/lib/python3.8/site-packages/airflow/example_dags/example_branch_operator.py
[2025-06-25T09:14:30.541+0000] {processor.py:840} INFO - DAG(s) 'example_branch_operator' retrieved from /home/airflow/.local/lib/python3.8/site-packages/airflow/example_dags/example_branch_operator.py
[2025-06-25T09:14:30.613+0000] {logging_mixin.py:188} INFO - [2025-06-25T09:14:30.613+0000] {dag.py:3036} INFO - Sync 1 DAGs
[2025-06-25T09:14:30.676+0000] {logging_mixin.py:188} INFO - [2025-06-25T09:14:30.676+0000] {dag.py:3823} INFO - Setting next_dagrun for example_branch_operator to 2025-06-24 00:00:00+00:00, run_after=2025-06-25 00:00:00+00:00
[2025-06-25T09:14:30.717+0000] {processor.py:183} INFO - Processing /home/airflow/.local/lib/python3.8/site-packages/airflow/example_dags/example_branch_operator.py took 0.231 seconds
[2025-06-25T09:15:01.660+0000] {processor.py:161} INFO - Started process (PID=1484) to work on /home/airflow/.local/lib/python3.8/site-packages/airflow/example_dags/example_branch_operator.py
[2025-06-25T09:15:01.662+0000] {processor.py:830} INFO - Processing file /home/airflow/.local/lib/python3.8/site-packages/airflow/example_dags/example_branch_operator.py for tasks to queue
[2025-06-25T09:15:01.666+0000] {logging_mixin.py:188} INFO - [2025-06-25T09:15:01.665+0000] {dagbag.py:538} INFO - Filling up the DagBag from /home/airflow/.local/lib/python3.8/site-packages/airflow/example_dags/example_branch_operator.py
[2025-06-25T09:15:01.707+0000] {processor.py:840} INFO - DAG(s) 'example_branch_operator' retrieved from /home/airflow/.local/lib/python3.8/site-packages/airflow/example_dags/example_branch_operator.py
[2025-06-25T09:15:01.824+0000] {logging_mixin.py:188} INFO - [2025-06-25T09:15:01.824+0000] {dag.py:3036} INFO - Sync 1 DAGs
[2025-06-25T09:15:01.992+0000] {logging_mixin.py:188} INFO - [2025-06-25T09:15:01.991+0000] {dag.py:3823} INFO - Setting next_dagrun for example_branch_operator to 2025-06-24 00:00:00+00:00, run_after=2025-06-25 00:00:00+00:00
[2025-06-25T09:15:02.084+0000] {processor.py:183} INFO - Processing /home/airflow/.local/lib/python3.8/site-packages/airflow/example_dags/example_branch_operator.py took 0.431 seconds
[2025-06-25T09:15:32.306+0000] {processor.py:161} INFO - Started process (PID=1548) to work on /home/airflow/.local/lib/python3.8/site-packages/airflow/example_dags/example_branch_operator.py
[2025-06-25T09:15:32.308+0000] {processor.py:830} INFO - Processing file /home/airflow/.local/lib/python3.8/site-packages/airflow/example_dags/example_branch_operator.py for tasks to queue
[2025-06-25T09:15:32.312+0000] {logging_mixin.py:188} INFO - [2025-06-25T09:15:32.311+0000] {dagbag.py:538} INFO - Filling up the DagBag from /home/airflow/.local/lib/python3.8/site-packages/airflow/example_dags/example_branch_operator.py
[2025-06-25T09:15:32.357+0000] {processor.py:840} INFO - DAG(s) 'example_branch_operator' retrieved from /home/airflow/.local/lib/python3.8/site-packages/airflow/example_dags/example_branch_operator.py
[2025-06-25T09:15:32.433+0000] {logging_mixin.py:188} INFO - [2025-06-25T09:15:32.432+0000] {dag.py:3036} INFO - Sync 1 DAGs
[2025-06-25T09:15:32.488+0000] {logging_mixin.py:188} INFO - [2025-06-25T09:15:32.487+0000] {dag.py:3823} INFO - Setting next_dagrun for example_branch_operator to 2025-06-24 00:00:00+00:00, run_after=2025-06-25 00:00:00+00:00
[2025-06-25T09:15:32.546+0000] {processor.py:183} INFO - Processing /home/airflow/.local/lib/python3.8/site-packages/airflow/example_dags/example_branch_operator.py took 0.247 seconds
[2025-06-25T09:16:02.863+0000] {processor.py:161} INFO - Started process (PID=1606) to work on /home/airflow/.local/lib/python3.8/site-packages/airflow/example_dags/example_branch_operator.py
[2025-06-25T09:16:02.867+0000] {processor.py:830} INFO - Processing file /home/airflow/.local/lib/python3.8/site-packages/airflow/example_dags/example_branch_operator.py for tasks to queue
[2025-06-25T09:16:02.871+0000] {logging_mixin.py:188} INFO - [2025-06-25T09:16:02.871+0000] {dagbag.py:538} INFO - Filling up the DagBag from /home/airflow/.local/lib/python3.8/site-packages/airflow/example_dags/example_branch_operator.py
[2025-06-25T09:16:02.913+0000] {processor.py:840} INFO - DAG(s) 'example_branch_operator' retrieved from /home/airflow/.local/lib/python3.8/site-packages/airflow/example_dags/example_branch_operator.py
[2025-06-25T09:16:02.978+0000] {logging_mixin.py:188} INFO - [2025-06-25T09:16:02.977+0000] {dag.py:3036} INFO - Sync 1 DAGs
[2025-06-25T09:16:03.043+0000] {logging_mixin.py:188} INFO - [2025-06-25T09:16:03.043+0000] {dag.py:3823} INFO - Setting next_dagrun for example_branch_operator to 2025-06-24 00:00:00+00:00, run_after=2025-06-25 00:00:00+00:00
[2025-06-25T09:16:03.089+0000] {processor.py:183} INFO - Processing /home/airflow/.local/lib/python3.8/site-packages/airflow/example_dags/example_branch_operator.py took 0.232 seconds
[2025-06-25T09:16:33.821+0000] {processor.py:161} INFO - Started process (PID=1670) to work on /home/airflow/.local/lib/python3.8/site-packages/airflow/example_dags/example_branch_operator.py
[2025-06-25T09:16:33.823+0000] {processor.py:830} INFO - Processing file /home/airflow/.local/lib/python3.8/site-packages/airflow/example_dags/example_branch_operator.py for tasks to queue
[2025-06-25T09:16:33.827+0000] {logging_mixin.py:188} INFO - [2025-06-25T09:16:33.826+0000] {dagbag.py:538} INFO - Filling up the DagBag from /home/airflow/.local/lib/python3.8/site-packages/airflow/example_dags/example_branch_operator.py
[2025-06-25T09:16:33.869+0000] {processor.py:840} INFO - DAG(s) 'example_branch_operator' retrieved from /home/airflow/.local/lib/python3.8/site-packages/airflow/example_dags/example_branch_operator.py
[2025-06-25T09:16:33.936+0000] {logging_mixin.py:188} INFO - [2025-06-25T09:16:33.935+0000] {dag.py:3036} INFO - Sync 1 DAGs
[2025-06-25T09:16:33.990+0000] {logging_mixin.py:188} INFO - [2025-06-25T09:16:33.990+0000] {dag.py:3823} INFO - Setting next_dagrun for example_branch_operator to 2025-06-24 00:00:00+00:00, run_after=2025-06-25 00:00:00+00:00
[2025-06-25T09:16:34.036+0000] {processor.py:183} INFO - Processing /home/airflow/.local/lib/python3.8/site-packages/airflow/example_dags/example_branch_operator.py took 0.221 seconds
[2025-06-25T09:17:04.396+0000] {processor.py:161} INFO - Started process (PID=1735) to work on /home/airflow/.local/lib/python3.8/site-packages/airflow/example_dags/example_branch_operator.py
[2025-06-25T09:17:04.419+0000] {processor.py:830} INFO - Processing file /home/airflow/.local/lib/python3.8/site-packages/airflow/example_dags/example_branch_operator.py for tasks to queue
[2025-06-25T09:17:04.426+0000] {logging_mixin.py:188} INFO - [2025-06-25T09:17:04.426+0000] {dagbag.py:538} INFO - Filling up the DagBag from /home/airflow/.local/lib/python3.8/site-packages/airflow/example_dags/example_branch_operator.py
[2025-06-25T09:17:04.466+0000] {processor.py:840} INFO - DAG(s) 'example_branch_operator' retrieved from /home/airflow/.local/lib/python3.8/site-packages/airflow/example_dags/example_branch_operator.py
[2025-06-25T09:17:04.529+0000] {logging_mixin.py:188} INFO - [2025-06-25T09:17:04.529+0000] {dag.py:3036} INFO - Sync 1 DAGs
[2025-06-25T09:17:04.583+0000] {logging_mixin.py:188} INFO - [2025-06-25T09:17:04.582+0000] {dag.py:3823} INFO - Setting next_dagrun for example_branch_operator to 2025-06-24 00:00:00+00:00, run_after=2025-06-25 00:00:00+00:00
[2025-06-25T09:17:04.648+0000] {processor.py:183} INFO - Processing /home/airflow/.local/lib/python3.8/site-packages/airflow/example_dags/example_branch_operator.py took 0.258 seconds
[2025-06-25T09:17:35.553+0000] {processor.py:161} INFO - Started process (PID=1801) to work on /home/airflow/.local/lib/python3.8/site-packages/airflow/example_dags/example_branch_operator.py
[2025-06-25T09:17:35.557+0000] {processor.py:830} INFO - Processing file /home/airflow/.local/lib/python3.8/site-packages/airflow/example_dags/example_branch_operator.py for tasks to queue
[2025-06-25T09:17:35.560+0000] {logging_mixin.py:188} INFO - [2025-06-25T09:17:35.560+0000] {dagbag.py:538} INFO - Filling up the DagBag from /home/airflow/.local/lib/python3.8/site-packages/airflow/example_dags/example_branch_operator.py
[2025-06-25T09:17:35.652+0000] {processor.py:840} INFO - DAG(s) 'example_branch_operator' retrieved from /home/airflow/.local/lib/python3.8/site-packages/airflow/example_dags/example_branch_operator.py
[2025-06-25T09:17:35.737+0000] {logging_mixin.py:188} INFO - [2025-06-25T09:17:35.737+0000] {dag.py:3036} INFO - Sync 1 DAGs
[2025-06-25T09:17:35.786+0000] {logging_mixin.py:188} INFO - [2025-06-25T09:17:35.785+0000] {dag.py:3823} INFO - Setting next_dagrun for example_branch_operator to 2025-06-24 00:00:00+00:00, run_after=2025-06-25 00:00:00+00:00
[2025-06-25T09:17:35.832+0000] {processor.py:183} INFO - Processing /home/airflow/.local/lib/python3.8/site-packages/airflow/example_dags/example_branch_operator.py took 0.286 seconds
[2025-06-25T09:18:05.944+0000] {processor.py:161} INFO - Started process (PID=1864) to work on /home/airflow/.local/lib/python3.8/site-packages/airflow/example_dags/example_branch_operator.py
[2025-06-25T09:18:05.946+0000] {processor.py:830} INFO - Processing file /home/airflow/.local/lib/python3.8/site-packages/airflow/example_dags/example_branch_operator.py for tasks to queue
[2025-06-25T09:18:05.949+0000] {logging_mixin.py:188} INFO - [2025-06-25T09:18:05.949+0000] {dagbag.py:538} INFO - Filling up the DagBag from /home/airflow/.local/lib/python3.8/site-packages/airflow/example_dags/example_branch_operator.py
[2025-06-25T09:18:05.987+0000] {processor.py:840} INFO - DAG(s) 'example_branch_operator' retrieved from /home/airflow/.local/lib/python3.8/site-packages/airflow/example_dags/example_branch_operator.py
[2025-06-25T09:18:06.052+0000] {logging_mixin.py:188} INFO - [2025-06-25T09:18:06.051+0000] {dag.py:3036} INFO - Sync 1 DAGs
[2025-06-25T09:18:06.105+0000] {logging_mixin.py:188} INFO - [2025-06-25T09:18:06.105+0000] {dag.py:3823} INFO - Setting next_dagrun for example_branch_operator to 2025-06-24 00:00:00+00:00, run_after=2025-06-25 00:00:00+00:00
[2025-06-25T09:18:06.147+0000] {processor.py:183} INFO - Processing /home/airflow/.local/lib/python3.8/site-packages/airflow/example_dags/example_branch_operator.py took 0.214 seconds
[2025-06-25T09:18:37.402+0000] {processor.py:161} INFO - Started process (PID=1931) to work on /home/airflow/.local/lib/python3.8/site-packages/airflow/example_dags/example_branch_operator.py
[2025-06-25T09:18:37.405+0000] {processor.py:830} INFO - Processing file /home/airflow/.local/lib/python3.8/site-packages/airflow/example_dags/example_branch_operator.py for tasks to queue
[2025-06-25T09:18:37.409+0000] {logging_mixin.py:188} INFO - [2025-06-25T09:18:37.408+0000] {dagbag.py:538} INFO - Filling up the DagBag from /home/airflow/.local/lib/python3.8/site-packages/airflow/example_dags/example_branch_operator.py
[2025-06-25T09:18:37.445+0000] {processor.py:840} INFO - DAG(s) 'example_branch_operator' retrieved from /home/airflow/.local/lib/python3.8/site-packages/airflow/example_dags/example_branch_operator.py
[2025-06-25T09:18:37.503+0000] {logging_mixin.py:188} INFO - [2025-06-25T09:18:37.502+0000] {dag.py:3036} INFO - Sync 1 DAGs
[2025-06-25T09:18:37.552+0000] {logging_mixin.py:188} INFO - [2025-06-25T09:18:37.551+0000] {dag.py:3823} INFO - Setting next_dagrun for example_branch_operator to 2025-06-24 00:00:00+00:00, run_after=2025-06-25 00:00:00+00:00
[2025-06-25T09:18:37.588+0000] {processor.py:183} INFO - Processing /home/airflow/.local/lib/python3.8/site-packages/airflow/example_dags/example_branch_operator.py took 0.193 seconds
[2025-06-25T09:19:08.101+0000] {processor.py:161} INFO - Started process (PID=1996) to work on /home/airflow/.local/lib/python3.8/site-packages/airflow/example_dags/example_branch_operator.py
[2025-06-25T09:19:08.103+0000] {processor.py:830} INFO - Processing file /home/airflow/.local/lib/python3.8/site-packages/airflow/example_dags/example_branch_operator.py for tasks to queue
[2025-06-25T09:19:08.106+0000] {logging_mixin.py:188} INFO - [2025-06-25T09:19:08.106+0000] {dagbag.py:538} INFO - Filling up the DagBag from /home/airflow/.local/lib/python3.8/site-packages/airflow/example_dags/example_branch_operator.py
[2025-06-25T09:19:08.145+0000] {processor.py:840} INFO - DAG(s) 'example_branch_operator' retrieved from /home/airflow/.local/lib/python3.8/site-packages/airflow/example_dags/example_branch_operator.py
[2025-06-25T09:19:08.204+0000] {logging_mixin.py:188} INFO - [2025-06-25T09:19:08.203+0000] {dag.py:3036} INFO - Sync 1 DAGs
[2025-06-25T09:19:08.253+0000] {logging_mixin.py:188} INFO - [2025-06-25T09:19:08.252+0000] {dag.py:3823} INFO - Setting next_dagrun for example_branch_operator to 2025-06-24 00:00:00+00:00, run_after=2025-06-25 00:00:00+00:00
[2025-06-25T09:19:08.289+0000] {processor.py:183} INFO - Processing /home/airflow/.local/lib/python3.8/site-packages/airflow/example_dags/example_branch_operator.py took 0.194 seconds
[2025-06-25T09:19:38.430+0000] {processor.py:161} INFO - Started process (PID=2060) to work on /home/airflow/.local/lib/python3.8/site-packages/airflow/example_dags/example_branch_operator.py
[2025-06-25T09:19:38.432+0000] {processor.py:830} INFO - Processing file /home/airflow/.local/lib/python3.8/site-packages/airflow/example_dags/example_branch_operator.py for tasks to queue
[2025-06-25T09:19:38.435+0000] {logging_mixin.py:188} INFO - [2025-06-25T09:19:38.435+0000] {dagbag.py:538} INFO - Filling up the DagBag from /home/airflow/.local/lib/python3.8/site-packages/airflow/example_dags/example_branch_operator.py
[2025-06-25T09:19:38.466+0000] {processor.py:840} INFO - DAG(s) 'example_branch_operator' retrieved from /home/airflow/.local/lib/python3.8/site-packages/airflow/example_dags/example_branch_operator.py
[2025-06-25T09:19:38.513+0000] {logging_mixin.py:188} INFO - [2025-06-25T09:19:38.513+0000] {dag.py:3036} INFO - Sync 1 DAGs
[2025-06-25T09:19:38.552+0000] {logging_mixin.py:188} INFO - [2025-06-25T09:19:38.552+0000] {dag.py:3823} INFO - Setting next_dagrun for example_branch_operator to 2025-06-24 00:00:00+00:00, run_after=2025-06-25 00:00:00+00:00
[2025-06-25T09:19:38.585+0000] {processor.py:183} INFO - Processing /home/airflow/.local/lib/python3.8/site-packages/airflow/example_dags/example_branch_operator.py took 0.161 seconds
[2025-06-25T09:20:09.625+0000] {processor.py:161} INFO - Started process (PID=2126) to work on /home/airflow/.local/lib/python3.8/site-packages/airflow/example_dags/example_branch_operator.py
[2025-06-25T09:20:09.626+0000] {processor.py:830} INFO - Processing file /home/airflow/.local/lib/python3.8/site-packages/airflow/example_dags/example_branch_operator.py for tasks to queue
[2025-06-25T09:20:09.629+0000] {logging_mixin.py:188} INFO - [2025-06-25T09:20:09.629+0000] {dagbag.py:538} INFO - Filling up the DagBag from /home/airflow/.local/lib/python3.8/site-packages/airflow/example_dags/example_branch_operator.py
[2025-06-25T09:20:09.693+0000] {processor.py:840} INFO - DAG(s) 'example_branch_operator' retrieved from /home/airflow/.local/lib/python3.8/site-packages/airflow/example_dags/example_branch_operator.py
[2025-06-25T09:20:09.751+0000] {logging_mixin.py:188} INFO - [2025-06-25T09:20:09.750+0000] {dag.py:3036} INFO - Sync 1 DAGs
[2025-06-25T09:20:09.797+0000] {logging_mixin.py:188} INFO - [2025-06-25T09:20:09.796+0000] {dag.py:3823} INFO - Setting next_dagrun for example_branch_operator to 2025-06-24 00:00:00+00:00, run_after=2025-06-25 00:00:00+00:00
[2025-06-25T09:20:09.829+0000] {processor.py:183} INFO - Processing /home/airflow/.local/lib/python3.8/site-packages/airflow/example_dags/example_branch_operator.py took 0.210 seconds
[2025-06-25T09:20:40.648+0000] {processor.py:161} INFO - Started process (PID=2199) to work on /home/airflow/.local/lib/python3.8/site-packages/airflow/example_dags/example_branch_operator.py
[2025-06-25T09:20:40.651+0000] {processor.py:830} INFO - Processing file /home/airflow/.local/lib/python3.8/site-packages/airflow/example_dags/example_branch_operator.py for tasks to queue
[2025-06-25T09:20:40.655+0000] {logging_mixin.py:188} INFO - [2025-06-25T09:20:40.654+0000] {dagbag.py:538} INFO - Filling up the DagBag from /home/airflow/.local/lib/python3.8/site-packages/airflow/example_dags/example_branch_operator.py
[2025-06-25T09:20:40.703+0000] {processor.py:840} INFO - DAG(s) 'example_branch_operator' retrieved from /home/airflow/.local/lib/python3.8/site-packages/airflow/example_dags/example_branch_operator.py
[2025-06-25T09:20:40.765+0000] {logging_mixin.py:188} INFO - [2025-06-25T09:20:40.764+0000] {dag.py:3036} INFO - Sync 1 DAGs
[2025-06-25T09:20:40.817+0000] {logging_mixin.py:188} INFO - [2025-06-25T09:20:40.816+0000] {dag.py:3823} INFO - Setting next_dagrun for example_branch_operator to 2025-06-24 00:00:00+00:00, run_after=2025-06-25 00:00:00+00:00
[2025-06-25T09:20:40.855+0000] {processor.py:183} INFO - Processing /home/airflow/.local/lib/python3.8/site-packages/airflow/example_dags/example_branch_operator.py took 0.214 seconds
[2025-06-25T09:21:10.944+0000] {processor.py:161} INFO - Started process (PID=2263) to work on /home/airflow/.local/lib/python3.8/site-packages/airflow/example_dags/example_branch_operator.py
[2025-06-25T09:21:10.945+0000] {processor.py:830} INFO - Processing file /home/airflow/.local/lib/python3.8/site-packages/airflow/example_dags/example_branch_operator.py for tasks to queue
[2025-06-25T09:21:10.951+0000] {logging_mixin.py:188} INFO - [2025-06-25T09:21:10.949+0000] {dagbag.py:538} INFO - Filling up the DagBag from /home/airflow/.local/lib/python3.8/site-packages/airflow/example_dags/example_branch_operator.py
[2025-06-25T09:21:11.009+0000] {processor.py:840} INFO - DAG(s) 'example_branch_operator' retrieved from /home/airflow/.local/lib/python3.8/site-packages/airflow/example_dags/example_branch_operator.py
[2025-06-25T09:21:11.084+0000] {logging_mixin.py:188} INFO - [2025-06-25T09:21:11.084+0000] {dag.py:3036} INFO - Sync 1 DAGs
[2025-06-25T09:21:11.150+0000] {logging_mixin.py:188} INFO - [2025-06-25T09:21:11.150+0000] {dag.py:3823} INFO - Setting next_dagrun for example_branch_operator to 2025-06-24 00:00:00+00:00, run_after=2025-06-25 00:00:00+00:00
[2025-06-25T09:21:11.204+0000] {processor.py:183} INFO - Processing /home/airflow/.local/lib/python3.8/site-packages/airflow/example_dags/example_branch_operator.py took 0.271 seconds
