[2025-06-25T09:04:14.208+0000] {processor.py:161} INFO - Started process (PID=104) to work on /home/airflow/.local/lib/python3.8/site-packages/airflow/example_dags/example_short_circuit_operator.py
[2025-06-25T09:04:14.209+0000] {processor.py:830} INFO - Processing file /home/airflow/.local/lib/python3.8/site-packages/airflow/example_dags/example_short_circuit_operator.py for tasks to queue
[2025-06-25T09:04:14.212+0000] {logging_mixin.py:188} INFO - [2025-06-25T09:04:14.211+0000] {dagbag.py:538} INFO - Filling up the DagBag from /home/airflow/.local/lib/python3.8/site-packages/airflow/example_dags/example_short_circuit_operator.py
[2025-06-25T09:04:14.226+0000] {processor.py:840} INFO - DAG(s) 'example_short_circuit_operator' retrieved from /home/airflow/.local/lib/python3.8/site-packages/airflow/example_dags/example_short_circuit_operator.py
[2025-06-25T09:04:14.270+0000] {logging_mixin.py:188} INFO - [2025-06-25T09:04:14.270+0000] {dag.py:3036} INFO - Sync 1 DAGs
[2025-06-25T09:04:14.313+0000] {logging_mixin.py:188} INFO - [2025-06-25T09:04:14.312+0000] {dag.py:3823} INFO - Setting next_dagrun for example_short_circuit_operator to 2025-06-24 00:00:00+00:00, run_after=2025-06-25 00:00:00+00:00
[2025-06-25T09:04:14.346+0000] {processor.py:183} INFO - Processing /home/airflow/.local/lib/python3.8/site-packages/airflow/example_dags/example_short_circuit_operator.py took 0.144 seconds
[2025-06-25T09:04:45.155+0000] {processor.py:161} INFO - Started process (PID=168) to work on /home/airflow/.local/lib/python3.8/site-packages/airflow/example_dags/example_short_circuit_operator.py
[2025-06-25T09:04:45.157+0000] {processor.py:830} INFO - Processing file /home/airflow/.local/lib/python3.8/site-packages/airflow/example_dags/example_short_circuit_operator.py for tasks to queue
[2025-06-25T09:04:45.159+0000] {logging_mixin.py:188} INFO - [2025-06-25T09:04:45.159+0000] {dagbag.py:538} INFO - Filling up the DagBag from /home/airflow/.local/lib/python3.8/site-packages/airflow/example_dags/example_short_circuit_operator.py
[2025-06-25T09:04:45.170+0000] {processor.py:840} INFO - DAG(s) 'example_short_circuit_operator' retrieved from /home/airflow/.local/lib/python3.8/site-packages/airflow/example_dags/example_short_circuit_operator.py
[2025-06-25T09:04:45.211+0000] {logging_mixin.py:188} INFO - [2025-06-25T09:04:45.210+0000] {dag.py:3036} INFO - Sync 1 DAGs
[2025-06-25T09:04:45.245+0000] {logging_mixin.py:188} INFO - [2025-06-25T09:04:45.244+0000] {dag.py:3823} INFO - Setting next_dagrun for example_short_circuit_operator to 2025-06-24 00:00:00+00:00, run_after=2025-06-25 00:00:00+00:00
[2025-06-25T09:04:45.271+0000] {processor.py:183} INFO - Processing /home/airflow/.local/lib/python3.8/site-packages/airflow/example_dags/example_short_circuit_operator.py took 0.120 seconds
[2025-06-25T09:05:15.623+0000] {processor.py:161} INFO - Started process (PID=234) to work on /home/airflow/.local/lib/python3.8/site-packages/airflow/example_dags/example_short_circuit_operator.py
[2025-06-25T09:05:15.625+0000] {processor.py:830} INFO - Processing file /home/airflow/.local/lib/python3.8/site-packages/airflow/example_dags/example_short_circuit_operator.py for tasks to queue
[2025-06-25T09:05:15.627+0000] {logging_mixin.py:188} INFO - [2025-06-25T09:05:15.627+0000] {dagbag.py:538} INFO - Filling up the DagBag from /home/airflow/.local/lib/python3.8/site-packages/airflow/example_dags/example_short_circuit_operator.py
[2025-06-25T09:05:15.640+0000] {processor.py:840} INFO - DAG(s) 'example_short_circuit_operator' retrieved from /home/airflow/.local/lib/python3.8/site-packages/airflow/example_dags/example_short_circuit_operator.py
[2025-06-25T09:05:15.675+0000] {logging_mixin.py:188} INFO - [2025-06-25T09:05:15.675+0000] {dag.py:3036} INFO - Sync 1 DAGs
[2025-06-25T09:05:15.714+0000] {logging_mixin.py:188} INFO - [2025-06-25T09:05:15.713+0000] {dag.py:3823} INFO - Setting next_dagrun for example_short_circuit_operator to 2025-06-24 00:00:00+00:00, run_after=2025-06-25 00:00:00+00:00
[2025-06-25T09:05:15.743+0000] {processor.py:183} INFO - Processing /home/airflow/.local/lib/python3.8/site-packages/airflow/example_dags/example_short_circuit_operator.py took 0.126 seconds
[2025-06-25T09:05:46.716+0000] {processor.py:161} INFO - Started process (PID=300) to work on /home/airflow/.local/lib/python3.8/site-packages/airflow/example_dags/example_short_circuit_operator.py
[2025-06-25T09:05:46.718+0000] {processor.py:830} INFO - Processing file /home/airflow/.local/lib/python3.8/site-packages/airflow/example_dags/example_short_circuit_operator.py for tasks to queue
[2025-06-25T09:05:46.720+0000] {logging_mixin.py:188} INFO - [2025-06-25T09:05:46.719+0000] {dagbag.py:538} INFO - Filling up the DagBag from /home/airflow/.local/lib/python3.8/site-packages/airflow/example_dags/example_short_circuit_operator.py
[2025-06-25T09:05:46.732+0000] {processor.py:840} INFO - DAG(s) 'example_short_circuit_operator' retrieved from /home/airflow/.local/lib/python3.8/site-packages/airflow/example_dags/example_short_circuit_operator.py
[2025-06-25T09:05:46.767+0000] {logging_mixin.py:188} INFO - [2025-06-25T09:05:46.766+0000] {dag.py:3036} INFO - Sync 1 DAGs
[2025-06-25T09:05:46.798+0000] {logging_mixin.py:188} INFO - [2025-06-25T09:05:46.798+0000] {dag.py:3823} INFO - Setting next_dagrun for example_short_circuit_operator to 2025-06-24 00:00:00+00:00, run_after=2025-06-25 00:00:00+00:00
[2025-06-25T09:05:46.825+0000] {processor.py:183} INFO - Processing /home/airflow/.local/lib/python3.8/site-packages/airflow/example_dags/example_short_circuit_operator.py took 0.113 seconds
[2025-06-25T09:06:17.369+0000] {processor.py:161} INFO - Started process (PID=366) to work on /home/airflow/.local/lib/python3.8/site-packages/airflow/example_dags/example_short_circuit_operator.py
[2025-06-25T09:06:17.370+0000] {processor.py:830} INFO - Processing file /home/airflow/.local/lib/python3.8/site-packages/airflow/example_dags/example_short_circuit_operator.py for tasks to queue
[2025-06-25T09:06:17.373+0000] {logging_mixin.py:188} INFO - [2025-06-25T09:06:17.372+0000] {dagbag.py:538} INFO - Filling up the DagBag from /home/airflow/.local/lib/python3.8/site-packages/airflow/example_dags/example_short_circuit_operator.py
[2025-06-25T09:06:17.384+0000] {processor.py:840} INFO - DAG(s) 'example_short_circuit_operator' retrieved from /home/airflow/.local/lib/python3.8/site-packages/airflow/example_dags/example_short_circuit_operator.py
[2025-06-25T09:06:17.419+0000] {logging_mixin.py:188} INFO - [2025-06-25T09:06:17.419+0000] {dag.py:3036} INFO - Sync 1 DAGs
[2025-06-25T09:06:17.452+0000] {logging_mixin.py:188} INFO - [2025-06-25T09:06:17.451+0000] {dag.py:3823} INFO - Setting next_dagrun for example_short_circuit_operator to 2025-06-24 00:00:00+00:00, run_after=2025-06-25 00:00:00+00:00
[2025-06-25T09:06:17.482+0000] {processor.py:183} INFO - Processing /home/airflow/.local/lib/python3.8/site-packages/airflow/example_dags/example_short_circuit_operator.py took 0.118 seconds
[2025-06-25T09:06:47.823+0000] {processor.py:161} INFO - Started process (PID=438) to work on /home/airflow/.local/lib/python3.8/site-packages/airflow/example_dags/example_short_circuit_operator.py
[2025-06-25T09:06:47.824+0000] {processor.py:830} INFO - Processing file /home/airflow/.local/lib/python3.8/site-packages/airflow/example_dags/example_short_circuit_operator.py for tasks to queue
[2025-06-25T09:06:47.828+0000] {logging_mixin.py:188} INFO - [2025-06-25T09:06:47.828+0000] {dagbag.py:538} INFO - Filling up the DagBag from /home/airflow/.local/lib/python3.8/site-packages/airflow/example_dags/example_short_circuit_operator.py
[2025-06-25T09:06:47.851+0000] {processor.py:840} INFO - DAG(s) 'example_short_circuit_operator' retrieved from /home/airflow/.local/lib/python3.8/site-packages/airflow/example_dags/example_short_circuit_operator.py
[2025-06-25T09:06:47.903+0000] {logging_mixin.py:188} INFO - [2025-06-25T09:06:47.901+0000] {dag.py:3036} INFO - Sync 1 DAGs
[2025-06-25T09:06:47.959+0000] {logging_mixin.py:188} INFO - [2025-06-25T09:06:47.959+0000] {dag.py:3823} INFO - Setting next_dagrun for example_short_circuit_operator to 2025-06-24 00:00:00+00:00, run_after=2025-06-25 00:00:00+00:00
[2025-06-25T09:06:47.995+0000] {processor.py:183} INFO - Processing /home/airflow/.local/lib/python3.8/site-packages/airflow/example_dags/example_short_circuit_operator.py took 0.179 seconds
[2025-06-25T09:07:18.406+0000] {processor.py:161} INFO - Started process (PID=504) to work on /home/airflow/.local/lib/python3.8/site-packages/airflow/example_dags/example_short_circuit_operator.py
[2025-06-25T09:07:18.408+0000] {processor.py:830} INFO - Processing file /home/airflow/.local/lib/python3.8/site-packages/airflow/example_dags/example_short_circuit_operator.py for tasks to queue
[2025-06-25T09:07:18.410+0000] {logging_mixin.py:188} INFO - [2025-06-25T09:07:18.410+0000] {dagbag.py:538} INFO - Filling up the DagBag from /home/airflow/.local/lib/python3.8/site-packages/airflow/example_dags/example_short_circuit_operator.py
[2025-06-25T09:07:18.423+0000] {processor.py:840} INFO - DAG(s) 'example_short_circuit_operator' retrieved from /home/airflow/.local/lib/python3.8/site-packages/airflow/example_dags/example_short_circuit_operator.py
[2025-06-25T09:07:18.467+0000] {logging_mixin.py:188} INFO - [2025-06-25T09:07:18.466+0000] {dag.py:3036} INFO - Sync 1 DAGs
[2025-06-25T09:07:18.509+0000] {logging_mixin.py:188} INFO - [2025-06-25T09:07:18.508+0000] {dag.py:3823} INFO - Setting next_dagrun for example_short_circuit_operator to 2025-06-24 00:00:00+00:00, run_after=2025-06-25 00:00:00+00:00
[2025-06-25T09:07:18.539+0000] {processor.py:183} INFO - Processing /home/airflow/.local/lib/python3.8/site-packages/airflow/example_dags/example_short_circuit_operator.py took 0.138 seconds
[2025-06-25T09:07:48.837+0000] {processor.py:161} INFO - Started process (PID=570) to work on /home/airflow/.local/lib/python3.8/site-packages/airflow/example_dags/example_short_circuit_operator.py
[2025-06-25T09:07:48.839+0000] {processor.py:830} INFO - Processing file /home/airflow/.local/lib/python3.8/site-packages/airflow/example_dags/example_short_circuit_operator.py for tasks to queue
[2025-06-25T09:07:48.842+0000] {logging_mixin.py:188} INFO - [2025-06-25T09:07:48.842+0000] {dagbag.py:538} INFO - Filling up the DagBag from /home/airflow/.local/lib/python3.8/site-packages/airflow/example_dags/example_short_circuit_operator.py
[2025-06-25T09:07:48.857+0000] {processor.py:840} INFO - DAG(s) 'example_short_circuit_operator' retrieved from /home/airflow/.local/lib/python3.8/site-packages/airflow/example_dags/example_short_circuit_operator.py
[2025-06-25T09:07:48.902+0000] {logging_mixin.py:188} INFO - [2025-06-25T09:07:48.902+0000] {dag.py:3036} INFO - Sync 1 DAGs
[2025-06-25T09:07:48.942+0000] {logging_mixin.py:188} INFO - [2025-06-25T09:07:48.942+0000] {dag.py:3823} INFO - Setting next_dagrun for example_short_circuit_operator to 2025-06-24 00:00:00+00:00, run_after=2025-06-25 00:00:00+00:00
[2025-06-25T09:07:48.969+0000] {processor.py:183} INFO - Processing /home/airflow/.local/lib/python3.8/site-packages/airflow/example_dags/example_short_circuit_operator.py took 0.137 seconds
[2025-06-25T09:08:19.594+0000] {processor.py:161} INFO - Started process (PID=636) to work on /home/airflow/.local/lib/python3.8/site-packages/airflow/example_dags/example_short_circuit_operator.py
[2025-06-25T09:08:19.595+0000] {processor.py:830} INFO - Processing file /home/airflow/.local/lib/python3.8/site-packages/airflow/example_dags/example_short_circuit_operator.py for tasks to queue
[2025-06-25T09:08:19.598+0000] {logging_mixin.py:188} INFO - [2025-06-25T09:08:19.598+0000] {dagbag.py:538} INFO - Filling up the DagBag from /home/airflow/.local/lib/python3.8/site-packages/airflow/example_dags/example_short_circuit_operator.py
[2025-06-25T09:08:19.614+0000] {processor.py:840} INFO - DAG(s) 'example_short_circuit_operator' retrieved from /home/airflow/.local/lib/python3.8/site-packages/airflow/example_dags/example_short_circuit_operator.py
[2025-06-25T09:08:19.655+0000] {logging_mixin.py:188} INFO - [2025-06-25T09:08:19.655+0000] {dag.py:3036} INFO - Sync 1 DAGs
[2025-06-25T09:08:19.692+0000] {logging_mixin.py:188} INFO - [2025-06-25T09:08:19.692+0000] {dag.py:3823} INFO - Setting next_dagrun for example_short_circuit_operator to 2025-06-24 00:00:00+00:00, run_after=2025-06-25 00:00:00+00:00
[2025-06-25T09:08:19.724+0000] {processor.py:183} INFO - Processing /home/airflow/.local/lib/python3.8/site-packages/airflow/example_dags/example_short_circuit_operator.py took 0.136 seconds
[2025-06-25T09:08:50.337+0000] {processor.py:161} INFO - Started process (PID=700) to work on /home/airflow/.local/lib/python3.8/site-packages/airflow/example_dags/example_short_circuit_operator.py
[2025-06-25T09:08:50.339+0000] {processor.py:830} INFO - Processing file /home/airflow/.local/lib/python3.8/site-packages/airflow/example_dags/example_short_circuit_operator.py for tasks to queue
[2025-06-25T09:08:50.342+0000] {logging_mixin.py:188} INFO - [2025-06-25T09:08:50.341+0000] {dagbag.py:538} INFO - Filling up the DagBag from /home/airflow/.local/lib/python3.8/site-packages/airflow/example_dags/example_short_circuit_operator.py
[2025-06-25T09:08:50.354+0000] {processor.py:840} INFO - DAG(s) 'example_short_circuit_operator' retrieved from /home/airflow/.local/lib/python3.8/site-packages/airflow/example_dags/example_short_circuit_operator.py
[2025-06-25T09:08:50.402+0000] {logging_mixin.py:188} INFO - [2025-06-25T09:08:50.401+0000] {dag.py:3036} INFO - Sync 1 DAGs
[2025-06-25T09:08:50.446+0000] {logging_mixin.py:188} INFO - [2025-06-25T09:08:50.445+0000] {dag.py:3823} INFO - Setting next_dagrun for example_short_circuit_operator to 2025-06-24 00:00:00+00:00, run_after=2025-06-25 00:00:00+00:00
[2025-06-25T09:08:50.478+0000] {processor.py:183} INFO - Processing /home/airflow/.local/lib/python3.8/site-packages/airflow/example_dags/example_short_circuit_operator.py took 0.146 seconds
[2025-06-25T09:09:20.531+0000] {processor.py:161} INFO - Started process (PID=764) to work on /home/airflow/.local/lib/python3.8/site-packages/airflow/example_dags/example_short_circuit_operator.py
[2025-06-25T09:09:20.534+0000] {processor.py:830} INFO - Processing file /home/airflow/.local/lib/python3.8/site-packages/airflow/example_dags/example_short_circuit_operator.py for tasks to queue
[2025-06-25T09:09:20.537+0000] {logging_mixin.py:188} INFO - [2025-06-25T09:09:20.536+0000] {dagbag.py:538} INFO - Filling up the DagBag from /home/airflow/.local/lib/python3.8/site-packages/airflow/example_dags/example_short_circuit_operator.py
[2025-06-25T09:09:20.550+0000] {processor.py:840} INFO - DAG(s) 'example_short_circuit_operator' retrieved from /home/airflow/.local/lib/python3.8/site-packages/airflow/example_dags/example_short_circuit_operator.py
[2025-06-25T09:09:20.590+0000] {logging_mixin.py:188} INFO - [2025-06-25T09:09:20.590+0000] {dag.py:3036} INFO - Sync 1 DAGs
[2025-06-25T09:09:20.628+0000] {logging_mixin.py:188} INFO - [2025-06-25T09:09:20.628+0000] {dag.py:3823} INFO - Setting next_dagrun for example_short_circuit_operator to 2025-06-24 00:00:00+00:00, run_after=2025-06-25 00:00:00+00:00
[2025-06-25T09:09:20.658+0000] {processor.py:183} INFO - Processing /home/airflow/.local/lib/python3.8/site-packages/airflow/example_dags/example_short_circuit_operator.py took 0.133 seconds
[2025-06-25T09:09:51.896+0000] {processor.py:161} INFO - Started process (PID=829) to work on /home/airflow/.local/lib/python3.8/site-packages/airflow/example_dags/example_short_circuit_operator.py
[2025-06-25T09:09:51.897+0000] {processor.py:830} INFO - Processing file /home/airflow/.local/lib/python3.8/site-packages/airflow/example_dags/example_short_circuit_operator.py for tasks to queue
[2025-06-25T09:09:51.900+0000] {logging_mixin.py:188} INFO - [2025-06-25T09:09:51.899+0000] {dagbag.py:538} INFO - Filling up the DagBag from /home/airflow/.local/lib/python3.8/site-packages/airflow/example_dags/example_short_circuit_operator.py
[2025-06-25T09:09:51.913+0000] {processor.py:840} INFO - DAG(s) 'example_short_circuit_operator' retrieved from /home/airflow/.local/lib/python3.8/site-packages/airflow/example_dags/example_short_circuit_operator.py
[2025-06-25T09:09:51.985+0000] {logging_mixin.py:188} INFO - [2025-06-25T09:09:51.984+0000] {dag.py:3036} INFO - Sync 1 DAGs
[2025-06-25T09:09:52.019+0000] {logging_mixin.py:188} INFO - [2025-06-25T09:09:52.019+0000] {dag.py:3823} INFO - Setting next_dagrun for example_short_circuit_operator to 2025-06-24 00:00:00+00:00, run_after=2025-06-25 00:00:00+00:00
[2025-06-25T09:09:52.050+0000] {processor.py:183} INFO - Processing /home/airflow/.local/lib/python3.8/site-packages/airflow/example_dags/example_short_circuit_operator.py took 0.159 seconds
[2025-06-25T09:10:23.175+0000] {processor.py:161} INFO - Started process (PID=894) to work on /home/airflow/.local/lib/python3.8/site-packages/airflow/example_dags/example_short_circuit_operator.py
[2025-06-25T09:10:23.177+0000] {processor.py:830} INFO - Processing file /home/airflow/.local/lib/python3.8/site-packages/airflow/example_dags/example_short_circuit_operator.py for tasks to queue
[2025-06-25T09:10:23.180+0000] {logging_mixin.py:188} INFO - [2025-06-25T09:10:23.180+0000] {dagbag.py:538} INFO - Filling up the DagBag from /home/airflow/.local/lib/python3.8/site-packages/airflow/example_dags/example_short_circuit_operator.py
[2025-06-25T09:10:23.195+0000] {processor.py:840} INFO - DAG(s) 'example_short_circuit_operator' retrieved from /home/airflow/.local/lib/python3.8/site-packages/airflow/example_dags/example_short_circuit_operator.py
[2025-06-25T09:10:23.243+0000] {logging_mixin.py:188} INFO - [2025-06-25T09:10:23.242+0000] {dag.py:3036} INFO - Sync 1 DAGs
[2025-06-25T09:10:23.288+0000] {logging_mixin.py:188} INFO - [2025-06-25T09:10:23.287+0000] {dag.py:3823} INFO - Setting next_dagrun for example_short_circuit_operator to 2025-06-24 00:00:00+00:00, run_after=2025-06-25 00:00:00+00:00
[2025-06-25T09:10:23.325+0000] {processor.py:183} INFO - Processing /home/airflow/.local/lib/python3.8/site-packages/airflow/example_dags/example_short_circuit_operator.py took 0.156 seconds
[2025-06-25T09:10:53.883+0000] {processor.py:161} INFO - Started process (PID=959) to work on /home/airflow/.local/lib/python3.8/site-packages/airflow/example_dags/example_short_circuit_operator.py
[2025-06-25T09:10:53.884+0000] {processor.py:830} INFO - Processing file /home/airflow/.local/lib/python3.8/site-packages/airflow/example_dags/example_short_circuit_operator.py for tasks to queue
[2025-06-25T09:10:53.887+0000] {logging_mixin.py:188} INFO - [2025-06-25T09:10:53.887+0000] {dagbag.py:538} INFO - Filling up the DagBag from /home/airflow/.local/lib/python3.8/site-packages/airflow/example_dags/example_short_circuit_operator.py
[2025-06-25T09:10:53.903+0000] {processor.py:840} INFO - DAG(s) 'example_short_circuit_operator' retrieved from /home/airflow/.local/lib/python3.8/site-packages/airflow/example_dags/example_short_circuit_operator.py
[2025-06-25T09:10:53.952+0000] {logging_mixin.py:188} INFO - [2025-06-25T09:10:53.951+0000] {dag.py:3036} INFO - Sync 1 DAGs
[2025-06-25T09:10:53.998+0000] {logging_mixin.py:188} INFO - [2025-06-25T09:10:53.997+0000] {dag.py:3823} INFO - Setting next_dagrun for example_short_circuit_operator to 2025-06-24 00:00:00+00:00, run_after=2025-06-25 00:00:00+00:00
[2025-06-25T09:10:54.035+0000] {processor.py:183} INFO - Processing /home/airflow/.local/lib/python3.8/site-packages/airflow/example_dags/example_short_circuit_operator.py took 0.159 seconds
[2025-06-25T09:11:24.797+0000] {processor.py:161} INFO - Started process (PID=1024) to work on /home/airflow/.local/lib/python3.8/site-packages/airflow/example_dags/example_short_circuit_operator.py
[2025-06-25T09:11:24.803+0000] {processor.py:830} INFO - Processing file /home/airflow/.local/lib/python3.8/site-packages/airflow/example_dags/example_short_circuit_operator.py for tasks to queue
[2025-06-25T09:11:24.807+0000] {logging_mixin.py:188} INFO - [2025-06-25T09:11:24.806+0000] {dagbag.py:538} INFO - Filling up the DagBag from /home/airflow/.local/lib/python3.8/site-packages/airflow/example_dags/example_short_circuit_operator.py
[2025-06-25T09:11:24.822+0000] {processor.py:840} INFO - DAG(s) 'example_short_circuit_operator' retrieved from /home/airflow/.local/lib/python3.8/site-packages/airflow/example_dags/example_short_circuit_operator.py
[2025-06-25T09:11:24.877+0000] {logging_mixin.py:188} INFO - [2025-06-25T09:11:24.876+0000] {dag.py:3036} INFO - Sync 1 DAGs
[2025-06-25T09:11:24.940+0000] {logging_mixin.py:188} INFO - [2025-06-25T09:11:24.940+0000] {dag.py:3823} INFO - Setting next_dagrun for example_short_circuit_operator to 2025-06-24 00:00:00+00:00, run_after=2025-06-25 00:00:00+00:00
[2025-06-25T09:11:24.983+0000] {processor.py:183} INFO - Processing /home/airflow/.local/lib/python3.8/site-packages/airflow/example_dags/example_short_circuit_operator.py took 0.193 seconds
[2025-06-25T09:11:55.364+0000] {processor.py:161} INFO - Started process (PID=1088) to work on /home/airflow/.local/lib/python3.8/site-packages/airflow/example_dags/example_short_circuit_operator.py
[2025-06-25T09:11:55.366+0000] {processor.py:830} INFO - Processing file /home/airflow/.local/lib/python3.8/site-packages/airflow/example_dags/example_short_circuit_operator.py for tasks to queue
[2025-06-25T09:11:55.369+0000] {logging_mixin.py:188} INFO - [2025-06-25T09:11:55.368+0000] {dagbag.py:538} INFO - Filling up the DagBag from /home/airflow/.local/lib/python3.8/site-packages/airflow/example_dags/example_short_circuit_operator.py
[2025-06-25T09:11:55.382+0000] {processor.py:840} INFO - DAG(s) 'example_short_circuit_operator' retrieved from /home/airflow/.local/lib/python3.8/site-packages/airflow/example_dags/example_short_circuit_operator.py
[2025-06-25T09:11:55.441+0000] {logging_mixin.py:188} INFO - [2025-06-25T09:11:55.441+0000] {dag.py:3036} INFO - Sync 1 DAGs
[2025-06-25T09:11:55.494+0000] {logging_mixin.py:188} INFO - [2025-06-25T09:11:55.494+0000] {dag.py:3823} INFO - Setting next_dagrun for example_short_circuit_operator to 2025-06-24 00:00:00+00:00, run_after=2025-06-25 00:00:00+00:00
[2025-06-25T09:11:55.538+0000] {processor.py:183} INFO - Processing /home/airflow/.local/lib/python3.8/site-packages/airflow/example_dags/example_short_circuit_operator.py took 0.180 seconds
[2025-06-25T09:12:25.671+0000] {processor.py:161} INFO - Started process (PID=1151) to work on /home/airflow/.local/lib/python3.8/site-packages/airflow/example_dags/example_short_circuit_operator.py
[2025-06-25T09:12:25.674+0000] {processor.py:830} INFO - Processing file /home/airflow/.local/lib/python3.8/site-packages/airflow/example_dags/example_short_circuit_operator.py for tasks to queue
[2025-06-25T09:12:25.678+0000] {logging_mixin.py:188} INFO - [2025-06-25T09:12:25.678+0000] {dagbag.py:538} INFO - Filling up the DagBag from /home/airflow/.local/lib/python3.8/site-packages/airflow/example_dags/example_short_circuit_operator.py
[2025-06-25T09:12:25.698+0000] {processor.py:840} INFO - DAG(s) 'example_short_circuit_operator' retrieved from /home/airflow/.local/lib/python3.8/site-packages/airflow/example_dags/example_short_circuit_operator.py
[2025-06-25T09:12:25.747+0000] {logging_mixin.py:188} INFO - [2025-06-25T09:12:25.747+0000] {dag.py:3036} INFO - Sync 1 DAGs
[2025-06-25T09:12:25.787+0000] {logging_mixin.py:188} INFO - [2025-06-25T09:12:25.787+0000] {dag.py:3823} INFO - Setting next_dagrun for example_short_circuit_operator to 2025-06-24 00:00:00+00:00, run_after=2025-06-25 00:00:00+00:00
[2025-06-25T09:12:25.822+0000] {processor.py:183} INFO - Processing /home/airflow/.local/lib/python3.8/site-packages/airflow/example_dags/example_short_circuit_operator.py took 0.158 seconds
[2025-06-25T09:12:56.440+0000] {processor.py:161} INFO - Started process (PID=1217) to work on /home/airflow/.local/lib/python3.8/site-packages/airflow/example_dags/example_short_circuit_operator.py
[2025-06-25T09:12:56.442+0000] {processor.py:830} INFO - Processing file /home/airflow/.local/lib/python3.8/site-packages/airflow/example_dags/example_short_circuit_operator.py for tasks to queue
[2025-06-25T09:12:56.445+0000] {logging_mixin.py:188} INFO - [2025-06-25T09:12:56.444+0000] {dagbag.py:538} INFO - Filling up the DagBag from /home/airflow/.local/lib/python3.8/site-packages/airflow/example_dags/example_short_circuit_operator.py
[2025-06-25T09:12:56.462+0000] {processor.py:840} INFO - DAG(s) 'example_short_circuit_operator' retrieved from /home/airflow/.local/lib/python3.8/site-packages/airflow/example_dags/example_short_circuit_operator.py
[2025-06-25T09:12:56.510+0000] {logging_mixin.py:188} INFO - [2025-06-25T09:12:56.509+0000] {dag.py:3036} INFO - Sync 1 DAGs
[2025-06-25T09:12:56.558+0000] {logging_mixin.py:188} INFO - [2025-06-25T09:12:56.557+0000] {dag.py:3823} INFO - Setting next_dagrun for example_short_circuit_operator to 2025-06-24 00:00:00+00:00, run_after=2025-06-25 00:00:00+00:00
[2025-06-25T09:12:56.596+0000] {processor.py:183} INFO - Processing /home/airflow/.local/lib/python3.8/site-packages/airflow/example_dags/example_short_circuit_operator.py took 0.163 seconds
[2025-06-25T09:13:27.248+0000] {processor.py:161} INFO - Started process (PID=1283) to work on /home/airflow/.local/lib/python3.8/site-packages/airflow/example_dags/example_short_circuit_operator.py
[2025-06-25T09:13:27.255+0000] {processor.py:830} INFO - Processing file /home/airflow/.local/lib/python3.8/site-packages/airflow/example_dags/example_short_circuit_operator.py for tasks to queue
[2025-06-25T09:13:27.259+0000] {logging_mixin.py:188} INFO - [2025-06-25T09:13:27.258+0000] {dagbag.py:538} INFO - Filling up the DagBag from /home/airflow/.local/lib/python3.8/site-packages/airflow/example_dags/example_short_circuit_operator.py
[2025-06-25T09:13:27.281+0000] {processor.py:840} INFO - DAG(s) 'example_short_circuit_operator' retrieved from /home/airflow/.local/lib/python3.8/site-packages/airflow/example_dags/example_short_circuit_operator.py
[2025-06-25T09:13:27.328+0000] {logging_mixin.py:188} INFO - [2025-06-25T09:13:27.328+0000] {dag.py:3036} INFO - Sync 1 DAGs
[2025-06-25T09:13:27.367+0000] {logging_mixin.py:188} INFO - [2025-06-25T09:13:27.367+0000] {dag.py:3823} INFO - Setting next_dagrun for example_short_circuit_operator to 2025-06-24 00:00:00+00:00, run_after=2025-06-25 00:00:00+00:00
[2025-06-25T09:13:27.404+0000] {processor.py:183} INFO - Processing /home/airflow/.local/lib/python3.8/site-packages/airflow/example_dags/example_short_circuit_operator.py took 0.163 seconds
[2025-06-25T09:13:58.443+0000] {processor.py:161} INFO - Started process (PID=1349) to work on /home/airflow/.local/lib/python3.8/site-packages/airflow/example_dags/example_short_circuit_operator.py
[2025-06-25T09:13:58.446+0000] {processor.py:830} INFO - Processing file /home/airflow/.local/lib/python3.8/site-packages/airflow/example_dags/example_short_circuit_operator.py for tasks to queue
[2025-06-25T09:13:58.450+0000] {logging_mixin.py:188} INFO - [2025-06-25T09:13:58.450+0000] {dagbag.py:538} INFO - Filling up the DagBag from /home/airflow/.local/lib/python3.8/site-packages/airflow/example_dags/example_short_circuit_operator.py
[2025-06-25T09:13:58.468+0000] {processor.py:840} INFO - DAG(s) 'example_short_circuit_operator' retrieved from /home/airflow/.local/lib/python3.8/site-packages/airflow/example_dags/example_short_circuit_operator.py
[2025-06-25T09:13:58.523+0000] {logging_mixin.py:188} INFO - [2025-06-25T09:13:58.522+0000] {dag.py:3036} INFO - Sync 1 DAGs
[2025-06-25T09:13:58.573+0000] {logging_mixin.py:188} INFO - [2025-06-25T09:13:58.572+0000] {dag.py:3823} INFO - Setting next_dagrun for example_short_circuit_operator to 2025-06-24 00:00:00+00:00, run_after=2025-06-25 00:00:00+00:00
[2025-06-25T09:13:58.621+0000] {processor.py:183} INFO - Processing /home/airflow/.local/lib/python3.8/site-packages/airflow/example_dags/example_short_circuit_operator.py took 0.185 seconds
[2025-06-25T09:14:29.662+0000] {processor.py:161} INFO - Started process (PID=1414) to work on /home/airflow/.local/lib/python3.8/site-packages/airflow/example_dags/example_short_circuit_operator.py
[2025-06-25T09:14:29.677+0000] {processor.py:830} INFO - Processing file /home/airflow/.local/lib/python3.8/site-packages/airflow/example_dags/example_short_circuit_operator.py for tasks to queue
[2025-06-25T09:14:29.680+0000] {logging_mixin.py:188} INFO - [2025-06-25T09:14:29.680+0000] {dagbag.py:538} INFO - Filling up the DagBag from /home/airflow/.local/lib/python3.8/site-packages/airflow/example_dags/example_short_circuit_operator.py
[2025-06-25T09:14:29.705+0000] {processor.py:840} INFO - DAG(s) 'example_short_circuit_operator' retrieved from /home/airflow/.local/lib/python3.8/site-packages/airflow/example_dags/example_short_circuit_operator.py
[2025-06-25T09:14:29.750+0000] {logging_mixin.py:188} INFO - [2025-06-25T09:14:29.749+0000] {dag.py:3036} INFO - Sync 1 DAGs
[2025-06-25T09:14:29.814+0000] {logging_mixin.py:188} INFO - [2025-06-25T09:14:29.813+0000] {dag.py:3823} INFO - Setting next_dagrun for example_short_circuit_operator to 2025-06-24 00:00:00+00:00, run_after=2025-06-25 00:00:00+00:00
[2025-06-25T09:14:29.865+0000] {processor.py:183} INFO - Processing /home/airflow/.local/lib/python3.8/site-packages/airflow/example_dags/example_short_circuit_operator.py took 0.218 seconds
[2025-06-25T09:15:00.558+0000] {processor.py:161} INFO - Started process (PID=1479) to work on /home/airflow/.local/lib/python3.8/site-packages/airflow/example_dags/example_short_circuit_operator.py
[2025-06-25T09:15:00.560+0000] {processor.py:830} INFO - Processing file /home/airflow/.local/lib/python3.8/site-packages/airflow/example_dags/example_short_circuit_operator.py for tasks to queue
[2025-06-25T09:15:00.564+0000] {logging_mixin.py:188} INFO - [2025-06-25T09:15:00.563+0000] {dagbag.py:538} INFO - Filling up the DagBag from /home/airflow/.local/lib/python3.8/site-packages/airflow/example_dags/example_short_circuit_operator.py
[2025-06-25T09:15:00.592+0000] {processor.py:840} INFO - DAG(s) 'example_short_circuit_operator' retrieved from /home/airflow/.local/lib/python3.8/site-packages/airflow/example_dags/example_short_circuit_operator.py
[2025-06-25T09:15:00.651+0000] {logging_mixin.py:188} INFO - [2025-06-25T09:15:00.650+0000] {dag.py:3036} INFO - Sync 1 DAGs
[2025-06-25T09:15:00.742+0000] {logging_mixin.py:188} INFO - [2025-06-25T09:15:00.742+0000] {dag.py:3823} INFO - Setting next_dagrun for example_short_circuit_operator to 2025-06-24 00:00:00+00:00, run_after=2025-06-25 00:00:00+00:00
[2025-06-25T09:15:00.831+0000] {processor.py:183} INFO - Processing /home/airflow/.local/lib/python3.8/site-packages/airflow/example_dags/example_short_circuit_operator.py took 0.280 seconds
[2025-06-25T09:15:31.105+0000] {processor.py:161} INFO - Started process (PID=1540) to work on /home/airflow/.local/lib/python3.8/site-packages/airflow/example_dags/example_short_circuit_operator.py
[2025-06-25T09:15:31.111+0000] {processor.py:830} INFO - Processing file /home/airflow/.local/lib/python3.8/site-packages/airflow/example_dags/example_short_circuit_operator.py for tasks to queue
[2025-06-25T09:15:31.115+0000] {logging_mixin.py:188} INFO - [2025-06-25T09:15:31.114+0000] {dagbag.py:538} INFO - Filling up the DagBag from /home/airflow/.local/lib/python3.8/site-packages/airflow/example_dags/example_short_circuit_operator.py
[2025-06-25T09:15:31.156+0000] {processor.py:840} INFO - DAG(s) 'example_short_circuit_operator' retrieved from /home/airflow/.local/lib/python3.8/site-packages/airflow/example_dags/example_short_circuit_operator.py
[2025-06-25T09:15:31.225+0000] {logging_mixin.py:188} INFO - [2025-06-25T09:15:31.225+0000] {dag.py:3036} INFO - Sync 1 DAGs
[2025-06-25T09:15:31.285+0000] {logging_mixin.py:188} INFO - [2025-06-25T09:15:31.285+0000] {dag.py:3823} INFO - Setting next_dagrun for example_short_circuit_operator to 2025-06-24 00:00:00+00:00, run_after=2025-06-25 00:00:00+00:00
[2025-06-25T09:15:31.357+0000] {processor.py:183} INFO - Processing /home/airflow/.local/lib/python3.8/site-packages/airflow/example_dags/example_short_circuit_operator.py took 0.267 seconds
[2025-06-25T09:16:01.969+0000] {processor.py:161} INFO - Started process (PID=1601) to work on /home/airflow/.local/lib/python3.8/site-packages/airflow/example_dags/example_short_circuit_operator.py
[2025-06-25T09:16:01.972+0000] {processor.py:830} INFO - Processing file /home/airflow/.local/lib/python3.8/site-packages/airflow/example_dags/example_short_circuit_operator.py for tasks to queue
[2025-06-25T09:16:01.977+0000] {logging_mixin.py:188} INFO - [2025-06-25T09:16:01.977+0000] {dagbag.py:538} INFO - Filling up the DagBag from /home/airflow/.local/lib/python3.8/site-packages/airflow/example_dags/example_short_circuit_operator.py
[2025-06-25T09:16:01.993+0000] {processor.py:840} INFO - DAG(s) 'example_short_circuit_operator' retrieved from /home/airflow/.local/lib/python3.8/site-packages/airflow/example_dags/example_short_circuit_operator.py
[2025-06-25T09:16:02.049+0000] {logging_mixin.py:188} INFO - [2025-06-25T09:16:02.048+0000] {dag.py:3036} INFO - Sync 1 DAGs
[2025-06-25T09:16:02.099+0000] {logging_mixin.py:188} INFO - [2025-06-25T09:16:02.098+0000] {dag.py:3823} INFO - Setting next_dagrun for example_short_circuit_operator to 2025-06-24 00:00:00+00:00, run_after=2025-06-25 00:00:00+00:00
[2025-06-25T09:16:02.139+0000] {processor.py:183} INFO - Processing /home/airflow/.local/lib/python3.8/site-packages/airflow/example_dags/example_short_circuit_operator.py took 0.178 seconds
[2025-06-25T09:16:32.515+0000] {processor.py:161} INFO - Started process (PID=1665) to work on /home/airflow/.local/lib/python3.8/site-packages/airflow/example_dags/example_short_circuit_operator.py
[2025-06-25T09:16:32.517+0000] {processor.py:830} INFO - Processing file /home/airflow/.local/lib/python3.8/site-packages/airflow/example_dags/example_short_circuit_operator.py for tasks to queue
[2025-06-25T09:16:32.521+0000] {logging_mixin.py:188} INFO - [2025-06-25T09:16:32.520+0000] {dagbag.py:538} INFO - Filling up the DagBag from /home/airflow/.local/lib/python3.8/site-packages/airflow/example_dags/example_short_circuit_operator.py
[2025-06-25T09:16:32.539+0000] {processor.py:840} INFO - DAG(s) 'example_short_circuit_operator' retrieved from /home/airflow/.local/lib/python3.8/site-packages/airflow/example_dags/example_short_circuit_operator.py
[2025-06-25T09:16:32.590+0000] {logging_mixin.py:188} INFO - [2025-06-25T09:16:32.589+0000] {dag.py:3036} INFO - Sync 1 DAGs
[2025-06-25T09:16:32.644+0000] {logging_mixin.py:188} INFO - [2025-06-25T09:16:32.644+0000] {dag.py:3823} INFO - Setting next_dagrun for example_short_circuit_operator to 2025-06-24 00:00:00+00:00, run_after=2025-06-25 00:00:00+00:00
[2025-06-25T09:16:32.685+0000] {processor.py:183} INFO - Processing /home/airflow/.local/lib/python3.8/site-packages/airflow/example_dags/example_short_circuit_operator.py took 0.178 seconds
[2025-06-25T09:17:02.838+0000] {processor.py:161} INFO - Started process (PID=1730) to work on /home/airflow/.local/lib/python3.8/site-packages/airflow/example_dags/example_short_circuit_operator.py
[2025-06-25T09:17:02.840+0000] {processor.py:830} INFO - Processing file /home/airflow/.local/lib/python3.8/site-packages/airflow/example_dags/example_short_circuit_operator.py for tasks to queue
[2025-06-25T09:17:02.843+0000] {logging_mixin.py:188} INFO - [2025-06-25T09:17:02.843+0000] {dagbag.py:538} INFO - Filling up the DagBag from /home/airflow/.local/lib/python3.8/site-packages/airflow/example_dags/example_short_circuit_operator.py
[2025-06-25T09:17:02.859+0000] {processor.py:840} INFO - DAG(s) 'example_short_circuit_operator' retrieved from /home/airflow/.local/lib/python3.8/site-packages/airflow/example_dags/example_short_circuit_operator.py
[2025-06-25T09:17:02.910+0000] {logging_mixin.py:188} INFO - [2025-06-25T09:17:02.909+0000] {dag.py:3036} INFO - Sync 1 DAGs
[2025-06-25T09:17:02.963+0000] {logging_mixin.py:188} INFO - [2025-06-25T09:17:02.962+0000] {dag.py:3823} INFO - Setting next_dagrun for example_short_circuit_operator to 2025-06-24 00:00:00+00:00, run_after=2025-06-25 00:00:00+00:00
[2025-06-25T09:17:03.009+0000] {processor.py:183} INFO - Processing /home/airflow/.local/lib/python3.8/site-packages/airflow/example_dags/example_short_circuit_operator.py took 0.177 seconds
[2025-06-25T09:17:33.866+0000] {processor.py:161} INFO - Started process (PID=1796) to work on /home/airflow/.local/lib/python3.8/site-packages/airflow/example_dags/example_short_circuit_operator.py
[2025-06-25T09:17:33.869+0000] {processor.py:830} INFO - Processing file /home/airflow/.local/lib/python3.8/site-packages/airflow/example_dags/example_short_circuit_operator.py for tasks to queue
[2025-06-25T09:17:33.872+0000] {logging_mixin.py:188} INFO - [2025-06-25T09:17:33.872+0000] {dagbag.py:538} INFO - Filling up the DagBag from /home/airflow/.local/lib/python3.8/site-packages/airflow/example_dags/example_short_circuit_operator.py
[2025-06-25T09:17:33.887+0000] {processor.py:840} INFO - DAG(s) 'example_short_circuit_operator' retrieved from /home/airflow/.local/lib/python3.8/site-packages/airflow/example_dags/example_short_circuit_operator.py
[2025-06-25T09:17:33.947+0000] {logging_mixin.py:188} INFO - [2025-06-25T09:17:33.947+0000] {dag.py:3036} INFO - Sync 1 DAGs
[2025-06-25T09:17:33.997+0000] {logging_mixin.py:188} INFO - [2025-06-25T09:17:33.996+0000] {dag.py:3823} INFO - Setting next_dagrun for example_short_circuit_operator to 2025-06-24 00:00:00+00:00, run_after=2025-06-25 00:00:00+00:00
[2025-06-25T09:17:34.040+0000] {processor.py:183} INFO - Processing /home/airflow/.local/lib/python3.8/site-packages/airflow/example_dags/example_short_circuit_operator.py took 0.181 seconds
[2025-06-25T09:18:04.506+0000] {processor.py:161} INFO - Started process (PID=1860) to work on /home/airflow/.local/lib/python3.8/site-packages/airflow/example_dags/example_short_circuit_operator.py
[2025-06-25T09:18:04.508+0000] {processor.py:830} INFO - Processing file /home/airflow/.local/lib/python3.8/site-packages/airflow/example_dags/example_short_circuit_operator.py for tasks to queue
[2025-06-25T09:18:04.510+0000] {logging_mixin.py:188} INFO - [2025-06-25T09:18:04.510+0000] {dagbag.py:538} INFO - Filling up the DagBag from /home/airflow/.local/lib/python3.8/site-packages/airflow/example_dags/example_short_circuit_operator.py
[2025-06-25T09:18:04.526+0000] {processor.py:840} INFO - DAG(s) 'example_short_circuit_operator' retrieved from /home/airflow/.local/lib/python3.8/site-packages/airflow/example_dags/example_short_circuit_operator.py
[2025-06-25T09:18:04.574+0000] {logging_mixin.py:188} INFO - [2025-06-25T09:18:04.574+0000] {dag.py:3036} INFO - Sync 1 DAGs
[2025-06-25T09:18:04.628+0000] {logging_mixin.py:188} INFO - [2025-06-25T09:18:04.628+0000] {dag.py:3823} INFO - Setting next_dagrun for example_short_circuit_operator to 2025-06-24 00:00:00+00:00, run_after=2025-06-25 00:00:00+00:00
[2025-06-25T09:18:04.664+0000] {processor.py:183} INFO - Processing /home/airflow/.local/lib/python3.8/site-packages/airflow/example_dags/example_short_circuit_operator.py took 0.163 seconds
[2025-06-25T09:18:34.741+0000] {processor.py:161} INFO - Started process (PID=1926) to work on /home/airflow/.local/lib/python3.8/site-packages/airflow/example_dags/example_short_circuit_operator.py
[2025-06-25T09:18:34.742+0000] {processor.py:830} INFO - Processing file /home/airflow/.local/lib/python3.8/site-packages/airflow/example_dags/example_short_circuit_operator.py for tasks to queue
[2025-06-25T09:18:34.745+0000] {logging_mixin.py:188} INFO - [2025-06-25T09:18:34.744+0000] {dagbag.py:538} INFO - Filling up the DagBag from /home/airflow/.local/lib/python3.8/site-packages/airflow/example_dags/example_short_circuit_operator.py
[2025-06-25T09:18:34.759+0000] {processor.py:840} INFO - DAG(s) 'example_short_circuit_operator' retrieved from /home/airflow/.local/lib/python3.8/site-packages/airflow/example_dags/example_short_circuit_operator.py
[2025-06-25T09:18:34.805+0000] {logging_mixin.py:188} INFO - [2025-06-25T09:18:34.804+0000] {dag.py:3036} INFO - Sync 1 DAGs
[2025-06-25T09:18:34.847+0000] {logging_mixin.py:188} INFO - [2025-06-25T09:18:34.846+0000] {dag.py:3823} INFO - Setting next_dagrun for example_short_circuit_operator to 2025-06-24 00:00:00+00:00, run_after=2025-06-25 00:00:00+00:00
[2025-06-25T09:18:34.883+0000] {processor.py:183} INFO - Processing /home/airflow/.local/lib/python3.8/site-packages/airflow/example_dags/example_short_circuit_operator.py took 0.149 seconds
[2025-06-25T09:19:05.459+0000] {processor.py:161} INFO - Started process (PID=1991) to work on /home/airflow/.local/lib/python3.8/site-packages/airflow/example_dags/example_short_circuit_operator.py
[2025-06-25T09:19:05.462+0000] {processor.py:830} INFO - Processing file /home/airflow/.local/lib/python3.8/site-packages/airflow/example_dags/example_short_circuit_operator.py for tasks to queue
[2025-06-25T09:19:05.465+0000] {logging_mixin.py:188} INFO - [2025-06-25T09:19:05.464+0000] {dagbag.py:538} INFO - Filling up the DagBag from /home/airflow/.local/lib/python3.8/site-packages/airflow/example_dags/example_short_circuit_operator.py
[2025-06-25T09:19:05.483+0000] {processor.py:840} INFO - DAG(s) 'example_short_circuit_operator' retrieved from /home/airflow/.local/lib/python3.8/site-packages/airflow/example_dags/example_short_circuit_operator.py
[2025-06-25T09:19:05.538+0000] {logging_mixin.py:188} INFO - [2025-06-25T09:19:05.538+0000] {dag.py:3036} INFO - Sync 1 DAGs
[2025-06-25T09:19:05.583+0000] {logging_mixin.py:188} INFO - [2025-06-25T09:19:05.582+0000] {dag.py:3823} INFO - Setting next_dagrun for example_short_circuit_operator to 2025-06-24 00:00:00+00:00, run_after=2025-06-25 00:00:00+00:00
[2025-06-25T09:19:05.640+0000] {processor.py:183} INFO - Processing /home/airflow/.local/lib/python3.8/site-packages/airflow/example_dags/example_short_circuit_operator.py took 0.191 seconds
[2025-06-25T09:19:35.889+0000] {processor.py:161} INFO - Started process (PID=2056) to work on /home/airflow/.local/lib/python3.8/site-packages/airflow/example_dags/example_short_circuit_operator.py
[2025-06-25T09:19:35.890+0000] {processor.py:830} INFO - Processing file /home/airflow/.local/lib/python3.8/site-packages/airflow/example_dags/example_short_circuit_operator.py for tasks to queue
[2025-06-25T09:19:35.893+0000] {logging_mixin.py:188} INFO - [2025-06-25T09:19:35.893+0000] {dagbag.py:538} INFO - Filling up the DagBag from /home/airflow/.local/lib/python3.8/site-packages/airflow/example_dags/example_short_circuit_operator.py
[2025-06-25T09:19:35.905+0000] {processor.py:840} INFO - DAG(s) 'example_short_circuit_operator' retrieved from /home/airflow/.local/lib/python3.8/site-packages/airflow/example_dags/example_short_circuit_operator.py
[2025-06-25T09:19:35.955+0000] {logging_mixin.py:188} INFO - [2025-06-25T09:19:35.955+0000] {dag.py:3036} INFO - Sync 1 DAGs
[2025-06-25T09:19:35.993+0000] {logging_mixin.py:188} INFO - [2025-06-25T09:19:35.992+0000] {dag.py:3823} INFO - Setting next_dagrun for example_short_circuit_operator to 2025-06-24 00:00:00+00:00, run_after=2025-06-25 00:00:00+00:00
[2025-06-25T09:19:36.024+0000] {processor.py:183} INFO - Processing /home/airflow/.local/lib/python3.8/site-packages/airflow/example_dags/example_short_circuit_operator.py took 0.140 seconds
[2025-06-25T09:20:06.215+0000] {processor.py:161} INFO - Started process (PID=2121) to work on /home/airflow/.local/lib/python3.8/site-packages/airflow/example_dags/example_short_circuit_operator.py
[2025-06-25T09:20:06.220+0000] {processor.py:830} INFO - Processing file /home/airflow/.local/lib/python3.8/site-packages/airflow/example_dags/example_short_circuit_operator.py for tasks to queue
[2025-06-25T09:20:06.222+0000] {logging_mixin.py:188} INFO - [2025-06-25T09:20:06.222+0000] {dagbag.py:538} INFO - Filling up the DagBag from /home/airflow/.local/lib/python3.8/site-packages/airflow/example_dags/example_short_circuit_operator.py
[2025-06-25T09:20:06.234+0000] {processor.py:840} INFO - DAG(s) 'example_short_circuit_operator' retrieved from /home/airflow/.local/lib/python3.8/site-packages/airflow/example_dags/example_short_circuit_operator.py
[2025-06-25T09:20:06.278+0000] {logging_mixin.py:188} INFO - [2025-06-25T09:20:06.277+0000] {dag.py:3036} INFO - Sync 1 DAGs
[2025-06-25T09:20:06.318+0000] {logging_mixin.py:188} INFO - [2025-06-25T09:20:06.317+0000] {dag.py:3823} INFO - Setting next_dagrun for example_short_circuit_operator to 2025-06-24 00:00:00+00:00, run_after=2025-06-25 00:00:00+00:00
[2025-06-25T09:20:06.350+0000] {processor.py:183} INFO - Processing /home/airflow/.local/lib/python3.8/site-packages/airflow/example_dags/example_short_circuit_operator.py took 0.140 seconds
[2025-06-25T09:20:36.393+0000] {processor.py:161} INFO - Started process (PID=2186) to work on /home/airflow/.local/lib/python3.8/site-packages/airflow/example_dags/example_short_circuit_operator.py
[2025-06-25T09:20:36.394+0000] {processor.py:830} INFO - Processing file /home/airflow/.local/lib/python3.8/site-packages/airflow/example_dags/example_short_circuit_operator.py for tasks to queue
[2025-06-25T09:20:36.396+0000] {logging_mixin.py:188} INFO - [2025-06-25T09:20:36.396+0000] {dagbag.py:538} INFO - Filling up the DagBag from /home/airflow/.local/lib/python3.8/site-packages/airflow/example_dags/example_short_circuit_operator.py
[2025-06-25T09:20:36.408+0000] {processor.py:840} INFO - DAG(s) 'example_short_circuit_operator' retrieved from /home/airflow/.local/lib/python3.8/site-packages/airflow/example_dags/example_short_circuit_operator.py
[2025-06-25T09:20:36.443+0000] {logging_mixin.py:188} INFO - [2025-06-25T09:20:36.443+0000] {dag.py:3036} INFO - Sync 1 DAGs
[2025-06-25T09:20:36.476+0000] {logging_mixin.py:188} INFO - [2025-06-25T09:20:36.475+0000] {dag.py:3823} INFO - Setting next_dagrun for example_short_circuit_operator to 2025-06-24 00:00:00+00:00, run_after=2025-06-25 00:00:00+00:00
[2025-06-25T09:20:36.500+0000] {processor.py:183} INFO - Processing /home/airflow/.local/lib/python3.8/site-packages/airflow/example_dags/example_short_circuit_operator.py took 0.113 seconds
[2025-06-25T09:21:06.684+0000] {processor.py:161} INFO - Started process (PID=2251) to work on /home/airflow/.local/lib/python3.8/site-packages/airflow/example_dags/example_short_circuit_operator.py
[2025-06-25T09:21:06.686+0000] {processor.py:830} INFO - Processing file /home/airflow/.local/lib/python3.8/site-packages/airflow/example_dags/example_short_circuit_operator.py for tasks to queue
[2025-06-25T09:21:06.688+0000] {logging_mixin.py:188} INFO - [2025-06-25T09:21:06.688+0000] {dagbag.py:538} INFO - Filling up the DagBag from /home/airflow/.local/lib/python3.8/site-packages/airflow/example_dags/example_short_circuit_operator.py
[2025-06-25T09:21:06.700+0000] {processor.py:840} INFO - DAG(s) 'example_short_circuit_operator' retrieved from /home/airflow/.local/lib/python3.8/site-packages/airflow/example_dags/example_short_circuit_operator.py
[2025-06-25T09:21:06.735+0000] {logging_mixin.py:188} INFO - [2025-06-25T09:21:06.734+0000] {dag.py:3036} INFO - Sync 1 DAGs
[2025-06-25T09:21:06.766+0000] {logging_mixin.py:188} INFO - [2025-06-25T09:21:06.766+0000] {dag.py:3823} INFO - Setting next_dagrun for example_short_circuit_operator to 2025-06-24 00:00:00+00:00, run_after=2025-06-25 00:00:00+00:00
[2025-06-25T09:21:06.789+0000] {processor.py:183} INFO - Processing /home/airflow/.local/lib/python3.8/site-packages/airflow/example_dags/example_short_circuit_operator.py took 0.112 seconds
