[2025-06-25T09:04:11.432+0000] {processor.py:161} INFO - Started process (PID=89) to work on /home/airflow/.local/lib/python3.8/site-packages/airflow/example_dags/example_task_group.py
[2025-06-25T09:04:11.433+0000] {processor.py:830} INFO - Processing file /home/airflow/.local/lib/python3.8/site-packages/airflow/example_dags/example_task_group.py for tasks to queue
[2025-06-25T09:04:11.436+0000] {logging_mixin.py:188} INFO - [2025-06-25T09:04:11.435+0000] {dagbag.py:538} INFO - Filling up the DagBag from /home/airflow/.local/lib/python3.8/site-packages/airflow/example_dags/example_task_group.py
[2025-06-25T09:04:11.461+0000] {processor.py:840} INFO - DAG(s) 'example_task_group' retrieved from /home/airflow/.local/lib/python3.8/site-packages/airflow/example_dags/example_task_group.py
[2025-06-25T09:04:11.532+0000] {logging_mixin.py:188} INFO - [2025-06-25T09:04:11.532+0000] {dag.py:3036} INFO - Sync 1 DAGs
[2025-06-25T09:04:11.594+0000] {logging_mixin.py:188} INFO - [2025-06-25T09:04:11.594+0000] {dag.py:3823} INFO - Setting next_dagrun for example_task_group to 2025-06-24 00:00:00+00:00, run_after=2025-06-25 00:00:00+00:00
[2025-06-25T09:04:11.636+0000] {processor.py:183} INFO - Processing /home/airflow/.local/lib/python3.8/site-packages/airflow/example_dags/example_task_group.py took 0.226 seconds
[2025-06-25T09:04:41.805+0000] {processor.py:161} INFO - Started process (PID=153) to work on /home/airflow/.local/lib/python3.8/site-packages/airflow/example_dags/example_task_group.py
[2025-06-25T09:04:41.806+0000] {processor.py:830} INFO - Processing file /home/airflow/.local/lib/python3.8/site-packages/airflow/example_dags/example_task_group.py for tasks to queue
[2025-06-25T09:04:41.809+0000] {logging_mixin.py:188} INFO - [2025-06-25T09:04:41.808+0000] {dagbag.py:538} INFO - Filling up the DagBag from /home/airflow/.local/lib/python3.8/site-packages/airflow/example_dags/example_task_group.py
[2025-06-25T09:04:41.822+0000] {processor.py:840} INFO - DAG(s) 'example_task_group' retrieved from /home/airflow/.local/lib/python3.8/site-packages/airflow/example_dags/example_task_group.py
[2025-06-25T09:04:41.868+0000] {logging_mixin.py:188} INFO - [2025-06-25T09:04:41.867+0000] {dag.py:3036} INFO - Sync 1 DAGs
[2025-06-25T09:04:41.913+0000] {logging_mixin.py:188} INFO - [2025-06-25T09:04:41.913+0000] {dag.py:3823} INFO - Setting next_dagrun for example_task_group to 2025-06-24 00:00:00+00:00, run_after=2025-06-25 00:00:00+00:00
[2025-06-25T09:04:41.945+0000] {processor.py:183} INFO - Processing /home/airflow/.local/lib/python3.8/site-packages/airflow/example_dags/example_task_group.py took 0.146 seconds
[2025-06-25T09:05:12.020+0000] {processor.py:161} INFO - Started process (PID=219) to work on /home/airflow/.local/lib/python3.8/site-packages/airflow/example_dags/example_task_group.py
[2025-06-25T09:05:12.022+0000] {processor.py:830} INFO - Processing file /home/airflow/.local/lib/python3.8/site-packages/airflow/example_dags/example_task_group.py for tasks to queue
[2025-06-25T09:05:12.024+0000] {logging_mixin.py:188} INFO - [2025-06-25T09:05:12.024+0000] {dagbag.py:538} INFO - Filling up the DagBag from /home/airflow/.local/lib/python3.8/site-packages/airflow/example_dags/example_task_group.py
[2025-06-25T09:05:12.036+0000] {processor.py:840} INFO - DAG(s) 'example_task_group' retrieved from /home/airflow/.local/lib/python3.8/site-packages/airflow/example_dags/example_task_group.py
[2025-06-25T09:05:12.079+0000] {logging_mixin.py:188} INFO - [2025-06-25T09:05:12.078+0000] {dag.py:3036} INFO - Sync 1 DAGs
[2025-06-25T09:05:12.125+0000] {logging_mixin.py:188} INFO - [2025-06-25T09:05:12.124+0000] {dag.py:3823} INFO - Setting next_dagrun for example_task_group to 2025-06-24 00:00:00+00:00, run_after=2025-06-25 00:00:00+00:00
[2025-06-25T09:05:12.155+0000] {processor.py:183} INFO - Processing /home/airflow/.local/lib/python3.8/site-packages/airflow/example_dags/example_task_group.py took 0.141 seconds
[2025-06-25T09:05:42.244+0000] {processor.py:161} INFO - Started process (PID=285) to work on /home/airflow/.local/lib/python3.8/site-packages/airflow/example_dags/example_task_group.py
[2025-06-25T09:05:42.247+0000] {processor.py:830} INFO - Processing file /home/airflow/.local/lib/python3.8/site-packages/airflow/example_dags/example_task_group.py for tasks to queue
[2025-06-25T09:05:42.251+0000] {logging_mixin.py:188} INFO - [2025-06-25T09:05:42.250+0000] {dagbag.py:538} INFO - Filling up the DagBag from /home/airflow/.local/lib/python3.8/site-packages/airflow/example_dags/example_task_group.py
[2025-06-25T09:05:42.265+0000] {processor.py:840} INFO - DAG(s) 'example_task_group' retrieved from /home/airflow/.local/lib/python3.8/site-packages/airflow/example_dags/example_task_group.py
[2025-06-25T09:05:42.302+0000] {logging_mixin.py:188} INFO - [2025-06-25T09:05:42.302+0000] {dag.py:3036} INFO - Sync 1 DAGs
[2025-06-25T09:05:42.335+0000] {logging_mixin.py:188} INFO - [2025-06-25T09:05:42.335+0000] {dag.py:3823} INFO - Setting next_dagrun for example_task_group to 2025-06-24 00:00:00+00:00, run_after=2025-06-25 00:00:00+00:00
[2025-06-25T09:05:42.361+0000] {processor.py:183} INFO - Processing /home/airflow/.local/lib/python3.8/site-packages/airflow/example_dags/example_task_group.py took 0.123 seconds
[2025-06-25T09:06:13.101+0000] {processor.py:161} INFO - Started process (PID=351) to work on /home/airflow/.local/lib/python3.8/site-packages/airflow/example_dags/example_task_group.py
[2025-06-25T09:06:13.103+0000] {processor.py:830} INFO - Processing file /home/airflow/.local/lib/python3.8/site-packages/airflow/example_dags/example_task_group.py for tasks to queue
[2025-06-25T09:06:13.105+0000] {logging_mixin.py:188} INFO - [2025-06-25T09:06:13.105+0000] {dagbag.py:538} INFO - Filling up the DagBag from /home/airflow/.local/lib/python3.8/site-packages/airflow/example_dags/example_task_group.py
[2025-06-25T09:06:13.118+0000] {processor.py:840} INFO - DAG(s) 'example_task_group' retrieved from /home/airflow/.local/lib/python3.8/site-packages/airflow/example_dags/example_task_group.py
[2025-06-25T09:06:13.154+0000] {logging_mixin.py:188} INFO - [2025-06-25T09:06:13.154+0000] {dag.py:3036} INFO - Sync 1 DAGs
[2025-06-25T09:06:13.190+0000] {logging_mixin.py:188} INFO - [2025-06-25T09:06:13.190+0000] {dag.py:3823} INFO - Setting next_dagrun for example_task_group to 2025-06-24 00:00:00+00:00, run_after=2025-06-25 00:00:00+00:00
[2025-06-25T09:06:13.219+0000] {processor.py:183} INFO - Processing /home/airflow/.local/lib/python3.8/site-packages/airflow/example_dags/example_task_group.py took 0.124 seconds
[2025-06-25T09:06:43.879+0000] {processor.py:161} INFO - Started process (PID=416) to work on /home/airflow/.local/lib/python3.8/site-packages/airflow/example_dags/example_task_group.py
[2025-06-25T09:06:43.881+0000] {processor.py:830} INFO - Processing file /home/airflow/.local/lib/python3.8/site-packages/airflow/example_dags/example_task_group.py for tasks to queue
[2025-06-25T09:06:43.886+0000] {logging_mixin.py:188} INFO - [2025-06-25T09:06:43.886+0000] {dagbag.py:538} INFO - Filling up the DagBag from /home/airflow/.local/lib/python3.8/site-packages/airflow/example_dags/example_task_group.py
[2025-06-25T09:06:43.899+0000] {processor.py:840} INFO - DAG(s) 'example_task_group' retrieved from /home/airflow/.local/lib/python3.8/site-packages/airflow/example_dags/example_task_group.py
[2025-06-25T09:06:43.936+0000] {logging_mixin.py:188} INFO - [2025-06-25T09:06:43.936+0000] {dag.py:3036} INFO - Sync 1 DAGs
[2025-06-25T09:06:43.972+0000] {logging_mixin.py:188} INFO - [2025-06-25T09:06:43.972+0000] {dag.py:3823} INFO - Setting next_dagrun for example_task_group to 2025-06-24 00:00:00+00:00, run_after=2025-06-25 00:00:00+00:00
[2025-06-25T09:06:44.004+0000] {processor.py:183} INFO - Processing /home/airflow/.local/lib/python3.8/site-packages/airflow/example_dags/example_task_group.py took 0.130 seconds
[2025-06-25T09:07:14.240+0000] {processor.py:161} INFO - Started process (PID=481) to work on /home/airflow/.local/lib/python3.8/site-packages/airflow/example_dags/example_task_group.py
[2025-06-25T09:07:14.242+0000] {processor.py:830} INFO - Processing file /home/airflow/.local/lib/python3.8/site-packages/airflow/example_dags/example_task_group.py for tasks to queue
[2025-06-25T09:07:14.244+0000] {logging_mixin.py:188} INFO - [2025-06-25T09:07:14.244+0000] {dagbag.py:538} INFO - Filling up the DagBag from /home/airflow/.local/lib/python3.8/site-packages/airflow/example_dags/example_task_group.py
[2025-06-25T09:07:14.254+0000] {processor.py:840} INFO - DAG(s) 'example_task_group' retrieved from /home/airflow/.local/lib/python3.8/site-packages/airflow/example_dags/example_task_group.py
[2025-06-25T09:07:14.286+0000] {logging_mixin.py:188} INFO - [2025-06-25T09:07:14.286+0000] {dag.py:3036} INFO - Sync 1 DAGs
[2025-06-25T09:07:14.318+0000] {logging_mixin.py:188} INFO - [2025-06-25T09:07:14.318+0000] {dag.py:3823} INFO - Setting next_dagrun for example_task_group to 2025-06-24 00:00:00+00:00, run_after=2025-06-25 00:00:00+00:00
[2025-06-25T09:07:14.353+0000] {processor.py:183} INFO - Processing /home/airflow/.local/lib/python3.8/site-packages/airflow/example_dags/example_task_group.py took 0.117 seconds
[2025-06-25T09:07:45.056+0000] {processor.py:161} INFO - Started process (PID=546) to work on /home/airflow/.local/lib/python3.8/site-packages/airflow/example_dags/example_task_group.py
[2025-06-25T09:07:45.058+0000] {processor.py:830} INFO - Processing file /home/airflow/.local/lib/python3.8/site-packages/airflow/example_dags/example_task_group.py for tasks to queue
[2025-06-25T09:07:45.061+0000] {logging_mixin.py:188} INFO - [2025-06-25T09:07:45.061+0000] {dagbag.py:538} INFO - Filling up the DagBag from /home/airflow/.local/lib/python3.8/site-packages/airflow/example_dags/example_task_group.py
[2025-06-25T09:07:45.073+0000] {processor.py:840} INFO - DAG(s) 'example_task_group' retrieved from /home/airflow/.local/lib/python3.8/site-packages/airflow/example_dags/example_task_group.py
[2025-06-25T09:07:45.107+0000] {logging_mixin.py:188} INFO - [2025-06-25T09:07:45.107+0000] {dag.py:3036} INFO - Sync 1 DAGs
[2025-06-25T09:07:45.144+0000] {logging_mixin.py:188} INFO - [2025-06-25T09:07:45.143+0000] {dag.py:3823} INFO - Setting next_dagrun for example_task_group to 2025-06-24 00:00:00+00:00, run_after=2025-06-25 00:00:00+00:00
[2025-06-25T09:07:45.171+0000] {processor.py:183} INFO - Processing /home/airflow/.local/lib/python3.8/site-packages/airflow/example_dags/example_task_group.py took 0.120 seconds
[2025-06-25T09:08:15.749+0000] {processor.py:161} INFO - Started process (PID=621) to work on /home/airflow/.local/lib/python3.8/site-packages/airflow/example_dags/example_task_group.py
[2025-06-25T09:08:15.751+0000] {processor.py:830} INFO - Processing file /home/airflow/.local/lib/python3.8/site-packages/airflow/example_dags/example_task_group.py for tasks to queue
[2025-06-25T09:08:15.753+0000] {logging_mixin.py:188} INFO - [2025-06-25T09:08:15.753+0000] {dagbag.py:538} INFO - Filling up the DagBag from /home/airflow/.local/lib/python3.8/site-packages/airflow/example_dags/example_task_group.py
[2025-06-25T09:08:15.766+0000] {processor.py:840} INFO - DAG(s) 'example_task_group' retrieved from /home/airflow/.local/lib/python3.8/site-packages/airflow/example_dags/example_task_group.py
[2025-06-25T09:08:15.807+0000] {logging_mixin.py:188} INFO - [2025-06-25T09:08:15.807+0000] {dag.py:3036} INFO - Sync 1 DAGs
[2025-06-25T09:08:15.850+0000] {logging_mixin.py:188} INFO - [2025-06-25T09:08:15.849+0000] {dag.py:3823} INFO - Setting next_dagrun for example_task_group to 2025-06-24 00:00:00+00:00, run_after=2025-06-25 00:00:00+00:00
[2025-06-25T09:08:15.883+0000] {processor.py:183} INFO - Processing /home/airflow/.local/lib/python3.8/site-packages/airflow/example_dags/example_task_group.py took 0.140 seconds
[2025-06-25T09:08:46.407+0000] {processor.py:161} INFO - Started process (PID=685) to work on /home/airflow/.local/lib/python3.8/site-packages/airflow/example_dags/example_task_group.py
[2025-06-25T09:08:46.409+0000] {processor.py:830} INFO - Processing file /home/airflow/.local/lib/python3.8/site-packages/airflow/example_dags/example_task_group.py for tasks to queue
[2025-06-25T09:08:46.412+0000] {logging_mixin.py:188} INFO - [2025-06-25T09:08:46.411+0000] {dagbag.py:538} INFO - Filling up the DagBag from /home/airflow/.local/lib/python3.8/site-packages/airflow/example_dags/example_task_group.py
[2025-06-25T09:08:46.424+0000] {processor.py:840} INFO - DAG(s) 'example_task_group' retrieved from /home/airflow/.local/lib/python3.8/site-packages/airflow/example_dags/example_task_group.py
[2025-06-25T09:08:46.470+0000] {logging_mixin.py:188} INFO - [2025-06-25T09:08:46.469+0000] {dag.py:3036} INFO - Sync 1 DAGs
[2025-06-25T09:08:46.529+0000] {logging_mixin.py:188} INFO - [2025-06-25T09:08:46.529+0000] {dag.py:3823} INFO - Setting next_dagrun for example_task_group to 2025-06-24 00:00:00+00:00, run_after=2025-06-25 00:00:00+00:00
[2025-06-25T09:08:46.573+0000] {processor.py:183} INFO - Processing /home/airflow/.local/lib/python3.8/site-packages/airflow/example_dags/example_task_group.py took 0.172 seconds
[2025-06-25T09:09:17.088+0000] {processor.py:161} INFO - Started process (PID=750) to work on /home/airflow/.local/lib/python3.8/site-packages/airflow/example_dags/example_task_group.py
[2025-06-25T09:09:17.090+0000] {processor.py:830} INFO - Processing file /home/airflow/.local/lib/python3.8/site-packages/airflow/example_dags/example_task_group.py for tasks to queue
[2025-06-25T09:09:17.093+0000] {logging_mixin.py:188} INFO - [2025-06-25T09:09:17.092+0000] {dagbag.py:538} INFO - Filling up the DagBag from /home/airflow/.local/lib/python3.8/site-packages/airflow/example_dags/example_task_group.py
[2025-06-25T09:09:17.105+0000] {processor.py:840} INFO - DAG(s) 'example_task_group' retrieved from /home/airflow/.local/lib/python3.8/site-packages/airflow/example_dags/example_task_group.py
[2025-06-25T09:09:17.153+0000] {logging_mixin.py:188} INFO - [2025-06-25T09:09:17.153+0000] {dag.py:3036} INFO - Sync 1 DAGs
[2025-06-25T09:09:17.200+0000] {logging_mixin.py:188} INFO - [2025-06-25T09:09:17.199+0000] {dag.py:3823} INFO - Setting next_dagrun for example_task_group to 2025-06-24 00:00:00+00:00, run_after=2025-06-25 00:00:00+00:00
[2025-06-25T09:09:17.242+0000] {processor.py:183} INFO - Processing /home/airflow/.local/lib/python3.8/site-packages/airflow/example_dags/example_task_group.py took 0.160 seconds
[2025-06-25T09:09:48.055+0000] {processor.py:161} INFO - Started process (PID=814) to work on /home/airflow/.local/lib/python3.8/site-packages/airflow/example_dags/example_task_group.py
[2025-06-25T09:09:48.056+0000] {processor.py:830} INFO - Processing file /home/airflow/.local/lib/python3.8/site-packages/airflow/example_dags/example_task_group.py for tasks to queue
[2025-06-25T09:09:48.060+0000] {logging_mixin.py:188} INFO - [2025-06-25T09:09:48.059+0000] {dagbag.py:538} INFO - Filling up the DagBag from /home/airflow/.local/lib/python3.8/site-packages/airflow/example_dags/example_task_group.py
[2025-06-25T09:09:48.074+0000] {processor.py:840} INFO - DAG(s) 'example_task_group' retrieved from /home/airflow/.local/lib/python3.8/site-packages/airflow/example_dags/example_task_group.py
[2025-06-25T09:09:48.126+0000] {logging_mixin.py:188} INFO - [2025-06-25T09:09:48.125+0000] {dag.py:3036} INFO - Sync 1 DAGs
[2025-06-25T09:09:48.180+0000] {logging_mixin.py:188} INFO - [2025-06-25T09:09:48.180+0000] {dag.py:3823} INFO - Setting next_dagrun for example_task_group to 2025-06-24 00:00:00+00:00, run_after=2025-06-25 00:00:00+00:00
[2025-06-25T09:09:48.229+0000] {processor.py:183} INFO - Processing /home/airflow/.local/lib/python3.8/site-packages/airflow/example_dags/example_task_group.py took 0.180 seconds
[2025-06-25T09:10:19.136+0000] {processor.py:161} INFO - Started process (PID=879) to work on /home/airflow/.local/lib/python3.8/site-packages/airflow/example_dags/example_task_group.py
[2025-06-25T09:10:19.138+0000] {processor.py:830} INFO - Processing file /home/airflow/.local/lib/python3.8/site-packages/airflow/example_dags/example_task_group.py for tasks to queue
[2025-06-25T09:10:19.142+0000] {logging_mixin.py:188} INFO - [2025-06-25T09:10:19.141+0000] {dagbag.py:538} INFO - Filling up the DagBag from /home/airflow/.local/lib/python3.8/site-packages/airflow/example_dags/example_task_group.py
[2025-06-25T09:10:19.157+0000] {processor.py:840} INFO - DAG(s) 'example_task_group' retrieved from /home/airflow/.local/lib/python3.8/site-packages/airflow/example_dags/example_task_group.py
[2025-06-25T09:10:19.196+0000] {logging_mixin.py:188} INFO - [2025-06-25T09:10:19.196+0000] {dag.py:3036} INFO - Sync 1 DAGs
[2025-06-25T09:10:19.233+0000] {logging_mixin.py:188} INFO - [2025-06-25T09:10:19.232+0000] {dag.py:3823} INFO - Setting next_dagrun for example_task_group to 2025-06-24 00:00:00+00:00, run_after=2025-06-25 00:00:00+00:00
[2025-06-25T09:10:19.266+0000] {processor.py:183} INFO - Processing /home/airflow/.local/lib/python3.8/site-packages/airflow/example_dags/example_task_group.py took 0.137 seconds
[2025-06-25T09:10:50.209+0000] {processor.py:161} INFO - Started process (PID=944) to work on /home/airflow/.local/lib/python3.8/site-packages/airflow/example_dags/example_task_group.py
[2025-06-25T09:10:50.211+0000] {processor.py:830} INFO - Processing file /home/airflow/.local/lib/python3.8/site-packages/airflow/example_dags/example_task_group.py for tasks to queue
[2025-06-25T09:10:50.213+0000] {logging_mixin.py:188} INFO - [2025-06-25T09:10:50.213+0000] {dagbag.py:538} INFO - Filling up the DagBag from /home/airflow/.local/lib/python3.8/site-packages/airflow/example_dags/example_task_group.py
[2025-06-25T09:10:50.236+0000] {processor.py:840} INFO - DAG(s) 'example_task_group' retrieved from /home/airflow/.local/lib/python3.8/site-packages/airflow/example_dags/example_task_group.py
[2025-06-25T09:10:50.277+0000] {logging_mixin.py:188} INFO - [2025-06-25T09:10:50.277+0000] {dag.py:3036} INFO - Sync 1 DAGs
[2025-06-25T09:10:50.317+0000] {logging_mixin.py:188} INFO - [2025-06-25T09:10:50.317+0000] {dag.py:3823} INFO - Setting next_dagrun for example_task_group to 2025-06-24 00:00:00+00:00, run_after=2025-06-25 00:00:00+00:00
[2025-06-25T09:10:50.351+0000] {processor.py:183} INFO - Processing /home/airflow/.local/lib/python3.8/site-packages/airflow/example_dags/example_task_group.py took 0.149 seconds
[2025-06-25T09:11:20.977+0000] {processor.py:161} INFO - Started process (PID=1009) to work on /home/airflow/.local/lib/python3.8/site-packages/airflow/example_dags/example_task_group.py
[2025-06-25T09:11:20.979+0000] {processor.py:830} INFO - Processing file /home/airflow/.local/lib/python3.8/site-packages/airflow/example_dags/example_task_group.py for tasks to queue
[2025-06-25T09:11:20.982+0000] {logging_mixin.py:188} INFO - [2025-06-25T09:11:20.981+0000] {dagbag.py:538} INFO - Filling up the DagBag from /home/airflow/.local/lib/python3.8/site-packages/airflow/example_dags/example_task_group.py
[2025-06-25T09:11:20.995+0000] {processor.py:840} INFO - DAG(s) 'example_task_group' retrieved from /home/airflow/.local/lib/python3.8/site-packages/airflow/example_dags/example_task_group.py
[2025-06-25T09:11:21.049+0000] {logging_mixin.py:188} INFO - [2025-06-25T09:11:21.049+0000] {dag.py:3036} INFO - Sync 1 DAGs
[2025-06-25T09:11:21.103+0000] {logging_mixin.py:188} INFO - [2025-06-25T09:11:21.103+0000] {dag.py:3823} INFO - Setting next_dagrun for example_task_group to 2025-06-24 00:00:00+00:00, run_after=2025-06-25 00:00:00+00:00
[2025-06-25T09:11:21.155+0000] {processor.py:183} INFO - Processing /home/airflow/.local/lib/python3.8/site-packages/airflow/example_dags/example_task_group.py took 0.183 seconds
[2025-06-25T09:11:51.587+0000] {processor.py:161} INFO - Started process (PID=1074) to work on /home/airflow/.local/lib/python3.8/site-packages/airflow/example_dags/example_task_group.py
[2025-06-25T09:11:51.588+0000] {processor.py:830} INFO - Processing file /home/airflow/.local/lib/python3.8/site-packages/airflow/example_dags/example_task_group.py for tasks to queue
[2025-06-25T09:11:51.592+0000] {logging_mixin.py:188} INFO - [2025-06-25T09:11:51.591+0000] {dagbag.py:538} INFO - Filling up the DagBag from /home/airflow/.local/lib/python3.8/site-packages/airflow/example_dags/example_task_group.py
[2025-06-25T09:11:51.604+0000] {processor.py:840} INFO - DAG(s) 'example_task_group' retrieved from /home/airflow/.local/lib/python3.8/site-packages/airflow/example_dags/example_task_group.py
[2025-06-25T09:11:51.647+0000] {logging_mixin.py:188} INFO - [2025-06-25T09:11:51.646+0000] {dag.py:3036} INFO - Sync 1 DAGs
[2025-06-25T09:11:51.694+0000] {logging_mixin.py:188} INFO - [2025-06-25T09:11:51.694+0000] {dag.py:3823} INFO - Setting next_dagrun for example_task_group to 2025-06-24 00:00:00+00:00, run_after=2025-06-25 00:00:00+00:00
[2025-06-25T09:11:51.734+0000] {processor.py:183} INFO - Processing /home/airflow/.local/lib/python3.8/site-packages/airflow/example_dags/example_task_group.py took 0.152 seconds
[2025-06-25T09:12:21.878+0000] {processor.py:161} INFO - Started process (PID=1137) to work on /home/airflow/.local/lib/python3.8/site-packages/airflow/example_dags/example_task_group.py
[2025-06-25T09:12:21.881+0000] {processor.py:830} INFO - Processing file /home/airflow/.local/lib/python3.8/site-packages/airflow/example_dags/example_task_group.py for tasks to queue
[2025-06-25T09:12:21.885+0000] {logging_mixin.py:188} INFO - [2025-06-25T09:12:21.884+0000] {dagbag.py:538} INFO - Filling up the DagBag from /home/airflow/.local/lib/python3.8/site-packages/airflow/example_dags/example_task_group.py
[2025-06-25T09:12:21.900+0000] {processor.py:840} INFO - DAG(s) 'example_task_group' retrieved from /home/airflow/.local/lib/python3.8/site-packages/airflow/example_dags/example_task_group.py
[2025-06-25T09:12:21.947+0000] {logging_mixin.py:188} INFO - [2025-06-25T09:12:21.947+0000] {dag.py:3036} INFO - Sync 1 DAGs
[2025-06-25T09:12:21.997+0000] {logging_mixin.py:188} INFO - [2025-06-25T09:12:21.996+0000] {dag.py:3823} INFO - Setting next_dagrun for example_task_group to 2025-06-24 00:00:00+00:00, run_after=2025-06-25 00:00:00+00:00
[2025-06-25T09:12:22.041+0000] {processor.py:183} INFO - Processing /home/airflow/.local/lib/python3.8/site-packages/airflow/example_dags/example_task_group.py took 0.169 seconds
[2025-06-25T09:12:52.811+0000] {processor.py:161} INFO - Started process (PID=1203) to work on /home/airflow/.local/lib/python3.8/site-packages/airflow/example_dags/example_task_group.py
[2025-06-25T09:12:52.812+0000] {processor.py:830} INFO - Processing file /home/airflow/.local/lib/python3.8/site-packages/airflow/example_dags/example_task_group.py for tasks to queue
[2025-06-25T09:12:52.816+0000] {logging_mixin.py:188} INFO - [2025-06-25T09:12:52.815+0000] {dagbag.py:538} INFO - Filling up the DagBag from /home/airflow/.local/lib/python3.8/site-packages/airflow/example_dags/example_task_group.py
[2025-06-25T09:12:52.831+0000] {processor.py:840} INFO - DAG(s) 'example_task_group' retrieved from /home/airflow/.local/lib/python3.8/site-packages/airflow/example_dags/example_task_group.py
[2025-06-25T09:12:52.881+0000] {logging_mixin.py:188} INFO - [2025-06-25T09:12:52.881+0000] {dag.py:3036} INFO - Sync 1 DAGs
[2025-06-25T09:12:52.929+0000] {logging_mixin.py:188} INFO - [2025-06-25T09:12:52.928+0000] {dag.py:3823} INFO - Setting next_dagrun for example_task_group to 2025-06-24 00:00:00+00:00, run_after=2025-06-25 00:00:00+00:00
[2025-06-25T09:12:52.971+0000] {processor.py:183} INFO - Processing /home/airflow/.local/lib/python3.8/site-packages/airflow/example_dags/example_task_group.py took 0.167 seconds
[2025-06-25T09:13:23.713+0000] {processor.py:161} INFO - Started process (PID=1269) to work on /home/airflow/.local/lib/python3.8/site-packages/airflow/example_dags/example_task_group.py
[2025-06-25T09:13:23.716+0000] {processor.py:830} INFO - Processing file /home/airflow/.local/lib/python3.8/site-packages/airflow/example_dags/example_task_group.py for tasks to queue
[2025-06-25T09:13:23.721+0000] {logging_mixin.py:188} INFO - [2025-06-25T09:13:23.720+0000] {dagbag.py:538} INFO - Filling up the DagBag from /home/airflow/.local/lib/python3.8/site-packages/airflow/example_dags/example_task_group.py
[2025-06-25T09:13:23.739+0000] {processor.py:840} INFO - DAG(s) 'example_task_group' retrieved from /home/airflow/.local/lib/python3.8/site-packages/airflow/example_dags/example_task_group.py
[2025-06-25T09:13:23.794+0000] {logging_mixin.py:188} INFO - [2025-06-25T09:13:23.794+0000] {dag.py:3036} INFO - Sync 1 DAGs
[2025-06-25T09:13:23.856+0000] {logging_mixin.py:188} INFO - [2025-06-25T09:13:23.855+0000] {dag.py:3823} INFO - Setting next_dagrun for example_task_group to 2025-06-24 00:00:00+00:00, run_after=2025-06-25 00:00:00+00:00
[2025-06-25T09:13:23.902+0000] {processor.py:183} INFO - Processing /home/airflow/.local/lib/python3.8/site-packages/airflow/example_dags/example_task_group.py took 0.196 seconds
[2025-06-25T09:13:55.441+0000] {processor.py:161} INFO - Started process (PID=1335) to work on /home/airflow/.local/lib/python3.8/site-packages/airflow/example_dags/example_task_group.py
[2025-06-25T09:13:55.461+0000] {processor.py:830} INFO - Processing file /home/airflow/.local/lib/python3.8/site-packages/airflow/example_dags/example_task_group.py for tasks to queue
[2025-06-25T09:13:55.480+0000] {logging_mixin.py:188} INFO - [2025-06-25T09:13:55.479+0000] {dagbag.py:538} INFO - Filling up the DagBag from /home/airflow/.local/lib/python3.8/site-packages/airflow/example_dags/example_task_group.py
[2025-06-25T09:13:55.550+0000] {processor.py:840} INFO - DAG(s) 'example_task_group' retrieved from /home/airflow/.local/lib/python3.8/site-packages/airflow/example_dags/example_task_group.py
[2025-06-25T09:13:55.657+0000] {logging_mixin.py:188} INFO - [2025-06-25T09:13:55.657+0000] {dag.py:3036} INFO - Sync 1 DAGs
[2025-06-25T09:13:55.805+0000] {logging_mixin.py:188} INFO - [2025-06-25T09:13:55.804+0000] {dag.py:3823} INFO - Setting next_dagrun for example_task_group to 2025-06-24 00:00:00+00:00, run_after=2025-06-25 00:00:00+00:00
[2025-06-25T09:13:55.973+0000] {processor.py:183} INFO - Processing /home/airflow/.local/lib/python3.8/site-packages/airflow/example_dags/example_task_group.py took 0.548 seconds
[2025-06-25T09:14:26.365+0000] {processor.py:161} INFO - Started process (PID=1400) to work on /home/airflow/.local/lib/python3.8/site-packages/airflow/example_dags/example_task_group.py
[2025-06-25T09:14:26.371+0000] {processor.py:830} INFO - Processing file /home/airflow/.local/lib/python3.8/site-packages/airflow/example_dags/example_task_group.py for tasks to queue
[2025-06-25T09:14:26.374+0000] {logging_mixin.py:188} INFO - [2025-06-25T09:14:26.373+0000] {dagbag.py:538} INFO - Filling up the DagBag from /home/airflow/.local/lib/python3.8/site-packages/airflow/example_dags/example_task_group.py
[2025-06-25T09:14:26.402+0000] {processor.py:840} INFO - DAG(s) 'example_task_group' retrieved from /home/airflow/.local/lib/python3.8/site-packages/airflow/example_dags/example_task_group.py
[2025-06-25T09:14:26.457+0000] {logging_mixin.py:188} INFO - [2025-06-25T09:14:26.456+0000] {dag.py:3036} INFO - Sync 1 DAGs
[2025-06-25T09:14:26.509+0000] {logging_mixin.py:188} INFO - [2025-06-25T09:14:26.509+0000] {dag.py:3823} INFO - Setting next_dagrun for example_task_group to 2025-06-24 00:00:00+00:00, run_after=2025-06-25 00:00:00+00:00
[2025-06-25T09:14:26.559+0000] {processor.py:183} INFO - Processing /home/airflow/.local/lib/python3.8/site-packages/airflow/example_dags/example_task_group.py took 0.210 seconds
[2025-06-25T09:14:57.088+0000] {processor.py:161} INFO - Started process (PID=1465) to work on /home/airflow/.local/lib/python3.8/site-packages/airflow/example_dags/example_task_group.py
[2025-06-25T09:14:57.090+0000] {processor.py:830} INFO - Processing file /home/airflow/.local/lib/python3.8/site-packages/airflow/example_dags/example_task_group.py for tasks to queue
[2025-06-25T09:14:57.099+0000] {logging_mixin.py:188} INFO - [2025-06-25T09:14:57.096+0000] {dagbag.py:538} INFO - Filling up the DagBag from /home/airflow/.local/lib/python3.8/site-packages/airflow/example_dags/example_task_group.py
[2025-06-25T09:14:57.131+0000] {processor.py:840} INFO - DAG(s) 'example_task_group' retrieved from /home/airflow/.local/lib/python3.8/site-packages/airflow/example_dags/example_task_group.py
[2025-06-25T09:14:57.231+0000] {logging_mixin.py:188} INFO - [2025-06-25T09:14:57.230+0000] {dag.py:3036} INFO - Sync 1 DAGs
[2025-06-25T09:14:57.391+0000] {logging_mixin.py:188} INFO - [2025-06-25T09:14:57.391+0000] {dag.py:3823} INFO - Setting next_dagrun for example_task_group to 2025-06-24 00:00:00+00:00, run_after=2025-06-25 00:00:00+00:00
[2025-06-25T09:14:57.489+0000] {processor.py:183} INFO - Processing /home/airflow/.local/lib/python3.8/site-packages/airflow/example_dags/example_task_group.py took 0.409 seconds
[2025-06-25T09:15:28.526+0000] {processor.py:161} INFO - Started process (PID=1522) to work on /home/airflow/.local/lib/python3.8/site-packages/airflow/example_dags/example_task_group.py
[2025-06-25T09:15:28.536+0000] {processor.py:830} INFO - Processing file /home/airflow/.local/lib/python3.8/site-packages/airflow/example_dags/example_task_group.py for tasks to queue
[2025-06-25T09:15:28.539+0000] {logging_mixin.py:188} INFO - [2025-06-25T09:15:28.538+0000] {dagbag.py:538} INFO - Filling up the DagBag from /home/airflow/.local/lib/python3.8/site-packages/airflow/example_dags/example_task_group.py
[2025-06-25T09:15:28.568+0000] {processor.py:840} INFO - DAG(s) 'example_task_group' retrieved from /home/airflow/.local/lib/python3.8/site-packages/airflow/example_dags/example_task_group.py
[2025-06-25T09:15:28.631+0000] {logging_mixin.py:188} INFO - [2025-06-25T09:15:28.630+0000] {dag.py:3036} INFO - Sync 1 DAGs
[2025-06-25T09:15:28.682+0000] {logging_mixin.py:188} INFO - [2025-06-25T09:15:28.681+0000] {dag.py:3823} INFO - Setting next_dagrun for example_task_group to 2025-06-24 00:00:00+00:00, run_after=2025-06-25 00:00:00+00:00
[2025-06-25T09:15:28.733+0000] {processor.py:183} INFO - Processing /home/airflow/.local/lib/python3.8/site-packages/airflow/example_dags/example_task_group.py took 0.213 seconds
[2025-06-25T09:15:59.172+0000] {processor.py:161} INFO - Started process (PID=1587) to work on /home/airflow/.local/lib/python3.8/site-packages/airflow/example_dags/example_task_group.py
[2025-06-25T09:15:59.175+0000] {processor.py:830} INFO - Processing file /home/airflow/.local/lib/python3.8/site-packages/airflow/example_dags/example_task_group.py for tasks to queue
[2025-06-25T09:15:59.178+0000] {logging_mixin.py:188} INFO - [2025-06-25T09:15:59.177+0000] {dagbag.py:538} INFO - Filling up the DagBag from /home/airflow/.local/lib/python3.8/site-packages/airflow/example_dags/example_task_group.py
[2025-06-25T09:15:59.194+0000] {processor.py:840} INFO - DAG(s) 'example_task_group' retrieved from /home/airflow/.local/lib/python3.8/site-packages/airflow/example_dags/example_task_group.py
[2025-06-25T09:15:59.249+0000] {logging_mixin.py:188} INFO - [2025-06-25T09:15:59.249+0000] {dag.py:3036} INFO - Sync 1 DAGs
[2025-06-25T09:15:59.301+0000] {logging_mixin.py:188} INFO - [2025-06-25T09:15:59.300+0000] {dag.py:3823} INFO - Setting next_dagrun for example_task_group to 2025-06-24 00:00:00+00:00, run_after=2025-06-25 00:00:00+00:00
[2025-06-25T09:15:59.340+0000] {processor.py:183} INFO - Processing /home/airflow/.local/lib/python3.8/site-packages/airflow/example_dags/example_task_group.py took 0.174 seconds
[2025-06-25T09:16:30.249+0000] {processor.py:161} INFO - Started process (PID=1651) to work on /home/airflow/.local/lib/python3.8/site-packages/airflow/example_dags/example_task_group.py
[2025-06-25T09:16:30.251+0000] {processor.py:830} INFO - Processing file /home/airflow/.local/lib/python3.8/site-packages/airflow/example_dags/example_task_group.py for tasks to queue
[2025-06-25T09:16:30.255+0000] {logging_mixin.py:188} INFO - [2025-06-25T09:16:30.255+0000] {dagbag.py:538} INFO - Filling up the DagBag from /home/airflow/.local/lib/python3.8/site-packages/airflow/example_dags/example_task_group.py
[2025-06-25T09:16:30.271+0000] {processor.py:840} INFO - DAG(s) 'example_task_group' retrieved from /home/airflow/.local/lib/python3.8/site-packages/airflow/example_dags/example_task_group.py
[2025-06-25T09:16:30.351+0000] {logging_mixin.py:188} INFO - [2025-06-25T09:16:30.348+0000] {dag.py:3036} INFO - Sync 1 DAGs
[2025-06-25T09:16:30.404+0000] {logging_mixin.py:188} INFO - [2025-06-25T09:16:30.404+0000] {dag.py:3823} INFO - Setting next_dagrun for example_task_group to 2025-06-24 00:00:00+00:00, run_after=2025-06-25 00:00:00+00:00
[2025-06-25T09:16:30.476+0000] {processor.py:183} INFO - Processing /home/airflow/.local/lib/python3.8/site-packages/airflow/example_dags/example_task_group.py took 0.250 seconds
[2025-06-25T09:17:00.590+0000] {processor.py:161} INFO - Started process (PID=1716) to work on /home/airflow/.local/lib/python3.8/site-packages/airflow/example_dags/example_task_group.py
[2025-06-25T09:17:00.593+0000] {processor.py:830} INFO - Processing file /home/airflow/.local/lib/python3.8/site-packages/airflow/example_dags/example_task_group.py for tasks to queue
[2025-06-25T09:17:00.598+0000] {logging_mixin.py:188} INFO - [2025-06-25T09:17:00.598+0000] {dagbag.py:538} INFO - Filling up the DagBag from /home/airflow/.local/lib/python3.8/site-packages/airflow/example_dags/example_task_group.py
[2025-06-25T09:17:00.616+0000] {processor.py:840} INFO - DAG(s) 'example_task_group' retrieved from /home/airflow/.local/lib/python3.8/site-packages/airflow/example_dags/example_task_group.py
[2025-06-25T09:17:00.677+0000] {logging_mixin.py:188} INFO - [2025-06-25T09:17:00.676+0000] {dag.py:3036} INFO - Sync 1 DAGs
[2025-06-25T09:17:00.773+0000] {logging_mixin.py:188} INFO - [2025-06-25T09:17:00.772+0000] {dag.py:3823} INFO - Setting next_dagrun for example_task_group to 2025-06-24 00:00:00+00:00, run_after=2025-06-25 00:00:00+00:00
[2025-06-25T09:17:00.838+0000] {processor.py:183} INFO - Processing /home/airflow/.local/lib/python3.8/site-packages/airflow/example_dags/example_task_group.py took 0.256 seconds
[2025-06-25T09:17:30.957+0000] {processor.py:161} INFO - Started process (PID=1782) to work on /home/airflow/.local/lib/python3.8/site-packages/airflow/example_dags/example_task_group.py
[2025-06-25T09:17:30.961+0000] {processor.py:830} INFO - Processing file /home/airflow/.local/lib/python3.8/site-packages/airflow/example_dags/example_task_group.py for tasks to queue
[2025-06-25T09:17:30.964+0000] {logging_mixin.py:188} INFO - [2025-06-25T09:17:30.963+0000] {dagbag.py:538} INFO - Filling up the DagBag from /home/airflow/.local/lib/python3.8/site-packages/airflow/example_dags/example_task_group.py
[2025-06-25T09:17:30.977+0000] {processor.py:840} INFO - DAG(s) 'example_task_group' retrieved from /home/airflow/.local/lib/python3.8/site-packages/airflow/example_dags/example_task_group.py
[2025-06-25T09:17:31.018+0000] {logging_mixin.py:188} INFO - [2025-06-25T09:17:31.017+0000] {dag.py:3036} INFO - Sync 1 DAGs
[2025-06-25T09:17:31.059+0000] {logging_mixin.py:188} INFO - [2025-06-25T09:17:31.059+0000] {dag.py:3823} INFO - Setting next_dagrun for example_task_group to 2025-06-24 00:00:00+00:00, run_after=2025-06-25 00:00:00+00:00
[2025-06-25T09:17:31.099+0000] {processor.py:183} INFO - Processing /home/airflow/.local/lib/python3.8/site-packages/airflow/example_dags/example_task_group.py took 0.147 seconds
[2025-06-25T09:18:01.561+0000] {processor.py:161} INFO - Started process (PID=1846) to work on /home/airflow/.local/lib/python3.8/site-packages/airflow/example_dags/example_task_group.py
[2025-06-25T09:18:01.568+0000] {processor.py:830} INFO - Processing file /home/airflow/.local/lib/python3.8/site-packages/airflow/example_dags/example_task_group.py for tasks to queue
[2025-06-25T09:18:01.576+0000] {logging_mixin.py:188} INFO - [2025-06-25T09:18:01.575+0000] {dagbag.py:538} INFO - Filling up the DagBag from /home/airflow/.local/lib/python3.8/site-packages/airflow/example_dags/example_task_group.py
[2025-06-25T09:18:01.594+0000] {processor.py:840} INFO - DAG(s) 'example_task_group' retrieved from /home/airflow/.local/lib/python3.8/site-packages/airflow/example_dags/example_task_group.py
[2025-06-25T09:18:01.659+0000] {logging_mixin.py:188} INFO - [2025-06-25T09:18:01.658+0000] {dag.py:3036} INFO - Sync 1 DAGs
[2025-06-25T09:18:01.715+0000] {logging_mixin.py:188} INFO - [2025-06-25T09:18:01.715+0000] {dag.py:3823} INFO - Setting next_dagrun for example_task_group to 2025-06-24 00:00:00+00:00, run_after=2025-06-25 00:00:00+00:00
[2025-06-25T09:18:01.746+0000] {processor.py:183} INFO - Processing /home/airflow/.local/lib/python3.8/site-packages/airflow/example_dags/example_task_group.py took 0.192 seconds
[2025-06-25T09:18:32.106+0000] {processor.py:161} INFO - Started process (PID=1912) to work on /home/airflow/.local/lib/python3.8/site-packages/airflow/example_dags/example_task_group.py
[2025-06-25T09:18:32.109+0000] {processor.py:830} INFO - Processing file /home/airflow/.local/lib/python3.8/site-packages/airflow/example_dags/example_task_group.py for tasks to queue
[2025-06-25T09:18:32.112+0000] {logging_mixin.py:188} INFO - [2025-06-25T09:18:32.111+0000] {dagbag.py:538} INFO - Filling up the DagBag from /home/airflow/.local/lib/python3.8/site-packages/airflow/example_dags/example_task_group.py
[2025-06-25T09:18:32.127+0000] {processor.py:840} INFO - DAG(s) 'example_task_group' retrieved from /home/airflow/.local/lib/python3.8/site-packages/airflow/example_dags/example_task_group.py
[2025-06-25T09:18:32.168+0000] {logging_mixin.py:188} INFO - [2025-06-25T09:18:32.168+0000] {dag.py:3036} INFO - Sync 1 DAGs
[2025-06-25T09:18:32.213+0000] {logging_mixin.py:188} INFO - [2025-06-25T09:18:32.213+0000] {dag.py:3823} INFO - Setting next_dagrun for example_task_group to 2025-06-24 00:00:00+00:00, run_after=2025-06-25 00:00:00+00:00
[2025-06-25T09:18:32.244+0000] {processor.py:183} INFO - Processing /home/airflow/.local/lib/python3.8/site-packages/airflow/example_dags/example_task_group.py took 0.144 seconds
[2025-06-25T09:19:02.566+0000] {processor.py:161} INFO - Started process (PID=1977) to work on /home/airflow/.local/lib/python3.8/site-packages/airflow/example_dags/example_task_group.py
[2025-06-25T09:19:02.568+0000] {processor.py:830} INFO - Processing file /home/airflow/.local/lib/python3.8/site-packages/airflow/example_dags/example_task_group.py for tasks to queue
[2025-06-25T09:19:02.571+0000] {logging_mixin.py:188} INFO - [2025-06-25T09:19:02.571+0000] {dagbag.py:538} INFO - Filling up the DagBag from /home/airflow/.local/lib/python3.8/site-packages/airflow/example_dags/example_task_group.py
[2025-06-25T09:19:02.586+0000] {processor.py:840} INFO - DAG(s) 'example_task_group' retrieved from /home/airflow/.local/lib/python3.8/site-packages/airflow/example_dags/example_task_group.py
[2025-06-25T09:19:02.660+0000] {logging_mixin.py:188} INFO - [2025-06-25T09:19:02.659+0000] {dag.py:3036} INFO - Sync 1 DAGs
[2025-06-25T09:19:02.712+0000] {logging_mixin.py:188} INFO - [2025-06-25T09:19:02.711+0000] {dag.py:3823} INFO - Setting next_dagrun for example_task_group to 2025-06-24 00:00:00+00:00, run_after=2025-06-25 00:00:00+00:00
[2025-06-25T09:19:02.752+0000] {processor.py:183} INFO - Processing /home/airflow/.local/lib/python3.8/site-packages/airflow/example_dags/example_task_group.py took 0.192 seconds
[2025-06-25T09:19:32.968+0000] {processor.py:161} INFO - Started process (PID=2042) to work on /home/airflow/.local/lib/python3.8/site-packages/airflow/example_dags/example_task_group.py
[2025-06-25T09:19:32.969+0000] {processor.py:830} INFO - Processing file /home/airflow/.local/lib/python3.8/site-packages/airflow/example_dags/example_task_group.py for tasks to queue
[2025-06-25T09:19:32.972+0000] {logging_mixin.py:188} INFO - [2025-06-25T09:19:32.972+0000] {dagbag.py:538} INFO - Filling up the DagBag from /home/airflow/.local/lib/python3.8/site-packages/airflow/example_dags/example_task_group.py
[2025-06-25T09:19:32.984+0000] {processor.py:840} INFO - DAG(s) 'example_task_group' retrieved from /home/airflow/.local/lib/python3.8/site-packages/airflow/example_dags/example_task_group.py
[2025-06-25T09:19:33.022+0000] {logging_mixin.py:188} INFO - [2025-06-25T09:19:33.022+0000] {dag.py:3036} INFO - Sync 1 DAGs
[2025-06-25T09:19:33.064+0000] {logging_mixin.py:188} INFO - [2025-06-25T09:19:33.063+0000] {dag.py:3823} INFO - Setting next_dagrun for example_task_group to 2025-06-24 00:00:00+00:00, run_after=2025-06-25 00:00:00+00:00
[2025-06-25T09:19:33.096+0000] {processor.py:183} INFO - Processing /home/airflow/.local/lib/python3.8/site-packages/airflow/example_dags/example_task_group.py took 0.133 seconds
[2025-06-25T09:20:03.279+0000] {processor.py:161} INFO - Started process (PID=2107) to work on /home/airflow/.local/lib/python3.8/site-packages/airflow/example_dags/example_task_group.py
[2025-06-25T09:20:03.281+0000] {processor.py:830} INFO - Processing file /home/airflow/.local/lib/python3.8/site-packages/airflow/example_dags/example_task_group.py for tasks to queue
[2025-06-25T09:20:03.284+0000] {logging_mixin.py:188} INFO - [2025-06-25T09:20:03.283+0000] {dagbag.py:538} INFO - Filling up the DagBag from /home/airflow/.local/lib/python3.8/site-packages/airflow/example_dags/example_task_group.py
[2025-06-25T09:20:03.296+0000] {processor.py:840} INFO - DAG(s) 'example_task_group' retrieved from /home/airflow/.local/lib/python3.8/site-packages/airflow/example_dags/example_task_group.py
[2025-06-25T09:20:03.336+0000] {logging_mixin.py:188} INFO - [2025-06-25T09:20:03.336+0000] {dag.py:3036} INFO - Sync 1 DAGs
[2025-06-25T09:20:03.373+0000] {logging_mixin.py:188} INFO - [2025-06-25T09:20:03.373+0000] {dag.py:3823} INFO - Setting next_dagrun for example_task_group to 2025-06-24 00:00:00+00:00, run_after=2025-06-25 00:00:00+00:00
[2025-06-25T09:20:03.398+0000] {processor.py:183} INFO - Processing /home/airflow/.local/lib/python3.8/site-packages/airflow/example_dags/example_task_group.py took 0.125 seconds
[2025-06-25T09:20:33.716+0000] {processor.py:161} INFO - Started process (PID=2172) to work on /home/airflow/.local/lib/python3.8/site-packages/airflow/example_dags/example_task_group.py
[2025-06-25T09:20:33.717+0000] {processor.py:830} INFO - Processing file /home/airflow/.local/lib/python3.8/site-packages/airflow/example_dags/example_task_group.py for tasks to queue
[2025-06-25T09:20:33.720+0000] {logging_mixin.py:188} INFO - [2025-06-25T09:20:33.719+0000] {dagbag.py:538} INFO - Filling up the DagBag from /home/airflow/.local/lib/python3.8/site-packages/airflow/example_dags/example_task_group.py
[2025-06-25T09:20:33.730+0000] {processor.py:840} INFO - DAG(s) 'example_task_group' retrieved from /home/airflow/.local/lib/python3.8/site-packages/airflow/example_dags/example_task_group.py
[2025-06-25T09:20:33.763+0000] {logging_mixin.py:188} INFO - [2025-06-25T09:20:33.763+0000] {dag.py:3036} INFO - Sync 1 DAGs
[2025-06-25T09:20:33.797+0000] {logging_mixin.py:188} INFO - [2025-06-25T09:20:33.797+0000] {dag.py:3823} INFO - Setting next_dagrun for example_task_group to 2025-06-24 00:00:00+00:00, run_after=2025-06-25 00:00:00+00:00
[2025-06-25T09:20:33.831+0000] {processor.py:183} INFO - Processing /home/airflow/.local/lib/python3.8/site-packages/airflow/example_dags/example_task_group.py took 0.120 seconds
[2025-06-25T09:21:04.438+0000] {processor.py:161} INFO - Started process (PID=2237) to work on /home/airflow/.local/lib/python3.8/site-packages/airflow/example_dags/example_task_group.py
[2025-06-25T09:21:04.440+0000] {processor.py:830} INFO - Processing file /home/airflow/.local/lib/python3.8/site-packages/airflow/example_dags/example_task_group.py for tasks to queue
[2025-06-25T09:21:04.442+0000] {logging_mixin.py:188} INFO - [2025-06-25T09:21:04.442+0000] {dagbag.py:538} INFO - Filling up the DagBag from /home/airflow/.local/lib/python3.8/site-packages/airflow/example_dags/example_task_group.py
[2025-06-25T09:21:04.456+0000] {processor.py:840} INFO - DAG(s) 'example_task_group' retrieved from /home/airflow/.local/lib/python3.8/site-packages/airflow/example_dags/example_task_group.py
[2025-06-25T09:21:04.532+0000] {logging_mixin.py:188} INFO - [2025-06-25T09:21:04.531+0000] {dag.py:3036} INFO - Sync 1 DAGs
[2025-06-25T09:21:04.574+0000] {logging_mixin.py:188} INFO - [2025-06-25T09:21:04.573+0000] {dag.py:3823} INFO - Setting next_dagrun for example_task_group to 2025-06-24 00:00:00+00:00, run_after=2025-06-25 00:00:00+00:00
[2025-06-25T09:21:04.605+0000] {processor.py:183} INFO - Processing /home/airflow/.local/lib/python3.8/site-packages/airflow/example_dags/example_task_group.py took 0.174 seconds
