[2025-06-25T09:04:11.378+0000] {processor.py:161} INFO - Started process (PID=88) to work on /home/airflow/.local/lib/python3.8/site-packages/airflow/example_dags/example_sensors.py
[2025-06-25T09:04:11.388+0000] {processor.py:830} INFO - Processing file /home/airflow/.local/lib/python3.8/site-packages/airflow/example_dags/example_sensors.py for tasks to queue
[2025-06-25T09:04:11.390+0000] {logging_mixin.py:188} INFO - [2025-06-25T09:04:11.390+0000] {dagbag.py:538} INFO - Filling up the DagBag from /home/airflow/.local/lib/python3.8/site-packages/airflow/example_dags/example_sensors.py
[2025-06-25T09:04:11.415+0000] {processor.py:840} INFO - DAG(s) 'example_sensors' retrieved from /home/airflow/.local/lib/python3.8/site-packages/airflow/example_dags/example_sensors.py
[2025-06-25T09:04:11.466+0000] {logging_mixin.py:188} INFO - [2025-06-25T09:04:11.465+0000] {dag.py:3036} INFO - Sync 1 DAGs
[2025-06-25T09:04:11.488+0000] {logging_mixin.py:188} INFO - [2025-06-25T09:04:11.488+0000] {dag.py:3823} INFO - Setting next_dagrun for example_sensors to None, run_after=None
[2025-06-25T09:04:11.528+0000] {processor.py:183} INFO - Processing /home/airflow/.local/lib/python3.8/site-packages/airflow/example_dags/example_sensors.py took 0.155 seconds
[2025-06-25T09:04:41.638+0000] {processor.py:161} INFO - Started process (PID=152) to work on /home/airflow/.local/lib/python3.8/site-packages/airflow/example_dags/example_sensors.py
[2025-06-25T09:04:41.640+0000] {processor.py:830} INFO - Processing file /home/airflow/.local/lib/python3.8/site-packages/airflow/example_dags/example_sensors.py for tasks to queue
[2025-06-25T09:04:41.645+0000] {logging_mixin.py:188} INFO - [2025-06-25T09:04:41.644+0000] {dagbag.py:538} INFO - Filling up the DagBag from /home/airflow/.local/lib/python3.8/site-packages/airflow/example_dags/example_sensors.py
[2025-06-25T09:04:41.663+0000] {processor.py:840} INFO - DAG(s) 'example_sensors' retrieved from /home/airflow/.local/lib/python3.8/site-packages/airflow/example_dags/example_sensors.py
[2025-06-25T09:04:41.711+0000] {logging_mixin.py:188} INFO - [2025-06-25T09:04:41.710+0000] {dag.py:3036} INFO - Sync 1 DAGs
[2025-06-25T09:04:41.734+0000] {logging_mixin.py:188} INFO - [2025-06-25T09:04:41.734+0000] {dag.py:3823} INFO - Setting next_dagrun for example_sensors to None, run_after=None
[2025-06-25T09:04:41.766+0000] {processor.py:183} INFO - Processing /home/airflow/.local/lib/python3.8/site-packages/airflow/example_dags/example_sensors.py took 0.134 seconds
[2025-06-25T09:05:11.819+0000] {processor.py:161} INFO - Started process (PID=218) to work on /home/airflow/.local/lib/python3.8/site-packages/airflow/example_dags/example_sensors.py
[2025-06-25T09:05:11.821+0000] {processor.py:830} INFO - Processing file /home/airflow/.local/lib/python3.8/site-packages/airflow/example_dags/example_sensors.py for tasks to queue
[2025-06-25T09:05:11.824+0000] {logging_mixin.py:188} INFO - [2025-06-25T09:05:11.824+0000] {dagbag.py:538} INFO - Filling up the DagBag from /home/airflow/.local/lib/python3.8/site-packages/airflow/example_dags/example_sensors.py
[2025-06-25T09:05:11.840+0000] {processor.py:840} INFO - DAG(s) 'example_sensors' retrieved from /home/airflow/.local/lib/python3.8/site-packages/airflow/example_dags/example_sensors.py
[2025-06-25T09:05:11.880+0000] {logging_mixin.py:188} INFO - [2025-06-25T09:05:11.879+0000] {dag.py:3036} INFO - Sync 1 DAGs
[2025-06-25T09:05:11.898+0000] {logging_mixin.py:188} INFO - [2025-06-25T09:05:11.898+0000] {dag.py:3823} INFO - Setting next_dagrun for example_sensors to None, run_after=None
[2025-06-25T09:05:11.926+0000] {processor.py:183} INFO - Processing /home/airflow/.local/lib/python3.8/site-packages/airflow/example_dags/example_sensors.py took 0.112 seconds
[2025-06-25T09:05:42.081+0000] {processor.py:161} INFO - Started process (PID=284) to work on /home/airflow/.local/lib/python3.8/site-packages/airflow/example_dags/example_sensors.py
[2025-06-25T09:05:42.082+0000] {processor.py:830} INFO - Processing file /home/airflow/.local/lib/python3.8/site-packages/airflow/example_dags/example_sensors.py for tasks to queue
[2025-06-25T09:05:42.084+0000] {logging_mixin.py:188} INFO - [2025-06-25T09:05:42.084+0000] {dagbag.py:538} INFO - Filling up the DagBag from /home/airflow/.local/lib/python3.8/site-packages/airflow/example_dags/example_sensors.py
[2025-06-25T09:05:42.100+0000] {processor.py:840} INFO - DAG(s) 'example_sensors' retrieved from /home/airflow/.local/lib/python3.8/site-packages/airflow/example_dags/example_sensors.py
[2025-06-25T09:05:42.144+0000] {logging_mixin.py:188} INFO - [2025-06-25T09:05:42.143+0000] {dag.py:3036} INFO - Sync 1 DAGs
[2025-06-25T09:05:42.166+0000] {logging_mixin.py:188} INFO - [2025-06-25T09:05:42.166+0000] {dag.py:3823} INFO - Setting next_dagrun for example_sensors to None, run_after=None
[2025-06-25T09:05:42.201+0000] {processor.py:183} INFO - Processing /home/airflow/.local/lib/python3.8/site-packages/airflow/example_dags/example_sensors.py took 0.126 seconds
[2025-06-25T09:06:13.089+0000] {processor.py:161} INFO - Started process (PID=350) to work on /home/airflow/.local/lib/python3.8/site-packages/airflow/example_dags/example_sensors.py
[2025-06-25T09:06:13.091+0000] {processor.py:830} INFO - Processing file /home/airflow/.local/lib/python3.8/site-packages/airflow/example_dags/example_sensors.py for tasks to queue
[2025-06-25T09:06:13.094+0000] {logging_mixin.py:188} INFO - [2025-06-25T09:06:13.093+0000] {dagbag.py:538} INFO - Filling up the DagBag from /home/airflow/.local/lib/python3.8/site-packages/airflow/example_dags/example_sensors.py
[2025-06-25T09:06:13.110+0000] {processor.py:840} INFO - DAG(s) 'example_sensors' retrieved from /home/airflow/.local/lib/python3.8/site-packages/airflow/example_dags/example_sensors.py
[2025-06-25T09:06:13.154+0000] {logging_mixin.py:188} INFO - [2025-06-25T09:06:13.154+0000] {dag.py:3036} INFO - Sync 1 DAGs
[2025-06-25T09:06:13.176+0000] {logging_mixin.py:188} INFO - [2025-06-25T09:06:13.176+0000] {dag.py:3823} INFO - Setting next_dagrun for example_sensors to None, run_after=None
[2025-06-25T09:06:13.205+0000] {processor.py:183} INFO - Processing /home/airflow/.local/lib/python3.8/site-packages/airflow/example_dags/example_sensors.py took 0.121 seconds
[2025-06-25T09:06:43.741+0000] {processor.py:161} INFO - Started process (PID=415) to work on /home/airflow/.local/lib/python3.8/site-packages/airflow/example_dags/example_sensors.py
[2025-06-25T09:06:43.742+0000] {processor.py:830} INFO - Processing file /home/airflow/.local/lib/python3.8/site-packages/airflow/example_dags/example_sensors.py for tasks to queue
[2025-06-25T09:06:43.746+0000] {logging_mixin.py:188} INFO - [2025-06-25T09:06:43.746+0000] {dagbag.py:538} INFO - Filling up the DagBag from /home/airflow/.local/lib/python3.8/site-packages/airflow/example_dags/example_sensors.py
[2025-06-25T09:06:43.764+0000] {processor.py:840} INFO - DAG(s) 'example_sensors' retrieved from /home/airflow/.local/lib/python3.8/site-packages/airflow/example_dags/example_sensors.py
[2025-06-25T09:06:43.814+0000] {logging_mixin.py:188} INFO - [2025-06-25T09:06:43.813+0000] {dag.py:3036} INFO - Sync 1 DAGs
[2025-06-25T09:06:43.842+0000] {logging_mixin.py:188} INFO - [2025-06-25T09:06:43.842+0000] {dag.py:3823} INFO - Setting next_dagrun for example_sensors to None, run_after=None
[2025-06-25T09:06:43.884+0000] {processor.py:183} INFO - Processing /home/airflow/.local/lib/python3.8/site-packages/airflow/example_dags/example_sensors.py took 0.149 seconds
[2025-06-25T09:07:14.127+0000] {processor.py:161} INFO - Started process (PID=480) to work on /home/airflow/.local/lib/python3.8/site-packages/airflow/example_dags/example_sensors.py
[2025-06-25T09:07:14.129+0000] {processor.py:830} INFO - Processing file /home/airflow/.local/lib/python3.8/site-packages/airflow/example_dags/example_sensors.py for tasks to queue
[2025-06-25T09:07:14.131+0000] {logging_mixin.py:188} INFO - [2025-06-25T09:07:14.131+0000] {dagbag.py:538} INFO - Filling up the DagBag from /home/airflow/.local/lib/python3.8/site-packages/airflow/example_dags/example_sensors.py
[2025-06-25T09:07:14.145+0000] {processor.py:840} INFO - DAG(s) 'example_sensors' retrieved from /home/airflow/.local/lib/python3.8/site-packages/airflow/example_dags/example_sensors.py
[2025-06-25T09:07:14.185+0000] {logging_mixin.py:188} INFO - [2025-06-25T09:07:14.184+0000] {dag.py:3036} INFO - Sync 1 DAGs
[2025-06-25T09:07:14.202+0000] {logging_mixin.py:188} INFO - [2025-06-25T09:07:14.202+0000] {dag.py:3823} INFO - Setting next_dagrun for example_sensors to None, run_after=None
[2025-06-25T09:07:14.229+0000] {processor.py:183} INFO - Processing /home/airflow/.local/lib/python3.8/site-packages/airflow/example_dags/example_sensors.py took 0.107 seconds
[2025-06-25T09:07:44.932+0000] {processor.py:161} INFO - Started process (PID=545) to work on /home/airflow/.local/lib/python3.8/site-packages/airflow/example_dags/example_sensors.py
[2025-06-25T09:07:44.934+0000] {processor.py:830} INFO - Processing file /home/airflow/.local/lib/python3.8/site-packages/airflow/example_dags/example_sensors.py for tasks to queue
[2025-06-25T09:07:44.937+0000] {logging_mixin.py:188} INFO - [2025-06-25T09:07:44.937+0000] {dagbag.py:538} INFO - Filling up the DagBag from /home/airflow/.local/lib/python3.8/site-packages/airflow/example_dags/example_sensors.py
[2025-06-25T09:07:44.955+0000] {processor.py:840} INFO - DAG(s) 'example_sensors' retrieved from /home/airflow/.local/lib/python3.8/site-packages/airflow/example_dags/example_sensors.py
[2025-06-25T09:07:45.004+0000] {logging_mixin.py:188} INFO - [2025-06-25T09:07:45.003+0000] {dag.py:3036} INFO - Sync 1 DAGs
[2025-06-25T09:07:45.027+0000] {logging_mixin.py:188} INFO - [2025-06-25T09:07:45.027+0000] {dag.py:3823} INFO - Setting next_dagrun for example_sensors to None, run_after=None
[2025-06-25T09:07:45.061+0000] {processor.py:183} INFO - Processing /home/airflow/.local/lib/python3.8/site-packages/airflow/example_dags/example_sensors.py took 0.135 seconds
[2025-06-25T09:08:15.600+0000] {processor.py:161} INFO - Started process (PID=620) to work on /home/airflow/.local/lib/python3.8/site-packages/airflow/example_dags/example_sensors.py
[2025-06-25T09:08:15.601+0000] {processor.py:830} INFO - Processing file /home/airflow/.local/lib/python3.8/site-packages/airflow/example_dags/example_sensors.py for tasks to queue
[2025-06-25T09:08:15.603+0000] {logging_mixin.py:188} INFO - [2025-06-25T09:08:15.603+0000] {dagbag.py:538} INFO - Filling up the DagBag from /home/airflow/.local/lib/python3.8/site-packages/airflow/example_dags/example_sensors.py
[2025-06-25T09:08:15.616+0000] {processor.py:840} INFO - DAG(s) 'example_sensors' retrieved from /home/airflow/.local/lib/python3.8/site-packages/airflow/example_dags/example_sensors.py
[2025-06-25T09:08:15.654+0000] {logging_mixin.py:188} INFO - [2025-06-25T09:08:15.654+0000] {dag.py:3036} INFO - Sync 1 DAGs
[2025-06-25T09:08:15.673+0000] {logging_mixin.py:188} INFO - [2025-06-25T09:08:15.673+0000] {dag.py:3823} INFO - Setting next_dagrun for example_sensors to None, run_after=None
[2025-06-25T09:08:15.703+0000] {processor.py:183} INFO - Processing /home/airflow/.local/lib/python3.8/site-packages/airflow/example_dags/example_sensors.py took 0.108 seconds
[2025-06-25T09:08:46.389+0000] {processor.py:161} INFO - Started process (PID=684) to work on /home/airflow/.local/lib/python3.8/site-packages/airflow/example_dags/example_sensors.py
[2025-06-25T09:08:46.391+0000] {processor.py:830} INFO - Processing file /home/airflow/.local/lib/python3.8/site-packages/airflow/example_dags/example_sensors.py for tasks to queue
[2025-06-25T09:08:46.393+0000] {logging_mixin.py:188} INFO - [2025-06-25T09:08:46.393+0000] {dagbag.py:538} INFO - Filling up the DagBag from /home/airflow/.local/lib/python3.8/site-packages/airflow/example_dags/example_sensors.py
[2025-06-25T09:08:46.410+0000] {processor.py:840} INFO - DAG(s) 'example_sensors' retrieved from /home/airflow/.local/lib/python3.8/site-packages/airflow/example_dags/example_sensors.py
[2025-06-25T09:08:46.465+0000] {logging_mixin.py:188} INFO - [2025-06-25T09:08:46.464+0000] {dag.py:3036} INFO - Sync 1 DAGs
[2025-06-25T09:08:46.485+0000] {logging_mixin.py:188} INFO - [2025-06-25T09:08:46.484+0000] {dag.py:3823} INFO - Setting next_dagrun for example_sensors to None, run_after=None
[2025-06-25T09:08:46.516+0000] {processor.py:183} INFO - Processing /home/airflow/.local/lib/python3.8/site-packages/airflow/example_dags/example_sensors.py took 0.133 seconds
[2025-06-25T09:09:17.074+0000] {processor.py:161} INFO - Started process (PID=749) to work on /home/airflow/.local/lib/python3.8/site-packages/airflow/example_dags/example_sensors.py
[2025-06-25T09:09:17.076+0000] {processor.py:830} INFO - Processing file /home/airflow/.local/lib/python3.8/site-packages/airflow/example_dags/example_sensors.py for tasks to queue
[2025-06-25T09:09:17.078+0000] {logging_mixin.py:188} INFO - [2025-06-25T09:09:17.078+0000] {dagbag.py:538} INFO - Filling up the DagBag from /home/airflow/.local/lib/python3.8/site-packages/airflow/example_dags/example_sensors.py
[2025-06-25T09:09:17.095+0000] {processor.py:840} INFO - DAG(s) 'example_sensors' retrieved from /home/airflow/.local/lib/python3.8/site-packages/airflow/example_dags/example_sensors.py
[2025-06-25T09:09:17.160+0000] {logging_mixin.py:188} INFO - [2025-06-25T09:09:17.160+0000] {dag.py:3036} INFO - Sync 1 DAGs
[2025-06-25T09:09:17.186+0000] {logging_mixin.py:188} INFO - [2025-06-25T09:09:17.186+0000] {dag.py:3823} INFO - Setting next_dagrun for example_sensors to None, run_after=None
[2025-06-25T09:09:17.227+0000] {processor.py:183} INFO - Processing /home/airflow/.local/lib/python3.8/site-packages/airflow/example_dags/example_sensors.py took 0.158 seconds
[2025-06-25T09:09:47.880+0000] {processor.py:161} INFO - Started process (PID=813) to work on /home/airflow/.local/lib/python3.8/site-packages/airflow/example_dags/example_sensors.py
[2025-06-25T09:09:47.881+0000] {processor.py:830} INFO - Processing file /home/airflow/.local/lib/python3.8/site-packages/airflow/example_dags/example_sensors.py for tasks to queue
[2025-06-25T09:09:47.885+0000] {logging_mixin.py:188} INFO - [2025-06-25T09:09:47.885+0000] {dagbag.py:538} INFO - Filling up the DagBag from /home/airflow/.local/lib/python3.8/site-packages/airflow/example_dags/example_sensors.py
[2025-06-25T09:09:47.901+0000] {processor.py:840} INFO - DAG(s) 'example_sensors' retrieved from /home/airflow/.local/lib/python3.8/site-packages/airflow/example_dags/example_sensors.py
[2025-06-25T09:09:47.955+0000] {logging_mixin.py:188} INFO - [2025-06-25T09:09:47.954+0000] {dag.py:3036} INFO - Sync 1 DAGs
[2025-06-25T09:09:47.979+0000] {logging_mixin.py:188} INFO - [2025-06-25T09:09:47.979+0000] {dag.py:3823} INFO - Setting next_dagrun for example_sensors to None, run_after=None
[2025-06-25T09:09:48.015+0000] {processor.py:183} INFO - Processing /home/airflow/.local/lib/python3.8/site-packages/airflow/example_dags/example_sensors.py took 0.142 seconds
[2025-06-25T09:10:18.961+0000] {processor.py:161} INFO - Started process (PID=878) to work on /home/airflow/.local/lib/python3.8/site-packages/airflow/example_dags/example_sensors.py
[2025-06-25T09:10:18.963+0000] {processor.py:830} INFO - Processing file /home/airflow/.local/lib/python3.8/site-packages/airflow/example_dags/example_sensors.py for tasks to queue
[2025-06-25T09:10:18.966+0000] {logging_mixin.py:188} INFO - [2025-06-25T09:10:18.965+0000] {dagbag.py:538} INFO - Filling up the DagBag from /home/airflow/.local/lib/python3.8/site-packages/airflow/example_dags/example_sensors.py
[2025-06-25T09:10:18.981+0000] {processor.py:840} INFO - DAG(s) 'example_sensors' retrieved from /home/airflow/.local/lib/python3.8/site-packages/airflow/example_dags/example_sensors.py
[2025-06-25T09:10:19.037+0000] {logging_mixin.py:188} INFO - [2025-06-25T09:10:19.036+0000] {dag.py:3036} INFO - Sync 1 DAGs
[2025-06-25T09:10:19.066+0000] {logging_mixin.py:188} INFO - [2025-06-25T09:10:19.065+0000] {dag.py:3823} INFO - Setting next_dagrun for example_sensors to None, run_after=None
[2025-06-25T09:10:19.106+0000] {processor.py:183} INFO - Processing /home/airflow/.local/lib/python3.8/site-packages/airflow/example_dags/example_sensors.py took 0.149 seconds
[2025-06-25T09:10:50.187+0000] {processor.py:161} INFO - Started process (PID=943) to work on /home/airflow/.local/lib/python3.8/site-packages/airflow/example_dags/example_sensors.py
[2025-06-25T09:10:50.189+0000] {processor.py:830} INFO - Processing file /home/airflow/.local/lib/python3.8/site-packages/airflow/example_dags/example_sensors.py for tasks to queue
[2025-06-25T09:10:50.194+0000] {logging_mixin.py:188} INFO - [2025-06-25T09:10:50.193+0000] {dagbag.py:538} INFO - Filling up the DagBag from /home/airflow/.local/lib/python3.8/site-packages/airflow/example_dags/example_sensors.py
[2025-06-25T09:10:50.210+0000] {processor.py:840} INFO - DAG(s) 'example_sensors' retrieved from /home/airflow/.local/lib/python3.8/site-packages/airflow/example_dags/example_sensors.py
[2025-06-25T09:10:50.272+0000] {logging_mixin.py:188} INFO - [2025-06-25T09:10:50.272+0000] {dag.py:3036} INFO - Sync 1 DAGs
[2025-06-25T09:10:50.295+0000] {logging_mixin.py:188} INFO - [2025-06-25T09:10:50.295+0000] {dag.py:3823} INFO - Setting next_dagrun for example_sensors to None, run_after=None
[2025-06-25T09:10:50.334+0000] {processor.py:183} INFO - Processing /home/airflow/.local/lib/python3.8/site-packages/airflow/example_dags/example_sensors.py took 0.156 seconds
[2025-06-25T09:11:20.817+0000] {processor.py:161} INFO - Started process (PID=1008) to work on /home/airflow/.local/lib/python3.8/site-packages/airflow/example_dags/example_sensors.py
[2025-06-25T09:11:20.819+0000] {processor.py:830} INFO - Processing file /home/airflow/.local/lib/python3.8/site-packages/airflow/example_dags/example_sensors.py for tasks to queue
[2025-06-25T09:11:20.822+0000] {logging_mixin.py:188} INFO - [2025-06-25T09:11:20.822+0000] {dagbag.py:538} INFO - Filling up the DagBag from /home/airflow/.local/lib/python3.8/site-packages/airflow/example_dags/example_sensors.py
[2025-06-25T09:11:20.845+0000] {processor.py:840} INFO - DAG(s) 'example_sensors' retrieved from /home/airflow/.local/lib/python3.8/site-packages/airflow/example_dags/example_sensors.py
[2025-06-25T09:11:20.911+0000] {logging_mixin.py:188} INFO - [2025-06-25T09:11:20.911+0000] {dag.py:3036} INFO - Sync 1 DAGs
[2025-06-25T09:11:20.935+0000] {logging_mixin.py:188} INFO - [2025-06-25T09:11:20.934+0000] {dag.py:3823} INFO - Setting next_dagrun for example_sensors to None, run_after=None
[2025-06-25T09:11:20.980+0000] {processor.py:183} INFO - Processing /home/airflow/.local/lib/python3.8/site-packages/airflow/example_dags/example_sensors.py took 0.170 seconds
[2025-06-25T09:11:51.445+0000] {processor.py:161} INFO - Started process (PID=1073) to work on /home/airflow/.local/lib/python3.8/site-packages/airflow/example_dags/example_sensors.py
[2025-06-25T09:11:51.446+0000] {processor.py:830} INFO - Processing file /home/airflow/.local/lib/python3.8/site-packages/airflow/example_dags/example_sensors.py for tasks to queue
[2025-06-25T09:11:51.448+0000] {logging_mixin.py:188} INFO - [2025-06-25T09:11:51.448+0000] {dagbag.py:538} INFO - Filling up the DagBag from /home/airflow/.local/lib/python3.8/site-packages/airflow/example_dags/example_sensors.py
[2025-06-25T09:11:51.466+0000] {processor.py:840} INFO - DAG(s) 'example_sensors' retrieved from /home/airflow/.local/lib/python3.8/site-packages/airflow/example_dags/example_sensors.py
[2025-06-25T09:11:51.543+0000] {logging_mixin.py:188} INFO - [2025-06-25T09:11:51.542+0000] {dag.py:3036} INFO - Sync 1 DAGs
[2025-06-25T09:11:51.577+0000] {logging_mixin.py:188} INFO - [2025-06-25T09:11:51.577+0000] {dag.py:3823} INFO - Setting next_dagrun for example_sensors to None, run_after=None
[2025-06-25T09:11:51.622+0000] {processor.py:183} INFO - Processing /home/airflow/.local/lib/python3.8/site-packages/airflow/example_dags/example_sensors.py took 0.183 seconds
[2025-06-25T09:12:21.817+0000] {processor.py:161} INFO - Started process (PID=1136) to work on /home/airflow/.local/lib/python3.8/site-packages/airflow/example_dags/example_sensors.py
[2025-06-25T09:12:21.819+0000] {processor.py:830} INFO - Processing file /home/airflow/.local/lib/python3.8/site-packages/airflow/example_dags/example_sensors.py for tasks to queue
[2025-06-25T09:12:21.823+0000] {logging_mixin.py:188} INFO - [2025-06-25T09:12:21.822+0000] {dagbag.py:538} INFO - Filling up the DagBag from /home/airflow/.local/lib/python3.8/site-packages/airflow/example_dags/example_sensors.py
[2025-06-25T09:12:21.840+0000] {processor.py:840} INFO - DAG(s) 'example_sensors' retrieved from /home/airflow/.local/lib/python3.8/site-packages/airflow/example_dags/example_sensors.py
[2025-06-25T09:12:21.889+0000] {logging_mixin.py:188} INFO - [2025-06-25T09:12:21.889+0000] {dag.py:3036} INFO - Sync 1 DAGs
[2025-06-25T09:12:21.913+0000] {logging_mixin.py:188} INFO - [2025-06-25T09:12:21.913+0000] {dag.py:3823} INFO - Setting next_dagrun for example_sensors to None, run_after=None
[2025-06-25T09:12:21.966+0000] {processor.py:183} INFO - Processing /home/airflow/.local/lib/python3.8/site-packages/airflow/example_dags/example_sensors.py took 0.155 seconds
[2025-06-25T09:12:52.679+0000] {processor.py:161} INFO - Started process (PID=1202) to work on /home/airflow/.local/lib/python3.8/site-packages/airflow/example_dags/example_sensors.py
[2025-06-25T09:12:52.681+0000] {processor.py:830} INFO - Processing file /home/airflow/.local/lib/python3.8/site-packages/airflow/example_dags/example_sensors.py for tasks to queue
[2025-06-25T09:12:52.684+0000] {logging_mixin.py:188} INFO - [2025-06-25T09:12:52.683+0000] {dagbag.py:538} INFO - Filling up the DagBag from /home/airflow/.local/lib/python3.8/site-packages/airflow/example_dags/example_sensors.py
[2025-06-25T09:12:52.703+0000] {processor.py:840} INFO - DAG(s) 'example_sensors' retrieved from /home/airflow/.local/lib/python3.8/site-packages/airflow/example_dags/example_sensors.py
[2025-06-25T09:12:52.757+0000] {logging_mixin.py:188} INFO - [2025-06-25T09:12:52.757+0000] {dag.py:3036} INFO - Sync 1 DAGs
[2025-06-25T09:12:52.789+0000] {logging_mixin.py:188} INFO - [2025-06-25T09:12:52.789+0000] {dag.py:3823} INFO - Setting next_dagrun for example_sensors to None, run_after=None
[2025-06-25T09:12:52.829+0000] {processor.py:183} INFO - Processing /home/airflow/.local/lib/python3.8/site-packages/airflow/example_dags/example_sensors.py took 0.157 seconds
[2025-06-25T09:13:23.546+0000] {processor.py:161} INFO - Started process (PID=1268) to work on /home/airflow/.local/lib/python3.8/site-packages/airflow/example_dags/example_sensors.py
[2025-06-25T09:13:23.549+0000] {processor.py:830} INFO - Processing file /home/airflow/.local/lib/python3.8/site-packages/airflow/example_dags/example_sensors.py for tasks to queue
[2025-06-25T09:13:23.553+0000] {logging_mixin.py:188} INFO - [2025-06-25T09:13:23.552+0000] {dagbag.py:538} INFO - Filling up the DagBag from /home/airflow/.local/lib/python3.8/site-packages/airflow/example_dags/example_sensors.py
[2025-06-25T09:13:23.575+0000] {processor.py:840} INFO - DAG(s) 'example_sensors' retrieved from /home/airflow/.local/lib/python3.8/site-packages/airflow/example_dags/example_sensors.py
[2025-06-25T09:13:23.645+0000] {logging_mixin.py:188} INFO - [2025-06-25T09:13:23.645+0000] {dag.py:3036} INFO - Sync 1 DAGs
[2025-06-25T09:13:23.676+0000] {logging_mixin.py:188} INFO - [2025-06-25T09:13:23.676+0000] {dag.py:3823} INFO - Setting next_dagrun for example_sensors to None, run_after=None
[2025-06-25T09:13:23.719+0000] {processor.py:183} INFO - Processing /home/airflow/.local/lib/python3.8/site-packages/airflow/example_dags/example_sensors.py took 0.180 seconds
[2025-06-25T09:13:55.287+0000] {processor.py:161} INFO - Started process (PID=1334) to work on /home/airflow/.local/lib/python3.8/site-packages/airflow/example_dags/example_sensors.py
[2025-06-25T09:13:55.304+0000] {processor.py:830} INFO - Processing file /home/airflow/.local/lib/python3.8/site-packages/airflow/example_dags/example_sensors.py for tasks to queue
[2025-06-25T09:13:55.308+0000] {logging_mixin.py:188} INFO - [2025-06-25T09:13:55.308+0000] {dagbag.py:538} INFO - Filling up the DagBag from /home/airflow/.local/lib/python3.8/site-packages/airflow/example_dags/example_sensors.py
[2025-06-25T09:13:55.378+0000] {processor.py:840} INFO - DAG(s) 'example_sensors' retrieved from /home/airflow/.local/lib/python3.8/site-packages/airflow/example_dags/example_sensors.py
[2025-06-25T09:13:55.593+0000] {logging_mixin.py:188} INFO - [2025-06-25T09:13:55.592+0000] {dag.py:3036} INFO - Sync 1 DAGs
[2025-06-25T09:13:55.648+0000] {logging_mixin.py:188} INFO - [2025-06-25T09:13:55.648+0000] {dag.py:3823} INFO - Setting next_dagrun for example_sensors to None, run_after=None
[2025-06-25T09:13:55.769+0000] {processor.py:183} INFO - Processing /home/airflow/.local/lib/python3.8/site-packages/airflow/example_dags/example_sensors.py took 0.532 seconds
[2025-06-25T09:14:26.186+0000] {processor.py:161} INFO - Started process (PID=1399) to work on /home/airflow/.local/lib/python3.8/site-packages/airflow/example_dags/example_sensors.py
[2025-06-25T09:14:26.188+0000] {processor.py:830} INFO - Processing file /home/airflow/.local/lib/python3.8/site-packages/airflow/example_dags/example_sensors.py for tasks to queue
[2025-06-25T09:14:26.191+0000] {logging_mixin.py:188} INFO - [2025-06-25T09:14:26.191+0000] {dagbag.py:538} INFO - Filling up the DagBag from /home/airflow/.local/lib/python3.8/site-packages/airflow/example_dags/example_sensors.py
[2025-06-25T09:14:26.225+0000] {processor.py:840} INFO - DAG(s) 'example_sensors' retrieved from /home/airflow/.local/lib/python3.8/site-packages/airflow/example_dags/example_sensors.py
[2025-06-25T09:14:26.338+0000] {logging_mixin.py:188} INFO - [2025-06-25T09:14:26.337+0000] {dag.py:3036} INFO - Sync 1 DAGs
[2025-06-25T09:14:26.392+0000] {logging_mixin.py:188} INFO - [2025-06-25T09:14:26.391+0000] {dag.py:3823} INFO - Setting next_dagrun for example_sensors to None, run_after=None
[2025-06-25T09:14:26.465+0000] {processor.py:183} INFO - Processing /home/airflow/.local/lib/python3.8/site-packages/airflow/example_dags/example_sensors.py took 0.300 seconds
[2025-06-25T09:14:56.829+0000] {processor.py:161} INFO - Started process (PID=1463) to work on /home/airflow/.local/lib/python3.8/site-packages/airflow/example_dags/example_sensors.py
[2025-06-25T09:14:56.844+0000] {processor.py:830} INFO - Processing file /home/airflow/.local/lib/python3.8/site-packages/airflow/example_dags/example_sensors.py for tasks to queue
[2025-06-25T09:14:56.850+0000] {logging_mixin.py:188} INFO - [2025-06-25T09:14:56.849+0000] {dagbag.py:538} INFO - Filling up the DagBag from /home/airflow/.local/lib/python3.8/site-packages/airflow/example_dags/example_sensors.py
[2025-06-25T09:14:56.883+0000] {processor.py:840} INFO - DAG(s) 'example_sensors' retrieved from /home/airflow/.local/lib/python3.8/site-packages/airflow/example_dags/example_sensors.py
[2025-06-25T09:14:56.959+0000] {logging_mixin.py:188} INFO - [2025-06-25T09:14:56.958+0000] {dag.py:3036} INFO - Sync 1 DAGs
[2025-06-25T09:14:56.992+0000] {logging_mixin.py:188} INFO - [2025-06-25T09:14:56.991+0000] {dag.py:3823} INFO - Setting next_dagrun for example_sensors to None, run_after=None
[2025-06-25T09:14:57.049+0000] {processor.py:183} INFO - Processing /home/airflow/.local/lib/python3.8/site-packages/airflow/example_dags/example_sensors.py took 0.241 seconds
[2025-06-25T09:15:27.274+0000] {processor.py:161} INFO - Started process (PID=1521) to work on /home/airflow/.local/lib/python3.8/site-packages/airflow/example_dags/example_sensors.py
[2025-06-25T09:15:27.276+0000] {processor.py:830} INFO - Processing file /home/airflow/.local/lib/python3.8/site-packages/airflow/example_dags/example_sensors.py for tasks to queue
[2025-06-25T09:15:27.279+0000] {logging_mixin.py:188} INFO - [2025-06-25T09:15:27.278+0000] {dagbag.py:538} INFO - Filling up the DagBag from /home/airflow/.local/lib/python3.8/site-packages/airflow/example_dags/example_sensors.py
[2025-06-25T09:15:27.303+0000] {processor.py:840} INFO - DAG(s) 'example_sensors' retrieved from /home/airflow/.local/lib/python3.8/site-packages/airflow/example_dags/example_sensors.py
[2025-06-25T09:15:27.368+0000] {logging_mixin.py:188} INFO - [2025-06-25T09:15:27.368+0000] {dag.py:3036} INFO - Sync 1 DAGs
[2025-06-25T09:15:27.398+0000] {logging_mixin.py:188} INFO - [2025-06-25T09:15:27.398+0000] {dag.py:3823} INFO - Setting next_dagrun for example_sensors to None, run_after=None
[2025-06-25T09:15:27.454+0000] {processor.py:183} INFO - Processing /home/airflow/.local/lib/python3.8/site-packages/airflow/example_dags/example_sensors.py took 0.189 seconds
[2025-06-25T09:15:58.087+0000] {processor.py:161} INFO - Started process (PID=1586) to work on /home/airflow/.local/lib/python3.8/site-packages/airflow/example_dags/example_sensors.py
[2025-06-25T09:15:58.091+0000] {processor.py:830} INFO - Processing file /home/airflow/.local/lib/python3.8/site-packages/airflow/example_dags/example_sensors.py for tasks to queue
[2025-06-25T09:15:58.095+0000] {logging_mixin.py:188} INFO - [2025-06-25T09:15:58.094+0000] {dagbag.py:538} INFO - Filling up the DagBag from /home/airflow/.local/lib/python3.8/site-packages/airflow/example_dags/example_sensors.py
[2025-06-25T09:15:58.116+0000] {processor.py:840} INFO - DAG(s) 'example_sensors' retrieved from /home/airflow/.local/lib/python3.8/site-packages/airflow/example_dags/example_sensors.py
[2025-06-25T09:15:58.201+0000] {logging_mixin.py:188} INFO - [2025-06-25T09:15:58.200+0000] {dag.py:3036} INFO - Sync 1 DAGs
[2025-06-25T09:15:58.234+0000] {logging_mixin.py:188} INFO - [2025-06-25T09:15:58.234+0000] {dag.py:3823} INFO - Setting next_dagrun for example_sensors to None, run_after=None
[2025-06-25T09:15:58.290+0000] {processor.py:183} INFO - Processing /home/airflow/.local/lib/python3.8/site-packages/airflow/example_dags/example_sensors.py took 0.208 seconds
[2025-06-25T09:16:29.005+0000] {processor.py:161} INFO - Started process (PID=1650) to work on /home/airflow/.local/lib/python3.8/site-packages/airflow/example_dags/example_sensors.py
[2025-06-25T09:16:29.010+0000] {processor.py:830} INFO - Processing file /home/airflow/.local/lib/python3.8/site-packages/airflow/example_dags/example_sensors.py for tasks to queue
[2025-06-25T09:16:29.019+0000] {logging_mixin.py:188} INFO - [2025-06-25T09:16:29.013+0000] {dagbag.py:538} INFO - Filling up the DagBag from /home/airflow/.local/lib/python3.8/site-packages/airflow/example_dags/example_sensors.py
[2025-06-25T09:16:29.048+0000] {processor.py:840} INFO - DAG(s) 'example_sensors' retrieved from /home/airflow/.local/lib/python3.8/site-packages/airflow/example_dags/example_sensors.py
[2025-06-25T09:16:29.112+0000] {logging_mixin.py:188} INFO - [2025-06-25T09:16:29.112+0000] {dag.py:3036} INFO - Sync 1 DAGs
[2025-06-25T09:16:29.140+0000] {logging_mixin.py:188} INFO - [2025-06-25T09:16:29.140+0000] {dag.py:3823} INFO - Setting next_dagrun for example_sensors to None, run_after=None
[2025-06-25T09:16:29.209+0000] {processor.py:183} INFO - Processing /home/airflow/.local/lib/python3.8/site-packages/airflow/example_dags/example_sensors.py took 0.216 seconds
[2025-06-25T09:16:59.524+0000] {processor.py:161} INFO - Started process (PID=1715) to work on /home/airflow/.local/lib/python3.8/site-packages/airflow/example_dags/example_sensors.py
[2025-06-25T09:16:59.529+0000] {processor.py:830} INFO - Processing file /home/airflow/.local/lib/python3.8/site-packages/airflow/example_dags/example_sensors.py for tasks to queue
[2025-06-25T09:16:59.532+0000] {logging_mixin.py:188} INFO - [2025-06-25T09:16:59.532+0000] {dagbag.py:538} INFO - Filling up the DagBag from /home/airflow/.local/lib/python3.8/site-packages/airflow/example_dags/example_sensors.py
[2025-06-25T09:16:59.566+0000] {processor.py:840} INFO - DAG(s) 'example_sensors' retrieved from /home/airflow/.local/lib/python3.8/site-packages/airflow/example_dags/example_sensors.py
[2025-06-25T09:16:59.623+0000] {logging_mixin.py:188} INFO - [2025-06-25T09:16:59.619+0000] {dag.py:3036} INFO - Sync 1 DAGs
[2025-06-25T09:16:59.665+0000] {logging_mixin.py:188} INFO - [2025-06-25T09:16:59.664+0000] {dag.py:3823} INFO - Setting next_dagrun for example_sensors to None, run_after=None
[2025-06-25T09:16:59.714+0000] {processor.py:183} INFO - Processing /home/airflow/.local/lib/python3.8/site-packages/airflow/example_dags/example_sensors.py took 0.198 seconds
[2025-06-25T09:17:29.902+0000] {processor.py:161} INFO - Started process (PID=1781) to work on /home/airflow/.local/lib/python3.8/site-packages/airflow/example_dags/example_sensors.py
[2025-06-25T09:17:29.906+0000] {processor.py:830} INFO - Processing file /home/airflow/.local/lib/python3.8/site-packages/airflow/example_dags/example_sensors.py for tasks to queue
[2025-06-25T09:17:29.910+0000] {logging_mixin.py:188} INFO - [2025-06-25T09:17:29.910+0000] {dagbag.py:538} INFO - Filling up the DagBag from /home/airflow/.local/lib/python3.8/site-packages/airflow/example_dags/example_sensors.py
[2025-06-25T09:17:29.933+0000] {processor.py:840} INFO - DAG(s) 'example_sensors' retrieved from /home/airflow/.local/lib/python3.8/site-packages/airflow/example_dags/example_sensors.py
[2025-06-25T09:17:29.984+0000] {logging_mixin.py:188} INFO - [2025-06-25T09:17:29.984+0000] {dag.py:3036} INFO - Sync 1 DAGs
[2025-06-25T09:17:30.015+0000] {logging_mixin.py:188} INFO - [2025-06-25T09:17:30.015+0000] {dag.py:3823} INFO - Setting next_dagrun for example_sensors to None, run_after=None
[2025-06-25T09:17:30.058+0000] {processor.py:183} INFO - Processing /home/airflow/.local/lib/python3.8/site-packages/airflow/example_dags/example_sensors.py took 0.162 seconds
[2025-06-25T09:18:00.470+0000] {processor.py:161} INFO - Started process (PID=1845) to work on /home/airflow/.local/lib/python3.8/site-packages/airflow/example_dags/example_sensors.py
[2025-06-25T09:18:00.472+0000] {processor.py:830} INFO - Processing file /home/airflow/.local/lib/python3.8/site-packages/airflow/example_dags/example_sensors.py for tasks to queue
[2025-06-25T09:18:00.475+0000] {logging_mixin.py:188} INFO - [2025-06-25T09:18:00.475+0000] {dagbag.py:538} INFO - Filling up the DagBag from /home/airflow/.local/lib/python3.8/site-packages/airflow/example_dags/example_sensors.py
[2025-06-25T09:18:00.493+0000] {processor.py:840} INFO - DAG(s) 'example_sensors' retrieved from /home/airflow/.local/lib/python3.8/site-packages/airflow/example_dags/example_sensors.py
[2025-06-25T09:18:00.548+0000] {logging_mixin.py:188} INFO - [2025-06-25T09:18:00.548+0000] {dag.py:3036} INFO - Sync 1 DAGs
[2025-06-25T09:18:00.569+0000] {logging_mixin.py:188} INFO - [2025-06-25T09:18:00.569+0000] {dag.py:3823} INFO - Setting next_dagrun for example_sensors to None, run_after=None
[2025-06-25T09:18:00.614+0000] {processor.py:183} INFO - Processing /home/airflow/.local/lib/python3.8/site-packages/airflow/example_dags/example_sensors.py took 0.151 seconds
[2025-06-25T09:18:31.017+0000] {processor.py:161} INFO - Started process (PID=1911) to work on /home/airflow/.local/lib/python3.8/site-packages/airflow/example_dags/example_sensors.py
[2025-06-25T09:18:31.019+0000] {processor.py:830} INFO - Processing file /home/airflow/.local/lib/python3.8/site-packages/airflow/example_dags/example_sensors.py for tasks to queue
[2025-06-25T09:18:31.023+0000] {logging_mixin.py:188} INFO - [2025-06-25T09:18:31.022+0000] {dagbag.py:538} INFO - Filling up the DagBag from /home/airflow/.local/lib/python3.8/site-packages/airflow/example_dags/example_sensors.py
[2025-06-25T09:18:31.043+0000] {processor.py:840} INFO - DAG(s) 'example_sensors' retrieved from /home/airflow/.local/lib/python3.8/site-packages/airflow/example_dags/example_sensors.py
[2025-06-25T09:18:31.092+0000] {logging_mixin.py:188} INFO - [2025-06-25T09:18:31.092+0000] {dag.py:3036} INFO - Sync 1 DAGs
[2025-06-25T09:18:31.118+0000] {logging_mixin.py:188} INFO - [2025-06-25T09:18:31.117+0000] {dag.py:3823} INFO - Setting next_dagrun for example_sensors to None, run_after=None
[2025-06-25T09:18:31.160+0000] {processor.py:183} INFO - Processing /home/airflow/.local/lib/python3.8/site-packages/airflow/example_dags/example_sensors.py took 0.149 seconds
[2025-06-25T09:19:01.482+0000] {processor.py:161} INFO - Started process (PID=1976) to work on /home/airflow/.local/lib/python3.8/site-packages/airflow/example_dags/example_sensors.py
[2025-06-25T09:19:01.485+0000] {processor.py:830} INFO - Processing file /home/airflow/.local/lib/python3.8/site-packages/airflow/example_dags/example_sensors.py for tasks to queue
[2025-06-25T09:19:01.488+0000] {logging_mixin.py:188} INFO - [2025-06-25T09:19:01.488+0000] {dagbag.py:538} INFO - Filling up the DagBag from /home/airflow/.local/lib/python3.8/site-packages/airflow/example_dags/example_sensors.py
[2025-06-25T09:19:01.511+0000] {processor.py:840} INFO - DAG(s) 'example_sensors' retrieved from /home/airflow/.local/lib/python3.8/site-packages/airflow/example_dags/example_sensors.py
[2025-06-25T09:19:01.570+0000] {logging_mixin.py:188} INFO - [2025-06-25T09:19:01.570+0000] {dag.py:3036} INFO - Sync 1 DAGs
[2025-06-25T09:19:01.599+0000] {logging_mixin.py:188} INFO - [2025-06-25T09:19:01.599+0000] {dag.py:3823} INFO - Setting next_dagrun for example_sensors to None, run_after=None
[2025-06-25T09:19:01.651+0000] {processor.py:183} INFO - Processing /home/airflow/.local/lib/python3.8/site-packages/airflow/example_dags/example_sensors.py took 0.176 seconds
[2025-06-25T09:19:31.929+0000] {processor.py:161} INFO - Started process (PID=2041) to work on /home/airflow/.local/lib/python3.8/site-packages/airflow/example_dags/example_sensors.py
[2025-06-25T09:19:31.931+0000] {processor.py:830} INFO - Processing file /home/airflow/.local/lib/python3.8/site-packages/airflow/example_dags/example_sensors.py for tasks to queue
[2025-06-25T09:19:31.933+0000] {logging_mixin.py:188} INFO - [2025-06-25T09:19:31.933+0000] {dagbag.py:538} INFO - Filling up the DagBag from /home/airflow/.local/lib/python3.8/site-packages/airflow/example_dags/example_sensors.py
[2025-06-25T09:19:31.948+0000] {processor.py:840} INFO - DAG(s) 'example_sensors' retrieved from /home/airflow/.local/lib/python3.8/site-packages/airflow/example_dags/example_sensors.py
[2025-06-25T09:19:31.988+0000] {logging_mixin.py:188} INFO - [2025-06-25T09:19:31.987+0000] {dag.py:3036} INFO - Sync 1 DAGs
[2025-06-25T09:19:32.009+0000] {logging_mixin.py:188} INFO - [2025-06-25T09:19:32.008+0000] {dag.py:3823} INFO - Setting next_dagrun for example_sensors to None, run_after=None
[2025-06-25T09:19:32.039+0000] {processor.py:183} INFO - Processing /home/airflow/.local/lib/python3.8/site-packages/airflow/example_dags/example_sensors.py took 0.115 seconds
[2025-06-25T09:20:02.206+0000] {processor.py:161} INFO - Started process (PID=2106) to work on /home/airflow/.local/lib/python3.8/site-packages/airflow/example_dags/example_sensors.py
[2025-06-25T09:20:02.209+0000] {processor.py:830} INFO - Processing file /home/airflow/.local/lib/python3.8/site-packages/airflow/example_dags/example_sensors.py for tasks to queue
[2025-06-25T09:20:02.212+0000] {logging_mixin.py:188} INFO - [2025-06-25T09:20:02.211+0000] {dagbag.py:538} INFO - Filling up the DagBag from /home/airflow/.local/lib/python3.8/site-packages/airflow/example_dags/example_sensors.py
[2025-06-25T09:20:02.239+0000] {processor.py:840} INFO - DAG(s) 'example_sensors' retrieved from /home/airflow/.local/lib/python3.8/site-packages/airflow/example_dags/example_sensors.py
[2025-06-25T09:20:02.282+0000] {logging_mixin.py:188} INFO - [2025-06-25T09:20:02.281+0000] {dag.py:3036} INFO - Sync 1 DAGs
[2025-06-25T09:20:02.301+0000] {logging_mixin.py:188} INFO - [2025-06-25T09:20:02.300+0000] {dag.py:3823} INFO - Setting next_dagrun for example_sensors to None, run_after=None
[2025-06-25T09:20:02.328+0000] {processor.py:183} INFO - Processing /home/airflow/.local/lib/python3.8/site-packages/airflow/example_dags/example_sensors.py took 0.127 seconds
[2025-06-25T09:20:32.680+0000] {processor.py:161} INFO - Started process (PID=2171) to work on /home/airflow/.local/lib/python3.8/site-packages/airflow/example_dags/example_sensors.py
[2025-06-25T09:20:32.681+0000] {processor.py:830} INFO - Processing file /home/airflow/.local/lib/python3.8/site-packages/airflow/example_dags/example_sensors.py for tasks to queue
[2025-06-25T09:20:32.684+0000] {logging_mixin.py:188} INFO - [2025-06-25T09:20:32.683+0000] {dagbag.py:538} INFO - Filling up the DagBag from /home/airflow/.local/lib/python3.8/site-packages/airflow/example_dags/example_sensors.py
[2025-06-25T09:20:32.699+0000] {processor.py:840} INFO - DAG(s) 'example_sensors' retrieved from /home/airflow/.local/lib/python3.8/site-packages/airflow/example_dags/example_sensors.py
[2025-06-25T09:20:32.735+0000] {logging_mixin.py:188} INFO - [2025-06-25T09:20:32.735+0000] {dag.py:3036} INFO - Sync 1 DAGs
[2025-06-25T09:20:32.753+0000] {logging_mixin.py:188} INFO - [2025-06-25T09:20:32.753+0000] {dag.py:3823} INFO - Setting next_dagrun for example_sensors to None, run_after=None
[2025-06-25T09:20:32.777+0000] {processor.py:183} INFO - Processing /home/airflow/.local/lib/python3.8/site-packages/airflow/example_dags/example_sensors.py took 0.103 seconds
[2025-06-25T09:21:03.390+0000] {processor.py:161} INFO - Started process (PID=2236) to work on /home/airflow/.local/lib/python3.8/site-packages/airflow/example_dags/example_sensors.py
[2025-06-25T09:21:03.391+0000] {processor.py:830} INFO - Processing file /home/airflow/.local/lib/python3.8/site-packages/airflow/example_dags/example_sensors.py for tasks to queue
[2025-06-25T09:21:03.394+0000] {logging_mixin.py:188} INFO - [2025-06-25T09:21:03.393+0000] {dagbag.py:538} INFO - Filling up the DagBag from /home/airflow/.local/lib/python3.8/site-packages/airflow/example_dags/example_sensors.py
[2025-06-25T09:21:03.410+0000] {processor.py:840} INFO - DAG(s) 'example_sensors' retrieved from /home/airflow/.local/lib/python3.8/site-packages/airflow/example_dags/example_sensors.py
[2025-06-25T09:21:03.446+0000] {logging_mixin.py:188} INFO - [2025-06-25T09:21:03.446+0000] {dag.py:3036} INFO - Sync 1 DAGs
[2025-06-25T09:21:03.464+0000] {logging_mixin.py:188} INFO - [2025-06-25T09:21:03.464+0000] {dag.py:3823} INFO - Setting next_dagrun for example_sensors to None, run_after=None
[2025-06-25T09:21:03.489+0000] {processor.py:183} INFO - Processing /home/airflow/.local/lib/python3.8/site-packages/airflow/example_dags/example_sensors.py took 0.105 seconds
