[2025-06-25T09:04:13.797+0000] {processor.py:161} INFO - Started process (PID=101) to work on /home/airflow/.local/lib/python3.8/site-packages/airflow/example_dags/example_dag_decorator.py
[2025-06-25T09:04:13.798+0000] {processor.py:830} INFO - Processing file /home/airflow/.local/lib/python3.8/site-packages/airflow/example_dags/example_dag_decorator.py for tasks to queue
[2025-06-25T09:04:13.801+0000] {logging_mixin.py:188} INFO - [2025-06-25T09:04:13.800+0000] {dagbag.py:538} INFO - Filling up the DagBag from /home/airflow/.local/lib/python3.8/site-packages/airflow/example_dags/example_dag_decorator.py
[2025-06-25T09:04:14.069+0000] {processor.py:840} INFO - DAG(s) 'example_dag_decorator' retrieved from /home/airflow/.local/lib/python3.8/site-packages/airflow/example_dags/example_dag_decorator.py
[2025-06-25T09:04:14.256+0000] {logging_mixin.py:188} INFO - [2025-06-25T09:04:14.256+0000] {dag.py:3036} INFO - Sync 1 DAGs
[2025-06-25T09:04:14.272+0000] {logging_mixin.py:188} INFO - [2025-06-25T09:04:14.272+0000] {dag.py:3823} INFO - Setting next_dagrun for example_dag_decorator to None, run_after=None
[2025-06-25T09:04:14.302+0000] {processor.py:183} INFO - Processing /home/airflow/.local/lib/python3.8/site-packages/airflow/example_dags/example_dag_decorator.py took 0.511 seconds
[2025-06-25T09:04:44.738+0000] {processor.py:161} INFO - Started process (PID=165) to work on /home/airflow/.local/lib/python3.8/site-packages/airflow/example_dags/example_dag_decorator.py
[2025-06-25T09:04:44.739+0000] {processor.py:830} INFO - Processing file /home/airflow/.local/lib/python3.8/site-packages/airflow/example_dags/example_dag_decorator.py for tasks to queue
[2025-06-25T09:04:44.743+0000] {logging_mixin.py:188} INFO - [2025-06-25T09:04:44.743+0000] {dagbag.py:538} INFO - Filling up the DagBag from /home/airflow/.local/lib/python3.8/site-packages/airflow/example_dags/example_dag_decorator.py
[2025-06-25T09:04:44.912+0000] {processor.py:840} INFO - DAG(s) 'example_dag_decorator' retrieved from /home/airflow/.local/lib/python3.8/site-packages/airflow/example_dags/example_dag_decorator.py
[2025-06-25T09:04:45.076+0000] {logging_mixin.py:188} INFO - [2025-06-25T09:04:45.076+0000] {dag.py:3036} INFO - Sync 1 DAGs
[2025-06-25T09:04:45.092+0000] {logging_mixin.py:188} INFO - [2025-06-25T09:04:45.092+0000] {dag.py:3823} INFO - Setting next_dagrun for example_dag_decorator to None, run_after=None
[2025-06-25T09:04:45.117+0000] {processor.py:183} INFO - Processing /home/airflow/.local/lib/python3.8/site-packages/airflow/example_dags/example_dag_decorator.py took 0.391 seconds
[2025-06-25T09:05:15.176+0000] {processor.py:161} INFO - Started process (PID=231) to work on /home/airflow/.local/lib/python3.8/site-packages/airflow/example_dags/example_dag_decorator.py
[2025-06-25T09:05:15.178+0000] {processor.py:830} INFO - Processing file /home/airflow/.local/lib/python3.8/site-packages/airflow/example_dags/example_dag_decorator.py for tasks to queue
[2025-06-25T09:05:15.181+0000] {logging_mixin.py:188} INFO - [2025-06-25T09:05:15.181+0000] {dagbag.py:538} INFO - Filling up the DagBag from /home/airflow/.local/lib/python3.8/site-packages/airflow/example_dags/example_dag_decorator.py
[2025-06-25T09:05:15.362+0000] {processor.py:840} INFO - DAG(s) 'example_dag_decorator' retrieved from /home/airflow/.local/lib/python3.8/site-packages/airflow/example_dags/example_dag_decorator.py
[2025-06-25T09:05:15.538+0000] {logging_mixin.py:188} INFO - [2025-06-25T09:05:15.537+0000] {dag.py:3036} INFO - Sync 1 DAGs
[2025-06-25T09:05:15.555+0000] {logging_mixin.py:188} INFO - [2025-06-25T09:05:15.554+0000] {dag.py:3823} INFO - Setting next_dagrun for example_dag_decorator to None, run_after=None
[2025-06-25T09:05:15.582+0000] {processor.py:183} INFO - Processing /home/airflow/.local/lib/python3.8/site-packages/airflow/example_dags/example_dag_decorator.py took 0.411 seconds
[2025-06-25T09:05:46.242+0000] {processor.py:161} INFO - Started process (PID=297) to work on /home/airflow/.local/lib/python3.8/site-packages/airflow/example_dags/example_dag_decorator.py
[2025-06-25T09:05:46.244+0000] {processor.py:830} INFO - Processing file /home/airflow/.local/lib/python3.8/site-packages/airflow/example_dags/example_dag_decorator.py for tasks to queue
[2025-06-25T09:05:46.246+0000] {logging_mixin.py:188} INFO - [2025-06-25T09:05:46.245+0000] {dagbag.py:538} INFO - Filling up the DagBag from /home/airflow/.local/lib/python3.8/site-packages/airflow/example_dags/example_dag_decorator.py
[2025-06-25T09:05:46.430+0000] {processor.py:840} INFO - DAG(s) 'example_dag_decorator' retrieved from /home/airflow/.local/lib/python3.8/site-packages/airflow/example_dags/example_dag_decorator.py
[2025-06-25T09:05:46.632+0000] {logging_mixin.py:188} INFO - [2025-06-25T09:05:46.632+0000] {dag.py:3036} INFO - Sync 1 DAGs
[2025-06-25T09:05:46.651+0000] {logging_mixin.py:188} INFO - [2025-06-25T09:05:46.651+0000] {dag.py:3823} INFO - Setting next_dagrun for example_dag_decorator to None, run_after=None
[2025-06-25T09:05:46.681+0000] {processor.py:183} INFO - Processing /home/airflow/.local/lib/python3.8/site-packages/airflow/example_dags/example_dag_decorator.py took 0.444 seconds
[2025-06-25T09:06:17.034+0000] {processor.py:161} INFO - Started process (PID=363) to work on /home/airflow/.local/lib/python3.8/site-packages/airflow/example_dags/example_dag_decorator.py
[2025-06-25T09:06:17.036+0000] {processor.py:830} INFO - Processing file /home/airflow/.local/lib/python3.8/site-packages/airflow/example_dags/example_dag_decorator.py for tasks to queue
[2025-06-25T09:06:17.038+0000] {logging_mixin.py:188} INFO - [2025-06-25T09:06:17.038+0000] {dagbag.py:538} INFO - Filling up the DagBag from /home/airflow/.local/lib/python3.8/site-packages/airflow/example_dags/example_dag_decorator.py
[2025-06-25T09:06:17.200+0000] {processor.py:840} INFO - DAG(s) 'example_dag_decorator' retrieved from /home/airflow/.local/lib/python3.8/site-packages/airflow/example_dags/example_dag_decorator.py
[2025-06-25T09:06:17.244+0000] {logging_mixin.py:188} INFO - [2025-06-25T09:06:17.244+0000] {dag.py:3036} INFO - Sync 1 DAGs
[2025-06-25T09:06:17.268+0000] {logging_mixin.py:188} INFO - [2025-06-25T09:06:17.268+0000] {dag.py:3823} INFO - Setting next_dagrun for example_dag_decorator to None, run_after=None
[2025-06-25T09:06:17.297+0000] {processor.py:183} INFO - Processing /home/airflow/.local/lib/python3.8/site-packages/airflow/example_dags/example_dag_decorator.py took 0.268 seconds
[2025-06-25T09:06:47.429+0000] {processor.py:161} INFO - Started process (PID=428) to work on /home/airflow/.local/lib/python3.8/site-packages/airflow/example_dags/example_dag_decorator.py
[2025-06-25T09:06:47.430+0000] {processor.py:830} INFO - Processing file /home/airflow/.local/lib/python3.8/site-packages/airflow/example_dags/example_dag_decorator.py for tasks to queue
[2025-06-25T09:06:47.432+0000] {logging_mixin.py:188} INFO - [2025-06-25T09:06:47.432+0000] {dagbag.py:538} INFO - Filling up the DagBag from /home/airflow/.local/lib/python3.8/site-packages/airflow/example_dags/example_dag_decorator.py
[2025-06-25T09:06:47.583+0000] {processor.py:840} INFO - DAG(s) 'example_dag_decorator' retrieved from /home/airflow/.local/lib/python3.8/site-packages/airflow/example_dags/example_dag_decorator.py
[2025-06-25T09:06:47.790+0000] {logging_mixin.py:188} INFO - [2025-06-25T09:06:47.789+0000] {dag.py:3036} INFO - Sync 1 DAGs
[2025-06-25T09:06:47.809+0000] {logging_mixin.py:188} INFO - [2025-06-25T09:06:47.808+0000] {dag.py:3823} INFO - Setting next_dagrun for example_dag_decorator to None, run_after=None
[2025-06-25T09:06:47.854+0000] {processor.py:183} INFO - Processing /home/airflow/.local/lib/python3.8/site-packages/airflow/example_dags/example_dag_decorator.py took 0.430 seconds
[2025-06-25T09:07:17.974+0000] {processor.py:161} INFO - Started process (PID=503) to work on /home/airflow/.local/lib/python3.8/site-packages/airflow/example_dags/example_dag_decorator.py
[2025-06-25T09:07:17.976+0000] {processor.py:830} INFO - Processing file /home/airflow/.local/lib/python3.8/site-packages/airflow/example_dags/example_dag_decorator.py for tasks to queue
[2025-06-25T09:07:17.979+0000] {logging_mixin.py:188} INFO - [2025-06-25T09:07:17.978+0000] {dagbag.py:538} INFO - Filling up the DagBag from /home/airflow/.local/lib/python3.8/site-packages/airflow/example_dags/example_dag_decorator.py
[2025-06-25T09:07:18.146+0000] {processor.py:840} INFO - DAG(s) 'example_dag_decorator' retrieved from /home/airflow/.local/lib/python3.8/site-packages/airflow/example_dags/example_dag_decorator.py
[2025-06-25T09:07:18.327+0000] {logging_mixin.py:188} INFO - [2025-06-25T09:07:18.327+0000] {dag.py:3036} INFO - Sync 1 DAGs
[2025-06-25T09:07:18.342+0000] {logging_mixin.py:188} INFO - [2025-06-25T09:07:18.342+0000] {dag.py:3823} INFO - Setting next_dagrun for example_dag_decorator to None, run_after=None
[2025-06-25T09:07:18.368+0000] {processor.py:183} INFO - Processing /home/airflow/.local/lib/python3.8/site-packages/airflow/example_dags/example_dag_decorator.py took 0.400 seconds
[2025-06-25T09:07:48.587+0000] {processor.py:161} INFO - Started process (PID=568) to work on /home/airflow/.local/lib/python3.8/site-packages/airflow/example_dags/example_dag_decorator.py
[2025-06-25T09:07:48.589+0000] {processor.py:830} INFO - Processing file /home/airflow/.local/lib/python3.8/site-packages/airflow/example_dags/example_dag_decorator.py for tasks to queue
[2025-06-25T09:07:48.592+0000] {logging_mixin.py:188} INFO - [2025-06-25T09:07:48.591+0000] {dagbag.py:538} INFO - Filling up the DagBag from /home/airflow/.local/lib/python3.8/site-packages/airflow/example_dags/example_dag_decorator.py
[2025-06-25T09:07:48.755+0000] {processor.py:840} INFO - DAG(s) 'example_dag_decorator' retrieved from /home/airflow/.local/lib/python3.8/site-packages/airflow/example_dags/example_dag_decorator.py
[2025-06-25T09:07:48.942+0000] {logging_mixin.py:188} INFO - [2025-06-25T09:07:48.941+0000] {dag.py:3036} INFO - Sync 1 DAGs
[2025-06-25T09:07:48.963+0000] {logging_mixin.py:188} INFO - [2025-06-25T09:07:48.962+0000] {dag.py:3823} INFO - Setting next_dagrun for example_dag_decorator to None, run_after=None
[2025-06-25T09:07:48.999+0000] {processor.py:183} INFO - Processing /home/airflow/.local/lib/python3.8/site-packages/airflow/example_dags/example_dag_decorator.py took 0.419 seconds
[2025-06-25T09:08:19.423+0000] {processor.py:161} INFO - Started process (PID=634) to work on /home/airflow/.local/lib/python3.8/site-packages/airflow/example_dags/example_dag_decorator.py
[2025-06-25T09:08:19.424+0000] {processor.py:830} INFO - Processing file /home/airflow/.local/lib/python3.8/site-packages/airflow/example_dags/example_dag_decorator.py for tasks to queue
[2025-06-25T09:08:19.427+0000] {logging_mixin.py:188} INFO - [2025-06-25T09:08:19.426+0000] {dagbag.py:538} INFO - Filling up the DagBag from /home/airflow/.local/lib/python3.8/site-packages/airflow/example_dags/example_dag_decorator.py
[2025-06-25T09:08:19.600+0000] {processor.py:840} INFO - DAG(s) 'example_dag_decorator' retrieved from /home/airflow/.local/lib/python3.8/site-packages/airflow/example_dags/example_dag_decorator.py
[2025-06-25T09:08:19.774+0000] {logging_mixin.py:188} INFO - [2025-06-25T09:08:19.773+0000] {dag.py:3036} INFO - Sync 1 DAGs
[2025-06-25T09:08:19.792+0000] {logging_mixin.py:188} INFO - [2025-06-25T09:08:19.792+0000] {dag.py:3823} INFO - Setting next_dagrun for example_dag_decorator to None, run_after=None
[2025-06-25T09:08:19.818+0000] {processor.py:183} INFO - Processing /home/airflow/.local/lib/python3.8/site-packages/airflow/example_dags/example_dag_decorator.py took 0.400 seconds
[2025-06-25T09:08:50.120+0000] {processor.py:161} INFO - Started process (PID=698) to work on /home/airflow/.local/lib/python3.8/site-packages/airflow/example_dags/example_dag_decorator.py
[2025-06-25T09:08:50.122+0000] {processor.py:830} INFO - Processing file /home/airflow/.local/lib/python3.8/site-packages/airflow/example_dags/example_dag_decorator.py for tasks to queue
[2025-06-25T09:08:50.125+0000] {logging_mixin.py:188} INFO - [2025-06-25T09:08:50.124+0000] {dagbag.py:538} INFO - Filling up the DagBag from /home/airflow/.local/lib/python3.8/site-packages/airflow/example_dags/example_dag_decorator.py
[2025-06-25T09:08:50.276+0000] {processor.py:840} INFO - DAG(s) 'example_dag_decorator' retrieved from /home/airflow/.local/lib/python3.8/site-packages/airflow/example_dags/example_dag_decorator.py
[2025-06-25T09:08:50.473+0000] {logging_mixin.py:188} INFO - [2025-06-25T09:08:50.473+0000] {dag.py:3036} INFO - Sync 1 DAGs
[2025-06-25T09:08:50.494+0000] {logging_mixin.py:188} INFO - [2025-06-25T09:08:50.494+0000] {dag.py:3823} INFO - Setting next_dagrun for example_dag_decorator to None, run_after=None
[2025-06-25T09:08:50.532+0000] {processor.py:183} INFO - Processing /home/airflow/.local/lib/python3.8/site-packages/airflow/example_dags/example_dag_decorator.py took 0.416 seconds
[2025-06-25T09:09:20.695+0000] {processor.py:161} INFO - Started process (PID=765) to work on /home/airflow/.local/lib/python3.8/site-packages/airflow/example_dags/example_dag_decorator.py
[2025-06-25T09:09:20.697+0000] {processor.py:830} INFO - Processing file /home/airflow/.local/lib/python3.8/site-packages/airflow/example_dags/example_dag_decorator.py for tasks to queue
[2025-06-25T09:09:20.700+0000] {logging_mixin.py:188} INFO - [2025-06-25T09:09:20.700+0000] {dagbag.py:538} INFO - Filling up the DagBag from /home/airflow/.local/lib/python3.8/site-packages/airflow/example_dags/example_dag_decorator.py
[2025-06-25T09:09:20.883+0000] {processor.py:840} INFO - DAG(s) 'example_dag_decorator' retrieved from /home/airflow/.local/lib/python3.8/site-packages/airflow/example_dags/example_dag_decorator.py
[2025-06-25T09:09:21.056+0000] {logging_mixin.py:188} INFO - [2025-06-25T09:09:21.056+0000] {dag.py:3036} INFO - Sync 1 DAGs
[2025-06-25T09:09:21.074+0000] {logging_mixin.py:188} INFO - [2025-06-25T09:09:21.073+0000] {dag.py:3823} INFO - Setting next_dagrun for example_dag_decorator to None, run_after=None
[2025-06-25T09:09:21.106+0000] {processor.py:183} INFO - Processing /home/airflow/.local/lib/python3.8/site-packages/airflow/example_dags/example_dag_decorator.py took 0.416 seconds
[2025-06-25T09:09:51.412+0000] {processor.py:161} INFO - Started process (PID=826) to work on /home/airflow/.local/lib/python3.8/site-packages/airflow/example_dags/example_dag_decorator.py
[2025-06-25T09:09:51.414+0000] {processor.py:830} INFO - Processing file /home/airflow/.local/lib/python3.8/site-packages/airflow/example_dags/example_dag_decorator.py for tasks to queue
[2025-06-25T09:09:51.416+0000] {logging_mixin.py:188} INFO - [2025-06-25T09:09:51.416+0000] {dagbag.py:538} INFO - Filling up the DagBag from /home/airflow/.local/lib/python3.8/site-packages/airflow/example_dags/example_dag_decorator.py
[2025-06-25T09:09:51.592+0000] {processor.py:840} INFO - DAG(s) 'example_dag_decorator' retrieved from /home/airflow/.local/lib/python3.8/site-packages/airflow/example_dags/example_dag_decorator.py
[2025-06-25T09:09:51.813+0000] {logging_mixin.py:188} INFO - [2025-06-25T09:09:51.813+0000] {dag.py:3036} INFO - Sync 1 DAGs
[2025-06-25T09:09:51.830+0000] {logging_mixin.py:188} INFO - [2025-06-25T09:09:51.830+0000] {dag.py:3823} INFO - Setting next_dagrun for example_dag_decorator to None, run_after=None
[2025-06-25T09:09:51.867+0000] {processor.py:183} INFO - Processing /home/airflow/.local/lib/python3.8/site-packages/airflow/example_dags/example_dag_decorator.py took 0.460 seconds
[2025-06-25T09:10:22.661+0000] {processor.py:161} INFO - Started process (PID=891) to work on /home/airflow/.local/lib/python3.8/site-packages/airflow/example_dags/example_dag_decorator.py
[2025-06-25T09:10:22.664+0000] {processor.py:830} INFO - Processing file /home/airflow/.local/lib/python3.8/site-packages/airflow/example_dags/example_dag_decorator.py for tasks to queue
[2025-06-25T09:10:22.667+0000] {logging_mixin.py:188} INFO - [2025-06-25T09:10:22.666+0000] {dagbag.py:538} INFO - Filling up the DagBag from /home/airflow/.local/lib/python3.8/site-packages/airflow/example_dags/example_dag_decorator.py
[2025-06-25T09:10:22.880+0000] {processor.py:840} INFO - DAG(s) 'example_dag_decorator' retrieved from /home/airflow/.local/lib/python3.8/site-packages/airflow/example_dags/example_dag_decorator.py
[2025-06-25T09:10:23.107+0000] {logging_mixin.py:188} INFO - [2025-06-25T09:10:23.106+0000] {dag.py:3036} INFO - Sync 1 DAGs
[2025-06-25T09:10:23.128+0000] {logging_mixin.py:188} INFO - [2025-06-25T09:10:23.127+0000] {dag.py:3823} INFO - Setting next_dagrun for example_dag_decorator to None, run_after=None
[2025-06-25T09:10:23.169+0000] {processor.py:183} INFO - Processing /home/airflow/.local/lib/python3.8/site-packages/airflow/example_dags/example_dag_decorator.py took 0.515 seconds
[2025-06-25T09:10:53.666+0000] {processor.py:161} INFO - Started process (PID=957) to work on /home/airflow/.local/lib/python3.8/site-packages/airflow/example_dags/example_dag_decorator.py
[2025-06-25T09:10:53.667+0000] {processor.py:830} INFO - Processing file /home/airflow/.local/lib/python3.8/site-packages/airflow/example_dags/example_dag_decorator.py for tasks to queue
[2025-06-25T09:10:53.670+0000] {logging_mixin.py:188} INFO - [2025-06-25T09:10:53.669+0000] {dagbag.py:538} INFO - Filling up the DagBag from /home/airflow/.local/lib/python3.8/site-packages/airflow/example_dags/example_dag_decorator.py
[2025-06-25T09:10:53.840+0000] {processor.py:840} INFO - DAG(s) 'example_dag_decorator' retrieved from /home/airflow/.local/lib/python3.8/site-packages/airflow/example_dags/example_dag_decorator.py
[2025-06-25T09:10:54.064+0000] {logging_mixin.py:188} INFO - [2025-06-25T09:10:54.063+0000] {dag.py:3036} INFO - Sync 1 DAGs
[2025-06-25T09:10:54.082+0000] {logging_mixin.py:188} INFO - [2025-06-25T09:10:54.082+0000] {dag.py:3823} INFO - Setting next_dagrun for example_dag_decorator to None, run_after=None
[2025-06-25T09:10:54.118+0000] {processor.py:183} INFO - Processing /home/airflow/.local/lib/python3.8/site-packages/airflow/example_dags/example_dag_decorator.py took 0.458 seconds
[2025-06-25T09:11:24.806+0000] {processor.py:161} INFO - Started process (PID=1023) to work on /home/airflow/.local/lib/python3.8/site-packages/airflow/example_dags/example_dag_decorator.py
[2025-06-25T09:11:24.808+0000] {processor.py:830} INFO - Processing file /home/airflow/.local/lib/python3.8/site-packages/airflow/example_dags/example_dag_decorator.py for tasks to queue
[2025-06-25T09:11:24.811+0000] {logging_mixin.py:188} INFO - [2025-06-25T09:11:24.811+0000] {dagbag.py:538} INFO - Filling up the DagBag from /home/airflow/.local/lib/python3.8/site-packages/airflow/example_dags/example_dag_decorator.py
[2025-06-25T09:11:25.008+0000] {processor.py:840} INFO - DAG(s) 'example_dag_decorator' retrieved from /home/airflow/.local/lib/python3.8/site-packages/airflow/example_dags/example_dag_decorator.py
[2025-06-25T09:11:25.295+0000] {logging_mixin.py:188} INFO - [2025-06-25T09:11:25.295+0000] {dag.py:3036} INFO - Sync 1 DAGs
[2025-06-25T09:11:25.331+0000] {logging_mixin.py:188} INFO - [2025-06-25T09:11:25.331+0000] {dag.py:3823} INFO - Setting next_dagrun for example_dag_decorator to None, run_after=None
[2025-06-25T09:11:25.445+0000] {processor.py:183} INFO - Processing /home/airflow/.local/lib/python3.8/site-packages/airflow/example_dags/example_dag_decorator.py took 0.653 seconds
[2025-06-25T09:11:55.590+0000] {processor.py:161} INFO - Started process (PID=1090) to work on /home/airflow/.local/lib/python3.8/site-packages/airflow/example_dags/example_dag_decorator.py
[2025-06-25T09:11:55.591+0000] {processor.py:830} INFO - Processing file /home/airflow/.local/lib/python3.8/site-packages/airflow/example_dags/example_dag_decorator.py for tasks to queue
[2025-06-25T09:11:55.594+0000] {logging_mixin.py:188} INFO - [2025-06-25T09:11:55.594+0000] {dagbag.py:538} INFO - Filling up the DagBag from /home/airflow/.local/lib/python3.8/site-packages/airflow/example_dags/example_dag_decorator.py
[2025-06-25T09:11:55.764+0000] {processor.py:840} INFO - DAG(s) 'example_dag_decorator' retrieved from /home/airflow/.local/lib/python3.8/site-packages/airflow/example_dags/example_dag_decorator.py
[2025-06-25T09:11:55.989+0000] {logging_mixin.py:188} INFO - [2025-06-25T09:11:55.989+0000] {dag.py:3036} INFO - Sync 1 DAGs
[2025-06-25T09:11:56.009+0000] {logging_mixin.py:188} INFO - [2025-06-25T09:11:56.008+0000] {dag.py:3823} INFO - Setting next_dagrun for example_dag_decorator to None, run_after=None
[2025-06-25T09:11:56.048+0000] {processor.py:183} INFO - Processing /home/airflow/.local/lib/python3.8/site-packages/airflow/example_dags/example_dag_decorator.py took 0.463 seconds
[2025-06-25T09:12:26.323+0000] {processor.py:161} INFO - Started process (PID=1154) to work on /home/airflow/.local/lib/python3.8/site-packages/airflow/example_dags/example_dag_decorator.py
[2025-06-25T09:12:26.325+0000] {processor.py:830} INFO - Processing file /home/airflow/.local/lib/python3.8/site-packages/airflow/example_dags/example_dag_decorator.py for tasks to queue
[2025-06-25T09:12:26.330+0000] {logging_mixin.py:188} INFO - [2025-06-25T09:12:26.330+0000] {dagbag.py:538} INFO - Filling up the DagBag from /home/airflow/.local/lib/python3.8/site-packages/airflow/example_dags/example_dag_decorator.py
[2025-06-25T09:12:26.537+0000] {processor.py:840} INFO - DAG(s) 'example_dag_decorator' retrieved from /home/airflow/.local/lib/python3.8/site-packages/airflow/example_dags/example_dag_decorator.py
[2025-06-25T09:12:26.778+0000] {logging_mixin.py:188} INFO - [2025-06-25T09:12:26.777+0000] {dag.py:3036} INFO - Sync 1 DAGs
[2025-06-25T09:12:26.801+0000] {logging_mixin.py:188} INFO - [2025-06-25T09:12:26.800+0000] {dag.py:3823} INFO - Setting next_dagrun for example_dag_decorator to None, run_after=None
[2025-06-25T09:12:26.844+0000] {processor.py:183} INFO - Processing /home/airflow/.local/lib/python3.8/site-packages/airflow/example_dags/example_dag_decorator.py took 0.527 seconds
[2025-06-25T09:12:56.922+0000] {processor.py:161} INFO - Started process (PID=1221) to work on /home/airflow/.local/lib/python3.8/site-packages/airflow/example_dags/example_dag_decorator.py
[2025-06-25T09:12:56.924+0000] {processor.py:830} INFO - Processing file /home/airflow/.local/lib/python3.8/site-packages/airflow/example_dags/example_dag_decorator.py for tasks to queue
[2025-06-25T09:12:56.929+0000] {logging_mixin.py:188} INFO - [2025-06-25T09:12:56.928+0000] {dagbag.py:538} INFO - Filling up the DagBag from /home/airflow/.local/lib/python3.8/site-packages/airflow/example_dags/example_dag_decorator.py
[2025-06-25T09:12:57.173+0000] {processor.py:840} INFO - DAG(s) 'example_dag_decorator' retrieved from /home/airflow/.local/lib/python3.8/site-packages/airflow/example_dags/example_dag_decorator.py
[2025-06-25T09:12:57.491+0000] {logging_mixin.py:188} INFO - [2025-06-25T09:12:57.490+0000] {dag.py:3036} INFO - Sync 1 DAGs
[2025-06-25T09:12:57.515+0000] {logging_mixin.py:188} INFO - [2025-06-25T09:12:57.515+0000] {dag.py:3823} INFO - Setting next_dagrun for example_dag_decorator to None, run_after=None
[2025-06-25T09:12:57.561+0000] {processor.py:183} INFO - Processing /home/airflow/.local/lib/python3.8/site-packages/airflow/example_dags/example_dag_decorator.py took 0.647 seconds
[2025-06-25T09:13:27.633+0000] {processor.py:161} INFO - Started process (PID=1287) to work on /home/airflow/.local/lib/python3.8/site-packages/airflow/example_dags/example_dag_decorator.py
[2025-06-25T09:13:27.635+0000] {processor.py:830} INFO - Processing file /home/airflow/.local/lib/python3.8/site-packages/airflow/example_dags/example_dag_decorator.py for tasks to queue
[2025-06-25T09:13:27.638+0000] {logging_mixin.py:188} INFO - [2025-06-25T09:13:27.637+0000] {dagbag.py:538} INFO - Filling up the DagBag from /home/airflow/.local/lib/python3.8/site-packages/airflow/example_dags/example_dag_decorator.py
[2025-06-25T09:13:27.810+0000] {processor.py:840} INFO - DAG(s) 'example_dag_decorator' retrieved from /home/airflow/.local/lib/python3.8/site-packages/airflow/example_dags/example_dag_decorator.py
[2025-06-25T09:13:27.999+0000] {logging_mixin.py:188} INFO - [2025-06-25T09:13:27.998+0000] {dag.py:3036} INFO - Sync 1 DAGs
[2025-06-25T09:13:28.021+0000] {logging_mixin.py:188} INFO - [2025-06-25T09:13:28.020+0000] {dag.py:3823} INFO - Setting next_dagrun for example_dag_decorator to None, run_after=None
[2025-06-25T09:13:28.056+0000] {processor.py:183} INFO - Processing /home/airflow/.local/lib/python3.8/site-packages/airflow/example_dags/example_dag_decorator.py took 0.428 seconds
[2025-06-25T09:13:58.633+0000] {processor.py:161} INFO - Started process (PID=1350) to work on /home/airflow/.local/lib/python3.8/site-packages/airflow/example_dags/example_dag_decorator.py
[2025-06-25T09:13:58.636+0000] {processor.py:830} INFO - Processing file /home/airflow/.local/lib/python3.8/site-packages/airflow/example_dags/example_dag_decorator.py for tasks to queue
[2025-06-25T09:13:58.640+0000] {logging_mixin.py:188} INFO - [2025-06-25T09:13:58.639+0000] {dagbag.py:538} INFO - Filling up the DagBag from /home/airflow/.local/lib/python3.8/site-packages/airflow/example_dags/example_dag_decorator.py
[2025-06-25T09:13:58.875+0000] {processor.py:840} INFO - DAG(s) 'example_dag_decorator' retrieved from /home/airflow/.local/lib/python3.8/site-packages/airflow/example_dags/example_dag_decorator.py
[2025-06-25T09:13:59.212+0000] {logging_mixin.py:188} INFO - [2025-06-25T09:13:59.212+0000] {dag.py:3036} INFO - Sync 1 DAGs
[2025-06-25T09:13:59.263+0000] {logging_mixin.py:188} INFO - [2025-06-25T09:13:59.262+0000] {dag.py:3823} INFO - Setting next_dagrun for example_dag_decorator to None, run_after=None
[2025-06-25T09:13:59.310+0000] {processor.py:183} INFO - Processing /home/airflow/.local/lib/python3.8/site-packages/airflow/example_dags/example_dag_decorator.py took 0.684 seconds
[2025-06-25T09:14:29.697+0000] {processor.py:161} INFO - Started process (PID=1415) to work on /home/airflow/.local/lib/python3.8/site-packages/airflow/example_dags/example_dag_decorator.py
[2025-06-25T09:14:29.700+0000] {processor.py:830} INFO - Processing file /home/airflow/.local/lib/python3.8/site-packages/airflow/example_dags/example_dag_decorator.py for tasks to queue
[2025-06-25T09:14:29.704+0000] {logging_mixin.py:188} INFO - [2025-06-25T09:14:29.703+0000] {dagbag.py:538} INFO - Filling up the DagBag from /home/airflow/.local/lib/python3.8/site-packages/airflow/example_dags/example_dag_decorator.py
[2025-06-25T09:14:29.993+0000] {processor.py:840} INFO - DAG(s) 'example_dag_decorator' retrieved from /home/airflow/.local/lib/python3.8/site-packages/airflow/example_dags/example_dag_decorator.py
[2025-06-25T09:14:30.206+0000] {logging_mixin.py:188} INFO - [2025-06-25T09:14:30.206+0000] {dag.py:3036} INFO - Sync 1 DAGs
[2025-06-25T09:14:30.227+0000] {logging_mixin.py:188} INFO - [2025-06-25T09:14:30.227+0000] {dag.py:3823} INFO - Setting next_dagrun for example_dag_decorator to None, run_after=None
[2025-06-25T09:14:30.268+0000] {processor.py:183} INFO - Processing /home/airflow/.local/lib/python3.8/site-packages/airflow/example_dags/example_dag_decorator.py took 0.577 seconds
[2025-06-25T09:15:00.636+0000] {processor.py:161} INFO - Started process (PID=1480) to work on /home/airflow/.local/lib/python3.8/site-packages/airflow/example_dags/example_dag_decorator.py
[2025-06-25T09:15:00.637+0000] {processor.py:830} INFO - Processing file /home/airflow/.local/lib/python3.8/site-packages/airflow/example_dags/example_dag_decorator.py for tasks to queue
[2025-06-25T09:15:00.656+0000] {logging_mixin.py:188} INFO - [2025-06-25T09:15:00.655+0000] {dagbag.py:538} INFO - Filling up the DagBag from /home/airflow/.local/lib/python3.8/site-packages/airflow/example_dags/example_dag_decorator.py
[2025-06-25T09:15:00.997+0000] {processor.py:840} INFO - DAG(s) 'example_dag_decorator' retrieved from /home/airflow/.local/lib/python3.8/site-packages/airflow/example_dags/example_dag_decorator.py
[2025-06-25T09:15:01.490+0000] {logging_mixin.py:188} INFO - [2025-06-25T09:15:01.489+0000] {dag.py:3036} INFO - Sync 1 DAGs
[2025-06-25T09:15:01.520+0000] {logging_mixin.py:188} INFO - [2025-06-25T09:15:01.520+0000] {dag.py:3823} INFO - Setting next_dagrun for example_dag_decorator to None, run_after=None
[2025-06-25T09:15:01.577+0000] {processor.py:183} INFO - Processing /home/airflow/.local/lib/python3.8/site-packages/airflow/example_dags/example_dag_decorator.py took 0.948 seconds
[2025-06-25T09:15:31.670+0000] {processor.py:161} INFO - Started process (PID=1545) to work on /home/airflow/.local/lib/python3.8/site-packages/airflow/example_dags/example_dag_decorator.py
[2025-06-25T09:15:31.673+0000] {processor.py:830} INFO - Processing file /home/airflow/.local/lib/python3.8/site-packages/airflow/example_dags/example_dag_decorator.py for tasks to queue
[2025-06-25T09:15:31.676+0000] {logging_mixin.py:188} INFO - [2025-06-25T09:15:31.676+0000] {dagbag.py:538} INFO - Filling up the DagBag from /home/airflow/.local/lib/python3.8/site-packages/airflow/example_dags/example_dag_decorator.py
[2025-06-25T09:15:31.888+0000] {processor.py:840} INFO - DAG(s) 'example_dag_decorator' retrieved from /home/airflow/.local/lib/python3.8/site-packages/airflow/example_dags/example_dag_decorator.py
[2025-06-25T09:15:32.161+0000] {logging_mixin.py:188} INFO - [2025-06-25T09:15:32.160+0000] {dag.py:3036} INFO - Sync 1 DAGs
[2025-06-25T09:15:32.189+0000] {logging_mixin.py:188} INFO - [2025-06-25T09:15:32.188+0000] {dag.py:3823} INFO - Setting next_dagrun for example_dag_decorator to None, run_after=None
[2025-06-25T09:15:32.238+0000] {processor.py:183} INFO - Processing /home/airflow/.local/lib/python3.8/site-packages/airflow/example_dags/example_dag_decorator.py took 0.574 seconds
[2025-06-25T09:16:02.305+0000] {processor.py:161} INFO - Started process (PID=1604) to work on /home/airflow/.local/lib/python3.8/site-packages/airflow/example_dags/example_dag_decorator.py
[2025-06-25T09:16:02.307+0000] {processor.py:830} INFO - Processing file /home/airflow/.local/lib/python3.8/site-packages/airflow/example_dags/example_dag_decorator.py for tasks to queue
[2025-06-25T09:16:02.311+0000] {logging_mixin.py:188} INFO - [2025-06-25T09:16:02.310+0000] {dagbag.py:538} INFO - Filling up the DagBag from /home/airflow/.local/lib/python3.8/site-packages/airflow/example_dags/example_dag_decorator.py
[2025-06-25T09:16:02.520+0000] {processor.py:840} INFO - DAG(s) 'example_dag_decorator' retrieved from /home/airflow/.local/lib/python3.8/site-packages/airflow/example_dags/example_dag_decorator.py
[2025-06-25T09:16:02.739+0000] {logging_mixin.py:188} INFO - [2025-06-25T09:16:02.739+0000] {dag.py:3036} INFO - Sync 1 DAGs
[2025-06-25T09:16:02.758+0000] {logging_mixin.py:188} INFO - [2025-06-25T09:16:02.757+0000] {dag.py:3823} INFO - Setting next_dagrun for example_dag_decorator to None, run_after=None
[2025-06-25T09:16:02.796+0000] {processor.py:183} INFO - Processing /home/airflow/.local/lib/python3.8/site-packages/airflow/example_dags/example_dag_decorator.py took 0.497 seconds
[2025-06-25T09:16:32.925+0000] {processor.py:161} INFO - Started process (PID=1668) to work on /home/airflow/.local/lib/python3.8/site-packages/airflow/example_dags/example_dag_decorator.py
[2025-06-25T09:16:32.927+0000] {processor.py:830} INFO - Processing file /home/airflow/.local/lib/python3.8/site-packages/airflow/example_dags/example_dag_decorator.py for tasks to queue
[2025-06-25T09:16:32.930+0000] {logging_mixin.py:188} INFO - [2025-06-25T09:16:32.930+0000] {dagbag.py:538} INFO - Filling up the DagBag from /home/airflow/.local/lib/python3.8/site-packages/airflow/example_dags/example_dag_decorator.py
[2025-06-25T09:16:33.209+0000] {processor.py:840} INFO - DAG(s) 'example_dag_decorator' retrieved from /home/airflow/.local/lib/python3.8/site-packages/airflow/example_dags/example_dag_decorator.py
[2025-06-25T09:16:33.592+0000] {logging_mixin.py:188} INFO - [2025-06-25T09:16:33.591+0000] {dag.py:3036} INFO - Sync 1 DAGs
[2025-06-25T09:16:33.644+0000] {logging_mixin.py:188} INFO - [2025-06-25T09:16:33.644+0000] {dag.py:3823} INFO - Setting next_dagrun for example_dag_decorator to None, run_after=None
[2025-06-25T09:16:33.741+0000] {processor.py:183} INFO - Processing /home/airflow/.local/lib/python3.8/site-packages/airflow/example_dags/example_dag_decorator.py took 0.821 seconds
[2025-06-25T09:17:04.139+0000] {processor.py:161} INFO - Started process (PID=1733) to work on /home/airflow/.local/lib/python3.8/site-packages/airflow/example_dags/example_dag_decorator.py
[2025-06-25T09:17:04.141+0000] {processor.py:830} INFO - Processing file /home/airflow/.local/lib/python3.8/site-packages/airflow/example_dags/example_dag_decorator.py for tasks to queue
[2025-06-25T09:17:04.145+0000] {logging_mixin.py:188} INFO - [2025-06-25T09:17:04.144+0000] {dagbag.py:538} INFO - Filling up the DagBag from /home/airflow/.local/lib/python3.8/site-packages/airflow/example_dags/example_dag_decorator.py
[2025-06-25T09:17:04.351+0000] {processor.py:840} INFO - DAG(s) 'example_dag_decorator' retrieved from /home/airflow/.local/lib/python3.8/site-packages/airflow/example_dags/example_dag_decorator.py
[2025-06-25T09:17:04.595+0000] {logging_mixin.py:188} INFO - [2025-06-25T09:17:04.595+0000] {dag.py:3036} INFO - Sync 1 DAGs
[2025-06-25T09:17:04.618+0000] {logging_mixin.py:188} INFO - [2025-06-25T09:17:04.617+0000] {dag.py:3823} INFO - Setting next_dagrun for example_dag_decorator to None, run_after=None
[2025-06-25T09:17:04.674+0000] {processor.py:183} INFO - Processing /home/airflow/.local/lib/python3.8/site-packages/airflow/example_dags/example_dag_decorator.py took 0.542 seconds
[2025-06-25T09:17:35.301+0000] {processor.py:161} INFO - Started process (PID=1799) to work on /home/airflow/.local/lib/python3.8/site-packages/airflow/example_dags/example_dag_decorator.py
[2025-06-25T09:17:35.303+0000] {processor.py:830} INFO - Processing file /home/airflow/.local/lib/python3.8/site-packages/airflow/example_dags/example_dag_decorator.py for tasks to queue
[2025-06-25T09:17:35.307+0000] {logging_mixin.py:188} INFO - [2025-06-25T09:17:35.307+0000] {dagbag.py:538} INFO - Filling up the DagBag from /home/airflow/.local/lib/python3.8/site-packages/airflow/example_dags/example_dag_decorator.py
[2025-06-25T09:17:35.537+0000] {processor.py:840} INFO - DAG(s) 'example_dag_decorator' retrieved from /home/airflow/.local/lib/python3.8/site-packages/airflow/example_dags/example_dag_decorator.py
[2025-06-25T09:17:35.843+0000] {logging_mixin.py:188} INFO - [2025-06-25T09:17:35.842+0000] {dag.py:3036} INFO - Sync 1 DAGs
[2025-06-25T09:17:35.870+0000] {logging_mixin.py:188} INFO - [2025-06-25T09:17:35.870+0000] {dag.py:3823} INFO - Setting next_dagrun for example_dag_decorator to None, run_after=None
[2025-06-25T09:17:36.155+0000] {processor.py:183} INFO - Processing /home/airflow/.local/lib/python3.8/site-packages/airflow/example_dags/example_dag_decorator.py took 0.860 seconds
[2025-06-25T09:18:06.396+0000] {processor.py:161} INFO - Started process (PID=1866) to work on /home/airflow/.local/lib/python3.8/site-packages/airflow/example_dags/example_dag_decorator.py
[2025-06-25T09:18:06.399+0000] {processor.py:830} INFO - Processing file /home/airflow/.local/lib/python3.8/site-packages/airflow/example_dags/example_dag_decorator.py for tasks to queue
[2025-06-25T09:18:06.405+0000] {logging_mixin.py:188} INFO - [2025-06-25T09:18:06.404+0000] {dagbag.py:538} INFO - Filling up the DagBag from /home/airflow/.local/lib/python3.8/site-packages/airflow/example_dags/example_dag_decorator.py
[2025-06-25T09:18:06.668+0000] {processor.py:840} INFO - DAG(s) 'example_dag_decorator' retrieved from /home/airflow/.local/lib/python3.8/site-packages/airflow/example_dags/example_dag_decorator.py
[2025-06-25T09:18:06.901+0000] {logging_mixin.py:188} INFO - [2025-06-25T09:18:06.901+0000] {dag.py:3036} INFO - Sync 1 DAGs
[2025-06-25T09:18:06.925+0000] {logging_mixin.py:188} INFO - [2025-06-25T09:18:06.924+0000] {dag.py:3823} INFO - Setting next_dagrun for example_dag_decorator to None, run_after=None
[2025-06-25T09:18:06.965+0000] {processor.py:183} INFO - Processing /home/airflow/.local/lib/python3.8/site-packages/airflow/example_dags/example_dag_decorator.py took 0.579 seconds
[2025-06-25T09:18:37.145+0000] {processor.py:161} INFO - Started process (PID=1929) to work on /home/airflow/.local/lib/python3.8/site-packages/airflow/example_dags/example_dag_decorator.py
[2025-06-25T09:18:37.148+0000] {processor.py:830} INFO - Processing file /home/airflow/.local/lib/python3.8/site-packages/airflow/example_dags/example_dag_decorator.py for tasks to queue
[2025-06-25T09:18:37.152+0000] {logging_mixin.py:188} INFO - [2025-06-25T09:18:37.151+0000] {dagbag.py:538} INFO - Filling up the DagBag from /home/airflow/.local/lib/python3.8/site-packages/airflow/example_dags/example_dag_decorator.py
[2025-06-25T09:18:37.370+0000] {processor.py:840} INFO - DAG(s) 'example_dag_decorator' retrieved from /home/airflow/.local/lib/python3.8/site-packages/airflow/example_dags/example_dag_decorator.py
[2025-06-25T09:18:37.648+0000] {logging_mixin.py:188} INFO - [2025-06-25T09:18:37.647+0000] {dag.py:3036} INFO - Sync 1 DAGs
[2025-06-25T09:18:37.673+0000] {logging_mixin.py:188} INFO - [2025-06-25T09:18:37.672+0000] {dag.py:3823} INFO - Setting next_dagrun for example_dag_decorator to None, run_after=None
[2025-06-25T09:18:37.716+0000] {processor.py:183} INFO - Processing /home/airflow/.local/lib/python3.8/site-packages/airflow/example_dags/example_dag_decorator.py took 0.577 seconds
[2025-06-25T09:19:07.848+0000] {processor.py:161} INFO - Started process (PID=1994) to work on /home/airflow/.local/lib/python3.8/site-packages/airflow/example_dags/example_dag_decorator.py
[2025-06-25T09:19:07.850+0000] {processor.py:830} INFO - Processing file /home/airflow/.local/lib/python3.8/site-packages/airflow/example_dags/example_dag_decorator.py for tasks to queue
[2025-06-25T09:19:07.854+0000] {logging_mixin.py:188} INFO - [2025-06-25T09:19:07.853+0000] {dagbag.py:538} INFO - Filling up the DagBag from /home/airflow/.local/lib/python3.8/site-packages/airflow/example_dags/example_dag_decorator.py
[2025-06-25T09:19:08.090+0000] {processor.py:840} INFO - DAG(s) 'example_dag_decorator' retrieved from /home/airflow/.local/lib/python3.8/site-packages/airflow/example_dags/example_dag_decorator.py
[2025-06-25T09:19:08.363+0000] {logging_mixin.py:188} INFO - [2025-06-25T09:19:08.363+0000] {dag.py:3036} INFO - Sync 1 DAGs
[2025-06-25T09:19:08.385+0000] {logging_mixin.py:188} INFO - [2025-06-25T09:19:08.385+0000] {dag.py:3823} INFO - Setting next_dagrun for example_dag_decorator to None, run_after=None
[2025-06-25T09:19:08.433+0000] {processor.py:183} INFO - Processing /home/airflow/.local/lib/python3.8/site-packages/airflow/example_dags/example_dag_decorator.py took 0.592 seconds
[2025-06-25T09:19:38.624+0000] {processor.py:161} INFO - Started process (PID=2061) to work on /home/airflow/.local/lib/python3.8/site-packages/airflow/example_dags/example_dag_decorator.py
[2025-06-25T09:19:38.626+0000] {processor.py:830} INFO - Processing file /home/airflow/.local/lib/python3.8/site-packages/airflow/example_dags/example_dag_decorator.py for tasks to queue
[2025-06-25T09:19:38.629+0000] {logging_mixin.py:188} INFO - [2025-06-25T09:19:38.629+0000] {dagbag.py:538} INFO - Filling up the DagBag from /home/airflow/.local/lib/python3.8/site-packages/airflow/example_dags/example_dag_decorator.py
[2025-06-25T09:19:38.831+0000] {processor.py:840} INFO - DAG(s) 'example_dag_decorator' retrieved from /home/airflow/.local/lib/python3.8/site-packages/airflow/example_dags/example_dag_decorator.py
[2025-06-25T09:19:39.302+0000] {logging_mixin.py:188} INFO - [2025-06-25T09:19:39.302+0000] {dag.py:3036} INFO - Sync 1 DAGs
[2025-06-25T09:19:39.326+0000] {logging_mixin.py:188} INFO - [2025-06-25T09:19:39.326+0000] {dag.py:3823} INFO - Setting next_dagrun for example_dag_decorator to None, run_after=None
[2025-06-25T09:19:39.366+0000] {processor.py:183} INFO - Processing /home/airflow/.local/lib/python3.8/site-packages/airflow/example_dags/example_dag_decorator.py took 0.747 seconds
[2025-06-25T09:20:09.597+0000] {processor.py:161} INFO - Started process (PID=2125) to work on /home/airflow/.local/lib/python3.8/site-packages/airflow/example_dags/example_dag_decorator.py
[2025-06-25T09:20:09.599+0000] {processor.py:830} INFO - Processing file /home/airflow/.local/lib/python3.8/site-packages/airflow/example_dags/example_dag_decorator.py for tasks to queue
[2025-06-25T09:20:09.602+0000] {logging_mixin.py:188} INFO - [2025-06-25T09:20:09.602+0000] {dagbag.py:538} INFO - Filling up the DagBag from /home/airflow/.local/lib/python3.8/site-packages/airflow/example_dags/example_dag_decorator.py
[2025-06-25T09:20:09.777+0000] {processor.py:840} INFO - DAG(s) 'example_dag_decorator' retrieved from /home/airflow/.local/lib/python3.8/site-packages/airflow/example_dags/example_dag_decorator.py
[2025-06-25T09:20:09.818+0000] {logging_mixin.py:188} INFO - [2025-06-25T09:20:09.817+0000] {dag.py:3036} INFO - Sync 1 DAGs
[2025-06-25T09:20:09.840+0000] {logging_mixin.py:188} INFO - [2025-06-25T09:20:09.840+0000] {dag.py:3823} INFO - Setting next_dagrun for example_dag_decorator to None, run_after=None
[2025-06-25T09:20:09.871+0000] {processor.py:183} INFO - Processing /home/airflow/.local/lib/python3.8/site-packages/airflow/example_dags/example_dag_decorator.py took 0.279 seconds
[2025-06-25T09:20:40.631+0000] {processor.py:161} INFO - Started process (PID=2198) to work on /home/airflow/.local/lib/python3.8/site-packages/airflow/example_dags/example_dag_decorator.py
[2025-06-25T09:20:40.634+0000] {processor.py:830} INFO - Processing file /home/airflow/.local/lib/python3.8/site-packages/airflow/example_dags/example_dag_decorator.py for tasks to queue
[2025-06-25T09:20:40.637+0000] {logging_mixin.py:188} INFO - [2025-06-25T09:20:40.637+0000] {dagbag.py:538} INFO - Filling up the DagBag from /home/airflow/.local/lib/python3.8/site-packages/airflow/example_dags/example_dag_decorator.py
[2025-06-25T09:20:40.817+0000] {processor.py:840} INFO - DAG(s) 'example_dag_decorator' retrieved from /home/airflow/.local/lib/python3.8/site-packages/airflow/example_dags/example_dag_decorator.py
[2025-06-25T09:20:40.862+0000] {logging_mixin.py:188} INFO - [2025-06-25T09:20:40.862+0000] {dag.py:3036} INFO - Sync 1 DAGs
[2025-06-25T09:20:40.883+0000] {logging_mixin.py:188} INFO - [2025-06-25T09:20:40.883+0000] {dag.py:3823} INFO - Setting next_dagrun for example_dag_decorator to None, run_after=None
[2025-06-25T09:20:40.919+0000] {processor.py:183} INFO - Processing /home/airflow/.local/lib/python3.8/site-packages/airflow/example_dags/example_dag_decorator.py took 0.293 seconds
[2025-06-25T09:21:11.037+0000] {processor.py:161} INFO - Started process (PID=2264) to work on /home/airflow/.local/lib/python3.8/site-packages/airflow/example_dags/example_dag_decorator.py
[2025-06-25T09:21:11.039+0000] {processor.py:830} INFO - Processing file /home/airflow/.local/lib/python3.8/site-packages/airflow/example_dags/example_dag_decorator.py for tasks to queue
[2025-06-25T09:21:11.043+0000] {logging_mixin.py:188} INFO - [2025-06-25T09:21:11.042+0000] {dagbag.py:538} INFO - Filling up the DagBag from /home/airflow/.local/lib/python3.8/site-packages/airflow/example_dags/example_dag_decorator.py
[2025-06-25T09:21:11.223+0000] {processor.py:840} INFO - DAG(s) 'example_dag_decorator' retrieved from /home/airflow/.local/lib/python3.8/site-packages/airflow/example_dags/example_dag_decorator.py
[2025-06-25T09:21:11.429+0000] {logging_mixin.py:188} INFO - [2025-06-25T09:21:11.429+0000] {dag.py:3036} INFO - Sync 1 DAGs
[2025-06-25T09:21:11.448+0000] {logging_mixin.py:188} INFO - [2025-06-25T09:21:11.448+0000] {dag.py:3823} INFO - Setting next_dagrun for example_dag_decorator to None, run_after=None
[2025-06-25T09:21:11.478+0000] {processor.py:183} INFO - Processing /home/airflow/.local/lib/python3.8/site-packages/airflow/example_dags/example_dag_decorator.py took 0.446 seconds
