[2025-06-25T09:04:15.014+0000] {processor.py:161} INFO - Started process (PID=111) to work on /home/airflow/.local/lib/python3.8/site-packages/airflow/example_dags/example_skip_dag.py
[2025-06-25T09:04:15.015+0000] {processor.py:830} INFO - Processing file /home/airflow/.local/lib/python3.8/site-packages/airflow/example_dags/example_skip_dag.py for tasks to queue
[2025-06-25T09:04:15.018+0000] {logging_mixin.py:188} INFO - [2025-06-25T09:04:15.017+0000] {dagbag.py:538} INFO - Filling up the DagBag from /home/airflow/.local/lib/python3.8/site-packages/airflow/example_dags/example_skip_dag.py
[2025-06-25T09:04:15.028+0000] {processor.py:840} INFO - DAG(s) 'example_skip_dag' retrieved from /home/airflow/.local/lib/python3.8/site-packages/airflow/example_dags/example_skip_dag.py
[2025-06-25T09:04:15.064+0000] {logging_mixin.py:188} INFO - [2025-06-25T09:04:15.063+0000] {dag.py:3036} INFO - Sync 1 DAGs
[2025-06-25T09:04:15.098+0000] {logging_mixin.py:188} INFO - [2025-06-25T09:04:15.097+0000] {dag.py:3823} INFO - Setting next_dagrun for example_skip_dag to 2025-06-24 00:00:00+00:00, run_after=2025-06-25 00:00:00+00:00
[2025-06-25T09:04:15.131+0000] {processor.py:183} INFO - Processing /home/airflow/.local/lib/python3.8/site-packages/airflow/example_dags/example_skip_dag.py took 0.122 seconds
[2025-06-25T09:04:45.752+0000] {processor.py:161} INFO - Started process (PID=175) to work on /home/airflow/.local/lib/python3.8/site-packages/airflow/example_dags/example_skip_dag.py
[2025-06-25T09:04:45.753+0000] {processor.py:830} INFO - Processing file /home/airflow/.local/lib/python3.8/site-packages/airflow/example_dags/example_skip_dag.py for tasks to queue
[2025-06-25T09:04:45.756+0000] {logging_mixin.py:188} INFO - [2025-06-25T09:04:45.755+0000] {dagbag.py:538} INFO - Filling up the DagBag from /home/airflow/.local/lib/python3.8/site-packages/airflow/example_dags/example_skip_dag.py
[2025-06-25T09:04:45.765+0000] {processor.py:840} INFO - DAG(s) 'example_skip_dag' retrieved from /home/airflow/.local/lib/python3.8/site-packages/airflow/example_dags/example_skip_dag.py
[2025-06-25T09:04:45.796+0000] {logging_mixin.py:188} INFO - [2025-06-25T09:04:45.795+0000] {dag.py:3036} INFO - Sync 1 DAGs
[2025-06-25T09:04:45.827+0000] {logging_mixin.py:188} INFO - [2025-06-25T09:04:45.826+0000] {dag.py:3823} INFO - Setting next_dagrun for example_skip_dag to 2025-06-24 00:00:00+00:00, run_after=2025-06-25 00:00:00+00:00
[2025-06-25T09:04:45.850+0000] {processor.py:183} INFO - Processing /home/airflow/.local/lib/python3.8/site-packages/airflow/example_dags/example_skip_dag.py took 0.103 seconds
[2025-06-25T09:05:16.122+0000] {processor.py:161} INFO - Started process (PID=241) to work on /home/airflow/.local/lib/python3.8/site-packages/airflow/example_dags/example_skip_dag.py
[2025-06-25T09:05:16.124+0000] {processor.py:830} INFO - Processing file /home/airflow/.local/lib/python3.8/site-packages/airflow/example_dags/example_skip_dag.py for tasks to queue
[2025-06-25T09:05:16.127+0000] {logging_mixin.py:188} INFO - [2025-06-25T09:05:16.126+0000] {dagbag.py:538} INFO - Filling up the DagBag from /home/airflow/.local/lib/python3.8/site-packages/airflow/example_dags/example_skip_dag.py
[2025-06-25T09:05:16.138+0000] {processor.py:840} INFO - DAG(s) 'example_skip_dag' retrieved from /home/airflow/.local/lib/python3.8/site-packages/airflow/example_dags/example_skip_dag.py
[2025-06-25T09:05:16.175+0000] {logging_mixin.py:188} INFO - [2025-06-25T09:05:16.175+0000] {dag.py:3036} INFO - Sync 1 DAGs
[2025-06-25T09:05:16.215+0000] {logging_mixin.py:188} INFO - [2025-06-25T09:05:16.214+0000] {dag.py:3823} INFO - Setting next_dagrun for example_skip_dag to 2025-06-24 00:00:00+00:00, run_after=2025-06-25 00:00:00+00:00
[2025-06-25T09:05:16.244+0000] {processor.py:183} INFO - Processing /home/airflow/.local/lib/python3.8/site-packages/airflow/example_dags/example_skip_dag.py took 0.127 seconds
[2025-06-25T09:05:47.376+0000] {processor.py:161} INFO - Started process (PID=307) to work on /home/airflow/.local/lib/python3.8/site-packages/airflow/example_dags/example_skip_dag.py
[2025-06-25T09:05:47.378+0000] {processor.py:830} INFO - Processing file /home/airflow/.local/lib/python3.8/site-packages/airflow/example_dags/example_skip_dag.py for tasks to queue
[2025-06-25T09:05:47.380+0000] {logging_mixin.py:188} INFO - [2025-06-25T09:05:47.379+0000] {dagbag.py:538} INFO - Filling up the DagBag from /home/airflow/.local/lib/python3.8/site-packages/airflow/example_dags/example_skip_dag.py
[2025-06-25T09:05:47.391+0000] {processor.py:840} INFO - DAG(s) 'example_skip_dag' retrieved from /home/airflow/.local/lib/python3.8/site-packages/airflow/example_dags/example_skip_dag.py
[2025-06-25T09:05:47.428+0000] {logging_mixin.py:188} INFO - [2025-06-25T09:05:47.428+0000] {dag.py:3036} INFO - Sync 1 DAGs
[2025-06-25T09:05:47.466+0000] {logging_mixin.py:188} INFO - [2025-06-25T09:05:47.465+0000] {dag.py:3823} INFO - Setting next_dagrun for example_skip_dag to 2025-06-24 00:00:00+00:00, run_after=2025-06-25 00:00:00+00:00
[2025-06-25T09:05:47.494+0000] {processor.py:183} INFO - Processing /home/airflow/.local/lib/python3.8/site-packages/airflow/example_dags/example_skip_dag.py took 0.122 seconds
[2025-06-25T09:06:17.949+0000] {processor.py:161} INFO - Started process (PID=373) to work on /home/airflow/.local/lib/python3.8/site-packages/airflow/example_dags/example_skip_dag.py
[2025-06-25T09:06:17.951+0000] {processor.py:830} INFO - Processing file /home/airflow/.local/lib/python3.8/site-packages/airflow/example_dags/example_skip_dag.py for tasks to queue
[2025-06-25T09:06:17.954+0000] {logging_mixin.py:188} INFO - [2025-06-25T09:06:17.953+0000] {dagbag.py:538} INFO - Filling up the DagBag from /home/airflow/.local/lib/python3.8/site-packages/airflow/example_dags/example_skip_dag.py
[2025-06-25T09:06:17.964+0000] {processor.py:840} INFO - DAG(s) 'example_skip_dag' retrieved from /home/airflow/.local/lib/python3.8/site-packages/airflow/example_dags/example_skip_dag.py
[2025-06-25T09:06:17.996+0000] {logging_mixin.py:188} INFO - [2025-06-25T09:06:17.996+0000] {dag.py:3036} INFO - Sync 1 DAGs
[2025-06-25T09:06:18.036+0000] {logging_mixin.py:188} INFO - [2025-06-25T09:06:18.036+0000] {dag.py:3823} INFO - Setting next_dagrun for example_skip_dag to 2025-06-24 00:00:00+00:00, run_after=2025-06-25 00:00:00+00:00
[2025-06-25T09:06:18.068+0000] {processor.py:183} INFO - Processing /home/airflow/.local/lib/python3.8/site-packages/airflow/example_dags/example_skip_dag.py took 0.124 seconds
[2025-06-25T09:06:48.527+0000] {processor.py:161} INFO - Started process (PID=445) to work on /home/airflow/.local/lib/python3.8/site-packages/airflow/example_dags/example_skip_dag.py
[2025-06-25T09:06:48.529+0000] {processor.py:830} INFO - Processing file /home/airflow/.local/lib/python3.8/site-packages/airflow/example_dags/example_skip_dag.py for tasks to queue
[2025-06-25T09:06:48.531+0000] {logging_mixin.py:188} INFO - [2025-06-25T09:06:48.531+0000] {dagbag.py:538} INFO - Filling up the DagBag from /home/airflow/.local/lib/python3.8/site-packages/airflow/example_dags/example_skip_dag.py
[2025-06-25T09:06:48.543+0000] {processor.py:840} INFO - DAG(s) 'example_skip_dag' retrieved from /home/airflow/.local/lib/python3.8/site-packages/airflow/example_dags/example_skip_dag.py
[2025-06-25T09:06:48.581+0000] {logging_mixin.py:188} INFO - [2025-06-25T09:06:48.581+0000] {dag.py:3036} INFO - Sync 1 DAGs
[2025-06-25T09:06:48.630+0000] {logging_mixin.py:188} INFO - [2025-06-25T09:06:48.629+0000] {dag.py:3823} INFO - Setting next_dagrun for example_skip_dag to 2025-06-24 00:00:00+00:00, run_after=2025-06-25 00:00:00+00:00
[2025-06-25T09:06:48.660+0000] {processor.py:183} INFO - Processing /home/airflow/.local/lib/python3.8/site-packages/airflow/example_dags/example_skip_dag.py took 0.139 seconds
[2025-06-25T09:07:19.136+0000] {processor.py:161} INFO - Started process (PID=511) to work on /home/airflow/.local/lib/python3.8/site-packages/airflow/example_dags/example_skip_dag.py
[2025-06-25T09:07:19.140+0000] {processor.py:830} INFO - Processing file /home/airflow/.local/lib/python3.8/site-packages/airflow/example_dags/example_skip_dag.py for tasks to queue
[2025-06-25T09:07:19.144+0000] {logging_mixin.py:188} INFO - [2025-06-25T09:07:19.144+0000] {dagbag.py:538} INFO - Filling up the DagBag from /home/airflow/.local/lib/python3.8/site-packages/airflow/example_dags/example_skip_dag.py
[2025-06-25T09:07:19.159+0000] {processor.py:840} INFO - DAG(s) 'example_skip_dag' retrieved from /home/airflow/.local/lib/python3.8/site-packages/airflow/example_dags/example_skip_dag.py
[2025-06-25T09:07:19.201+0000] {logging_mixin.py:188} INFO - [2025-06-25T09:07:19.200+0000] {dag.py:3036} INFO - Sync 1 DAGs
[2025-06-25T09:07:19.245+0000] {logging_mixin.py:188} INFO - [2025-06-25T09:07:19.244+0000] {dag.py:3823} INFO - Setting next_dagrun for example_skip_dag to 2025-06-24 00:00:00+00:00, run_after=2025-06-25 00:00:00+00:00
[2025-06-25T09:07:19.287+0000] {processor.py:183} INFO - Processing /home/airflow/.local/lib/python3.8/site-packages/airflow/example_dags/example_skip_dag.py took 0.157 seconds
[2025-06-25T09:07:49.523+0000] {processor.py:161} INFO - Started process (PID=577) to work on /home/airflow/.local/lib/python3.8/site-packages/airflow/example_dags/example_skip_dag.py
[2025-06-25T09:07:49.525+0000] {processor.py:830} INFO - Processing file /home/airflow/.local/lib/python3.8/site-packages/airflow/example_dags/example_skip_dag.py for tasks to queue
[2025-06-25T09:07:49.527+0000] {logging_mixin.py:188} INFO - [2025-06-25T09:07:49.527+0000] {dagbag.py:538} INFO - Filling up the DagBag from /home/airflow/.local/lib/python3.8/site-packages/airflow/example_dags/example_skip_dag.py
[2025-06-25T09:07:49.537+0000] {processor.py:840} INFO - DAG(s) 'example_skip_dag' retrieved from /home/airflow/.local/lib/python3.8/site-packages/airflow/example_dags/example_skip_dag.py
[2025-06-25T09:07:49.574+0000] {logging_mixin.py:188} INFO - [2025-06-25T09:07:49.574+0000] {dag.py:3036} INFO - Sync 1 DAGs
[2025-06-25T09:07:49.613+0000] {logging_mixin.py:188} INFO - [2025-06-25T09:07:49.612+0000] {dag.py:3823} INFO - Setting next_dagrun for example_skip_dag to 2025-06-24 00:00:00+00:00, run_after=2025-06-25 00:00:00+00:00
[2025-06-25T09:07:49.646+0000] {processor.py:183} INFO - Processing /home/airflow/.local/lib/python3.8/site-packages/airflow/example_dags/example_skip_dag.py took 0.128 seconds
[2025-06-25T09:08:20.234+0000] {processor.py:161} INFO - Started process (PID=643) to work on /home/airflow/.local/lib/python3.8/site-packages/airflow/example_dags/example_skip_dag.py
[2025-06-25T09:08:20.235+0000] {processor.py:830} INFO - Processing file /home/airflow/.local/lib/python3.8/site-packages/airflow/example_dags/example_skip_dag.py for tasks to queue
[2025-06-25T09:08:20.237+0000] {logging_mixin.py:188} INFO - [2025-06-25T09:08:20.237+0000] {dagbag.py:538} INFO - Filling up the DagBag from /home/airflow/.local/lib/python3.8/site-packages/airflow/example_dags/example_skip_dag.py
[2025-06-25T09:08:20.246+0000] {processor.py:840} INFO - DAG(s) 'example_skip_dag' retrieved from /home/airflow/.local/lib/python3.8/site-packages/airflow/example_dags/example_skip_dag.py
[2025-06-25T09:08:20.283+0000] {logging_mixin.py:188} INFO - [2025-06-25T09:08:20.283+0000] {dag.py:3036} INFO - Sync 1 DAGs
[2025-06-25T09:08:20.322+0000] {logging_mixin.py:188} INFO - [2025-06-25T09:08:20.322+0000] {dag.py:3823} INFO - Setting next_dagrun for example_skip_dag to 2025-06-24 00:00:00+00:00, run_after=2025-06-25 00:00:00+00:00
[2025-06-25T09:08:20.351+0000] {processor.py:183} INFO - Processing /home/airflow/.local/lib/python3.8/site-packages/airflow/example_dags/example_skip_dag.py took 0.122 seconds
[2025-06-25T09:08:51.000+0000] {processor.py:161} INFO - Started process (PID=707) to work on /home/airflow/.local/lib/python3.8/site-packages/airflow/example_dags/example_skip_dag.py
[2025-06-25T09:08:51.005+0000] {processor.py:830} INFO - Processing file /home/airflow/.local/lib/python3.8/site-packages/airflow/example_dags/example_skip_dag.py for tasks to queue
[2025-06-25T09:08:51.008+0000] {logging_mixin.py:188} INFO - [2025-06-25T09:08:51.007+0000] {dagbag.py:538} INFO - Filling up the DagBag from /home/airflow/.local/lib/python3.8/site-packages/airflow/example_dags/example_skip_dag.py
[2025-06-25T09:08:51.018+0000] {processor.py:840} INFO - DAG(s) 'example_skip_dag' retrieved from /home/airflow/.local/lib/python3.8/site-packages/airflow/example_dags/example_skip_dag.py
[2025-06-25T09:08:51.057+0000] {logging_mixin.py:188} INFO - [2025-06-25T09:08:51.056+0000] {dag.py:3036} INFO - Sync 1 DAGs
[2025-06-25T09:08:51.096+0000] {logging_mixin.py:188} INFO - [2025-06-25T09:08:51.096+0000] {dag.py:3823} INFO - Setting next_dagrun for example_skip_dag to 2025-06-24 00:00:00+00:00, run_after=2025-06-25 00:00:00+00:00
[2025-06-25T09:08:51.128+0000] {processor.py:183} INFO - Processing /home/airflow/.local/lib/python3.8/site-packages/airflow/example_dags/example_skip_dag.py took 0.133 seconds
[2025-06-25T09:09:21.451+0000] {processor.py:161} INFO - Started process (PID=772) to work on /home/airflow/.local/lib/python3.8/site-packages/airflow/example_dags/example_skip_dag.py
[2025-06-25T09:09:21.453+0000] {processor.py:830} INFO - Processing file /home/airflow/.local/lib/python3.8/site-packages/airflow/example_dags/example_skip_dag.py for tasks to queue
[2025-06-25T09:09:21.456+0000] {logging_mixin.py:188} INFO - [2025-06-25T09:09:21.455+0000] {dagbag.py:538} INFO - Filling up the DagBag from /home/airflow/.local/lib/python3.8/site-packages/airflow/example_dags/example_skip_dag.py
[2025-06-25T09:09:21.466+0000] {processor.py:840} INFO - DAG(s) 'example_skip_dag' retrieved from /home/airflow/.local/lib/python3.8/site-packages/airflow/example_dags/example_skip_dag.py
[2025-06-25T09:09:21.510+0000] {logging_mixin.py:188} INFO - [2025-06-25T09:09:21.510+0000] {dag.py:3036} INFO - Sync 1 DAGs
[2025-06-25T09:09:21.568+0000] {logging_mixin.py:188} INFO - [2025-06-25T09:09:21.567+0000] {dag.py:3823} INFO - Setting next_dagrun for example_skip_dag to 2025-06-24 00:00:00+00:00, run_after=2025-06-25 00:00:00+00:00
[2025-06-25T09:09:21.600+0000] {processor.py:183} INFO - Processing /home/airflow/.local/lib/python3.8/site-packages/airflow/example_dags/example_skip_dag.py took 0.154 seconds
[2025-06-25T09:09:52.665+0000] {processor.py:161} INFO - Started process (PID=836) to work on /home/airflow/.local/lib/python3.8/site-packages/airflow/example_dags/example_skip_dag.py
[2025-06-25T09:09:52.667+0000] {processor.py:830} INFO - Processing file /home/airflow/.local/lib/python3.8/site-packages/airflow/example_dags/example_skip_dag.py for tasks to queue
[2025-06-25T09:09:52.670+0000] {logging_mixin.py:188} INFO - [2025-06-25T09:09:52.669+0000] {dagbag.py:538} INFO - Filling up the DagBag from /home/airflow/.local/lib/python3.8/site-packages/airflow/example_dags/example_skip_dag.py
[2025-06-25T09:09:52.681+0000] {processor.py:840} INFO - DAG(s) 'example_skip_dag' retrieved from /home/airflow/.local/lib/python3.8/site-packages/airflow/example_dags/example_skip_dag.py
[2025-06-25T09:09:52.726+0000] {logging_mixin.py:188} INFO - [2025-06-25T09:09:52.726+0000] {dag.py:3036} INFO - Sync 1 DAGs
[2025-06-25T09:09:52.766+0000] {logging_mixin.py:188} INFO - [2025-06-25T09:09:52.765+0000] {dag.py:3823} INFO - Setting next_dagrun for example_skip_dag to 2025-06-24 00:00:00+00:00, run_after=2025-06-25 00:00:00+00:00
[2025-06-25T09:09:52.798+0000] {processor.py:183} INFO - Processing /home/airflow/.local/lib/python3.8/site-packages/airflow/example_dags/example_skip_dag.py took 0.138 seconds
[2025-06-25T09:10:23.948+0000] {processor.py:161} INFO - Started process (PID=901) to work on /home/airflow/.local/lib/python3.8/site-packages/airflow/example_dags/example_skip_dag.py
[2025-06-25T09:10:23.950+0000] {processor.py:830} INFO - Processing file /home/airflow/.local/lib/python3.8/site-packages/airflow/example_dags/example_skip_dag.py for tasks to queue
[2025-06-25T09:10:23.953+0000] {logging_mixin.py:188} INFO - [2025-06-25T09:10:23.953+0000] {dagbag.py:538} INFO - Filling up the DagBag from /home/airflow/.local/lib/python3.8/site-packages/airflow/example_dags/example_skip_dag.py
[2025-06-25T09:10:23.966+0000] {processor.py:840} INFO - DAG(s) 'example_skip_dag' retrieved from /home/airflow/.local/lib/python3.8/site-packages/airflow/example_dags/example_skip_dag.py
[2025-06-25T09:10:24.014+0000] {logging_mixin.py:188} INFO - [2025-06-25T09:10:24.014+0000] {dag.py:3036} INFO - Sync 1 DAGs
[2025-06-25T09:10:24.069+0000] {logging_mixin.py:188} INFO - [2025-06-25T09:10:24.069+0000] {dag.py:3823} INFO - Setting next_dagrun for example_skip_dag to 2025-06-24 00:00:00+00:00, run_after=2025-06-25 00:00:00+00:00
[2025-06-25T09:10:24.117+0000] {processor.py:183} INFO - Processing /home/airflow/.local/lib/python3.8/site-packages/airflow/example_dags/example_skip_dag.py took 0.175 seconds
[2025-06-25T09:10:54.697+0000] {processor.py:161} INFO - Started process (PID=966) to work on /home/airflow/.local/lib/python3.8/site-packages/airflow/example_dags/example_skip_dag.py
[2025-06-25T09:10:54.698+0000] {processor.py:830} INFO - Processing file /home/airflow/.local/lib/python3.8/site-packages/airflow/example_dags/example_skip_dag.py for tasks to queue
[2025-06-25T09:10:54.701+0000] {logging_mixin.py:188} INFO - [2025-06-25T09:10:54.701+0000] {dagbag.py:538} INFO - Filling up the DagBag from /home/airflow/.local/lib/python3.8/site-packages/airflow/example_dags/example_skip_dag.py
[2025-06-25T09:10:54.713+0000] {processor.py:840} INFO - DAG(s) 'example_skip_dag' retrieved from /home/airflow/.local/lib/python3.8/site-packages/airflow/example_dags/example_skip_dag.py
[2025-06-25T09:10:54.753+0000] {logging_mixin.py:188} INFO - [2025-06-25T09:10:54.753+0000] {dag.py:3036} INFO - Sync 1 DAGs
[2025-06-25T09:10:54.798+0000] {logging_mixin.py:188} INFO - [2025-06-25T09:10:54.798+0000] {dag.py:3823} INFO - Setting next_dagrun for example_skip_dag to 2025-06-24 00:00:00+00:00, run_after=2025-06-25 00:00:00+00:00
[2025-06-25T09:10:54.839+0000] {processor.py:183} INFO - Processing /home/airflow/.local/lib/python3.8/site-packages/airflow/example_dags/example_skip_dag.py took 0.148 seconds
[2025-06-25T09:11:25.969+0000] {processor.py:161} INFO - Started process (PID=1031) to work on /home/airflow/.local/lib/python3.8/site-packages/airflow/example_dags/example_skip_dag.py
[2025-06-25T09:11:25.972+0000] {processor.py:830} INFO - Processing file /home/airflow/.local/lib/python3.8/site-packages/airflow/example_dags/example_skip_dag.py for tasks to queue
[2025-06-25T09:11:25.974+0000] {logging_mixin.py:188} INFO - [2025-06-25T09:11:25.974+0000] {dagbag.py:538} INFO - Filling up the DagBag from /home/airflow/.local/lib/python3.8/site-packages/airflow/example_dags/example_skip_dag.py
[2025-06-25T09:11:25.988+0000] {processor.py:840} INFO - DAG(s) 'example_skip_dag' retrieved from /home/airflow/.local/lib/python3.8/site-packages/airflow/example_dags/example_skip_dag.py
[2025-06-25T09:11:26.027+0000] {logging_mixin.py:188} INFO - [2025-06-25T09:11:26.027+0000] {dag.py:3036} INFO - Sync 1 DAGs
[2025-06-25T09:11:26.066+0000] {logging_mixin.py:188} INFO - [2025-06-25T09:11:26.066+0000] {dag.py:3823} INFO - Setting next_dagrun for example_skip_dag to 2025-06-24 00:00:00+00:00, run_after=2025-06-25 00:00:00+00:00
[2025-06-25T09:11:26.099+0000] {processor.py:183} INFO - Processing /home/airflow/.local/lib/python3.8/site-packages/airflow/example_dags/example_skip_dag.py took 0.136 seconds
[2025-06-25T09:11:56.387+0000] {processor.py:161} INFO - Started process (PID=1096) to work on /home/airflow/.local/lib/python3.8/site-packages/airflow/example_dags/example_skip_dag.py
[2025-06-25T09:11:56.389+0000] {processor.py:830} INFO - Processing file /home/airflow/.local/lib/python3.8/site-packages/airflow/example_dags/example_skip_dag.py for tasks to queue
[2025-06-25T09:11:56.391+0000] {logging_mixin.py:188} INFO - [2025-06-25T09:11:56.391+0000] {dagbag.py:538} INFO - Filling up the DagBag from /home/airflow/.local/lib/python3.8/site-packages/airflow/example_dags/example_skip_dag.py
[2025-06-25T09:11:56.402+0000] {processor.py:840} INFO - DAG(s) 'example_skip_dag' retrieved from /home/airflow/.local/lib/python3.8/site-packages/airflow/example_dags/example_skip_dag.py
[2025-06-25T09:11:56.439+0000] {logging_mixin.py:188} INFO - [2025-06-25T09:11:56.438+0000] {dag.py:3036} INFO - Sync 1 DAGs
[2025-06-25T09:11:56.480+0000] {logging_mixin.py:188} INFO - [2025-06-25T09:11:56.480+0000] {dag.py:3823} INFO - Setting next_dagrun for example_skip_dag to 2025-06-24 00:00:00+00:00, run_after=2025-06-25 00:00:00+00:00
[2025-06-25T09:11:56.515+0000] {processor.py:183} INFO - Processing /home/airflow/.local/lib/python3.8/site-packages/airflow/example_dags/example_skip_dag.py took 0.133 seconds
[2025-06-25T09:12:27.127+0000] {processor.py:161} INFO - Started process (PID=1159) to work on /home/airflow/.local/lib/python3.8/site-packages/airflow/example_dags/example_skip_dag.py
[2025-06-25T09:12:27.129+0000] {processor.py:830} INFO - Processing file /home/airflow/.local/lib/python3.8/site-packages/airflow/example_dags/example_skip_dag.py for tasks to queue
[2025-06-25T09:12:27.134+0000] {logging_mixin.py:188} INFO - [2025-06-25T09:12:27.133+0000] {dagbag.py:538} INFO - Filling up the DagBag from /home/airflow/.local/lib/python3.8/site-packages/airflow/example_dags/example_skip_dag.py
[2025-06-25T09:12:27.147+0000] {processor.py:840} INFO - DAG(s) 'example_skip_dag' retrieved from /home/airflow/.local/lib/python3.8/site-packages/airflow/example_dags/example_skip_dag.py
[2025-06-25T09:12:27.224+0000] {logging_mixin.py:188} INFO - [2025-06-25T09:12:27.224+0000] {dag.py:3036} INFO - Sync 1 DAGs
[2025-06-25T09:12:27.268+0000] {logging_mixin.py:188} INFO - [2025-06-25T09:12:27.268+0000] {dag.py:3823} INFO - Setting next_dagrun for example_skip_dag to 2025-06-24 00:00:00+00:00, run_after=2025-06-25 00:00:00+00:00
[2025-06-25T09:12:27.305+0000] {processor.py:183} INFO - Processing /home/airflow/.local/lib/python3.8/site-packages/airflow/example_dags/example_skip_dag.py took 0.184 seconds
[2025-06-25T09:12:58.005+0000] {processor.py:161} INFO - Started process (PID=1225) to work on /home/airflow/.local/lib/python3.8/site-packages/airflow/example_dags/example_skip_dag.py
[2025-06-25T09:12:58.006+0000] {processor.py:830} INFO - Processing file /home/airflow/.local/lib/python3.8/site-packages/airflow/example_dags/example_skip_dag.py for tasks to queue
[2025-06-25T09:12:58.011+0000] {logging_mixin.py:188} INFO - [2025-06-25T09:12:58.010+0000] {dagbag.py:538} INFO - Filling up the DagBag from /home/airflow/.local/lib/python3.8/site-packages/airflow/example_dags/example_skip_dag.py
[2025-06-25T09:12:58.025+0000] {processor.py:840} INFO - DAG(s) 'example_skip_dag' retrieved from /home/airflow/.local/lib/python3.8/site-packages/airflow/example_dags/example_skip_dag.py
[2025-06-25T09:12:58.069+0000] {logging_mixin.py:188} INFO - [2025-06-25T09:12:58.068+0000] {dag.py:3036} INFO - Sync 1 DAGs
[2025-06-25T09:12:58.114+0000] {logging_mixin.py:188} INFO - [2025-06-25T09:12:58.113+0000] {dag.py:3823} INFO - Setting next_dagrun for example_skip_dag to 2025-06-24 00:00:00+00:00, run_after=2025-06-25 00:00:00+00:00
[2025-06-25T09:12:58.160+0000] {processor.py:183} INFO - Processing /home/airflow/.local/lib/python3.8/site-packages/airflow/example_dags/example_skip_dag.py took 0.162 seconds
[2025-06-25T09:13:28.364+0000] {processor.py:161} INFO - Started process (PID=1291) to work on /home/airflow/.local/lib/python3.8/site-packages/airflow/example_dags/example_skip_dag.py
[2025-06-25T09:13:28.367+0000] {processor.py:830} INFO - Processing file /home/airflow/.local/lib/python3.8/site-packages/airflow/example_dags/example_skip_dag.py for tasks to queue
[2025-06-25T09:13:28.369+0000] {logging_mixin.py:188} INFO - [2025-06-25T09:13:28.369+0000] {dagbag.py:538} INFO - Filling up the DagBag from /home/airflow/.local/lib/python3.8/site-packages/airflow/example_dags/example_skip_dag.py
[2025-06-25T09:13:28.382+0000] {processor.py:840} INFO - DAG(s) 'example_skip_dag' retrieved from /home/airflow/.local/lib/python3.8/site-packages/airflow/example_dags/example_skip_dag.py
[2025-06-25T09:13:28.425+0000] {logging_mixin.py:188} INFO - [2025-06-25T09:13:28.424+0000] {dag.py:3036} INFO - Sync 1 DAGs
[2025-06-25T09:13:28.473+0000] {logging_mixin.py:188} INFO - [2025-06-25T09:13:28.472+0000] {dag.py:3823} INFO - Setting next_dagrun for example_skip_dag to 2025-06-24 00:00:00+00:00, run_after=2025-06-25 00:00:00+00:00
[2025-06-25T09:13:28.512+0000] {processor.py:183} INFO - Processing /home/airflow/.local/lib/python3.8/site-packages/airflow/example_dags/example_skip_dag.py took 0.154 seconds
[2025-06-25T09:13:59.831+0000] {processor.py:161} INFO - Started process (PID=1357) to work on /home/airflow/.local/lib/python3.8/site-packages/airflow/example_dags/example_skip_dag.py
[2025-06-25T09:13:59.835+0000] {processor.py:830} INFO - Processing file /home/airflow/.local/lib/python3.8/site-packages/airflow/example_dags/example_skip_dag.py for tasks to queue
[2025-06-25T09:13:59.839+0000] {logging_mixin.py:188} INFO - [2025-06-25T09:13:59.839+0000] {dagbag.py:538} INFO - Filling up the DagBag from /home/airflow/.local/lib/python3.8/site-packages/airflow/example_dags/example_skip_dag.py
[2025-06-25T09:13:59.856+0000] {processor.py:840} INFO - DAG(s) 'example_skip_dag' retrieved from /home/airflow/.local/lib/python3.8/site-packages/airflow/example_dags/example_skip_dag.py
[2025-06-25T09:13:59.928+0000] {logging_mixin.py:188} INFO - [2025-06-25T09:13:59.927+0000] {dag.py:3036} INFO - Sync 1 DAGs
[2025-06-25T09:13:59.977+0000] {logging_mixin.py:188} INFO - [2025-06-25T09:13:59.976+0000] {dag.py:3823} INFO - Setting next_dagrun for example_skip_dag to 2025-06-24 00:00:00+00:00, run_after=2025-06-25 00:00:00+00:00
[2025-06-25T09:14:00.018+0000] {processor.py:183} INFO - Processing /home/airflow/.local/lib/python3.8/site-packages/airflow/example_dags/example_skip_dag.py took 0.198 seconds
[2025-06-25T09:14:30.775+0000] {processor.py:161} INFO - Started process (PID=1422) to work on /home/airflow/.local/lib/python3.8/site-packages/airflow/example_dags/example_skip_dag.py
[2025-06-25T09:14:30.779+0000] {processor.py:830} INFO - Processing file /home/airflow/.local/lib/python3.8/site-packages/airflow/example_dags/example_skip_dag.py for tasks to queue
[2025-06-25T09:14:30.783+0000] {logging_mixin.py:188} INFO - [2025-06-25T09:14:30.782+0000] {dagbag.py:538} INFO - Filling up the DagBag from /home/airflow/.local/lib/python3.8/site-packages/airflow/example_dags/example_skip_dag.py
[2025-06-25T09:14:30.798+0000] {processor.py:840} INFO - DAG(s) 'example_skip_dag' retrieved from /home/airflow/.local/lib/python3.8/site-packages/airflow/example_dags/example_skip_dag.py
[2025-06-25T09:14:30.842+0000] {logging_mixin.py:188} INFO - [2025-06-25T09:14:30.841+0000] {dag.py:3036} INFO - Sync 1 DAGs
[2025-06-25T09:14:30.890+0000] {logging_mixin.py:188} INFO - [2025-06-25T09:14:30.889+0000] {dag.py:3823} INFO - Setting next_dagrun for example_skip_dag to 2025-06-24 00:00:00+00:00, run_after=2025-06-25 00:00:00+00:00
[2025-06-25T09:14:30.931+0000] {processor.py:183} INFO - Processing /home/airflow/.local/lib/python3.8/site-packages/airflow/example_dags/example_skip_dag.py took 0.162 seconds
[2025-06-25T09:15:02.344+0000] {processor.py:161} INFO - Started process (PID=1487) to work on /home/airflow/.local/lib/python3.8/site-packages/airflow/example_dags/example_skip_dag.py
[2025-06-25T09:15:02.348+0000] {processor.py:830} INFO - Processing file /home/airflow/.local/lib/python3.8/site-packages/airflow/example_dags/example_skip_dag.py for tasks to queue
[2025-06-25T09:15:02.352+0000] {logging_mixin.py:188} INFO - [2025-06-25T09:15:02.351+0000] {dagbag.py:538} INFO - Filling up the DagBag from /home/airflow/.local/lib/python3.8/site-packages/airflow/example_dags/example_skip_dag.py
[2025-06-25T09:15:02.370+0000] {processor.py:840} INFO - DAG(s) 'example_skip_dag' retrieved from /home/airflow/.local/lib/python3.8/site-packages/airflow/example_dags/example_skip_dag.py
[2025-06-25T09:15:02.465+0000] {logging_mixin.py:188} INFO - [2025-06-25T09:15:02.465+0000] {dag.py:3036} INFO - Sync 1 DAGs
[2025-06-25T09:15:02.518+0000] {logging_mixin.py:188} INFO - [2025-06-25T09:15:02.517+0000] {dag.py:3823} INFO - Setting next_dagrun for example_skip_dag to 2025-06-24 00:00:00+00:00, run_after=2025-06-25 00:00:00+00:00
[2025-06-25T09:15:02.562+0000] {processor.py:183} INFO - Processing /home/airflow/.local/lib/python3.8/site-packages/airflow/example_dags/example_skip_dag.py took 0.232 seconds
[2025-06-25T09:15:32.882+0000] {processor.py:161} INFO - Started process (PID=1552) to work on /home/airflow/.local/lib/python3.8/site-packages/airflow/example_dags/example_skip_dag.py
[2025-06-25T09:15:32.884+0000] {processor.py:830} INFO - Processing file /home/airflow/.local/lib/python3.8/site-packages/airflow/example_dags/example_skip_dag.py for tasks to queue
[2025-06-25T09:15:32.887+0000] {logging_mixin.py:188} INFO - [2025-06-25T09:15:32.887+0000] {dagbag.py:538} INFO - Filling up the DagBag from /home/airflow/.local/lib/python3.8/site-packages/airflow/example_dags/example_skip_dag.py
[2025-06-25T09:15:32.901+0000] {processor.py:840} INFO - DAG(s) 'example_skip_dag' retrieved from /home/airflow/.local/lib/python3.8/site-packages/airflow/example_dags/example_skip_dag.py
[2025-06-25T09:15:32.949+0000] {logging_mixin.py:188} INFO - [2025-06-25T09:15:32.949+0000] {dag.py:3036} INFO - Sync 1 DAGs
[2025-06-25T09:15:33.000+0000] {logging_mixin.py:188} INFO - [2025-06-25T09:15:32.999+0000] {dag.py:3823} INFO - Setting next_dagrun for example_skip_dag to 2025-06-24 00:00:00+00:00, run_after=2025-06-25 00:00:00+00:00
[2025-06-25T09:15:33.052+0000] {processor.py:183} INFO - Processing /home/airflow/.local/lib/python3.8/site-packages/airflow/example_dags/example_skip_dag.py took 0.177 seconds
[2025-06-25T09:16:03.354+0000] {processor.py:161} INFO - Started process (PID=1609) to work on /home/airflow/.local/lib/python3.8/site-packages/airflow/example_dags/example_skip_dag.py
[2025-06-25T09:16:03.357+0000] {processor.py:830} INFO - Processing file /home/airflow/.local/lib/python3.8/site-packages/airflow/example_dags/example_skip_dag.py for tasks to queue
[2025-06-25T09:16:03.361+0000] {logging_mixin.py:188} INFO - [2025-06-25T09:16:03.360+0000] {dagbag.py:538} INFO - Filling up the DagBag from /home/airflow/.local/lib/python3.8/site-packages/airflow/example_dags/example_skip_dag.py
[2025-06-25T09:16:03.374+0000] {processor.py:840} INFO - DAG(s) 'example_skip_dag' retrieved from /home/airflow/.local/lib/python3.8/site-packages/airflow/example_dags/example_skip_dag.py
[2025-06-25T09:16:03.424+0000] {logging_mixin.py:188} INFO - [2025-06-25T09:16:03.424+0000] {dag.py:3036} INFO - Sync 1 DAGs
[2025-06-25T09:16:03.476+0000] {logging_mixin.py:188} INFO - [2025-06-25T09:16:03.476+0000] {dag.py:3823} INFO - Setting next_dagrun for example_skip_dag to 2025-06-24 00:00:00+00:00, run_after=2025-06-25 00:00:00+00:00
[2025-06-25T09:16:03.520+0000] {processor.py:183} INFO - Processing /home/airflow/.local/lib/python3.8/site-packages/airflow/example_dags/example_skip_dag.py took 0.172 seconds
[2025-06-25T09:16:34.240+0000] {processor.py:161} INFO - Started process (PID=1673) to work on /home/airflow/.local/lib/python3.8/site-packages/airflow/example_dags/example_skip_dag.py
[2025-06-25T09:16:34.243+0000] {processor.py:830} INFO - Processing file /home/airflow/.local/lib/python3.8/site-packages/airflow/example_dags/example_skip_dag.py for tasks to queue
[2025-06-25T09:16:34.247+0000] {logging_mixin.py:188} INFO - [2025-06-25T09:16:34.246+0000] {dagbag.py:538} INFO - Filling up the DagBag from /home/airflow/.local/lib/python3.8/site-packages/airflow/example_dags/example_skip_dag.py
[2025-06-25T09:16:34.265+0000] {processor.py:840} INFO - DAG(s) 'example_skip_dag' retrieved from /home/airflow/.local/lib/python3.8/site-packages/airflow/example_dags/example_skip_dag.py
[2025-06-25T09:16:34.313+0000] {logging_mixin.py:188} INFO - [2025-06-25T09:16:34.312+0000] {dag.py:3036} INFO - Sync 1 DAGs
[2025-06-25T09:16:34.364+0000] {logging_mixin.py:188} INFO - [2025-06-25T09:16:34.363+0000] {dag.py:3823} INFO - Setting next_dagrun for example_skip_dag to 2025-06-24 00:00:00+00:00, run_after=2025-06-25 00:00:00+00:00
[2025-06-25T09:16:34.408+0000] {processor.py:183} INFO - Processing /home/airflow/.local/lib/python3.8/site-packages/airflow/example_dags/example_skip_dag.py took 0.174 seconds
[2025-06-25T09:17:04.925+0000] {processor.py:161} INFO - Started process (PID=1738) to work on /home/airflow/.local/lib/python3.8/site-packages/airflow/example_dags/example_skip_dag.py
[2025-06-25T09:17:04.928+0000] {processor.py:830} INFO - Processing file /home/airflow/.local/lib/python3.8/site-packages/airflow/example_dags/example_skip_dag.py for tasks to queue
[2025-06-25T09:17:04.938+0000] {logging_mixin.py:188} INFO - [2025-06-25T09:17:04.938+0000] {dagbag.py:538} INFO - Filling up the DagBag from /home/airflow/.local/lib/python3.8/site-packages/airflow/example_dags/example_skip_dag.py
[2025-06-25T09:17:04.951+0000] {processor.py:840} INFO - DAG(s) 'example_skip_dag' retrieved from /home/airflow/.local/lib/python3.8/site-packages/airflow/example_dags/example_skip_dag.py
[2025-06-25T09:17:05.015+0000] {logging_mixin.py:188} INFO - [2025-06-25T09:17:05.014+0000] {dag.py:3036} INFO - Sync 1 DAGs
[2025-06-25T09:17:05.072+0000] {logging_mixin.py:188} INFO - [2025-06-25T09:17:05.071+0000] {dag.py:3823} INFO - Setting next_dagrun for example_skip_dag to 2025-06-24 00:00:00+00:00, run_after=2025-06-25 00:00:00+00:00
[2025-06-25T09:17:05.109+0000] {processor.py:183} INFO - Processing /home/airflow/.local/lib/python3.8/site-packages/airflow/example_dags/example_skip_dag.py took 0.190 seconds
[2025-06-25T09:17:36.218+0000] {processor.py:161} INFO - Started process (PID=1804) to work on /home/airflow/.local/lib/python3.8/site-packages/airflow/example_dags/example_skip_dag.py
[2025-06-25T09:17:36.220+0000] {processor.py:830} INFO - Processing file /home/airflow/.local/lib/python3.8/site-packages/airflow/example_dags/example_skip_dag.py for tasks to queue
[2025-06-25T09:17:36.223+0000] {logging_mixin.py:188} INFO - [2025-06-25T09:17:36.223+0000] {dagbag.py:538} INFO - Filling up the DagBag from /home/airflow/.local/lib/python3.8/site-packages/airflow/example_dags/example_skip_dag.py
[2025-06-25T09:17:36.236+0000] {processor.py:840} INFO - DAG(s) 'example_skip_dag' retrieved from /home/airflow/.local/lib/python3.8/site-packages/airflow/example_dags/example_skip_dag.py
[2025-06-25T09:17:36.283+0000] {logging_mixin.py:188} INFO - [2025-06-25T09:17:36.283+0000] {dag.py:3036} INFO - Sync 1 DAGs
[2025-06-25T09:17:36.364+0000] {logging_mixin.py:188} INFO - [2025-06-25T09:17:36.363+0000] {dag.py:3823} INFO - Setting next_dagrun for example_skip_dag to 2025-06-24 00:00:00+00:00, run_after=2025-06-25 00:00:00+00:00
[2025-06-25T09:17:36.425+0000] {processor.py:183} INFO - Processing /home/airflow/.local/lib/python3.8/site-packages/airflow/example_dags/example_skip_dag.py took 0.213 seconds
[2025-06-25T09:18:06.625+0000] {processor.py:161} INFO - Started process (PID=1868) to work on /home/airflow/.local/lib/python3.8/site-packages/airflow/example_dags/example_skip_dag.py
[2025-06-25T09:18:06.628+0000] {processor.py:830} INFO - Processing file /home/airflow/.local/lib/python3.8/site-packages/airflow/example_dags/example_skip_dag.py for tasks to queue
[2025-06-25T09:18:06.631+0000] {logging_mixin.py:188} INFO - [2025-06-25T09:18:06.630+0000] {dagbag.py:538} INFO - Filling up the DagBag from /home/airflow/.local/lib/python3.8/site-packages/airflow/example_dags/example_skip_dag.py
[2025-06-25T09:18:06.644+0000] {processor.py:840} INFO - DAG(s) 'example_skip_dag' retrieved from /home/airflow/.local/lib/python3.8/site-packages/airflow/example_dags/example_skip_dag.py
[2025-06-25T09:18:06.685+0000] {logging_mixin.py:188} INFO - [2025-06-25T09:18:06.685+0000] {dag.py:3036} INFO - Sync 1 DAGs
[2025-06-25T09:18:06.734+0000] {logging_mixin.py:188} INFO - [2025-06-25T09:18:06.733+0000] {dag.py:3823} INFO - Setting next_dagrun for example_skip_dag to 2025-06-24 00:00:00+00:00, run_after=2025-06-25 00:00:00+00:00
[2025-06-25T09:18:06.771+0000] {processor.py:183} INFO - Processing /home/airflow/.local/lib/python3.8/site-packages/airflow/example_dags/example_skip_dag.py took 0.152 seconds
[2025-06-25T09:18:37.917+0000] {processor.py:161} INFO - Started process (PID=1934) to work on /home/airflow/.local/lib/python3.8/site-packages/airflow/example_dags/example_skip_dag.py
[2025-06-25T09:18:37.924+0000] {processor.py:830} INFO - Processing file /home/airflow/.local/lib/python3.8/site-packages/airflow/example_dags/example_skip_dag.py for tasks to queue
[2025-06-25T09:18:37.932+0000] {logging_mixin.py:188} INFO - [2025-06-25T09:18:37.931+0000] {dagbag.py:538} INFO - Filling up the DagBag from /home/airflow/.local/lib/python3.8/site-packages/airflow/example_dags/example_skip_dag.py
[2025-06-25T09:18:37.953+0000] {processor.py:840} INFO - DAG(s) 'example_skip_dag' retrieved from /home/airflow/.local/lib/python3.8/site-packages/airflow/example_dags/example_skip_dag.py
[2025-06-25T09:18:37.994+0000] {logging_mixin.py:188} INFO - [2025-06-25T09:18:37.994+0000] {dag.py:3036} INFO - Sync 1 DAGs
[2025-06-25T09:18:38.041+0000] {logging_mixin.py:188} INFO - [2025-06-25T09:18:38.041+0000] {dag.py:3823} INFO - Setting next_dagrun for example_skip_dag to 2025-06-24 00:00:00+00:00, run_after=2025-06-25 00:00:00+00:00
[2025-06-25T09:18:38.074+0000] {processor.py:183} INFO - Processing /home/airflow/.local/lib/python3.8/site-packages/airflow/example_dags/example_skip_dag.py took 0.166 seconds
[2025-06-25T09:19:08.666+0000] {processor.py:161} INFO - Started process (PID=1999) to work on /home/airflow/.local/lib/python3.8/site-packages/airflow/example_dags/example_skip_dag.py
[2025-06-25T09:19:08.667+0000] {processor.py:830} INFO - Processing file /home/airflow/.local/lib/python3.8/site-packages/airflow/example_dags/example_skip_dag.py for tasks to queue
[2025-06-25T09:19:08.670+0000] {logging_mixin.py:188} INFO - [2025-06-25T09:19:08.669+0000] {dagbag.py:538} INFO - Filling up the DagBag from /home/airflow/.local/lib/python3.8/site-packages/airflow/example_dags/example_skip_dag.py
[2025-06-25T09:19:08.681+0000] {processor.py:840} INFO - DAG(s) 'example_skip_dag' retrieved from /home/airflow/.local/lib/python3.8/site-packages/airflow/example_dags/example_skip_dag.py
[2025-06-25T09:19:08.716+0000] {logging_mixin.py:188} INFO - [2025-06-25T09:19:08.716+0000] {dag.py:3036} INFO - Sync 1 DAGs
[2025-06-25T09:19:08.753+0000] {logging_mixin.py:188} INFO - [2025-06-25T09:19:08.752+0000] {dag.py:3823} INFO - Setting next_dagrun for example_skip_dag to 2025-06-24 00:00:00+00:00, run_after=2025-06-25 00:00:00+00:00
[2025-06-25T09:19:08.782+0000] {processor.py:183} INFO - Processing /home/airflow/.local/lib/python3.8/site-packages/airflow/example_dags/example_skip_dag.py took 0.122 seconds
[2025-06-25T09:19:39.056+0000] {processor.py:161} INFO - Started process (PID=2064) to work on /home/airflow/.local/lib/python3.8/site-packages/airflow/example_dags/example_skip_dag.py
[2025-06-25T09:19:39.059+0000] {processor.py:830} INFO - Processing file /home/airflow/.local/lib/python3.8/site-packages/airflow/example_dags/example_skip_dag.py for tasks to queue
[2025-06-25T09:19:39.063+0000] {logging_mixin.py:188} INFO - [2025-06-25T09:19:39.062+0000] {dagbag.py:538} INFO - Filling up the DagBag from /home/airflow/.local/lib/python3.8/site-packages/airflow/example_dags/example_skip_dag.py
[2025-06-25T09:19:39.121+0000] {processor.py:840} INFO - DAG(s) 'example_skip_dag' retrieved from /home/airflow/.local/lib/python3.8/site-packages/airflow/example_dags/example_skip_dag.py
[2025-06-25T09:19:39.172+0000] {logging_mixin.py:188} INFO - [2025-06-25T09:19:39.171+0000] {dag.py:3036} INFO - Sync 1 DAGs
[2025-06-25T09:19:39.221+0000] {logging_mixin.py:188} INFO - [2025-06-25T09:19:39.220+0000] {dag.py:3823} INFO - Setting next_dagrun for example_skip_dag to 2025-06-24 00:00:00+00:00, run_after=2025-06-25 00:00:00+00:00
[2025-06-25T09:19:39.259+0000] {processor.py:183} INFO - Processing /home/airflow/.local/lib/python3.8/site-packages/airflow/example_dags/example_skip_dag.py took 0.210 seconds
[2025-06-25T09:20:10.078+0000] {processor.py:161} INFO - Started process (PID=2136) to work on /home/airflow/.local/lib/python3.8/site-packages/airflow/example_dags/example_skip_dag.py
[2025-06-25T09:20:10.079+0000] {processor.py:830} INFO - Processing file /home/airflow/.local/lib/python3.8/site-packages/airflow/example_dags/example_skip_dag.py for tasks to queue
[2025-06-25T09:20:10.081+0000] {logging_mixin.py:188} INFO - [2025-06-25T09:20:10.081+0000] {dagbag.py:538} INFO - Filling up the DagBag from /home/airflow/.local/lib/python3.8/site-packages/airflow/example_dags/example_skip_dag.py
[2025-06-25T09:20:10.092+0000] {processor.py:840} INFO - DAG(s) 'example_skip_dag' retrieved from /home/airflow/.local/lib/python3.8/site-packages/airflow/example_dags/example_skip_dag.py
[2025-06-25T09:20:10.139+0000] {logging_mixin.py:188} INFO - [2025-06-25T09:20:10.139+0000] {dag.py:3036} INFO - Sync 1 DAGs
[2025-06-25T09:20:10.192+0000] {logging_mixin.py:188} INFO - [2025-06-25T09:20:10.191+0000] {dag.py:3823} INFO - Setting next_dagrun for example_skip_dag to 2025-06-24 00:00:00+00:00, run_after=2025-06-25 00:00:00+00:00
[2025-06-25T09:20:10.226+0000] {processor.py:183} INFO - Processing /home/airflow/.local/lib/python3.8/site-packages/airflow/example_dags/example_skip_dag.py took 0.153 seconds
[2025-06-25T09:20:41.075+0000] {processor.py:161} INFO - Started process (PID=2202) to work on /home/airflow/.local/lib/python3.8/site-packages/airflow/example_dags/example_skip_dag.py
[2025-06-25T09:20:41.077+0000] {processor.py:830} INFO - Processing file /home/airflow/.local/lib/python3.8/site-packages/airflow/example_dags/example_skip_dag.py for tasks to queue
[2025-06-25T09:20:41.079+0000] {logging_mixin.py:188} INFO - [2025-06-25T09:20:41.079+0000] {dagbag.py:538} INFO - Filling up the DagBag from /home/airflow/.local/lib/python3.8/site-packages/airflow/example_dags/example_skip_dag.py
[2025-06-25T09:20:41.090+0000] {processor.py:840} INFO - DAG(s) 'example_skip_dag' retrieved from /home/airflow/.local/lib/python3.8/site-packages/airflow/example_dags/example_skip_dag.py
[2025-06-25T09:20:41.128+0000] {logging_mixin.py:188} INFO - [2025-06-25T09:20:41.127+0000] {dag.py:3036} INFO - Sync 1 DAGs
[2025-06-25T09:20:41.168+0000] {logging_mixin.py:188} INFO - [2025-06-25T09:20:41.168+0000] {dag.py:3823} INFO - Setting next_dagrun for example_skip_dag to 2025-06-24 00:00:00+00:00, run_after=2025-06-25 00:00:00+00:00
[2025-06-25T09:20:41.200+0000] {processor.py:183} INFO - Processing /home/airflow/.local/lib/python3.8/site-packages/airflow/example_dags/example_skip_dag.py took 0.130 seconds
[2025-06-25T09:21:11.517+0000] {processor.py:161} INFO - Started process (PID=2267) to work on /home/airflow/.local/lib/python3.8/site-packages/airflow/example_dags/example_skip_dag.py
[2025-06-25T09:21:11.518+0000] {processor.py:830} INFO - Processing file /home/airflow/.local/lib/python3.8/site-packages/airflow/example_dags/example_skip_dag.py for tasks to queue
[2025-06-25T09:21:11.520+0000] {logging_mixin.py:188} INFO - [2025-06-25T09:21:11.520+0000] {dagbag.py:538} INFO - Filling up the DagBag from /home/airflow/.local/lib/python3.8/site-packages/airflow/example_dags/example_skip_dag.py
[2025-06-25T09:21:11.530+0000] {processor.py:840} INFO - DAG(s) 'example_skip_dag' retrieved from /home/airflow/.local/lib/python3.8/site-packages/airflow/example_dags/example_skip_dag.py
[2025-06-25T09:21:11.565+0000] {logging_mixin.py:188} INFO - [2025-06-25T09:21:11.565+0000] {dag.py:3036} INFO - Sync 1 DAGs
[2025-06-25T09:21:11.599+0000] {logging_mixin.py:188} INFO - [2025-06-25T09:21:11.599+0000] {dag.py:3823} INFO - Setting next_dagrun for example_skip_dag to 2025-06-24 00:00:00+00:00, run_after=2025-06-25 00:00:00+00:00
[2025-06-25T09:21:11.627+0000] {processor.py:183} INFO - Processing /home/airflow/.local/lib/python3.8/site-packages/airflow/example_dags/example_skip_dag.py took 0.115 seconds
