[2025-06-25T09:04:08.294+0000] {processor.py:161} INFO - Started process (PID=73) to work on /home/airflow/.local/lib/python3.8/site-packages/airflow/example_dags/tutorial_dag.py
[2025-06-25T09:04:08.296+0000] {processor.py:830} INFO - Processing file /home/airflow/.local/lib/python3.8/site-packages/airflow/example_dags/tutorial_dag.py for tasks to queue
[2025-06-25T09:04:08.298+0000] {logging_mixin.py:188} INFO - [2025-06-25T09:04:08.298+0000] {dagbag.py:538} INFO - Filling up the DagBag from /home/airflow/.local/lib/python3.8/site-packages/airflow/example_dags/tutorial_dag.py
[2025-06-25T09:04:08.325+0000] {processor.py:840} INFO - DAG(s) 'tutorial_dag' retrieved from /home/airflow/.local/lib/python3.8/site-packages/airflow/example_dags/tutorial_dag.py
[2025-06-25T09:04:08.432+0000] {logging_mixin.py:188} INFO - [2025-06-25T09:04:08.431+0000] {dag.py:3036} INFO - Sync 1 DAGs
[2025-06-25T09:04:08.453+0000] {logging_mixin.py:188} INFO - [2025-06-25T09:04:08.453+0000] {dag.py:3823} INFO - Setting next_dagrun for tutorial_dag to None, run_after=None
[2025-06-25T09:04:08.519+0000] {processor.py:183} INFO - Processing /home/airflow/.local/lib/python3.8/site-packages/airflow/example_dags/tutorial_dag.py took 0.231 seconds
[2025-06-25T09:04:38.720+0000] {processor.py:161} INFO - Started process (PID=136) to work on /home/airflow/.local/lib/python3.8/site-packages/airflow/example_dags/tutorial_dag.py
[2025-06-25T09:04:38.721+0000] {processor.py:830} INFO - Processing file /home/airflow/.local/lib/python3.8/site-packages/airflow/example_dags/tutorial_dag.py for tasks to queue
[2025-06-25T09:04:38.724+0000] {logging_mixin.py:188} INFO - [2025-06-25T09:04:38.724+0000] {dagbag.py:538} INFO - Filling up the DagBag from /home/airflow/.local/lib/python3.8/site-packages/airflow/example_dags/tutorial_dag.py
[2025-06-25T09:04:38.733+0000] {processor.py:840} INFO - DAG(s) 'tutorial_dag' retrieved from /home/airflow/.local/lib/python3.8/site-packages/airflow/example_dags/tutorial_dag.py
[2025-06-25T09:04:38.771+0000] {logging_mixin.py:188} INFO - [2025-06-25T09:04:38.771+0000] {dag.py:3036} INFO - Sync 1 DAGs
[2025-06-25T09:04:38.795+0000] {logging_mixin.py:188} INFO - [2025-06-25T09:04:38.795+0000] {dag.py:3823} INFO - Setting next_dagrun for tutorial_dag to None, run_after=None
[2025-06-25T09:04:38.824+0000] {processor.py:183} INFO - Processing /home/airflow/.local/lib/python3.8/site-packages/airflow/example_dags/tutorial_dag.py took 0.110 seconds
[2025-06-25T09:05:09.133+0000] {processor.py:161} INFO - Started process (PID=203) to work on /home/airflow/.local/lib/python3.8/site-packages/airflow/example_dags/tutorial_dag.py
[2025-06-25T09:05:09.135+0000] {processor.py:830} INFO - Processing file /home/airflow/.local/lib/python3.8/site-packages/airflow/example_dags/tutorial_dag.py for tasks to queue
[2025-06-25T09:05:09.138+0000] {logging_mixin.py:188} INFO - [2025-06-25T09:05:09.137+0000] {dagbag.py:538} INFO - Filling up the DagBag from /home/airflow/.local/lib/python3.8/site-packages/airflow/example_dags/tutorial_dag.py
[2025-06-25T09:05:09.147+0000] {processor.py:840} INFO - DAG(s) 'tutorial_dag' retrieved from /home/airflow/.local/lib/python3.8/site-packages/airflow/example_dags/tutorial_dag.py
[2025-06-25T09:05:09.183+0000] {logging_mixin.py:188} INFO - [2025-06-25T09:05:09.182+0000] {dag.py:3036} INFO - Sync 1 DAGs
[2025-06-25T09:05:09.206+0000] {logging_mixin.py:188} INFO - [2025-06-25T09:05:09.206+0000] {dag.py:3823} INFO - Setting next_dagrun for tutorial_dag to None, run_after=None
[2025-06-25T09:05:09.245+0000] {processor.py:183} INFO - Processing /home/airflow/.local/lib/python3.8/site-packages/airflow/example_dags/tutorial_dag.py took 0.118 seconds
[2025-06-25T09:05:39.540+0000] {processor.py:161} INFO - Started process (PID=269) to work on /home/airflow/.local/lib/python3.8/site-packages/airflow/example_dags/tutorial_dag.py
[2025-06-25T09:05:39.541+0000] {processor.py:830} INFO - Processing file /home/airflow/.local/lib/python3.8/site-packages/airflow/example_dags/tutorial_dag.py for tasks to queue
[2025-06-25T09:05:39.544+0000] {logging_mixin.py:188} INFO - [2025-06-25T09:05:39.544+0000] {dagbag.py:538} INFO - Filling up the DagBag from /home/airflow/.local/lib/python3.8/site-packages/airflow/example_dags/tutorial_dag.py
[2025-06-25T09:05:39.554+0000] {processor.py:840} INFO - DAG(s) 'tutorial_dag' retrieved from /home/airflow/.local/lib/python3.8/site-packages/airflow/example_dags/tutorial_dag.py
[2025-06-25T09:05:39.590+0000] {logging_mixin.py:188} INFO - [2025-06-25T09:05:39.590+0000] {dag.py:3036} INFO - Sync 1 DAGs
[2025-06-25T09:05:39.610+0000] {logging_mixin.py:188} INFO - [2025-06-25T09:05:39.609+0000] {dag.py:3823} INFO - Setting next_dagrun for tutorial_dag to None, run_after=None
[2025-06-25T09:05:39.637+0000] {processor.py:183} INFO - Processing /home/airflow/.local/lib/python3.8/site-packages/airflow/example_dags/tutorial_dag.py took 0.103 seconds
[2025-06-25T09:06:09.864+0000] {processor.py:161} INFO - Started process (PID=335) to work on /home/airflow/.local/lib/python3.8/site-packages/airflow/example_dags/tutorial_dag.py
[2025-06-25T09:06:09.866+0000] {processor.py:830} INFO - Processing file /home/airflow/.local/lib/python3.8/site-packages/airflow/example_dags/tutorial_dag.py for tasks to queue
[2025-06-25T09:06:09.869+0000] {logging_mixin.py:188} INFO - [2025-06-25T09:06:09.868+0000] {dagbag.py:538} INFO - Filling up the DagBag from /home/airflow/.local/lib/python3.8/site-packages/airflow/example_dags/tutorial_dag.py
[2025-06-25T09:06:09.877+0000] {processor.py:840} INFO - DAG(s) 'tutorial_dag' retrieved from /home/airflow/.local/lib/python3.8/site-packages/airflow/example_dags/tutorial_dag.py
[2025-06-25T09:06:09.906+0000] {logging_mixin.py:188} INFO - [2025-06-25T09:06:09.906+0000] {dag.py:3036} INFO - Sync 1 DAGs
[2025-06-25T09:06:09.925+0000] {logging_mixin.py:188} INFO - [2025-06-25T09:06:09.925+0000] {dag.py:3823} INFO - Setting next_dagrun for tutorial_dag to None, run_after=None
[2025-06-25T09:06:09.956+0000] {processor.py:183} INFO - Processing /home/airflow/.local/lib/python3.8/site-packages/airflow/example_dags/tutorial_dag.py took 0.097 seconds
[2025-06-25T09:06:40.374+0000] {processor.py:161} INFO - Started process (PID=400) to work on /home/airflow/.local/lib/python3.8/site-packages/airflow/example_dags/tutorial_dag.py
[2025-06-25T09:06:40.376+0000] {processor.py:830} INFO - Processing file /home/airflow/.local/lib/python3.8/site-packages/airflow/example_dags/tutorial_dag.py for tasks to queue
[2025-06-25T09:06:40.379+0000] {logging_mixin.py:188} INFO - [2025-06-25T09:06:40.378+0000] {dagbag.py:538} INFO - Filling up the DagBag from /home/airflow/.local/lib/python3.8/site-packages/airflow/example_dags/tutorial_dag.py
[2025-06-25T09:06:40.386+0000] {processor.py:840} INFO - DAG(s) 'tutorial_dag' retrieved from /home/airflow/.local/lib/python3.8/site-packages/airflow/example_dags/tutorial_dag.py
[2025-06-25T09:06:40.421+0000] {logging_mixin.py:188} INFO - [2025-06-25T09:06:40.421+0000] {dag.py:3036} INFO - Sync 1 DAGs
[2025-06-25T09:06:40.442+0000] {logging_mixin.py:188} INFO - [2025-06-25T09:06:40.442+0000] {dag.py:3823} INFO - Setting next_dagrun for tutorial_dag to None, run_after=None
[2025-06-25T09:06:40.470+0000] {processor.py:183} INFO - Processing /home/airflow/.local/lib/python3.8/site-packages/airflow/example_dags/tutorial_dag.py took 0.101 seconds
[2025-06-25T09:07:10.963+0000] {processor.py:161} INFO - Started process (PID=465) to work on /home/airflow/.local/lib/python3.8/site-packages/airflow/example_dags/tutorial_dag.py
[2025-06-25T09:07:10.965+0000] {processor.py:830} INFO - Processing file /home/airflow/.local/lib/python3.8/site-packages/airflow/example_dags/tutorial_dag.py for tasks to queue
[2025-06-25T09:07:10.969+0000] {logging_mixin.py:188} INFO - [2025-06-25T09:07:10.969+0000] {dagbag.py:538} INFO - Filling up the DagBag from /home/airflow/.local/lib/python3.8/site-packages/airflow/example_dags/tutorial_dag.py
[2025-06-25T09:07:10.980+0000] {processor.py:840} INFO - DAG(s) 'tutorial_dag' retrieved from /home/airflow/.local/lib/python3.8/site-packages/airflow/example_dags/tutorial_dag.py
[2025-06-25T09:07:11.012+0000] {logging_mixin.py:188} INFO - [2025-06-25T09:07:11.012+0000] {dag.py:3036} INFO - Sync 1 DAGs
[2025-06-25T09:07:11.032+0000] {logging_mixin.py:188} INFO - [2025-06-25T09:07:11.031+0000] {dag.py:3823} INFO - Setting next_dagrun for tutorial_dag to None, run_after=None
[2025-06-25T09:07:11.059+0000] {processor.py:183} INFO - Processing /home/airflow/.local/lib/python3.8/site-packages/airflow/example_dags/tutorial_dag.py took 0.103 seconds
[2025-06-25T09:07:41.734+0000] {processor.py:161} INFO - Started process (PID=530) to work on /home/airflow/.local/lib/python3.8/site-packages/airflow/example_dags/tutorial_dag.py
[2025-06-25T09:07:41.736+0000] {processor.py:830} INFO - Processing file /home/airflow/.local/lib/python3.8/site-packages/airflow/example_dags/tutorial_dag.py for tasks to queue
[2025-06-25T09:07:41.738+0000] {logging_mixin.py:188} INFO - [2025-06-25T09:07:41.738+0000] {dagbag.py:538} INFO - Filling up the DagBag from /home/airflow/.local/lib/python3.8/site-packages/airflow/example_dags/tutorial_dag.py
[2025-06-25T09:07:41.748+0000] {processor.py:840} INFO - DAG(s) 'tutorial_dag' retrieved from /home/airflow/.local/lib/python3.8/site-packages/airflow/example_dags/tutorial_dag.py
[2025-06-25T09:07:41.782+0000] {logging_mixin.py:188} INFO - [2025-06-25T09:07:41.781+0000] {dag.py:3036} INFO - Sync 1 DAGs
[2025-06-25T09:07:41.807+0000] {logging_mixin.py:188} INFO - [2025-06-25T09:07:41.806+0000] {dag.py:3823} INFO - Setting next_dagrun for tutorial_dag to None, run_after=None
[2025-06-25T09:07:41.840+0000] {processor.py:183} INFO - Processing /home/airflow/.local/lib/python3.8/site-packages/airflow/example_dags/tutorial_dag.py took 0.112 seconds
[2025-06-25T09:08:11.899+0000] {processor.py:161} INFO - Started process (PID=597) to work on /home/airflow/.local/lib/python3.8/site-packages/airflow/example_dags/tutorial_dag.py
[2025-06-25T09:08:11.901+0000] {processor.py:830} INFO - Processing file /home/airflow/.local/lib/python3.8/site-packages/airflow/example_dags/tutorial_dag.py for tasks to queue
[2025-06-25T09:08:11.903+0000] {logging_mixin.py:188} INFO - [2025-06-25T09:08:11.902+0000] {dagbag.py:538} INFO - Filling up the DagBag from /home/airflow/.local/lib/python3.8/site-packages/airflow/example_dags/tutorial_dag.py
[2025-06-25T09:08:11.911+0000] {processor.py:840} INFO - DAG(s) 'tutorial_dag' retrieved from /home/airflow/.local/lib/python3.8/site-packages/airflow/example_dags/tutorial_dag.py
[2025-06-25T09:08:11.941+0000] {logging_mixin.py:188} INFO - [2025-06-25T09:08:11.941+0000] {dag.py:3036} INFO - Sync 1 DAGs
[2025-06-25T09:08:11.960+0000] {logging_mixin.py:188} INFO - [2025-06-25T09:08:11.960+0000] {dag.py:3823} INFO - Setting next_dagrun for tutorial_dag to None, run_after=None
[2025-06-25T09:08:11.983+0000] {processor.py:183} INFO - Processing /home/airflow/.local/lib/python3.8/site-packages/airflow/example_dags/tutorial_dag.py took 0.089 seconds
[2025-06-25T09:08:42.731+0000] {processor.py:161} INFO - Started process (PID=661) to work on /home/airflow/.local/lib/python3.8/site-packages/airflow/example_dags/tutorial_dag.py
[2025-06-25T09:08:42.736+0000] {processor.py:830} INFO - Processing file /home/airflow/.local/lib/python3.8/site-packages/airflow/example_dags/tutorial_dag.py for tasks to queue
[2025-06-25T09:08:42.740+0000] {logging_mixin.py:188} INFO - [2025-06-25T09:08:42.739+0000] {dagbag.py:538} INFO - Filling up the DagBag from /home/airflow/.local/lib/python3.8/site-packages/airflow/example_dags/tutorial_dag.py
[2025-06-25T09:08:42.749+0000] {processor.py:840} INFO - DAG(s) 'tutorial_dag' retrieved from /home/airflow/.local/lib/python3.8/site-packages/airflow/example_dags/tutorial_dag.py
[2025-06-25T09:08:42.789+0000] {logging_mixin.py:188} INFO - [2025-06-25T09:08:42.789+0000] {dag.py:3036} INFO - Sync 1 DAGs
[2025-06-25T09:08:42.810+0000] {logging_mixin.py:188} INFO - [2025-06-25T09:08:42.809+0000] {dag.py:3823} INFO - Setting next_dagrun for tutorial_dag to None, run_after=None
[2025-06-25T09:08:42.840+0000] {processor.py:183} INFO - Processing /home/airflow/.local/lib/python3.8/site-packages/airflow/example_dags/tutorial_dag.py took 0.118 seconds
[2025-06-25T09:09:12.940+0000] {processor.py:161} INFO - Started process (PID=726) to work on /home/airflow/.local/lib/python3.8/site-packages/airflow/example_dags/tutorial_dag.py
[2025-06-25T09:09:12.942+0000] {processor.py:830} INFO - Processing file /home/airflow/.local/lib/python3.8/site-packages/airflow/example_dags/tutorial_dag.py for tasks to queue
[2025-06-25T09:09:12.945+0000] {logging_mixin.py:188} INFO - [2025-06-25T09:09:12.944+0000] {dagbag.py:538} INFO - Filling up the DagBag from /home/airflow/.local/lib/python3.8/site-packages/airflow/example_dags/tutorial_dag.py
[2025-06-25T09:09:12.953+0000] {processor.py:840} INFO - DAG(s) 'tutorial_dag' retrieved from /home/airflow/.local/lib/python3.8/site-packages/airflow/example_dags/tutorial_dag.py
[2025-06-25T09:09:12.984+0000] {logging_mixin.py:188} INFO - [2025-06-25T09:09:12.984+0000] {dag.py:3036} INFO - Sync 1 DAGs
[2025-06-25T09:09:13.005+0000] {logging_mixin.py:188} INFO - [2025-06-25T09:09:13.004+0000] {dag.py:3823} INFO - Setting next_dagrun for tutorial_dag to None, run_after=None
[2025-06-25T09:09:13.037+0000] {processor.py:183} INFO - Processing /home/airflow/.local/lib/python3.8/site-packages/airflow/example_dags/tutorial_dag.py took 0.102 seconds
[2025-06-25T09:09:43.447+0000] {processor.py:161} INFO - Started process (PID=790) to work on /home/airflow/.local/lib/python3.8/site-packages/airflow/example_dags/tutorial_dag.py
[2025-06-25T09:09:43.449+0000] {processor.py:830} INFO - Processing file /home/airflow/.local/lib/python3.8/site-packages/airflow/example_dags/tutorial_dag.py for tasks to queue
[2025-06-25T09:09:43.451+0000] {logging_mixin.py:188} INFO - [2025-06-25T09:09:43.451+0000] {dagbag.py:538} INFO - Filling up the DagBag from /home/airflow/.local/lib/python3.8/site-packages/airflow/example_dags/tutorial_dag.py
[2025-06-25T09:09:43.460+0000] {processor.py:840} INFO - DAG(s) 'tutorial_dag' retrieved from /home/airflow/.local/lib/python3.8/site-packages/airflow/example_dags/tutorial_dag.py
[2025-06-25T09:09:43.507+0000] {logging_mixin.py:188} INFO - [2025-06-25T09:09:43.506+0000] {dag.py:3036} INFO - Sync 1 DAGs
[2025-06-25T09:09:43.537+0000] {logging_mixin.py:188} INFO - [2025-06-25T09:09:43.537+0000] {dag.py:3823} INFO - Setting next_dagrun for tutorial_dag to None, run_after=None
[2025-06-25T09:09:43.578+0000] {processor.py:183} INFO - Processing /home/airflow/.local/lib/python3.8/site-packages/airflow/example_dags/tutorial_dag.py took 0.137 seconds
[2025-06-25T09:10:14.261+0000] {processor.py:161} INFO - Started process (PID=863) to work on /home/airflow/.local/lib/python3.8/site-packages/airflow/example_dags/tutorial_dag.py
[2025-06-25T09:10:14.263+0000] {processor.py:830} INFO - Processing file /home/airflow/.local/lib/python3.8/site-packages/airflow/example_dags/tutorial_dag.py for tasks to queue
[2025-06-25T09:10:14.265+0000] {logging_mixin.py:188} INFO - [2025-06-25T09:10:14.265+0000] {dagbag.py:538} INFO - Filling up the DagBag from /home/airflow/.local/lib/python3.8/site-packages/airflow/example_dags/tutorial_dag.py
[2025-06-25T09:10:14.275+0000] {processor.py:840} INFO - DAG(s) 'tutorial_dag' retrieved from /home/airflow/.local/lib/python3.8/site-packages/airflow/example_dags/tutorial_dag.py
[2025-06-25T09:10:14.307+0000] {logging_mixin.py:188} INFO - [2025-06-25T09:10:14.306+0000] {dag.py:3036} INFO - Sync 1 DAGs
[2025-06-25T09:10:14.327+0000] {logging_mixin.py:188} INFO - [2025-06-25T09:10:14.327+0000] {dag.py:3823} INFO - Setting next_dagrun for tutorial_dag to None, run_after=None
[2025-06-25T09:10:14.359+0000] {processor.py:183} INFO - Processing /home/airflow/.local/lib/python3.8/site-packages/airflow/example_dags/tutorial_dag.py took 0.105 seconds
[2025-06-25T09:10:44.699+0000] {processor.py:161} INFO - Started process (PID=928) to work on /home/airflow/.local/lib/python3.8/site-packages/airflow/example_dags/tutorial_dag.py
[2025-06-25T09:10:44.701+0000] {processor.py:830} INFO - Processing file /home/airflow/.local/lib/python3.8/site-packages/airflow/example_dags/tutorial_dag.py for tasks to queue
[2025-06-25T09:10:44.704+0000] {logging_mixin.py:188} INFO - [2025-06-25T09:10:44.703+0000] {dagbag.py:538} INFO - Filling up the DagBag from /home/airflow/.local/lib/python3.8/site-packages/airflow/example_dags/tutorial_dag.py
[2025-06-25T09:10:44.713+0000] {processor.py:840} INFO - DAG(s) 'tutorial_dag' retrieved from /home/airflow/.local/lib/python3.8/site-packages/airflow/example_dags/tutorial_dag.py
[2025-06-25T09:10:44.744+0000] {logging_mixin.py:188} INFO - [2025-06-25T09:10:44.744+0000] {dag.py:3036} INFO - Sync 1 DAGs
[2025-06-25T09:10:44.764+0000] {logging_mixin.py:188} INFO - [2025-06-25T09:10:44.763+0000] {dag.py:3823} INFO - Setting next_dagrun for tutorial_dag to None, run_after=None
[2025-06-25T09:10:44.794+0000] {processor.py:183} INFO - Processing /home/airflow/.local/lib/python3.8/site-packages/airflow/example_dags/tutorial_dag.py took 0.101 seconds
[2025-06-25T09:11:15.421+0000] {processor.py:161} INFO - Started process (PID=993) to work on /home/airflow/.local/lib/python3.8/site-packages/airflow/example_dags/tutorial_dag.py
[2025-06-25T09:11:15.423+0000] {processor.py:830} INFO - Processing file /home/airflow/.local/lib/python3.8/site-packages/airflow/example_dags/tutorial_dag.py for tasks to queue
[2025-06-25T09:11:15.426+0000] {logging_mixin.py:188} INFO - [2025-06-25T09:11:15.426+0000] {dagbag.py:538} INFO - Filling up the DagBag from /home/airflow/.local/lib/python3.8/site-packages/airflow/example_dags/tutorial_dag.py
[2025-06-25T09:11:15.437+0000] {processor.py:840} INFO - DAG(s) 'tutorial_dag' retrieved from /home/airflow/.local/lib/python3.8/site-packages/airflow/example_dags/tutorial_dag.py
[2025-06-25T09:11:15.480+0000] {logging_mixin.py:188} INFO - [2025-06-25T09:11:15.480+0000] {dag.py:3036} INFO - Sync 1 DAGs
[2025-06-25T09:11:15.508+0000] {logging_mixin.py:188} INFO - [2025-06-25T09:11:15.507+0000] {dag.py:3823} INFO - Setting next_dagrun for tutorial_dag to None, run_after=None
[2025-06-25T09:11:15.552+0000] {processor.py:183} INFO - Processing /home/airflow/.local/lib/python3.8/site-packages/airflow/example_dags/tutorial_dag.py took 0.137 seconds
[2025-06-25T09:11:45.741+0000] {processor.py:161} INFO - Started process (PID=1058) to work on /home/airflow/.local/lib/python3.8/site-packages/airflow/example_dags/tutorial_dag.py
[2025-06-25T09:11:45.744+0000] {processor.py:830} INFO - Processing file /home/airflow/.local/lib/python3.8/site-packages/airflow/example_dags/tutorial_dag.py for tasks to queue
[2025-06-25T09:11:45.748+0000] {logging_mixin.py:188} INFO - [2025-06-25T09:11:45.747+0000] {dagbag.py:538} INFO - Filling up the DagBag from /home/airflow/.local/lib/python3.8/site-packages/airflow/example_dags/tutorial_dag.py
[2025-06-25T09:11:45.758+0000] {processor.py:840} INFO - DAG(s) 'tutorial_dag' retrieved from /home/airflow/.local/lib/python3.8/site-packages/airflow/example_dags/tutorial_dag.py
[2025-06-25T09:11:45.803+0000] {logging_mixin.py:188} INFO - [2025-06-25T09:11:45.802+0000] {dag.py:3036} INFO - Sync 1 DAGs
[2025-06-25T09:11:45.834+0000] {logging_mixin.py:188} INFO - [2025-06-25T09:11:45.833+0000] {dag.py:3823} INFO - Setting next_dagrun for tutorial_dag to None, run_after=None
[2025-06-25T09:11:45.881+0000] {processor.py:183} INFO - Processing /home/airflow/.local/lib/python3.8/site-packages/airflow/example_dags/tutorial_dag.py took 0.148 seconds
[2025-06-25T09:12:16.215+0000] {processor.py:161} INFO - Started process (PID=1121) to work on /home/airflow/.local/lib/python3.8/site-packages/airflow/example_dags/tutorial_dag.py
[2025-06-25T09:12:16.219+0000] {processor.py:830} INFO - Processing file /home/airflow/.local/lib/python3.8/site-packages/airflow/example_dags/tutorial_dag.py for tasks to queue
[2025-06-25T09:12:16.223+0000] {logging_mixin.py:188} INFO - [2025-06-25T09:12:16.222+0000] {dagbag.py:538} INFO - Filling up the DagBag from /home/airflow/.local/lib/python3.8/site-packages/airflow/example_dags/tutorial_dag.py
[2025-06-25T09:12:16.234+0000] {processor.py:840} INFO - DAG(s) 'tutorial_dag' retrieved from /home/airflow/.local/lib/python3.8/site-packages/airflow/example_dags/tutorial_dag.py
[2025-06-25T09:12:16.274+0000] {logging_mixin.py:188} INFO - [2025-06-25T09:12:16.274+0000] {dag.py:3036} INFO - Sync 1 DAGs
[2025-06-25T09:12:16.302+0000] {logging_mixin.py:188} INFO - [2025-06-25T09:12:16.301+0000] {dag.py:3823} INFO - Setting next_dagrun for tutorial_dag to None, run_after=None
[2025-06-25T09:12:16.342+0000] {processor.py:183} INFO - Processing /home/airflow/.local/lib/python3.8/site-packages/airflow/example_dags/tutorial_dag.py took 0.141 seconds
[2025-06-25T09:12:47.079+0000] {processor.py:161} INFO - Started process (PID=1186) to work on /home/airflow/.local/lib/python3.8/site-packages/airflow/example_dags/tutorial_dag.py
[2025-06-25T09:12:47.080+0000] {processor.py:830} INFO - Processing file /home/airflow/.local/lib/python3.8/site-packages/airflow/example_dags/tutorial_dag.py for tasks to queue
[2025-06-25T09:12:47.084+0000] {logging_mixin.py:188} INFO - [2025-06-25T09:12:47.083+0000] {dagbag.py:538} INFO - Filling up the DagBag from /home/airflow/.local/lib/python3.8/site-packages/airflow/example_dags/tutorial_dag.py
[2025-06-25T09:12:47.094+0000] {processor.py:840} INFO - DAG(s) 'tutorial_dag' retrieved from /home/airflow/.local/lib/python3.8/site-packages/airflow/example_dags/tutorial_dag.py
[2025-06-25T09:12:47.131+0000] {logging_mixin.py:188} INFO - [2025-06-25T09:12:47.131+0000] {dag.py:3036} INFO - Sync 1 DAGs
[2025-06-25T09:12:47.153+0000] {logging_mixin.py:188} INFO - [2025-06-25T09:12:47.153+0000] {dag.py:3823} INFO - Setting next_dagrun for tutorial_dag to None, run_after=None
[2025-06-25T09:12:47.188+0000] {processor.py:183} INFO - Processing /home/airflow/.local/lib/python3.8/site-packages/airflow/example_dags/tutorial_dag.py took 0.116 seconds
[2025-06-25T09:13:17.980+0000] {processor.py:161} INFO - Started process (PID=1252) to work on /home/airflow/.local/lib/python3.8/site-packages/airflow/example_dags/tutorial_dag.py
[2025-06-25T09:13:17.985+0000] {processor.py:830} INFO - Processing file /home/airflow/.local/lib/python3.8/site-packages/airflow/example_dags/tutorial_dag.py for tasks to queue
[2025-06-25T09:13:17.990+0000] {logging_mixin.py:188} INFO - [2025-06-25T09:13:17.989+0000] {dagbag.py:538} INFO - Filling up the DagBag from /home/airflow/.local/lib/python3.8/site-packages/airflow/example_dags/tutorial_dag.py
[2025-06-25T09:13:18.001+0000] {processor.py:840} INFO - DAG(s) 'tutorial_dag' retrieved from /home/airflow/.local/lib/python3.8/site-packages/airflow/example_dags/tutorial_dag.py
[2025-06-25T09:13:18.044+0000] {logging_mixin.py:188} INFO - [2025-06-25T09:13:18.044+0000] {dag.py:3036} INFO - Sync 1 DAGs
[2025-06-25T09:13:18.068+0000] {logging_mixin.py:188} INFO - [2025-06-25T09:13:18.067+0000] {dag.py:3823} INFO - Setting next_dagrun for tutorial_dag to None, run_after=None
[2025-06-25T09:13:18.111+0000] {processor.py:183} INFO - Processing /home/airflow/.local/lib/python3.8/site-packages/airflow/example_dags/tutorial_dag.py took 0.143 seconds
[2025-06-25T09:13:48.428+0000] {processor.py:161} INFO - Started process (PID=1317) to work on /home/airflow/.local/lib/python3.8/site-packages/airflow/example_dags/tutorial_dag.py
[2025-06-25T09:13:48.430+0000] {processor.py:830} INFO - Processing file /home/airflow/.local/lib/python3.8/site-packages/airflow/example_dags/tutorial_dag.py for tasks to queue
[2025-06-25T09:13:48.434+0000] {logging_mixin.py:188} INFO - [2025-06-25T09:13:48.433+0000] {dagbag.py:538} INFO - Filling up the DagBag from /home/airflow/.local/lib/python3.8/site-packages/airflow/example_dags/tutorial_dag.py
[2025-06-25T09:13:48.444+0000] {processor.py:840} INFO - DAG(s) 'tutorial_dag' retrieved from /home/airflow/.local/lib/python3.8/site-packages/airflow/example_dags/tutorial_dag.py
[2025-06-25T09:13:48.481+0000] {logging_mixin.py:188} INFO - [2025-06-25T09:13:48.480+0000] {dag.py:3036} INFO - Sync 1 DAGs
[2025-06-25T09:13:48.506+0000] {logging_mixin.py:188} INFO - [2025-06-25T09:13:48.506+0000] {dag.py:3823} INFO - Setting next_dagrun for tutorial_dag to None, run_after=None
[2025-06-25T09:13:48.542+0000] {processor.py:183} INFO - Processing /home/airflow/.local/lib/python3.8/site-packages/airflow/example_dags/tutorial_dag.py took 0.122 seconds
[2025-06-25T09:14:18.851+0000] {processor.py:161} INFO - Started process (PID=1376) to work on /home/airflow/.local/lib/python3.8/site-packages/airflow/example_dags/tutorial_dag.py
[2025-06-25T09:14:18.853+0000] {processor.py:830} INFO - Processing file /home/airflow/.local/lib/python3.8/site-packages/airflow/example_dags/tutorial_dag.py for tasks to queue
[2025-06-25T09:14:18.856+0000] {logging_mixin.py:188} INFO - [2025-06-25T09:14:18.856+0000] {dagbag.py:538} INFO - Filling up the DagBag from /home/airflow/.local/lib/python3.8/site-packages/airflow/example_dags/tutorial_dag.py
[2025-06-25T09:14:18.866+0000] {processor.py:840} INFO - DAG(s) 'tutorial_dag' retrieved from /home/airflow/.local/lib/python3.8/site-packages/airflow/example_dags/tutorial_dag.py
[2025-06-25T09:14:18.909+0000] {logging_mixin.py:188} INFO - [2025-06-25T09:14:18.908+0000] {dag.py:3036} INFO - Sync 1 DAGs
[2025-06-25T09:14:18.934+0000] {logging_mixin.py:188} INFO - [2025-06-25T09:14:18.934+0000] {dag.py:3823} INFO - Setting next_dagrun for tutorial_dag to None, run_after=None
[2025-06-25T09:14:18.975+0000] {processor.py:183} INFO - Processing /home/airflow/.local/lib/python3.8/site-packages/airflow/example_dags/tutorial_dag.py took 0.129 seconds
[2025-06-25T09:14:49.754+0000] {processor.py:161} INFO - Started process (PID=1441) to work on /home/airflow/.local/lib/python3.8/site-packages/airflow/example_dags/tutorial_dag.py
[2025-06-25T09:14:49.755+0000] {processor.py:830} INFO - Processing file /home/airflow/.local/lib/python3.8/site-packages/airflow/example_dags/tutorial_dag.py for tasks to queue
[2025-06-25T09:14:49.759+0000] {logging_mixin.py:188} INFO - [2025-06-25T09:14:49.759+0000] {dagbag.py:538} INFO - Filling up the DagBag from /home/airflow/.local/lib/python3.8/site-packages/airflow/example_dags/tutorial_dag.py
[2025-06-25T09:14:49.771+0000] {processor.py:840} INFO - DAG(s) 'tutorial_dag' retrieved from /home/airflow/.local/lib/python3.8/site-packages/airflow/example_dags/tutorial_dag.py
[2025-06-25T09:14:49.817+0000] {logging_mixin.py:188} INFO - [2025-06-25T09:14:49.817+0000] {dag.py:3036} INFO - Sync 1 DAGs
[2025-06-25T09:14:49.844+0000] {logging_mixin.py:188} INFO - [2025-06-25T09:14:49.844+0000] {dag.py:3823} INFO - Setting next_dagrun for tutorial_dag to None, run_after=None
[2025-06-25T09:14:49.884+0000] {processor.py:183} INFO - Processing /home/airflow/.local/lib/python3.8/site-packages/airflow/example_dags/tutorial_dag.py took 0.136 seconds
[2025-06-25T09:15:20.625+0000] {processor.py:161} INFO - Started process (PID=1506) to work on /home/airflow/.local/lib/python3.8/site-packages/airflow/example_dags/tutorial_dag.py
[2025-06-25T09:15:20.628+0000] {processor.py:830} INFO - Processing file /home/airflow/.local/lib/python3.8/site-packages/airflow/example_dags/tutorial_dag.py for tasks to queue
[2025-06-25T09:15:20.632+0000] {logging_mixin.py:188} INFO - [2025-06-25T09:15:20.631+0000] {dagbag.py:538} INFO - Filling up the DagBag from /home/airflow/.local/lib/python3.8/site-packages/airflow/example_dags/tutorial_dag.py
[2025-06-25T09:15:20.652+0000] {processor.py:840} INFO - DAG(s) 'tutorial_dag' retrieved from /home/airflow/.local/lib/python3.8/site-packages/airflow/example_dags/tutorial_dag.py
[2025-06-25T09:15:20.811+0000] {logging_mixin.py:188} INFO - [2025-06-25T09:15:20.811+0000] {dag.py:3036} INFO - Sync 1 DAGs
[2025-06-25T09:15:20.866+0000] {logging_mixin.py:188} INFO - [2025-06-25T09:15:20.865+0000] {dag.py:3823} INFO - Setting next_dagrun for tutorial_dag to None, run_after=None
[2025-06-25T09:15:20.945+0000] {processor.py:183} INFO - Processing /home/airflow/.local/lib/python3.8/site-packages/airflow/example_dags/tutorial_dag.py took 0.327 seconds
[2025-06-25T09:15:51.152+0000] {processor.py:161} INFO - Started process (PID=1571) to work on /home/airflow/.local/lib/python3.8/site-packages/airflow/example_dags/tutorial_dag.py
[2025-06-25T09:15:51.153+0000] {processor.py:830} INFO - Processing file /home/airflow/.local/lib/python3.8/site-packages/airflow/example_dags/tutorial_dag.py for tasks to queue
[2025-06-25T09:15:51.157+0000] {logging_mixin.py:188} INFO - [2025-06-25T09:15:51.156+0000] {dagbag.py:538} INFO - Filling up the DagBag from /home/airflow/.local/lib/python3.8/site-packages/airflow/example_dags/tutorial_dag.py
[2025-06-25T09:15:51.168+0000] {processor.py:840} INFO - DAG(s) 'tutorial_dag' retrieved from /home/airflow/.local/lib/python3.8/site-packages/airflow/example_dags/tutorial_dag.py
[2025-06-25T09:15:51.207+0000] {logging_mixin.py:188} INFO - [2025-06-25T09:15:51.207+0000] {dag.py:3036} INFO - Sync 1 DAGs
[2025-06-25T09:15:51.232+0000] {logging_mixin.py:188} INFO - [2025-06-25T09:15:51.232+0000] {dag.py:3823} INFO - Setting next_dagrun for tutorial_dag to None, run_after=None
[2025-06-25T09:15:51.276+0000] {processor.py:183} INFO - Processing /home/airflow/.local/lib/python3.8/site-packages/airflow/example_dags/tutorial_dag.py took 0.130 seconds
[2025-06-25T09:16:21.725+0000] {processor.py:161} INFO - Started process (PID=1635) to work on /home/airflow/.local/lib/python3.8/site-packages/airflow/example_dags/tutorial_dag.py
[2025-06-25T09:16:21.739+0000] {processor.py:830} INFO - Processing file /home/airflow/.local/lib/python3.8/site-packages/airflow/example_dags/tutorial_dag.py for tasks to queue
[2025-06-25T09:16:21.743+0000] {logging_mixin.py:188} INFO - [2025-06-25T09:16:21.742+0000] {dagbag.py:538} INFO - Filling up the DagBag from /home/airflow/.local/lib/python3.8/site-packages/airflow/example_dags/tutorial_dag.py
[2025-06-25T09:16:21.755+0000] {processor.py:840} INFO - DAG(s) 'tutorial_dag' retrieved from /home/airflow/.local/lib/python3.8/site-packages/airflow/example_dags/tutorial_dag.py
[2025-06-25T09:16:21.816+0000] {logging_mixin.py:188} INFO - [2025-06-25T09:16:21.816+0000] {dag.py:3036} INFO - Sync 1 DAGs
[2025-06-25T09:16:21.849+0000] {logging_mixin.py:188} INFO - [2025-06-25T09:16:21.848+0000] {dag.py:3823} INFO - Setting next_dagrun for tutorial_dag to None, run_after=None
[2025-06-25T09:16:21.906+0000] {processor.py:183} INFO - Processing /home/airflow/.local/lib/python3.8/site-packages/airflow/example_dags/tutorial_dag.py took 0.188 seconds
[2025-06-25T09:16:52.316+0000] {processor.py:161} INFO - Started process (PID=1692) to work on /home/airflow/.local/lib/python3.8/site-packages/airflow/example_dags/tutorial_dag.py
[2025-06-25T09:16:52.318+0000] {processor.py:830} INFO - Processing file /home/airflow/.local/lib/python3.8/site-packages/airflow/example_dags/tutorial_dag.py for tasks to queue
[2025-06-25T09:16:52.321+0000] {logging_mixin.py:188} INFO - [2025-06-25T09:16:52.320+0000] {dagbag.py:538} INFO - Filling up the DagBag from /home/airflow/.local/lib/python3.8/site-packages/airflow/example_dags/tutorial_dag.py
[2025-06-25T09:16:52.331+0000] {processor.py:840} INFO - DAG(s) 'tutorial_dag' retrieved from /home/airflow/.local/lib/python3.8/site-packages/airflow/example_dags/tutorial_dag.py
[2025-06-25T09:16:52.409+0000] {logging_mixin.py:188} INFO - [2025-06-25T09:16:52.409+0000] {dag.py:3036} INFO - Sync 1 DAGs
[2025-06-25T09:16:52.440+0000] {logging_mixin.py:188} INFO - [2025-06-25T09:16:52.439+0000] {dag.py:3823} INFO - Setting next_dagrun for tutorial_dag to None, run_after=None
[2025-06-25T09:16:52.489+0000] {processor.py:183} INFO - Processing /home/airflow/.local/lib/python3.8/site-packages/airflow/example_dags/tutorial_dag.py took 0.179 seconds
[2025-06-25T09:17:22.820+0000] {processor.py:161} INFO - Started process (PID=1758) to work on /home/airflow/.local/lib/python3.8/site-packages/airflow/example_dags/tutorial_dag.py
[2025-06-25T09:17:22.823+0000] {processor.py:830} INFO - Processing file /home/airflow/.local/lib/python3.8/site-packages/airflow/example_dags/tutorial_dag.py for tasks to queue
[2025-06-25T09:17:22.825+0000] {logging_mixin.py:188} INFO - [2025-06-25T09:17:22.825+0000] {dagbag.py:538} INFO - Filling up the DagBag from /home/airflow/.local/lib/python3.8/site-packages/airflow/example_dags/tutorial_dag.py
[2025-06-25T09:17:22.834+0000] {processor.py:840} INFO - DAG(s) 'tutorial_dag' retrieved from /home/airflow/.local/lib/python3.8/site-packages/airflow/example_dags/tutorial_dag.py
[2025-06-25T09:17:22.871+0000] {logging_mixin.py:188} INFO - [2025-06-25T09:17:22.870+0000] {dag.py:3036} INFO - Sync 1 DAGs
[2025-06-25T09:17:22.895+0000] {logging_mixin.py:188} INFO - [2025-06-25T09:17:22.895+0000] {dag.py:3823} INFO - Setting next_dagrun for tutorial_dag to None, run_after=None
[2025-06-25T09:17:22.930+0000] {processor.py:183} INFO - Processing /home/airflow/.local/lib/python3.8/site-packages/airflow/example_dags/tutorial_dag.py took 0.116 seconds
[2025-06-25T09:17:53.217+0000] {processor.py:161} INFO - Started process (PID=1821) to work on /home/airflow/.local/lib/python3.8/site-packages/airflow/example_dags/tutorial_dag.py
[2025-06-25T09:17:53.219+0000] {processor.py:830} INFO - Processing file /home/airflow/.local/lib/python3.8/site-packages/airflow/example_dags/tutorial_dag.py for tasks to queue
[2025-06-25T09:17:53.222+0000] {logging_mixin.py:188} INFO - [2025-06-25T09:17:53.222+0000] {dagbag.py:538} INFO - Filling up the DagBag from /home/airflow/.local/lib/python3.8/site-packages/airflow/example_dags/tutorial_dag.py
[2025-06-25T09:17:53.232+0000] {processor.py:840} INFO - DAG(s) 'tutorial_dag' retrieved from /home/airflow/.local/lib/python3.8/site-packages/airflow/example_dags/tutorial_dag.py
[2025-06-25T09:17:53.268+0000] {logging_mixin.py:188} INFO - [2025-06-25T09:17:53.268+0000] {dag.py:3036} INFO - Sync 1 DAGs
[2025-06-25T09:17:53.293+0000] {logging_mixin.py:188} INFO - [2025-06-25T09:17:53.293+0000] {dag.py:3823} INFO - Setting next_dagrun for tutorial_dag to None, run_after=None
[2025-06-25T09:17:53.352+0000] {processor.py:183} INFO - Processing /home/airflow/.local/lib/python3.8/site-packages/airflow/example_dags/tutorial_dag.py took 0.142 seconds
[2025-06-25T09:18:23.823+0000] {processor.py:161} INFO - Started process (PID=1886) to work on /home/airflow/.local/lib/python3.8/site-packages/airflow/example_dags/tutorial_dag.py
[2025-06-25T09:18:23.825+0000] {processor.py:830} INFO - Processing file /home/airflow/.local/lib/python3.8/site-packages/airflow/example_dags/tutorial_dag.py for tasks to queue
[2025-06-25T09:18:23.828+0000] {logging_mixin.py:188} INFO - [2025-06-25T09:18:23.828+0000] {dagbag.py:538} INFO - Filling up the DagBag from /home/airflow/.local/lib/python3.8/site-packages/airflow/example_dags/tutorial_dag.py
[2025-06-25T09:18:23.853+0000] {processor.py:840} INFO - DAG(s) 'tutorial_dag' retrieved from /home/airflow/.local/lib/python3.8/site-packages/airflow/example_dags/tutorial_dag.py
[2025-06-25T09:18:23.891+0000] {logging_mixin.py:188} INFO - [2025-06-25T09:18:23.890+0000] {dag.py:3036} INFO - Sync 1 DAGs
[2025-06-25T09:18:23.925+0000] {logging_mixin.py:188} INFO - [2025-06-25T09:18:23.924+0000] {dag.py:3823} INFO - Setting next_dagrun for tutorial_dag to None, run_after=None
[2025-06-25T09:18:23.979+0000] {processor.py:183} INFO - Processing /home/airflow/.local/lib/python3.8/site-packages/airflow/example_dags/tutorial_dag.py took 0.163 seconds
[2025-06-25T09:18:54.821+0000] {processor.py:161} INFO - Started process (PID=1951) to work on /home/airflow/.local/lib/python3.8/site-packages/airflow/example_dags/tutorial_dag.py
[2025-06-25T09:18:54.823+0000] {processor.py:830} INFO - Processing file /home/airflow/.local/lib/python3.8/site-packages/airflow/example_dags/tutorial_dag.py for tasks to queue
[2025-06-25T09:18:54.826+0000] {logging_mixin.py:188} INFO - [2025-06-25T09:18:54.825+0000] {dagbag.py:538} INFO - Filling up the DagBag from /home/airflow/.local/lib/python3.8/site-packages/airflow/example_dags/tutorial_dag.py
[2025-06-25T09:18:54.836+0000] {processor.py:840} INFO - DAG(s) 'tutorial_dag' retrieved from /home/airflow/.local/lib/python3.8/site-packages/airflow/example_dags/tutorial_dag.py
[2025-06-25T09:18:54.871+0000] {logging_mixin.py:188} INFO - [2025-06-25T09:18:54.871+0000] {dag.py:3036} INFO - Sync 1 DAGs
[2025-06-25T09:18:54.897+0000] {logging_mixin.py:188} INFO - [2025-06-25T09:18:54.897+0000] {dag.py:3823} INFO - Setting next_dagrun for tutorial_dag to None, run_after=None
[2025-06-25T09:18:54.934+0000] {processor.py:183} INFO - Processing /home/airflow/.local/lib/python3.8/site-packages/airflow/example_dags/tutorial_dag.py took 0.119 seconds
[2025-06-25T09:19:25.531+0000] {processor.py:161} INFO - Started process (PID=2016) to work on /home/airflow/.local/lib/python3.8/site-packages/airflow/example_dags/tutorial_dag.py
[2025-06-25T09:19:25.532+0000] {processor.py:830} INFO - Processing file /home/airflow/.local/lib/python3.8/site-packages/airflow/example_dags/tutorial_dag.py for tasks to queue
[2025-06-25T09:19:25.535+0000] {logging_mixin.py:188} INFO - [2025-06-25T09:19:25.535+0000] {dagbag.py:538} INFO - Filling up the DagBag from /home/airflow/.local/lib/python3.8/site-packages/airflow/example_dags/tutorial_dag.py
[2025-06-25T09:19:25.545+0000] {processor.py:840} INFO - DAG(s) 'tutorial_dag' retrieved from /home/airflow/.local/lib/python3.8/site-packages/airflow/example_dags/tutorial_dag.py
[2025-06-25T09:19:25.580+0000] {logging_mixin.py:188} INFO - [2025-06-25T09:19:25.580+0000] {dag.py:3036} INFO - Sync 1 DAGs
[2025-06-25T09:19:25.605+0000] {logging_mixin.py:188} INFO - [2025-06-25T09:19:25.604+0000] {dag.py:3823} INFO - Setting next_dagrun for tutorial_dag to None, run_after=None
[2025-06-25T09:19:25.639+0000] {processor.py:183} INFO - Processing /home/airflow/.local/lib/python3.8/site-packages/airflow/example_dags/tutorial_dag.py took 0.114 seconds
[2025-06-25T09:19:56.096+0000] {processor.py:161} INFO - Started process (PID=2088) to work on /home/airflow/.local/lib/python3.8/site-packages/airflow/example_dags/tutorial_dag.py
[2025-06-25T09:19:56.098+0000] {processor.py:830} INFO - Processing file /home/airflow/.local/lib/python3.8/site-packages/airflow/example_dags/tutorial_dag.py for tasks to queue
[2025-06-25T09:19:56.100+0000] {logging_mixin.py:188} INFO - [2025-06-25T09:19:56.100+0000] {dagbag.py:538} INFO - Filling up the DagBag from /home/airflow/.local/lib/python3.8/site-packages/airflow/example_dags/tutorial_dag.py
[2025-06-25T09:19:56.109+0000] {processor.py:840} INFO - DAG(s) 'tutorial_dag' retrieved from /home/airflow/.local/lib/python3.8/site-packages/airflow/example_dags/tutorial_dag.py
[2025-06-25T09:19:56.145+0000] {logging_mixin.py:188} INFO - [2025-06-25T09:19:56.145+0000] {dag.py:3036} INFO - Sync 1 DAGs
[2025-06-25T09:19:56.170+0000] {logging_mixin.py:188} INFO - [2025-06-25T09:19:56.170+0000] {dag.py:3823} INFO - Setting next_dagrun for tutorial_dag to None, run_after=None
[2025-06-25T09:19:56.203+0000] {processor.py:183} INFO - Processing /home/airflow/.local/lib/python3.8/site-packages/airflow/example_dags/tutorial_dag.py took 0.113 seconds
[2025-06-25T09:20:26.916+0000] {processor.py:161} INFO - Started process (PID=2154) to work on /home/airflow/.local/lib/python3.8/site-packages/airflow/example_dags/tutorial_dag.py
[2025-06-25T09:20:26.918+0000] {processor.py:830} INFO - Processing file /home/airflow/.local/lib/python3.8/site-packages/airflow/example_dags/tutorial_dag.py for tasks to queue
[2025-06-25T09:20:26.920+0000] {logging_mixin.py:188} INFO - [2025-06-25T09:20:26.920+0000] {dagbag.py:538} INFO - Filling up the DagBag from /home/airflow/.local/lib/python3.8/site-packages/airflow/example_dags/tutorial_dag.py
[2025-06-25T09:20:26.928+0000] {processor.py:840} INFO - DAG(s) 'tutorial_dag' retrieved from /home/airflow/.local/lib/python3.8/site-packages/airflow/example_dags/tutorial_dag.py
[2025-06-25T09:20:26.960+0000] {logging_mixin.py:188} INFO - [2025-06-25T09:20:26.960+0000] {dag.py:3036} INFO - Sync 1 DAGs
[2025-06-25T09:20:26.983+0000] {logging_mixin.py:188} INFO - [2025-06-25T09:20:26.983+0000] {dag.py:3823} INFO - Setting next_dagrun for tutorial_dag to None, run_after=None
[2025-06-25T09:20:27.009+0000] {processor.py:183} INFO - Processing /home/airflow/.local/lib/python3.8/site-packages/airflow/example_dags/tutorial_dag.py took 0.098 seconds
[2025-06-25T09:20:57.804+0000] {processor.py:161} INFO - Started process (PID=2219) to work on /home/airflow/.local/lib/python3.8/site-packages/airflow/example_dags/tutorial_dag.py
[2025-06-25T09:20:57.806+0000] {processor.py:830} INFO - Processing file /home/airflow/.local/lib/python3.8/site-packages/airflow/example_dags/tutorial_dag.py for tasks to queue
[2025-06-25T09:20:57.808+0000] {logging_mixin.py:188} INFO - [2025-06-25T09:20:57.808+0000] {dagbag.py:538} INFO - Filling up the DagBag from /home/airflow/.local/lib/python3.8/site-packages/airflow/example_dags/tutorial_dag.py
[2025-06-25T09:20:57.816+0000] {processor.py:840} INFO - DAG(s) 'tutorial_dag' retrieved from /home/airflow/.local/lib/python3.8/site-packages/airflow/example_dags/tutorial_dag.py
[2025-06-25T09:20:57.846+0000] {logging_mixin.py:188} INFO - [2025-06-25T09:20:57.845+0000] {dag.py:3036} INFO - Sync 1 DAGs
[2025-06-25T09:20:57.867+0000] {logging_mixin.py:188} INFO - [2025-06-25T09:20:57.866+0000] {dag.py:3823} INFO - Setting next_dagrun for tutorial_dag to None, run_after=None
[2025-06-25T09:20:57.900+0000] {processor.py:183} INFO - Processing /home/airflow/.local/lib/python3.8/site-packages/airflow/example_dags/tutorial_dag.py took 0.102 seconds
[2025-06-25T09:21:28.219+0000] {processor.py:161} INFO - Started process (PID=2284) to work on /home/airflow/.local/lib/python3.8/site-packages/airflow/example_dags/tutorial_dag.py
[2025-06-25T09:21:28.220+0000] {processor.py:830} INFO - Processing file /home/airflow/.local/lib/python3.8/site-packages/airflow/example_dags/tutorial_dag.py for tasks to queue
[2025-06-25T09:21:28.222+0000] {logging_mixin.py:188} INFO - [2025-06-25T09:21:28.222+0000] {dagbag.py:538} INFO - Filling up the DagBag from /home/airflow/.local/lib/python3.8/site-packages/airflow/example_dags/tutorial_dag.py
[2025-06-25T09:21:28.231+0000] {processor.py:840} INFO - DAG(s) 'tutorial_dag' retrieved from /home/airflow/.local/lib/python3.8/site-packages/airflow/example_dags/tutorial_dag.py
[2025-06-25T09:21:28.261+0000] {logging_mixin.py:188} INFO - [2025-06-25T09:21:28.260+0000] {dag.py:3036} INFO - Sync 1 DAGs
[2025-06-25T09:21:28.279+0000] {logging_mixin.py:188} INFO - [2025-06-25T09:21:28.279+0000] {dag.py:3823} INFO - Setting next_dagrun for tutorial_dag to None, run_after=None
[2025-06-25T09:21:28.305+0000] {processor.py:183} INFO - Processing /home/airflow/.local/lib/python3.8/site-packages/airflow/example_dags/tutorial_dag.py took 0.091 seconds
