[2025-06-25T09:04:08.888+0000] {processor.py:161} INFO - Started process (PID=76) to work on /home/airflow/.local/lib/python3.8/site-packages/airflow/example_dags/tutorial_taskflow_api.py
[2025-06-25T09:04:08.889+0000] {processor.py:830} INFO - Processing file /home/airflow/.local/lib/python3.8/site-packages/airflow/example_dags/tutorial_taskflow_api.py for tasks to queue
[2025-06-25T09:04:08.892+0000] {logging_mixin.py:188} INFO - [2025-06-25T09:04:08.892+0000] {dagbag.py:538} INFO - Filling up the DagBag from /home/airflow/.local/lib/python3.8/site-packages/airflow/example_dags/tutorial_taskflow_api.py
[2025-06-25T09:04:08.913+0000] {processor.py:840} INFO - DAG(s) 'tutorial_taskflow_api' retrieved from /home/airflow/.local/lib/python3.8/site-packages/airflow/example_dags/tutorial_taskflow_api.py
[2025-06-25T09:04:08.962+0000] {logging_mixin.py:188} INFO - [2025-06-25T09:04:08.961+0000] {dag.py:3036} INFO - Sync 1 DAGs
[2025-06-25T09:04:08.989+0000] {logging_mixin.py:188} INFO - [2025-06-25T09:04:08.988+0000] {dag.py:3823} INFO - Setting next_dagrun for tutorial_taskflow_api to None, run_after=None
[2025-06-25T09:04:09.087+0000] {processor.py:183} INFO - Processing /home/airflow/.local/lib/python3.8/site-packages/airflow/example_dags/tutorial_taskflow_api.py took 0.205 seconds
[2025-06-25T09:04:40.008+0000] {processor.py:161} INFO - Started process (PID=140) to work on /home/airflow/.local/lib/python3.8/site-packages/airflow/example_dags/tutorial_taskflow_api.py
[2025-06-25T09:04:40.009+0000] {processor.py:830} INFO - Processing file /home/airflow/.local/lib/python3.8/site-packages/airflow/example_dags/tutorial_taskflow_api.py for tasks to queue
[2025-06-25T09:04:40.012+0000] {logging_mixin.py:188} INFO - [2025-06-25T09:04:40.011+0000] {dagbag.py:538} INFO - Filling up the DagBag from /home/airflow/.local/lib/python3.8/site-packages/airflow/example_dags/tutorial_taskflow_api.py
[2025-06-25T09:04:40.026+0000] {processor.py:840} INFO - DAG(s) 'tutorial_taskflow_api' retrieved from /home/airflow/.local/lib/python3.8/site-packages/airflow/example_dags/tutorial_taskflow_api.py
[2025-06-25T09:04:40.062+0000] {logging_mixin.py:188} INFO - [2025-06-25T09:04:40.062+0000] {dag.py:3036} INFO - Sync 1 DAGs
[2025-06-25T09:04:40.085+0000] {logging_mixin.py:188} INFO - [2025-06-25T09:04:40.085+0000] {dag.py:3823} INFO - Setting next_dagrun for tutorial_taskflow_api to None, run_after=None
[2025-06-25T09:04:40.119+0000] {processor.py:183} INFO - Processing /home/airflow/.local/lib/python3.8/site-packages/airflow/example_dags/tutorial_taskflow_api.py took 0.117 seconds
[2025-06-25T09:05:10.396+0000] {processor.py:161} INFO - Started process (PID=206) to work on /home/airflow/.local/lib/python3.8/site-packages/airflow/example_dags/tutorial_taskflow_api.py
[2025-06-25T09:05:10.398+0000] {processor.py:830} INFO - Processing file /home/airflow/.local/lib/python3.8/site-packages/airflow/example_dags/tutorial_taskflow_api.py for tasks to queue
[2025-06-25T09:05:10.401+0000] {logging_mixin.py:188} INFO - [2025-06-25T09:05:10.400+0000] {dagbag.py:538} INFO - Filling up the DagBag from /home/airflow/.local/lib/python3.8/site-packages/airflow/example_dags/tutorial_taskflow_api.py
[2025-06-25T09:05:10.412+0000] {processor.py:840} INFO - DAG(s) 'tutorial_taskflow_api' retrieved from /home/airflow/.local/lib/python3.8/site-packages/airflow/example_dags/tutorial_taskflow_api.py
[2025-06-25T09:05:10.452+0000] {logging_mixin.py:188} INFO - [2025-06-25T09:05:10.452+0000] {dag.py:3036} INFO - Sync 1 DAGs
[2025-06-25T09:05:10.487+0000] {logging_mixin.py:188} INFO - [2025-06-25T09:05:10.486+0000] {dag.py:3823} INFO - Setting next_dagrun for tutorial_taskflow_api to None, run_after=None
[2025-06-25T09:05:10.518+0000] {processor.py:183} INFO - Processing /home/airflow/.local/lib/python3.8/site-packages/airflow/example_dags/tutorial_taskflow_api.py took 0.130 seconds
[2025-06-25T09:05:40.767+0000] {processor.py:161} INFO - Started process (PID=272) to work on /home/airflow/.local/lib/python3.8/site-packages/airflow/example_dags/tutorial_taskflow_api.py
[2025-06-25T09:05:40.768+0000] {processor.py:830} INFO - Processing file /home/airflow/.local/lib/python3.8/site-packages/airflow/example_dags/tutorial_taskflow_api.py for tasks to queue
[2025-06-25T09:05:40.770+0000] {logging_mixin.py:188} INFO - [2025-06-25T09:05:40.770+0000] {dagbag.py:538} INFO - Filling up the DagBag from /home/airflow/.local/lib/python3.8/site-packages/airflow/example_dags/tutorial_taskflow_api.py
[2025-06-25T09:05:40.780+0000] {processor.py:840} INFO - DAG(s) 'tutorial_taskflow_api' retrieved from /home/airflow/.local/lib/python3.8/site-packages/airflow/example_dags/tutorial_taskflow_api.py
[2025-06-25T09:05:40.812+0000] {logging_mixin.py:188} INFO - [2025-06-25T09:05:40.811+0000] {dag.py:3036} INFO - Sync 1 DAGs
[2025-06-25T09:05:40.834+0000] {logging_mixin.py:188} INFO - [2025-06-25T09:05:40.834+0000] {dag.py:3823} INFO - Setting next_dagrun for tutorial_taskflow_api to None, run_after=None
[2025-06-25T09:05:40.863+0000] {processor.py:183} INFO - Processing /home/airflow/.local/lib/python3.8/site-packages/airflow/example_dags/tutorial_taskflow_api.py took 0.102 seconds
[2025-06-25T09:06:11.047+0000] {processor.py:161} INFO - Started process (PID=338) to work on /home/airflow/.local/lib/python3.8/site-packages/airflow/example_dags/tutorial_taskflow_api.py
[2025-06-25T09:06:11.049+0000] {processor.py:830} INFO - Processing file /home/airflow/.local/lib/python3.8/site-packages/airflow/example_dags/tutorial_taskflow_api.py for tasks to queue
[2025-06-25T09:06:11.051+0000] {logging_mixin.py:188} INFO - [2025-06-25T09:06:11.051+0000] {dagbag.py:538} INFO - Filling up the DagBag from /home/airflow/.local/lib/python3.8/site-packages/airflow/example_dags/tutorial_taskflow_api.py
[2025-06-25T09:06:11.060+0000] {processor.py:840} INFO - DAG(s) 'tutorial_taskflow_api' retrieved from /home/airflow/.local/lib/python3.8/site-packages/airflow/example_dags/tutorial_taskflow_api.py
[2025-06-25T09:06:11.089+0000] {logging_mixin.py:188} INFO - [2025-06-25T09:06:11.089+0000] {dag.py:3036} INFO - Sync 1 DAGs
[2025-06-25T09:06:11.108+0000] {logging_mixin.py:188} INFO - [2025-06-25T09:06:11.107+0000] {dag.py:3823} INFO - Setting next_dagrun for tutorial_taskflow_api to None, run_after=None
[2025-06-25T09:06:11.135+0000] {processor.py:183} INFO - Processing /home/airflow/.local/lib/python3.8/site-packages/airflow/example_dags/tutorial_taskflow_api.py took 0.093 seconds
[2025-06-25T09:06:41.589+0000] {processor.py:161} INFO - Started process (PID=403) to work on /home/airflow/.local/lib/python3.8/site-packages/airflow/example_dags/tutorial_taskflow_api.py
[2025-06-25T09:06:41.591+0000] {processor.py:830} INFO - Processing file /home/airflow/.local/lib/python3.8/site-packages/airflow/example_dags/tutorial_taskflow_api.py for tasks to queue
[2025-06-25T09:06:41.594+0000] {logging_mixin.py:188} INFO - [2025-06-25T09:06:41.594+0000] {dagbag.py:538} INFO - Filling up the DagBag from /home/airflow/.local/lib/python3.8/site-packages/airflow/example_dags/tutorial_taskflow_api.py
[2025-06-25T09:06:41.606+0000] {processor.py:840} INFO - DAG(s) 'tutorial_taskflow_api' retrieved from /home/airflow/.local/lib/python3.8/site-packages/airflow/example_dags/tutorial_taskflow_api.py
[2025-06-25T09:06:41.655+0000] {logging_mixin.py:188} INFO - [2025-06-25T09:06:41.655+0000] {dag.py:3036} INFO - Sync 1 DAGs
[2025-06-25T09:06:41.681+0000] {logging_mixin.py:188} INFO - [2025-06-25T09:06:41.681+0000] {dag.py:3823} INFO - Setting next_dagrun for tutorial_taskflow_api to None, run_after=None
[2025-06-25T09:06:41.713+0000] {processor.py:183} INFO - Processing /home/airflow/.local/lib/python3.8/site-packages/airflow/example_dags/tutorial_taskflow_api.py took 0.129 seconds
[2025-06-25T09:07:12.197+0000] {processor.py:161} INFO - Started process (PID=468) to work on /home/airflow/.local/lib/python3.8/site-packages/airflow/example_dags/tutorial_taskflow_api.py
[2025-06-25T09:07:12.200+0000] {processor.py:830} INFO - Processing file /home/airflow/.local/lib/python3.8/site-packages/airflow/example_dags/tutorial_taskflow_api.py for tasks to queue
[2025-06-25T09:07:12.204+0000] {logging_mixin.py:188} INFO - [2025-06-25T09:07:12.203+0000] {dagbag.py:538} INFO - Filling up the DagBag from /home/airflow/.local/lib/python3.8/site-packages/airflow/example_dags/tutorial_taskflow_api.py
[2025-06-25T09:07:12.217+0000] {processor.py:840} INFO - DAG(s) 'tutorial_taskflow_api' retrieved from /home/airflow/.local/lib/python3.8/site-packages/airflow/example_dags/tutorial_taskflow_api.py
[2025-06-25T09:07:12.246+0000] {logging_mixin.py:188} INFO - [2025-06-25T09:07:12.246+0000] {dag.py:3036} INFO - Sync 1 DAGs
[2025-06-25T09:07:12.265+0000] {logging_mixin.py:188} INFO - [2025-06-25T09:07:12.265+0000] {dag.py:3823} INFO - Setting next_dagrun for tutorial_taskflow_api to None, run_after=None
[2025-06-25T09:07:12.298+0000] {processor.py:183} INFO - Processing /home/airflow/.local/lib/python3.8/site-packages/airflow/example_dags/tutorial_taskflow_api.py took 0.106 seconds
[2025-06-25T09:07:42.950+0000] {processor.py:161} INFO - Started process (PID=533) to work on /home/airflow/.local/lib/python3.8/site-packages/airflow/example_dags/tutorial_taskflow_api.py
[2025-06-25T09:07:42.953+0000] {processor.py:830} INFO - Processing file /home/airflow/.local/lib/python3.8/site-packages/airflow/example_dags/tutorial_taskflow_api.py for tasks to queue
[2025-06-25T09:07:42.955+0000] {logging_mixin.py:188} INFO - [2025-06-25T09:07:42.955+0000] {dagbag.py:538} INFO - Filling up the DagBag from /home/airflow/.local/lib/python3.8/site-packages/airflow/example_dags/tutorial_taskflow_api.py
[2025-06-25T09:07:42.965+0000] {processor.py:840} INFO - DAG(s) 'tutorial_taskflow_api' retrieved from /home/airflow/.local/lib/python3.8/site-packages/airflow/example_dags/tutorial_taskflow_api.py
[2025-06-25T09:07:42.997+0000] {logging_mixin.py:188} INFO - [2025-06-25T09:07:42.997+0000] {dag.py:3036} INFO - Sync 1 DAGs
[2025-06-25T09:07:43.020+0000] {logging_mixin.py:188} INFO - [2025-06-25T09:07:43.020+0000] {dag.py:3823} INFO - Setting next_dagrun for tutorial_taskflow_api to None, run_after=None
[2025-06-25T09:07:43.049+0000] {processor.py:183} INFO - Processing /home/airflow/.local/lib/python3.8/site-packages/airflow/example_dags/tutorial_taskflow_api.py took 0.105 seconds
[2025-06-25T09:08:13.277+0000] {processor.py:161} INFO - Started process (PID=600) to work on /home/airflow/.local/lib/python3.8/site-packages/airflow/example_dags/tutorial_taskflow_api.py
[2025-06-25T09:08:13.278+0000] {processor.py:830} INFO - Processing file /home/airflow/.local/lib/python3.8/site-packages/airflow/example_dags/tutorial_taskflow_api.py for tasks to queue
[2025-06-25T09:08:13.282+0000] {logging_mixin.py:188} INFO - [2025-06-25T09:08:13.281+0000] {dagbag.py:538} INFO - Filling up the DagBag from /home/airflow/.local/lib/python3.8/site-packages/airflow/example_dags/tutorial_taskflow_api.py
[2025-06-25T09:08:13.294+0000] {processor.py:840} INFO - DAG(s) 'tutorial_taskflow_api' retrieved from /home/airflow/.local/lib/python3.8/site-packages/airflow/example_dags/tutorial_taskflow_api.py
[2025-06-25T09:08:13.327+0000] {logging_mixin.py:188} INFO - [2025-06-25T09:08:13.327+0000] {dag.py:3036} INFO - Sync 1 DAGs
[2025-06-25T09:08:13.348+0000] {logging_mixin.py:188} INFO - [2025-06-25T09:08:13.348+0000] {dag.py:3823} INFO - Setting next_dagrun for tutorial_taskflow_api to None, run_after=None
[2025-06-25T09:08:13.381+0000] {processor.py:183} INFO - Processing /home/airflow/.local/lib/python3.8/site-packages/airflow/example_dags/tutorial_taskflow_api.py took 0.110 seconds
[2025-06-25T09:08:43.962+0000] {processor.py:161} INFO - Started process (PID=664) to work on /home/airflow/.local/lib/python3.8/site-packages/airflow/example_dags/tutorial_taskflow_api.py
[2025-06-25T09:08:43.964+0000] {processor.py:830} INFO - Processing file /home/airflow/.local/lib/python3.8/site-packages/airflow/example_dags/tutorial_taskflow_api.py for tasks to queue
[2025-06-25T09:08:43.967+0000] {logging_mixin.py:188} INFO - [2025-06-25T09:08:43.967+0000] {dagbag.py:538} INFO - Filling up the DagBag from /home/airflow/.local/lib/python3.8/site-packages/airflow/example_dags/tutorial_taskflow_api.py
[2025-06-25T09:08:43.978+0000] {processor.py:840} INFO - DAG(s) 'tutorial_taskflow_api' retrieved from /home/airflow/.local/lib/python3.8/site-packages/airflow/example_dags/tutorial_taskflow_api.py
[2025-06-25T09:08:44.013+0000] {logging_mixin.py:188} INFO - [2025-06-25T09:08:44.012+0000] {dag.py:3036} INFO - Sync 1 DAGs
[2025-06-25T09:08:44.038+0000] {logging_mixin.py:188} INFO - [2025-06-25T09:08:44.038+0000] {dag.py:3823} INFO - Setting next_dagrun for tutorial_taskflow_api to None, run_after=None
[2025-06-25T09:08:44.073+0000] {processor.py:183} INFO - Processing /home/airflow/.local/lib/python3.8/site-packages/airflow/example_dags/tutorial_taskflow_api.py took 0.116 seconds
[2025-06-25T09:09:14.316+0000] {processor.py:161} INFO - Started process (PID=736) to work on /home/airflow/.local/lib/python3.8/site-packages/airflow/example_dags/tutorial_taskflow_api.py
[2025-06-25T09:09:14.318+0000] {processor.py:830} INFO - Processing file /home/airflow/.local/lib/python3.8/site-packages/airflow/example_dags/tutorial_taskflow_api.py for tasks to queue
[2025-06-25T09:09:14.323+0000] {logging_mixin.py:188} INFO - [2025-06-25T09:09:14.322+0000] {dagbag.py:538} INFO - Filling up the DagBag from /home/airflow/.local/lib/python3.8/site-packages/airflow/example_dags/tutorial_taskflow_api.py
[2025-06-25T09:09:14.346+0000] {processor.py:840} INFO - DAG(s) 'tutorial_taskflow_api' retrieved from /home/airflow/.local/lib/python3.8/site-packages/airflow/example_dags/tutorial_taskflow_api.py
[2025-06-25T09:09:14.418+0000] {logging_mixin.py:188} INFO - [2025-06-25T09:09:14.418+0000] {dag.py:3036} INFO - Sync 1 DAGs
[2025-06-25T09:09:14.446+0000] {logging_mixin.py:188} INFO - [2025-06-25T09:09:14.446+0000] {dag.py:3823} INFO - Setting next_dagrun for tutorial_taskflow_api to None, run_after=None
[2025-06-25T09:09:14.489+0000] {processor.py:183} INFO - Processing /home/airflow/.local/lib/python3.8/site-packages/airflow/example_dags/tutorial_taskflow_api.py took 0.180 seconds
[2025-06-25T09:09:44.731+0000] {processor.py:161} INFO - Started process (PID=801) to work on /home/airflow/.local/lib/python3.8/site-packages/airflow/example_dags/tutorial_taskflow_api.py
[2025-06-25T09:09:44.732+0000] {processor.py:830} INFO - Processing file /home/airflow/.local/lib/python3.8/site-packages/airflow/example_dags/tutorial_taskflow_api.py for tasks to queue
[2025-06-25T09:09:44.735+0000] {logging_mixin.py:188} INFO - [2025-06-25T09:09:44.734+0000] {dagbag.py:538} INFO - Filling up the DagBag from /home/airflow/.local/lib/python3.8/site-packages/airflow/example_dags/tutorial_taskflow_api.py
[2025-06-25T09:09:44.745+0000] {processor.py:840} INFO - DAG(s) 'tutorial_taskflow_api' retrieved from /home/airflow/.local/lib/python3.8/site-packages/airflow/example_dags/tutorial_taskflow_api.py
[2025-06-25T09:09:44.781+0000] {logging_mixin.py:188} INFO - [2025-06-25T09:09:44.780+0000] {dag.py:3036} INFO - Sync 1 DAGs
[2025-06-25T09:09:44.801+0000] {logging_mixin.py:188} INFO - [2025-06-25T09:09:44.800+0000] {dag.py:3823} INFO - Setting next_dagrun for tutorial_taskflow_api to None, run_after=None
[2025-06-25T09:09:44.832+0000] {processor.py:183} INFO - Processing /home/airflow/.local/lib/python3.8/site-packages/airflow/example_dags/tutorial_taskflow_api.py took 0.106 seconds
[2025-06-25T09:10:15.566+0000] {processor.py:161} INFO - Started process (PID=866) to work on /home/airflow/.local/lib/python3.8/site-packages/airflow/example_dags/tutorial_taskflow_api.py
[2025-06-25T09:10:15.568+0000] {processor.py:830} INFO - Processing file /home/airflow/.local/lib/python3.8/site-packages/airflow/example_dags/tutorial_taskflow_api.py for tasks to queue
[2025-06-25T09:10:15.572+0000] {logging_mixin.py:188} INFO - [2025-06-25T09:10:15.571+0000] {dagbag.py:538} INFO - Filling up the DagBag from /home/airflow/.local/lib/python3.8/site-packages/airflow/example_dags/tutorial_taskflow_api.py
[2025-06-25T09:10:15.586+0000] {processor.py:840} INFO - DAG(s) 'tutorial_taskflow_api' retrieved from /home/airflow/.local/lib/python3.8/site-packages/airflow/example_dags/tutorial_taskflow_api.py
[2025-06-25T09:10:15.624+0000] {logging_mixin.py:188} INFO - [2025-06-25T09:10:15.624+0000] {dag.py:3036} INFO - Sync 1 DAGs
[2025-06-25T09:10:15.647+0000] {logging_mixin.py:188} INFO - [2025-06-25T09:10:15.646+0000] {dag.py:3823} INFO - Setting next_dagrun for tutorial_taskflow_api to None, run_after=None
[2025-06-25T09:10:15.682+0000] {processor.py:183} INFO - Processing /home/airflow/.local/lib/python3.8/site-packages/airflow/example_dags/tutorial_taskflow_api.py took 0.121 seconds
[2025-06-25T09:10:45.900+0000] {processor.py:161} INFO - Started process (PID=931) to work on /home/airflow/.local/lib/python3.8/site-packages/airflow/example_dags/tutorial_taskflow_api.py
[2025-06-25T09:10:45.902+0000] {processor.py:830} INFO - Processing file /home/airflow/.local/lib/python3.8/site-packages/airflow/example_dags/tutorial_taskflow_api.py for tasks to queue
[2025-06-25T09:10:45.905+0000] {logging_mixin.py:188} INFO - [2025-06-25T09:10:45.904+0000] {dagbag.py:538} INFO - Filling up the DagBag from /home/airflow/.local/lib/python3.8/site-packages/airflow/example_dags/tutorial_taskflow_api.py
[2025-06-25T09:10:45.917+0000] {processor.py:840} INFO - DAG(s) 'tutorial_taskflow_api' retrieved from /home/airflow/.local/lib/python3.8/site-packages/airflow/example_dags/tutorial_taskflow_api.py
[2025-06-25T09:10:45.953+0000] {logging_mixin.py:188} INFO - [2025-06-25T09:10:45.953+0000] {dag.py:3036} INFO - Sync 1 DAGs
[2025-06-25T09:10:45.978+0000] {logging_mixin.py:188} INFO - [2025-06-25T09:10:45.978+0000] {dag.py:3823} INFO - Setting next_dagrun for tutorial_taskflow_api to None, run_after=None
[2025-06-25T09:10:46.013+0000] {processor.py:183} INFO - Processing /home/airflow/.local/lib/python3.8/site-packages/airflow/example_dags/tutorial_taskflow_api.py took 0.119 seconds
[2025-06-25T09:11:16.703+0000] {processor.py:161} INFO - Started process (PID=996) to work on /home/airflow/.local/lib/python3.8/site-packages/airflow/example_dags/tutorial_taskflow_api.py
[2025-06-25T09:11:16.705+0000] {processor.py:830} INFO - Processing file /home/airflow/.local/lib/python3.8/site-packages/airflow/example_dags/tutorial_taskflow_api.py for tasks to queue
[2025-06-25T09:11:16.708+0000] {logging_mixin.py:188} INFO - [2025-06-25T09:11:16.707+0000] {dagbag.py:538} INFO - Filling up the DagBag from /home/airflow/.local/lib/python3.8/site-packages/airflow/example_dags/tutorial_taskflow_api.py
[2025-06-25T09:11:16.717+0000] {processor.py:840} INFO - DAG(s) 'tutorial_taskflow_api' retrieved from /home/airflow/.local/lib/python3.8/site-packages/airflow/example_dags/tutorial_taskflow_api.py
[2025-06-25T09:11:16.750+0000] {logging_mixin.py:188} INFO - [2025-06-25T09:11:16.750+0000] {dag.py:3036} INFO - Sync 1 DAGs
[2025-06-25T09:11:16.770+0000] {logging_mixin.py:188} INFO - [2025-06-25T09:11:16.769+0000] {dag.py:3823} INFO - Setting next_dagrun for tutorial_taskflow_api to None, run_after=None
[2025-06-25T09:11:16.806+0000] {processor.py:183} INFO - Processing /home/airflow/.local/lib/python3.8/site-packages/airflow/example_dags/tutorial_taskflow_api.py took 0.108 seconds
[2025-06-25T09:11:47.010+0000] {processor.py:161} INFO - Started process (PID=1061) to work on /home/airflow/.local/lib/python3.8/site-packages/airflow/example_dags/tutorial_taskflow_api.py
[2025-06-25T09:11:47.013+0000] {processor.py:830} INFO - Processing file /home/airflow/.local/lib/python3.8/site-packages/airflow/example_dags/tutorial_taskflow_api.py for tasks to queue
[2025-06-25T09:11:47.016+0000] {logging_mixin.py:188} INFO - [2025-06-25T09:11:47.015+0000] {dagbag.py:538} INFO - Filling up the DagBag from /home/airflow/.local/lib/python3.8/site-packages/airflow/example_dags/tutorial_taskflow_api.py
[2025-06-25T09:11:47.028+0000] {processor.py:840} INFO - DAG(s) 'tutorial_taskflow_api' retrieved from /home/airflow/.local/lib/python3.8/site-packages/airflow/example_dags/tutorial_taskflow_api.py
[2025-06-25T09:11:47.065+0000] {logging_mixin.py:188} INFO - [2025-06-25T09:11:47.065+0000] {dag.py:3036} INFO - Sync 1 DAGs
[2025-06-25T09:11:47.092+0000] {logging_mixin.py:188} INFO - [2025-06-25T09:11:47.091+0000] {dag.py:3823} INFO - Setting next_dagrun for tutorial_taskflow_api to None, run_after=None
[2025-06-25T09:11:47.133+0000] {processor.py:183} INFO - Processing /home/airflow/.local/lib/python3.8/site-packages/airflow/example_dags/tutorial_taskflow_api.py took 0.128 seconds
[2025-06-25T09:12:17.429+0000] {processor.py:161} INFO - Started process (PID=1124) to work on /home/airflow/.local/lib/python3.8/site-packages/airflow/example_dags/tutorial_taskflow_api.py
[2025-06-25T09:12:17.431+0000] {processor.py:830} INFO - Processing file /home/airflow/.local/lib/python3.8/site-packages/airflow/example_dags/tutorial_taskflow_api.py for tasks to queue
[2025-06-25T09:12:17.434+0000] {logging_mixin.py:188} INFO - [2025-06-25T09:12:17.433+0000] {dagbag.py:538} INFO - Filling up the DagBag from /home/airflow/.local/lib/python3.8/site-packages/airflow/example_dags/tutorial_taskflow_api.py
[2025-06-25T09:12:17.445+0000] {processor.py:840} INFO - DAG(s) 'tutorial_taskflow_api' retrieved from /home/airflow/.local/lib/python3.8/site-packages/airflow/example_dags/tutorial_taskflow_api.py
[2025-06-25T09:12:17.488+0000] {logging_mixin.py:188} INFO - [2025-06-25T09:12:17.488+0000] {dag.py:3036} INFO - Sync 1 DAGs
[2025-06-25T09:12:17.516+0000] {logging_mixin.py:188} INFO - [2025-06-25T09:12:17.516+0000] {dag.py:3823} INFO - Setting next_dagrun for tutorial_taskflow_api to None, run_after=None
[2025-06-25T09:12:17.552+0000] {processor.py:183} INFO - Processing /home/airflow/.local/lib/python3.8/site-packages/airflow/example_dags/tutorial_taskflow_api.py took 0.129 seconds
[2025-06-25T09:12:48.309+0000] {processor.py:161} INFO - Started process (PID=1190) to work on /home/airflow/.local/lib/python3.8/site-packages/airflow/example_dags/tutorial_taskflow_api.py
[2025-06-25T09:12:48.311+0000] {processor.py:830} INFO - Processing file /home/airflow/.local/lib/python3.8/site-packages/airflow/example_dags/tutorial_taskflow_api.py for tasks to queue
[2025-06-25T09:12:48.314+0000] {logging_mixin.py:188} INFO - [2025-06-25T09:12:48.313+0000] {dagbag.py:538} INFO - Filling up the DagBag from /home/airflow/.local/lib/python3.8/site-packages/airflow/example_dags/tutorial_taskflow_api.py
[2025-06-25T09:12:48.325+0000] {processor.py:840} INFO - DAG(s) 'tutorial_taskflow_api' retrieved from /home/airflow/.local/lib/python3.8/site-packages/airflow/example_dags/tutorial_taskflow_api.py
[2025-06-25T09:12:48.367+0000] {logging_mixin.py:188} INFO - [2025-06-25T09:12:48.367+0000] {dag.py:3036} INFO - Sync 1 DAGs
[2025-06-25T09:12:48.392+0000] {logging_mixin.py:188} INFO - [2025-06-25T09:12:48.391+0000] {dag.py:3823} INFO - Setting next_dagrun for tutorial_taskflow_api to None, run_after=None
[2025-06-25T09:12:48.432+0000] {processor.py:183} INFO - Processing /home/airflow/.local/lib/python3.8/site-packages/airflow/example_dags/tutorial_taskflow_api.py took 0.129 seconds
[2025-06-25T09:13:19.272+0000] {processor.py:161} INFO - Started process (PID=1256) to work on /home/airflow/.local/lib/python3.8/site-packages/airflow/example_dags/tutorial_taskflow_api.py
[2025-06-25T09:13:19.274+0000] {processor.py:830} INFO - Processing file /home/airflow/.local/lib/python3.8/site-packages/airflow/example_dags/tutorial_taskflow_api.py for tasks to queue
[2025-06-25T09:13:19.277+0000] {logging_mixin.py:188} INFO - [2025-06-25T09:13:19.277+0000] {dagbag.py:538} INFO - Filling up the DagBag from /home/airflow/.local/lib/python3.8/site-packages/airflow/example_dags/tutorial_taskflow_api.py
[2025-06-25T09:13:19.289+0000] {processor.py:840} INFO - DAG(s) 'tutorial_taskflow_api' retrieved from /home/airflow/.local/lib/python3.8/site-packages/airflow/example_dags/tutorial_taskflow_api.py
[2025-06-25T09:13:19.326+0000] {logging_mixin.py:188} INFO - [2025-06-25T09:13:19.324+0000] {dag.py:3036} INFO - Sync 1 DAGs
[2025-06-25T09:13:19.350+0000] {logging_mixin.py:188} INFO - [2025-06-25T09:13:19.350+0000] {dag.py:3823} INFO - Setting next_dagrun for tutorial_taskflow_api to None, run_after=None
[2025-06-25T09:13:19.387+0000] {processor.py:183} INFO - Processing /home/airflow/.local/lib/python3.8/site-packages/airflow/example_dags/tutorial_taskflow_api.py took 0.122 seconds
[2025-06-25T09:13:49.704+0000] {processor.py:161} INFO - Started process (PID=1322) to work on /home/airflow/.local/lib/python3.8/site-packages/airflow/example_dags/tutorial_taskflow_api.py
[2025-06-25T09:13:49.707+0000] {processor.py:830} INFO - Processing file /home/airflow/.local/lib/python3.8/site-packages/airflow/example_dags/tutorial_taskflow_api.py for tasks to queue
[2025-06-25T09:13:49.711+0000] {logging_mixin.py:188} INFO - [2025-06-25T09:13:49.710+0000] {dagbag.py:538} INFO - Filling up the DagBag from /home/airflow/.local/lib/python3.8/site-packages/airflow/example_dags/tutorial_taskflow_api.py
[2025-06-25T09:13:49.723+0000] {processor.py:840} INFO - DAG(s) 'tutorial_taskflow_api' retrieved from /home/airflow/.local/lib/python3.8/site-packages/airflow/example_dags/tutorial_taskflow_api.py
[2025-06-25T09:13:49.759+0000] {logging_mixin.py:188} INFO - [2025-06-25T09:13:49.759+0000] {dag.py:3036} INFO - Sync 1 DAGs
[2025-06-25T09:13:49.782+0000] {logging_mixin.py:188} INFO - [2025-06-25T09:13:49.781+0000] {dag.py:3823} INFO - Setting next_dagrun for tutorial_taskflow_api to None, run_after=None
[2025-06-25T09:13:49.813+0000] {processor.py:183} INFO - Processing /home/airflow/.local/lib/python3.8/site-packages/airflow/example_dags/tutorial_taskflow_api.py took 0.116 seconds
[2025-06-25T09:14:20.157+0000] {processor.py:161} INFO - Started process (PID=1379) to work on /home/airflow/.local/lib/python3.8/site-packages/airflow/example_dags/tutorial_taskflow_api.py
[2025-06-25T09:14:20.161+0000] {processor.py:830} INFO - Processing file /home/airflow/.local/lib/python3.8/site-packages/airflow/example_dags/tutorial_taskflow_api.py for tasks to queue
[2025-06-25T09:14:20.165+0000] {logging_mixin.py:188} INFO - [2025-06-25T09:14:20.164+0000] {dagbag.py:538} INFO - Filling up the DagBag from /home/airflow/.local/lib/python3.8/site-packages/airflow/example_dags/tutorial_taskflow_api.py
[2025-06-25T09:14:20.183+0000] {processor.py:840} INFO - DAG(s) 'tutorial_taskflow_api' retrieved from /home/airflow/.local/lib/python3.8/site-packages/airflow/example_dags/tutorial_taskflow_api.py
[2025-06-25T09:14:20.243+0000] {logging_mixin.py:188} INFO - [2025-06-25T09:14:20.242+0000] {dag.py:3036} INFO - Sync 1 DAGs
[2025-06-25T09:14:20.276+0000] {logging_mixin.py:188} INFO - [2025-06-25T09:14:20.276+0000] {dag.py:3823} INFO - Setting next_dagrun for tutorial_taskflow_api to None, run_after=None
[2025-06-25T09:14:20.316+0000] {processor.py:183} INFO - Processing /home/airflow/.local/lib/python3.8/site-packages/airflow/example_dags/tutorial_taskflow_api.py took 0.166 seconds
[2025-06-25T09:14:50.988+0000] {processor.py:161} INFO - Started process (PID=1444) to work on /home/airflow/.local/lib/python3.8/site-packages/airflow/example_dags/tutorial_taskflow_api.py
[2025-06-25T09:14:50.990+0000] {processor.py:830} INFO - Processing file /home/airflow/.local/lib/python3.8/site-packages/airflow/example_dags/tutorial_taskflow_api.py for tasks to queue
[2025-06-25T09:14:50.994+0000] {logging_mixin.py:188} INFO - [2025-06-25T09:14:50.993+0000] {dagbag.py:538} INFO - Filling up the DagBag from /home/airflow/.local/lib/python3.8/site-packages/airflow/example_dags/tutorial_taskflow_api.py
[2025-06-25T09:14:51.014+0000] {processor.py:840} INFO - DAG(s) 'tutorial_taskflow_api' retrieved from /home/airflow/.local/lib/python3.8/site-packages/airflow/example_dags/tutorial_taskflow_api.py
[2025-06-25T09:14:51.068+0000] {logging_mixin.py:188} INFO - [2025-06-25T09:14:51.068+0000] {dag.py:3036} INFO - Sync 1 DAGs
[2025-06-25T09:14:51.099+0000] {logging_mixin.py:188} INFO - [2025-06-25T09:14:51.099+0000] {dag.py:3823} INFO - Setting next_dagrun for tutorial_taskflow_api to None, run_after=None
[2025-06-25T09:14:51.139+0000] {processor.py:183} INFO - Processing /home/airflow/.local/lib/python3.8/site-packages/airflow/example_dags/tutorial_taskflow_api.py took 0.159 seconds
[2025-06-25T09:15:21.252+0000] {processor.py:161} INFO - Started process (PID=1509) to work on /home/airflow/.local/lib/python3.8/site-packages/airflow/example_dags/tutorial_taskflow_api.py
[2025-06-25T09:15:21.254+0000] {processor.py:830} INFO - Processing file /home/airflow/.local/lib/python3.8/site-packages/airflow/example_dags/tutorial_taskflow_api.py for tasks to queue
[2025-06-25T09:15:21.264+0000] {logging_mixin.py:188} INFO - [2025-06-25T09:15:21.263+0000] {dagbag.py:538} INFO - Filling up the DagBag from /home/airflow/.local/lib/python3.8/site-packages/airflow/example_dags/tutorial_taskflow_api.py
[2025-06-25T09:15:21.290+0000] {processor.py:840} INFO - DAG(s) 'tutorial_taskflow_api' retrieved from /home/airflow/.local/lib/python3.8/site-packages/airflow/example_dags/tutorial_taskflow_api.py
[2025-06-25T09:15:21.345+0000] {logging_mixin.py:188} INFO - [2025-06-25T09:15:21.345+0000] {dag.py:3036} INFO - Sync 1 DAGs
[2025-06-25T09:15:21.385+0000] {logging_mixin.py:188} INFO - [2025-06-25T09:15:21.384+0000] {dag.py:3823} INFO - Setting next_dagrun for tutorial_taskflow_api to None, run_after=None
[2025-06-25T09:15:21.446+0000] {processor.py:183} INFO - Processing /home/airflow/.local/lib/python3.8/site-packages/airflow/example_dags/tutorial_taskflow_api.py took 0.200 seconds
[2025-06-25T09:15:51.549+0000] {processor.py:161} INFO - Started process (PID=1574) to work on /home/airflow/.local/lib/python3.8/site-packages/airflow/example_dags/tutorial_taskflow_api.py
[2025-06-25T09:15:51.552+0000] {processor.py:830} INFO - Processing file /home/airflow/.local/lib/python3.8/site-packages/airflow/example_dags/tutorial_taskflow_api.py for tasks to queue
[2025-06-25T09:15:51.555+0000] {logging_mixin.py:188} INFO - [2025-06-25T09:15:51.555+0000] {dagbag.py:538} INFO - Filling up the DagBag from /home/airflow/.local/lib/python3.8/site-packages/airflow/example_dags/tutorial_taskflow_api.py
[2025-06-25T09:15:51.569+0000] {processor.py:840} INFO - DAG(s) 'tutorial_taskflow_api' retrieved from /home/airflow/.local/lib/python3.8/site-packages/airflow/example_dags/tutorial_taskflow_api.py
[2025-06-25T09:15:51.609+0000] {logging_mixin.py:188} INFO - [2025-06-25T09:15:51.609+0000] {dag.py:3036} INFO - Sync 1 DAGs
[2025-06-25T09:15:51.636+0000] {logging_mixin.py:188} INFO - [2025-06-25T09:15:51.635+0000] {dag.py:3823} INFO - Setting next_dagrun for tutorial_taskflow_api to None, run_after=None
[2025-06-25T09:15:51.676+0000] {processor.py:183} INFO - Processing /home/airflow/.local/lib/python3.8/site-packages/airflow/example_dags/tutorial_taskflow_api.py took 0.136 seconds
[2025-06-25T09:16:22.025+0000] {processor.py:161} INFO - Started process (PID=1637) to work on /home/airflow/.local/lib/python3.8/site-packages/airflow/example_dags/tutorial_taskflow_api.py
[2025-06-25T09:16:22.039+0000] {processor.py:830} INFO - Processing file /home/airflow/.local/lib/python3.8/site-packages/airflow/example_dags/tutorial_taskflow_api.py for tasks to queue
[2025-06-25T09:16:22.044+0000] {logging_mixin.py:188} INFO - [2025-06-25T09:16:22.043+0000] {dagbag.py:538} INFO - Filling up the DagBag from /home/airflow/.local/lib/python3.8/site-packages/airflow/example_dags/tutorial_taskflow_api.py
[2025-06-25T09:16:22.057+0000] {processor.py:840} INFO - DAG(s) 'tutorial_taskflow_api' retrieved from /home/airflow/.local/lib/python3.8/site-packages/airflow/example_dags/tutorial_taskflow_api.py
[2025-06-25T09:16:22.099+0000] {logging_mixin.py:188} INFO - [2025-06-25T09:16:22.098+0000] {dag.py:3036} INFO - Sync 1 DAGs
[2025-06-25T09:16:22.128+0000] {logging_mixin.py:188} INFO - [2025-06-25T09:16:22.128+0000] {dag.py:3823} INFO - Setting next_dagrun for tutorial_taskflow_api to None, run_after=None
[2025-06-25T09:16:22.167+0000] {processor.py:183} INFO - Processing /home/airflow/.local/lib/python3.8/site-packages/airflow/example_dags/tutorial_taskflow_api.py took 0.161 seconds
[2025-06-25T09:16:52.554+0000] {processor.py:161} INFO - Started process (PID=1694) to work on /home/airflow/.local/lib/python3.8/site-packages/airflow/example_dags/tutorial_taskflow_api.py
[2025-06-25T09:16:52.556+0000] {processor.py:830} INFO - Processing file /home/airflow/.local/lib/python3.8/site-packages/airflow/example_dags/tutorial_taskflow_api.py for tasks to queue
[2025-06-25T09:16:52.559+0000] {logging_mixin.py:188} INFO - [2025-06-25T09:16:52.558+0000] {dagbag.py:538} INFO - Filling up the DagBag from /home/airflow/.local/lib/python3.8/site-packages/airflow/example_dags/tutorial_taskflow_api.py
[2025-06-25T09:16:52.591+0000] {processor.py:840} INFO - DAG(s) 'tutorial_taskflow_api' retrieved from /home/airflow/.local/lib/python3.8/site-packages/airflow/example_dags/tutorial_taskflow_api.py
[2025-06-25T09:16:52.634+0000] {logging_mixin.py:188} INFO - [2025-06-25T09:16:52.633+0000] {dag.py:3036} INFO - Sync 1 DAGs
[2025-06-25T09:16:52.658+0000] {logging_mixin.py:188} INFO - [2025-06-25T09:16:52.657+0000] {dag.py:3823} INFO - Setting next_dagrun for tutorial_taskflow_api to None, run_after=None
[2025-06-25T09:16:52.693+0000] {processor.py:183} INFO - Processing /home/airflow/.local/lib/python3.8/site-packages/airflow/example_dags/tutorial_taskflow_api.py took 0.146 seconds
[2025-06-25T09:17:23.090+0000] {processor.py:161} INFO - Started process (PID=1761) to work on /home/airflow/.local/lib/python3.8/site-packages/airflow/example_dags/tutorial_taskflow_api.py
[2025-06-25T09:17:23.093+0000] {processor.py:830} INFO - Processing file /home/airflow/.local/lib/python3.8/site-packages/airflow/example_dags/tutorial_taskflow_api.py for tasks to queue
[2025-06-25T09:17:23.096+0000] {logging_mixin.py:188} INFO - [2025-06-25T09:17:23.096+0000] {dagbag.py:538} INFO - Filling up the DagBag from /home/airflow/.local/lib/python3.8/site-packages/airflow/example_dags/tutorial_taskflow_api.py
[2025-06-25T09:17:23.109+0000] {processor.py:840} INFO - DAG(s) 'tutorial_taskflow_api' retrieved from /home/airflow/.local/lib/python3.8/site-packages/airflow/example_dags/tutorial_taskflow_api.py
[2025-06-25T09:17:23.147+0000] {logging_mixin.py:188} INFO - [2025-06-25T09:17:23.147+0000] {dag.py:3036} INFO - Sync 1 DAGs
[2025-06-25T09:17:23.172+0000] {logging_mixin.py:188} INFO - [2025-06-25T09:17:23.172+0000] {dag.py:3823} INFO - Setting next_dagrun for tutorial_taskflow_api to None, run_after=None
[2025-06-25T09:17:23.209+0000] {processor.py:183} INFO - Processing /home/airflow/.local/lib/python3.8/site-packages/airflow/example_dags/tutorial_taskflow_api.py took 0.125 seconds
[2025-06-25T09:17:53.963+0000] {processor.py:161} INFO - Started process (PID=1826) to work on /home/airflow/.local/lib/python3.8/site-packages/airflow/example_dags/tutorial_taskflow_api.py
[2025-06-25T09:17:53.966+0000] {processor.py:830} INFO - Processing file /home/airflow/.local/lib/python3.8/site-packages/airflow/example_dags/tutorial_taskflow_api.py for tasks to queue
[2025-06-25T09:17:53.971+0000] {logging_mixin.py:188} INFO - [2025-06-25T09:17:53.969+0000] {dagbag.py:538} INFO - Filling up the DagBag from /home/airflow/.local/lib/python3.8/site-packages/airflow/example_dags/tutorial_taskflow_api.py
[2025-06-25T09:17:53.989+0000] {processor.py:840} INFO - DAG(s) 'tutorial_taskflow_api' retrieved from /home/airflow/.local/lib/python3.8/site-packages/airflow/example_dags/tutorial_taskflow_api.py
[2025-06-25T09:17:54.033+0000] {logging_mixin.py:188} INFO - [2025-06-25T09:17:54.032+0000] {dag.py:3036} INFO - Sync 1 DAGs
[2025-06-25T09:17:54.062+0000] {logging_mixin.py:188} INFO - [2025-06-25T09:17:54.062+0000] {dag.py:3823} INFO - Setting next_dagrun for tutorial_taskflow_api to None, run_after=None
[2025-06-25T09:17:54.102+0000] {processor.py:183} INFO - Processing /home/airflow/.local/lib/python3.8/site-packages/airflow/example_dags/tutorial_taskflow_api.py took 0.148 seconds
[2025-06-25T09:18:24.254+0000] {processor.py:161} INFO - Started process (PID=1889) to work on /home/airflow/.local/lib/python3.8/site-packages/airflow/example_dags/tutorial_taskflow_api.py
[2025-06-25T09:18:24.258+0000] {processor.py:830} INFO - Processing file /home/airflow/.local/lib/python3.8/site-packages/airflow/example_dags/tutorial_taskflow_api.py for tasks to queue
[2025-06-25T09:18:24.265+0000] {logging_mixin.py:188} INFO - [2025-06-25T09:18:24.263+0000] {dagbag.py:538} INFO - Filling up the DagBag from /home/airflow/.local/lib/python3.8/site-packages/airflow/example_dags/tutorial_taskflow_api.py
[2025-06-25T09:18:24.284+0000] {processor.py:840} INFO - DAG(s) 'tutorial_taskflow_api' retrieved from /home/airflow/.local/lib/python3.8/site-packages/airflow/example_dags/tutorial_taskflow_api.py
[2025-06-25T09:18:24.337+0000] {logging_mixin.py:188} INFO - [2025-06-25T09:18:24.336+0000] {dag.py:3036} INFO - Sync 1 DAGs
[2025-06-25T09:18:24.370+0000] {logging_mixin.py:188} INFO - [2025-06-25T09:18:24.369+0000] {dag.py:3823} INFO - Setting next_dagrun for tutorial_taskflow_api to None, run_after=None
[2025-06-25T09:18:24.421+0000] {processor.py:183} INFO - Processing /home/airflow/.local/lib/python3.8/site-packages/airflow/example_dags/tutorial_taskflow_api.py took 0.176 seconds
[2025-06-25T09:18:55.084+0000] {processor.py:161} INFO - Started process (PID=1954) to work on /home/airflow/.local/lib/python3.8/site-packages/airflow/example_dags/tutorial_taskflow_api.py
[2025-06-25T09:18:55.086+0000] {processor.py:830} INFO - Processing file /home/airflow/.local/lib/python3.8/site-packages/airflow/example_dags/tutorial_taskflow_api.py for tasks to queue
[2025-06-25T09:18:55.090+0000] {logging_mixin.py:188} INFO - [2025-06-25T09:18:55.089+0000] {dagbag.py:538} INFO - Filling up the DagBag from /home/airflow/.local/lib/python3.8/site-packages/airflow/example_dags/tutorial_taskflow_api.py
[2025-06-25T09:18:55.102+0000] {processor.py:840} INFO - DAG(s) 'tutorial_taskflow_api' retrieved from /home/airflow/.local/lib/python3.8/site-packages/airflow/example_dags/tutorial_taskflow_api.py
[2025-06-25T09:18:55.139+0000] {logging_mixin.py:188} INFO - [2025-06-25T09:18:55.139+0000] {dag.py:3036} INFO - Sync 1 DAGs
[2025-06-25T09:18:55.174+0000] {logging_mixin.py:188} INFO - [2025-06-25T09:18:55.173+0000] {dag.py:3823} INFO - Setting next_dagrun for tutorial_taskflow_api to None, run_after=None
[2025-06-25T09:18:55.215+0000] {processor.py:183} INFO - Processing /home/airflow/.local/lib/python3.8/site-packages/airflow/example_dags/tutorial_taskflow_api.py took 0.137 seconds
[2025-06-25T09:19:25.770+0000] {processor.py:161} INFO - Started process (PID=2019) to work on /home/airflow/.local/lib/python3.8/site-packages/airflow/example_dags/tutorial_taskflow_api.py
[2025-06-25T09:19:25.772+0000] {processor.py:830} INFO - Processing file /home/airflow/.local/lib/python3.8/site-packages/airflow/example_dags/tutorial_taskflow_api.py for tasks to queue
[2025-06-25T09:19:25.776+0000] {logging_mixin.py:188} INFO - [2025-06-25T09:19:25.775+0000] {dagbag.py:538} INFO - Filling up the DagBag from /home/airflow/.local/lib/python3.8/site-packages/airflow/example_dags/tutorial_taskflow_api.py
[2025-06-25T09:19:25.789+0000] {processor.py:840} INFO - DAG(s) 'tutorial_taskflow_api' retrieved from /home/airflow/.local/lib/python3.8/site-packages/airflow/example_dags/tutorial_taskflow_api.py
[2025-06-25T09:19:25.827+0000] {logging_mixin.py:188} INFO - [2025-06-25T09:19:25.827+0000] {dag.py:3036} INFO - Sync 1 DAGs
[2025-06-25T09:19:25.852+0000] {logging_mixin.py:188} INFO - [2025-06-25T09:19:25.852+0000] {dag.py:3823} INFO - Setting next_dagrun for tutorial_taskflow_api to None, run_after=None
[2025-06-25T09:19:25.888+0000] {processor.py:183} INFO - Processing /home/airflow/.local/lib/python3.8/site-packages/airflow/example_dags/tutorial_taskflow_api.py took 0.124 seconds
[2025-06-25T09:19:56.318+0000] {processor.py:161} INFO - Started process (PID=2092) to work on /home/airflow/.local/lib/python3.8/site-packages/airflow/example_dags/tutorial_taskflow_api.py
[2025-06-25T09:19:56.320+0000] {processor.py:830} INFO - Processing file /home/airflow/.local/lib/python3.8/site-packages/airflow/example_dags/tutorial_taskflow_api.py for tasks to queue
[2025-06-25T09:19:56.322+0000] {logging_mixin.py:188} INFO - [2025-06-25T09:19:56.322+0000] {dagbag.py:538} INFO - Filling up the DagBag from /home/airflow/.local/lib/python3.8/site-packages/airflow/example_dags/tutorial_taskflow_api.py
[2025-06-25T09:19:56.333+0000] {processor.py:840} INFO - DAG(s) 'tutorial_taskflow_api' retrieved from /home/airflow/.local/lib/python3.8/site-packages/airflow/example_dags/tutorial_taskflow_api.py
[2025-06-25T09:19:56.368+0000] {logging_mixin.py:188} INFO - [2025-06-25T09:19:56.367+0000] {dag.py:3036} INFO - Sync 1 DAGs
[2025-06-25T09:19:56.389+0000] {logging_mixin.py:188} INFO - [2025-06-25T09:19:56.389+0000] {dag.py:3823} INFO - Setting next_dagrun for tutorial_taskflow_api to None, run_after=None
[2025-06-25T09:19:56.419+0000] {processor.py:183} INFO - Processing /home/airflow/.local/lib/python3.8/site-packages/airflow/example_dags/tutorial_taskflow_api.py took 0.105 seconds
[2025-06-25T09:20:27.120+0000] {processor.py:161} INFO - Started process (PID=2157) to work on /home/airflow/.local/lib/python3.8/site-packages/airflow/example_dags/tutorial_taskflow_api.py
[2025-06-25T09:20:27.121+0000] {processor.py:830} INFO - Processing file /home/airflow/.local/lib/python3.8/site-packages/airflow/example_dags/tutorial_taskflow_api.py for tasks to queue
[2025-06-25T09:20:27.123+0000] {logging_mixin.py:188} INFO - [2025-06-25T09:20:27.123+0000] {dagbag.py:538} INFO - Filling up the DagBag from /home/airflow/.local/lib/python3.8/site-packages/airflow/example_dags/tutorial_taskflow_api.py
[2025-06-25T09:20:27.133+0000] {processor.py:840} INFO - DAG(s) 'tutorial_taskflow_api' retrieved from /home/airflow/.local/lib/python3.8/site-packages/airflow/example_dags/tutorial_taskflow_api.py
[2025-06-25T09:20:27.164+0000] {logging_mixin.py:188} INFO - [2025-06-25T09:20:27.164+0000] {dag.py:3036} INFO - Sync 1 DAGs
[2025-06-25T09:20:27.183+0000] {logging_mixin.py:188} INFO - [2025-06-25T09:20:27.183+0000] {dag.py:3823} INFO - Setting next_dagrun for tutorial_taskflow_api to None, run_after=None
[2025-06-25T09:20:27.211+0000] {processor.py:183} INFO - Processing /home/airflow/.local/lib/python3.8/site-packages/airflow/example_dags/tutorial_taskflow_api.py took 0.096 seconds
[2025-06-25T09:20:58.005+0000] {processor.py:161} INFO - Started process (PID=2222) to work on /home/airflow/.local/lib/python3.8/site-packages/airflow/example_dags/tutorial_taskflow_api.py
[2025-06-25T09:20:58.006+0000] {processor.py:830} INFO - Processing file /home/airflow/.local/lib/python3.8/site-packages/airflow/example_dags/tutorial_taskflow_api.py for tasks to queue
[2025-06-25T09:20:58.009+0000] {logging_mixin.py:188} INFO - [2025-06-25T09:20:58.009+0000] {dagbag.py:538} INFO - Filling up the DagBag from /home/airflow/.local/lib/python3.8/site-packages/airflow/example_dags/tutorial_taskflow_api.py
[2025-06-25T09:20:58.018+0000] {processor.py:840} INFO - DAG(s) 'tutorial_taskflow_api' retrieved from /home/airflow/.local/lib/python3.8/site-packages/airflow/example_dags/tutorial_taskflow_api.py
[2025-06-25T09:20:58.049+0000] {logging_mixin.py:188} INFO - [2025-06-25T09:20:58.049+0000] {dag.py:3036} INFO - Sync 1 DAGs
[2025-06-25T09:20:58.069+0000] {logging_mixin.py:188} INFO - [2025-06-25T09:20:58.069+0000] {dag.py:3823} INFO - Setting next_dagrun for tutorial_taskflow_api to None, run_after=None
[2025-06-25T09:20:58.101+0000] {processor.py:183} INFO - Processing /home/airflow/.local/lib/python3.8/site-packages/airflow/example_dags/tutorial_taskflow_api.py took 0.101 seconds
[2025-06-25T09:21:28.394+0000] {processor.py:161} INFO - Started process (PID=2287) to work on /home/airflow/.local/lib/python3.8/site-packages/airflow/example_dags/tutorial_taskflow_api.py
[2025-06-25T09:21:28.395+0000] {processor.py:830} INFO - Processing file /home/airflow/.local/lib/python3.8/site-packages/airflow/example_dags/tutorial_taskflow_api.py for tasks to queue
[2025-06-25T09:21:28.398+0000] {logging_mixin.py:188} INFO - [2025-06-25T09:21:28.397+0000] {dagbag.py:538} INFO - Filling up the DagBag from /home/airflow/.local/lib/python3.8/site-packages/airflow/example_dags/tutorial_taskflow_api.py
[2025-06-25T09:21:28.408+0000] {processor.py:840} INFO - DAG(s) 'tutorial_taskflow_api' retrieved from /home/airflow/.local/lib/python3.8/site-packages/airflow/example_dags/tutorial_taskflow_api.py
[2025-06-25T09:21:28.441+0000] {logging_mixin.py:188} INFO - [2025-06-25T09:21:28.440+0000] {dag.py:3036} INFO - Sync 1 DAGs
[2025-06-25T09:21:28.464+0000] {logging_mixin.py:188} INFO - [2025-06-25T09:21:28.464+0000] {dag.py:3823} INFO - Setting next_dagrun for tutorial_taskflow_api to None, run_after=None
[2025-06-25T09:21:28.490+0000] {processor.py:183} INFO - Processing /home/airflow/.local/lib/python3.8/site-packages/airflow/example_dags/tutorial_taskflow_api.py took 0.102 seconds
