[2025-06-25T09:04:08.657+0000] {processor.py:161} INFO - Started process (PID=75) to work on /home/airflow/.local/lib/python3.8/site-packages/airflow/example_dags/tutorial.py
[2025-06-25T09:04:08.659+0000] {processor.py:830} INFO - Processing file /home/airflow/.local/lib/python3.8/site-packages/airflow/example_dags/tutorial.py for tasks to queue
[2025-06-25T09:04:08.661+0000] {logging_mixin.py:188} INFO - [2025-06-25T09:04:08.661+0000] {dagbag.py:538} INFO - Filling up the DagBag from /home/airflow/.local/lib/python3.8/site-packages/airflow/example_dags/tutorial.py
[2025-06-25T09:04:08.678+0000] {processor.py:840} INFO - DAG(s) 'tutorial' retrieved from /home/airflow/.local/lib/python3.8/site-packages/airflow/example_dags/tutorial.py
[2025-06-25T09:04:08.752+0000] {logging_mixin.py:188} INFO - [2025-06-25T09:04:08.751+0000] {dag.py:3036} INFO - Sync 1 DAGs
[2025-06-25T09:04:08.846+0000] {logging_mixin.py:188} INFO - [2025-06-25T09:04:08.845+0000] {dag.py:3823} INFO - Setting next_dagrun for tutorial to 2025-06-24 00:00:00+00:00, run_after=2025-06-25 00:00:00+00:00
[2025-06-25T09:04:08.880+0000] {processor.py:183} INFO - Processing /home/airflow/.local/lib/python3.8/site-packages/airflow/example_dags/tutorial.py took 0.229 seconds
[2025-06-25T09:04:39.857+0000] {processor.py:161} INFO - Started process (PID=139) to work on /home/airflow/.local/lib/python3.8/site-packages/airflow/example_dags/tutorial.py
[2025-06-25T09:04:39.858+0000] {processor.py:830} INFO - Processing file /home/airflow/.local/lib/python3.8/site-packages/airflow/example_dags/tutorial.py for tasks to queue
[2025-06-25T09:04:39.861+0000] {logging_mixin.py:188} INFO - [2025-06-25T09:04:39.860+0000] {dagbag.py:538} INFO - Filling up the DagBag from /home/airflow/.local/lib/python3.8/site-packages/airflow/example_dags/tutorial.py
[2025-06-25T09:04:39.872+0000] {processor.py:840} INFO - DAG(s) 'tutorial' retrieved from /home/airflow/.local/lib/python3.8/site-packages/airflow/example_dags/tutorial.py
[2025-06-25T09:04:39.907+0000] {logging_mixin.py:188} INFO - [2025-06-25T09:04:39.907+0000] {dag.py:3036} INFO - Sync 1 DAGs
[2025-06-25T09:04:39.960+0000] {logging_mixin.py:188} INFO - [2025-06-25T09:04:39.959+0000] {dag.py:3823} INFO - Setting next_dagrun for tutorial to 2025-06-24 00:00:00+00:00, run_after=2025-06-25 00:00:00+00:00
[2025-06-25T09:04:39.993+0000] {processor.py:183} INFO - Processing /home/airflow/.local/lib/python3.8/site-packages/airflow/example_dags/tutorial.py took 0.142 seconds
[2025-06-25T09:05:10.231+0000] {processor.py:161} INFO - Started process (PID=205) to work on /home/airflow/.local/lib/python3.8/site-packages/airflow/example_dags/tutorial.py
[2025-06-25T09:05:10.237+0000] {processor.py:830} INFO - Processing file /home/airflow/.local/lib/python3.8/site-packages/airflow/example_dags/tutorial.py for tasks to queue
[2025-06-25T09:05:10.244+0000] {logging_mixin.py:188} INFO - [2025-06-25T09:05:10.243+0000] {dagbag.py:538} INFO - Filling up the DagBag from /home/airflow/.local/lib/python3.8/site-packages/airflow/example_dags/tutorial.py
[2025-06-25T09:05:10.254+0000] {processor.py:840} INFO - DAG(s) 'tutorial' retrieved from /home/airflow/.local/lib/python3.8/site-packages/airflow/example_dags/tutorial.py
[2025-06-25T09:05:10.294+0000] {logging_mixin.py:188} INFO - [2025-06-25T09:05:10.294+0000] {dag.py:3036} INFO - Sync 1 DAGs
[2025-06-25T09:05:10.337+0000] {logging_mixin.py:188} INFO - [2025-06-25T09:05:10.337+0000] {dag.py:3823} INFO - Setting next_dagrun for tutorial to 2025-06-24 00:00:00+00:00, run_after=2025-06-25 00:00:00+00:00
[2025-06-25T09:05:10.373+0000] {processor.py:183} INFO - Processing /home/airflow/.local/lib/python3.8/site-packages/airflow/example_dags/tutorial.py took 0.148 seconds
[2025-06-25T09:05:40.621+0000] {processor.py:161} INFO - Started process (PID=271) to work on /home/airflow/.local/lib/python3.8/site-packages/airflow/example_dags/tutorial.py
[2025-06-25T09:05:40.623+0000] {processor.py:830} INFO - Processing file /home/airflow/.local/lib/python3.8/site-packages/airflow/example_dags/tutorial.py for tasks to queue
[2025-06-25T09:05:40.625+0000] {logging_mixin.py:188} INFO - [2025-06-25T09:05:40.625+0000] {dagbag.py:538} INFO - Filling up the DagBag from /home/airflow/.local/lib/python3.8/site-packages/airflow/example_dags/tutorial.py
[2025-06-25T09:05:40.636+0000] {processor.py:840} INFO - DAG(s) 'tutorial' retrieved from /home/airflow/.local/lib/python3.8/site-packages/airflow/example_dags/tutorial.py
[2025-06-25T09:05:40.674+0000] {logging_mixin.py:188} INFO - [2025-06-25T09:05:40.674+0000] {dag.py:3036} INFO - Sync 1 DAGs
[2025-06-25T09:05:40.711+0000] {logging_mixin.py:188} INFO - [2025-06-25T09:05:40.710+0000] {dag.py:3823} INFO - Setting next_dagrun for tutorial to 2025-06-24 00:00:00+00:00, run_after=2025-06-25 00:00:00+00:00
[2025-06-25T09:05:40.750+0000] {processor.py:183} INFO - Processing /home/airflow/.local/lib/python3.8/site-packages/airflow/example_dags/tutorial.py took 0.136 seconds
[2025-06-25T09:06:10.909+0000] {processor.py:161} INFO - Started process (PID=337) to work on /home/airflow/.local/lib/python3.8/site-packages/airflow/example_dags/tutorial.py
[2025-06-25T09:06:10.910+0000] {processor.py:830} INFO - Processing file /home/airflow/.local/lib/python3.8/site-packages/airflow/example_dags/tutorial.py for tasks to queue
[2025-06-25T09:06:10.913+0000] {logging_mixin.py:188} INFO - [2025-06-25T09:06:10.912+0000] {dagbag.py:538} INFO - Filling up the DagBag from /home/airflow/.local/lib/python3.8/site-packages/airflow/example_dags/tutorial.py
[2025-06-25T09:06:10.921+0000] {processor.py:840} INFO - DAG(s) 'tutorial' retrieved from /home/airflow/.local/lib/python3.8/site-packages/airflow/example_dags/tutorial.py
[2025-06-25T09:06:10.953+0000] {logging_mixin.py:188} INFO - [2025-06-25T09:06:10.953+0000] {dag.py:3036} INFO - Sync 1 DAGs
[2025-06-25T09:06:10.990+0000] {logging_mixin.py:188} INFO - [2025-06-25T09:06:10.990+0000] {dag.py:3823} INFO - Setting next_dagrun for tutorial to 2025-06-24 00:00:00+00:00, run_after=2025-06-25 00:00:00+00:00
[2025-06-25T09:06:11.020+0000] {processor.py:183} INFO - Processing /home/airflow/.local/lib/python3.8/site-packages/airflow/example_dags/tutorial.py took 0.116 seconds
[2025-06-25T09:06:41.436+0000] {processor.py:161} INFO - Started process (PID=402) to work on /home/airflow/.local/lib/python3.8/site-packages/airflow/example_dags/tutorial.py
[2025-06-25T09:06:41.438+0000] {processor.py:830} INFO - Processing file /home/airflow/.local/lib/python3.8/site-packages/airflow/example_dags/tutorial.py for tasks to queue
[2025-06-25T09:06:41.440+0000] {logging_mixin.py:188} INFO - [2025-06-25T09:06:41.440+0000] {dagbag.py:538} INFO - Filling up the DagBag from /home/airflow/.local/lib/python3.8/site-packages/airflow/example_dags/tutorial.py
[2025-06-25T09:06:41.448+0000] {processor.py:840} INFO - DAG(s) 'tutorial' retrieved from /home/airflow/.local/lib/python3.8/site-packages/airflow/example_dags/tutorial.py
[2025-06-25T09:06:41.483+0000] {logging_mixin.py:188} INFO - [2025-06-25T09:06:41.483+0000] {dag.py:3036} INFO - Sync 1 DAGs
[2025-06-25T09:06:41.526+0000] {logging_mixin.py:188} INFO - [2025-06-25T09:06:41.526+0000] {dag.py:3823} INFO - Setting next_dagrun for tutorial to 2025-06-24 00:00:00+00:00, run_after=2025-06-25 00:00:00+00:00
[2025-06-25T09:06:41.557+0000] {processor.py:183} INFO - Processing /home/airflow/.local/lib/python3.8/site-packages/airflow/example_dags/tutorial.py took 0.126 seconds
[2025-06-25T09:07:12.036+0000] {processor.py:161} INFO - Started process (PID=467) to work on /home/airflow/.local/lib/python3.8/site-packages/airflow/example_dags/tutorial.py
[2025-06-25T09:07:12.038+0000] {processor.py:830} INFO - Processing file /home/airflow/.local/lib/python3.8/site-packages/airflow/example_dags/tutorial.py for tasks to queue
[2025-06-25T09:07:12.042+0000] {logging_mixin.py:188} INFO - [2025-06-25T09:07:12.042+0000] {dagbag.py:538} INFO - Filling up the DagBag from /home/airflow/.local/lib/python3.8/site-packages/airflow/example_dags/tutorial.py
[2025-06-25T09:07:12.057+0000] {processor.py:840} INFO - DAG(s) 'tutorial' retrieved from /home/airflow/.local/lib/python3.8/site-packages/airflow/example_dags/tutorial.py
[2025-06-25T09:07:12.106+0000] {logging_mixin.py:188} INFO - [2025-06-25T09:07:12.105+0000] {dag.py:3036} INFO - Sync 1 DAGs
[2025-06-25T09:07:12.164+0000] {logging_mixin.py:188} INFO - [2025-06-25T09:07:12.163+0000] {dag.py:3823} INFO - Setting next_dagrun for tutorial to 2025-06-24 00:00:00+00:00, run_after=2025-06-25 00:00:00+00:00
[2025-06-25T09:07:12.196+0000] {processor.py:183} INFO - Processing /home/airflow/.local/lib/python3.8/site-packages/airflow/example_dags/tutorial.py took 0.167 seconds
[2025-06-25T09:07:42.774+0000] {processor.py:161} INFO - Started process (PID=532) to work on /home/airflow/.local/lib/python3.8/site-packages/airflow/example_dags/tutorial.py
[2025-06-25T09:07:42.776+0000] {processor.py:830} INFO - Processing file /home/airflow/.local/lib/python3.8/site-packages/airflow/example_dags/tutorial.py for tasks to queue
[2025-06-25T09:07:42.779+0000] {logging_mixin.py:188} INFO - [2025-06-25T09:07:42.778+0000] {dagbag.py:538} INFO - Filling up the DagBag from /home/airflow/.local/lib/python3.8/site-packages/airflow/example_dags/tutorial.py
[2025-06-25T09:07:42.789+0000] {processor.py:840} INFO - DAG(s) 'tutorial' retrieved from /home/airflow/.local/lib/python3.8/site-packages/airflow/example_dags/tutorial.py
[2025-06-25T09:07:42.829+0000] {logging_mixin.py:188} INFO - [2025-06-25T09:07:42.828+0000] {dag.py:3036} INFO - Sync 1 DAGs
[2025-06-25T09:07:42.872+0000] {logging_mixin.py:188} INFO - [2025-06-25T09:07:42.872+0000] {dag.py:3823} INFO - Setting next_dagrun for tutorial to 2025-06-24 00:00:00+00:00, run_after=2025-06-25 00:00:00+00:00
[2025-06-25T09:07:42.908+0000] {processor.py:183} INFO - Processing /home/airflow/.local/lib/python3.8/site-packages/airflow/example_dags/tutorial.py took 0.141 seconds
[2025-06-25T09:08:13.038+0000] {processor.py:161} INFO - Started process (PID=599) to work on /home/airflow/.local/lib/python3.8/site-packages/airflow/example_dags/tutorial.py
[2025-06-25T09:08:13.039+0000] {processor.py:830} INFO - Processing file /home/airflow/.local/lib/python3.8/site-packages/airflow/example_dags/tutorial.py for tasks to queue
[2025-06-25T09:08:13.042+0000] {logging_mixin.py:188} INFO - [2025-06-25T09:08:13.042+0000] {dagbag.py:538} INFO - Filling up the DagBag from /home/airflow/.local/lib/python3.8/site-packages/airflow/example_dags/tutorial.py
[2025-06-25T09:08:13.053+0000] {processor.py:840} INFO - DAG(s) 'tutorial' retrieved from /home/airflow/.local/lib/python3.8/site-packages/airflow/example_dags/tutorial.py
[2025-06-25T09:08:13.095+0000] {logging_mixin.py:188} INFO - [2025-06-25T09:08:13.095+0000] {dag.py:3036} INFO - Sync 1 DAGs
[2025-06-25T09:08:13.155+0000] {logging_mixin.py:188} INFO - [2025-06-25T09:08:13.154+0000] {dag.py:3823} INFO - Setting next_dagrun for tutorial to 2025-06-24 00:00:00+00:00, run_after=2025-06-25 00:00:00+00:00
[2025-06-25T09:08:13.202+0000] {processor.py:183} INFO - Processing /home/airflow/.local/lib/python3.8/site-packages/airflow/example_dags/tutorial.py took 0.171 seconds
[2025-06-25T09:08:43.800+0000] {processor.py:161} INFO - Started process (PID=663) to work on /home/airflow/.local/lib/python3.8/site-packages/airflow/example_dags/tutorial.py
[2025-06-25T09:08:43.802+0000] {processor.py:830} INFO - Processing file /home/airflow/.local/lib/python3.8/site-packages/airflow/example_dags/tutorial.py for tasks to queue
[2025-06-25T09:08:43.805+0000] {logging_mixin.py:188} INFO - [2025-06-25T09:08:43.804+0000] {dagbag.py:538} INFO - Filling up the DagBag from /home/airflow/.local/lib/python3.8/site-packages/airflow/example_dags/tutorial.py
[2025-06-25T09:08:43.816+0000] {processor.py:840} INFO - DAG(s) 'tutorial' retrieved from /home/airflow/.local/lib/python3.8/site-packages/airflow/example_dags/tutorial.py
[2025-06-25T09:08:43.851+0000] {logging_mixin.py:188} INFO - [2025-06-25T09:08:43.851+0000] {dag.py:3036} INFO - Sync 1 DAGs
[2025-06-25T09:08:43.892+0000] {logging_mixin.py:188} INFO - [2025-06-25T09:08:43.891+0000] {dag.py:3823} INFO - Setting next_dagrun for tutorial to 2025-06-24 00:00:00+00:00, run_after=2025-06-25 00:00:00+00:00
[2025-06-25T09:08:43.925+0000] {processor.py:183} INFO - Processing /home/airflow/.local/lib/python3.8/site-packages/airflow/example_dags/tutorial.py took 0.131 seconds
[2025-06-25T09:09:14.114+0000] {processor.py:161} INFO - Started process (PID=734) to work on /home/airflow/.local/lib/python3.8/site-packages/airflow/example_dags/tutorial.py
[2025-06-25T09:09:14.116+0000] {processor.py:830} INFO - Processing file /home/airflow/.local/lib/python3.8/site-packages/airflow/example_dags/tutorial.py for tasks to queue
[2025-06-25T09:09:14.119+0000] {logging_mixin.py:188} INFO - [2025-06-25T09:09:14.118+0000] {dagbag.py:538} INFO - Filling up the DagBag from /home/airflow/.local/lib/python3.8/site-packages/airflow/example_dags/tutorial.py
[2025-06-25T09:09:14.130+0000] {processor.py:840} INFO - DAG(s) 'tutorial' retrieved from /home/airflow/.local/lib/python3.8/site-packages/airflow/example_dags/tutorial.py
[2025-06-25T09:09:14.169+0000] {logging_mixin.py:188} INFO - [2025-06-25T09:09:14.169+0000] {dag.py:3036} INFO - Sync 1 DAGs
[2025-06-25T09:09:14.217+0000] {logging_mixin.py:188} INFO - [2025-06-25T09:09:14.217+0000] {dag.py:3823} INFO - Setting next_dagrun for tutorial to 2025-06-24 00:00:00+00:00, run_after=2025-06-25 00:00:00+00:00
[2025-06-25T09:09:14.254+0000] {processor.py:183} INFO - Processing /home/airflow/.local/lib/python3.8/site-packages/airflow/example_dags/tutorial.py took 0.149 seconds
[2025-06-25T09:09:44.610+0000] {processor.py:161} INFO - Started process (PID=800) to work on /home/airflow/.local/lib/python3.8/site-packages/airflow/example_dags/tutorial.py
[2025-06-25T09:09:44.612+0000] {processor.py:830} INFO - Processing file /home/airflow/.local/lib/python3.8/site-packages/airflow/example_dags/tutorial.py for tasks to queue
[2025-06-25T09:09:44.615+0000] {logging_mixin.py:188} INFO - [2025-06-25T09:09:44.614+0000] {dagbag.py:538} INFO - Filling up the DagBag from /home/airflow/.local/lib/python3.8/site-packages/airflow/example_dags/tutorial.py
[2025-06-25T09:09:44.626+0000] {processor.py:840} INFO - DAG(s) 'tutorial' retrieved from /home/airflow/.local/lib/python3.8/site-packages/airflow/example_dags/tutorial.py
[2025-06-25T09:09:44.667+0000] {logging_mixin.py:188} INFO - [2025-06-25T09:09:44.666+0000] {dag.py:3036} INFO - Sync 1 DAGs
[2025-06-25T09:09:44.714+0000] {logging_mixin.py:188} INFO - [2025-06-25T09:09:44.713+0000] {dag.py:3823} INFO - Setting next_dagrun for tutorial to 2025-06-24 00:00:00+00:00, run_after=2025-06-25 00:00:00+00:00
[2025-06-25T09:09:44.753+0000] {processor.py:183} INFO - Processing /home/airflow/.local/lib/python3.8/site-packages/airflow/example_dags/tutorial.py took 0.152 seconds
[2025-06-25T09:10:15.340+0000] {processor.py:161} INFO - Started process (PID=865) to work on /home/airflow/.local/lib/python3.8/site-packages/airflow/example_dags/tutorial.py
[2025-06-25T09:10:15.342+0000] {processor.py:830} INFO - Processing file /home/airflow/.local/lib/python3.8/site-packages/airflow/example_dags/tutorial.py for tasks to queue
[2025-06-25T09:10:15.346+0000] {logging_mixin.py:188} INFO - [2025-06-25T09:10:15.345+0000] {dagbag.py:538} INFO - Filling up the DagBag from /home/airflow/.local/lib/python3.8/site-packages/airflow/example_dags/tutorial.py
[2025-06-25T09:10:15.357+0000] {processor.py:840} INFO - DAG(s) 'tutorial' retrieved from /home/airflow/.local/lib/python3.8/site-packages/airflow/example_dags/tutorial.py
[2025-06-25T09:10:15.406+0000] {logging_mixin.py:188} INFO - [2025-06-25T09:10:15.406+0000] {dag.py:3036} INFO - Sync 1 DAGs
[2025-06-25T09:10:15.469+0000] {logging_mixin.py:188} INFO - [2025-06-25T09:10:15.469+0000] {dag.py:3823} INFO - Setting next_dagrun for tutorial to 2025-06-24 00:00:00+00:00, run_after=2025-06-25 00:00:00+00:00
[2025-06-25T09:10:15.521+0000] {processor.py:183} INFO - Processing /home/airflow/.local/lib/python3.8/site-packages/airflow/example_dags/tutorial.py took 0.188 seconds
[2025-06-25T09:10:45.744+0000] {processor.py:161} INFO - Started process (PID=930) to work on /home/airflow/.local/lib/python3.8/site-packages/airflow/example_dags/tutorial.py
[2025-06-25T09:10:45.746+0000] {processor.py:830} INFO - Processing file /home/airflow/.local/lib/python3.8/site-packages/airflow/example_dags/tutorial.py for tasks to queue
[2025-06-25T09:10:45.749+0000] {logging_mixin.py:188} INFO - [2025-06-25T09:10:45.749+0000] {dagbag.py:538} INFO - Filling up the DagBag from /home/airflow/.local/lib/python3.8/site-packages/airflow/example_dags/tutorial.py
[2025-06-25T09:10:45.757+0000] {processor.py:840} INFO - DAG(s) 'tutorial' retrieved from /home/airflow/.local/lib/python3.8/site-packages/airflow/example_dags/tutorial.py
[2025-06-25T09:10:45.790+0000] {logging_mixin.py:188} INFO - [2025-06-25T09:10:45.790+0000] {dag.py:3036} INFO - Sync 1 DAGs
[2025-06-25T09:10:45.828+0000] {logging_mixin.py:188} INFO - [2025-06-25T09:10:45.827+0000] {dag.py:3823} INFO - Setting next_dagrun for tutorial to 2025-06-24 00:00:00+00:00, run_after=2025-06-25 00:00:00+00:00
[2025-06-25T09:10:45.860+0000] {processor.py:183} INFO - Processing /home/airflow/.local/lib/python3.8/site-packages/airflow/example_dags/tutorial.py took 0.120 seconds
[2025-06-25T09:11:16.529+0000] {processor.py:161} INFO - Started process (PID=995) to work on /home/airflow/.local/lib/python3.8/site-packages/airflow/example_dags/tutorial.py
[2025-06-25T09:11:16.531+0000] {processor.py:830} INFO - Processing file /home/airflow/.local/lib/python3.8/site-packages/airflow/example_dags/tutorial.py for tasks to queue
[2025-06-25T09:11:16.534+0000] {logging_mixin.py:188} INFO - [2025-06-25T09:11:16.534+0000] {dagbag.py:538} INFO - Filling up the DagBag from /home/airflow/.local/lib/python3.8/site-packages/airflow/example_dags/tutorial.py
[2025-06-25T09:11:16.544+0000] {processor.py:840} INFO - DAG(s) 'tutorial' retrieved from /home/airflow/.local/lib/python3.8/site-packages/airflow/example_dags/tutorial.py
[2025-06-25T09:11:16.589+0000] {logging_mixin.py:188} INFO - [2025-06-25T09:11:16.589+0000] {dag.py:3036} INFO - Sync 1 DAGs
[2025-06-25T09:11:16.629+0000] {logging_mixin.py:188} INFO - [2025-06-25T09:11:16.629+0000] {dag.py:3823} INFO - Setting next_dagrun for tutorial to 2025-06-24 00:00:00+00:00, run_after=2025-06-25 00:00:00+00:00
[2025-06-25T09:11:16.662+0000] {processor.py:183} INFO - Processing /home/airflow/.local/lib/python3.8/site-packages/airflow/example_dags/tutorial.py took 0.140 seconds
[2025-06-25T09:11:46.831+0000] {processor.py:161} INFO - Started process (PID=1060) to work on /home/airflow/.local/lib/python3.8/site-packages/airflow/example_dags/tutorial.py
[2025-06-25T09:11:46.833+0000] {processor.py:830} INFO - Processing file /home/airflow/.local/lib/python3.8/site-packages/airflow/example_dags/tutorial.py for tasks to queue
[2025-06-25T09:11:46.836+0000] {logging_mixin.py:188} INFO - [2025-06-25T09:11:46.835+0000] {dagbag.py:538} INFO - Filling up the DagBag from /home/airflow/.local/lib/python3.8/site-packages/airflow/example_dags/tutorial.py
[2025-06-25T09:11:46.848+0000] {processor.py:840} INFO - DAG(s) 'tutorial' retrieved from /home/airflow/.local/lib/python3.8/site-packages/airflow/example_dags/tutorial.py
[2025-06-25T09:11:46.886+0000] {logging_mixin.py:188} INFO - [2025-06-25T09:11:46.885+0000] {dag.py:3036} INFO - Sync 1 DAGs
[2025-06-25T09:11:46.932+0000] {logging_mixin.py:188} INFO - [2025-06-25T09:11:46.932+0000] {dag.py:3823} INFO - Setting next_dagrun for tutorial to 2025-06-24 00:00:00+00:00, run_after=2025-06-25 00:00:00+00:00
[2025-06-25T09:11:46.969+0000] {processor.py:183} INFO - Processing /home/airflow/.local/lib/python3.8/site-packages/airflow/example_dags/tutorial.py took 0.145 seconds
[2025-06-25T09:12:17.263+0000] {processor.py:161} INFO - Started process (PID=1123) to work on /home/airflow/.local/lib/python3.8/site-packages/airflow/example_dags/tutorial.py
[2025-06-25T09:12:17.265+0000] {processor.py:830} INFO - Processing file /home/airflow/.local/lib/python3.8/site-packages/airflow/example_dags/tutorial.py for tasks to queue
[2025-06-25T09:12:17.269+0000] {logging_mixin.py:188} INFO - [2025-06-25T09:12:17.268+0000] {dagbag.py:538} INFO - Filling up the DagBag from /home/airflow/.local/lib/python3.8/site-packages/airflow/example_dags/tutorial.py
[2025-06-25T09:12:17.286+0000] {processor.py:840} INFO - DAG(s) 'tutorial' retrieved from /home/airflow/.local/lib/python3.8/site-packages/airflow/example_dags/tutorial.py
[2025-06-25T09:12:17.346+0000] {logging_mixin.py:188} INFO - [2025-06-25T09:12:17.345+0000] {dag.py:3036} INFO - Sync 1 DAGs
[2025-06-25T09:12:17.410+0000] {logging_mixin.py:188} INFO - [2025-06-25T09:12:17.410+0000] {dag.py:3823} INFO - Setting next_dagrun for tutorial to 2025-06-24 00:00:00+00:00, run_after=2025-06-25 00:00:00+00:00
[2025-06-25T09:12:17.471+0000] {processor.py:183} INFO - Processing /home/airflow/.local/lib/python3.8/site-packages/airflow/example_dags/tutorial.py took 0.218 seconds
[2025-06-25T09:12:48.136+0000] {processor.py:161} INFO - Started process (PID=1189) to work on /home/airflow/.local/lib/python3.8/site-packages/airflow/example_dags/tutorial.py
[2025-06-25T09:12:48.138+0000] {processor.py:830} INFO - Processing file /home/airflow/.local/lib/python3.8/site-packages/airflow/example_dags/tutorial.py for tasks to queue
[2025-06-25T09:12:48.142+0000] {logging_mixin.py:188} INFO - [2025-06-25T09:12:48.141+0000] {dagbag.py:538} INFO - Filling up the DagBag from /home/airflow/.local/lib/python3.8/site-packages/airflow/example_dags/tutorial.py
[2025-06-25T09:12:48.153+0000] {processor.py:840} INFO - DAG(s) 'tutorial' retrieved from /home/airflow/.local/lib/python3.8/site-packages/airflow/example_dags/tutorial.py
[2025-06-25T09:12:48.197+0000] {logging_mixin.py:188} INFO - [2025-06-25T09:12:48.197+0000] {dag.py:3036} INFO - Sync 1 DAGs
[2025-06-25T09:12:48.262+0000] {logging_mixin.py:188} INFO - [2025-06-25T09:12:48.261+0000] {dag.py:3823} INFO - Setting next_dagrun for tutorial to 2025-06-24 00:00:00+00:00, run_after=2025-06-25 00:00:00+00:00
[2025-06-25T09:12:48.301+0000] {processor.py:183} INFO - Processing /home/airflow/.local/lib/python3.8/site-packages/airflow/example_dags/tutorial.py took 0.172 seconds
[2025-06-25T09:13:19.064+0000] {processor.py:161} INFO - Started process (PID=1255) to work on /home/airflow/.local/lib/python3.8/site-packages/airflow/example_dags/tutorial.py
[2025-06-25T09:13:19.067+0000] {processor.py:830} INFO - Processing file /home/airflow/.local/lib/python3.8/site-packages/airflow/example_dags/tutorial.py for tasks to queue
[2025-06-25T09:13:19.075+0000] {logging_mixin.py:188} INFO - [2025-06-25T09:13:19.072+0000] {dagbag.py:538} INFO - Filling up the DagBag from /home/airflow/.local/lib/python3.8/site-packages/airflow/example_dags/tutorial.py
[2025-06-25T09:13:19.086+0000] {processor.py:840} INFO - DAG(s) 'tutorial' retrieved from /home/airflow/.local/lib/python3.8/site-packages/airflow/example_dags/tutorial.py
[2025-06-25T09:13:19.118+0000] {logging_mixin.py:188} INFO - [2025-06-25T09:13:19.118+0000] {dag.py:3036} INFO - Sync 1 DAGs
[2025-06-25T09:13:19.165+0000] {logging_mixin.py:188} INFO - [2025-06-25T09:13:19.164+0000] {dag.py:3823} INFO - Setting next_dagrun for tutorial to 2025-06-24 00:00:00+00:00, run_after=2025-06-25 00:00:00+00:00
[2025-06-25T09:13:19.225+0000] {processor.py:183} INFO - Processing /home/airflow/.local/lib/python3.8/site-packages/airflow/example_dags/tutorial.py took 0.169 seconds
[2025-06-25T09:13:49.486+0000] {processor.py:161} INFO - Started process (PID=1321) to work on /home/airflow/.local/lib/python3.8/site-packages/airflow/example_dags/tutorial.py
[2025-06-25T09:13:49.489+0000] {processor.py:830} INFO - Processing file /home/airflow/.local/lib/python3.8/site-packages/airflow/example_dags/tutorial.py for tasks to queue
[2025-06-25T09:13:49.493+0000] {logging_mixin.py:188} INFO - [2025-06-25T09:13:49.492+0000] {dagbag.py:538} INFO - Filling up the DagBag from /home/airflow/.local/lib/python3.8/site-packages/airflow/example_dags/tutorial.py
[2025-06-25T09:13:49.505+0000] {processor.py:840} INFO - DAG(s) 'tutorial' retrieved from /home/airflow/.local/lib/python3.8/site-packages/airflow/example_dags/tutorial.py
[2025-06-25T09:13:49.553+0000] {logging_mixin.py:188} INFO - [2025-06-25T09:13:49.553+0000] {dag.py:3036} INFO - Sync 1 DAGs
[2025-06-25T09:13:49.609+0000] {logging_mixin.py:188} INFO - [2025-06-25T09:13:49.609+0000] {dag.py:3823} INFO - Setting next_dagrun for tutorial to 2025-06-24 00:00:00+00:00, run_after=2025-06-25 00:00:00+00:00
[2025-06-25T09:13:49.665+0000] {processor.py:183} INFO - Processing /home/airflow/.local/lib/python3.8/site-packages/airflow/example_dags/tutorial.py took 0.187 seconds
[2025-06-25T09:14:19.924+0000] {processor.py:161} INFO - Started process (PID=1378) to work on /home/airflow/.local/lib/python3.8/site-packages/airflow/example_dags/tutorial.py
[2025-06-25T09:14:19.926+0000] {processor.py:830} INFO - Processing file /home/airflow/.local/lib/python3.8/site-packages/airflow/example_dags/tutorial.py for tasks to queue
[2025-06-25T09:14:19.929+0000] {logging_mixin.py:188} INFO - [2025-06-25T09:14:19.929+0000] {dagbag.py:538} INFO - Filling up the DagBag from /home/airflow/.local/lib/python3.8/site-packages/airflow/example_dags/tutorial.py
[2025-06-25T09:14:19.943+0000] {processor.py:840} INFO - DAG(s) 'tutorial' retrieved from /home/airflow/.local/lib/python3.8/site-packages/airflow/example_dags/tutorial.py
[2025-06-25T09:14:19.982+0000] {logging_mixin.py:188} INFO - [2025-06-25T09:14:19.982+0000] {dag.py:3036} INFO - Sync 1 DAGs
[2025-06-25T09:14:20.036+0000] {logging_mixin.py:188} INFO - [2025-06-25T09:14:20.036+0000] {dag.py:3823} INFO - Setting next_dagrun for tutorial to 2025-06-24 00:00:00+00:00, run_after=2025-06-25 00:00:00+00:00
[2025-06-25T09:14:20.094+0000] {processor.py:183} INFO - Processing /home/airflow/.local/lib/python3.8/site-packages/airflow/example_dags/tutorial.py took 0.177 seconds
[2025-06-25T09:14:50.789+0000] {processor.py:161} INFO - Started process (PID=1443) to work on /home/airflow/.local/lib/python3.8/site-packages/airflow/example_dags/tutorial.py
[2025-06-25T09:14:50.791+0000] {processor.py:830} INFO - Processing file /home/airflow/.local/lib/python3.8/site-packages/airflow/example_dags/tutorial.py for tasks to queue
[2025-06-25T09:14:50.794+0000] {logging_mixin.py:188} INFO - [2025-06-25T09:14:50.793+0000] {dagbag.py:538} INFO - Filling up the DagBag from /home/airflow/.local/lib/python3.8/site-packages/airflow/example_dags/tutorial.py
[2025-06-25T09:14:50.805+0000] {processor.py:840} INFO - DAG(s) 'tutorial' retrieved from /home/airflow/.local/lib/python3.8/site-packages/airflow/example_dags/tutorial.py
[2025-06-25T09:14:50.847+0000] {logging_mixin.py:188} INFO - [2025-06-25T09:14:50.847+0000] {dag.py:3036} INFO - Sync 1 DAGs
[2025-06-25T09:14:50.894+0000] {logging_mixin.py:188} INFO - [2025-06-25T09:14:50.894+0000] {dag.py:3823} INFO - Setting next_dagrun for tutorial to 2025-06-24 00:00:00+00:00, run_after=2025-06-25 00:00:00+00:00
[2025-06-25T09:14:50.944+0000] {processor.py:183} INFO - Processing /home/airflow/.local/lib/python3.8/site-packages/airflow/example_dags/tutorial.py took 0.161 seconds
[2025-06-25T09:15:21.028+0000] {processor.py:161} INFO - Started process (PID=1508) to work on /home/airflow/.local/lib/python3.8/site-packages/airflow/example_dags/tutorial.py
[2025-06-25T09:15:21.031+0000] {processor.py:830} INFO - Processing file /home/airflow/.local/lib/python3.8/site-packages/airflow/example_dags/tutorial.py for tasks to queue
[2025-06-25T09:15:21.034+0000] {logging_mixin.py:188} INFO - [2025-06-25T09:15:21.033+0000] {dagbag.py:538} INFO - Filling up the DagBag from /home/airflow/.local/lib/python3.8/site-packages/airflow/example_dags/tutorial.py
[2025-06-25T09:15:21.045+0000] {processor.py:840} INFO - DAG(s) 'tutorial' retrieved from /home/airflow/.local/lib/python3.8/site-packages/airflow/example_dags/tutorial.py
[2025-06-25T09:15:21.091+0000] {logging_mixin.py:188} INFO - [2025-06-25T09:15:21.090+0000] {dag.py:3036} INFO - Sync 1 DAGs
[2025-06-25T09:15:21.162+0000] {logging_mixin.py:188} INFO - [2025-06-25T09:15:21.162+0000] {dag.py:3823} INFO - Setting next_dagrun for tutorial to 2025-06-24 00:00:00+00:00, run_after=2025-06-25 00:00:00+00:00
[2025-06-25T09:15:21.206+0000] {processor.py:183} INFO - Processing /home/airflow/.local/lib/python3.8/site-packages/airflow/example_dags/tutorial.py took 0.183 seconds
[2025-06-25T09:15:51.326+0000] {processor.py:161} INFO - Started process (PID=1572) to work on /home/airflow/.local/lib/python3.8/site-packages/airflow/example_dags/tutorial.py
[2025-06-25T09:15:51.328+0000] {processor.py:830} INFO - Processing file /home/airflow/.local/lib/python3.8/site-packages/airflow/example_dags/tutorial.py for tasks to queue
[2025-06-25T09:15:51.331+0000] {logging_mixin.py:188} INFO - [2025-06-25T09:15:51.330+0000] {dagbag.py:538} INFO - Filling up the DagBag from /home/airflow/.local/lib/python3.8/site-packages/airflow/example_dags/tutorial.py
[2025-06-25T09:15:51.342+0000] {processor.py:840} INFO - DAG(s) 'tutorial' retrieved from /home/airflow/.local/lib/python3.8/site-packages/airflow/example_dags/tutorial.py
[2025-06-25T09:15:51.386+0000] {logging_mixin.py:188} INFO - [2025-06-25T09:15:51.385+0000] {dag.py:3036} INFO - Sync 1 DAGs
[2025-06-25T09:15:51.436+0000] {logging_mixin.py:188} INFO - [2025-06-25T09:15:51.436+0000] {dag.py:3823} INFO - Setting next_dagrun for tutorial to 2025-06-24 00:00:00+00:00, run_after=2025-06-25 00:00:00+00:00
[2025-06-25T09:15:51.480+0000] {processor.py:183} INFO - Processing /home/airflow/.local/lib/python3.8/site-packages/airflow/example_dags/tutorial.py took 0.160 seconds
[2025-06-25T09:16:21.840+0000] {processor.py:161} INFO - Started process (PID=1636) to work on /home/airflow/.local/lib/python3.8/site-packages/airflow/example_dags/tutorial.py
[2025-06-25T09:16:21.856+0000] {processor.py:830} INFO - Processing file /home/airflow/.local/lib/python3.8/site-packages/airflow/example_dags/tutorial.py for tasks to queue
[2025-06-25T09:16:21.859+0000] {logging_mixin.py:188} INFO - [2025-06-25T09:16:21.858+0000] {dagbag.py:538} INFO - Filling up the DagBag from /home/airflow/.local/lib/python3.8/site-packages/airflow/example_dags/tutorial.py
[2025-06-25T09:16:21.887+0000] {processor.py:840} INFO - DAG(s) 'tutorial' retrieved from /home/airflow/.local/lib/python3.8/site-packages/airflow/example_dags/tutorial.py
[2025-06-25T09:16:21.959+0000] {logging_mixin.py:188} INFO - [2025-06-25T09:16:21.958+0000] {dag.py:3036} INFO - Sync 1 DAGs
[2025-06-25T09:16:22.045+0000] {logging_mixin.py:188} INFO - [2025-06-25T09:16:22.045+0000] {dag.py:3823} INFO - Setting next_dagrun for tutorial to 2025-06-24 00:00:00+00:00, run_after=2025-06-25 00:00:00+00:00
[2025-06-25T09:16:22.163+0000] {processor.py:183} INFO - Processing /home/airflow/.local/lib/python3.8/site-packages/airflow/example_dags/tutorial.py took 0.393 seconds
[2025-06-25T09:16:52.379+0000] {processor.py:161} INFO - Started process (PID=1693) to work on /home/airflow/.local/lib/python3.8/site-packages/airflow/example_dags/tutorial.py
[2025-06-25T09:16:52.381+0000] {processor.py:830} INFO - Processing file /home/airflow/.local/lib/python3.8/site-packages/airflow/example_dags/tutorial.py for tasks to queue
[2025-06-25T09:16:52.383+0000] {logging_mixin.py:188} INFO - [2025-06-25T09:16:52.383+0000] {dagbag.py:538} INFO - Filling up the DagBag from /home/airflow/.local/lib/python3.8/site-packages/airflow/example_dags/tutorial.py
[2025-06-25T09:16:52.394+0000] {processor.py:840} INFO - DAG(s) 'tutorial' retrieved from /home/airflow/.local/lib/python3.8/site-packages/airflow/example_dags/tutorial.py
[2025-06-25T09:16:52.448+0000] {logging_mixin.py:188} INFO - [2025-06-25T09:16:52.448+0000] {dag.py:3036} INFO - Sync 1 DAGs
[2025-06-25T09:16:52.493+0000] {logging_mixin.py:188} INFO - [2025-06-25T09:16:52.492+0000] {dag.py:3823} INFO - Setting next_dagrun for tutorial to 2025-06-24 00:00:00+00:00, run_after=2025-06-25 00:00:00+00:00
[2025-06-25T09:16:52.541+0000] {processor.py:183} INFO - Processing /home/airflow/.local/lib/python3.8/site-packages/airflow/example_dags/tutorial.py took 0.168 seconds
[2025-06-25T09:17:22.854+0000] {processor.py:161} INFO - Started process (PID=1759) to work on /home/airflow/.local/lib/python3.8/site-packages/airflow/example_dags/tutorial.py
[2025-06-25T09:17:22.857+0000] {processor.py:830} INFO - Processing file /home/airflow/.local/lib/python3.8/site-packages/airflow/example_dags/tutorial.py for tasks to queue
[2025-06-25T09:17:22.861+0000] {logging_mixin.py:188} INFO - [2025-06-25T09:17:22.861+0000] {dagbag.py:538} INFO - Filling up the DagBag from /home/airflow/.local/lib/python3.8/site-packages/airflow/example_dags/tutorial.py
[2025-06-25T09:17:22.872+0000] {processor.py:840} INFO - DAG(s) 'tutorial' retrieved from /home/airflow/.local/lib/python3.8/site-packages/airflow/example_dags/tutorial.py
[2025-06-25T09:17:22.910+0000] {logging_mixin.py:188} INFO - [2025-06-25T09:17:22.910+0000] {dag.py:3036} INFO - Sync 1 DAGs
[2025-06-25T09:17:22.956+0000] {logging_mixin.py:188} INFO - [2025-06-25T09:17:22.955+0000] {dag.py:3823} INFO - Setting next_dagrun for tutorial to 2025-06-24 00:00:00+00:00, run_after=2025-06-25 00:00:00+00:00
[2025-06-25T09:17:23.007+0000] {processor.py:183} INFO - Processing /home/airflow/.local/lib/python3.8/site-packages/airflow/example_dags/tutorial.py took 0.159 seconds
[2025-06-25T09:17:53.718+0000] {processor.py:161} INFO - Started process (PID=1825) to work on /home/airflow/.local/lib/python3.8/site-packages/airflow/example_dags/tutorial.py
[2025-06-25T09:17:53.720+0000] {processor.py:830} INFO - Processing file /home/airflow/.local/lib/python3.8/site-packages/airflow/example_dags/tutorial.py for tasks to queue
[2025-06-25T09:17:53.725+0000] {logging_mixin.py:188} INFO - [2025-06-25T09:17:53.724+0000] {dagbag.py:538} INFO - Filling up the DagBag from /home/airflow/.local/lib/python3.8/site-packages/airflow/example_dags/tutorial.py
[2025-06-25T09:17:53.737+0000] {processor.py:840} INFO - DAG(s) 'tutorial' retrieved from /home/airflow/.local/lib/python3.8/site-packages/airflow/example_dags/tutorial.py
[2025-06-25T09:17:53.785+0000] {logging_mixin.py:188} INFO - [2025-06-25T09:17:53.784+0000] {dag.py:3036} INFO - Sync 1 DAGs
[2025-06-25T09:17:53.839+0000] {logging_mixin.py:188} INFO - [2025-06-25T09:17:53.839+0000] {dag.py:3823} INFO - Setting next_dagrun for tutorial to 2025-06-24 00:00:00+00:00, run_after=2025-06-25 00:00:00+00:00
[2025-06-25T09:17:53.890+0000] {processor.py:183} INFO - Processing /home/airflow/.local/lib/python3.8/site-packages/airflow/example_dags/tutorial.py took 0.181 seconds
[2025-06-25T09:18:24.036+0000] {processor.py:161} INFO - Started process (PID=1888) to work on /home/airflow/.local/lib/python3.8/site-packages/airflow/example_dags/tutorial.py
[2025-06-25T09:18:24.038+0000] {processor.py:830} INFO - Processing file /home/airflow/.local/lib/python3.8/site-packages/airflow/example_dags/tutorial.py for tasks to queue
[2025-06-25T09:18:24.041+0000] {logging_mixin.py:188} INFO - [2025-06-25T09:18:24.041+0000] {dagbag.py:538} INFO - Filling up the DagBag from /home/airflow/.local/lib/python3.8/site-packages/airflow/example_dags/tutorial.py
[2025-06-25T09:18:24.053+0000] {processor.py:840} INFO - DAG(s) 'tutorial' retrieved from /home/airflow/.local/lib/python3.8/site-packages/airflow/example_dags/tutorial.py
[2025-06-25T09:18:24.105+0000] {logging_mixin.py:188} INFO - [2025-06-25T09:18:24.104+0000] {dag.py:3036} INFO - Sync 1 DAGs
[2025-06-25T09:18:24.158+0000] {logging_mixin.py:188} INFO - [2025-06-25T09:18:24.157+0000] {dag.py:3823} INFO - Setting next_dagrun for tutorial to 2025-06-24 00:00:00+00:00, run_after=2025-06-25 00:00:00+00:00
[2025-06-25T09:18:24.198+0000] {processor.py:183} INFO - Processing /home/airflow/.local/lib/python3.8/site-packages/airflow/example_dags/tutorial.py took 0.168 seconds
[2025-06-25T09:18:54.984+0000] {processor.py:161} INFO - Started process (PID=1953) to work on /home/airflow/.local/lib/python3.8/site-packages/airflow/example_dags/tutorial.py
[2025-06-25T09:18:54.987+0000] {processor.py:830} INFO - Processing file /home/airflow/.local/lib/python3.8/site-packages/airflow/example_dags/tutorial.py for tasks to queue
[2025-06-25T09:18:54.990+0000] {logging_mixin.py:188} INFO - [2025-06-25T09:18:54.990+0000] {dagbag.py:538} INFO - Filling up the DagBag from /home/airflow/.local/lib/python3.8/site-packages/airflow/example_dags/tutorial.py
[2025-06-25T09:18:55.002+0000] {processor.py:840} INFO - DAG(s) 'tutorial' retrieved from /home/airflow/.local/lib/python3.8/site-packages/airflow/example_dags/tutorial.py
[2025-06-25T09:18:55.044+0000] {logging_mixin.py:188} INFO - [2025-06-25T09:18:55.043+0000] {dag.py:3036} INFO - Sync 1 DAGs
[2025-06-25T09:18:55.092+0000] {logging_mixin.py:188} INFO - [2025-06-25T09:18:55.092+0000] {dag.py:3823} INFO - Setting next_dagrun for tutorial to 2025-06-24 00:00:00+00:00, run_after=2025-06-25 00:00:00+00:00
[2025-06-25T09:18:55.131+0000] {processor.py:183} INFO - Processing /home/airflow/.local/lib/python3.8/site-packages/airflow/example_dags/tutorial.py took 0.153 seconds
[2025-06-25T09:19:25.694+0000] {processor.py:161} INFO - Started process (PID=2018) to work on /home/airflow/.local/lib/python3.8/site-packages/airflow/example_dags/tutorial.py
[2025-06-25T09:19:25.696+0000] {processor.py:830} INFO - Processing file /home/airflow/.local/lib/python3.8/site-packages/airflow/example_dags/tutorial.py for tasks to queue
[2025-06-25T09:19:25.699+0000] {logging_mixin.py:188} INFO - [2025-06-25T09:19:25.698+0000] {dagbag.py:538} INFO - Filling up the DagBag from /home/airflow/.local/lib/python3.8/site-packages/airflow/example_dags/tutorial.py
[2025-06-25T09:19:25.712+0000] {processor.py:840} INFO - DAG(s) 'tutorial' retrieved from /home/airflow/.local/lib/python3.8/site-packages/airflow/example_dags/tutorial.py
[2025-06-25T09:19:25.763+0000] {logging_mixin.py:188} INFO - [2025-06-25T09:19:25.763+0000] {dag.py:3036} INFO - Sync 1 DAGs
[2025-06-25T09:19:25.808+0000] {logging_mixin.py:188} INFO - [2025-06-25T09:19:25.808+0000] {dag.py:3823} INFO - Setting next_dagrun for tutorial to 2025-06-24 00:00:00+00:00, run_after=2025-06-25 00:00:00+00:00
[2025-06-25T09:19:25.847+0000] {processor.py:183} INFO - Processing /home/airflow/.local/lib/python3.8/site-packages/airflow/example_dags/tutorial.py took 0.160 seconds
[2025-06-25T09:19:56.245+0000] {processor.py:161} INFO - Started process (PID=2090) to work on /home/airflow/.local/lib/python3.8/site-packages/airflow/example_dags/tutorial.py
[2025-06-25T09:19:56.247+0000] {processor.py:830} INFO - Processing file /home/airflow/.local/lib/python3.8/site-packages/airflow/example_dags/tutorial.py for tasks to queue
[2025-06-25T09:19:56.250+0000] {logging_mixin.py:188} INFO - [2025-06-25T09:19:56.249+0000] {dagbag.py:538} INFO - Filling up the DagBag from /home/airflow/.local/lib/python3.8/site-packages/airflow/example_dags/tutorial.py
[2025-06-25T09:19:56.258+0000] {processor.py:840} INFO - DAG(s) 'tutorial' retrieved from /home/airflow/.local/lib/python3.8/site-packages/airflow/example_dags/tutorial.py
[2025-06-25T09:19:56.289+0000] {logging_mixin.py:188} INFO - [2025-06-25T09:19:56.289+0000] {dag.py:3036} INFO - Sync 1 DAGs
[2025-06-25T09:19:56.333+0000] {logging_mixin.py:188} INFO - [2025-06-25T09:19:56.332+0000] {dag.py:3823} INFO - Setting next_dagrun for tutorial to 2025-06-24 00:00:00+00:00, run_after=2025-06-25 00:00:00+00:00
[2025-06-25T09:19:56.369+0000] {processor.py:183} INFO - Processing /home/airflow/.local/lib/python3.8/site-packages/airflow/example_dags/tutorial.py took 0.129 seconds
[2025-06-25T09:20:27.044+0000] {processor.py:161} INFO - Started process (PID=2156) to work on /home/airflow/.local/lib/python3.8/site-packages/airflow/example_dags/tutorial.py
[2025-06-25T09:20:27.045+0000] {processor.py:830} INFO - Processing file /home/airflow/.local/lib/python3.8/site-packages/airflow/example_dags/tutorial.py for tasks to queue
[2025-06-25T09:20:27.048+0000] {logging_mixin.py:188} INFO - [2025-06-25T09:20:27.047+0000] {dagbag.py:538} INFO - Filling up the DagBag from /home/airflow/.local/lib/python3.8/site-packages/airflow/example_dags/tutorial.py
[2025-06-25T09:20:27.056+0000] {processor.py:840} INFO - DAG(s) 'tutorial' retrieved from /home/airflow/.local/lib/python3.8/site-packages/airflow/example_dags/tutorial.py
[2025-06-25T09:20:27.094+0000] {logging_mixin.py:188} INFO - [2025-06-25T09:20:27.093+0000] {dag.py:3036} INFO - Sync 1 DAGs
[2025-06-25T09:20:27.137+0000] {logging_mixin.py:188} INFO - [2025-06-25T09:20:27.136+0000] {dag.py:3823} INFO - Setting next_dagrun for tutorial to 2025-06-24 00:00:00+00:00, run_after=2025-06-25 00:00:00+00:00
[2025-06-25T09:20:27.168+0000] {processor.py:183} INFO - Processing /home/airflow/.local/lib/python3.8/site-packages/airflow/example_dags/tutorial.py took 0.130 seconds
[2025-06-25T09:20:57.940+0000] {processor.py:161} INFO - Started process (PID=2221) to work on /home/airflow/.local/lib/python3.8/site-packages/airflow/example_dags/tutorial.py
[2025-06-25T09:20:57.942+0000] {processor.py:830} INFO - Processing file /home/airflow/.local/lib/python3.8/site-packages/airflow/example_dags/tutorial.py for tasks to queue
[2025-06-25T09:20:57.945+0000] {logging_mixin.py:188} INFO - [2025-06-25T09:20:57.944+0000] {dagbag.py:538} INFO - Filling up the DagBag from /home/airflow/.local/lib/python3.8/site-packages/airflow/example_dags/tutorial.py
[2025-06-25T09:20:57.953+0000] {processor.py:840} INFO - DAG(s) 'tutorial' retrieved from /home/airflow/.local/lib/python3.8/site-packages/airflow/example_dags/tutorial.py
[2025-06-25T09:20:57.985+0000] {logging_mixin.py:188} INFO - [2025-06-25T09:20:57.984+0000] {dag.py:3036} INFO - Sync 1 DAGs
[2025-06-25T09:20:58.023+0000] {logging_mixin.py:188} INFO - [2025-06-25T09:20:58.022+0000] {dag.py:3823} INFO - Setting next_dagrun for tutorial to 2025-06-24 00:00:00+00:00, run_after=2025-06-25 00:00:00+00:00
[2025-06-25T09:20:58.053+0000] {processor.py:183} INFO - Processing /home/airflow/.local/lib/python3.8/site-packages/airflow/example_dags/tutorial.py took 0.117 seconds
[2025-06-25T09:21:28.345+0000] {processor.py:161} INFO - Started process (PID=2286) to work on /home/airflow/.local/lib/python3.8/site-packages/airflow/example_dags/tutorial.py
[2025-06-25T09:21:28.347+0000] {processor.py:830} INFO - Processing file /home/airflow/.local/lib/python3.8/site-packages/airflow/example_dags/tutorial.py for tasks to queue
[2025-06-25T09:21:28.349+0000] {logging_mixin.py:188} INFO - [2025-06-25T09:21:28.349+0000] {dagbag.py:538} INFO - Filling up the DagBag from /home/airflow/.local/lib/python3.8/site-packages/airflow/example_dags/tutorial.py
[2025-06-25T09:21:28.358+0000] {processor.py:840} INFO - DAG(s) 'tutorial' retrieved from /home/airflow/.local/lib/python3.8/site-packages/airflow/example_dags/tutorial.py
[2025-06-25T09:21:28.389+0000] {logging_mixin.py:188} INFO - [2025-06-25T09:21:28.389+0000] {dag.py:3036} INFO - Sync 1 DAGs
[2025-06-25T09:21:28.423+0000] {logging_mixin.py:188} INFO - [2025-06-25T09:21:28.422+0000] {dag.py:3823} INFO - Setting next_dagrun for tutorial to 2025-06-24 00:00:00+00:00, run_after=2025-06-25 00:00:00+00:00
[2025-06-25T09:21:28.455+0000] {processor.py:183} INFO - Processing /home/airflow/.local/lib/python3.8/site-packages/airflow/example_dags/tutorial.py took 0.115 seconds
